[0.043s] Invoking command in '/home/nuctella/my_ros2_ws/build/core': CMAKE_PREFIX_PATH=${CMAKE_PREFIX_PATH}:/home/nuctella/my_ros2_ws/install/rosbot_object_recognition:/opt/ros/humble /usr/bin/cmake --build /home/nuctella/my_ros2_ws/build/core -- -j20 -l20
[0.074s] -- Found ament_cmake: 1.3.5 (/opt/ros/humble/share/ament_cmake/cmake)
[0.167s] -- Found rclcpp: 16.0.6 (/opt/ros/humble/share/rclcpp/cmake)
[0.188s] -- Found rosidl_generator_c: 3.1.5 (/opt/ros/humble/share/rosidl_generator_c/cmake)
[0.190s] -- Found rosidl_adapter: 3.1.5 (/opt/ros/humble/share/rosidl_adapter/cmake)
[0.195s] -- Found rosidl_generator_cpp: 3.1.5 (/opt/ros/humble/share/rosidl_generator_cpp/cmake)
[0.204s] -- Using all available rosidl_typesupport_c: rosidl_typesupport_fastrtps_c;rosidl_typesupport_introspection_c
[0.215s] -- Using all available rosidl_typesupport_cpp: rosidl_typesupport_fastrtps_cpp;rosidl_typesupport_introspection_cpp
[0.253s] -- Found rmw_implementation_cmake: 6.1.1 (/opt/ros/humble/share/rmw_implementation_cmake/cmake)
[0.255s] -- Found rmw_fastrtps_cpp: 6.2.4 (/opt/ros/humble/share/rmw_fastrtps_cpp/cmake)
[0.347s] -- Using RMW implementation 'rmw_fastrtps_cpp' as default
[0.442s] -- Found rclpy: 3.3.10 (/opt/ros/humble/share/rclpy/cmake)
[0.442s] -- Found sensor_msgs: 4.2.3 (/opt/ros/humble/share/sensor_msgs/cmake)
[0.553s] -- Found ament_lint_auto: 0.12.8 (/opt/ros/humble/share/ament_lint_auto/cmake)
[0.594s] -- Added test 'cppcheck' to perform static code analysis on C / C++ code
[0.595s] -- Configured cppcheck include dirs: /home/nuctella/my_ros2_ws/src/core/include
[0.595s] -- Configured cppcheck exclude dirs and/or files: 
[0.595s] -- Added test 'flake8' to check Python code syntax and style conventions
[0.595s] -- Added test 'lint_cmake' to check CMake code style
[0.595s] -- Added test 'pep257' to check Python code against some of the docstring style conventions in PEP 257
[0.596s] -- Added test 'uncrustify' to check C / C++ code style
[0.596s] -- Configured uncrustify additional arguments: 
[0.596s] -- Added test 'xmllint' to check XML markup files
[0.597s] -- Configuring done
[0.605s] -- Generating done
[0.606s] -- Build files have been written to: /home/nuctella/my_ros2_ws/build/core
[0.622s] [35m[1mConsolidate compiler generated dependencies of target monitor_battery[0m
[0.632s] [  0%] Built target ament_cmake_python_copy_core
[0.642s] [100%] Built target monitor_battery
[0.731s] running egg_info
[0.738s] writing core.egg-info/PKG-INFO
[0.738s] writing dependency_links to core.egg-info/dependency_links.txt
[0.738s] writing top-level names to core.egg-info/top_level.txt
[0.757s] reading manifest file 'core.egg-info/SOURCES.txt'
[0.757s] writing manifest file 'core.egg-info/SOURCES.txt'
[0.772s] [100%] Built target ament_cmake_python_build_core_egg
[0.779s] Invoked command in '/home/nuctella/my_ros2_ws/build/core' returned '0': CMAKE_PREFIX_PATH=${CMAKE_PREFIX_PATH}:/home/nuctella/my_ros2_ws/install/rosbot_object_recognition:/opt/ros/humble /usr/bin/cmake --build /home/nuctella/my_ros2_ws/build/core -- -j20 -l20
[0.800s] Invoking command in '/home/nuctella/my_ros2_ws/build/core': CMAKE_PREFIX_PATH=${CMAKE_PREFIX_PATH}:/home/nuctella/my_ros2_ws/install/rosbot_object_recognition:/opt/ros/humble /usr/bin/cmake --install /home/nuctella/my_ros2_ws/build/core
[0.804s] -- Install configuration: ""
[0.804s] -- Up-to-date: /home/nuctella/my_ros2_ws/install/core/lib/core/monitor_battery
[0.804s] [31mCMake Error at cmake_install.cmake:66 (file):
[0.805s]   file INSTALL cannot find "/home/nuctella/my_ros2_ws/src/core/include": No
[0.805s]   such file or directory.
[0.805s] 
[0.805s] [0m
[0.805s] Invoked command in '/home/nuctella/my_ros2_ws/build/core' returned '1': CMAKE_PREFIX_PATH=${CMAKE_PREFIX_PATH}:/home/nuctella/my_ros2_ws/install/rosbot_object_recognition:/opt/ros/humble /usr/bin/cmake --install /home/nuctella/my_ros2_ws/build/core
