[0.042s] Invoking command in '/home/nuctella/ros2_ws/ws/build/ign_ros2_control_demos': CMAKE_PREFIX_PATH=/home/nuctella/ros2_ws/ws/install/ign_ros2_control:/home/nuctella/my_ros2_ws/install/rosbot_interfaces:/home/nuctella/my_ros2_ws/install/core:/home/nuctella/ros2_ws/ws/install/uav_single_gazebo:/home/nuctella/ros2_ws/ws/install/rosbot_xl:/home/nuctella/ros2_ws/ws/install/rosbot_xl_gazebo:/home/nuctella/ros2_ws/ws/install/rosbot_xl_bringup:/home/nuctella/ros2_ws/ws/install/rosbot_xl_controller:/home/nuctella/ros2_ws/ws/install/rosbot_xl_description:/home/nuctella/ros2_ws/ws/install/rosbot_hardware_interfaces:/home/nuctella/ros2_ws/ws/install/ros_components_description:/home/nuctella/ros2_ws/ws/install/mecanum_drive_controller:/home/nuctella/ros2_ws/ws/install/ign_ros2_control_demos:/home/nuctella/ros2_ws/ws/install/husarion_office_gz:/home/nuctella/ros2_ws/deps/install/sllidar_ros2:/home/nuctella/ros2_ws/deps/install/micro_ros_setup:/home/nuctella/ros2_ws/deps/install/micro_ros_agent:/home/nuctella/ros2_ws/deps/install/micro_ros_msgs:/home/nuctella/my_ros2_ws/install/rosbot_object_recognition:/opt/ros/humble LD_LIBRARY_PATH=/home/nuctella/ros2_ws/ws/install/ign_ros2_control/lib:/home/nuctella/my_ros2_ws/install/rosbot_interfaces/lib:/home/nuctella/ros2_ws/ws/install/rosbot_hardware_interfaces/lib:/home/nuctella/ros2_ws/ws/install/mecanum_drive_controller/lib:/home/nuctella/ros2_ws/deps/install/micro_ros_agent/lib:/home/nuctella/ros2_ws/deps/install/micro_ros_msgs/lib:/opt/ros/humble/opt/rviz_ogre_vendor/lib:/opt/ros/humble/lib/x86_64-linux-gnu:/opt/ros/humble/lib /usr/bin/cmake /home/nuctella/ros2_ws/ws/src/gazebosim/gz_ros2_control/ign_ros2_control_demos -DCMAKE_INSTALL_PREFIX=/home/nuctella/ros2_ws/ws/install/ign_ros2_control_demos
[0.074s] -- The C compiler identification is GNU 11.4.0
[0.109s] -- The CXX compiler identification is GNU 11.4.0
[0.113s] -- Detecting C compiler ABI info
[0.153s] -- Detecting C compiler ABI info - done
[0.158s] -- Check for working C compiler: /usr/bin/cc - skipped
[0.158s] -- Detecting C compile features
[0.158s] -- Detecting C compile features - done
[0.160s] -- Detecting CXX compiler ABI info
[0.206s] -- Detecting CXX compiler ABI info - done
[0.211s] -- Check for working CXX compiler: /usr/bin/c++ - skipped
[0.211s] -- Detecting CXX compile features
[0.212s] -- Detecting CXX compile features - done
[0.214s] -- Found ament_cmake: 1.3.5 (/opt/ros/humble/share/ament_cmake/cmake)
[0.425s] -- Found Python3: /usr/bin/python3.10 (found version "3.10.12") found components: Interpreter 
[0.488s] -- Found control_msgs: 4.4.0 (/opt/ros/humble/share/control_msgs/cmake)
[0.518s] -- Found rosidl_generator_c: 3.1.5 (/opt/ros/humble/share/rosidl_generator_c/cmake)
[0.522s] -- Found rosidl_adapter: 3.1.5 (/opt/ros/humble/share/rosidl_adapter/cmake)
[0.528s] -- Found rosidl_generator_cpp: 3.1.5 (/opt/ros/humble/share/rosidl_generator_cpp/cmake)
[0.538s] -- Using all available rosidl_typesupport_c: rosidl_typesupport_fastrtps_c;rosidl_typesupport_introspection_c
[0.551s] -- Using all available rosidl_typesupport_cpp: rosidl_typesupport_fastrtps_cpp;rosidl_typesupport_introspection_cpp
[0.877s] -- Found rclcpp: 16.0.6 (/opt/ros/humble/share/rclcpp/cmake)
[0.920s] -- Found rmw_implementation_cmake: 6.1.1 (/opt/ros/humble/share/rmw_implementation_cmake/cmake)
[0.923s] -- Found rmw_fastrtps_cpp: 6.2.4 (/opt/ros/humble/share/rmw_fastrtps_cpp/cmake)
[0.990s] -- Found OpenSSL: /usr/lib/x86_64-linux-gnu/libcrypto.so (found version "3.0.2")  
[1.012s] -- Found FastRTPS: /opt/ros/humble/include  
[1.049s] -- Using RMW implementation 'rmw_fastrtps_cpp' as default
[1.057s] -- Looking for pthread.h
[1.098s] -- Looking for pthread.h - found
[1.099s] -- Performing Test CMAKE_HAVE_LIBC_PTHREAD
[1.141s] -- Performing Test CMAKE_HAVE_LIBC_PTHREAD - Success
[1.141s] -- Found Threads: TRUE  
[1.218s] -- Found rclcpp_action: 16.0.6 (/opt/ros/humble/share/rclcpp_action/cmake)
[1.254s] -- Found ament_cmake_gtest: 1.3.5 (/opt/ros/humble/share/ament_cmake_gtest/cmake)
[1.258s] -- Found ament_lint_auto: 0.12.8 (/opt/ros/humble/share/ament_lint_auto/cmake)
[1.314s] -- Added test 'copyright' to check source files copyright and LICENSE
[1.316s] -- Added test 'cppcheck' to perform static code analysis on C / C++ code
[1.316s] -- Configured cppcheck include dirs: 
[1.316s] -- Configured cppcheck exclude dirs and/or files: 
[1.317s] -- Added test 'cpplint' to check C / C++ code against the Google style
[1.317s] -- Configured cpplint exclude dirs and/or files: 
[1.317s] -- Added test 'flake8' to check Python code syntax and style conventions
[1.318s] -- Added test 'lint_cmake' to check CMake code style
[1.318s] -- Added test 'pep257' to check Python code against some of the docstring style conventions in PEP 257
[1.319s] -- Added test 'uncrustify' to check C / C++ code style
[1.319s] -- Configured uncrustify additional arguments: 
[1.319s] -- Added test 'xmllint' to check XML markup files
[1.320s] -- Configuring done
[1.334s] -- Generating done
[1.335s] -- Build files have been written to: /home/nuctella/ros2_ws/ws/build/ign_ros2_control_demos
[1.342s] Invoked command in '/home/nuctella/ros2_ws/ws/build/ign_ros2_control_demos' returned '0': CMAKE_PREFIX_PATH=/home/nuctella/ros2_ws/ws/install/ign_ros2_control:/home/nuctella/my_ros2_ws/install/rosbot_interfaces:/home/nuctella/my_ros2_ws/install/core:/home/nuctella/ros2_ws/ws/install/uav_single_gazebo:/home/nuctella/ros2_ws/ws/install/rosbot_xl:/home/nuctella/ros2_ws/ws/install/rosbot_xl_gazebo:/home/nuctella/ros2_ws/ws/install/rosbot_xl_bringup:/home/nuctella/ros2_ws/ws/install/rosbot_xl_controller:/home/nuctella/ros2_ws/ws/install/rosbot_xl_description:/home/nuctella/ros2_ws/ws/install/rosbot_hardware_interfaces:/home/nuctella/ros2_ws/ws/install/ros_components_description:/home/nuctella/ros2_ws/ws/install/mecanum_drive_controller:/home/nuctella/ros2_ws/ws/install/ign_ros2_control_demos:/home/nuctella/ros2_ws/ws/install/husarion_office_gz:/home/nuctella/ros2_ws/deps/install/sllidar_ros2:/home/nuctella/ros2_ws/deps/install/micro_ros_setup:/home/nuctella/ros2_ws/deps/install/micro_ros_agent:/home/nuctella/ros2_ws/deps/install/micro_ros_msgs:/home/nuctella/my_ros2_ws/install/rosbot_object_recognition:/opt/ros/humble LD_LIBRARY_PATH=/home/nuctella/ros2_ws/ws/install/ign_ros2_control/lib:/home/nuctella/my_ros2_ws/install/rosbot_interfaces/lib:/home/nuctella/ros2_ws/ws/install/rosbot_hardware_interfaces/lib:/home/nuctella/ros2_ws/ws/install/mecanum_drive_controller/lib:/home/nuctella/ros2_ws/deps/install/micro_ros_agent/lib:/home/nuctella/ros2_ws/deps/install/micro_ros_msgs/lib:/opt/ros/humble/opt/rviz_ogre_vendor/lib:/opt/ros/humble/lib/x86_64-linux-gnu:/opt/ros/humble/lib /usr/bin/cmake /home/nuctella/ros2_ws/ws/src/gazebosim/gz_ros2_control/ign_ros2_control_demos -DCMAKE_INSTALL_PREFIX=/home/nuctella/ros2_ws/ws/install/ign_ros2_control_demos
[1.343s] Invoking command in '/home/nuctella/ros2_ws/ws/build/ign_ros2_control_demos': CMAKE_PREFIX_PATH=/home/nuctella/ros2_ws/ws/install/ign_ros2_control:/home/nuctella/my_ros2_ws/install/rosbot_interfaces:/home/nuctella/my_ros2_ws/install/core:/home/nuctella/ros2_ws/ws/install/uav_single_gazebo:/home/nuctella/ros2_ws/ws/install/rosbot_xl:/home/nuctella/ros2_ws/ws/install/rosbot_xl_gazebo:/home/nuctella/ros2_ws/ws/install/rosbot_xl_bringup:/home/nuctella/ros2_ws/ws/install/rosbot_xl_controller:/home/nuctella/ros2_ws/ws/install/rosbot_xl_description:/home/nuctella/ros2_ws/ws/install/rosbot_hardware_interfaces:/home/nuctella/ros2_ws/ws/install/ros_components_description:/home/nuctella/ros2_ws/ws/install/mecanum_drive_controller:/home/nuctella/ros2_ws/ws/install/ign_ros2_control_demos:/home/nuctella/ros2_ws/ws/install/husarion_office_gz:/home/nuctella/ros2_ws/deps/install/sllidar_ros2:/home/nuctella/ros2_ws/deps/install/micro_ros_setup:/home/nuctella/ros2_ws/deps/install/micro_ros_agent:/home/nuctella/ros2_ws/deps/install/micro_ros_msgs:/home/nuctella/my_ros2_ws/install/rosbot_object_recognition:/opt/ros/humble LD_LIBRARY_PATH=/home/nuctella/ros2_ws/ws/install/ign_ros2_control/lib:/home/nuctella/my_ros2_ws/install/rosbot_interfaces/lib:/home/nuctella/ros2_ws/ws/install/rosbot_hardware_interfaces/lib:/home/nuctella/ros2_ws/ws/install/mecanum_drive_controller/lib:/home/nuctella/ros2_ws/deps/install/micro_ros_agent/lib:/home/nuctella/ros2_ws/deps/install/micro_ros_msgs/lib:/opt/ros/humble/opt/rviz_ogre_vendor/lib:/opt/ros/humble/lib/x86_64-linux-gnu:/opt/ros/humble/lib /usr/bin/cmake --build /home/nuctella/ros2_ws/ws/build/ign_ros2_control_demos -- -j20 -l20
[1.374s] [ 16%] [32mBuilding CXX object CMakeFiles/example_position.dir/examples/example_position.cpp.o[0m
[1.374s] [ 16%] [32mBuilding CXX object CMakeFiles/example_effort.dir/examples/example_effort.cpp.o[0m
[1.374s] [ 25%] [32mBuilding CXX object CMakeFiles/example_diff_drive.dir/examples/example_diff_drive.cpp.o[0m
[1.375s] [ 33%] [32mBuilding CXX object CMakeFiles/example_gripper.dir/examples/example_gripper.cpp.o[0m
[1.375s] [ 41%] [32mBuilding CXX object CMakeFiles/example_velocity.dir/examples/example_velocity.cpp.o[0m
[1.376s] [ 50%] [32mBuilding CXX object CMakeFiles/example_tricycle_drive.dir/examples/example_tricycle_drive.cpp.o[0m
[4.050s] [ 58%] [32m[1mLinking CXX executable example_effort[0m
[4.058s] [ 66%] [32m[1mLinking CXX executable example_velocity[0m
[4.066s] [ 83%] [32m[1mLinking CXX executable example_diff_drive[0m
[4.066s] [ 83%] [32m[1mLinking CXX executable example_tricycle_drive[0m
[4.087s] [ 91%] [32m[1mLinking CXX executable example_gripper[0m
[4.191s] [ 91%] Built target example_velocity
[4.191s] [ 91%] Built target example_effort
[4.202s] [ 91%] Built target example_tricycle_drive
[4.202s] [ 91%] Built target example_diff_drive
[4.211s] [ 91%] Built target example_gripper
[4.326s] [100%] [32m[1mLinking CXX executable example_position[0m
[4.439s] [100%] Built target example_position
[4.450s] Invoked command in '/home/nuctella/ros2_ws/ws/build/ign_ros2_control_demos' returned '0': CMAKE_PREFIX_PATH=/home/nuctella/ros2_ws/ws/install/ign_ros2_control:/home/nuctella/my_ros2_ws/install/rosbot_interfaces:/home/nuctella/my_ros2_ws/install/core:/home/nuctella/ros2_ws/ws/install/uav_single_gazebo:/home/nuctella/ros2_ws/ws/install/rosbot_xl:/home/nuctella/ros2_ws/ws/install/rosbot_xl_gazebo:/home/nuctella/ros2_ws/ws/install/rosbot_xl_bringup:/home/nuctella/ros2_ws/ws/install/rosbot_xl_controller:/home/nuctella/ros2_ws/ws/install/rosbot_xl_description:/home/nuctella/ros2_ws/ws/install/rosbot_hardware_interfaces:/home/nuctella/ros2_ws/ws/install/ros_components_description:/home/nuctella/ros2_ws/ws/install/mecanum_drive_controller:/home/nuctella/ros2_ws/ws/install/ign_ros2_control_demos:/home/nuctella/ros2_ws/ws/install/husarion_office_gz:/home/nuctella/ros2_ws/deps/install/sllidar_ros2:/home/nuctella/ros2_ws/deps/install/micro_ros_setup:/home/nuctella/ros2_ws/deps/install/micro_ros_agent:/home/nuctella/ros2_ws/deps/install/micro_ros_msgs:/home/nuctella/my_ros2_ws/install/rosbot_object_recognition:/opt/ros/humble LD_LIBRARY_PATH=/home/nuctella/ros2_ws/ws/install/ign_ros2_control/lib:/home/nuctella/my_ros2_ws/install/rosbot_interfaces/lib:/home/nuctella/ros2_ws/ws/install/rosbot_hardware_interfaces/lib:/home/nuctella/ros2_ws/ws/install/mecanum_drive_controller/lib:/home/nuctella/ros2_ws/deps/install/micro_ros_agent/lib:/home/nuctella/ros2_ws/deps/install/micro_ros_msgs/lib:/opt/ros/humble/opt/rviz_ogre_vendor/lib:/opt/ros/humble/lib/x86_64-linux-gnu:/opt/ros/humble/lib /usr/bin/cmake --build /home/nuctella/ros2_ws/ws/build/ign_ros2_control_demos -- -j20 -l20
[4.474s] Invoking command in '/home/nuctella/ros2_ws/ws/build/ign_ros2_control_demos': CMAKE_PREFIX_PATH=/home/nuctella/ros2_ws/ws/install/ign_ros2_control:/home/nuctella/my_ros2_ws/install/rosbot_interfaces:/home/nuctella/my_ros2_ws/install/core:/home/nuctella/ros2_ws/ws/install/uav_single_gazebo:/home/nuctella/ros2_ws/ws/install/rosbot_xl:/home/nuctella/ros2_ws/ws/install/rosbot_xl_gazebo:/home/nuctella/ros2_ws/ws/install/rosbot_xl_bringup:/home/nuctella/ros2_ws/ws/install/rosbot_xl_controller:/home/nuctella/ros2_ws/ws/install/rosbot_xl_description:/home/nuctella/ros2_ws/ws/install/rosbot_hardware_interfaces:/home/nuctella/ros2_ws/ws/install/ros_components_description:/home/nuctella/ros2_ws/ws/install/mecanum_drive_controller:/home/nuctella/ros2_ws/ws/install/ign_ros2_control_demos:/home/nuctella/ros2_ws/ws/install/husarion_office_gz:/home/nuctella/ros2_ws/deps/install/sllidar_ros2:/home/nuctella/ros2_ws/deps/install/micro_ros_setup:/home/nuctella/ros2_ws/deps/install/micro_ros_agent:/home/nuctella/ros2_ws/deps/install/micro_ros_msgs:/home/nuctella/my_ros2_ws/install/rosbot_object_recognition:/opt/ros/humble LD_LIBRARY_PATH=/home/nuctella/ros2_ws/ws/install/ign_ros2_control/lib:/home/nuctella/my_ros2_ws/install/rosbot_interfaces/lib:/home/nuctella/ros2_ws/ws/install/rosbot_hardware_interfaces/lib:/home/nuctella/ros2_ws/ws/install/mecanum_drive_controller/lib:/home/nuctella/ros2_ws/deps/install/micro_ros_agent/lib:/home/nuctella/ros2_ws/deps/install/micro_ros_msgs/lib:/opt/ros/humble/opt/rviz_ogre_vendor/lib:/opt/ros/humble/lib/x86_64-linux-gnu:/opt/ros/humble/lib /usr/bin/cmake --install /home/nuctella/ros2_ws/ws/build/ign_ros2_control_demos
[4.478s] -- Install configuration: ""
[4.478s] -- Installing: /home/nuctella/ros2_ws/ws/install/ign_ros2_control_demos/share/ign_ros2_control_demos//launch
[4.478s] -- Installing: /home/nuctella/ros2_ws/ws/install/ign_ros2_control_demos/share/ign_ros2_control_demos//launch/diff_drive_example.launch.py
[4.478s] -- Installing: /home/nuctella/ros2_ws/ws/install/ign_ros2_control_demos/share/ign_ros2_control_demos//launch/gripper_mimic_joint_example.launch.py
[4.478s] -- Installing: /home/nuctella/ros2_ws/ws/install/ign_ros2_control_demos/share/ign_ros2_control_demos//launch/cart_example_position.launch.py
[4.478s] -- Installing: /home/nuctella/ros2_ws/ws/install/ign_ros2_control_demos/share/ign_ros2_control_demos//launch/tricycle_drive_example.launch.py
[4.478s] -- Installing: /home/nuctella/ros2_ws/ws/install/ign_ros2_control_demos/share/ign_ros2_control_demos//launch/cart_example_velocity.launch.py
[4.478s] -- Installing: /home/nuctella/ros2_ws/ws/install/ign_ros2_control_demos/share/ign_ros2_control_demos//launch/cart_example_effort.launch.py
[4.479s] -- Installing: /home/nuctella/ros2_ws/ws/install/ign_ros2_control_demos/share/ign_ros2_control_demos//config
[4.479s] -- Installing: /home/nuctella/ros2_ws/ws/install/ign_ros2_control_demos/share/ign_ros2_control_demos//config/cartpole_controller_position.yaml
[4.479s] -- Installing: /home/nuctella/ros2_ws/ws/install/ign_ros2_control_demos/share/ign_ros2_control_demos//config/gripper_controller.yaml
[4.479s] -- Installing: /home/nuctella/ros2_ws/ws/install/ign_ros2_control_demos/share/ign_ros2_control_demos//config/tricycle_drive_controller.yaml
[4.479s] -- Installing: /home/nuctella/ros2_ws/ws/install/ign_ros2_control_demos/share/ign_ros2_control_demos//config/cartpole_controller_effort.yaml
[4.479s] -- Installing: /home/nuctella/ros2_ws/ws/install/ign_ros2_control_demos/share/ign_ros2_control_demos//config/diff_drive_controller_velocity.yaml
[4.479s] -- Installing: /home/nuctella/ros2_ws/ws/install/ign_ros2_control_demos/share/ign_ros2_control_demos//config/cartpole_controller_velocity.yaml
[4.479s] -- Installing: /home/nuctella/ros2_ws/ws/install/ign_ros2_control_demos/share/ign_ros2_control_demos//urdf
[4.479s] -- Installing: /home/nuctella/ros2_ws/ws/install/ign_ros2_control_demos/share/ign_ros2_control_demos//urdf/test_diff_drive.xacro.urdf
[4.479s] -- Installing: /home/nuctella/ros2_ws/ws/install/ign_ros2_control_demos/share/ign_ros2_control_demos//urdf/test_cart_effort.xacro.urdf
[4.479s] -- Installing: /home/nuctella/ros2_ws/ws/install/ign_ros2_control_demos/share/ign_ros2_control_demos//urdf/test_tricycle_drive.xacro.urdf
[4.479s] -- Installing: /home/nuctella/ros2_ws/ws/install/ign_ros2_control_demos/share/ign_ros2_control_demos//urdf/test_gripper_mimic_joint.xacro.urdf
[4.479s] -- Installing: /home/nuctella/ros2_ws/ws/install/ign_ros2_control_demos/share/ign_ros2_control_demos//urdf/test_cart_position.xacro.urdf
[4.479s] -- Installing: /home/nuctella/ros2_ws/ws/install/ign_ros2_control_demos/share/ign_ros2_control_demos//urdf/test_cart_velocity.xacro.urdf
[4.480s] -- Installing: /home/nuctella/ros2_ws/ws/install/ign_ros2_control_demos/lib/ign_ros2_control_demos/example_position
[4.480s] -- Set runtime path of "/home/nuctella/ros2_ws/ws/install/ign_ros2_control_demos/lib/ign_ros2_control_demos/example_position" to ""
[4.480s] -- Installing: /home/nuctella/ros2_ws/ws/install/ign_ros2_control_demos/lib/ign_ros2_control_demos/example_velocity
[4.481s] -- Set runtime path of "/home/nuctella/ros2_ws/ws/install/ign_ros2_control_demos/lib/ign_ros2_control_demos/example_velocity" to ""
[4.481s] -- Installing: /home/nuctella/ros2_ws/ws/install/ign_ros2_control_demos/lib/ign_ros2_control_demos/example_effort
[4.481s] -- Set runtime path of "/home/nuctella/ros2_ws/ws/install/ign_ros2_control_demos/lib/ign_ros2_control_demos/example_effort" to ""
[4.481s] -- Installing: /home/nuctella/ros2_ws/ws/install/ign_ros2_control_demos/lib/ign_ros2_control_demos/example_diff_drive
[4.482s] -- Set runtime path of "/home/nuctella/ros2_ws/ws/install/ign_ros2_control_demos/lib/ign_ros2_control_demos/example_diff_drive" to ""
[4.482s] -- Installing: /home/nuctella/ros2_ws/ws/install/ign_ros2_control_demos/lib/ign_ros2_control_demos/example_tricycle_drive
[4.482s] -- Set runtime path of "/home/nuctella/ros2_ws/ws/install/ign_ros2_control_demos/lib/ign_ros2_control_demos/example_tricycle_drive" to ""
[4.482s] -- Installing: /home/nuctella/ros2_ws/ws/install/ign_ros2_control_demos/lib/ign_ros2_control_demos/example_gripper
[4.483s] -- Set runtime path of "/home/nuctella/ros2_ws/ws/install/ign_ros2_control_demos/lib/ign_ros2_control_demos/example_gripper" to ""
[4.483s] -- Installing: /home/nuctella/ros2_ws/ws/install/ign_ros2_control_demos/share/ament_index/resource_index/package_run_dependencies/ign_ros2_control_demos
[4.483s] -- Installing: /home/nuctella/ros2_ws/ws/install/ign_ros2_control_demos/share/ament_index/resource_index/parent_prefix_path/ign_ros2_control_demos
[4.483s] -- Installing: /home/nuctella/ros2_ws/ws/install/ign_ros2_control_demos/share/ign_ros2_control_demos/environment/ament_prefix_path.sh
[4.483s] -- Installing: /home/nuctella/ros2_ws/ws/install/ign_ros2_control_demos/share/ign_ros2_control_demos/environment/ament_prefix_path.dsv
[4.483s] -- Installing: /home/nuctella/ros2_ws/ws/install/ign_ros2_control_demos/share/ign_ros2_control_demos/environment/path.sh
[4.483s] -- Installing: /home/nuctella/ros2_ws/ws/install/ign_ros2_control_demos/share/ign_ros2_control_demos/environment/path.dsv
[4.483s] -- Installing: /home/nuctella/ros2_ws/ws/install/ign_ros2_control_demos/share/ign_ros2_control_demos/local_setup.bash
[4.483s] -- Installing: /home/nuctella/ros2_ws/ws/install/ign_ros2_control_demos/share/ign_ros2_control_demos/local_setup.sh
[4.484s] -- Installing: /home/nuctella/ros2_ws/ws/install/ign_ros2_control_demos/share/ign_ros2_control_demos/local_setup.zsh
[4.484s] -- Installing: /home/nuctella/ros2_ws/ws/install/ign_ros2_control_demos/share/ign_ros2_control_demos/local_setup.dsv
[4.484s] -- Installing: /home/nuctella/ros2_ws/ws/install/ign_ros2_control_demos/share/ign_ros2_control_demos/package.dsv
[4.484s] -- Installing: /home/nuctella/ros2_ws/ws/install/ign_ros2_control_demos/share/ament_index/resource_index/packages/ign_ros2_control_demos
[4.484s] -- Installing: /home/nuctella/ros2_ws/ws/install/ign_ros2_control_demos/share/ign_ros2_control_demos/cmake/ign_ros2_control_demosConfig.cmake
[4.484s] -- Installing: /home/nuctella/ros2_ws/ws/install/ign_ros2_control_demos/share/ign_ros2_control_demos/cmake/ign_ros2_control_demosConfig-version.cmake
[4.484s] -- Installing: /home/nuctella/ros2_ws/ws/install/ign_ros2_control_demos/share/ign_ros2_control_demos/package.xml
[4.485s] Invoked command in '/home/nuctella/ros2_ws/ws/build/ign_ros2_control_demos' returned '0': CMAKE_PREFIX_PATH=/home/nuctella/ros2_ws/ws/install/ign_ros2_control:/home/nuctella/my_ros2_ws/install/rosbot_interfaces:/home/nuctella/my_ros2_ws/install/core:/home/nuctella/ros2_ws/ws/install/uav_single_gazebo:/home/nuctella/ros2_ws/ws/install/rosbot_xl:/home/nuctella/ros2_ws/ws/install/rosbot_xl_gazebo:/home/nuctella/ros2_ws/ws/install/rosbot_xl_bringup:/home/nuctella/ros2_ws/ws/install/rosbot_xl_controller:/home/nuctella/ros2_ws/ws/install/rosbot_xl_description:/home/nuctella/ros2_ws/ws/install/rosbot_hardware_interfaces:/home/nuctella/ros2_ws/ws/install/ros_components_description:/home/nuctella/ros2_ws/ws/install/mecanum_drive_controller:/home/nuctella/ros2_ws/ws/install/ign_ros2_control_demos:/home/nuctella/ros2_ws/ws/install/husarion_office_gz:/home/nuctella/ros2_ws/deps/install/sllidar_ros2:/home/nuctella/ros2_ws/deps/install/micro_ros_setup:/home/nuctella/ros2_ws/deps/install/micro_ros_agent:/home/nuctella/ros2_ws/deps/install/micro_ros_msgs:/home/nuctella/my_ros2_ws/install/rosbot_object_recognition:/opt/ros/humble LD_LIBRARY_PATH=/home/nuctella/ros2_ws/ws/install/ign_ros2_control/lib:/home/nuctella/my_ros2_ws/install/rosbot_interfaces/lib:/home/nuctella/ros2_ws/ws/install/rosbot_hardware_interfaces/lib:/home/nuctella/ros2_ws/ws/install/mecanum_drive_controller/lib:/home/nuctella/ros2_ws/deps/install/micro_ros_agent/lib:/home/nuctella/ros2_ws/deps/install/micro_ros_msgs/lib:/opt/ros/humble/opt/rviz_ogre_vendor/lib:/opt/ros/humble/lib/x86_64-linux-gnu:/opt/ros/humble/lib /usr/bin/cmake --install /home/nuctella/ros2_ws/ws/build/ign_ros2_control_demos
