[0.053s] Invoking command in '/home/nuctella/ros2_ws/ws/build/uav_single_gazebo': CMAKE_PREFIX_PATH=${CMAKE_PREFIX_PATH}:/home/nuctella/my_ros2_ws/install/rosbot_object_recognition:/opt/ros/humble /usr/bin/cmake /home/nuctella/ros2_ws/ws/src/uav_single_gazebo -DCMAKE_INSTALL_PREFIX=/home/nuctella/ros2_ws/ws/install/uav_single_gazebo
[0.068s] -- Looking for ignition-gazebo6 -- found version 6.15.0
[0.073s] -- Searching for dependencies of ignition-gazebo6
[0.074s] -- Looking for sdformat12 -- found version 12.7.2
[0.074s] -- Searching for dependencies of sdformat12
[0.079s] -- Checking for module 'tinyxml2'
[0.090s] --   Found tinyxml2, version 9.0.0
[0.108s] -- Looking for ignition-math6 -- found version 6.15.0
[0.109s] -- Searching for dependencies of ignition-math6
[0.110s] -- Looking for ignition-utils1 -- found version 1.5.1
[0.111s] -- Searching for dependencies of ignition-utils1
[0.113s] -- Looking for ignition-plugin1 -- found version 1.4.0
[0.113s] -- Searching for dependencies of ignition-plugin1
[0.114s] -- Searching for <ignition-plugin1> component [loader]
[0.114s] -- Looking for ignition-plugin1-loader -- found version 1.4.0
[0.115s] -- Searching for dependencies of ignition-plugin1-loader
[0.115s] -- Searching for <ignition-plugin1> component [register]
[0.116s] -- Looking for ignition-plugin1-register -- found version 1.4.0
[0.116s] -- Searching for dependencies of ignition-plugin1-register
[0.117s] -- Looking for ignition-transport11 -- found version 11.4.1
[0.117s] -- Searching for dependencies of ignition-transport11
[0.152s] -- Config-file not installed for ZeroMQ -- checking for pkg-config
[0.156s] -- Checking for module 'libzmq >= 4'
[0.166s] --   Found libzmq , version 4.3.4
[0.196s] -- Checking for module 'uuid'
[0.207s] --   Found uuid, version 2.37.2
[0.230s] -- Looking for ignition-utils1 -- found version 1.5.1
[0.231s] -- Searching for dependencies of ignition-utils1
[0.231s] -- Searching for <ignition-utils1> component [cli]
[0.231s] -- Looking for ignition-utils1-cli -- found version 1.5.1
[0.232s] -- Searching for dependencies of ignition-utils1-cli
[0.232s] -- Looking for ignition-msgs8 -- found version 8.7.0
[0.233s] -- Searching for dependencies of ignition-msgs8
[0.251s] -- Found Protobuf: /usr/lib/x86_64-linux-gnu/libprotobuf.so (found suitable version "3.12.4", minimum required is "3") 
[0.252s] -- Looking for ignition-math6 -- found version 6.15.0
[0.274s] -- Searching for <ignition-transport11> component [log]
[0.274s] -- Looking for ignition-transport11-log -- found version 11.4.1
[0.274s] -- Searching for dependencies of ignition-transport11-log
[0.275s] -- Searching for <ignition-transport11> component [parameters]
[0.275s] -- Looking for ignition-transport11-parameters -- found version 11.4.1
[0.276s] -- Searching for dependencies of ignition-transport11-parameters
[0.276s] -- Looking for ignition-msgs8 -- found version 8.7.0
[0.277s] -- Looking for ignition-common4 -- found version 4.7.0
[0.277s] -- Searching for dependencies of ignition-common4
[0.277s] -- Looking for dlfcn.h - found
[0.277s] -- Looking for libdl - found
[0.284s] -- Searching for <ignition-common4> component [profiler]
[0.285s] -- Looking for ignition-common4-profiler -- found version 4.7.0
[0.285s] -- Searching for dependencies of ignition-common4-profiler
[0.286s] -- Searching for <ignition-common4> component [events]
[0.286s] -- Looking for ignition-common4-events -- found version 4.7.0
[0.286s] -- Searching for dependencies of ignition-common4-events
[0.286s] -- Looking for ignition-math6 -- found version 6.15.0
[0.287s] -- Searching for <ignition-common4> component [av]
[0.287s] -- Looking for ignition-common4-av -- found version 4.7.0
[0.288s] -- Searching for dependencies of ignition-common4-av
[0.292s] -- Checking for module 'libswscale'
[0.302s] --   Found libswscale, version 5.9.100
[0.331s] -- Checking for module 'libavdevice >= 56.4.100'
[0.342s] --   Found libavdevice , version 58.13.100
[0.372s] -- Checking for module 'libavformat'
[0.383s] --   Found libavformat, version 58.76.100
[0.409s] -- Checking for module 'libavcodec'
[0.418s] --   Found libavcodec, version 58.134.100
[0.446s] -- Checking for module 'libavutil'
[0.456s] --   Found libavutil, version 56.70.100
[0.481s] -- Looking for ignition-fuel_tools7 -- found version 7.3.0
[0.481s] -- Searching for dependencies of ignition-fuel_tools7
[0.516s] -- Checking for module 'jsoncpp'
[0.529s] --   Found jsoncpp, version 1.9.5
[0.556s] -- Checking for module 'libzip'
[0.567s] --   Found libzip, version 1.7.3
[0.589s] -- Looking for ignition-common4 -- found version 4.7.0
[0.590s] -- Looking for ignition-math6 -- found version 6.15.0
[0.590s] -- Looking for ignition-msgs8 -- found version 8.7.0
[0.591s] -- Looking for ignition-gui6 -- found version 6.8.0
[0.591s] -- Searching for dependencies of ignition-gui6
[0.617s] -- Looking for ignition-math6 -- found version 6.15.0
[0.617s] -- Looking for ignition-common4 -- found version 4.7.0
[0.617s] -- Looking for ignition-plugin1 -- found version 1.4.0
[0.618s] -- Looking for ignition-transport11 -- found version 11.4.1
[0.618s] -- Looking for ignition-rendering6 -- found version 6.6.1
[0.618s] -- Searching for dependencies of ignition-rendering6
[0.619s] -- Looking for ignition-math6 -- found version 6.15.0
[0.619s] -- Searching for dependencies of ignition-math6
[0.619s] -- Searching for <ignition-math6> component [eigen3]
[0.619s] -- Looking for ignition-math6-eigen3 -- found version 6.15.0
[0.620s] -- Searching for dependencies of ignition-math6-eigen3
[0.621s] -- Looking for ignition-common4 -- found version 4.7.0
[0.621s] -- Searching for dependencies of ignition-common4
[0.621s] -- Looking for dlfcn.h - found
[0.621s] -- Looking for libdl - found
[0.628s] -- Searching for <ignition-common4> component [graphics]
[0.628s] -- Looking for ignition-common4-graphics -- found version 4.7.0
[0.629s] -- Searching for dependencies of ignition-common4-graphics
[0.629s] -- Looking for ignition-math6 -- found version 6.15.0
[0.629s] -- Looking for ignition-utils1 -- found version 1.5.1
[0.630s] -- Searching for <ignition-common4> component [events]
[0.630s] -- Looking for ignition-plugin1 -- found version 1.4.0
[0.631s] -- Searching for dependencies of ignition-plugin1
[0.631s] -- Searching for <ignition-plugin1> component [all]
[0.631s] -- Looking for all libraries of ignition-plugin1 -- found version 1.4.0
[0.631s] -- Looking for ignition-plugin1 -- found version 1.4.0
[0.633s] -- Looking for ignition-msgs8 -- found version 8.7.0
[0.650s] -- Looking for ignition-physics5 -- found version 5.3.2
[0.650s] -- Searching for dependencies of ignition-physics5
[0.650s] -- Looking for ignition-math6 -- found version 6.15.0
[0.651s] -- Looking for ignition-plugin1 -- found version 1.4.0
[0.651s] -- Looking for ignition-utils1 -- found version 1.5.1
[0.652s] -- Searching for <ignition-physics5> component [heightmap]
[0.653s] -- Looking for ignition-physics5-heightmap -- found version 5.3.2
[0.653s] -- Searching for dependencies of ignition-physics5-heightmap
[0.653s] -- Looking for ignition-common4 -- found version 4.7.0
[0.654s] -- Searching for <ignition-physics5> component [mesh]
[0.654s] -- Looking for ignition-physics5-mesh -- found version 5.3.2
[0.655s] -- Searching for dependencies of ignition-physics5-mesh
[0.655s] -- Looking for ignition-common4 -- found version 4.7.0
[0.655s] -- Searching for <ignition-physics5> component [sdf]
[0.656s] -- Looking for ignition-physics5-sdf -- found version 5.3.2
[0.656s] -- Searching for dependencies of ignition-physics5-sdf
[0.656s] -- Looking for sdformat12 -- found version 12.7.2
[0.657s] -- Looking for ignition-sensors6 -- found version 6.7.1
[0.657s] -- Searching for dependencies of ignition-sensors6
[0.675s] -- Found Protobuf: /usr/lib/x86_64-linux-gnu/libprotobuf.so (found version "3.12.4") 
[0.676s] -- Looking for ignition-math6 -- found version 6.15.0
[0.676s] -- Looking for ignition-common4 -- found version 4.7.0
[0.676s] -- Looking for ignition-transport11 -- found version 11.4.1
[0.677s] -- Looking for ignition-rendering6 -- found version 6.6.1
[0.677s] -- Looking for ignition-msgs8 -- found version 8.7.0
[0.677s] -- Looking for sdformat12 -- found version 12.7.2
[0.678s] -- Searching for <ignition-sensors6> component [air_pressure]
[0.678s] -- Looking for ignition-sensors6-air_pressure -- found version 6.7.1
[0.679s] -- Searching for dependencies of ignition-sensors6-air_pressure
[0.679s] -- Searching for <ignition-sensors6> component [altimeter]
[0.680s] -- Looking for ignition-sensors6-altimeter -- found version 6.7.1
[0.680s] -- Searching for dependencies of ignition-sensors6-altimeter
[0.680s] -- Searching for <ignition-sensors6> component [imu]
[0.681s] -- Looking for ignition-sensors6-imu -- found version 6.7.1
[0.681s] -- Searching for dependencies of ignition-sensors6-imu
[0.682s] -- Searching for <ignition-sensors6> component [force_torque]
[0.682s] -- Looking for ignition-sensors6-force_torque -- found version 6.7.1
[0.682s] -- Searching for dependencies of ignition-sensors6-force_torque
[0.683s] -- Searching for <ignition-sensors6> component [logical_camera]
[0.683s] -- Looking for ignition-sensors6-logical_camera -- found version 6.7.1
[0.684s] -- Searching for dependencies of ignition-sensors6-logical_camera
[0.684s] -- Searching for <ignition-sensors6> component [magnetometer]
[0.684s] -- Looking for ignition-sensors6-magnetometer -- found version 6.7.1
[0.685s] -- Searching for dependencies of ignition-sensors6-magnetometer
[0.685s] -- Searching for <ignition-sensors6> component [navsat]
[0.685s] -- Looking for ignition-sensors6-navsat -- found version 6.7.1
[0.686s] -- Searching for dependencies of ignition-sensors6-navsat
[0.686s] -- Searching for <ignition-sensors6> component [rendering]
[0.687s] -- Looking for ignition-sensors6-rendering -- found version 6.7.1
[0.687s] -- Searching for dependencies of ignition-sensors6-rendering
[0.688s] -- Searching for <ignition-sensors6> component [lidar]
[0.688s] -- Looking for ignition-sensors6-lidar -- found version 6.7.1
[0.689s] -- Searching for dependencies of ignition-sensors6-lidar
[0.689s] -- Looking for ignition-sensors6 -- found version 6.7.1
[0.690s] -- Searching for <ignition-sensors6> component [gpu_lidar]
[0.690s] -- Looking for ignition-sensors6-gpu_lidar -- found version 6.7.1
[0.691s] -- Searching for dependencies of ignition-sensors6-gpu_lidar
[0.691s] -- Looking for ignition-sensors6 -- found version 6.7.1
[0.692s] -- Searching for <ignition-sensors6> component [camera]
[0.692s] -- Looking for ignition-sensors6-camera -- found version 6.7.1
[0.692s] -- Searching for dependencies of ignition-sensors6-camera
[0.693s] -- Looking for ignition-sensors6 -- found version 6.7.1
[0.693s] -- Searching for <ignition-sensors6> component [boundingbox_camera]
[0.694s] -- Looking for ignition-sensors6-boundingbox_camera -- found version 6.7.1
[0.694s] -- Searching for dependencies of ignition-sensors6-boundingbox_camera
[0.695s] -- Searching for <ignition-sensors6> component [segmentation_camera]
[0.695s] -- Looking for ignition-sensors6-segmentation_camera -- found version 6.7.1
[0.695s] -- Searching for dependencies of ignition-sensors6-segmentation_camera
[0.696s] -- Searching for <ignition-sensors6> component [depth_camera]
[0.696s] -- Looking for ignition-sensors6-depth_camera -- found version 6.7.1
[0.696s] -- Searching for dependencies of ignition-sensors6-depth_camera
[0.697s] -- Looking for ignition-sensors6 -- found version 6.7.1
[0.697s] -- Searching for <ignition-sensors6> component [rgbd_camera]
[0.697s] -- Looking for ignition-sensors6-rgbd_camera -- found version 6.7.1
[0.698s] -- Searching for dependencies of ignition-sensors6-rgbd_camera
[0.698s] -- Looking for ignition-sensors6 -- found version 6.7.1
[0.698s] -- Searching for <ignition-sensors6> component [thermal_camera]
[0.699s] -- Looking for ignition-sensors6-thermal_camera -- found version 6.7.1
[0.699s] -- Searching for dependencies of ignition-sensors6-thermal_camera
[0.699s] -- Looking for ignition-sensors6 -- found version 6.7.1
[0.700s] -- Looking for ignition-rendering6 -- found version 6.6.1
[0.700s] -- Looking for ignition-math6 -- found version 6.15.0
[0.701s] -- Looking for ignition-utils1 -- found version 1.5.1
[0.719s] -- Found ament_cmake: 1.3.5 (/opt/ros/humble/share/ament_cmake/cmake)
[0.827s] -- Override CMake install command with custom implementation using symlinks instead of copying resources
[0.839s] [31mCMake Error at CMakeLists.txt:33 (file):
[0.839s]   file failed to open for reading (No such file or directory):
[0.839s] 
[0.839s]     /home/nuctella/ros2_ws/ws/src/uav_single_gazebo/.gitignore
[0.839s] Call Stack (most recent call first):
[0.839s]   CMakeLists.txt:72 (glob_generate)
[0.839s] 
[0.839s] [0m
[0.839s] [31mCMake Error at CMakeLists.txt:33 (file):
[0.839s]   file failed to open for reading (No such file or directory):
[0.839s] 
[0.839s]     /home/nuctella/ros2_ws/ws/src/uav_single_gazebo/.gitignore
[0.839s] Call Stack (most recent call first):
[0.839s]   CMakeLists.txt:73 (glob_generate)
[0.839s] 
[0.840s] [0m
[0.840s] -- Found ament_lint_auto: 0.12.8 (/opt/ros/humble/share/ament_lint_auto/cmake)
[0.894s] -- Added test 'copyright' to check source files copyright and LICENSE
[0.910s] -- Added test 'flake8' to check Python code syntax and style conventions
[0.912s] -- Added test 'lint_cmake' to check CMake code style
[0.913s] -- Added test 'pep257' to check Python code against some of the docstring style conventions in PEP 257
[0.919s] -- Added test 'xmllint' to check XML markup files
[0.919s] -- Configuring incomplete, errors occurred!
[0.919s] See also "/home/nuctella/ros2_ws/ws/build/uav_single_gazebo/CMakeFiles/CMakeOutput.log".
[0.926s] Invoked command in '/home/nuctella/ros2_ws/ws/build/uav_single_gazebo' returned '1': CMAKE_PREFIX_PATH=${CMAKE_PREFIX_PATH}:/home/nuctella/my_ros2_ws/install/rosbot_object_recognition:/opt/ros/humble /usr/bin/cmake /home/nuctella/ros2_ws/ws/src/uav_single_gazebo -DCMAKE_INSTALL_PREFIX=/home/nuctella/ros2_ws/ws/install/uav_single_gazebo
