[8.925s] Invoking command in '/home/nuctella/my_ros2_ws/src/build/use_library': AMENT_PREFIX_PATH=/home/nuctella/my_ros2_ws/src/install/publisher_library:${AMENT_PREFIX_PATH} CMAKE_PREFIX_PATH=/home/nuctella/my_ros2_ws/src/install/publisher_library:/home/nuctella/my_ros2_ws/install/vehicle_plugins:/home/nuctella/my_ros2_ws/install/vehicle_base:/home/nuctella/my_ros2_ws/install/use_library:/home/nuctella/my_ros2_ws/install/start_with_simple_nodes:/home/nuctella/my_ros2_ws/install/service_server_and_client:/home/nuctella/my_ros2_ws/install/rosbot_interfaces:/home/nuctella/my_ros2_ws/install/publisher_library:/home/nuctella/my_ros2_ws/install/publisher_and_subscriber:/home/nuctella/my_ros2_ws/install/parameters:/home/nuctella/my_ros2_ws/install/message_sync:/home/nuctella/my_ros2_ws/install/dynamic_tf2_publisher:/home/nuctella/my_ros2_ws/install/custom_msg_and_srv:/home/nuctella/my_ros2_ws/install/action_tutorial:/home/nuctella/my_ros2_ws/install/custom_action:/home/nuctella/my_ros2_ws/install/core:/home/nuctella/ros2_ws/ws/install/rosbot_xl:/home/nuctella/ros2_ws/ws/install/rosbot_xl_gazebo:/home/nuctella/ros2_ws/ws/install/rosbot_xl_bringup:/home/nuctella/ros2_ws/ws/install/rosbot_xl_controller:/home/nuctella/ros2_ws/ws/install/rosbot_xl_description:/home/nuctella/ros2_ws/ws/install/rosbot_hardware_interfaces:/home/nuctella/ros2_ws/ws/install/ros_components_description:/home/nuctella/ros2_ws/ws/install/mecanum_drive_controller:/home/nuctella/ros2_ws/ws/install/ign_ros2_control_demos:/home/nuctella/ros2_ws/ws/install/ign_ros2_control:/home/nuctella/ros2_ws/ws/install/husarion_office_gz:/home/nuctella/ros2_ws/deps/install/sllidar_ros2:/home/nuctella/ros2_ws/deps/install/micro_ros_setup:/home/nuctella/ros2_ws/deps/install/micro_ros_agent:/home/nuctella/ros2_ws/deps/install/micro_ros_msgs:/home/nuctella/my_ros2_ws/install/start_with_simple_nodes_py:/home/nuctella/my_ros2_ws/install/rosbot_object_recognition:/home/nuctella/my_ros2_ws/install/publisher_and_subscriber_py:/opt/ros/humble LD_LIBRARY_PATH=/home/nuctella/my_ros2_ws/src/install/publisher_library/lib:${LD_LIBRARY_PATH} /usr/bin/cmake /home/nuctella/my_ros2_ws/src/ROS2_learning/CPP/create_library_with_header/use_library -DAMENT_CMAKE_SYMLINK_INSTALL=1 -DCMAKE_INSTALL_PREFIX=/home/nuctella/my_ros2_ws/src/install/use_library
[35.799s] -- The C compiler identification is GNU 11.3.0
[46.074s] -- The CXX compiler identification is GNU 11.3.0
[48.512s] -- Detecting C compiler ABI info
[84.102s] -- Detecting C compiler ABI info - done
[84.271s] -- Check for working C compiler: /usr/bin/cc - skipped
[84.279s] -- Detecting C compile features
[84.286s] -- Detecting C compile features - done
[84.753s] -- Detecting CXX compiler ABI info
[119.113s] -- Detecting CXX compiler ABI info - done
[119.316s] -- Check for working CXX compiler: /usr/bin/c++ - skipped
[119.324s] -- Detecting CXX compile features
[119.332s] -- Detecting CXX compile features - done
[127.801s] -- Found ament_cmake: 1.3.4 (/opt/ros/humble/share/ament_cmake/cmake)
[234.850s] -- Found Python3: /usr/bin/python3.10 (found version "3.10.6") found components: Interpreter 
[250.721s] -- Override CMake install command with custom implementation using symlinks instead of copying resources
[366.138s] -- Found rclcpp: 16.0.4 (/opt/ros/humble/share/rclcpp/cmake)
[460.734s] -- Found rosidl_generator_c: 3.1.4 (/opt/ros/humble/share/rosidl_generator_c/cmake)
[478.467s] -- Found rosidl_adapter: 3.1.4 (/opt/ros/humble/share/rosidl_adapter/cmake)
[496.782s] -- Found rosidl_generator_cpp: 3.1.4 (/opt/ros/humble/share/rosidl_generator_cpp/cmake)
[515.129s] -- Using all available rosidl_typesupport_c: rosidl_typesupport_fastrtps_c;rosidl_typesupport_introspection_c
[537.161s] -- Using all available rosidl_typesupport_cpp: rosidl_typesupport_fastrtps_cpp;rosidl_typesupport_introspection_cpp
[624.432s] -- Found rmw_implementation_cmake: 6.1.1 (/opt/ros/humble/share/rmw_implementation_cmake/cmake)
[633.952s] -- Found rmw_fastrtps_cpp: 6.2.2 (/opt/ros/humble/share/rmw_fastrtps_cpp/cmake)
[757.751s] -- Found OpenSSL: /usr/lib/x86_64-linux-gnu/libcrypto.so (found version "3.0.2")  
[773.875s] -- Found FastRTPS: /opt/ros/humble/include  
[800.509s] -- Using RMW implementation 'rmw_fastrtps_cpp' as default
[838.791s] -- Looking for pthread.h
[880.959s] -- Looking for pthread.h - found
[881.024s] -- Performing Test CMAKE_HAVE_LIBC_PTHREAD
[912.489s] -- Performing Test CMAKE_HAVE_LIBC_PTHREAD - Success
[912.541s] -- Found Threads: TRUE  
[943.956s] -- Found publisher_library: 0.0.0 (/home/nuctella/my_ros2_ws/src/install/publisher_library/share/publisher_library/cmake)
[949.758s] -- Found ament_lint_auto: 0.12.6 (/opt/ros/humble/share/ament_lint_auto/cmake)
[1059.634s] -- Added test 'copyright' to check source files copyright and LICENSE
[1063.141s] -- Added test 'cppcheck' to perform static code analysis on C / C++ code
[1063.147s] -- Configured cppcheck include dirs: $<BUILD_INTERFACE:/home/nuctella/my_ros2_ws/src/ROS2_learning/CPP/create_library_with_header/use_library/include>
[1063.152s] -- Configured cppcheck exclude dirs and/or files: 
[1066.150s] -- Added test 'cpplint' to check C / C++ code against the Google style
[1066.155s] -- Configured cpplint exclude dirs and/or files: 
[1067.752s] -- Added test 'lint_cmake' to check CMake code style
[1070.395s] -- Added test 'uncrustify' to check C / C++ code style
[1070.399s] -- Configured uncrustify additional arguments: 
[1071.488s] -- Added test 'xmllint' to check XML markup files
[1073.962s] -- Configuring done
[1075.681s] -- Generating done
[1075.993s] -- Build files have been written to: /home/nuctella/my_ros2_ws/src/build/use_library
[1076.018s] Invoked command in '/home/nuctella/my_ros2_ws/src/build/use_library' returned '0': AMENT_PREFIX_PATH=/home/nuctella/my_ros2_ws/src/install/publisher_library:${AMENT_PREFIX_PATH} CMAKE_PREFIX_PATH=/home/nuctella/my_ros2_ws/src/install/publisher_library:/home/nuctella/my_ros2_ws/install/vehicle_plugins:/home/nuctella/my_ros2_ws/install/vehicle_base:/home/nuctella/my_ros2_ws/install/use_library:/home/nuctella/my_ros2_ws/install/start_with_simple_nodes:/home/nuctella/my_ros2_ws/install/service_server_and_client:/home/nuctella/my_ros2_ws/install/rosbot_interfaces:/home/nuctella/my_ros2_ws/install/publisher_library:/home/nuctella/my_ros2_ws/install/publisher_and_subscriber:/home/nuctella/my_ros2_ws/install/parameters:/home/nuctella/my_ros2_ws/install/message_sync:/home/nuctella/my_ros2_ws/install/dynamic_tf2_publisher:/home/nuctella/my_ros2_ws/install/custom_msg_and_srv:/home/nuctella/my_ros2_ws/install/action_tutorial:/home/nuctella/my_ros2_ws/install/custom_action:/home/nuctella/my_ros2_ws/install/core:/home/nuctella/ros2_ws/ws/install/rosbot_xl:/home/nuctella/ros2_ws/ws/install/rosbot_xl_gazebo:/home/nuctella/ros2_ws/ws/install/rosbot_xl_bringup:/home/nuctella/ros2_ws/ws/install/rosbot_xl_controller:/home/nuctella/ros2_ws/ws/install/rosbot_xl_description:/home/nuctella/ros2_ws/ws/install/rosbot_hardware_interfaces:/home/nuctella/ros2_ws/ws/install/ros_components_description:/home/nuctella/ros2_ws/ws/install/mecanum_drive_controller:/home/nuctella/ros2_ws/ws/install/ign_ros2_control_demos:/home/nuctella/ros2_ws/ws/install/ign_ros2_control:/home/nuctella/ros2_ws/ws/install/husarion_office_gz:/home/nuctella/ros2_ws/deps/install/sllidar_ros2:/home/nuctella/ros2_ws/deps/install/micro_ros_setup:/home/nuctella/ros2_ws/deps/install/micro_ros_agent:/home/nuctella/ros2_ws/deps/install/micro_ros_msgs:/home/nuctella/my_ros2_ws/install/start_with_simple_nodes_py:/home/nuctella/my_ros2_ws/install/rosbot_object_recognition:/home/nuctella/my_ros2_ws/install/publisher_and_subscriber_py:/opt/ros/humble LD_LIBRARY_PATH=/home/nuctella/my_ros2_ws/src/install/publisher_library/lib:${LD_LIBRARY_PATH} /usr/bin/cmake /home/nuctella/my_ros2_ws/src/ROS2_learning/CPP/create_library_with_header/use_library -DAMENT_CMAKE_SYMLINK_INSTALL=1 -DCMAKE_INSTALL_PREFIX=/home/nuctella/my_ros2_ws/src/install/use_library
[1076.052s] Invoking command in '/home/nuctella/my_ros2_ws/src/build/use_library': AMENT_PREFIX_PATH=/home/nuctella/my_ros2_ws/src/install/publisher_library:${AMENT_PREFIX_PATH} CMAKE_PREFIX_PATH=/home/nuctella/my_ros2_ws/src/install/publisher_library:/home/nuctella/my_ros2_ws/install/vehicle_plugins:/home/nuctella/my_ros2_ws/install/vehicle_base:/home/nuctella/my_ros2_ws/install/use_library:/home/nuctella/my_ros2_ws/install/start_with_simple_nodes:/home/nuctella/my_ros2_ws/install/service_server_and_client:/home/nuctella/my_ros2_ws/install/rosbot_interfaces:/home/nuctella/my_ros2_ws/install/publisher_library:/home/nuctella/my_ros2_ws/install/publisher_and_subscriber:/home/nuctella/my_ros2_ws/install/parameters:/home/nuctella/my_ros2_ws/install/message_sync:/home/nuctella/my_ros2_ws/install/dynamic_tf2_publisher:/home/nuctella/my_ros2_ws/install/custom_msg_and_srv:/home/nuctella/my_ros2_ws/install/action_tutorial:/home/nuctella/my_ros2_ws/install/custom_action:/home/nuctella/my_ros2_ws/install/core:/home/nuctella/ros2_ws/ws/install/rosbot_xl:/home/nuctella/ros2_ws/ws/install/rosbot_xl_gazebo:/home/nuctella/ros2_ws/ws/install/rosbot_xl_bringup:/home/nuctella/ros2_ws/ws/install/rosbot_xl_controller:/home/nuctella/ros2_ws/ws/install/rosbot_xl_description:/home/nuctella/ros2_ws/ws/install/rosbot_hardware_interfaces:/home/nuctella/ros2_ws/ws/install/ros_components_description:/home/nuctella/ros2_ws/ws/install/mecanum_drive_controller:/home/nuctella/ros2_ws/ws/install/ign_ros2_control_demos:/home/nuctella/ros2_ws/ws/install/ign_ros2_control:/home/nuctella/ros2_ws/ws/install/husarion_office_gz:/home/nuctella/ros2_ws/deps/install/sllidar_ros2:/home/nuctella/ros2_ws/deps/install/micro_ros_setup:/home/nuctella/ros2_ws/deps/install/micro_ros_agent:/home/nuctella/ros2_ws/deps/install/micro_ros_msgs:/home/nuctella/my_ros2_ws/install/start_with_simple_nodes_py:/home/nuctella/my_ros2_ws/install/rosbot_object_recognition:/home/nuctella/my_ros2_ws/install/publisher_and_subscriber_py:/opt/ros/humble LD_LIBRARY_PATH=/home/nuctella/my_ros2_ws/src/install/publisher_library/lib:${LD_LIBRARY_PATH} /usr/bin/cmake --build /home/nuctella/my_ros2_ws/src/build/use_library -- -j8 -l8
[1099.133s] [ 50%] [32mBuilding CXX object CMakeFiles/use_library.dir/src/use_library.cpp.o[0m
[1134.227s] [100%] [32m[1mLinking CXX executable use_library[0m
[1157.283s] [100%] Built target use_library
[1161.569s] Invoked command in '/home/nuctella/my_ros2_ws/src/build/use_library' returned '0': AMENT_PREFIX_PATH=/home/nuctella/my_ros2_ws/src/install/publisher_library:${AMENT_PREFIX_PATH} CMAKE_PREFIX_PATH=/home/nuctella/my_ros2_ws/src/install/publisher_library:/home/nuctella/my_ros2_ws/install/vehicle_plugins:/home/nuctella/my_ros2_ws/install/vehicle_base:/home/nuctella/my_ros2_ws/install/use_library:/home/nuctella/my_ros2_ws/install/start_with_simple_nodes:/home/nuctella/my_ros2_ws/install/service_server_and_client:/home/nuctella/my_ros2_ws/install/rosbot_interfaces:/home/nuctella/my_ros2_ws/install/publisher_library:/home/nuctella/my_ros2_ws/install/publisher_and_subscriber:/home/nuctella/my_ros2_ws/install/parameters:/home/nuctella/my_ros2_ws/install/message_sync:/home/nuctella/my_ros2_ws/install/dynamic_tf2_publisher:/home/nuctella/my_ros2_ws/install/custom_msg_and_srv:/home/nuctella/my_ros2_ws/install/action_tutorial:/home/nuctella/my_ros2_ws/install/custom_action:/home/nuctella/my_ros2_ws/install/core:/home/nuctella/ros2_ws/ws/install/rosbot_xl:/home/nuctella/ros2_ws/ws/install/rosbot_xl_gazebo:/home/nuctella/ros2_ws/ws/install/rosbot_xl_bringup:/home/nuctella/ros2_ws/ws/install/rosbot_xl_controller:/home/nuctella/ros2_ws/ws/install/rosbot_xl_description:/home/nuctella/ros2_ws/ws/install/rosbot_hardware_interfaces:/home/nuctella/ros2_ws/ws/install/ros_components_description:/home/nuctella/ros2_ws/ws/install/mecanum_drive_controller:/home/nuctella/ros2_ws/ws/install/ign_ros2_control_demos:/home/nuctella/ros2_ws/ws/install/ign_ros2_control:/home/nuctella/ros2_ws/ws/install/husarion_office_gz:/home/nuctella/ros2_ws/deps/install/sllidar_ros2:/home/nuctella/ros2_ws/deps/install/micro_ros_setup:/home/nuctella/ros2_ws/deps/install/micro_ros_agent:/home/nuctella/ros2_ws/deps/install/micro_ros_msgs:/home/nuctella/my_ros2_ws/install/start_with_simple_nodes_py:/home/nuctella/my_ros2_ws/install/rosbot_object_recognition:/home/nuctella/my_ros2_ws/install/publisher_and_subscriber_py:/opt/ros/humble LD_LIBRARY_PATH=/home/nuctella/my_ros2_ws/src/install/publisher_library/lib:${LD_LIBRARY_PATH} /usr/bin/cmake --build /home/nuctella/my_ros2_ws/src/build/use_library -- -j8 -l8
[1183.279s] Invoking command in '/home/nuctella/my_ros2_ws/src/build/use_library': AMENT_PREFIX_PATH=/home/nuctella/my_ros2_ws/src/install/publisher_library:${AMENT_PREFIX_PATH} CMAKE_PREFIX_PATH=/home/nuctella/my_ros2_ws/src/install/publisher_library:/home/nuctella/my_ros2_ws/install/vehicle_plugins:/home/nuctella/my_ros2_ws/install/vehicle_base:/home/nuctella/my_ros2_ws/install/use_library:/home/nuctella/my_ros2_ws/install/start_with_simple_nodes:/home/nuctella/my_ros2_ws/install/service_server_and_client:/home/nuctella/my_ros2_ws/install/rosbot_interfaces:/home/nuctella/my_ros2_ws/install/publisher_library:/home/nuctella/my_ros2_ws/install/publisher_and_subscriber:/home/nuctella/my_ros2_ws/install/parameters:/home/nuctella/my_ros2_ws/install/message_sync:/home/nuctella/my_ros2_ws/install/dynamic_tf2_publisher:/home/nuctella/my_ros2_ws/install/custom_msg_and_srv:/home/nuctella/my_ros2_ws/install/action_tutorial:/home/nuctella/my_ros2_ws/install/custom_action:/home/nuctella/my_ros2_ws/install/core:/home/nuctella/ros2_ws/ws/install/rosbot_xl:/home/nuctella/ros2_ws/ws/install/rosbot_xl_gazebo:/home/nuctella/ros2_ws/ws/install/rosbot_xl_bringup:/home/nuctella/ros2_ws/ws/install/rosbot_xl_controller:/home/nuctella/ros2_ws/ws/install/rosbot_xl_description:/home/nuctella/ros2_ws/ws/install/rosbot_hardware_interfaces:/home/nuctella/ros2_ws/ws/install/ros_components_description:/home/nuctella/ros2_ws/ws/install/mecanum_drive_controller:/home/nuctella/ros2_ws/ws/install/ign_ros2_control_demos:/home/nuctella/ros2_ws/ws/install/ign_ros2_control:/home/nuctella/ros2_ws/ws/install/husarion_office_gz:/home/nuctella/ros2_ws/deps/install/sllidar_ros2:/home/nuctella/ros2_ws/deps/install/micro_ros_setup:/home/nuctella/ros2_ws/deps/install/micro_ros_agent:/home/nuctella/ros2_ws/deps/install/micro_ros_msgs:/home/nuctella/my_ros2_ws/install/start_with_simple_nodes_py:/home/nuctella/my_ros2_ws/install/rosbot_object_recognition:/home/nuctella/my_ros2_ws/install/publisher_and_subscriber_py:/opt/ros/humble LD_LIBRARY_PATH=/home/nuctella/my_ros2_ws/src/install/publisher_library/lib:${LD_LIBRARY_PATH} /usr/bin/cmake --install /home/nuctella/my_ros2_ws/src/build/use_library
[1186.469s] -- Install configuration: ""
[1186.522s] -- Execute custom install script
[1186.613s] -- Symlinking: /home/nuctella/my_ros2_ws/src/install/use_library/lib/use_library/use_library
[1189.965s] -- Symlinking: /home/nuctella/my_ros2_ws/src/install/use_library/share/ament_index/resource_index/package_run_dependencies/use_library
[1194.000s] -- Symlinking: /home/nuctella/my_ros2_ws/src/install/use_library/share/ament_index/resource_index/parent_prefix_path/use_library
[1199.130s] -- Symlinking: /home/nuctella/my_ros2_ws/src/install/use_library/share/use_library/environment/ament_prefix_path.sh
[1204.104s] -- Symlinking: /home/nuctella/my_ros2_ws/src/install/use_library/share/use_library/environment/ament_prefix_path.dsv
[1209.289s] -- Symlinking: /home/nuctella/my_ros2_ws/src/install/use_library/share/use_library/environment/path.sh
[1213.969s] -- Symlinking: /home/nuctella/my_ros2_ws/src/install/use_library/share/use_library/environment/path.dsv
[1217.942s] -- Symlinking: /home/nuctella/my_ros2_ws/src/install/use_library/share/use_library/local_setup.bash
[1222.218s] -- Symlinking: /home/nuctella/my_ros2_ws/src/install/use_library/share/use_library/local_setup.sh
[1225.747s] -- Symlinking: /home/nuctella/my_ros2_ws/src/install/use_library/share/use_library/local_setup.zsh
[1228.792s] -- Symlinking: /home/nuctella/my_ros2_ws/src/install/use_library/share/use_library/local_setup.dsv
[1231.869s] -- Symlinking: /home/nuctella/my_ros2_ws/src/install/use_library/share/use_library/package.dsv
[1235.014s] -- Symlinking: /home/nuctella/my_ros2_ws/src/install/use_library/share/ament_index/resource_index/packages/use_library
[1237.887s] -- Symlinking: /home/nuctella/my_ros2_ws/src/install/use_library/share/use_library/cmake/use_libraryConfig.cmake
[1241.041s] -- Symlinking: /home/nuctella/my_ros2_ws/src/install/use_library/share/use_library/cmake/use_libraryConfig-version.cmake
[1243.617s] -- Symlinking: /home/nuctella/my_ros2_ws/src/install/use_library/share/use_library/package.xml
[1246.503s] Invoked command in '/home/nuctella/my_ros2_ws/src/build/use_library' returned '0': AMENT_PREFIX_PATH=/home/nuctella/my_ros2_ws/src/install/publisher_library:${AMENT_PREFIX_PATH} CMAKE_PREFIX_PATH=/home/nuctella/my_ros2_ws/src/install/publisher_library:/home/nuctella/my_ros2_ws/install/vehicle_plugins:/home/nuctella/my_ros2_ws/install/vehicle_base:/home/nuctella/my_ros2_ws/install/use_library:/home/nuctella/my_ros2_ws/install/start_with_simple_nodes:/home/nuctella/my_ros2_ws/install/service_server_and_client:/home/nuctella/my_ros2_ws/install/rosbot_interfaces:/home/nuctella/my_ros2_ws/install/publisher_library:/home/nuctella/my_ros2_ws/install/publisher_and_subscriber:/home/nuctella/my_ros2_ws/install/parameters:/home/nuctella/my_ros2_ws/install/message_sync:/home/nuctella/my_ros2_ws/install/dynamic_tf2_publisher:/home/nuctella/my_ros2_ws/install/custom_msg_and_srv:/home/nuctella/my_ros2_ws/install/action_tutorial:/home/nuctella/my_ros2_ws/install/custom_action:/home/nuctella/my_ros2_ws/install/core:/home/nuctella/ros2_ws/ws/install/rosbot_xl:/home/nuctella/ros2_ws/ws/install/rosbot_xl_gazebo:/home/nuctella/ros2_ws/ws/install/rosbot_xl_bringup:/home/nuctella/ros2_ws/ws/install/rosbot_xl_controller:/home/nuctella/ros2_ws/ws/install/rosbot_xl_description:/home/nuctella/ros2_ws/ws/install/rosbot_hardware_interfaces:/home/nuctella/ros2_ws/ws/install/ros_components_description:/home/nuctella/ros2_ws/ws/install/mecanum_drive_controller:/home/nuctella/ros2_ws/ws/install/ign_ros2_control_demos:/home/nuctella/ros2_ws/ws/install/ign_ros2_control:/home/nuctella/ros2_ws/ws/install/husarion_office_gz:/home/nuctella/ros2_ws/deps/install/sllidar_ros2:/home/nuctella/ros2_ws/deps/install/micro_ros_setup:/home/nuctella/ros2_ws/deps/install/micro_ros_agent:/home/nuctella/ros2_ws/deps/install/micro_ros_msgs:/home/nuctella/my_ros2_ws/install/start_with_simple_nodes_py:/home/nuctella/my_ros2_ws/install/rosbot_object_recognition:/home/nuctella/my_ros2_ws/install/publisher_and_subscriber_py:/opt/ros/humble LD_LIBRARY_PATH=/home/nuctella/my_ros2_ws/src/install/publisher_library/lib:${LD_LIBRARY_PATH} /usr/bin/cmake --install /home/nuctella/my_ros2_ws/src/build/use_library
