[0.018s] Invoking command in '/home/nuctella/ros2_ws/ws/build/ign_ros2_control': CMAKE_PREFIX_PATH=${CMAKE_PREFIX_PATH}:/home/nuctella/my_ros2_ws/install/start_with_simple_nodes_py:/home/nuctella/my_ros2_ws/install/rosbot_object_recognition:/home/nuctella/my_ros2_ws/install/publisher_and_subscriber_py:/opt/ros/humble /usr/bin/cmake /home/nuctella/ros2_ws/ws/src/gazebosim/gz_ros2_control/ign_ros2_control -DCMAKE_INSTALL_PREFIX=/home/nuctella/ros2_ws/ws/install/ign_ros2_control
[0.041s] -- Found ament_cmake: 1.3.5 (/opt/ros/humble/share/ament_cmake/cmake)
[0.154s] -- Override CMake install command with custom implementation using symlinks instead of copying resources
[0.170s] -- Found ament_index_cpp: 1.4.0 (/opt/ros/humble/share/ament_index_cpp/cmake)
[0.171s] -- Found controller_manager: 2.30.0 (/opt/ros/humble/share/controller_manager/cmake)
[0.202s] -- Found rosidl_generator_c: 3.1.5 (/opt/ros/humble/share/rosidl_generator_c/cmake)
[0.204s] -- Found rosidl_adapter: 3.1.5 (/opt/ros/humble/share/rosidl_adapter/cmake)
[0.210s] -- Found rosidl_generator_cpp: 3.1.5 (/opt/ros/humble/share/rosidl_generator_cpp/cmake)
[0.222s] -- Using all available rosidl_typesupport_c: rosidl_typesupport_fastrtps_c;rosidl_typesupport_introspection_c
[0.237s] -- Using all available rosidl_typesupport_cpp: rosidl_typesupport_fastrtps_cpp;rosidl_typesupport_introspection_cpp
[0.679s] -- Found rmw_implementation_cmake: 6.1.1 (/opt/ros/humble/share/rmw_implementation_cmake/cmake)
[0.680s] -- Found rmw_fastrtps_cpp: 6.2.3 (/opt/ros/humble/share/rmw_fastrtps_cpp/cmake)
[0.774s] -- Using RMW implementation 'rmw_fastrtps_cpp' as default
[1.147s] -- Found yaml_cpp_vendor: 8.0.2 (/opt/ros/humble/share/yaml_cpp_vendor/cmake)
[1.149s] -- Looking for ignition-gazebo6 -- found version 6.11.0
[1.156s] -- Searching for dependencies of ignition-gazebo6
[1.157s] -- Looking for sdformat12 -- found version 12.5.0
[1.157s] -- Searching for dependencies of sdformat12
[1.161s] -- Looking for ignition-math6 -- found version 6.12.0
[1.161s] -- Searching for dependencies of ignition-math6
[1.163s] -- Looking for ignition-utils1 -- found version 1.4.0
[1.163s] -- Searching for dependencies of ignition-utils1
[1.165s] -- Looking for ignition-plugin1 -- found version 1.3.0
[1.165s] -- Searching for dependencies of ignition-plugin1
[1.166s] -- Searching for <ignition-plugin1> component [loader]
[1.166s] -- Looking for ignition-plugin1-loader -- found version 1.3.0
[1.166s] -- Searching for dependencies of ignition-plugin1-loader
[1.167s] -- Searching for <ignition-plugin1> component [register]
[1.167s] -- Looking for ignition-plugin1-register -- found version 1.3.0
[1.168s] -- Searching for dependencies of ignition-plugin1-register
[1.168s] -- Looking for ignition-transport11 -- found version 11.2.0
[1.169s] -- Searching for dependencies of ignition-transport11
[1.201s] -- Config-file not installed for ZeroMQ -- checking for pkg-config
[1.203s] -- Checking for module 'libzmq >= 4'
[1.217s] --   Found libzmq , version 4.3.4
[1.238s] -- Checking for module 'uuid'
[1.245s] --   Found uuid, version 2.37.2
[1.260s] -- Looking for ignition-utils1 -- found version 1.4.0
[1.261s] -- Searching for dependencies of ignition-utils1
[1.261s] -- Searching for <ignition-utils1> component [cli]
[1.261s] -- Looking for ignition-utils1-cli -- found version 1.4.0
[1.261s] -- Searching for dependencies of ignition-utils1-cli
[1.262s] -- Looking for ignition-msgs8 -- found version 8.6.0
[1.263s] -- Searching for dependencies of ignition-msgs8
[1.278s] -- Looking for ignition-math6 -- found version 6.12.0
[1.284s] -- Searching for <ignition-transport11> component [log]
[1.285s] -- Looking for ignition-transport11-log -- found version 11.2.0
[1.285s] -- Searching for dependencies of ignition-transport11-log
[1.286s] -- Looking for ignition-msgs8 -- found version 8.6.0
[1.286s] -- Looking for ignition-common4 -- found version 4.5.2
[1.286s] -- Searching for dependencies of ignition-common4
[1.286s] -- Looking for dlfcn.h - found
[1.286s] -- Looking for libdl - found
[1.293s] -- Searching for <ignition-common4> component [profiler]
[1.294s] -- Looking for ignition-common4-profiler -- found version 4.5.2
[1.294s] -- Searching for dependencies of ignition-common4-profiler
[1.294s] -- Searching for <ignition-common4> component [events]
[1.295s] -- Looking for ignition-common4-events -- found version 4.5.2
[1.295s] -- Searching for dependencies of ignition-common4-events
[1.295s] -- Looking for ignition-math6 -- found version 6.12.0
[1.296s] -- Searching for <ignition-common4> component [av]
[1.296s] -- Looking for ignition-common4-av -- found version 4.5.2
[1.297s] -- Searching for dependencies of ignition-common4-av
[1.300s] -- Checking for module 'libswscale'
[1.308s] --   Found libswscale, version 5.9.100
[1.330s] -- Checking for module 'libavdevice >= 56.4.100'
[1.338s] --   Found libavdevice , version 58.13.100
[1.360s] -- Checking for module 'libavformat'
[1.367s] --   Found libavformat, version 58.76.100
[1.387s] -- Checking for module 'libavcodec'
[1.395s] --   Found libavcodec, version 58.134.100
[1.415s] -- Checking for module 'libavutil'
[1.423s] --   Found libavutil, version 56.70.100
[1.440s] -- Looking for ignition-fuel_tools7 -- found version 7.1.0
[1.441s] -- Searching for dependencies of ignition-fuel_tools7
[1.469s] -- Checking for module 'jsoncpp'
[1.477s] --   Found jsoncpp, version 1.9.5
[1.498s] -- Checking for module 'libzip'
[1.506s] --   Found libzip, version 1.7.3
[1.523s] -- Looking for ignition-common4 -- found version 4.5.2
[1.523s] -- Looking for ignition-math6 -- found version 6.12.0
[1.523s] -- Looking for ignition-msgs8 -- found version 8.6.0
[1.524s] -- Looking for ignition-gui6 -- found version 6.6.1
[1.524s] -- Searching for dependencies of ignition-gui6
[1.544s] -- Looking for ignition-math6 -- found version 6.12.0
[1.544s] -- Looking for ignition-common4 -- found version 4.5.2
[1.545s] -- Looking for ignition-plugin1 -- found version 1.3.0
[1.545s] -- Looking for ignition-transport11 -- found version 11.2.0
[1.546s] -- Looking for ignition-rendering6 -- found version 6.5.1
[1.546s] -- Searching for dependencies of ignition-rendering6
[1.546s] -- Looking for ignition-math6 -- found version 6.12.0
[1.546s] -- Searching for dependencies of ignition-math6
[1.546s] -- Searching for <ignition-math6> component [eigen3]
[1.547s] -- Looking for ignition-math6-eigen3 -- found version 6.12.0
[1.547s] -- Searching for dependencies of ignition-math6-eigen3
[1.549s] -- Looking for ignition-common4 -- found version 4.5.2
[1.549s] -- Searching for dependencies of ignition-common4
[1.549s] -- Looking for dlfcn.h - found
[1.549s] -- Looking for libdl - found
[1.555s] -- Searching for <ignition-common4> component [graphics]
[1.555s] -- Looking for ignition-common4-graphics -- found version 4.5.2
[1.555s] -- Searching for dependencies of ignition-common4-graphics
[1.556s] -- Looking for ignition-math6 -- found version 6.12.0
[1.556s] -- Looking for ignition-utils1 -- found version 1.4.0
[1.556s] -- Searching for <ignition-common4> component [events]
[1.557s] -- Looking for ignition-plugin1 -- found version 1.3.0
[1.557s] -- Searching for dependencies of ignition-plugin1
[1.557s] -- Searching for <ignition-plugin1> component [all]
[1.558s] -- Looking for all libraries of ignition-plugin1 -- found version 1.3.0
[1.558s] -- Looking for ignition-plugin1 -- found version 1.3.0
[1.560s] -- Looking for ignition-msgs8 -- found version 8.6.0
[1.581s] -- Looking for ignition-physics5 -- found version 5.2.0
[1.581s] -- Searching for dependencies of ignition-physics5
[1.581s] -- Looking for ignition-math6 -- found version 6.12.0
[1.581s] -- Looking for ignition-plugin1 -- found version 1.3.0
[1.581s] -- Looking for ignition-utils1 -- found version 1.4.0
[1.582s] -- Searching for <ignition-physics5> component [heightmap]
[1.582s] -- Looking for ignition-physics5-heightmap -- found version 5.2.0
[1.583s] -- Searching for dependencies of ignition-physics5-heightmap
[1.583s] -- Looking for ignition-common4 -- found version 4.5.2
[1.583s] -- Searching for <ignition-physics5> component [mesh]
[1.584s] -- Looking for ignition-physics5-mesh -- found version 5.2.0
[1.584s] -- Searching for dependencies of ignition-physics5-mesh
[1.584s] -- Looking for ignition-common4 -- found version 4.5.2
[1.585s] -- Searching for <ignition-physics5> component [sdf]
[1.586s] -- Looking for ignition-physics5-sdf -- found version 5.2.0
[1.586s] -- Searching for dependencies of ignition-physics5-sdf
[1.586s] -- Looking for sdformat12 -- found version 12.5.0
[1.587s] -- Looking for ignition-sensors6 -- found version 6.6.0
[1.587s] -- Searching for dependencies of ignition-sensors6
[1.603s] -- Looking for ignition-math6 -- found version 6.12.0
[1.603s] -- Looking for ignition-common4 -- found version 4.5.2
[1.603s] -- Looking for ignition-transport11 -- found version 11.2.0
[1.604s] -- Looking for ignition-rendering6 -- found version 6.5.1
[1.604s] -- Looking for ignition-msgs8 -- found version 8.6.0
[1.604s] -- Looking for sdformat12 -- found version 12.5.0
[1.605s] -- Searching for <ignition-sensors6> component [air_pressure]
[1.606s] -- Looking for ignition-sensors6-air_pressure -- found version 6.6.0
[1.606s] -- Searching for dependencies of ignition-sensors6-air_pressure
[1.606s] -- Searching for <ignition-sensors6> component [altimeter]
[1.607s] -- Looking for ignition-sensors6-altimeter -- found version 6.6.0
[1.607s] -- Searching for dependencies of ignition-sensors6-altimeter
[1.607s] -- Searching for <ignition-sensors6> component [imu]
[1.608s] -- Looking for ignition-sensors6-imu -- found version 6.6.0
[1.608s] -- Searching for dependencies of ignition-sensors6-imu
[1.609s] -- Searching for <ignition-sensors6> component [force_torque]
[1.609s] -- Looking for ignition-sensors6-force_torque -- found version 6.6.0
[1.609s] -- Searching for dependencies of ignition-sensors6-force_torque
[1.610s] -- Searching for <ignition-sensors6> component [logical_camera]
[1.610s] -- Looking for ignition-sensors6-logical_camera -- found version 6.6.0
[1.611s] -- Searching for dependencies of ignition-sensors6-logical_camera
[1.611s] -- Searching for <ignition-sensors6> component [magnetometer]
[1.612s] -- Looking for ignition-sensors6-magnetometer -- found version 6.6.0
[1.612s] -- Searching for dependencies of ignition-sensors6-magnetometer
[1.613s] -- Searching for <ignition-sensors6> component [navsat]
[1.614s] -- Looking for ignition-sensors6-navsat -- found version 6.6.0
[1.614s] -- Searching for dependencies of ignition-sensors6-navsat
[1.614s] -- Searching for <ignition-sensors6> component [rendering]
[1.615s] -- Looking for ignition-sensors6-rendering -- found version 6.6.0
[1.615s] -- Searching for dependencies of ignition-sensors6-rendering
[1.615s] -- Searching for <ignition-sensors6> component [lidar]
[1.616s] -- Looking for ignition-sensors6-lidar -- found version 6.6.0
[1.616s] -- Searching for dependencies of ignition-sensors6-lidar
[1.617s] -- Searching for <ignition-sensors6> component [gpu_lidar]
[1.617s] -- Looking for ignition-sensors6-gpu_lidar -- found version 6.6.0
[1.618s] -- Searching for dependencies of ignition-sensors6-gpu_lidar
[1.618s] -- Searching for <ignition-sensors6> component [camera]
[1.619s] -- Looking for ignition-sensors6-camera -- found version 6.6.0
[1.619s] -- Searching for dependencies of ignition-sensors6-camera
[1.620s] -- Searching for <ignition-sensors6> component [boundingbox_camera]
[1.620s] -- Looking for ignition-sensors6-boundingbox_camera -- found version 6.6.0
[1.620s] -- Searching for dependencies of ignition-sensors6-boundingbox_camera
[1.621s] -- Searching for <ignition-sensors6> component [segmentation_camera]
[1.621s] -- Looking for ignition-sensors6-segmentation_camera -- found version 6.6.0
[1.622s] -- Searching for dependencies of ignition-sensors6-segmentation_camera
[1.622s] -- Searching for <ignition-sensors6> component [depth_camera]
[1.623s] -- Looking for ignition-sensors6-depth_camera -- found version 6.6.0
[1.623s] -- Searching for dependencies of ignition-sensors6-depth_camera
[1.623s] -- Searching for <ignition-sensors6> component [rgbd_camera]
[1.624s] -- Looking for ignition-sensors6-rgbd_camera -- found version 6.6.0
[1.624s] -- Searching for dependencies of ignition-sensors6-rgbd_camera
[1.625s] -- Searching for <ignition-sensors6> component [thermal_camera]
[1.627s] -- Looking for ignition-sensors6-thermal_camera -- found version 6.6.0
[1.627s] -- Searching for dependencies of ignition-sensors6-thermal_camera
[1.627s] -- Looking for ignition-rendering6 -- found version 6.5.1
[1.627s] -- Looking for ignition-math6 -- found version 6.12.0
[1.627s] -- Looking for ignition-utils1 -- found version 1.4.0
[1.644s] -- Compiling against Ignition Fortress
[1.644s] -- Looking for ignition-plugin1 -- found version 1.3.0
[1.924s] -- Found ament_lint_auto: 0.12.7 (/opt/ros/humble/share/ament_lint_auto/cmake)
[1.980s] -- Added test 'copyright' to check source files copyright and LICENSE
[1.981s] -- Added test 'cppcheck' to perform static code analysis on C / C++ code
[1.981s] -- Configured cppcheck include dirs: /home/nuctella/ros2_ws/ws/src/gazebosim/gz_ros2_control/ign_ros2_control/include
[1.981s] -- Configured cppcheck exclude dirs and/or files: 
[1.981s] -- Added test 'cpplint' to check C / C++ code against the Google style
[1.982s] -- Configured cpplint exclude dirs and/or files: 
[1.982s] -- Added test 'lint_cmake' to check CMake code style
[1.983s] -- Added test 'uncrustify' to check C / C++ code style
[1.983s] -- Configured uncrustify additional arguments: 
[1.983s] -- Added test 'xmllint' to check XML markup files
[1.985s] -- Configuring done
[2.018s] -- Generating done
[2.020s] -- Build files have been written to: /home/nuctella/ros2_ws/ws/build/ign_ros2_control
[2.027s] Invoked command in '/home/nuctella/ros2_ws/ws/build/ign_ros2_control' returned '0': CMAKE_PREFIX_PATH=${CMAKE_PREFIX_PATH}:/home/nuctella/my_ros2_ws/install/start_with_simple_nodes_py:/home/nuctella/my_ros2_ws/install/rosbot_object_recognition:/home/nuctella/my_ros2_ws/install/publisher_and_subscriber_py:/opt/ros/humble /usr/bin/cmake /home/nuctella/ros2_ws/ws/src/gazebosim/gz_ros2_control/ign_ros2_control -DCMAKE_INSTALL_PREFIX=/home/nuctella/ros2_ws/ws/install/ign_ros2_control
[2.028s] Invoking command in '/home/nuctella/ros2_ws/ws/build/ign_ros2_control': CMAKE_PREFIX_PATH=${CMAKE_PREFIX_PATH}:/home/nuctella/my_ros2_ws/install/start_with_simple_nodes_py:/home/nuctella/my_ros2_ws/install/rosbot_object_recognition:/home/nuctella/my_ros2_ws/install/publisher_and_subscriber_py:/opt/ros/humble /usr/bin/cmake --build /home/nuctella/ros2_ws/ws/build/ign_ros2_control -- -j20 -l20
[2.052s] [35m[1mConsolidate compiler generated dependencies of target ign_ros2_control-system[0m
[2.052s] [35m[1mConsolidate compiler generated dependencies of target ign_hardware_plugins[0m
[2.067s] [ 50%] Built target ign_hardware_plugins
[2.069s] [100%] Built target ign_ros2_control-system
[2.075s] Invoked command in '/home/nuctella/ros2_ws/ws/build/ign_ros2_control' returned '0': CMAKE_PREFIX_PATH=${CMAKE_PREFIX_PATH}:/home/nuctella/my_ros2_ws/install/start_with_simple_nodes_py:/home/nuctella/my_ros2_ws/install/rosbot_object_recognition:/home/nuctella/my_ros2_ws/install/publisher_and_subscriber_py:/opt/ros/humble /usr/bin/cmake --build /home/nuctella/ros2_ws/ws/build/ign_ros2_control -- -j20 -l20
[2.091s] Invoking command in '/home/nuctella/ros2_ws/ws/build/ign_ros2_control': CMAKE_PREFIX_PATH=${CMAKE_PREFIX_PATH}:/home/nuctella/my_ros2_ws/install/start_with_simple_nodes_py:/home/nuctella/my_ros2_ws/install/rosbot_object_recognition:/home/nuctella/my_ros2_ws/install/publisher_and_subscriber_py:/opt/ros/humble /usr/bin/cmake --install /home/nuctella/ros2_ws/ws/build/ign_ros2_control
[2.094s] -- Install configuration: ""
[2.095s] -- Execute custom install script
[2.095s] -- Up-to-date symlink: /home/nuctella/ros2_ws/ws/install/ign_ros2_control/lib/libign_hardware_plugins.so
[2.095s] -- Up-to-date symlink: /home/nuctella/ros2_ws/ws/install/ign_ros2_control/share/ign_ros2_control/environment/library_path.sh
[2.095s] -- Up-to-date symlink: /home/nuctella/ros2_ws/ws/install/ign_ros2_control/share/ign_ros2_control/environment/library_path.dsv
[2.095s] -- Up-to-date symlink: /home/nuctella/ros2_ws/ws/install/ign_ros2_control/lib/libign_ros2_control-system.so
[2.096s] -- Up-to-date symlink: /home/nuctella/ros2_ws/ws/install/ign_ros2_control/share/ign_ros2_control//ign_hardware_plugins.xml
[2.096s] -- Up-to-date symlink: /home/nuctella/ros2_ws/ws/install/ign_ros2_control/share/ament_index/resource_index/package_run_dependencies/ign_ros2_control
[2.096s] -- Up-to-date symlink: /home/nuctella/ros2_ws/ws/install/ign_ros2_control/share/ament_index/resource_index/parent_prefix_path/ign_ros2_control
[2.096s] -- Up-to-date symlink: /home/nuctella/ros2_ws/ws/install/ign_ros2_control/share/ign_ros2_control/environment/ament_prefix_path.sh
[2.096s] -- Up-to-date symlink: /home/nuctella/ros2_ws/ws/install/ign_ros2_control/share/ign_ros2_control/environment/ament_prefix_path.dsv
[2.096s] -- Up-to-date symlink: /home/nuctella/ros2_ws/ws/install/ign_ros2_control/share/ign_ros2_control/environment/path.sh
[2.096s] -- Up-to-date symlink: /home/nuctella/ros2_ws/ws/install/ign_ros2_control/share/ign_ros2_control/environment/path.dsv
[2.097s] -- Up-to-date symlink: /home/nuctella/ros2_ws/ws/install/ign_ros2_control/share/ign_ros2_control/local_setup.bash
[2.097s] -- Up-to-date symlink: /home/nuctella/ros2_ws/ws/install/ign_ros2_control/share/ign_ros2_control/local_setup.sh
[2.097s] -- Up-to-date symlink: /home/nuctella/ros2_ws/ws/install/ign_ros2_control/share/ign_ros2_control/local_setup.zsh
[2.097s] -- Up-to-date symlink: /home/nuctella/ros2_ws/ws/install/ign_ros2_control/share/ign_ros2_control/local_setup.dsv
[2.097s] -- Symlinking: /home/nuctella/ros2_ws/ws/install/ign_ros2_control/share/ign_ros2_control/package.dsv
[2.102s] -- Up-to-date symlink: /home/nuctella/ros2_ws/ws/install/ign_ros2_control/share/ament_index/resource_index/packages/ign_ros2_control
[2.102s] -- Up-to-date symlink: /home/nuctella/ros2_ws/ws/install/ign_ros2_control/share/ament_index/resource_index/ign_ros2_control__pluginlib__plugin/ign_ros2_control
[2.102s] -- Up-to-date symlink: /home/nuctella/ros2_ws/ws/install/ign_ros2_control/share/ign_ros2_control/cmake/ament_cmake_export_include_directories-extras.cmake
[2.102s] -- Up-to-date symlink: /home/nuctella/ros2_ws/ws/install/ign_ros2_control/share/ign_ros2_control/cmake/ament_cmake_export_libraries-extras.cmake
[2.103s] -- Up-to-date symlink: /home/nuctella/ros2_ws/ws/install/ign_ros2_control/share/ign_ros2_control/cmake/ign_ros2_controlConfig.cmake
[2.103s] -- Up-to-date symlink: /home/nuctella/ros2_ws/ws/install/ign_ros2_control/share/ign_ros2_control/cmake/ign_ros2_controlConfig-version.cmake
[2.103s] -- Up-to-date symlink: /home/nuctella/ros2_ws/ws/install/ign_ros2_control/share/ign_ros2_control/package.xml
[2.106s] Invoked command in '/home/nuctella/ros2_ws/ws/build/ign_ros2_control' returned '0': CMAKE_PREFIX_PATH=${CMAKE_PREFIX_PATH}:/home/nuctella/my_ros2_ws/install/start_with_simple_nodes_py:/home/nuctella/my_ros2_ws/install/rosbot_object_recognition:/home/nuctella/my_ros2_ws/install/publisher_and_subscriber_py:/opt/ros/humble /usr/bin/cmake --install /home/nuctella/ros2_ws/ws/build/ign_ros2_control
