-- Found ament_cmake: 1.3.5 (/opt/ros/humble/share/ament_cmake/cmake)
-- Override CMake install command with custom implementation using symlinks instead of copying resources
-- Found rclcpp: 16.0.6 (/opt/ros/humble/share/rclcpp/cmake)
-- Found rosidl_generator_c: 3.1.5 (/opt/ros/humble/share/rosidl_generator_c/cmake)
-- Found rosidl_adapter: 3.1.5 (/opt/ros/humble/share/rosidl_adapter/cmake)
-- Found rosidl_generator_cpp: 3.1.5 (/opt/ros/humble/share/rosidl_generator_cpp/cmake)
-- Using all available rosidl_typesupport_c: rosidl_typesupport_fastrtps_c;rosidl_typesupport_introspection_c
-- Using all available rosidl_typesupport_cpp: rosidl_typesupport_fastrtps_cpp;rosidl_typesupport_introspection_cpp
-- Found rmw_implementation_cmake: 6.1.1 (/opt/ros/humble/share/rmw_implementation_cmake/cmake)
-- Found rmw_fastrtps_cpp: 6.2.4 (/opt/ros/humble/share/rmw_fastrtps_cpp/cmake)
-- Using RMW implementation 'rmw_fastrtps_cpp' as default
-- Found rclpy: 3.3.10 (/opt/ros/humble/share/rclpy/cmake)
-- Found sensor_msgs: 4.2.3 (/opt/ros/humble/share/sensor_msgs/cmake)
-- Found ament_lint_auto: 0.12.8 (/opt/ros/humble/share/ament_lint_auto/cmake)
-- Added test 'cppcheck' to perform static code analysis on C / C++ code
-- Configured cppcheck include dirs: /home/nuctella/my_ros2_ws/src/core/include
-- Configured cppcheck exclude dirs and/or files: 
-- Added test 'flake8' to check Python code syntax and style conventions
-- Added test 'lint_cmake' to check CMake code style
-- Added test 'pep257' to check Python code against some of the docstring style conventions in PEP 257
-- Added test 'uncrustify' to check C / C++ code style
-- Configured uncrustify additional arguments: 
-- Added test 'xmllint' to check XML markup files
-- Configuring done
-- Generating done
-- Build files have been written to: /home/nuctella/my_ros2_ws/build/core
[35m[1mConsolidate compiler generated dependencies of target monitor_battery[0m
[  0%] Built target ament_cmake_python_symlink_core
[100%] Built target monitor_battery
running egg_info
writing core.egg-info/PKG-INFO
writing dependency_links to core.egg-info/dependency_links.txt
writing top-level names to core.egg-info/top_level.txt
reading manifest file 'core.egg-info/SOURCES.txt'
writing manifest file 'core.egg-info/SOURCES.txt'
[100%] Built target ament_cmake_python_build_core_egg
-- Install configuration: ""
-- Execute custom install script
-- Up-to-date symlink: /home/nuctella/my_ros2_ws/install/core/lib/core/monitor_battery
-- Up-to-date symlink: /home/nuctella/my_ros2_ws/install/core/include/.gitkeep
-- Up-to-date symlink: /home/nuctella/my_ros2_ws/install/core/share/core/environment/pythonpath.sh
-- Up-to-date symlink: /home/nuctella/my_ros2_ws/install/core/share/core/environment/pythonpath.dsv
-- Up-to-date symlink: /home/nuctella/my_ros2_ws/install/core/local/lib/python3.10/dist-packages/core-0.0.0-py3.10.egg-info/PKG-INFO
-- Up-to-date symlink: /home/nuctella/my_ros2_ws/install/core/local/lib/python3.10/dist-packages/core-0.0.0-py3.10.egg-info/SOURCES.txt
-- Up-to-date symlink: /home/nuctella/my_ros2_ws/install/core/local/lib/python3.10/dist-packages/core-0.0.0-py3.10.egg-info/dependency_links.txt
-- Up-to-date symlink: /home/nuctella/my_ros2_ws/install/core/local/lib/python3.10/dist-packages/core-0.0.0-py3.10.egg-info/top_level.txt
-- Up-to-date symlink: /home/nuctella/my_ros2_ws/install/core/local/lib/python3.10/dist-packages/core/__init__.py
-- Up-to-date symlink: /home/nuctella/my_ros2_ws/install/core/lib/core/monitor_battery.py
-- Up-to-date symlink: /home/nuctella/my_ros2_ws/install/core/share/ament_index/resource_index/package_run_dependencies/core
-- Up-to-date symlink: /home/nuctella/my_ros2_ws/install/core/share/ament_index/resource_index/parent_prefix_path/core
-- Up-to-date symlink: /home/nuctella/my_ros2_ws/install/core/share/core/environment/ament_prefix_path.sh
-- Up-to-date symlink: /home/nuctella/my_ros2_ws/install/core/share/core/environment/ament_prefix_path.dsv
-- Up-to-date symlink: /home/nuctella/my_ros2_ws/install/core/share/core/environment/path.sh
-- Up-to-date symlink: /home/nuctella/my_ros2_ws/install/core/share/core/environment/path.dsv
-- Up-to-date symlink: /home/nuctella/my_ros2_ws/install/core/share/core/local_setup.bash
-- Up-to-date symlink: /home/nuctella/my_ros2_ws/install/core/share/core/local_setup.sh
-- Up-to-date symlink: /home/nuctella/my_ros2_ws/install/core/share/core/local_setup.zsh
-- Up-to-date symlink: /home/nuctella/my_ros2_ws/install/core/share/core/local_setup.dsv
-- Symlinking: /home/nuctella/my_ros2_ws/install/core/share/core/package.dsv
-- Up-to-date symlink: /home/nuctella/my_ros2_ws/install/core/share/ament_index/resource_index/packages/core
-- Up-to-date symlink: /home/nuctella/my_ros2_ws/install/core/share/core/cmake/ament_cmake_export_include_directories-extras.cmake
-- Up-to-date symlink: /home/nuctella/my_ros2_ws/install/core/share/core/cmake/coreConfig.cmake
-- Up-to-date symlink: /home/nuctella/my_ros2_ws/install/core/share/core/cmake/coreConfig-version.cmake
-- Up-to-date symlink: /home/nuctella/my_ros2_ws/install/core/share/core/package.xml
Listing '/home/nuctella/my_ros2_ws/install/core/local/lib/python3.10/dist-packages/core'...
