-- Found ament_cmake: 1.3.5 (/opt/ros/humble/share/ament_cmake/cmake)
-- Override CMake install command with custom implementation using symlinks instead of copying resources
-- Configuring done
-- Generating done
-- Build files have been written to: /home/nuctella/ros2_ws/ws/build/rosbot_xl
-- Install configuration: ""
-- Execute custom install script
-- Up-to-date symlink: /home/nuctella/ros2_ws/ws/install/rosbot_xl/share/ament_index/resource_index/package_run_dependencies/rosbot_xl
-- Up-to-date symlink: /home/nuctella/ros2_ws/ws/install/rosbot_xl/share/ament_index/resource_index/parent_prefix_path/rosbot_xl
-- Up-to-date symlink: /home/nuctella/ros2_ws/ws/install/rosbot_xl/share/rosbot_xl/environment/ament_prefix_path.sh
-- Up-to-date symlink: /home/nuctella/ros2_ws/ws/install/rosbot_xl/share/rosbot_xl/environment/ament_prefix_path.dsv
-- Up-to-date symlink: /home/nuctella/ros2_ws/ws/install/rosbot_xl/share/rosbot_xl/environment/path.sh
-- Up-to-date symlink: /home/nuctella/ros2_ws/ws/install/rosbot_xl/share/rosbot_xl/environment/path.dsv
-- Up-to-date symlink: /home/nuctella/ros2_ws/ws/install/rosbot_xl/share/rosbot_xl/local_setup.bash
-- Up-to-date symlink: /home/nuctella/ros2_ws/ws/install/rosbot_xl/share/rosbot_xl/local_setup.sh
-- Up-to-date symlink: /home/nuctella/ros2_ws/ws/install/rosbot_xl/share/rosbot_xl/local_setup.zsh
-- Up-to-date symlink: /home/nuctella/ros2_ws/ws/install/rosbot_xl/share/rosbot_xl/local_setup.dsv
-- Symlinking: /home/nuctella/ros2_ws/ws/install/rosbot_xl/share/rosbot_xl/package.dsv
-- Up-to-date symlink: /home/nuctella/ros2_ws/ws/install/rosbot_xl/share/ament_index/resource_index/packages/rosbot_xl
-- Up-to-date symlink: /home/nuctella/ros2_ws/ws/install/rosbot_xl/share/rosbot_xl/cmake/rosbot_xlConfig.cmake
-- Up-to-date symlink: /home/nuctella/ros2_ws/ws/install/rosbot_xl/share/rosbot_xl/cmake/rosbot_xlConfig-version.cmake
-- Up-to-date symlink: /home/nuctella/ros2_ws/ws/install/rosbot_xl/share/rosbot_xl/package.xml
