[0.020s] Invoking command in '/home/nuctella/my_ros2_ws/build/rosbot_interfaces': CMAKE_PREFIX_PATH=${CMAKE_PREFIX_PATH}:/home/nuctella/my_ros2_ws/install/rosbot_object_recognition:/opt/ros/humble /usr/bin/cmake --build /home/nuctella/my_ros2_ws/build/rosbot_interfaces -- -j20 -l20
[0.063s] [ 12%] Built target rosbot_interfaces__cpp
[0.064s] [ 12%] Built target rosbot_interfaces__rosidl_generator_c
[0.073s] [ 12%] Built target ament_cmake_python_copy_rosbot_interfaces
[0.083s] [ 29%] Built target rosbot_interfaces__rosidl_typesupport_introspection_c
[0.083s] [ 32%] Built target rosbot_interfaces__rosidl_typesupport_fastrtps_c
[0.083s] [ 41%] Built target rosbot_interfaces__rosidl_typesupport_c
[0.087s] [ 51%] Built target rosbot_interfaces__rosidl_typesupport_introspection_cpp
[0.091s] [ 64%] Built target rosbot_interfaces__rosidl_typesupport_cpp
[0.091s] [ 70%] Built target rosbot_interfaces__rosidl_typesupport_fastrtps_cpp
[0.107s] [ 70%] Built target rosbot_interfaces
[0.126s] [ 74%] Built target rosbot_interfaces__py
[0.145s] [ 80%] Built target rosbot_interfaces__rosidl_generator_py
[0.164s] [ 96%] Built target rosbot_interfaces__rosidl_typesupport_introspection_c__pyext
[0.164s] [100%] Built target rosbot_interfaces__rosidl_typesupport_c__pyext
[0.165s] [ 96%] Built target rosbot_interfaces__rosidl_typesupport_fastrtps_c__pyext
[0.235s] running egg_info
[0.245s] writing rosbot_interfaces.egg-info/PKG-INFO
[0.245s] writing dependency_links to rosbot_interfaces.egg-info/dependency_links.txt
[0.245s] writing top-level names to rosbot_interfaces.egg-info/top_level.txt
[0.276s] reading manifest file 'rosbot_interfaces.egg-info/SOURCES.txt'
[0.277s] writing manifest file 'rosbot_interfaces.egg-info/SOURCES.txt'
[0.300s] [100%] Built target ament_cmake_python_build_rosbot_interfaces_egg
[0.310s] Invoked command in '/home/nuctella/my_ros2_ws/build/rosbot_interfaces' returned '0': CMAKE_PREFIX_PATH=${CMAKE_PREFIX_PATH}:/home/nuctella/my_ros2_ws/install/rosbot_object_recognition:/opt/ros/humble /usr/bin/cmake --build /home/nuctella/my_ros2_ws/build/rosbot_interfaces -- -j20 -l20
[0.361s] Invoking command in '/home/nuctella/my_ros2_ws/build/rosbot_interfaces': CMAKE_PREFIX_PATH=${CMAKE_PREFIX_PATH}:/home/nuctella/my_ros2_ws/install/rosbot_object_recognition:/opt/ros/humble /usr/bin/cmake --install /home/nuctella/my_ros2_ws/build/rosbot_interfaces
[0.368s] -- Install configuration: ""
[0.368s] -- Up-to-date: /home/nuctella/my_ros2_ws/install/rosbot_interfaces/share/ament_index/resource_index/rosidl_interfaces/rosbot_interfaces
[0.369s] -- Up-to-date: /home/nuctella/my_ros2_ws/install/rosbot_interfaces/include/rosbot_interfaces/rosbot_interfaces
[0.369s] -- Up-to-date: /home/nuctella/my_ros2_ws/install/rosbot_interfaces/include/rosbot_interfaces/rosbot_interfaces/msg
[0.369s] -- Up-to-date: /home/nuctella/my_ros2_ws/install/rosbot_interfaces/include/rosbot_interfaces/rosbot_interfaces/msg/obstacle_info.h
[0.369s] -- Up-to-date: /home/nuctella/my_ros2_ws/install/rosbot_interfaces/include/rosbot_interfaces/rosbot_interfaces/msg/detail
[0.369s] -- Up-to-date: /home/nuctella/my_ros2_ws/install/rosbot_interfaces/include/rosbot_interfaces/rosbot_interfaces/msg/detail/obstacle_info__type_support.h
[0.369s] -- Up-to-date: /home/nuctella/my_ros2_ws/install/rosbot_interfaces/include/rosbot_interfaces/rosbot_interfaces/msg/detail/obstacle_info__struct.h
[0.369s] -- Up-to-date: /home/nuctella/my_ros2_ws/install/rosbot_interfaces/include/rosbot_interfaces/rosbot_interfaces/msg/detail/obstacle_info__functions.h
[0.369s] -- Up-to-date: /home/nuctella/my_ros2_ws/install/rosbot_interfaces/include/rosbot_interfaces/rosbot_interfaces/msg/detail/obstacle_info__functions.c
[0.370s] -- Up-to-date: /home/nuctella/my_ros2_ws/install/rosbot_interfaces/include/rosbot_interfaces/rosbot_interfaces/msg/rosidl_generator_c__visibility_control.h
[0.370s] -- Up-to-date: /home/nuctella/my_ros2_ws/install/rosbot_interfaces/share/rosbot_interfaces/environment/library_path.sh
[0.370s] -- Up-to-date: /home/nuctella/my_ros2_ws/install/rosbot_interfaces/share/rosbot_interfaces/environment/library_path.dsv
[0.370s] -- Up-to-date: /home/nuctella/my_ros2_ws/install/rosbot_interfaces/lib/librosbot_interfaces__rosidl_generator_c.so
[0.370s] -- Up-to-date: /home/nuctella/my_ros2_ws/install/rosbot_interfaces/include/rosbot_interfaces/rosbot_interfaces
[0.370s] -- Up-to-date: /home/nuctella/my_ros2_ws/install/rosbot_interfaces/include/rosbot_interfaces/rosbot_interfaces/msg
[0.370s] -- Up-to-date: /home/nuctella/my_ros2_ws/install/rosbot_interfaces/include/rosbot_interfaces/rosbot_interfaces/msg/detail
[0.371s] -- Up-to-date: /home/nuctella/my_ros2_ws/install/rosbot_interfaces/include/rosbot_interfaces/rosbot_interfaces/msg/detail/obstacle_info__rosidl_typesupport_fastrtps_c.h
[0.371s] -- Up-to-date: /home/nuctella/my_ros2_ws/install/rosbot_interfaces/include/rosbot_interfaces/rosbot_interfaces/msg/rosidl_typesupport_fastrtps_c__visibility_control.h
[0.371s] -- Up-to-date: /home/nuctella/my_ros2_ws/install/rosbot_interfaces/lib/librosbot_interfaces__rosidl_typesupport_fastrtps_c.so
[0.371s] -- Up-to-date: /home/nuctella/my_ros2_ws/install/rosbot_interfaces/include/rosbot_interfaces/rosbot_interfaces
[0.371s] -- Up-to-date: /home/nuctella/my_ros2_ws/install/rosbot_interfaces/include/rosbot_interfaces/rosbot_interfaces/msg
[0.371s] -- Up-to-date: /home/nuctella/my_ros2_ws/install/rosbot_interfaces/include/rosbot_interfaces/rosbot_interfaces/msg/detail
[0.371s] -- Up-to-date: /home/nuctella/my_ros2_ws/install/rosbot_interfaces/include/rosbot_interfaces/rosbot_interfaces/msg/detail/obstacle_info__struct.hpp
[0.371s] -- Up-to-date: /home/nuctella/my_ros2_ws/install/rosbot_interfaces/include/rosbot_interfaces/rosbot_interfaces/msg/detail/obstacle_info__traits.hpp
[0.371s] -- Up-to-date: /home/nuctella/my_ros2_ws/install/rosbot_interfaces/include/rosbot_interfaces/rosbot_interfaces/msg/detail/obstacle_info__builder.hpp
[0.371s] -- Up-to-date: /home/nuctella/my_ros2_ws/install/rosbot_interfaces/include/rosbot_interfaces/rosbot_interfaces/msg/obstacle_info.hpp
[0.372s] -- Up-to-date: /home/nuctella/my_ros2_ws/install/rosbot_interfaces/include/rosbot_interfaces/rosbot_interfaces
[0.372s] -- Up-to-date: /home/nuctella/my_ros2_ws/install/rosbot_interfaces/include/rosbot_interfaces/rosbot_interfaces/msg
[0.372s] -- Up-to-date: /home/nuctella/my_ros2_ws/install/rosbot_interfaces/include/rosbot_interfaces/rosbot_interfaces/msg/detail
[0.372s] -- Up-to-date: /home/nuctella/my_ros2_ws/install/rosbot_interfaces/include/rosbot_interfaces/rosbot_interfaces/msg/detail/dds_fastrtps
[0.372s] -- Up-to-date: /home/nuctella/my_ros2_ws/install/rosbot_interfaces/include/rosbot_interfaces/rosbot_interfaces/msg/detail/obstacle_info__rosidl_typesupport_fastrtps_cpp.hpp
[0.372s] -- Up-to-date: /home/nuctella/my_ros2_ws/install/rosbot_interfaces/include/rosbot_interfaces/rosbot_interfaces/msg/rosidl_typesupport_fastrtps_cpp__visibility_control.h
[0.372s] -- Up-to-date: /home/nuctella/my_ros2_ws/install/rosbot_interfaces/lib/librosbot_interfaces__rosidl_typesupport_fastrtps_cpp.so
[0.372s] -- Up-to-date: /home/nuctella/my_ros2_ws/install/rosbot_interfaces/include/rosbot_interfaces/rosbot_interfaces
[0.372s] -- Up-to-date: /home/nuctella/my_ros2_ws/install/rosbot_interfaces/include/rosbot_interfaces/rosbot_interfaces/msg
[0.372s] -- Up-to-date: /home/nuctella/my_ros2_ws/install/rosbot_interfaces/include/rosbot_interfaces/rosbot_interfaces/msg/detail
[0.372s] -- Up-to-date: /home/nuctella/my_ros2_ws/install/rosbot_interfaces/include/rosbot_interfaces/rosbot_interfaces/msg/detail/obstacle_info__rosidl_typesupport_introspection_c.h
[0.372s] -- Up-to-date: /home/nuctella/my_ros2_ws/install/rosbot_interfaces/include/rosbot_interfaces/rosbot_interfaces/msg/detail/obstacle_info__type_support.c
[0.372s] -- Up-to-date: /home/nuctella/my_ros2_ws/install/rosbot_interfaces/include/rosbot_interfaces/rosbot_interfaces/msg/rosidl_typesupport_introspection_c__visibility_control.h
[0.372s] -- Up-to-date: /home/nuctella/my_ros2_ws/install/rosbot_interfaces/lib/librosbot_interfaces__rosidl_typesupport_introspection_c.so
[0.373s] -- Up-to-date: /home/nuctella/my_ros2_ws/install/rosbot_interfaces/lib/librosbot_interfaces__rosidl_typesupport_c.so
[0.373s] -- Up-to-date: /home/nuctella/my_ros2_ws/install/rosbot_interfaces/include/rosbot_interfaces/rosbot_interfaces
[0.373s] -- Up-to-date: /home/nuctella/my_ros2_ws/install/rosbot_interfaces/include/rosbot_interfaces/rosbot_interfaces/msg
[0.373s] -- Up-to-date: /home/nuctella/my_ros2_ws/install/rosbot_interfaces/include/rosbot_interfaces/rosbot_interfaces/msg/detail
[0.373s] -- Up-to-date: /home/nuctella/my_ros2_ws/install/rosbot_interfaces/include/rosbot_interfaces/rosbot_interfaces/msg/detail/obstacle_info__rosidl_typesupport_introspection_cpp.hpp
[0.373s] -- Up-to-date: /home/nuctella/my_ros2_ws/install/rosbot_interfaces/include/rosbot_interfaces/rosbot_interfaces/msg/detail/obstacle_info__type_support.cpp
[0.373s] -- Up-to-date: /home/nuctella/my_ros2_ws/install/rosbot_interfaces/lib/librosbot_interfaces__rosidl_typesupport_introspection_cpp.so
[0.373s] -- Up-to-date: /home/nuctella/my_ros2_ws/install/rosbot_interfaces/lib/librosbot_interfaces__rosidl_typesupport_cpp.so
[0.373s] -- Up-to-date: /home/nuctella/my_ros2_ws/install/rosbot_interfaces/share/rosbot_interfaces/environment/pythonpath.sh
[0.373s] -- Up-to-date: /home/nuctella/my_ros2_ws/install/rosbot_interfaces/share/rosbot_interfaces/environment/pythonpath.dsv
[0.373s] -- Up-to-date: /home/nuctella/my_ros2_ws/install/rosbot_interfaces/local/lib/python3.10/dist-packages/rosbot_interfaces-0.0.0-py3.10.egg-info
[0.373s] -- Installing: /home/nuctella/my_ros2_ws/install/rosbot_interfaces/local/lib/python3.10/dist-packages/rosbot_interfaces-0.0.0-py3.10.egg-info/dependency_links.txt
[0.373s] -- Installing: /home/nuctella/my_ros2_ws/install/rosbot_interfaces/local/lib/python3.10/dist-packages/rosbot_interfaces-0.0.0-py3.10.egg-info/top_level.txt
[0.373s] -- Installing: /home/nuctella/my_ros2_ws/install/rosbot_interfaces/local/lib/python3.10/dist-packages/rosbot_interfaces-0.0.0-py3.10.egg-info/SOURCES.txt
[0.373s] -- Installing: /home/nuctella/my_ros2_ws/install/rosbot_interfaces/local/lib/python3.10/dist-packages/rosbot_interfaces-0.0.0-py3.10.egg-info/PKG-INFO
[0.374s] -- Up-to-date: /home/nuctella/my_ros2_ws/install/rosbot_interfaces/local/lib/python3.10/dist-packages/rosbot_interfaces
[0.374s] -- Up-to-date: /home/nuctella/my_ros2_ws/install/rosbot_interfaces/local/lib/python3.10/dist-packages/rosbot_interfaces/_rosbot_interfaces_s.ep.rosidl_typesupport_fastrtps_c.c
[0.374s] -- Up-to-date: /home/nuctella/my_ros2_ws/install/rosbot_interfaces/local/lib/python3.10/dist-packages/rosbot_interfaces/_rosbot_interfaces_s.ep.rosidl_typesupport_introspection_c.c
[0.374s] -- Up-to-date: /home/nuctella/my_ros2_ws/install/rosbot_interfaces/local/lib/python3.10/dist-packages/rosbot_interfaces/_rosbot_interfaces_s.ep.rosidl_typesupport_c.c
[0.374s] -- Up-to-date: /home/nuctella/my_ros2_ws/install/rosbot_interfaces/local/lib/python3.10/dist-packages/rosbot_interfaces/msg
[0.374s] -- Up-to-date: /home/nuctella/my_ros2_ws/install/rosbot_interfaces/local/lib/python3.10/dist-packages/rosbot_interfaces/msg/_obstacle_info.py
[0.374s] -- Up-to-date: /home/nuctella/my_ros2_ws/install/rosbot_interfaces/local/lib/python3.10/dist-packages/rosbot_interfaces/msg/_obstacle_info_s.c
[0.374s] -- Up-to-date: /home/nuctella/my_ros2_ws/install/rosbot_interfaces/local/lib/python3.10/dist-packages/rosbot_interfaces/msg/__init__.py
[0.374s] -- Up-to-date: /home/nuctella/my_ros2_ws/install/rosbot_interfaces/local/lib/python3.10/dist-packages/rosbot_interfaces/rosbot_interfaces_s__rosidl_typesupport_fastrtps_c.cpython-310-x86_64-linux-gnu.so
[0.374s] -- Up-to-date: /home/nuctella/my_ros2_ws/install/rosbot_interfaces/local/lib/python3.10/dist-packages/rosbot_interfaces/librosbot_interfaces__rosidl_generator_py.so
[0.374s] -- Up-to-date: /home/nuctella/my_ros2_ws/install/rosbot_interfaces/local/lib/python3.10/dist-packages/rosbot_interfaces/rosbot_interfaces_s__rosidl_typesupport_introspection_c.cpython-310-x86_64-linux-gnu.so
[0.374s] -- Up-to-date: /home/nuctella/my_ros2_ws/install/rosbot_interfaces/local/lib/python3.10/dist-packages/rosbot_interfaces/__init__.py
[0.374s] -- Up-to-date: /home/nuctella/my_ros2_ws/install/rosbot_interfaces/local/lib/python3.10/dist-packages/rosbot_interfaces/rosbot_interfaces_s__rosidl_typesupport_c.cpython-310-x86_64-linux-gnu.so
[0.404s] Listing '/home/nuctella/my_ros2_ws/install/rosbot_interfaces/local/lib/python3.10/dist-packages/rosbot_interfaces'...
[0.404s] Listing '/home/nuctella/my_ros2_ws/install/rosbot_interfaces/local/lib/python3.10/dist-packages/rosbot_interfaces/msg'...
[0.408s] -- Up-to-date: /home/nuctella/my_ros2_ws/install/rosbot_interfaces/local/lib/python3.10/dist-packages/rosbot_interfaces/rosbot_interfaces_s__rosidl_typesupport_fastrtps_c.cpython-310-x86_64-linux-gnu.so
[0.408s] -- Up-to-date: /home/nuctella/my_ros2_ws/install/rosbot_interfaces/local/lib/python3.10/dist-packages/rosbot_interfaces/rosbot_interfaces_s__rosidl_typesupport_introspection_c.cpython-310-x86_64-linux-gnu.so
[0.408s] -- Up-to-date: /home/nuctella/my_ros2_ws/install/rosbot_interfaces/local/lib/python3.10/dist-packages/rosbot_interfaces/rosbot_interfaces_s__rosidl_typesupport_c.cpython-310-x86_64-linux-gnu.so
[0.409s] -- Up-to-date: /home/nuctella/my_ros2_ws/install/rosbot_interfaces/lib/librosbot_interfaces__rosidl_generator_py.so
[0.409s] -- Up-to-date: /home/nuctella/my_ros2_ws/install/rosbot_interfaces/share/rosbot_interfaces/msg/ObstacleInfo.idl
[0.409s] -- Up-to-date: /home/nuctella/my_ros2_ws/install/rosbot_interfaces/share/rosbot_interfaces/msg/ObstacleInfo.msg
[0.409s] -- Up-to-date: /home/nuctella/my_ros2_ws/install/rosbot_interfaces/share/ament_index/resource_index/package_run_dependencies/rosbot_interfaces
[0.410s] -- Up-to-date: /home/nuctella/my_ros2_ws/install/rosbot_interfaces/share/ament_index/resource_index/parent_prefix_path/rosbot_interfaces
[0.410s] -- Up-to-date: /home/nuctella/my_ros2_ws/install/rosbot_interfaces/share/rosbot_interfaces/environment/ament_prefix_path.sh
[0.410s] -- Up-to-date: /home/nuctella/my_ros2_ws/install/rosbot_interfaces/share/rosbot_interfaces/environment/ament_prefix_path.dsv
[0.410s] -- Up-to-date: /home/nuctella/my_ros2_ws/install/rosbot_interfaces/share/rosbot_interfaces/environment/path.sh
[0.411s] -- Up-to-date: /home/nuctella/my_ros2_ws/install/rosbot_interfaces/share/rosbot_interfaces/environment/path.dsv
[0.411s] -- Up-to-date: /home/nuctella/my_ros2_ws/install/rosbot_interfaces/share/rosbot_interfaces/local_setup.bash
[0.411s] -- Up-to-date: /home/nuctella/my_ros2_ws/install/rosbot_interfaces/share/rosbot_interfaces/local_setup.sh
[0.411s] -- Up-to-date: /home/nuctella/my_ros2_ws/install/rosbot_interfaces/share/rosbot_interfaces/local_setup.zsh
[0.411s] -- Up-to-date: /home/nuctella/my_ros2_ws/install/rosbot_interfaces/share/rosbot_interfaces/local_setup.dsv
[0.411s] -- Installing: /home/nuctella/my_ros2_ws/install/rosbot_interfaces/share/rosbot_interfaces/package.dsv
[0.411s] -- Up-to-date: /home/nuctella/my_ros2_ws/install/rosbot_interfaces/share/ament_index/resource_index/packages/rosbot_interfaces
[0.411s] -- Up-to-date: /home/nuctella/my_ros2_ws/install/rosbot_interfaces/share/rosbot_interfaces/cmake/export_rosbot_interfaces__rosidl_generator_cExport.cmake
[0.411s] -- Up-to-date: /home/nuctella/my_ros2_ws/install/rosbot_interfaces/share/rosbot_interfaces/cmake/export_rosbot_interfaces__rosidl_generator_cExport-noconfig.cmake
[0.411s] -- Up-to-date: /home/nuctella/my_ros2_ws/install/rosbot_interfaces/share/rosbot_interfaces/cmake/export_rosbot_interfaces__rosidl_typesupport_fastrtps_cExport.cmake
[0.411s] -- Up-to-date: /home/nuctella/my_ros2_ws/install/rosbot_interfaces/share/rosbot_interfaces/cmake/export_rosbot_interfaces__rosidl_typesupport_fastrtps_cExport-noconfig.cmake
[0.411s] -- Up-to-date: /home/nuctella/my_ros2_ws/install/rosbot_interfaces/share/rosbot_interfaces/cmake/export_rosbot_interfaces__rosidl_generator_cppExport.cmake
[0.411s] -- Up-to-date: /home/nuctella/my_ros2_ws/install/rosbot_interfaces/share/rosbot_interfaces/cmake/export_rosbot_interfaces__rosidl_typesupport_fastrtps_cppExport.cmake
[0.411s] -- Up-to-date: /home/nuctella/my_ros2_ws/install/rosbot_interfaces/share/rosbot_interfaces/cmake/export_rosbot_interfaces__rosidl_typesupport_fastrtps_cppExport-noconfig.cmake
[0.412s] -- Up-to-date: /home/nuctella/my_ros2_ws/install/rosbot_interfaces/share/rosbot_interfaces/cmake/rosbot_interfaces__rosidl_typesupport_introspection_cExport.cmake
[0.412s] -- Up-to-date: /home/nuctella/my_ros2_ws/install/rosbot_interfaces/share/rosbot_interfaces/cmake/rosbot_interfaces__rosidl_typesupport_introspection_cExport-noconfig.cmake
[0.412s] -- Up-to-date: /home/nuctella/my_ros2_ws/install/rosbot_interfaces/share/rosbot_interfaces/cmake/rosbot_interfaces__rosidl_typesupport_cExport.cmake
[0.412s] -- Up-to-date: /home/nuctella/my_ros2_ws/install/rosbot_interfaces/share/rosbot_interfaces/cmake/rosbot_interfaces__rosidl_typesupport_cExport-noconfig.cmake
[0.412s] -- Up-to-date: /home/nuctella/my_ros2_ws/install/rosbot_interfaces/share/rosbot_interfaces/cmake/rosbot_interfaces__rosidl_typesupport_introspection_cppExport.cmake
[0.412s] -- Up-to-date: /home/nuctella/my_ros2_ws/install/rosbot_interfaces/share/rosbot_interfaces/cmake/rosbot_interfaces__rosidl_typesupport_introspection_cppExport-noconfig.cmake
[0.412s] -- Up-to-date: /home/nuctella/my_ros2_ws/install/rosbot_interfaces/share/rosbot_interfaces/cmake/rosbot_interfaces__rosidl_typesupport_cppExport.cmake
[0.412s] -- Up-to-date: /home/nuctella/my_ros2_ws/install/rosbot_interfaces/share/rosbot_interfaces/cmake/rosbot_interfaces__rosidl_typesupport_cppExport-noconfig.cmake
[0.412s] -- Up-to-date: /home/nuctella/my_ros2_ws/install/rosbot_interfaces/share/rosbot_interfaces/cmake/export_rosbot_interfaces__rosidl_generator_pyExport.cmake
[0.412s] -- Up-to-date: /home/nuctella/my_ros2_ws/install/rosbot_interfaces/share/rosbot_interfaces/cmake/export_rosbot_interfaces__rosidl_generator_pyExport-noconfig.cmake
[0.412s] -- Up-to-date: /home/nuctella/my_ros2_ws/install/rosbot_interfaces/share/rosbot_interfaces/cmake/rosidl_cmake-extras.cmake
[0.412s] -- Up-to-date: /home/nuctella/my_ros2_ws/install/rosbot_interfaces/share/rosbot_interfaces/cmake/ament_cmake_export_dependencies-extras.cmake
[0.412s] -- Up-to-date: /home/nuctella/my_ros2_ws/install/rosbot_interfaces/share/rosbot_interfaces/cmake/ament_cmake_export_include_directories-extras.cmake
[0.413s] -- Up-to-date: /home/nuctella/my_ros2_ws/install/rosbot_interfaces/share/rosbot_interfaces/cmake/ament_cmake_export_libraries-extras.cmake
[0.413s] -- Up-to-date: /home/nuctella/my_ros2_ws/install/rosbot_interfaces/share/rosbot_interfaces/cmake/ament_cmake_export_targets-extras.cmake
[0.413s] -- Up-to-date: /home/nuctella/my_ros2_ws/install/rosbot_interfaces/share/rosbot_interfaces/cmake/rosidl_cmake_export_typesupport_targets-extras.cmake
[0.413s] -- Up-to-date: /home/nuctella/my_ros2_ws/install/rosbot_interfaces/share/rosbot_interfaces/cmake/rosidl_cmake_export_typesupport_libraries-extras.cmake
[0.413s] -- Up-to-date: /home/nuctella/my_ros2_ws/install/rosbot_interfaces/share/rosbot_interfaces/cmake/rosbot_interfacesConfig.cmake
[0.413s] -- Up-to-date: /home/nuctella/my_ros2_ws/install/rosbot_interfaces/share/rosbot_interfaces/cmake/rosbot_interfacesConfig-version.cmake
[0.413s] -- Up-to-date: /home/nuctella/my_ros2_ws/install/rosbot_interfaces/share/rosbot_interfaces/package.xml
[0.418s] Invoked command in '/home/nuctella/my_ros2_ws/build/rosbot_interfaces' returned '0': CMAKE_PREFIX_PATH=${CMAKE_PREFIX_PATH}:/home/nuctella/my_ros2_ws/install/rosbot_object_recognition:/opt/ros/humble /usr/bin/cmake --install /home/nuctella/my_ros2_ws/build/rosbot_interfaces
