running egg_info
writing ../build/rosbot_object_recognition/rosbot_object_recognition.egg-info/PKG-INFO
writing dependency_links to ../build/rosbot_object_recognition/rosbot_object_recognition.egg-info/dependency_links.txt
writing entry points to ../build/rosbot_object_recognition/rosbot_object_recognition.egg-info/entry_points.txt
writing requirements to ../build/rosbot_object_recognition/rosbot_object_recognition.egg-info/requires.txt
writing top-level names to ../build/rosbot_object_recognition/rosbot_object_recognition.egg-info/top_level.txt
reading manifest file '../build/rosbot_object_recognition/rosbot_object_recognition.egg-info/SOURCES.txt'
writing manifest file '../build/rosbot_object_recognition/rosbot_object_recognition.egg-info/SOURCES.txt'
running build
running build_py
creating /home/nuctella/my_ros2_ws/src/build/rosbot_object_recognition/build
creating /home/nuctella/my_ros2_ws/src/build/rosbot_object_recognition/build/lib
creating /home/nuctella/my_ros2_ws/src/build/rosbot_object_recognition/build/lib/rosbot_object_recognition
copying rosbot_object_recognition/object_recognition.py -> /home/nuctella/my_ros2_ws/src/build/rosbot_object_recognition/build/lib/rosbot_object_recognition
copying rosbot_object_recognition/__init__.py -> /home/nuctella/my_ros2_ws/src/build/rosbot_object_recognition/build/lib/rosbot_object_recognition
running install
/home/nuctella/.local/lib/python3.10/site-packages/setuptools/_distutils/cmd.py:66: SetuptoolsDeprecationWarning: setup.py install is deprecated.
!!

        ********************************************************************************
        Please avoid running ``setup.py`` directly.
        Instead, use pypa/build, pypa/installer or other
        standards-based tools.

        See https://blog.ganssle.io/articles/2021/10/setup-py-deprecated.html for details.
        ********************************************************************************

!!
  self.initialize_options()
running install_lib
creating /home/nuctella/my_ros2_ws/src/install/rosbot_object_recognition/lib/python3.10/site-packages/rosbot_object_recognition
copying /home/nuctella/my_ros2_ws/src/build/rosbot_object_recognition/build/lib/rosbot_object_recognition/object_recognition.py -> /home/nuctella/my_ros2_ws/src/install/rosbot_object_recognition/lib/python3.10/site-packages/rosbot_object_recognition
copying /home/nuctella/my_ros2_ws/src/build/rosbot_object_recognition/build/lib/rosbot_object_recognition/__init__.py -> /home/nuctella/my_ros2_ws/src/install/rosbot_object_recognition/lib/python3.10/site-packages/rosbot_object_recognition
byte-compiling /home/nuctella/my_ros2_ws/src/install/rosbot_object_recognition/lib/python3.10/site-packages/rosbot_object_recognition/object_recognition.py to object_recognition.cpython-310.pyc
byte-compiling /home/nuctella/my_ros2_ws/src/install/rosbot_object_recognition/lib/python3.10/site-packages/rosbot_object_recognition/__init__.py to __init__.cpython-310.pyc
running install_data
copying resource/rosbot_object_recognition -> /home/nuctella/my_ros2_ws/src/install/rosbot_object_recognition/share/ament_index/resource_index/packages
copying package.xml -> /home/nuctella/my_ros2_ws/src/install/rosbot_object_recognition/share/rosbot_object_recognition
running install_egg_info
Copying ../build/rosbot_object_recognition/rosbot_object_recognition.egg-info to /home/nuctella/my_ros2_ws/src/install/rosbot_object_recognition/lib/python3.10/site-packages/rosbot_object_recognition-0.0.0-py3.10.egg-info
running install_scripts
Installing obj_rec script to /home/nuctella/my_ros2_ws/src/install/rosbot_object_recognition/lib/rosbot_object_recognition
writing list of installed files to '/home/nuctella/my_ros2_ws/src/build/rosbot_object_recognition/install.log'
