-- The C compiler identification is GNU 11.4.0
-- The CXX compiler identification is GNU 11.4.0
-- Detecting C compiler ABI info
-- Detecting C compiler ABI info - done
-- Check for working C compiler: /usr/bin/cc - skipped
-- Detecting C compile features
-- Detecting C compile features - done
-- Detecting CXX compiler ABI info
-- Detecting CXX compiler ABI info - done
-- Check for working CXX compiler: /usr/bin/c++ - skipped
-- Detecting CXX compile features
-- Detecting CXX compile features - done
-- Found ament_cmake: 1.3.5 (/opt/ros/humble/share/ament_cmake/cmake)
-- Found Python3: /usr/bin/python3.10 (found version "3.10.12") found components: Interpreter 
-- Override CMake install command with custom implementation using symlinks instead of copying resources
-- Found rclcpp: 16.0.6 (/opt/ros/humble/share/rclcpp/cmake)
-- Found rosidl_generator_c: 3.1.5 (/opt/ros/humble/share/rosidl_generator_c/cmake)
-- Found rosidl_adapter: 3.1.5 (/opt/ros/humble/share/rosidl_adapter/cmake)
-- Found rosidl_generator_cpp: 3.1.5 (/opt/ros/humble/share/rosidl_generator_cpp/cmake)
-- Using all available rosidl_typesupport_c: rosidl_typesupport_fastrtps_c;rosidl_typesupport_introspection_c
-- Using all available rosidl_typesupport_cpp: rosidl_typesupport_fastrtps_cpp;rosidl_typesupport_introspection_cpp
-- Found rmw_implementation_cmake: 6.1.1 (/opt/ros/humble/share/rmw_implementation_cmake/cmake)
-- Found rmw_fastrtps_cpp: 6.2.4 (/opt/ros/humble/share/rmw_fastrtps_cpp/cmake)
-- Found OpenSSL: /usr/lib/x86_64-linux-gnu/libcrypto.so (found version "3.0.2")  
-- Found FastRTPS: /opt/ros/humble/include  
-- Using RMW implementation 'rmw_fastrtps_cpp' as default
-- Looking for pthread.h
-- Looking for pthread.h - found
-- Performing Test CMAKE_HAVE_LIBC_PTHREAD
-- Performing Test CMAKE_HAVE_LIBC_PTHREAD - Success
-- Found Threads: TRUE  
-- Found rclpy: 3.3.10 (/opt/ros/humble/share/rclpy/cmake)
-- Found sensor_msgs: 4.2.3 (/opt/ros/humble/share/sensor_msgs/cmake)
-- Found ament_lint_auto: 0.12.8 (/opt/ros/humble/share/ament_lint_auto/cmake)
-- Added test 'cppcheck' to perform static code analysis on C / C++ code
-- Configured cppcheck include dirs: /home/nuctella/my_ros2_ws/src/core/include
-- Configured cppcheck exclude dirs and/or files: 
-- Added test 'flake8' to check Python code syntax and style conventions
-- Added test 'lint_cmake' to check CMake code style
-- Added test 'pep257' to check Python code against some of the docstring style conventions in PEP 257
-- Added test 'uncrustify' to check C / C++ code style
-- Configured uncrustify additional arguments: 
-- Added test 'xmllint' to check XML markup files
-- Configuring done
-- Generating done
-- Build files have been written to: /home/nuctella/my_ros2_ws/build/core
[ 50%] Building CXX object CMakeFiles/monitor_battery.dir/src/monitor_battery.cpp.o
[ 50%] Built target ament_cmake_python_symlink_core
running egg_info
creating core.egg-info
writing core.egg-info/PKG-INFO
writing dependency_links to core.egg-info/dependency_links.txt
writing top-level names to core.egg-info/top_level.txt
writing manifest file 'core.egg-info/SOURCES.txt'
reading manifest file 'core.egg-info/SOURCES.txt'
writing manifest file 'core.egg-info/SOURCES.txt'
[ 50%] Built target ament_cmake_python_build_core_egg
[100%] Linking CXX executable monitor_battery
[100%] Built target monitor_battery
-- Install configuration: ""
-- Execute custom install script
-- Symlinking: /home/nuctella/my_ros2_ws/install/core/lib/core/monitor_battery
-- Symlinking: /home/nuctella/my_ros2_ws/install/core/include/.gitkeep
-- Symlinking: /home/nuctella/my_ros2_ws/install/core/share/core/environment/pythonpath.sh
-- Symlinking: /home/nuctella/my_ros2_ws/install/core/share/core/environment/pythonpath.dsv
-- Symlinking: /home/nuctella/my_ros2_ws/install/core/local/lib/python3.10/dist-packages/core-0.0.0-py3.10.egg-info/PKG-INFO
-- Symlinking: /home/nuctella/my_ros2_ws/install/core/local/lib/python3.10/dist-packages/core-0.0.0-py3.10.egg-info/SOURCES.txt
-- Symlinking: /home/nuctella/my_ros2_ws/install/core/local/lib/python3.10/dist-packages/core-0.0.0-py3.10.egg-info/dependency_links.txt
-- Symlinking: /home/nuctella/my_ros2_ws/install/core/local/lib/python3.10/dist-packages/core-0.0.0-py3.10.egg-info/top_level.txt
-- Symlinking: /home/nuctella/my_ros2_ws/install/core/local/lib/python3.10/dist-packages/core/__init__.py
-- Symlinking: /home/nuctella/my_ros2_ws/install/core/lib/core/monitor_battery.py
-- Symlinking: /home/nuctella/my_ros2_ws/install/core/share/ament_index/resource_index/package_run_dependencies/core
-- Symlinking: /home/nuctella/my_ros2_ws/install/core/share/ament_index/resource_index/parent_prefix_path/core
-- Symlinking: /home/nuctella/my_ros2_ws/install/core/share/core/environment/ament_prefix_path.sh
-- Symlinking: /home/nuctella/my_ros2_ws/install/core/share/core/environment/ament_prefix_path.dsv
-- Symlinking: /home/nuctella/my_ros2_ws/install/core/share/core/environment/path.sh
-- Symlinking: /home/nuctella/my_ros2_ws/install/core/share/core/environment/path.dsv
-- Symlinking: /home/nuctella/my_ros2_ws/install/core/share/core/local_setup.bash
-- Symlinking: /home/nuctella/my_ros2_ws/install/core/share/core/local_setup.sh
-- Symlinking: /home/nuctella/my_ros2_ws/install/core/share/core/local_setup.zsh
-- Symlinking: /home/nuctella/my_ros2_ws/install/core/share/core/local_setup.dsv
-- Symlinking: /home/nuctella/my_ros2_ws/install/core/share/core/package.dsv
-- Symlinking: /home/nuctella/my_ros2_ws/install/core/share/ament_index/resource_index/packages/core
-- Symlinking: /home/nuctella/my_ros2_ws/install/core/share/core/cmake/ament_cmake_export_include_directories-extras.cmake
-- Symlinking: /home/nuctella/my_ros2_ws/install/core/share/core/cmake/coreConfig.cmake
-- Symlinking: /home/nuctella/my_ros2_ws/install/core/share/core/cmake/coreConfig-version.cmake
-- Symlinking: /home/nuctella/my_ros2_ws/install/core/share/core/package.xml
Listing '/home/nuctella/my_ros2_ws/install/core/local/lib/python3.10/dist-packages/core'...
Compiling '/home/nuctella/my_ros2_ws/install/core/local/lib/python3.10/dist-packages/core/__init__.py'...
