[0.058s] Invoking command in '/home/nuctella/my_ros2_ws/build/core': CMAKE_PREFIX_PATH=${CMAKE_PREFIX_PATH}:/opt/ros/humble /usr/bin/cmake /home/nuctella/my_ros2_ws/src/core -DAMENT_CMAKE_SYMLINK_INSTALL=1 -DCMAKE_INSTALL_PREFIX=/home/nuctella/my_ros2_ws/install/core
[0.184s] -- The C compiler identification is GNU 11.4.0
[0.184s] -- The CXX compiler identification is GNU 11.4.0
[0.184s] -- Detecting C compiler ABI info
[0.184s] -- Detecting C compiler ABI info - done
[0.184s] -- Check for working C compiler: /usr/bin/cc - skipped
[0.184s] -- Detecting C compile features
[0.185s] -- Detecting C compile features - done
[0.185s] -- Detecting CXX compiler ABI info
[0.210s] -- Detecting CXX compiler ABI info - done
[0.214s] -- Check for working CXX compiler: /usr/bin/c++ - skipped
[0.214s] -- Detecting CXX compile features
[0.214s] -- Detecting CXX compile features - done
[0.216s] -- Found ament_cmake: 1.3.5 (/opt/ros/humble/share/ament_cmake/cmake)
[0.421s] -- Found Python3: /usr/bin/python3.10 (found version "3.10.12") found components: Interpreter 
[0.458s] -- Override CMake install command with custom implementation using symlinks instead of copying resources
[0.479s] -- Found rclcpp: 16.0.6 (/opt/ros/humble/share/rclcpp/cmake)
[0.511s] -- Found rosidl_generator_c: 3.1.5 (/opt/ros/humble/share/rosidl_generator_c/cmake)
[0.514s] -- Found rosidl_adapter: 3.1.5 (/opt/ros/humble/share/rosidl_adapter/cmake)
[0.521s] -- Found rosidl_generator_cpp: 3.1.5 (/opt/ros/humble/share/rosidl_generator_cpp/cmake)
[0.530s] -- Using all available rosidl_typesupport_c: rosidl_typesupport_fastrtps_c;rosidl_typesupport_introspection_c
[0.543s] -- Using all available rosidl_typesupport_cpp: rosidl_typesupport_fastrtps_cpp;rosidl_typesupport_introspection_cpp
[0.588s] -- Found rmw_implementation_cmake: 6.1.1 (/opt/ros/humble/share/rmw_implementation_cmake/cmake)
[0.590s] -- Found rmw_fastrtps_cpp: 6.2.4 (/opt/ros/humble/share/rmw_fastrtps_cpp/cmake)
[0.652s] -- Found OpenSSL: /usr/lib/x86_64-linux-gnu/libcrypto.so (found version "3.0.2")  
[0.672s] -- Found FastRTPS: /opt/ros/humble/include  
[0.707s] -- Using RMW implementation 'rmw_fastrtps_cpp' as default
[0.714s] -- Looking for pthread.h
[0.776s] -- Looking for pthread.h - found
[0.776s] -- Performing Test CMAKE_HAVE_LIBC_PTHREAD
[0.795s] -- Performing Test CMAKE_HAVE_LIBC_PTHREAD - Success
[0.795s] -- Found Threads: TRUE  
[0.885s] -- Found rclpy: 3.3.10 (/opt/ros/humble/share/rclpy/cmake)
[0.886s] -- Found sensor_msgs: 4.2.3 (/opt/ros/humble/share/sensor_msgs/cmake)
[1.016s] -- Found ament_lint_auto: 0.12.8 (/opt/ros/humble/share/ament_lint_auto/cmake)
[1.064s] -- Added test 'cppcheck' to perform static code analysis on C / C++ code
[1.064s] -- Configured cppcheck include dirs: /home/nuctella/my_ros2_ws/src/core/include
[1.064s] -- Configured cppcheck exclude dirs and/or files: 
[1.064s] -- Added test 'flake8' to check Python code syntax and style conventions
[1.064s] -- Added test 'lint_cmake' to check CMake code style
[1.065s] -- Added test 'pep257' to check Python code against some of the docstring style conventions in PEP 257
[1.065s] -- Added test 'uncrustify' to check C / C++ code style
[1.065s] -- Configured uncrustify additional arguments: 
[1.066s] -- Added test 'xmllint' to check XML markup files
[1.067s] -- Configuring done
[1.072s] -- Generating done
[1.073s] -- Build files have been written to: /home/nuctella/my_ros2_ws/build/core
[1.079s] Invoked command in '/home/nuctella/my_ros2_ws/build/core' returned '0': CMAKE_PREFIX_PATH=${CMAKE_PREFIX_PATH}:/opt/ros/humble /usr/bin/cmake /home/nuctella/my_ros2_ws/src/core -DAMENT_CMAKE_SYMLINK_INSTALL=1 -DCMAKE_INSTALL_PREFIX=/home/nuctella/my_ros2_ws/install/core
[1.079s] Invoking command in '/home/nuctella/my_ros2_ws/build/core': CMAKE_PREFIX_PATH=${CMAKE_PREFIX_PATH}:/opt/ros/humble /usr/bin/cmake --build /home/nuctella/my_ros2_ws/build/core -- -j20 -l20
[1.105s] [ 50%] Building CXX object CMakeFiles/monitor_battery.dir/src/monitor_battery.cpp.o
[1.110s] [ 50%] Built target ament_cmake_python_symlink_core
[1.205s] running egg_info
[1.206s] creating core.egg-info
[1.212s] writing core.egg-info/PKG-INFO
[1.212s] writing dependency_links to core.egg-info/dependency_links.txt
[1.212s] writing top-level names to core.egg-info/top_level.txt
[1.212s] writing manifest file 'core.egg-info/SOURCES.txt'
[1.230s] reading manifest file 'core.egg-info/SOURCES.txt'
[1.231s] writing manifest file 'core.egg-info/SOURCES.txt'
[1.245s] [ 50%] Built target ament_cmake_python_build_core_egg
[4.991s] [100%] Linking CXX executable monitor_battery
[5.189s] [100%] Built target monitor_battery
[5.200s] Invoked command in '/home/nuctella/my_ros2_ws/build/core' returned '0': CMAKE_PREFIX_PATH=${CMAKE_PREFIX_PATH}:/opt/ros/humble /usr/bin/cmake --build /home/nuctella/my_ros2_ws/build/core -- -j20 -l20
[5.218s] Invoking command in '/home/nuctella/my_ros2_ws/build/core': CMAKE_PREFIX_PATH=${CMAKE_PREFIX_PATH}:/opt/ros/humble /usr/bin/cmake --install /home/nuctella/my_ros2_ws/build/core
[5.222s] -- Install configuration: ""
[5.223s] -- Execute custom install script
[5.223s] -- Symlinking: /home/nuctella/my_ros2_ws/install/core/lib/core/monitor_battery
[5.229s] -- Symlinking: /home/nuctella/my_ros2_ws/install/core/include/.gitkeep
[5.235s] -- Symlinking: /home/nuctella/my_ros2_ws/install/core/share/core/environment/pythonpath.sh
[5.241s] -- Symlinking: /home/nuctella/my_ros2_ws/install/core/share/core/environment/pythonpath.dsv
[5.245s] -- Symlinking: /home/nuctella/my_ros2_ws/install/core/local/lib/python3.10/dist-packages/core-0.0.0-py3.10.egg-info/PKG-INFO
[5.251s] -- Symlinking: /home/nuctella/my_ros2_ws/install/core/local/lib/python3.10/dist-packages/core-0.0.0-py3.10.egg-info/SOURCES.txt
[5.257s] -- Symlinking: /home/nuctella/my_ros2_ws/install/core/local/lib/python3.10/dist-packages/core-0.0.0-py3.10.egg-info/dependency_links.txt
[5.261s] -- Symlinking: /home/nuctella/my_ros2_ws/install/core/local/lib/python3.10/dist-packages/core-0.0.0-py3.10.egg-info/top_level.txt
[5.266s] -- Symlinking: /home/nuctella/my_ros2_ws/install/core/local/lib/python3.10/dist-packages/core/__init__.py
[5.270s] -- Symlinking: /home/nuctella/my_ros2_ws/install/core/lib/core/monitor_battery.py
[5.274s] -- Symlinking: /home/nuctella/my_ros2_ws/install/core/share/ament_index/resource_index/package_run_dependencies/core
[5.278s] -- Symlinking: /home/nuctella/my_ros2_ws/install/core/share/ament_index/resource_index/parent_prefix_path/core
[5.282s] -- Symlinking: /home/nuctella/my_ros2_ws/install/core/share/core/environment/ament_prefix_path.sh
[5.287s] -- Symlinking: /home/nuctella/my_ros2_ws/install/core/share/core/environment/ament_prefix_path.dsv
[5.291s] -- Symlinking: /home/nuctella/my_ros2_ws/install/core/share/core/environment/path.sh
[5.295s] -- Symlinking: /home/nuctella/my_ros2_ws/install/core/share/core/environment/path.dsv
[5.300s] -- Symlinking: /home/nuctella/my_ros2_ws/install/core/share/core/local_setup.bash
[5.304s] -- Symlinking: /home/nuctella/my_ros2_ws/install/core/share/core/local_setup.sh
[5.308s] -- Symlinking: /home/nuctella/my_ros2_ws/install/core/share/core/local_setup.zsh
[5.312s] -- Symlinking: /home/nuctella/my_ros2_ws/install/core/share/core/local_setup.dsv
[5.316s] -- Symlinking: /home/nuctella/my_ros2_ws/install/core/share/core/package.dsv
[5.321s] -- Symlinking: /home/nuctella/my_ros2_ws/install/core/share/ament_index/resource_index/packages/core
[5.325s] -- Symlinking: /home/nuctella/my_ros2_ws/install/core/share/core/cmake/ament_cmake_export_include_directories-extras.cmake
[5.330s] -- Symlinking: /home/nuctella/my_ros2_ws/install/core/share/core/cmake/coreConfig.cmake
[5.335s] -- Symlinking: /home/nuctella/my_ros2_ws/install/core/share/core/cmake/coreConfig-version.cmake
[5.339s] -- Symlinking: /home/nuctella/my_ros2_ws/install/core/share/core/package.xml
[5.361s] Listing '/home/nuctella/my_ros2_ws/install/core/local/lib/python3.10/dist-packages/core'...
[5.362s] Compiling '/home/nuctella/my_ros2_ws/install/core/local/lib/python3.10/dist-packages/core/__init__.py'...
[5.365s] Invoked command in '/home/nuctella/my_ros2_ws/build/core' returned '0': CMAKE_PREFIX_PATH=${CMAKE_PREFIX_PATH}:/opt/ros/humble /usr/bin/cmake --install /home/nuctella/my_ros2_ws/build/core
