[0.047s] Invoking command in '/home/nuctella/ros2_ws/ws/build/uav_single_gazebo': CMAKE_PREFIX_PATH=${CMAKE_PREFIX_PATH}:/home/nuctella/my_ros2_ws/install/rosbot_object_recognition:/opt/ros/humble /usr/bin/cmake /home/nuctella/ros2_ws/ws/uav_single_gazebo -DCMAKE_INSTALL_PREFIX=/home/nuctella/ros2_ws/ws/install/uav_single_gazebo
[0.106s] -- The C compiler identification is GNU 11.4.0
[0.144s] -- The CXX compiler identification is GNU 11.4.0
[0.150s] -- Detecting C compiler ABI info
[0.191s] -- Detecting C compiler ABI info - done
[0.198s] -- Check for working C compiler: /usr/bin/cc - skipped
[0.198s] -- Detecting C compile features
[0.199s] -- Detecting C compile features - done
[0.200s] -- Detecting CXX compiler ABI info
[0.248s] -- Detecting CXX compiler ABI info - done
[0.254s] -- Check for working CXX compiler: /usr/bin/c++ - skipped
[0.255s] -- Detecting CXX compile features
[0.255s] -- Detecting CXX compile features - done
[0.259s] -- Looking for ignition-gazebo6 -- found version 6.15.0
[0.265s] -- Searching for dependencies of ignition-gazebo6
[0.267s] -- Looking for sdformat12 -- found version 12.7.2
[0.267s] -- Searching for dependencies of sdformat12
[0.271s] -- Checking for module 'tinyxml2'
[0.280s] --   Found tinyxml2, version 9.0.0
[0.305s] -- Looking for ignition-math6 -- found version 6.15.0
[0.305s] -- Searching for dependencies of ignition-math6
[0.309s] -- Looking for ignition-utils1 -- found version 1.5.1
[0.310s] -- Searching for dependencies of ignition-utils1
[0.314s] -- Looking for ignition-plugin1 -- found version 1.4.0
[0.315s] -- Searching for dependencies of ignition-plugin1
[0.315s] -- Searching for <ignition-plugin1> component [loader]
[0.318s] -- Looking for ignition-plugin1-loader -- found version 1.4.0
[0.318s] -- Searching for dependencies of ignition-plugin1-loader
[0.319s] -- Searching for <ignition-plugin1> component [register]
[0.321s] -- Looking for ignition-plugin1-register -- found version 1.4.0
[0.321s] -- Searching for dependencies of ignition-plugin1-register
[0.324s] -- Looking for ignition-transport11 -- found version 11.4.1
[0.324s] -- Searching for dependencies of ignition-transport11
[0.445s] -- Found Protobuf: /usr/lib/x86_64-linux-gnu/libprotobuf.so (found version "3.12.4") 
[0.456s] -- Config-file not installed for ZeroMQ -- checking for pkg-config
[0.459s] -- Checking for module 'libzmq >= 4'
[0.469s] --   Found libzmq , version 4.3.4
[0.490s] -- Found ZeroMQ: TRUE (Required is at least version "4") 
[0.495s] -- Checking for module 'uuid'
[0.508s] --   Found uuid, version 2.37.2
[0.528s] -- Found UUID: TRUE  
[0.528s] -- Looking for ignition-utils1 -- found version 1.5.1
[0.529s] -- Searching for dependencies of ignition-utils1
[0.529s] -- Searching for <ignition-utils1> component [cli]
[0.532s] -- Looking for ignition-utils1-cli -- found version 1.5.1
[0.532s] -- Searching for dependencies of ignition-utils1-cli
[0.535s] -- Looking for ignition-msgs8 -- found version 8.7.0
[0.535s] -- Searching for dependencies of ignition-msgs8
[0.552s] -- Found Protobuf: /usr/lib/x86_64-linux-gnu/libprotobuf.so (found suitable version "3.12.4", minimum required is "3") 
[0.553s] -- Looking for ignition-math6 -- found version 6.15.0
[0.560s] -- Searching for <ignition-transport11> component [log]
[0.562s] -- Looking for ignition-transport11-log -- found version 11.4.1
[0.563s] -- Searching for dependencies of ignition-transport11-log
[0.563s] -- Searching for <ignition-transport11> component [parameters]
[0.565s] -- Looking for ignition-transport11-parameters -- found version 11.4.1
[0.566s] -- Searching for dependencies of ignition-transport11-parameters
[0.567s] -- Looking for ignition-msgs8 -- found version 8.7.0
[0.569s] -- Looking for ignition-common4 -- found version 4.7.0
[0.569s] -- Searching for dependencies of ignition-common4
[0.570s] -- Looking for dlfcn.h - found
[0.570s] -- Looking for libdl - found
[0.571s] -- Found DL: TRUE  
[0.577s] -- Searching for <ignition-common4> component [profiler]
[0.579s] -- Looking for ignition-common4-profiler -- found version 4.7.0
[0.579s] -- Searching for dependencies of ignition-common4-profiler
[0.579s] -- Searching for <ignition-common4> component [events]
[0.582s] -- Looking for ignition-common4-events -- found version 4.7.0
[0.582s] -- Searching for dependencies of ignition-common4-events
[0.582s] -- Looking for ignition-math6 -- found version 6.15.0
[0.583s] -- Searching for <ignition-common4> component [av]
[0.585s] -- Looking for ignition-common4-av -- found version 4.7.0
[0.585s] -- Searching for dependencies of ignition-common4-av
[0.588s] -- Checking for module 'libswscale'
[0.597s] --   Found libswscale, version 5.9.100
[0.617s] -- Found SWSCALE: TRUE  
[0.620s] -- Checking for module 'libavdevice >= 56.4.100'
[0.629s] --   Found libavdevice , version 58.13.100
[0.651s] -- Found AVDEVICE: TRUE (Required is at least version "56.4.100") 
[0.654s] -- Checking for module 'libavformat'
[0.662s] --   Found libavformat, version 58.76.100
[0.682s] -- Found AVFORMAT: TRUE  
[0.685s] -- Checking for module 'libavcodec'
[0.692s] --   Found libavcodec, version 58.134.100
[0.718s] -- Found AVCODEC: TRUE  
[0.718s] -- Checking for module 'libavutil'
[0.725s] --   Found libavutil, version 56.70.100
[0.743s] -- Found AVUTIL: TRUE  
[0.747s] -- Looking for ignition-fuel_tools7 -- found version 7.3.0
[0.747s] -- Searching for dependencies of ignition-fuel_tools7
[0.802s] -- Found CURL: /usr/lib/x86_64-linux-gnu/libcurl.so (found version "7.81.0")  
[0.808s] -- Checking for module 'jsoncpp'
[0.816s] --   Found jsoncpp, version 1.9.5
[0.834s] -- Found JSONCPP: TRUE  
[0.840s] -- Checking for module 'libzip'
[0.849s] --   Found libzip, version 1.7.3
[0.867s] -- Found ZIP: TRUE  
[0.868s] -- Looking for ignition-common4 -- found version 4.7.0
[0.868s] -- Looking for ignition-math6 -- found version 6.15.0
[0.868s] -- Looking for ignition-msgs8 -- found version 8.7.0
[0.871s] -- Looking for ignition-gui6 -- found version 6.8.0
[0.871s] -- Searching for dependencies of ignition-gui6
[0.891s] -- Looking for ignition-math6 -- found version 6.15.0
[0.891s] -- Looking for ignition-common4 -- found version 4.7.0
[0.892s] -- Looking for ignition-plugin1 -- found version 1.4.0
[0.892s] -- Looking for ignition-transport11 -- found version 11.4.1
[0.895s] -- Looking for ignition-rendering6 -- found version 6.6.1
[0.895s] -- Searching for dependencies of ignition-rendering6
[0.895s] -- Looking for ignition-math6 -- found version 6.15.0
[0.895s] -- Searching for dependencies of ignition-math6
[0.895s] -- Searching for <ignition-math6> component [eigen3]
[0.898s] -- Looking for ignition-math6-eigen3 -- found version 6.15.0
[0.898s] -- Searching for dependencies of ignition-math6-eigen3
[0.905s] -- Looking for ignition-common4 -- found version 4.7.0
[0.905s] -- Searching for dependencies of ignition-common4
[0.905s] -- Looking for dlfcn.h - found
[0.906s] -- Looking for libdl - found
[0.911s] -- Searching for <ignition-common4> component [graphics]
[0.914s] -- Looking for ignition-common4-graphics -- found version 4.7.0
[0.914s] -- Searching for dependencies of ignition-common4-graphics
[0.914s] -- Looking for ignition-math6 -- found version 6.15.0
[0.914s] -- Looking for ignition-utils1 -- found version 1.5.1
[0.915s] -- Searching for <ignition-common4> component [events]
[0.916s] -- Looking for ignition-plugin1 -- found version 1.4.0
[0.916s] -- Searching for dependencies of ignition-plugin1
[0.916s] -- Searching for <ignition-plugin1> component [all]
[0.918s] -- Looking for all libraries of ignition-plugin1 -- found version 1.4.0
[0.918s] -- Looking for ignition-plugin1 -- found version 1.4.0
[0.920s] -- Looking for ignition-msgs8 -- found version 8.7.0
[0.942s] -- Looking for ignition-physics5 -- found version 5.3.2
[0.942s] -- Searching for dependencies of ignition-physics5
[0.942s] -- Looking for ignition-math6 -- found version 6.15.0
[0.943s] -- Looking for ignition-plugin1 -- found version 1.4.0
[0.943s] -- Looking for ignition-utils1 -- found version 1.5.1
[0.944s] -- Searching for <ignition-physics5> component [heightmap]
[0.947s] -- Looking for ignition-physics5-heightmap -- found version 5.3.2
[0.948s] -- Searching for dependencies of ignition-physics5-heightmap
[0.948s] -- Looking for ignition-common4 -- found version 4.7.0
[0.949s] -- Searching for <ignition-physics5> component [mesh]
[0.952s] -- Looking for ignition-physics5-mesh -- found version 5.3.2
[0.952s] -- Searching for dependencies of ignition-physics5-mesh
[0.952s] -- Looking for ignition-common4 -- found version 4.7.0
[0.953s] -- Searching for <ignition-physics5> component [sdf]
[0.956s] -- Looking for ignition-physics5-sdf -- found version 5.3.2
[0.957s] -- Searching for dependencies of ignition-physics5-sdf
[0.957s] -- Looking for sdformat12 -- found version 12.7.2
[0.961s] -- Looking for ignition-sensors6 -- found version 6.7.1
[0.961s] -- Searching for dependencies of ignition-sensors6
[0.979s] -- Found Protobuf: /usr/lib/x86_64-linux-gnu/libprotobuf.so (found version "3.12.4") 
[0.980s] -- Looking for ignition-math6 -- found version 6.15.0
[0.980s] -- Looking for ignition-common4 -- found version 4.7.0
[0.981s] -- Looking for ignition-transport11 -- found version 11.4.1
[0.981s] -- Looking for ignition-rendering6 -- found version 6.6.1
[0.981s] -- Looking for ignition-msgs8 -- found version 8.7.0
[0.982s] -- Looking for sdformat12 -- found version 12.7.2
[0.983s] -- Searching for <ignition-sensors6> component [air_pressure]
[0.986s] -- Looking for ignition-sensors6-air_pressure -- found version 6.7.1
[0.986s] -- Searching for dependencies of ignition-sensors6-air_pressure
[0.987s] -- Searching for <ignition-sensors6> component [altimeter]
[0.990s] -- Looking for ignition-sensors6-altimeter -- found version 6.7.1
[0.990s] -- Searching for dependencies of ignition-sensors6-altimeter
[0.990s] -- Searching for <ignition-sensors6> component [imu]
[0.993s] -- Looking for ignition-sensors6-imu -- found version 6.7.1
[0.993s] -- Searching for dependencies of ignition-sensors6-imu
[0.993s] -- Searching for <ignition-sensors6> component [force_torque]
[0.995s] -- Looking for ignition-sensors6-force_torque -- found version 6.7.1
[0.996s] -- Searching for dependencies of ignition-sensors6-force_torque
[0.996s] -- Searching for <ignition-sensors6> component [logical_camera]
[0.998s] -- Looking for ignition-sensors6-logical_camera -- found version 6.7.1
[0.999s] -- Searching for dependencies of ignition-sensors6-logical_camera
[0.999s] -- Searching for <ignition-sensors6> component [magnetometer]
[1.002s] -- Looking for ignition-sensors6-magnetometer -- found version 6.7.1
[1.002s] -- Searching for dependencies of ignition-sensors6-magnetometer
[1.003s] -- Searching for <ignition-sensors6> component [navsat]
[1.006s] -- Looking for ignition-sensors6-navsat -- found version 6.7.1
[1.006s] -- Searching for dependencies of ignition-sensors6-navsat
[1.007s] -- Searching for <ignition-sensors6> component [rendering]
[1.010s] -- Looking for ignition-sensors6-rendering -- found version 6.7.1
[1.010s] -- Searching for dependencies of ignition-sensors6-rendering
[1.011s] -- Searching for <ignition-sensors6> component [lidar]
[1.014s] -- Looking for ignition-sensors6-lidar -- found version 6.7.1
[1.015s] -- Searching for dependencies of ignition-sensors6-lidar
[1.015s] -- Looking for ignition-sensors6 -- found version 6.7.1
[1.015s] -- Searching for <ignition-sensors6> component [gpu_lidar]
[1.019s] -- Looking for ignition-sensors6-gpu_lidar -- found version 6.7.1
[1.019s] -- Searching for dependencies of ignition-sensors6-gpu_lidar
[1.019s] -- Looking for ignition-sensors6 -- found version 6.7.1
[1.020s] -- Searching for <ignition-sensors6> component [camera]
[1.022s] -- Looking for ignition-sensors6-camera -- found version 6.7.1
[1.022s] -- Searching for dependencies of ignition-sensors6-camera
[1.023s] -- Looking for ignition-sensors6 -- found version 6.7.1
[1.023s] -- Searching for <ignition-sensors6> component [boundingbox_camera]
[1.025s] -- Looking for ignition-sensors6-boundingbox_camera -- found version 6.7.1
[1.026s] -- Searching for dependencies of ignition-sensors6-boundingbox_camera
[1.026s] -- Searching for <ignition-sensors6> component [segmentation_camera]
[1.028s] -- Looking for ignition-sensors6-segmentation_camera -- found version 6.7.1
[1.028s] -- Searching for dependencies of ignition-sensors6-segmentation_camera
[1.029s] -- Searching for <ignition-sensors6> component [depth_camera]
[1.031s] -- Looking for ignition-sensors6-depth_camera -- found version 6.7.1
[1.031s] -- Searching for dependencies of ignition-sensors6-depth_camera
[1.031s] -- Looking for ignition-sensors6 -- found version 6.7.1
[1.031s] -- Searching for <ignition-sensors6> component [rgbd_camera]
[1.034s] -- Looking for ignition-sensors6-rgbd_camera -- found version 6.7.1
[1.034s] -- Searching for dependencies of ignition-sensors6-rgbd_camera
[1.034s] -- Looking for ignition-sensors6 -- found version 6.7.1
[1.034s] -- Searching for <ignition-sensors6> component [thermal_camera]
[1.037s] -- Looking for ignition-sensors6-thermal_camera -- found version 6.7.1
[1.037s] -- Searching for dependencies of ignition-sensors6-thermal_camera
[1.037s] -- Looking for ignition-sensors6 -- found version 6.7.1
[1.038s] -- Looking for ignition-rendering6 -- found version 6.6.1
[1.038s] -- Looking for ignition-math6 -- found version 6.15.0
[1.040s] -- Looking for ignition-utils1 -- found version 1.5.1
[1.058s] -- Found ament_cmake: 1.3.5 (/opt/ros/humble/share/ament_cmake/cmake)
[1.304s] -- Found Python3: /usr/bin/python3.10 (found version "3.10.12") found components: Interpreter 
[1.373s] [31mCMake Error at CMakeLists.txt:33 (file):
[1.373s]   file failed to open for reading (No such file or directory):
[1.373s] 
[1.373s]     /home/nuctella/ros2_ws/ws/uav_single_gazebo/.gitignore
[1.373s] Call Stack (most recent call first):
[1.374s]   CMakeLists.txt:72 (glob_generate)
[1.374s] 
[1.374s] [0m
[1.374s] [31mCMake Error at CMakeLists.txt:33 (file):
[1.374s]   file failed to open for reading (No such file or directory):
[1.374s] 
[1.374s]     /home/nuctella/ros2_ws/ws/uav_single_gazebo/.gitignore
[1.374s] Call Stack (most recent call first):
[1.374s]   CMakeLists.txt:73 (glob_generate)
[1.374s] 
[1.374s] [0m
[1.375s] -- Found ament_lint_auto: 0.12.8 (/opt/ros/humble/share/ament_lint_auto/cmake)
[1.435s] -- Added test 'copyright' to check source files copyright and LICENSE
[1.444s] -- Added test 'flake8' to check Python code syntax and style conventions
[1.446s] -- Added test 'lint_cmake' to check CMake code style
[1.447s] -- Added test 'pep257' to check Python code against some of the docstring style conventions in PEP 257
[1.452s] -- Added test 'xmllint' to check XML markup files
[1.454s] -- Configuring incomplete, errors occurred!
[1.454s] See also "/home/nuctella/ros2_ws/ws/build/uav_single_gazebo/CMakeFiles/CMakeOutput.log".
[1.494s] Invoked command in '/home/nuctella/ros2_ws/ws/build/uav_single_gazebo' returned '1': CMAKE_PREFIX_PATH=${CMAKE_PREFIX_PATH}:/home/nuctella/my_ros2_ws/install/rosbot_object_recognition:/opt/ros/humble /usr/bin/cmake /home/nuctella/ros2_ws/ws/uav_single_gazebo -DCMAKE_INSTALL_PREFIX=/home/nuctella/ros2_ws/ws/install/uav_single_gazebo
