[0.477s] Invoking command in '/home/nuctella/my_ros2_ws/build/rosbot_object_recognition': PYTHONPATH=/home/nuctella/my_ros2_ws/build/rosbot_object_recognition/prefix_override:/home/nuctella/my_ros2_ws/install/rosbot_object_recognition/lib/python3.10/site-packages:${PYTHONPATH} /usr/bin/python3 setup.py develop --uninstall --editable --build-directory /home/nuctella/my_ros2_ws/build/rosbot_object_recognition/build
[0.621s] running develop
[0.621s] /home/nuctella/.local/lib/python3.10/site-packages/setuptools/command/develop.py:40: EasyInstallDeprecationWarning: easy_install command is deprecated.
[0.621s] !!
[0.621s] 
[0.621s]         ********************************************************************************
[0.621s]         Please avoid running ``setup.py`` and ``easy_install``.
[0.621s]         Instead, use pypa/build, pypa/installer or other
[0.621s]         standards-based tools.
[0.621s] 
[0.621s]         See https://github.com/pypa/setuptools/issues/917 for details.
[0.621s]         ********************************************************************************
[0.621s] 
[0.622s] !!
[0.622s]   easy_install.initialize_options(self)
[0.635s] /home/nuctella/.local/lib/python3.10/site-packages/setuptools/_distutils/cmd.py:66: SetuptoolsDeprecationWarning: setup.py install is deprecated.
[0.635s] !!
[0.635s] 
[0.635s]         ********************************************************************************
[0.635s]         Please avoid running ``setup.py`` directly.
[0.635s]         Instead, use pypa/build, pypa/installer or other
[0.635s]         standards-based tools.
[0.635s] 
[0.635s]         See https://blog.ganssle.io/articles/2021/10/setup-py-deprecated.html for details.
[0.635s]         ********************************************************************************
[0.635s] 
[0.635s] !!
[0.635s]   self.initialize_options()
[0.712s] Removing /home/nuctella/my_ros2_ws/install/rosbot_object_recognition/lib/python3.10/site-packages/rosbot-object-recognition.egg-link (link to .)
[0.727s] Invoked command in '/home/nuctella/my_ros2_ws/build/rosbot_object_recognition' returned '0': PYTHONPATH=/home/nuctella/my_ros2_ws/build/rosbot_object_recognition/prefix_override:/home/nuctella/my_ros2_ws/install/rosbot_object_recognition/lib/python3.10/site-packages:${PYTHONPATH} /usr/bin/python3 setup.py develop --uninstall --editable --build-directory /home/nuctella/my_ros2_ws/build/rosbot_object_recognition/build
[0.728s] Invoking command in '/home/nuctella/my_ros2_ws/src/rosbot_object_recognition': PYTHONPATH=/home/nuctella/my_ros2_ws/build/rosbot_object_recognition/prefix_override:/home/nuctella/my_ros2_ws/install/rosbot_object_recognition/lib/python3.10/site-packages:${PYTHONPATH} /usr/bin/python3 setup.py egg_info --egg-base ../../build/rosbot_object_recognition build --build-base /home/nuctella/my_ros2_ws/build/rosbot_object_recognition/build install --record /home/nuctella/my_ros2_ws/build/rosbot_object_recognition/install.log --single-version-externally-managed
[0.835s] running egg_info
[0.841s] writing ../../build/rosbot_object_recognition/rosbot_object_recognition.egg-info/PKG-INFO
[0.841s] writing dependency_links to ../../build/rosbot_object_recognition/rosbot_object_recognition.egg-info/dependency_links.txt
[0.841s] writing entry points to ../../build/rosbot_object_recognition/rosbot_object_recognition.egg-info/entry_points.txt
[0.841s] writing requirements to ../../build/rosbot_object_recognition/rosbot_object_recognition.egg-info/requires.txt
[0.841s] writing top-level names to ../../build/rosbot_object_recognition/rosbot_object_recognition.egg-info/top_level.txt
[0.853s] reading manifest file '../../build/rosbot_object_recognition/rosbot_object_recognition.egg-info/SOURCES.txt'
[0.854s] writing manifest file '../../build/rosbot_object_recognition/rosbot_object_recognition.egg-info/SOURCES.txt'
[0.854s] running build
[0.855s] running build_py
[0.855s] creating /home/nuctella/my_ros2_ws/build/rosbot_object_recognition/build
[0.855s] creating /home/nuctella/my_ros2_ws/build/rosbot_object_recognition/build/lib
[0.855s] creating /home/nuctella/my_ros2_ws/build/rosbot_object_recognition/build/lib/rosbot_object_recognition
[0.855s] copying rosbot_object_recognition/__init__.py -> /home/nuctella/my_ros2_ws/build/rosbot_object_recognition/build/lib/rosbot_object_recognition
[0.855s] copying rosbot_object_recognition/object_recognition.py -> /home/nuctella/my_ros2_ws/build/rosbot_object_recognition/build/lib/rosbot_object_recognition
[0.855s] running install
[0.855s] /home/nuctella/.local/lib/python3.10/site-packages/setuptools/_distutils/cmd.py:66: SetuptoolsDeprecationWarning: setup.py install is deprecated.
[0.856s] !!
[0.856s] 
[0.856s]         ********************************************************************************
[0.856s]         Please avoid running ``setup.py`` directly.
[0.856s]         Instead, use pypa/build, pypa/installer or other
[0.856s]         standards-based tools.
[0.856s] 
[0.856s]         See https://blog.ganssle.io/articles/2021/10/setup-py-deprecated.html for details.
[0.856s]         ********************************************************************************
[0.856s] 
[0.856s] !!
[0.856s]   self.initialize_options()
[0.857s] running install_lib
[0.863s] creating /home/nuctella/my_ros2_ws/install/rosbot_object_recognition/lib/python3.10/site-packages/rosbot_object_recognition
[0.863s] copying /home/nuctella/my_ros2_ws/build/rosbot_object_recognition/build/lib/rosbot_object_recognition/__init__.py -> /home/nuctella/my_ros2_ws/install/rosbot_object_recognition/lib/python3.10/site-packages/rosbot_object_recognition
[0.863s] copying /home/nuctella/my_ros2_ws/build/rosbot_object_recognition/build/lib/rosbot_object_recognition/object_recognition.py -> /home/nuctella/my_ros2_ws/install/rosbot_object_recognition/lib/python3.10/site-packages/rosbot_object_recognition
[0.863s] byte-compiling /home/nuctella/my_ros2_ws/install/rosbot_object_recognition/lib/python3.10/site-packages/rosbot_object_recognition/__init__.py to __init__.cpython-310.pyc
[0.863s] byte-compiling /home/nuctella/my_ros2_ws/install/rosbot_object_recognition/lib/python3.10/site-packages/rosbot_object_recognition/object_recognition.py to object_recognition.cpython-310.pyc
[0.864s] running install_data
[0.871s] running install_egg_info
[0.877s] Copying ../../build/rosbot_object_recognition/rosbot_object_recognition.egg-info to /home/nuctella/my_ros2_ws/install/rosbot_object_recognition/lib/python3.10/site-packages/rosbot_object_recognition-0.0.0-py3.10.egg-info
[0.877s] running install_scripts
[0.943s] Installing obj_rec script to /home/nuctella/my_ros2_ws/install/rosbot_object_recognition/lib/rosbot_object_recognition
[0.943s] writing list of installed files to '/home/nuctella/my_ros2_ws/build/rosbot_object_recognition/install.log'
[0.957s] Invoked command in '/home/nuctella/my_ros2_ws/src/rosbot_object_recognition' returned '0': PYTHONPATH=/home/nuctella/my_ros2_ws/build/rosbot_object_recognition/prefix_override:/home/nuctella/my_ros2_ws/install/rosbot_object_recognition/lib/python3.10/site-packages:${PYTHONPATH} /usr/bin/python3 setup.py egg_info --egg-base ../../build/rosbot_object_recognition build --build-base /home/nuctella/my_ros2_ws/build/rosbot_object_recognition/build install --record /home/nuctella/my_ros2_ws/build/rosbot_object_recognition/install.log --single-version-externally-managed
