[0.014s] Invoking command in '/home/nuctella/my_ros2_ws/build/core': CMAKE_PREFIX_PATH=${CMAKE_PREFIX_PATH}:/home/nuctella/my_ros2_ws/install/rosbot_object_recognition:/opt/ros/humble /usr/bin/cmake /home/nuctella/my_ros2_ws/src/core -DCMAKE_INSTALL_PREFIX=/home/nuctella/my_ros2_ws/install/core
[0.112s] -- The C compiler identification is GNU 11.4.0
[0.181s] -- The CXX compiler identification is GNU 11.4.0
[0.189s] -- Detecting C compiler ABI info
[0.248s] -- Detecting C compiler ABI info - done
[0.254s] -- Check for working C compiler: /usr/bin/cc - skipped
[0.254s] -- Detecting C compile features
[0.255s] -- Detecting C compile features - done
[0.259s] -- Detecting CXX compiler ABI info
[0.326s] -- Detecting CXX compiler ABI info - done
[0.334s] -- Check for working CXX compiler: /usr/bin/c++ - skipped
[0.335s] -- Detecting CXX compile features
[0.335s] -- Detecting CXX compile features - done
[0.338s] -- Found ament_cmake: 1.3.5 (/opt/ros/humble/share/ament_cmake/cmake)
[0.696s] -- Found Python3: /usr/bin/python3.10 (found version "3.10.12") found components: Interpreter 
[0.842s] -- Found rclcpp: 16.0.5 (/opt/ros/humble/share/rclcpp/cmake)
[0.910s] -- Found rosidl_generator_c: 3.1.5 (/opt/ros/humble/share/rosidl_generator_c/cmake)
[0.920s] -- Found rosidl_adapter: 3.1.5 (/opt/ros/humble/share/rosidl_adapter/cmake)
[0.936s] -- Found rosidl_generator_cpp: 3.1.5 (/opt/ros/humble/share/rosidl_generator_cpp/cmake)
[0.954s] -- Using all available rosidl_typesupport_c: rosidl_typesupport_fastrtps_c;rosidl_typesupport_introspection_c
[0.983s] -- Using all available rosidl_typesupport_cpp: rosidl_typesupport_fastrtps_cpp;rosidl_typesupport_introspection_cpp
[1.071s] -- Found rmw_implementation_cmake: 6.1.1 (/opt/ros/humble/share/rmw_implementation_cmake/cmake)
[1.075s] -- Found rmw_fastrtps_cpp: 6.2.3 (/opt/ros/humble/share/rmw_fastrtps_cpp/cmake)
[1.182s] -- Found OpenSSL: /usr/lib/x86_64-linux-gnu/libcrypto.so (found version "3.0.2")  
[1.215s] -- Found FastRTPS: /opt/ros/humble/include  
[1.272s] -- Using RMW implementation 'rmw_fastrtps_cpp' as default
[1.289s] -- Looking for pthread.h
[1.359s] -- Looking for pthread.h - found
[1.359s] -- Performing Test CMAKE_HAVE_LIBC_PTHREAD
[1.422s] -- Performing Test CMAKE_HAVE_LIBC_PTHREAD - Success
[1.424s] -- Found Threads: TRUE  
[1.586s] -- Found rclpy: 3.3.9 (/opt/ros/humble/share/rclpy/cmake)
[1.588s] -- Found sensor_msgs: 4.2.3 (/opt/ros/humble/share/sensor_msgs/cmake)
[1.792s] -- Found ament_lint_auto: 0.12.7 (/opt/ros/humble/share/ament_lint_auto/cmake)
[1.887s] -- Added test 'cppcheck' to perform static code analysis on C / C++ code
[1.887s] -- Configured cppcheck include dirs: /home/nuctella/my_ros2_ws/src/core/include
[1.887s] -- Configured cppcheck exclude dirs and/or files: 
[1.888s] -- Added test 'flake8' to check Python code syntax and style conventions
[1.889s] -- Added test 'lint_cmake' to check CMake code style
[1.890s] -- Added test 'pep257' to check Python code against some of the docstring style conventions in PEP 257
[1.891s] -- Added test 'uncrustify' to check C / C++ code style
[1.891s] -- Configured uncrustify additional arguments: 
[1.892s] -- Added test 'xmllint' to check XML markup files
[1.895s] -- Configuring done
[1.905s] -- Generating done
[1.906s] -- Build files have been written to: /home/nuctella/my_ros2_ws/build/core
[1.915s] Invoked command in '/home/nuctella/my_ros2_ws/build/core' returned '0': CMAKE_PREFIX_PATH=${CMAKE_PREFIX_PATH}:/home/nuctella/my_ros2_ws/install/rosbot_object_recognition:/opt/ros/humble /usr/bin/cmake /home/nuctella/my_ros2_ws/src/core -DCMAKE_INSTALL_PREFIX=/home/nuctella/my_ros2_ws/install/core
[1.917s] Invoking command in '/home/nuctella/my_ros2_ws/build/core': CMAKE_PREFIX_PATH=${CMAKE_PREFIX_PATH}:/home/nuctella/my_ros2_ws/install/rosbot_object_recognition:/opt/ros/humble /usr/bin/cmake --build /home/nuctella/my_ros2_ws/build/core -- -j20 -l20
[1.958s] [ 50%] [32mBuilding CXX object CMakeFiles/monitor_battery.dir/src/monitor_battery.cpp.o[0m
[1.965s] [ 50%] Built target ament_cmake_python_copy_core
[2.131s] running egg_info
[2.132s] creating core.egg-info
[2.143s] writing core.egg-info/PKG-INFO
[2.144s] writing dependency_links to core.egg-info/dependency_links.txt
[2.144s] writing top-level names to core.egg-info/top_level.txt
[2.144s] writing manifest file 'core.egg-info/SOURCES.txt'
[2.180s] reading manifest file 'core.egg-info/SOURCES.txt'
[2.181s] writing manifest file 'core.egg-info/SOURCES.txt'
[2.208s] [ 50%] Built target ament_cmake_python_build_core_egg
[8.920s] [100%] [32m[1mLinking CXX executable monitor_battery[0m
[9.249s] [100%] Built target monitor_battery
[9.261s] Invoked command in '/home/nuctella/my_ros2_ws/build/core' returned '0': CMAKE_PREFIX_PATH=${CMAKE_PREFIX_PATH}:/home/nuctella/my_ros2_ws/install/rosbot_object_recognition:/opt/ros/humble /usr/bin/cmake --build /home/nuctella/my_ros2_ws/build/core -- -j20 -l20
[9.284s] Invoking command in '/home/nuctella/my_ros2_ws/build/core': CMAKE_PREFIX_PATH=${CMAKE_PREFIX_PATH}:/home/nuctella/my_ros2_ws/install/rosbot_object_recognition:/opt/ros/humble /usr/bin/cmake --install /home/nuctella/my_ros2_ws/build/core
[9.289s] -- Install configuration: ""
[9.289s] -- Installing: /home/nuctella/my_ros2_ws/install/core/lib/core/monitor_battery
[9.293s] -- Set runtime path of "/home/nuctella/my_ros2_ws/install/core/lib/core/monitor_battery" to ""
[9.293s] -- Installing: /home/nuctella/my_ros2_ws/install/core/include
[9.293s] -- Installing: /home/nuctella/my_ros2_ws/install/core/include/.gitkeep
[9.293s] -- Installing: /home/nuctella/my_ros2_ws/install/core/share/core/environment/pythonpath.sh
[9.293s] -- Installing: /home/nuctella/my_ros2_ws/install/core/share/core/environment/pythonpath.dsv
[9.293s] -- Installing: /home/nuctella/my_ros2_ws/install/core/local/lib/python3.10/dist-packages/core-0.0.0-py3.10.egg-info
[9.293s] -- Installing: /home/nuctella/my_ros2_ws/install/core/local/lib/python3.10/dist-packages/core-0.0.0-py3.10.egg-info/dependency_links.txt
[9.294s] -- Installing: /home/nuctella/my_ros2_ws/install/core/local/lib/python3.10/dist-packages/core-0.0.0-py3.10.egg-info/top_level.txt
[9.294s] -- Installing: /home/nuctella/my_ros2_ws/install/core/local/lib/python3.10/dist-packages/core-0.0.0-py3.10.egg-info/SOURCES.txt
[9.294s] -- Installing: /home/nuctella/my_ros2_ws/install/core/local/lib/python3.10/dist-packages/core-0.0.0-py3.10.egg-info/PKG-INFO
[9.294s] -- Installing: /home/nuctella/my_ros2_ws/install/core/local/lib/python3.10/dist-packages/core
[9.294s] -- Installing: /home/nuctella/my_ros2_ws/install/core/local/lib/python3.10/dist-packages/core/__init__.py
[9.322s] Listing '/home/nuctella/my_ros2_ws/install/core/local/lib/python3.10/dist-packages/core'...
[9.323s] Compiling '/home/nuctella/my_ros2_ws/install/core/local/lib/python3.10/dist-packages/core/__init__.py'...
[9.327s] -- Installing: /home/nuctella/my_ros2_ws/install/core/lib/core/monitor_battery.py
[9.327s] -- Installing: /home/nuctella/my_ros2_ws/install/core/share/ament_index/resource_index/package_run_dependencies/core
[9.328s] -- Installing: /home/nuctella/my_ros2_ws/install/core/share/ament_index/resource_index/parent_prefix_path/core
[9.328s] -- Installing: /home/nuctella/my_ros2_ws/install/core/share/core/environment/ament_prefix_path.sh
[9.328s] -- Installing: /home/nuctella/my_ros2_ws/install/core/share/core/environment/ament_prefix_path.dsv
[9.328s] -- Installing: /home/nuctella/my_ros2_ws/install/core/share/core/environment/path.sh
[9.328s] -- Installing: /home/nuctella/my_ros2_ws/install/core/share/core/environment/path.dsv
[9.328s] -- Installing: /home/nuctella/my_ros2_ws/install/core/share/core/local_setup.bash
[9.328s] -- Installing: /home/nuctella/my_ros2_ws/install/core/share/core/local_setup.sh
[9.328s] -- Installing: /home/nuctella/my_ros2_ws/install/core/share/core/local_setup.zsh
[9.328s] -- Installing: /home/nuctella/my_ros2_ws/install/core/share/core/local_setup.dsv
[9.328s] -- Installing: /home/nuctella/my_ros2_ws/install/core/share/core/package.dsv
[9.329s] -- Installing: /home/nuctella/my_ros2_ws/install/core/share/ament_index/resource_index/packages/core
[9.329s] -- Installing: /home/nuctella/my_ros2_ws/install/core/share/core/cmake/ament_cmake_export_include_directories-extras.cmake
[9.329s] -- Installing: /home/nuctella/my_ros2_ws/install/core/share/core/cmake/coreConfig.cmake
[9.329s] -- Installing: /home/nuctella/my_ros2_ws/install/core/share/core/cmake/coreConfig-version.cmake
[9.329s] -- Installing: /home/nuctella/my_ros2_ws/install/core/share/core/package.xml
[9.332s] Invoked command in '/home/nuctella/my_ros2_ws/build/core' returned '0': CMAKE_PREFIX_PATH=${CMAKE_PREFIX_PATH}:/home/nuctella/my_ros2_ws/install/rosbot_object_recognition:/opt/ros/humble /usr/bin/cmake --install /home/nuctella/my_ros2_ws/build/core
