running egg_info
writing ../build/rosbot_object_recognition/rosbot_object_recognition.egg-info/PKG-INFO
writing dependency_links to ../build/rosbot_object_recognition/rosbot_object_recognition.egg-info/dependency_links.txt
writing entry points to ../build/rosbot_object_recognition/rosbot_object_recognition.egg-info/entry_points.txt
writing requirements to ../build/rosbot_object_recognition/rosbot_object_recognition.egg-info/requires.txt
writing top-level names to ../build/rosbot_object_recognition/rosbot_object_recognition.egg-info/top_level.txt
reading manifest file '../build/rosbot_object_recognition/rosbot_object_recognition.egg-info/SOURCES.txt'
writing manifest file '../build/rosbot_object_recognition/rosbot_object_recognition.egg-info/SOURCES.txt'
running build
running build_py
copying rosbot_object_recognition/object_recognition.py -> /home/nuctella/my_ros2_ws/src/build/rosbot_object_recognition/build/lib/rosbot_object_recognition
running install
running install_lib
copying /home/nuctella/my_ros2_ws/src/build/rosbot_object_recognition/build/lib/rosbot_object_recognition/object_recognition.py -> /home/nuctella/my_ros2_ws/src/install/rosbot_object_recognition/lib/python3.10/site-packages/rosbot_object_recognition
byte-compiling /home/nuctella/my_ros2_ws/src/install/rosbot_object_recognition/lib/python3.10/site-packages/rosbot_object_recognition/object_recognition.py to object_recognition.cpython-310.pyc
running install_data
running install_egg_info
removing '/home/nuctella/my_ros2_ws/src/install/rosbot_object_recognition/lib/python3.10/site-packages/rosbot_object_recognition-0.0.0-py3.10.egg-info' (and everything under it)
Copying ../build/rosbot_object_recognition/rosbot_object_recognition.egg-info to /home/nuctella/my_ros2_ws/src/install/rosbot_object_recognition/lib/python3.10/site-packages/rosbot_object_recognition-0.0.0-py3.10.egg-info
running install_scripts
Installing obj_rec script to /home/nuctella/my_ros2_ws/src/install/rosbot_object_recognition/lib/rosbot_object_recognition
writing list of installed files to '/home/nuctella/my_ros2_ws/src/build/rosbot_object_recognition/install.log'
