[4.700s] Invoking command in '/home/nuctella/my_ros2_ws/src/build/core': CMAKE_PREFIX_PATH=${CMAKE_PREFIX_PATH}:/home/nuctella/my_ros2_ws/install/start_with_simple_nodes_py:/home/nuctella/my_ros2_ws/install/rosbot_object_recognition:/home/nuctella/my_ros2_ws/install/publisher_and_subscriber_py:/opt/ros/humble /usr/bin/cmake /home/nuctella/my_ros2_ws/src/core -DAMENT_CMAKE_SYMLINK_INSTALL=1 -DCMAKE_INSTALL_PREFIX=/home/nuctella/my_ros2_ws/src/install/core
[22.987s] -- The C compiler identification is GNU 11.3.0
[31.133s] -- The CXX compiler identification is GNU 11.3.0
[33.461s] -- Detecting C compiler ABI info
[56.606s] -- Detecting C compiler ABI info - done
[56.769s] -- Check for working C compiler: /usr/bin/cc - skipped
[56.782s] -- Detecting C compile features
[56.788s] -- Detecting C compile features - done
[57.180s] -- Detecting CXX compiler ABI info
[82.134s] -- Detecting CXX compiler ABI info - done
[82.369s] -- Check for working CXX compiler: /usr/bin/c++ - skipped
[82.377s] -- Detecting CXX compile features
[82.384s] -- Detecting CXX compile features - done
[87.611s] -- Found ament_cmake: 1.3.4 (/opt/ros/humble/share/ament_cmake/cmake)
[181.463s] -- Found Python3: /usr/bin/python3.10 (found version "3.10.6") found components: Interpreter 
[191.267s] -- Override CMake install command with custom implementation using symlinks instead of copying resources
[282.478s] -- Found rclcpp: 16.0.4 (/opt/ros/humble/share/rclcpp/cmake)
[342.731s] -- Found rosidl_generator_c: 3.1.4 (/opt/ros/humble/share/rosidl_generator_c/cmake)
[354.244s] -- Found rosidl_adapter: 3.1.4 (/opt/ros/humble/share/rosidl_adapter/cmake)
[363.079s] -- Found rosidl_generator_cpp: 3.1.4 (/opt/ros/humble/share/rosidl_generator_cpp/cmake)
[372.144s] -- Using all available rosidl_typesupport_c: rosidl_typesupport_fastrtps_c;rosidl_typesupport_introspection_c
[394.465s] -- Using all available rosidl_typesupport_cpp: rosidl_typesupport_fastrtps_cpp;rosidl_typesupport_introspection_cpp
[458.586s] -- Found rmw_implementation_cmake: 6.1.1 (/opt/ros/humble/share/rmw_implementation_cmake/cmake)
[463.122s] -- Found rmw_fastrtps_cpp: 6.2.2 (/opt/ros/humble/share/rmw_fastrtps_cpp/cmake)
[536.868s] -- Found OpenSSL: /usr/lib/x86_64-linux-gnu/libcrypto.so (found version "3.0.2")  
[549.641s] -- Found FastRTPS: /opt/ros/humble/include  
[569.297s] -- Using RMW implementation 'rmw_fastrtps_cpp' as default
[596.423s] -- Looking for pthread.h
[626.012s] -- Looking for pthread.h - found
[626.110s] -- Performing Test CMAKE_HAVE_LIBC_PTHREAD
[655.920s] -- Performing Test CMAKE_HAVE_LIBC_PTHREAD - Success
[655.955s] -- Found Threads: TRUE  
[688.110s] -- Found rclpy: 3.3.8 (/opt/ros/humble/share/rclpy/cmake)
[691.913s] -- Found sensor_msgs: 4.2.3 (/opt/ros/humble/share/sensor_msgs/cmake)
[732.193s] -- Found ament_lint_auto: 0.12.6 (/opt/ros/humble/share/ament_lint_auto/cmake)
[818.947s] -- Added test 'cppcheck' to perform static code analysis on C / C++ code
[818.953s] -- Configured cppcheck include dirs: /home/nuctella/my_ros2_ws/src/core/include
[818.958s] -- Configured cppcheck exclude dirs and/or files: 
[820.571s] -- Added test 'flake8' to check Python code syntax and style conventions
[822.658s] -- Added test 'lint_cmake' to check CMake code style
[824.538s] -- Added test 'pep257' to check Python code against some of the docstring style conventions in PEP 257
[829.608s] -- Added test 'uncrustify' to check C / C++ code style
[829.614s] -- Configured uncrustify additional arguments: 
[831.241s] -- Added test 'xmllint' to check XML markup files
[835.013s] -- Configuring done
[838.483s] -- Generating done
[839.237s] -- Build files have been written to: /home/nuctella/my_ros2_ws/src/build/core
[839.280s] Invoked command in '/home/nuctella/my_ros2_ws/src/build/core' returned '0': CMAKE_PREFIX_PATH=${CMAKE_PREFIX_PATH}:/home/nuctella/my_ros2_ws/install/start_with_simple_nodes_py:/home/nuctella/my_ros2_ws/install/rosbot_object_recognition:/home/nuctella/my_ros2_ws/install/publisher_and_subscriber_py:/opt/ros/humble /usr/bin/cmake /home/nuctella/my_ros2_ws/src/core -DAMENT_CMAKE_SYMLINK_INSTALL=1 -DCMAKE_INSTALL_PREFIX=/home/nuctella/my_ros2_ws/src/install/core
[839.332s] Invoking command in '/home/nuctella/my_ros2_ws/src/build/core': CMAKE_PREFIX_PATH=${CMAKE_PREFIX_PATH}:/home/nuctella/my_ros2_ws/install/start_with_simple_nodes_py:/home/nuctella/my_ros2_ws/install/rosbot_object_recognition:/home/nuctella/my_ros2_ws/install/publisher_and_subscriber_py:/opt/ros/humble /usr/bin/cmake --build /home/nuctella/my_ros2_ws/src/build/core -- -j8 -l8
[863.501s] [ 50%] [32mBuilding CXX object CMakeFiles/monitor_battery.dir/src/monitor_battery.cpp.o[0m
[927.730s] [100%] [32m[1mLinking CXX executable monitor_battery[0m
[977.062s] [100%] Built target monitor_battery
[997.174s] [100%] Built target ament_cmake_python_symlink_core
[1028.308s] running egg_info
[1028.314s] creating core.egg-info
[1028.703s] writing core.egg-info/PKG-INFO
[1028.734s] writing dependency_links to core.egg-info/dependency_links.txt
[1028.775s] writing top-level names to core.egg-info/top_level.txt
[1028.808s] writing manifest file 'core.egg-info/SOURCES.txt'
[1030.089s] reading manifest file 'core.egg-info/SOURCES.txt'
[1030.285s] writing manifest file 'core.egg-info/SOURCES.txt'
[1036.117s] [100%] Built target ament_cmake_python_build_core_egg
[1039.783s] Invoked command in '/home/nuctella/my_ros2_ws/src/build/core' returned '0': CMAKE_PREFIX_PATH=${CMAKE_PREFIX_PATH}:/home/nuctella/my_ros2_ws/install/start_with_simple_nodes_py:/home/nuctella/my_ros2_ws/install/rosbot_object_recognition:/home/nuctella/my_ros2_ws/install/publisher_and_subscriber_py:/opt/ros/humble /usr/bin/cmake --build /home/nuctella/my_ros2_ws/src/build/core -- -j8 -l8
[1066.933s] Invoking command in '/home/nuctella/my_ros2_ws/src/build/core': CMAKE_PREFIX_PATH=${CMAKE_PREFIX_PATH}:/home/nuctella/my_ros2_ws/install/start_with_simple_nodes_py:/home/nuctella/my_ros2_ws/install/rosbot_object_recognition:/home/nuctella/my_ros2_ws/install/publisher_and_subscriber_py:/opt/ros/humble /usr/bin/cmake --install /home/nuctella/my_ros2_ws/src/build/core
[1140.020s] -- Install configuration: ""
[1140.029s] -- Execute custom install script
[1140.036s] -- Symlinking: /home/nuctella/my_ros2_ws/src/install/core/lib/core/monitor_battery
[1140.042s] -- Symlinking: /home/nuctella/my_ros2_ws/src/install/core/include/.gitkeep
[1140.049s] -- Symlinking: /home/nuctella/my_ros2_ws/src/install/core/share/core/environment/pythonpath.sh
[1140.055s] -- Symlinking: /home/nuctella/my_ros2_ws/src/install/core/share/core/environment/pythonpath.dsv
[1140.062s] -- Symlinking: /home/nuctella/my_ros2_ws/src/install/core/local/lib/python3.10/dist-packages/core-0.0.0-py3.10.egg-info/PKG-INFO
[1140.068s] -- Symlinking: /home/nuctella/my_ros2_ws/src/install/core/local/lib/python3.10/dist-packages/core-0.0.0-py3.10.egg-info/SOURCES.txt
[1140.075s] -- Symlinking: /home/nuctella/my_ros2_ws/src/install/core/local/lib/python3.10/dist-packages/core-0.0.0-py3.10.egg-info/dependency_links.txt
[1140.081s] -- Symlinking: /home/nuctella/my_ros2_ws/src/install/core/local/lib/python3.10/dist-packages/core-0.0.0-py3.10.egg-info/top_level.txt
[1140.090s] -- Symlinking: /home/nuctella/my_ros2_ws/src/install/core/local/lib/python3.10/dist-packages/core/__init__.py
[1140.099s] -- Symlinking: /home/nuctella/my_ros2_ws/src/install/core/lib/core/monitor_battery.py
[1140.104s] -- Symlinking: /home/nuctella/my_ros2_ws/src/install/core/share/ament_index/resource_index/package_run_dependencies/core
[1140.111s] -- Symlinking: /home/nuctella/my_ros2_ws/src/install/core/share/ament_index/resource_index/parent_prefix_path/core
[1140.118s] -- Symlinking: /home/nuctella/my_ros2_ws/src/install/core/share/core/environment/ament_prefix_path.sh
[1140.124s] -- Symlinking: /home/nuctella/my_ros2_ws/src/install/core/share/core/environment/ament_prefix_path.dsv
[1140.133s] -- Symlinking: /home/nuctella/my_ros2_ws/src/install/core/share/core/environment/path.sh
[1140.140s] -- Symlinking: /home/nuctella/my_ros2_ws/src/install/core/share/core/environment/path.dsv
[1140.146s] -- Symlinking: /home/nuctella/my_ros2_ws/src/install/core/share/core/local_setup.bash
[1143.560s] -- Symlinking: /home/nuctella/my_ros2_ws/src/install/core/share/core/local_setup.sh
[1146.424s] -- Symlinking: /home/nuctella/my_ros2_ws/src/install/core/share/core/local_setup.zsh
[1149.654s] -- Symlinking: /home/nuctella/my_ros2_ws/src/install/core/share/core/local_setup.dsv
[1153.436s] -- Symlinking: /home/nuctella/my_ros2_ws/src/install/core/share/core/package.dsv
[1156.776s] -- Symlinking: /home/nuctella/my_ros2_ws/src/install/core/share/ament_index/resource_index/packages/core
[1161.841s] -- Symlinking: /home/nuctella/my_ros2_ws/src/install/core/share/core/cmake/ament_cmake_export_include_directories-extras.cmake
[1165.953s] -- Symlinking: /home/nuctella/my_ros2_ws/src/install/core/share/core/cmake/coreConfig.cmake
[1170.340s] -- Symlinking: /home/nuctella/my_ros2_ws/src/install/core/share/core/cmake/coreConfig-version.cmake
[1174.137s] -- Symlinking: /home/nuctella/my_ros2_ws/src/install/core/share/core/package.xml
[1186.889s] Listing '/home/nuctella/my_ros2_ws/src/install/core/local/lib/python3.10/dist-packages/core'...
[1186.897s] Compiling '/home/nuctella/my_ros2_ws/src/install/core/local/lib/python3.10/dist-packages/core/__init__.py'...
[1193.730s] Invoked command in '/home/nuctella/my_ros2_ws/src/build/core' returned '0': CMAKE_PREFIX_PATH=${CMAKE_PREFIX_PATH}:/home/nuctella/my_ros2_ws/install/start_with_simple_nodes_py:/home/nuctella/my_ros2_ws/install/rosbot_object_recognition:/home/nuctella/my_ros2_ws/install/publisher_and_subscriber_py:/opt/ros/humble /usr/bin/cmake --install /home/nuctella/my_ros2_ws/src/build/core
