[0.119s] Invoking command in '/home/nuctella/ros2_ws/ws/build/ign_ros2_control': CMAKE_PREFIX_PATH=${CMAKE_PREFIX_PATH}:/home/nuctella/my_ros2_ws/install/rosbot_object_recognition:/opt/ros/humble /usr/bin/cmake /home/nuctella/ros2_ws/ws/src/gazebosim/gz_ros2_control/ign_ros2_control -DCMAKE_INSTALL_PREFIX=/home/nuctella/ros2_ws/ws/install/ign_ros2_control
[0.127s] -- Found ament_cmake: 1.3.5 (/opt/ros/humble/share/ament_cmake/cmake)
[0.218s] -- Override CMake install command with custom implementation using symlinks instead of copying resources
[0.223s] -- Found ament_index_cpp: 1.4.0 (/opt/ros/humble/share/ament_index_cpp/cmake)
[0.224s] -- Found controller_manager: 2.31.0 (/opt/ros/humble/share/controller_manager/cmake)
[0.244s] -- Found rosidl_generator_c: 3.1.5 (/opt/ros/humble/share/rosidl_generator_c/cmake)
[0.245s] -- Found rosidl_adapter: 3.1.5 (/opt/ros/humble/share/rosidl_adapter/cmake)
[0.249s] -- Found rosidl_generator_cpp: 3.1.5 (/opt/ros/humble/share/rosidl_generator_cpp/cmake)
[0.256s] -- Using all available rosidl_typesupport_c: rosidl_typesupport_fastrtps_c;rosidl_typesupport_introspection_c
[0.266s] -- Using all available rosidl_typesupport_cpp: rosidl_typesupport_fastrtps_cpp;rosidl_typesupport_introspection_cpp
[0.703s] -- Found rmw_implementation_cmake: 6.1.1 (/opt/ros/humble/share/rmw_implementation_cmake/cmake)
[0.703s] -- Found rmw_fastrtps_cpp: 6.2.4 (/opt/ros/humble/share/rmw_fastrtps_cpp/cmake)
[0.809s] -- Using RMW implementation 'rmw_fastrtps_cpp' as default
[1.170s] -- Found yaml_cpp_vendor: 8.0.2 (/opt/ros/humble/share/yaml_cpp_vendor/cmake)
[1.171s] -- Looking for ignition-gazebo6 -- found version 6.15.0
[1.174s] -- Searching for dependencies of ignition-gazebo6
[1.174s] -- Looking for sdformat12 -- found version 12.7.2
[1.174s] -- Searching for dependencies of sdformat12
[1.178s] -- Looking for ignition-math6 -- found version 6.15.0
[1.178s] -- Searching for dependencies of ignition-math6
[1.179s] -- Looking for ignition-utils1 -- found version 1.5.1
[1.179s] -- Searching for dependencies of ignition-utils1
[1.180s] -- Looking for ignition-plugin1 -- found version 1.4.0
[1.180s] -- Searching for dependencies of ignition-plugin1
[1.180s] -- Searching for <ignition-plugin1> component [loader]
[1.180s] -- Looking for ignition-plugin1-loader -- found version 1.4.0
[1.180s] -- Searching for dependencies of ignition-plugin1-loader
[1.181s] -- Searching for <ignition-plugin1> component [register]
[1.181s] -- Looking for ignition-plugin1-register -- found version 1.4.0
[1.181s] -- Searching for dependencies of ignition-plugin1-register
[1.182s] -- Looking for ignition-transport11 -- found version 11.4.1
[1.182s] -- Searching for dependencies of ignition-transport11
[1.197s] -- Found Protobuf: /usr/lib/x86_64-linux-gnu/libprotobuf.so (found version "3.12.4") 
[1.207s] -- Config-file not installed for ZeroMQ -- checking for pkg-config
[1.210s] -- Checking for module 'libzmq >= 4'
[1.218s] --   Found libzmq , version 4.3.4
[1.241s] -- Checking for module 'uuid'
[1.248s] --   Found uuid, version 2.37.2
[1.266s] -- Looking for ignition-utils1 -- found version 1.5.1
[1.266s] -- Searching for dependencies of ignition-utils1
[1.266s] -- Searching for <ignition-utils1> component [cli]
[1.266s] -- Looking for ignition-utils1-cli -- found version 1.5.1
[1.267s] -- Searching for dependencies of ignition-utils1-cli
[1.267s] -- Looking for ignition-msgs8 -- found version 8.7.0
[1.267s] -- Searching for dependencies of ignition-msgs8
[1.282s] -- Found Protobuf: /usr/lib/x86_64-linux-gnu/libprotobuf.so (found suitable version "3.12.4", minimum required is "3") 
[1.282s] -- Looking for ignition-math6 -- found version 6.15.0
[1.287s] -- Searching for <ignition-transport11> component [log]
[1.287s] -- Looking for ignition-transport11-log -- found version 11.4.1
[1.287s] -- Searching for dependencies of ignition-transport11-log
[1.287s] -- Searching for <ignition-transport11> component [parameters]
[1.290s] -- Looking for ignition-transport11-parameters -- found version 11.4.1
[1.290s] -- Searching for dependencies of ignition-transport11-parameters
[1.290s] -- Looking for ignition-msgs8 -- found version 8.7.0
[1.291s] -- Looking for ignition-common4 -- found version 4.7.0
[1.291s] -- Searching for dependencies of ignition-common4
[1.291s] -- Looking for dlfcn.h - found
[1.291s] -- Looking for libdl - found
[1.297s] -- Searching for <ignition-common4> component [profiler]
[1.297s] -- Looking for ignition-common4-profiler -- found version 4.7.0
[1.297s] -- Searching for dependencies of ignition-common4-profiler
[1.297s] -- Searching for <ignition-common4> component [events]
[1.298s] -- Looking for ignition-common4-events -- found version 4.7.0
[1.298s] -- Searching for dependencies of ignition-common4-events
[1.298s] -- Looking for ignition-math6 -- found version 6.15.0
[1.298s] -- Searching for <ignition-common4> component [av]
[1.298s] -- Looking for ignition-common4-av -- found version 4.7.0
[1.299s] -- Searching for dependencies of ignition-common4-av
[1.302s] -- Checking for module 'libswscale'
[1.309s] --   Found libswscale, version 5.9.100
[1.330s] -- Checking for module 'libavdevice >= 56.4.100'
[1.337s] --   Found libavdevice , version 58.13.100
[1.359s] -- Checking for module 'libavformat'
[1.367s] --   Found libavformat, version 58.76.100
[1.390s] -- Checking for module 'libavcodec'
[1.397s] --   Found libavcodec, version 58.134.100
[1.419s] -- Checking for module 'libavutil'
[1.427s] --   Found libavutil, version 56.70.100
[1.447s] -- Looking for ignition-fuel_tools7 -- found version 7.3.0
[1.447s] -- Searching for dependencies of ignition-fuel_tools7
[1.471s] -- Checking for module 'jsoncpp'
[1.477s] --   Found jsoncpp, version 1.9.5
[1.498s] -- Checking for module 'libzip'
[1.505s] --   Found libzip, version 1.7.3
[1.523s] -- Looking for ignition-common4 -- found version 4.7.0
[1.523s] -- Looking for ignition-math6 -- found version 6.15.0
[1.524s] -- Looking for ignition-msgs8 -- found version 8.7.0
[1.524s] -- Looking for ignition-gui6 -- found version 6.8.0
[1.525s] -- Searching for dependencies of ignition-gui6
[1.543s] -- Looking for ignition-math6 -- found version 6.15.0
[1.543s] -- Looking for ignition-common4 -- found version 4.7.0
[1.543s] -- Looking for ignition-plugin1 -- found version 1.4.0
[1.543s] -- Looking for ignition-transport11 -- found version 11.4.1
[1.544s] -- Looking for ignition-rendering6 -- found version 6.6.1
[1.544s] -- Searching for dependencies of ignition-rendering6
[1.544s] -- Looking for ignition-math6 -- found version 6.15.0
[1.544s] -- Searching for dependencies of ignition-math6
[1.544s] -- Searching for <ignition-math6> component [eigen3]
[1.544s] -- Looking for ignition-math6-eigen3 -- found version 6.15.0
[1.545s] -- Searching for dependencies of ignition-math6-eigen3
[1.546s] -- Looking for ignition-common4 -- found version 4.7.0
[1.546s] -- Searching for dependencies of ignition-common4
[1.546s] -- Looking for dlfcn.h - found
[1.546s] -- Looking for libdl - found
[1.551s] -- Searching for <ignition-common4> component [graphics]
[1.551s] -- Looking for ignition-common4-graphics -- found version 4.7.0
[1.552s] -- Searching for dependencies of ignition-common4-graphics
[1.552s] -- Looking for ignition-math6 -- found version 6.15.0
[1.552s] -- Looking for ignition-utils1 -- found version 1.5.1
[1.552s] -- Searching for <ignition-common4> component [events]
[1.553s] -- Looking for ignition-plugin1 -- found version 1.4.0
[1.553s] -- Searching for dependencies of ignition-plugin1
[1.553s] -- Searching for <ignition-plugin1> component [all]
[1.553s] -- Looking for all libraries of ignition-plugin1 -- found version 1.4.0
[1.554s] -- Looking for ignition-plugin1 -- found version 1.4.0
[1.555s] -- Looking for ignition-msgs8 -- found version 8.7.0
[1.563s] -- Looking for ignition-physics5 -- found version 5.3.2
[1.563s] -- Searching for dependencies of ignition-physics5
[1.563s] -- Looking for ignition-math6 -- found version 6.15.0
[1.563s] -- Looking for ignition-plugin1 -- found version 1.4.0
[1.564s] -- Looking for ignition-utils1 -- found version 1.5.1
[1.564s] -- Searching for <ignition-physics5> component [heightmap]
[1.564s] -- Looking for ignition-physics5-heightmap -- found version 5.3.2
[1.564s] -- Searching for dependencies of ignition-physics5-heightmap
[1.565s] -- Looking for ignition-common4 -- found version 4.7.0
[1.565s] -- Searching for <ignition-physics5> component [mesh]
[1.565s] -- Looking for ignition-physics5-mesh -- found version 5.3.2
[1.566s] -- Searching for dependencies of ignition-physics5-mesh
[1.566s] -- Looking for ignition-common4 -- found version 4.7.0
[1.566s] -- Searching for <ignition-physics5> component [sdf]
[1.566s] -- Looking for ignition-physics5-sdf -- found version 5.3.2
[1.566s] -- Searching for dependencies of ignition-physics5-sdf
[1.567s] -- Looking for sdformat12 -- found version 12.7.2
[1.567s] -- Looking for ignition-sensors6 -- found version 6.7.1
[1.567s] -- Searching for dependencies of ignition-sensors6
[1.581s] -- Found Protobuf: /usr/lib/x86_64-linux-gnu/libprotobuf.so (found version "3.12.4") 
[1.582s] -- Looking for ignition-math6 -- found version 6.15.0
[1.582s] -- Looking for ignition-common4 -- found version 4.7.0
[1.582s] -- Looking for ignition-transport11 -- found version 11.4.1
[1.582s] -- Looking for ignition-rendering6 -- found version 6.6.1
[1.583s] -- Looking for ignition-msgs8 -- found version 8.7.0
[1.583s] -- Looking for sdformat12 -- found version 12.7.2
[1.583s] -- Searching for <ignition-sensors6> component [air_pressure]
[1.583s] -- Looking for ignition-sensors6-air_pressure -- found version 6.7.1
[1.584s] -- Searching for dependencies of ignition-sensors6-air_pressure
[1.584s] -- Searching for <ignition-sensors6> component [altimeter]
[1.584s] -- Looking for ignition-sensors6-altimeter -- found version 6.7.1
[1.584s] -- Searching for dependencies of ignition-sensors6-altimeter
[1.585s] -- Searching for <ignition-sensors6> component [imu]
[1.585s] -- Looking for ignition-sensors6-imu -- found version 6.7.1
[1.585s] -- Searching for dependencies of ignition-sensors6-imu
[1.585s] -- Searching for <ignition-sensors6> component [force_torque]
[1.586s] -- Looking for ignition-sensors6-force_torque -- found version 6.7.1
[1.586s] -- Searching for dependencies of ignition-sensors6-force_torque
[1.586s] -- Searching for <ignition-sensors6> component [logical_camera]
[1.586s] -- Looking for ignition-sensors6-logical_camera -- found version 6.7.1
[1.587s] -- Searching for dependencies of ignition-sensors6-logical_camera
[1.587s] -- Searching for <ignition-sensors6> component [magnetometer]
[1.587s] -- Looking for ignition-sensors6-magnetometer -- found version 6.7.1
[1.587s] -- Searching for dependencies of ignition-sensors6-magnetometer
[1.588s] -- Searching for <ignition-sensors6> component [navsat]
[1.588s] -- Looking for ignition-sensors6-navsat -- found version 6.7.1
[1.588s] -- Searching for dependencies of ignition-sensors6-navsat
[1.588s] -- Searching for <ignition-sensors6> component [rendering]
[1.589s] -- Looking for ignition-sensors6-rendering -- found version 6.7.1
[1.589s] -- Searching for dependencies of ignition-sensors6-rendering
[1.589s] -- Searching for <ignition-sensors6> component [lidar]
[1.589s] -- Looking for ignition-sensors6-lidar -- found version 6.7.1
[1.590s] -- Searching for dependencies of ignition-sensors6-lidar
[1.590s] -- Looking for ignition-sensors6 -- found version 6.7.1
[1.590s] -- Searching for <ignition-sensors6> component [gpu_lidar]
[1.590s] -- Looking for ignition-sensors6-gpu_lidar -- found version 6.7.1
[1.591s] -- Searching for dependencies of ignition-sensors6-gpu_lidar
[1.591s] -- Looking for ignition-sensors6 -- found version 6.7.1
[1.591s] -- Searching for <ignition-sensors6> component [camera]
[1.591s] -- Looking for ignition-sensors6-camera -- found version 6.7.1
[1.592s] -- Searching for dependencies of ignition-sensors6-camera
[1.592s] -- Looking for ignition-sensors6 -- found version 6.7.1
[1.592s] -- Searching for <ignition-sensors6> component [boundingbox_camera]
[1.592s] -- Looking for ignition-sensors6-boundingbox_camera -- found version 6.7.1
[1.593s] -- Searching for dependencies of ignition-sensors6-boundingbox_camera
[1.593s] -- Searching for <ignition-sensors6> component [segmentation_camera]
[1.593s] -- Looking for ignition-sensors6-segmentation_camera -- found version 6.7.1
[1.593s] -- Searching for dependencies of ignition-sensors6-segmentation_camera
[1.594s] -- Searching for <ignition-sensors6> component [depth_camera]
[1.594s] -- Looking for ignition-sensors6-depth_camera -- found version 6.7.1
[1.594s] -- Searching for dependencies of ignition-sensors6-depth_camera
[1.594s] -- Looking for ignition-sensors6 -- found version 6.7.1
[1.595s] -- Searching for <ignition-sensors6> component [rgbd_camera]
[1.595s] -- Looking for ignition-sensors6-rgbd_camera -- found version 6.7.1
[1.595s] -- Searching for dependencies of ignition-sensors6-rgbd_camera
[1.595s] -- Looking for ignition-sensors6 -- found version 6.7.1
[1.596s] -- Searching for <ignition-sensors6> component [thermal_camera]
[1.596s] -- Looking for ignition-sensors6-thermal_camera -- found version 6.7.1
[1.596s] -- Searching for dependencies of ignition-sensors6-thermal_camera
[1.596s] -- Looking for ignition-sensors6 -- found version 6.7.1
[1.597s] -- Looking for ignition-rendering6 -- found version 6.6.1
[1.597s] -- Looking for ignition-math6 -- found version 6.15.0
[1.598s] -- Looking for ignition-utils1 -- found version 1.5.1
[1.612s] -- Compiling against Ignition Fortress
[1.613s] -- Looking for ignition-plugin1 -- found version 1.4.0
[1.871s] -- Found ament_lint_auto: 0.12.8 (/opt/ros/humble/share/ament_lint_auto/cmake)
[1.914s] -- Added test 'copyright' to check source files copyright and LICENSE
[1.915s] -- Added test 'cppcheck' to perform static code analysis on C / C++ code
[1.915s] -- Configured cppcheck include dirs: /home/nuctella/ros2_ws/ws/src/gazebosim/gz_ros2_control/ign_ros2_control/include
[1.915s] -- Configured cppcheck exclude dirs and/or files: 
[1.916s] -- Added test 'cpplint' to check C / C++ code against the Google style
[1.916s] -- Configured cpplint exclude dirs and/or files: 
[1.916s] -- Added test 'lint_cmake' to check CMake code style
[1.916s] -- Added test 'uncrustify' to check C / C++ code style
[1.916s] -- Configured uncrustify additional arguments: 
[1.916s] -- Added test 'xmllint' to check XML markup files
[1.917s] -- Configuring done
[1.948s] -- Generating done
[1.949s] -- Build files have been written to: /home/nuctella/ros2_ws/ws/build/ign_ros2_control
