-- The C compiler identification is GNU 11.3.0
-- The CXX compiler identification is GNU 11.3.0
-- Detecting C compiler ABI info
-- Detecting C compiler ABI info - done
-- Check for working C compiler: /usr/bin/cc - skipped
-- Detecting C compile features
-- Detecting C compile features - done
-- Detecting CXX compiler ABI info
-- Detecting CXX compiler ABI info - done
-- Check for working CXX compiler: /usr/bin/c++ - skipped
-- Detecting CXX compile features
-- Detecting CXX compile features - done
-- Found ament_cmake: 1.3.4 (/opt/ros/humble/share/ament_cmake/cmake)
-- Found Python3: /usr/bin/python3.10 (found version "3.10.6") found components: Interpreter 
-- Override CMake install command with custom implementation using symlinks instead of copying resources
-- Found pluginlib: 5.1.0 (/opt/ros/humble/share/pluginlib/cmake)
-- Found ament_lint_auto: 0.12.6 (/opt/ros/humble/share/ament_lint_auto/cmake)
-- Added test 'copyright' to check source files copyright and LICENSE
-- Added test 'cppcheck' to perform static code analysis on C / C++ code
-- Configured cppcheck include dirs: $<BUILD_INTERFACE:/home/nuctella/my_ros2_ws/src/ROS2_learning/CPP/plugins/vehicle_base/include>
-- Configured cppcheck exclude dirs and/or files: 
-- Added test 'cpplint' to check C / C++ code against the Google style
-- Configured cpplint exclude dirs and/or files: 
-- Added test 'lint_cmake' to check CMake code style
-- Added test 'uncrustify' to check C / C++ code style
-- Configured uncrustify additional arguments: 
-- Added test 'xmllint' to check XML markup files
-- Configuring done
-- Generating done
-- Build files have been written to: /home/nuctella/my_ros2_ws/src/build/vehicle_base
[ 50%] [32mBuilding CXX object CMakeFiles/create_vehicle.dir/src/create_vehicle.cpp.o[0m
[100%] [32m[1mLinking CXX executable create_vehicle[0m
[100%] Built target create_vehicle
-- Install configuration: ""
-- Execute custom install script
-- Symlinking: /home/nuctella/my_ros2_ws/src/install/vehicle_base/include/vehicle_base/regular_vehicle.hpp
-- Symlinking: /home/nuctella/my_ros2_ws/src/install/vehicle_base/lib/vehicle_base/create_vehicle
-- Symlinking: /home/nuctella/my_ros2_ws/src/install/vehicle_base/share/ament_index/resource_index/package_run_dependencies/vehicle_base
-- Symlinking: /home/nuctella/my_ros2_ws/src/install/vehicle_base/share/ament_index/resource_index/parent_prefix_path/vehicle_base
-- Symlinking: /home/nuctella/my_ros2_ws/src/install/vehicle_base/share/vehicle_base/environment/ament_prefix_path.sh
-- Symlinking: /home/nuctella/my_ros2_ws/src/install/vehicle_base/share/vehicle_base/environment/ament_prefix_path.dsv
-- Symlinking: /home/nuctella/my_ros2_ws/src/install/vehicle_base/share/vehicle_base/environment/path.sh
-- Symlinking: /home/nuctella/my_ros2_ws/src/install/vehicle_base/share/vehicle_base/environment/path.dsv
-- Symlinking: /home/nuctella/my_ros2_ws/src/install/vehicle_base/share/vehicle_base/local_setup.bash
-- Symlinking: /home/nuctella/my_ros2_ws/src/install/vehicle_base/share/vehicle_base/local_setup.sh
-- Symlinking: /home/nuctella/my_ros2_ws/src/install/vehicle_base/share/vehicle_base/local_setup.zsh
-- Symlinking: /home/nuctella/my_ros2_ws/src/install/vehicle_base/share/vehicle_base/local_setup.dsv
-- Symlinking: /home/nuctella/my_ros2_ws/src/install/vehicle_base/share/vehicle_base/package.dsv
-- Symlinking: /home/nuctella/my_ros2_ws/src/install/vehicle_base/share/ament_index/resource_index/packages/vehicle_base
-- Symlinking: /home/nuctella/my_ros2_ws/src/install/vehicle_base/share/vehicle_base/cmake/ament_cmake_export_include_directories-extras.cmake
-- Symlinking: /home/nuctella/my_ros2_ws/src/install/vehicle_base/share/vehicle_base/cmake/vehicle_baseConfig.cmake
-- Symlinking: /home/nuctella/my_ros2_ws/src/install/vehicle_base/share/vehicle_base/cmake/vehicle_baseConfig-version.cmake
-- Symlinking: /home/nuctella/my_ros2_ws/src/install/vehicle_base/share/vehicle_base/package.xml
