[5.794s] Invoking command in '/home/nuctella/my_ros2_ws/src/build/vehicle_base': CMAKE_PREFIX_PATH=${CMAKE_PREFIX_PATH}:/home/nuctella/my_ros2_ws/install/start_with_simple_nodes_py:/home/nuctella/my_ros2_ws/install/rosbot_object_recognition:/home/nuctella/my_ros2_ws/install/publisher_and_subscriber_py:/opt/ros/humble /usr/bin/cmake /home/nuctella/my_ros2_ws/src/ROS2_learning/CPP/plugins/vehicle_base -DAMENT_CMAKE_SYMLINK_INSTALL=1 -DCMAKE_INSTALL_PREFIX=/home/nuctella/my_ros2_ws/src/install/vehicle_base
[24.130s] -- The C compiler identification is GNU 11.3.0
[31.532s] -- The CXX compiler identification is GNU 11.3.0
[33.850s] -- Detecting C compiler ABI info
[54.984s] -- Detecting C compiler ABI info - done
[55.176s] -- Check for working C compiler: /usr/bin/cc - skipped
[55.185s] -- Detecting C compile features
[55.193s] -- Detecting C compile features - done
[55.676s] -- Detecting CXX compiler ABI info
[78.933s] -- Detecting CXX compiler ABI info - done
[79.134s] -- Check for working CXX compiler: /usr/bin/c++ - skipped
[79.142s] -- Detecting CXX compile features
[79.148s] -- Detecting CXX compile features - done
[88.907s] -- Found ament_cmake: 1.3.4 (/opt/ros/humble/share/ament_cmake/cmake)
[185.947s] -- Found Python3: /usr/bin/python3.10 (found version "3.10.6") found components: Interpreter 
[199.217s] -- Override CMake install command with custom implementation using symlinks instead of copying resources
[280.558s] -- Found pluginlib: 5.1.0 (/opt/ros/humble/share/pluginlib/cmake)
[323.738s] -- Found ament_lint_auto: 0.12.6 (/opt/ros/humble/share/ament_lint_auto/cmake)
[378.102s] -- Added test 'copyright' to check source files copyright and LICENSE
[383.550s] -- Added test 'cppcheck' to perform static code analysis on C / C++ code
[383.557s] -- Configured cppcheck include dirs: $<BUILD_INTERFACE:/home/nuctella/my_ros2_ws/src/ROS2_learning/CPP/plugins/vehicle_base/include>
[383.565s] -- Configured cppcheck exclude dirs and/or files: 
[388.264s] -- Added test 'cpplint' to check C / C++ code against the Google style
[388.269s] -- Configured cpplint exclude dirs and/or files: 
[391.034s] -- Added test 'lint_cmake' to check CMake code style
[396.710s] -- Added test 'uncrustify' to check C / C++ code style
[396.716s] -- Configured uncrustify additional arguments: 
[398.577s] -- Added test 'xmllint' to check XML markup files
[402.353s] -- Configuring done
[404.986s] -- Generating done
[405.571s] -- Build files have been written to: /home/nuctella/my_ros2_ws/src/build/vehicle_base
[405.603s] Invoked command in '/home/nuctella/my_ros2_ws/src/build/vehicle_base' returned '0': CMAKE_PREFIX_PATH=${CMAKE_PREFIX_PATH}:/home/nuctella/my_ros2_ws/install/start_with_simple_nodes_py:/home/nuctella/my_ros2_ws/install/rosbot_object_recognition:/home/nuctella/my_ros2_ws/install/publisher_and_subscriber_py:/opt/ros/humble /usr/bin/cmake /home/nuctella/my_ros2_ws/src/ROS2_learning/CPP/plugins/vehicle_base -DAMENT_CMAKE_SYMLINK_INSTALL=1 -DCMAKE_INSTALL_PREFIX=/home/nuctella/my_ros2_ws/src/install/vehicle_base
[405.786s] Invoking command in '/home/nuctella/my_ros2_ws/src/build/vehicle_base': CMAKE_PREFIX_PATH=${CMAKE_PREFIX_PATH}:/home/nuctella/my_ros2_ws/install/start_with_simple_nodes_py:/home/nuctella/my_ros2_ws/install/rosbot_object_recognition:/home/nuctella/my_ros2_ws/install/publisher_and_subscriber_py:/opt/ros/humble /usr/bin/cmake --build /home/nuctella/my_ros2_ws/src/build/vehicle_base -- -j8 -l8
[715.293s] [ 50%] [32mBuilding CXX object CMakeFiles/create_vehicle.dir/src/create_vehicle.cpp.o[0m
[715.300s] [100%] [32m[1mLinking CXX executable create_vehicle[0m
[715.309s] [100%] Built target create_vehicle
[715.371s] Invoked command in '/home/nuctella/my_ros2_ws/src/build/vehicle_base' returned '0': CMAKE_PREFIX_PATH=${CMAKE_PREFIX_PATH}:/home/nuctella/my_ros2_ws/install/start_with_simple_nodes_py:/home/nuctella/my_ros2_ws/install/rosbot_object_recognition:/home/nuctella/my_ros2_ws/install/publisher_and_subscriber_py:/opt/ros/humble /usr/bin/cmake --build /home/nuctella/my_ros2_ws/src/build/vehicle_base -- -j8 -l8
[753.456s] Invoking command in '/home/nuctella/my_ros2_ws/src/build/vehicle_base': CMAKE_PREFIX_PATH=${CMAKE_PREFIX_PATH}:/home/nuctella/my_ros2_ws/install/start_with_simple_nodes_py:/home/nuctella/my_ros2_ws/install/rosbot_object_recognition:/home/nuctella/my_ros2_ws/install/publisher_and_subscriber_py:/opt/ros/humble /usr/bin/cmake --install /home/nuctella/my_ros2_ws/src/build/vehicle_base
[827.387s] -- Install configuration: ""
[827.394s] -- Execute custom install script
[827.401s] -- Symlinking: /home/nuctella/my_ros2_ws/src/install/vehicle_base/include/vehicle_base/regular_vehicle.hpp
[827.407s] -- Symlinking: /home/nuctella/my_ros2_ws/src/install/vehicle_base/lib/vehicle_base/create_vehicle
[827.413s] -- Symlinking: /home/nuctella/my_ros2_ws/src/install/vehicle_base/share/ament_index/resource_index/package_run_dependencies/vehicle_base
[827.424s] -- Symlinking: /home/nuctella/my_ros2_ws/src/install/vehicle_base/share/ament_index/resource_index/parent_prefix_path/vehicle_base
[827.429s] -- Symlinking: /home/nuctella/my_ros2_ws/src/install/vehicle_base/share/vehicle_base/environment/ament_prefix_path.sh
[827.438s] -- Symlinking: /home/nuctella/my_ros2_ws/src/install/vehicle_base/share/vehicle_base/environment/ament_prefix_path.dsv
[827.444s] -- Symlinking: /home/nuctella/my_ros2_ws/src/install/vehicle_base/share/vehicle_base/environment/path.sh
[827.450s] -- Symlinking: /home/nuctella/my_ros2_ws/src/install/vehicle_base/share/vehicle_base/environment/path.dsv
[827.455s] -- Symlinking: /home/nuctella/my_ros2_ws/src/install/vehicle_base/share/vehicle_base/local_setup.bash
[827.461s] -- Symlinking: /home/nuctella/my_ros2_ws/src/install/vehicle_base/share/vehicle_base/local_setup.sh
[827.468s] -- Symlinking: /home/nuctella/my_ros2_ws/src/install/vehicle_base/share/vehicle_base/local_setup.zsh
[827.474s] -- Symlinking: /home/nuctella/my_ros2_ws/src/install/vehicle_base/share/vehicle_base/local_setup.dsv
[827.479s] -- Symlinking: /home/nuctella/my_ros2_ws/src/install/vehicle_base/share/vehicle_base/package.dsv
[827.485s] -- Symlinking: /home/nuctella/my_ros2_ws/src/install/vehicle_base/share/ament_index/resource_index/packages/vehicle_base
[827.490s] -- Symlinking: /home/nuctella/my_ros2_ws/src/install/vehicle_base/share/vehicle_base/cmake/ament_cmake_export_include_directories-extras.cmake
[827.921s] -- Symlinking: /home/nuctella/my_ros2_ws/src/install/vehicle_base/share/vehicle_base/cmake/vehicle_baseConfig.cmake
[832.410s] -- Symlinking: /home/nuctella/my_ros2_ws/src/install/vehicle_base/share/vehicle_base/cmake/vehicle_baseConfig-version.cmake
[836.889s] -- Symlinking: /home/nuctella/my_ros2_ws/src/install/vehicle_base/share/vehicle_base/package.xml
[841.423s] Invoked command in '/home/nuctella/my_ros2_ws/src/build/vehicle_base' returned '0': CMAKE_PREFIX_PATH=${CMAKE_PREFIX_PATH}:/home/nuctella/my_ros2_ws/install/start_with_simple_nodes_py:/home/nuctella/my_ros2_ws/install/rosbot_object_recognition:/home/nuctella/my_ros2_ws/install/publisher_and_subscriber_py:/opt/ros/humble /usr/bin/cmake --install /home/nuctella/my_ros2_ws/src/build/vehicle_base
