[0.022s] Invoking command in '/home/nuctella/ros2_ws/ws/build/mecanum_drive_controller': CMAKE_PREFIX_PATH=${CMAKE_PREFIX_PATH}:/home/nuctella/my_ros2_ws/install/start_with_simple_nodes_py:/home/nuctella/my_ros2_ws/install/rosbot_object_recognition:/home/nuctella/my_ros2_ws/install/publisher_and_subscriber_py:/opt/ros/humble /usr/bin/cmake --build /home/nuctella/ros2_ws/ws/build/mecanum_drive_controller -- -j20 -l20
[0.055s] [100%] Built target mecanum_drive_controller
[0.062s] Invoked command in '/home/nuctella/ros2_ws/ws/build/mecanum_drive_controller' returned '0': CMAKE_PREFIX_PATH=${CMAKE_PREFIX_PATH}:/home/nuctella/my_ros2_ws/install/start_with_simple_nodes_py:/home/nuctella/my_ros2_ws/install/rosbot_object_recognition:/home/nuctella/my_ros2_ws/install/publisher_and_subscriber_py:/opt/ros/humble /usr/bin/cmake --build /home/nuctella/ros2_ws/ws/build/mecanum_drive_controller -- -j20 -l20
[0.096s] Invoking command in '/home/nuctella/ros2_ws/ws/build/mecanum_drive_controller': CMAKE_PREFIX_PATH=${CMAKE_PREFIX_PATH}:/home/nuctella/my_ros2_ws/install/start_with_simple_nodes_py:/home/nuctella/my_ros2_ws/install/rosbot_object_recognition:/home/nuctella/my_ros2_ws/install/publisher_and_subscriber_py:/opt/ros/humble /usr/bin/cmake --install /home/nuctella/ros2_ws/ws/build/mecanum_drive_controller
[0.100s] -- Install configuration: ""
[0.100s] -- Execute custom install script
[0.100s] -- Up-to-date symlink: /home/nuctella/ros2_ws/ws/install/mecanum_drive_controller/share/mecanum_drive_controller//mecanum_drive_plugin.xml
[0.100s] -- Up-to-date symlink: /home/nuctella/ros2_ws/ws/install/mecanum_drive_controller/include/mecanum_drive_controller/mecanum_drive_controller.hpp
[0.100s] -- Up-to-date symlink: /home/nuctella/ros2_ws/ws/install/mecanum_drive_controller/include/mecanum_drive_controller/odometry.hpp
[0.101s] -- Up-to-date symlink: /home/nuctella/ros2_ws/ws/install/mecanum_drive_controller/include/mecanum_drive_controller/speed_limiter.hpp
[0.101s] -- Up-to-date symlink: /home/nuctella/ros2_ws/ws/install/mecanum_drive_controller/include/mecanum_drive_controller/visibility_control.h
[0.101s] -- Up-to-date symlink: /home/nuctella/ros2_ws/ws/install/mecanum_drive_controller/lib/libmecanum_drive_controller.so
[0.101s] -- Up-to-date symlink: /home/nuctella/ros2_ws/ws/install/mecanum_drive_controller/share/mecanum_drive_controller/environment/library_path.sh
[0.101s] -- Up-to-date symlink: /home/nuctella/ros2_ws/ws/install/mecanum_drive_controller/share/mecanum_drive_controller/environment/library_path.dsv
[0.101s] -- Up-to-date symlink: /home/nuctella/ros2_ws/ws/install/mecanum_drive_controller/share/ament_index/resource_index/package_run_dependencies/mecanum_drive_controller
[0.102s] -- Up-to-date symlink: /home/nuctella/ros2_ws/ws/install/mecanum_drive_controller/share/ament_index/resource_index/parent_prefix_path/mecanum_drive_controller
[0.102s] -- Up-to-date symlink: /home/nuctella/ros2_ws/ws/install/mecanum_drive_controller/share/mecanum_drive_controller/environment/ament_prefix_path.sh
[0.102s] -- Up-to-date symlink: /home/nuctella/ros2_ws/ws/install/mecanum_drive_controller/share/mecanum_drive_controller/environment/ament_prefix_path.dsv
[0.102s] -- Up-to-date symlink: /home/nuctella/ros2_ws/ws/install/mecanum_drive_controller/share/mecanum_drive_controller/environment/path.sh
[0.102s] -- Up-to-date symlink: /home/nuctella/ros2_ws/ws/install/mecanum_drive_controller/share/mecanum_drive_controller/environment/path.dsv
[0.103s] -- Up-to-date symlink: /home/nuctella/ros2_ws/ws/install/mecanum_drive_controller/share/mecanum_drive_controller/local_setup.bash
[0.104s] -- Up-to-date symlink: /home/nuctella/ros2_ws/ws/install/mecanum_drive_controller/share/mecanum_drive_controller/local_setup.sh
[0.105s] -- Up-to-date symlink: /home/nuctella/ros2_ws/ws/install/mecanum_drive_controller/share/mecanum_drive_controller/local_setup.zsh
[0.105s] -- Up-to-date symlink: /home/nuctella/ros2_ws/ws/install/mecanum_drive_controller/share/mecanum_drive_controller/local_setup.dsv
[0.105s] -- Symlinking: /home/nuctella/ros2_ws/ws/install/mecanum_drive_controller/share/mecanum_drive_controller/package.dsv
[0.111s] -- Up-to-date symlink: /home/nuctella/ros2_ws/ws/install/mecanum_drive_controller/share/ament_index/resource_index/packages/mecanum_drive_controller
[0.111s] -- Up-to-date symlink: /home/nuctella/ros2_ws/ws/install/mecanum_drive_controller/share/ament_index/resource_index/controller_interface__pluginlib__plugin/mecanum_drive_controller
[0.111s] -- Up-to-date symlink: /home/nuctella/ros2_ws/ws/install/mecanum_drive_controller/share/mecanum_drive_controller/cmake/ament_cmake_export_dependencies-extras.cmake
[0.111s] -- Up-to-date symlink: /home/nuctella/ros2_ws/ws/install/mecanum_drive_controller/share/mecanum_drive_controller/cmake/ament_cmake_export_include_directories-extras.cmake
[0.111s] -- Up-to-date symlink: /home/nuctella/ros2_ws/ws/install/mecanum_drive_controller/share/mecanum_drive_controller/cmake/ament_cmake_export_libraries-extras.cmake
[0.111s] -- Up-to-date symlink: /home/nuctella/ros2_ws/ws/install/mecanum_drive_controller/share/mecanum_drive_controller/cmake/mecanum_drive_controllerConfig.cmake
[0.111s] -- Up-to-date symlink: /home/nuctella/ros2_ws/ws/install/mecanum_drive_controller/share/mecanum_drive_controller/cmake/mecanum_drive_controllerConfig-version.cmake
[0.111s] -- Up-to-date symlink: /home/nuctella/ros2_ws/ws/install/mecanum_drive_controller/share/mecanum_drive_controller/package.xml
[0.114s] Invoked command in '/home/nuctella/ros2_ws/ws/build/mecanum_drive_controller' returned '0': CMAKE_PREFIX_PATH=${CMAKE_PREFIX_PATH}:/home/nuctella/my_ros2_ws/install/start_with_simple_nodes_py:/home/nuctella/my_ros2_ws/install/rosbot_object_recognition:/home/nuctella/my_ros2_ws/install/publisher_and_subscriber_py:/opt/ros/humble /usr/bin/cmake --install /home/nuctella/ros2_ws/ws/build/mecanum_drive_controller
