[0.148s] Invoking command in '/home/nuctella/ros2_ws/ws/build/mecanum_drive_controller': CMAKE_PREFIX_PATH=${CMAKE_PREFIX_PATH}:/home/nuctella/my_ros2_ws/install/rosbot_object_recognition:/opt/ros/humble /usr/bin/cmake /home/nuctella/ros2_ws/ws/src/rosbot_controllers/mecanum_drive_controller -DCMAKE_INSTALL_PREFIX=/home/nuctella/ros2_ws/ws/install/mecanum_drive_controller
[0.182s] -- The C compiler identification is GNU 11.4.0
[0.216s] -- The CXX compiler identification is GNU 11.4.0
[0.222s] -- Detecting C compiler ABI info
[0.261s] -- Detecting C compiler ABI info - done
[0.265s] -- Check for working C compiler: /usr/bin/cc - skipped
[0.265s] -- Detecting C compile features
[0.266s] -- Detecting C compile features - done
[0.268s] -- Detecting CXX compiler ABI info
[0.315s] -- Detecting CXX compiler ABI info - done
[0.319s] -- Check for working CXX compiler: /usr/bin/c++ - skipped
[0.320s] -- Detecting CXX compile features
[0.320s] -- Detecting CXX compile features - done
[0.322s] -- Found ament_cmake: 1.3.5 (/opt/ros/humble/share/ament_cmake/cmake)
[0.564s] -- Found Python3: /usr/bin/python3.10 (found version "3.10.12") found components: Interpreter 
[0.630s] -- Found controller_interface: 2.31.0 (/opt/ros/humble/share/controller_interface/cmake)
[0.664s] -- Found rosidl_generator_c: 3.1.5 (/opt/ros/humble/share/rosidl_generator_c/cmake)
[0.668s] -- Found rosidl_adapter: 3.1.5 (/opt/ros/humble/share/rosidl_adapter/cmake)
[0.675s] -- Found rosidl_generator_cpp: 3.1.5 (/opt/ros/humble/share/rosidl_generator_cpp/cmake)
[0.684s] -- Using all available rosidl_typesupport_c: rosidl_typesupport_fastrtps_c;rosidl_typesupport_introspection_c
[0.698s] -- Using all available rosidl_typesupport_cpp: rosidl_typesupport_fastrtps_cpp;rosidl_typesupport_introspection_cpp
[1.140s] -- Found rmw_implementation_cmake: 6.1.1 (/opt/ros/humble/share/rmw_implementation_cmake/cmake)
[1.143s] -- Found rmw_fastrtps_cpp: 6.2.4 (/opt/ros/humble/share/rmw_fastrtps_cpp/cmake)
[1.215s] -- Found OpenSSL: /usr/lib/x86_64-linux-gnu/libcrypto.so (found version "3.0.2")  
[1.238s] -- Found FastRTPS: /opt/ros/humble/include  
[1.276s] -- Using RMW implementation 'rmw_fastrtps_cpp' as default
[1.284s] -- Looking for pthread.h
[1.326s] -- Looking for pthread.h - found
[1.326s] -- Performing Test CMAKE_HAVE_LIBC_PTHREAD
[1.370s] -- Performing Test CMAKE_HAVE_LIBC_PTHREAD - Success
[1.372s] -- Found Threads: TRUE  
[1.537s] -- Found nav_msgs: 4.2.3 (/opt/ros/humble/share/nav_msgs/cmake)
[1.587s] -- Found realtime_tools: 2.5.0 (/opt/ros/humble/share/realtime_tools/cmake)
[1.613s] -- Found tf2: 0.25.4 (/opt/ros/humble/share/tf2/cmake)
[1.619s] -- Found tf2_msgs: 0.25.4 (/opt/ros/humble/share/tf2_msgs/cmake)
[1.873s] -- Configuring done
[1.889s] -- Generating done
[1.890s] -- Build files have been written to: /home/nuctella/ros2_ws/ws/build/mecanum_drive_controller
[1.896s] Invoked command in '/home/nuctella/ros2_ws/ws/build/mecanum_drive_controller' returned '0': CMAKE_PREFIX_PATH=${CMAKE_PREFIX_PATH}:/home/nuctella/my_ros2_ws/install/rosbot_object_recognition:/opt/ros/humble /usr/bin/cmake /home/nuctella/ros2_ws/ws/src/rosbot_controllers/mecanum_drive_controller -DCMAKE_INSTALL_PREFIX=/home/nuctella/ros2_ws/ws/install/mecanum_drive_controller
[1.897s] Invoking command in '/home/nuctella/ros2_ws/ws/build/mecanum_drive_controller': CMAKE_PREFIX_PATH=${CMAKE_PREFIX_PATH}:/home/nuctella/my_ros2_ws/install/rosbot_object_recognition:/opt/ros/humble /usr/bin/cmake --build /home/nuctella/ros2_ws/ws/build/mecanum_drive_controller -- -j20 -l20
[1.929s] [ 25%] [32mBuilding CXX object CMakeFiles/mecanum_drive_controller.dir/src/mecanum_drive_controller.cpp.o[0m
[1.929s] [ 75%] [32mBuilding CXX object CMakeFiles/mecanum_drive_controller.dir/src/odometry.cpp.o[0m
[1.929s] [ 75%] [32mBuilding CXX object CMakeFiles/mecanum_drive_controller.dir/src/speed_limiter.cpp.o[0m
[9.625s] [100%] [32m[1mLinking CXX shared library libmecanum_drive_controller.so[0m
[10.108s] [100%] Built target mecanum_drive_controller
[10.119s] Invoked command in '/home/nuctella/ros2_ws/ws/build/mecanum_drive_controller' returned '0': CMAKE_PREFIX_PATH=${CMAKE_PREFIX_PATH}:/home/nuctella/my_ros2_ws/install/rosbot_object_recognition:/opt/ros/humble /usr/bin/cmake --build /home/nuctella/ros2_ws/ws/build/mecanum_drive_controller -- -j20 -l20
[10.139s] Invoking command in '/home/nuctella/ros2_ws/ws/build/mecanum_drive_controller': CMAKE_PREFIX_PATH=${CMAKE_PREFIX_PATH}:/home/nuctella/my_ros2_ws/install/rosbot_object_recognition:/opt/ros/humble /usr/bin/cmake --install /home/nuctella/ros2_ws/ws/build/mecanum_drive_controller
[10.144s] -- Install configuration: ""
[10.144s] -- Installing: /home/nuctella/ros2_ws/ws/install/mecanum_drive_controller/share/mecanum_drive_controller/mecanum_drive_plugin.xml
[10.145s] -- Installing: /home/nuctella/ros2_ws/ws/install/mecanum_drive_controller/include
[10.145s] -- Installing: /home/nuctella/ros2_ws/ws/install/mecanum_drive_controller/include/mecanum_drive_controller
[10.145s] -- Installing: /home/nuctella/ros2_ws/ws/install/mecanum_drive_controller/include/mecanum_drive_controller/mecanum_drive_controller.hpp
[10.145s] -- Installing: /home/nuctella/ros2_ws/ws/install/mecanum_drive_controller/include/mecanum_drive_controller/odometry.hpp
[10.145s] -- Installing: /home/nuctella/ros2_ws/ws/install/mecanum_drive_controller/include/mecanum_drive_controller/visibility_control.h
[10.145s] -- Installing: /home/nuctella/ros2_ws/ws/install/mecanum_drive_controller/include/mecanum_drive_controller/speed_limiter.hpp
[10.145s] -- Installing: /home/nuctella/ros2_ws/ws/install/mecanum_drive_controller/lib/libmecanum_drive_controller.so
[10.152s] -- Set runtime path of "/home/nuctella/ros2_ws/ws/install/mecanum_drive_controller/lib/libmecanum_drive_controller.so" to ""
[10.152s] -- Installing: /home/nuctella/ros2_ws/ws/install/mecanum_drive_controller/share/mecanum_drive_controller/environment/library_path.sh
[10.152s] -- Installing: /home/nuctella/ros2_ws/ws/install/mecanum_drive_controller/share/mecanum_drive_controller/environment/library_path.dsv
[10.152s] -- Installing: /home/nuctella/ros2_ws/ws/install/mecanum_drive_controller/share/ament_index/resource_index/package_run_dependencies/mecanum_drive_controller
[10.152s] -- Installing: /home/nuctella/ros2_ws/ws/install/mecanum_drive_controller/share/ament_index/resource_index/parent_prefix_path/mecanum_drive_controller
[10.152s] -- Installing: /home/nuctella/ros2_ws/ws/install/mecanum_drive_controller/share/mecanum_drive_controller/environment/ament_prefix_path.sh
[10.152s] -- Installing: /home/nuctella/ros2_ws/ws/install/mecanum_drive_controller/share/mecanum_drive_controller/environment/ament_prefix_path.dsv
[10.152s] -- Installing: /home/nuctella/ros2_ws/ws/install/mecanum_drive_controller/share/mecanum_drive_controller/environment/path.sh
[10.152s] -- Installing: /home/nuctella/ros2_ws/ws/install/mecanum_drive_controller/share/mecanum_drive_controller/environment/path.dsv
[10.152s] -- Installing: /home/nuctella/ros2_ws/ws/install/mecanum_drive_controller/share/mecanum_drive_controller/local_setup.bash
[10.152s] -- Installing: /home/nuctella/ros2_ws/ws/install/mecanum_drive_controller/share/mecanum_drive_controller/local_setup.sh
[10.152s] -- Installing: /home/nuctella/ros2_ws/ws/install/mecanum_drive_controller/share/mecanum_drive_controller/local_setup.zsh
[10.152s] -- Installing: /home/nuctella/ros2_ws/ws/install/mecanum_drive_controller/share/mecanum_drive_controller/local_setup.dsv
[10.152s] -- Installing: /home/nuctella/ros2_ws/ws/install/mecanum_drive_controller/share/mecanum_drive_controller/package.dsv
[10.152s] -- Installing: /home/nuctella/ros2_ws/ws/install/mecanum_drive_controller/share/ament_index/resource_index/packages/mecanum_drive_controller
[10.152s] -- Installing: /home/nuctella/ros2_ws/ws/install/mecanum_drive_controller/share/ament_index/resource_index/controller_interface__pluginlib__plugin/mecanum_drive_controller
[10.153s] -- Installing: /home/nuctella/ros2_ws/ws/install/mecanum_drive_controller/share/mecanum_drive_controller/cmake/ament_cmake_export_dependencies-extras.cmake
[10.153s] -- Installing: /home/nuctella/ros2_ws/ws/install/mecanum_drive_controller/share/mecanum_drive_controller/cmake/ament_cmake_export_include_directories-extras.cmake
[10.153s] -- Installing: /home/nuctella/ros2_ws/ws/install/mecanum_drive_controller/share/mecanum_drive_controller/cmake/ament_cmake_export_libraries-extras.cmake
[10.153s] -- Installing: /home/nuctella/ros2_ws/ws/install/mecanum_drive_controller/share/mecanum_drive_controller/cmake/mecanum_drive_controllerConfig.cmake
[10.153s] -- Installing: /home/nuctella/ros2_ws/ws/install/mecanum_drive_controller/share/mecanum_drive_controller/cmake/mecanum_drive_controllerConfig-version.cmake
[10.153s] -- Installing: /home/nuctella/ros2_ws/ws/install/mecanum_drive_controller/share/mecanum_drive_controller/package.xml
[10.154s] Invoked command in '/home/nuctella/ros2_ws/ws/build/mecanum_drive_controller' returned '0': CMAKE_PREFIX_PATH=${CMAKE_PREFIX_PATH}:/home/nuctella/my_ros2_ws/install/rosbot_object_recognition:/opt/ros/humble /usr/bin/cmake --install /home/nuctella/ros2_ws/ws/build/mecanum_drive_controller
