[0.071s] Invoking command in '/home/nuctella/ros2_ws/ws/build/ign_ros2_control_demos': CMAKE_PREFIX_PATH=/home/nuctella/ros2_ws/ws/install/ign_ros2_control:/home/nuctella/my_ros2_ws/install/rosbot_interfaces:/home/nuctella/my_ros2_ws/install/core:/home/nuctella/ros2_ws/ws/install/rosbot_xl:/home/nuctella/ros2_ws/ws/install/rosbot_xl_gazebo:/home/nuctella/ros2_ws/ws/install/rosbot_xl_bringup:/home/nuctella/ros2_ws/ws/install/rosbot_xl_controller:/home/nuctella/ros2_ws/ws/install/rosbot_xl_description:/home/nuctella/ros2_ws/ws/install/rosbot_hardware_interfaces:/home/nuctella/ros2_ws/ws/install/ros_components_description:/home/nuctella/ros2_ws/ws/install/mecanum_drive_controller:/home/nuctella/ros2_ws/ws/install/ign_ros2_control_demos:/home/nuctella/ros2_ws/ws/install/husarion_office_gz:/home/nuctella/ros2_ws/deps/install/sllidar_ros2:/home/nuctella/ros2_ws/deps/install/micro_ros_setup:/home/nuctella/ros2_ws/deps/install/micro_ros_agent:/home/nuctella/ros2_ws/deps/install/micro_ros_msgs:/home/nuctella/my_ros2_ws/install/rosbot_object_recognition:/opt/ros/humble LD_LIBRARY_PATH=/home/nuctella/ros2_ws/ws/install/ign_ros2_control/lib:/home/nuctella/my_ros2_ws/install/rosbot_interfaces/lib:/home/nuctella/ros2_ws/ws/install/rosbot_hardware_interfaces/lib:/home/nuctella/ros2_ws/ws/install/mecanum_drive_controller/lib:/home/nuctella/ros2_ws/deps/install/micro_ros_agent/lib:/home/nuctella/ros2_ws/deps/install/micro_ros_msgs/lib:/opt/ros/humble/opt/rviz_ogre_vendor/lib:/opt/ros/humble/lib/x86_64-linux-gnu:/opt/ros/humble/lib /usr/bin/cmake --build /home/nuctella/ros2_ws/ws/build/ign_ros2_control_demos -- -j20 -l20
[0.109s] [ 16%] Built target example_diff_drive
[0.109s] [ 50%] Built target example_tricycle_drive
[0.109s] [ 50%] Built target example_velocity
[0.110s] [ 83%] Built target example_effort
[0.110s] [ 83%] Built target example_gripper
[0.112s] [100%] Built target example_position
[0.180s] Invoked command in '/home/nuctella/ros2_ws/ws/build/ign_ros2_control_demos' returned '0': CMAKE_PREFIX_PATH=/home/nuctella/ros2_ws/ws/install/ign_ros2_control:/home/nuctella/my_ros2_ws/install/rosbot_interfaces:/home/nuctella/my_ros2_ws/install/core:/home/nuctella/ros2_ws/ws/install/rosbot_xl:/home/nuctella/ros2_ws/ws/install/rosbot_xl_gazebo:/home/nuctella/ros2_ws/ws/install/rosbot_xl_bringup:/home/nuctella/ros2_ws/ws/install/rosbot_xl_controller:/home/nuctella/ros2_ws/ws/install/rosbot_xl_description:/home/nuctella/ros2_ws/ws/install/rosbot_hardware_interfaces:/home/nuctella/ros2_ws/ws/install/ros_components_description:/home/nuctella/ros2_ws/ws/install/mecanum_drive_controller:/home/nuctella/ros2_ws/ws/install/ign_ros2_control_demos:/home/nuctella/ros2_ws/ws/install/husarion_office_gz:/home/nuctella/ros2_ws/deps/install/sllidar_ros2:/home/nuctella/ros2_ws/deps/install/micro_ros_setup:/home/nuctella/ros2_ws/deps/install/micro_ros_agent:/home/nuctella/ros2_ws/deps/install/micro_ros_msgs:/home/nuctella/my_ros2_ws/install/rosbot_object_recognition:/opt/ros/humble LD_LIBRARY_PATH=/home/nuctella/ros2_ws/ws/install/ign_ros2_control/lib:/home/nuctella/my_ros2_ws/install/rosbot_interfaces/lib:/home/nuctella/ros2_ws/ws/install/rosbot_hardware_interfaces/lib:/home/nuctella/ros2_ws/ws/install/mecanum_drive_controller/lib:/home/nuctella/ros2_ws/deps/install/micro_ros_agent/lib:/home/nuctella/ros2_ws/deps/install/micro_ros_msgs/lib:/opt/ros/humble/opt/rviz_ogre_vendor/lib:/opt/ros/humble/lib/x86_64-linux-gnu:/opt/ros/humble/lib /usr/bin/cmake --build /home/nuctella/ros2_ws/ws/build/ign_ros2_control_demos -- -j20 -l20
[0.203s] Invoking command in '/home/nuctella/ros2_ws/ws/build/ign_ros2_control_demos': CMAKE_PREFIX_PATH=/home/nuctella/ros2_ws/ws/install/ign_ros2_control:/home/nuctella/my_ros2_ws/install/rosbot_interfaces:/home/nuctella/my_ros2_ws/install/core:/home/nuctella/ros2_ws/ws/install/rosbot_xl:/home/nuctella/ros2_ws/ws/install/rosbot_xl_gazebo:/home/nuctella/ros2_ws/ws/install/rosbot_xl_bringup:/home/nuctella/ros2_ws/ws/install/rosbot_xl_controller:/home/nuctella/ros2_ws/ws/install/rosbot_xl_description:/home/nuctella/ros2_ws/ws/install/rosbot_hardware_interfaces:/home/nuctella/ros2_ws/ws/install/ros_components_description:/home/nuctella/ros2_ws/ws/install/mecanum_drive_controller:/home/nuctella/ros2_ws/ws/install/ign_ros2_control_demos:/home/nuctella/ros2_ws/ws/install/husarion_office_gz:/home/nuctella/ros2_ws/deps/install/sllidar_ros2:/home/nuctella/ros2_ws/deps/install/micro_ros_setup:/home/nuctella/ros2_ws/deps/install/micro_ros_agent:/home/nuctella/ros2_ws/deps/install/micro_ros_msgs:/home/nuctella/my_ros2_ws/install/rosbot_object_recognition:/opt/ros/humble LD_LIBRARY_PATH=/home/nuctella/ros2_ws/ws/install/ign_ros2_control/lib:/home/nuctella/my_ros2_ws/install/rosbot_interfaces/lib:/home/nuctella/ros2_ws/ws/install/rosbot_hardware_interfaces/lib:/home/nuctella/ros2_ws/ws/install/mecanum_drive_controller/lib:/home/nuctella/ros2_ws/deps/install/micro_ros_agent/lib:/home/nuctella/ros2_ws/deps/install/micro_ros_msgs/lib:/opt/ros/humble/opt/rviz_ogre_vendor/lib:/opt/ros/humble/lib/x86_64-linux-gnu:/opt/ros/humble/lib /usr/bin/cmake --install /home/nuctella/ros2_ws/ws/build/ign_ros2_control_demos
[0.207s] -- Install configuration: ""
[0.207s] -- Up-to-date: /home/nuctella/ros2_ws/ws/install/ign_ros2_control_demos/share/ign_ros2_control_demos//launch
[0.208s] -- Up-to-date: /home/nuctella/ros2_ws/ws/install/ign_ros2_control_demos/share/ign_ros2_control_demos//launch/diff_drive_example.launch.py
[0.208s] -- Up-to-date: /home/nuctella/ros2_ws/ws/install/ign_ros2_control_demos/share/ign_ros2_control_demos//launch/gripper_mimic_joint_example.launch.py
[0.208s] -- Up-to-date: /home/nuctella/ros2_ws/ws/install/ign_ros2_control_demos/share/ign_ros2_control_demos//launch/cart_example_position.launch.py
[0.208s] -- Up-to-date: /home/nuctella/ros2_ws/ws/install/ign_ros2_control_demos/share/ign_ros2_control_demos//launch/tricycle_drive_example.launch.py
[0.208s] -- Up-to-date: /home/nuctella/ros2_ws/ws/install/ign_ros2_control_demos/share/ign_ros2_control_demos//launch/cart_example_velocity.launch.py
[0.208s] -- Up-to-date: /home/nuctella/ros2_ws/ws/install/ign_ros2_control_demos/share/ign_ros2_control_demos//launch/cart_example_effort.launch.py
[0.209s] -- Up-to-date: /home/nuctella/ros2_ws/ws/install/ign_ros2_control_demos/share/ign_ros2_control_demos//config
[0.209s] -- Up-to-date: /home/nuctella/ros2_ws/ws/install/ign_ros2_control_demos/share/ign_ros2_control_demos//config/cartpole_controller_position.yaml
[0.209s] -- Up-to-date: /home/nuctella/ros2_ws/ws/install/ign_ros2_control_demos/share/ign_ros2_control_demos//config/gripper_controller.yaml
[0.209s] -- Up-to-date: /home/nuctella/ros2_ws/ws/install/ign_ros2_control_demos/share/ign_ros2_control_demos//config/tricycle_drive_controller.yaml
[0.209s] -- Up-to-date: /home/nuctella/ros2_ws/ws/install/ign_ros2_control_demos/share/ign_ros2_control_demos//config/cartpole_controller_effort.yaml
[0.209s] -- Up-to-date: /home/nuctella/ros2_ws/ws/install/ign_ros2_control_demos/share/ign_ros2_control_demos//config/diff_drive_controller_velocity.yaml
[0.209s] -- Up-to-date: /home/nuctella/ros2_ws/ws/install/ign_ros2_control_demos/share/ign_ros2_control_demos//config/cartpole_controller_velocity.yaml
[0.209s] -- Up-to-date: /home/nuctella/ros2_ws/ws/install/ign_ros2_control_demos/share/ign_ros2_control_demos//urdf
[0.209s] -- Up-to-date: /home/nuctella/ros2_ws/ws/install/ign_ros2_control_demos/share/ign_ros2_control_demos//urdf/test_diff_drive.xacro.urdf
[0.209s] -- Up-to-date: /home/nuctella/ros2_ws/ws/install/ign_ros2_control_demos/share/ign_ros2_control_demos//urdf/test_cart_effort.xacro.urdf
[0.209s] -- Up-to-date: /home/nuctella/ros2_ws/ws/install/ign_ros2_control_demos/share/ign_ros2_control_demos//urdf/test_tricycle_drive.xacro.urdf
[0.209s] -- Up-to-date: /home/nuctella/ros2_ws/ws/install/ign_ros2_control_demos/share/ign_ros2_control_demos//urdf/test_gripper_mimic_joint.xacro.urdf
[0.209s] -- Up-to-date: /home/nuctella/ros2_ws/ws/install/ign_ros2_control_demos/share/ign_ros2_control_demos//urdf/test_cart_position.xacro.urdf
[0.210s] -- Up-to-date: /home/nuctella/ros2_ws/ws/install/ign_ros2_control_demos/share/ign_ros2_control_demos//urdf/test_cart_velocity.xacro.urdf
[0.210s] -- Up-to-date: /home/nuctella/ros2_ws/ws/install/ign_ros2_control_demos/lib/ign_ros2_control_demos/example_position
[0.210s] -- Up-to-date: /home/nuctella/ros2_ws/ws/install/ign_ros2_control_demos/lib/ign_ros2_control_demos/example_velocity
[0.210s] -- Up-to-date: /home/nuctella/ros2_ws/ws/install/ign_ros2_control_demos/lib/ign_ros2_control_demos/example_effort
[0.210s] -- Up-to-date: /home/nuctella/ros2_ws/ws/install/ign_ros2_control_demos/lib/ign_ros2_control_demos/example_diff_drive
[0.210s] -- Up-to-date: /home/nuctella/ros2_ws/ws/install/ign_ros2_control_demos/lib/ign_ros2_control_demos/example_tricycle_drive
[0.210s] -- Up-to-date: /home/nuctella/ros2_ws/ws/install/ign_ros2_control_demos/lib/ign_ros2_control_demos/example_gripper
[0.210s] -- Up-to-date: /home/nuctella/ros2_ws/ws/install/ign_ros2_control_demos/share/ament_index/resource_index/package_run_dependencies/ign_ros2_control_demos
[0.210s] -- Up-to-date: /home/nuctella/ros2_ws/ws/install/ign_ros2_control_demos/share/ament_index/resource_index/parent_prefix_path/ign_ros2_control_demos
[0.210s] -- Up-to-date: /home/nuctella/ros2_ws/ws/install/ign_ros2_control_demos/share/ign_ros2_control_demos/environment/ament_prefix_path.sh
[0.210s] -- Up-to-date: /home/nuctella/ros2_ws/ws/install/ign_ros2_control_demos/share/ign_ros2_control_demos/environment/ament_prefix_path.dsv
[0.210s] -- Up-to-date: /home/nuctella/ros2_ws/ws/install/ign_ros2_control_demos/share/ign_ros2_control_demos/environment/path.sh
[0.210s] -- Up-to-date: /home/nuctella/ros2_ws/ws/install/ign_ros2_control_demos/share/ign_ros2_control_demos/environment/path.dsv
[0.210s] -- Up-to-date: /home/nuctella/ros2_ws/ws/install/ign_ros2_control_demos/share/ign_ros2_control_demos/local_setup.bash
[0.211s] -- Up-to-date: /home/nuctella/ros2_ws/ws/install/ign_ros2_control_demos/share/ign_ros2_control_demos/local_setup.sh
[0.211s] -- Up-to-date: /home/nuctella/ros2_ws/ws/install/ign_ros2_control_demos/share/ign_ros2_control_demos/local_setup.zsh
[0.211s] -- Up-to-date: /home/nuctella/ros2_ws/ws/install/ign_ros2_control_demos/share/ign_ros2_control_demos/local_setup.dsv
[0.211s] -- Installing: /home/nuctella/ros2_ws/ws/install/ign_ros2_control_demos/share/ign_ros2_control_demos/package.dsv
[0.211s] -- Up-to-date: /home/nuctella/ros2_ws/ws/install/ign_ros2_control_demos/share/ament_index/resource_index/packages/ign_ros2_control_demos
[0.211s] -- Up-to-date: /home/nuctella/ros2_ws/ws/install/ign_ros2_control_demos/share/ign_ros2_control_demos/cmake/ign_ros2_control_demosConfig.cmake
[0.211s] -- Up-to-date: /home/nuctella/ros2_ws/ws/install/ign_ros2_control_demos/share/ign_ros2_control_demos/cmake/ign_ros2_control_demosConfig-version.cmake
[0.211s] -- Up-to-date: /home/nuctella/ros2_ws/ws/install/ign_ros2_control_demos/share/ign_ros2_control_demos/package.xml
[0.211s] Invoked command in '/home/nuctella/ros2_ws/ws/build/ign_ros2_control_demos' returned '0': CMAKE_PREFIX_PATH=/home/nuctella/ros2_ws/ws/install/ign_ros2_control:/home/nuctella/my_ros2_ws/install/rosbot_interfaces:/home/nuctella/my_ros2_ws/install/core:/home/nuctella/ros2_ws/ws/install/rosbot_xl:/home/nuctella/ros2_ws/ws/install/rosbot_xl_gazebo:/home/nuctella/ros2_ws/ws/install/rosbot_xl_bringup:/home/nuctella/ros2_ws/ws/install/rosbot_xl_controller:/home/nuctella/ros2_ws/ws/install/rosbot_xl_description:/home/nuctella/ros2_ws/ws/install/rosbot_hardware_interfaces:/home/nuctella/ros2_ws/ws/install/ros_components_description:/home/nuctella/ros2_ws/ws/install/mecanum_drive_controller:/home/nuctella/ros2_ws/ws/install/ign_ros2_control_demos:/home/nuctella/ros2_ws/ws/install/husarion_office_gz:/home/nuctella/ros2_ws/deps/install/sllidar_ros2:/home/nuctella/ros2_ws/deps/install/micro_ros_setup:/home/nuctella/ros2_ws/deps/install/micro_ros_agent:/home/nuctella/ros2_ws/deps/install/micro_ros_msgs:/home/nuctella/my_ros2_ws/install/rosbot_object_recognition:/opt/ros/humble LD_LIBRARY_PATH=/home/nuctella/ros2_ws/ws/install/ign_ros2_control/lib:/home/nuctella/my_ros2_ws/install/rosbot_interfaces/lib:/home/nuctella/ros2_ws/ws/install/rosbot_hardware_interfaces/lib:/home/nuctella/ros2_ws/ws/install/mecanum_drive_controller/lib:/home/nuctella/ros2_ws/deps/install/micro_ros_agent/lib:/home/nuctella/ros2_ws/deps/install/micro_ros_msgs/lib:/opt/ros/humble/opt/rviz_ogre_vendor/lib:/opt/ros/humble/lib/x86_64-linux-gnu:/opt/ros/humble/lib /usr/bin/cmake --install /home/nuctella/ros2_ws/ws/build/ign_ros2_control_demos
