[0.017s] Invoking command in '/home/nuctella/my_ros2_ws/build/core': CMAKE_PREFIX_PATH=${CMAKE_PREFIX_PATH}:/home/nuctella/my_ros2_ws/install/rosbot_object_recognition:/opt/ros/humble /usr/bin/cmake --build /home/nuctella/my_ros2_ws/build/core -- -j20 -l20
[0.095s] [  0%] Built target ament_cmake_python_copy_core
[0.113s] [100%] Built target monitor_battery
[0.288s] running egg_info
[0.299s] writing core.egg-info/PKG-INFO
[0.300s] writing dependency_links to core.egg-info/dependency_links.txt
[0.300s] writing top-level names to core.egg-info/top_level.txt
[0.333s] reading manifest file 'core.egg-info/SOURCES.txt'
[0.334s] writing manifest file 'core.egg-info/SOURCES.txt'
[0.366s] [100%] Built target ament_cmake_python_build_core_egg
[0.375s] Invoked command in '/home/nuctella/my_ros2_ws/build/core' returned '0': CMAKE_PREFIX_PATH=${CMAKE_PREFIX_PATH}:/home/nuctella/my_ros2_ws/install/rosbot_object_recognition:/opt/ros/humble /usr/bin/cmake --build /home/nuctella/my_ros2_ws/build/core -- -j20 -l20
[0.407s] Invoking command in '/home/nuctella/my_ros2_ws/build/core': CMAKE_PREFIX_PATH=${CMAKE_PREFIX_PATH}:/home/nuctella/my_ros2_ws/install/rosbot_object_recognition:/opt/ros/humble /usr/bin/cmake --install /home/nuctella/my_ros2_ws/build/core
[0.415s] -- Install configuration: ""
[0.415s] -- Up-to-date: /home/nuctella/my_ros2_ws/install/core/lib/core/monitor_battery
[0.415s] -- Up-to-date: /home/nuctella/my_ros2_ws/install/core/include
[0.415s] -- Up-to-date: /home/nuctella/my_ros2_ws/install/core/include/.gitkeep
[0.415s] -- Up-to-date: /home/nuctella/my_ros2_ws/install/core/share/core/environment/pythonpath.sh
[0.416s] -- Up-to-date: /home/nuctella/my_ros2_ws/install/core/share/core/environment/pythonpath.dsv
[0.416s] -- Up-to-date: /home/nuctella/my_ros2_ws/install/core/local/lib/python3.10/dist-packages/core-0.0.0-py3.10.egg-info
[0.416s] -- Installing: /home/nuctella/my_ros2_ws/install/core/local/lib/python3.10/dist-packages/core-0.0.0-py3.10.egg-info/dependency_links.txt
[0.416s] -- Installing: /home/nuctella/my_ros2_ws/install/core/local/lib/python3.10/dist-packages/core-0.0.0-py3.10.egg-info/top_level.txt
[0.416s] -- Installing: /home/nuctella/my_ros2_ws/install/core/local/lib/python3.10/dist-packages/core-0.0.0-py3.10.egg-info/SOURCES.txt
[0.416s] -- Installing: /home/nuctella/my_ros2_ws/install/core/local/lib/python3.10/dist-packages/core-0.0.0-py3.10.egg-info/PKG-INFO
[0.416s] -- Up-to-date: /home/nuctella/my_ros2_ws/install/core/local/lib/python3.10/dist-packages/core
[0.417s] -- Up-to-date: /home/nuctella/my_ros2_ws/install/core/local/lib/python3.10/dist-packages/core/__init__.py
[0.449s] Listing '/home/nuctella/my_ros2_ws/install/core/local/lib/python3.10/dist-packages/core'...
[0.454s] -- Up-to-date: /home/nuctella/my_ros2_ws/install/core/lib/core/monitor_battery.py
[0.454s] -- Up-to-date: /home/nuctella/my_ros2_ws/install/core/share/ament_index/resource_index/package_run_dependencies/core
[0.454s] -- Up-to-date: /home/nuctella/my_ros2_ws/install/core/share/ament_index/resource_index/parent_prefix_path/core
[0.454s] -- Up-to-date: /home/nuctella/my_ros2_ws/install/core/share/core/environment/ament_prefix_path.sh
[0.454s] -- Up-to-date: /home/nuctella/my_ros2_ws/install/core/share/core/environment/ament_prefix_path.dsv
[0.454s] -- Up-to-date: /home/nuctella/my_ros2_ws/install/core/share/core/environment/path.sh
[0.454s] -- Up-to-date: /home/nuctella/my_ros2_ws/install/core/share/core/environment/path.dsv
[0.454s] -- Up-to-date: /home/nuctella/my_ros2_ws/install/core/share/core/local_setup.bash
[0.454s] -- Up-to-date: /home/nuctella/my_ros2_ws/install/core/share/core/local_setup.sh
[0.454s] -- Up-to-date: /home/nuctella/my_ros2_ws/install/core/share/core/local_setup.zsh
[0.454s] -- Up-to-date: /home/nuctella/my_ros2_ws/install/core/share/core/local_setup.dsv
[0.455s] -- Installing: /home/nuctella/my_ros2_ws/install/core/share/core/package.dsv
[0.455s] -- Up-to-date: /home/nuctella/my_ros2_ws/install/core/share/ament_index/resource_index/packages/core
[0.455s] -- Up-to-date: /home/nuctella/my_ros2_ws/install/core/share/core/cmake/ament_cmake_export_include_directories-extras.cmake
[0.455s] -- Up-to-date: /home/nuctella/my_ros2_ws/install/core/share/core/cmake/coreConfig.cmake
[0.455s] -- Up-to-date: /home/nuctella/my_ros2_ws/install/core/share/core/cmake/coreConfig-version.cmake
[0.455s] -- Up-to-date: /home/nuctella/my_ros2_ws/install/core/share/core/package.xml
[0.457s] Invoked command in '/home/nuctella/my_ros2_ws/build/core' returned '0': CMAKE_PREFIX_PATH=${CMAKE_PREFIX_PATH}:/home/nuctella/my_ros2_ws/install/rosbot_object_recognition:/opt/ros/humble /usr/bin/cmake --install /home/nuctella/my_ros2_ws/build/core
