[0.017s] Invoking command in '/home/nuctella/ros2_ws/ws/build/ign_ros2_control': CMAKE_PREFIX_PATH=${CMAKE_PREFIX_PATH}:/home/nuctella/my_ros2_ws/install/start_with_simple_nodes_py:/home/nuctella/my_ros2_ws/install/rosbot_object_recognition:/home/nuctella/my_ros2_ws/install/publisher_and_subscriber_py:/opt/ros/humble /usr/bin/cmake /home/nuctella/ros2_ws/ws/src/gazebosim/gz_ros2_control/ign_ros2_control -DAMENT_CMAKE_SYMLINK_INSTALL=1 -DCMAKE_INSTALL_PREFIX=/home/nuctella/ros2_ws/ws/install/ign_ros2_control
[0.024s] -- Found ament_cmake: 1.3.5 (/opt/ros/humble/share/ament_cmake/cmake)
[0.129s] -- Override CMake install command with custom implementation using symlinks instead of copying resources
[0.143s] -- Found ament_index_cpp: 1.4.0 (/opt/ros/humble/share/ament_index_cpp/cmake)
[0.144s] -- Found controller_manager: 2.30.0 (/opt/ros/humble/share/controller_manager/cmake)
[0.173s] -- Found rosidl_generator_c: 3.1.5 (/opt/ros/humble/share/rosidl_generator_c/cmake)
[0.175s] -- Found rosidl_adapter: 3.1.5 (/opt/ros/humble/share/rosidl_adapter/cmake)
[0.182s] -- Found rosidl_generator_cpp: 3.1.5 (/opt/ros/humble/share/rosidl_generator_cpp/cmake)
[0.193s] -- Using all available rosidl_typesupport_c: rosidl_typesupport_fastrtps_c;rosidl_typesupport_introspection_c
[0.207s] -- Using all available rosidl_typesupport_cpp: rosidl_typesupport_fastrtps_cpp;rosidl_typesupport_introspection_cpp
[0.635s] -- Found rmw_implementation_cmake: 6.1.1 (/opt/ros/humble/share/rmw_implementation_cmake/cmake)
[0.636s] -- Found rmw_fastrtps_cpp: 6.2.3 (/opt/ros/humble/share/rmw_fastrtps_cpp/cmake)
[0.731s] -- Using RMW implementation 'rmw_fastrtps_cpp' as default
[1.094s] -- Found yaml_cpp_vendor: 8.0.2 (/opt/ros/humble/share/yaml_cpp_vendor/cmake)
[1.095s] -- Looking for ignition-gazebo6 -- found version 6.11.0
[1.100s] -- Searching for dependencies of ignition-gazebo6
[1.100s] -- Looking for sdformat12 -- found version 12.5.0
[1.100s] -- Searching for dependencies of sdformat12
[1.104s] -- Looking for ignition-math6 -- found version 6.12.0
[1.104s] -- Searching for dependencies of ignition-math6
[1.105s] -- Looking for ignition-utils1 -- found version 1.4.0
[1.106s] -- Searching for dependencies of ignition-utils1
[1.107s] -- Looking for ignition-plugin1 -- found version 1.3.0
[1.107s] -- Searching for dependencies of ignition-plugin1
[1.108s] -- Searching for <ignition-plugin1> component [loader]
[1.108s] -- Looking for ignition-plugin1-loader -- found version 1.3.0
[1.108s] -- Searching for dependencies of ignition-plugin1-loader
[1.109s] -- Searching for <ignition-plugin1> component [register]
[1.109s] -- Looking for ignition-plugin1-register -- found version 1.3.0
[1.109s] -- Searching for dependencies of ignition-plugin1-register
[1.110s] -- Looking for ignition-transport11 -- found version 11.2.0
[1.110s] -- Searching for dependencies of ignition-transport11
[1.139s] -- Config-file not installed for ZeroMQ -- checking for pkg-config
[1.142s] -- Checking for module 'libzmq >= 4'
[1.154s] --   Found libzmq , version 4.3.4
[1.176s] -- Checking for module 'uuid'
[1.183s] --   Found uuid, version 2.37.2
[1.201s] -- Looking for ignition-utils1 -- found version 1.4.0
[1.201s] -- Searching for dependencies of ignition-utils1
[1.201s] -- Searching for <ignition-utils1> component [cli]
[1.201s] -- Looking for ignition-utils1-cli -- found version 1.4.0
[1.201s] -- Searching for dependencies of ignition-utils1-cli
[1.201s] -- Looking for ignition-msgs8 -- found version 8.6.0
[1.202s] -- Searching for dependencies of ignition-msgs8
[1.218s] -- Looking for ignition-math6 -- found version 6.12.0
[1.224s] -- Searching for <ignition-transport11> component [log]
[1.224s] -- Looking for ignition-transport11-log -- found version 11.2.0
[1.225s] -- Searching for dependencies of ignition-transport11-log
[1.226s] -- Looking for ignition-msgs8 -- found version 8.6.0
[1.226s] -- Looking for ignition-common4 -- found version 4.5.2
[1.226s] -- Searching for dependencies of ignition-common4
[1.227s] -- Looking for dlfcn.h - found
[1.227s] -- Looking for libdl - found
[1.232s] -- Searching for <ignition-common4> component [profiler]
[1.233s] -- Looking for ignition-common4-profiler -- found version 4.5.2
[1.233s] -- Searching for dependencies of ignition-common4-profiler
[1.233s] -- Searching for <ignition-common4> component [events]
[1.234s] -- Looking for ignition-common4-events -- found version 4.5.2
[1.234s] -- Searching for dependencies of ignition-common4-events
[1.234s] -- Looking for ignition-math6 -- found version 6.12.0
[1.235s] -- Searching for <ignition-common4> component [av]
[1.235s] -- Looking for ignition-common4-av -- found version 4.5.2
[1.235s] -- Searching for dependencies of ignition-common4-av
[1.238s] -- Checking for module 'libswscale'
[1.246s] --   Found libswscale, version 5.9.100
[1.266s] -- Checking for module 'libavdevice >= 56.4.100'
[1.274s] --   Found libavdevice , version 58.13.100
[1.294s] -- Checking for module 'libavformat'
[1.302s] --   Found libavformat, version 58.76.100
[1.323s] -- Checking for module 'libavcodec'
[1.330s] --   Found libavcodec, version 58.134.100
[1.351s] -- Checking for module 'libavutil'
[1.358s] --   Found libavutil, version 56.70.100
[1.375s] -- Looking for ignition-fuel_tools7 -- found version 7.1.0
[1.375s] -- Searching for dependencies of ignition-fuel_tools7
[1.402s] -- Checking for module 'jsoncpp'
[1.410s] --   Found jsoncpp, version 1.9.5
[1.430s] -- Checking for module 'libzip'
[1.438s] --   Found libzip, version 1.7.3
[1.454s] -- Looking for ignition-common4 -- found version 4.5.2
[1.454s] -- Looking for ignition-math6 -- found version 6.12.0
[1.454s] -- Looking for ignition-msgs8 -- found version 8.6.0
[1.456s] -- Looking for ignition-gui6 -- found version 6.6.1
[1.456s] -- Searching for dependencies of ignition-gui6
[1.475s] -- Looking for ignition-math6 -- found version 6.12.0
[1.475s] -- Looking for ignition-common4 -- found version 4.5.2
[1.476s] -- Looking for ignition-plugin1 -- found version 1.3.0
[1.476s] -- Looking for ignition-transport11 -- found version 11.2.0
[1.476s] -- Looking for ignition-rendering6 -- found version 6.5.1
[1.477s] -- Searching for dependencies of ignition-rendering6
[1.477s] -- Looking for ignition-math6 -- found version 6.12.0
[1.477s] -- Searching for dependencies of ignition-math6
[1.477s] -- Searching for <ignition-math6> component [eigen3]
[1.478s] -- Looking for ignition-math6-eigen3 -- found version 6.12.0
[1.478s] -- Searching for dependencies of ignition-math6-eigen3
[1.479s] -- Looking for ignition-common4 -- found version 4.5.2
[1.479s] -- Searching for dependencies of ignition-common4
[1.479s] -- Looking for dlfcn.h - found
[1.479s] -- Looking for libdl - found
[1.484s] -- Searching for <ignition-common4> component [graphics]
[1.485s] -- Looking for ignition-common4-graphics -- found version 4.5.2
[1.485s] -- Searching for dependencies of ignition-common4-graphics
[1.485s] -- Looking for ignition-math6 -- found version 6.12.0
[1.486s] -- Looking for ignition-utils1 -- found version 1.4.0
[1.486s] -- Searching for <ignition-common4> component [events]
[1.487s] -- Looking for ignition-plugin1 -- found version 1.3.0
[1.487s] -- Searching for dependencies of ignition-plugin1
[1.487s] -- Searching for <ignition-plugin1> component [all]
[1.487s] -- Looking for all libraries of ignition-plugin1 -- found version 1.3.0
[1.488s] -- Looking for ignition-plugin1 -- found version 1.3.0
[1.489s] -- Looking for ignition-msgs8 -- found version 8.6.0
[1.507s] -- Looking for ignition-physics5 -- found version 5.2.0
[1.507s] -- Searching for dependencies of ignition-physics5
[1.507s] -- Looking for ignition-math6 -- found version 6.12.0
[1.508s] -- Looking for ignition-plugin1 -- found version 1.3.0
[1.508s] -- Looking for ignition-utils1 -- found version 1.4.0
[1.509s] -- Searching for <ignition-physics5> component [heightmap]
[1.510s] -- Looking for ignition-physics5-heightmap -- found version 5.2.0
[1.510s] -- Searching for dependencies of ignition-physics5-heightmap
[1.510s] -- Looking for ignition-common4 -- found version 4.5.2
[1.511s] -- Searching for <ignition-physics5> component [mesh]
[1.511s] -- Looking for ignition-physics5-mesh -- found version 5.2.0
[1.511s] -- Searching for dependencies of ignition-physics5-mesh
[1.511s] -- Looking for ignition-common4 -- found version 4.5.2
[1.512s] -- Searching for <ignition-physics5> component [sdf]
[1.512s] -- Looking for ignition-physics5-sdf -- found version 5.2.0
[1.513s] -- Searching for dependencies of ignition-physics5-sdf
[1.513s] -- Looking for sdformat12 -- found version 12.5.0
[1.514s] -- Looking for ignition-sensors6 -- found version 6.6.0
[1.514s] -- Searching for dependencies of ignition-sensors6
[1.530s] -- Looking for ignition-math6 -- found version 6.12.0
[1.530s] -- Looking for ignition-common4 -- found version 4.5.2
[1.530s] -- Looking for ignition-transport11 -- found version 11.2.0
[1.530s] -- Looking for ignition-rendering6 -- found version 6.5.1
[1.530s] -- Looking for ignition-msgs8 -- found version 8.6.0
[1.531s] -- Looking for sdformat12 -- found version 12.5.0
[1.531s] -- Searching for <ignition-sensors6> component [air_pressure]
[1.532s] -- Looking for ignition-sensors6-air_pressure -- found version 6.6.0
[1.532s] -- Searching for dependencies of ignition-sensors6-air_pressure
[1.533s] -- Searching for <ignition-sensors6> component [altimeter]
[1.533s] -- Looking for ignition-sensors6-altimeter -- found version 6.6.0
[1.533s] -- Searching for dependencies of ignition-sensors6-altimeter
[1.534s] -- Searching for <ignition-sensors6> component [imu]
[1.534s] -- Looking for ignition-sensors6-imu -- found version 6.6.0
[1.534s] -- Searching for dependencies of ignition-sensors6-imu
[1.535s] -- Searching for <ignition-sensors6> component [force_torque]
[1.535s] -- Looking for ignition-sensors6-force_torque -- found version 6.6.0
[1.536s] -- Searching for dependencies of ignition-sensors6-force_torque
[1.536s] -- Searching for <ignition-sensors6> component [logical_camera]
[1.537s] -- Looking for ignition-sensors6-logical_camera -- found version 6.6.0
[1.537s] -- Searching for dependencies of ignition-sensors6-logical_camera
[1.537s] -- Searching for <ignition-sensors6> component [magnetometer]
[1.538s] -- Looking for ignition-sensors6-magnetometer -- found version 6.6.0
[1.538s] -- Searching for dependencies of ignition-sensors6-magnetometer
[1.539s] -- Searching for <ignition-sensors6> component [navsat]
[1.539s] -- Looking for ignition-sensors6-navsat -- found version 6.6.0
[1.539s] -- Searching for dependencies of ignition-sensors6-navsat
[1.540s] -- Searching for <ignition-sensors6> component [rendering]
[1.540s] -- Looking for ignition-sensors6-rendering -- found version 6.6.0
[1.541s] -- Searching for dependencies of ignition-sensors6-rendering
[1.541s] -- Searching for <ignition-sensors6> component [lidar]
[1.542s] -- Looking for ignition-sensors6-lidar -- found version 6.6.0
[1.542s] -- Searching for dependencies of ignition-sensors6-lidar
[1.543s] -- Searching for <ignition-sensors6> component [gpu_lidar]
[1.543s] -- Looking for ignition-sensors6-gpu_lidar -- found version 6.6.0
[1.543s] -- Searching for dependencies of ignition-sensors6-gpu_lidar
[1.544s] -- Searching for <ignition-sensors6> component [camera]
[1.544s] -- Looking for ignition-sensors6-camera -- found version 6.6.0
[1.544s] -- Searching for dependencies of ignition-sensors6-camera
[1.545s] -- Searching for <ignition-sensors6> component [boundingbox_camera]
[1.546s] -- Looking for ignition-sensors6-boundingbox_camera -- found version 6.6.0
[1.546s] -- Searching for dependencies of ignition-sensors6-boundingbox_camera
[1.546s] -- Searching for <ignition-sensors6> component [segmentation_camera]
[1.547s] -- Looking for ignition-sensors6-segmentation_camera -- found version 6.6.0
[1.547s] -- Searching for dependencies of ignition-sensors6-segmentation_camera
[1.547s] -- Searching for <ignition-sensors6> component [depth_camera]
[1.548s] -- Looking for ignition-sensors6-depth_camera -- found version 6.6.0
[1.548s] -- Searching for dependencies of ignition-sensors6-depth_camera
[1.549s] -- Searching for <ignition-sensors6> component [rgbd_camera]
[1.549s] -- Looking for ignition-sensors6-rgbd_camera -- found version 6.6.0
[1.551s] -- Searching for dependencies of ignition-sensors6-rgbd_camera
[1.551s] -- Searching for <ignition-sensors6> component [thermal_camera]
[1.551s] -- Looking for ignition-sensors6-thermal_camera -- found version 6.6.0
[1.551s] -- Searching for dependencies of ignition-sensors6-thermal_camera
[1.552s] -- Looking for ignition-rendering6 -- found version 6.5.1
[1.552s] -- Looking for ignition-math6 -- found version 6.12.0
[1.552s] -- Looking for ignition-utils1 -- found version 1.4.0
[1.571s] -- Compiling against Ignition Fortress
[1.571s] -- Looking for ignition-plugin1 -- found version 1.3.0
[1.845s] -- Found ament_lint_auto: 0.12.7 (/opt/ros/humble/share/ament_lint_auto/cmake)
[1.897s] -- Added test 'copyright' to check source files copyright and LICENSE
[1.897s] -- Added test 'cppcheck' to perform static code analysis on C / C++ code
[1.897s] -- Configured cppcheck include dirs: /home/nuctella/ros2_ws/ws/src/gazebosim/gz_ros2_control/ign_ros2_control/include
[1.897s] -- Configured cppcheck exclude dirs and/or files: 
[1.898s] -- Added test 'cpplint' to check C / C++ code against the Google style
[1.898s] -- Configured cpplint exclude dirs and/or files: 
[1.898s] -- Added test 'lint_cmake' to check CMake code style
[1.899s] -- Added test 'uncrustify' to check C / C++ code style
[1.899s] -- Configured uncrustify additional arguments: 
[1.899s] -- Added test 'xmllint' to check XML markup files
[1.901s] -- Configuring done
[1.928s] -- Generating done
[1.930s] -- Build files have been written to: /home/nuctella/ros2_ws/ws/build/ign_ros2_control
[1.938s] Invoked command in '/home/nuctella/ros2_ws/ws/build/ign_ros2_control' returned '0': CMAKE_PREFIX_PATH=${CMAKE_PREFIX_PATH}:/home/nuctella/my_ros2_ws/install/start_with_simple_nodes_py:/home/nuctella/my_ros2_ws/install/rosbot_object_recognition:/home/nuctella/my_ros2_ws/install/publisher_and_subscriber_py:/opt/ros/humble /usr/bin/cmake /home/nuctella/ros2_ws/ws/src/gazebosim/gz_ros2_control/ign_ros2_control -DAMENT_CMAKE_SYMLINK_INSTALL=1 -DCMAKE_INSTALL_PREFIX=/home/nuctella/ros2_ws/ws/install/ign_ros2_control
[1.938s] Invoking command in '/home/nuctella/ros2_ws/ws/build/ign_ros2_control': CMAKE_PREFIX_PATH=${CMAKE_PREFIX_PATH}:/home/nuctella/my_ros2_ws/install/start_with_simple_nodes_py:/home/nuctella/my_ros2_ws/install/rosbot_object_recognition:/home/nuctella/my_ros2_ws/install/publisher_and_subscriber_py:/opt/ros/humble /usr/bin/cmake --build /home/nuctella/ros2_ws/ws/build/ign_ros2_control -- -j20 -l20
[1.961s] [35m[1mConsolidate compiler generated dependencies of target ign_ros2_control-system[0m
[1.961s] [35m[1mConsolidate compiler generated dependencies of target ign_hardware_plugins[0m
[1.973s] [100%] Built target ign_ros2_control-system
[1.973s] [100%] Built target ign_hardware_plugins
[1.979s] Invoked command in '/home/nuctella/ros2_ws/ws/build/ign_ros2_control' returned '0': CMAKE_PREFIX_PATH=${CMAKE_PREFIX_PATH}:/home/nuctella/my_ros2_ws/install/start_with_simple_nodes_py:/home/nuctella/my_ros2_ws/install/rosbot_object_recognition:/home/nuctella/my_ros2_ws/install/publisher_and_subscriber_py:/opt/ros/humble /usr/bin/cmake --build /home/nuctella/ros2_ws/ws/build/ign_ros2_control -- -j20 -l20
[1.995s] Invoking command in '/home/nuctella/ros2_ws/ws/build/ign_ros2_control': CMAKE_PREFIX_PATH=${CMAKE_PREFIX_PATH}:/home/nuctella/my_ros2_ws/install/start_with_simple_nodes_py:/home/nuctella/my_ros2_ws/install/rosbot_object_recognition:/home/nuctella/my_ros2_ws/install/publisher_and_subscriber_py:/opt/ros/humble /usr/bin/cmake --install /home/nuctella/ros2_ws/ws/build/ign_ros2_control
[1.998s] -- Install configuration: ""
[1.999s] -- Execute custom install script
[1.999s] -- Up-to-date symlink: /home/nuctella/ros2_ws/ws/install/ign_ros2_control/lib/libign_hardware_plugins.so
[1.999s] -- Up-to-date symlink: /home/nuctella/ros2_ws/ws/install/ign_ros2_control/share/ign_ros2_control/environment/library_path.sh
[1.999s] -- Up-to-date symlink: /home/nuctella/ros2_ws/ws/install/ign_ros2_control/share/ign_ros2_control/environment/library_path.dsv
[1.999s] -- Up-to-date symlink: /home/nuctella/ros2_ws/ws/install/ign_ros2_control/lib/libign_ros2_control-system.so
[1.999s] -- Up-to-date symlink: /home/nuctella/ros2_ws/ws/install/ign_ros2_control/share/ign_ros2_control//ign_hardware_plugins.xml
[1.999s] -- Up-to-date symlink: /home/nuctella/ros2_ws/ws/install/ign_ros2_control/share/ament_index/resource_index/package_run_dependencies/ign_ros2_control
[1.999s] -- Up-to-date symlink: /home/nuctella/ros2_ws/ws/install/ign_ros2_control/share/ament_index/resource_index/parent_prefix_path/ign_ros2_control
[1.999s] -- Up-to-date symlink: /home/nuctella/ros2_ws/ws/install/ign_ros2_control/share/ign_ros2_control/environment/ament_prefix_path.sh
[1.999s] -- Up-to-date symlink: /home/nuctella/ros2_ws/ws/install/ign_ros2_control/share/ign_ros2_control/environment/ament_prefix_path.dsv
[1.999s] -- Up-to-date symlink: /home/nuctella/ros2_ws/ws/install/ign_ros2_control/share/ign_ros2_control/environment/path.sh
[2.000s] -- Up-to-date symlink: /home/nuctella/ros2_ws/ws/install/ign_ros2_control/share/ign_ros2_control/environment/path.dsv
[2.000s] -- Up-to-date symlink: /home/nuctella/ros2_ws/ws/install/ign_ros2_control/share/ign_ros2_control/local_setup.bash
[2.000s] -- Up-to-date symlink: /home/nuctella/ros2_ws/ws/install/ign_ros2_control/share/ign_ros2_control/local_setup.sh
[2.000s] -- Up-to-date symlink: /home/nuctella/ros2_ws/ws/install/ign_ros2_control/share/ign_ros2_control/local_setup.zsh
[2.000s] -- Up-to-date symlink: /home/nuctella/ros2_ws/ws/install/ign_ros2_control/share/ign_ros2_control/local_setup.dsv
[2.000s] -- Symlinking: /home/nuctella/ros2_ws/ws/install/ign_ros2_control/share/ign_ros2_control/package.dsv
[2.004s] -- Up-to-date symlink: /home/nuctella/ros2_ws/ws/install/ign_ros2_control/share/ament_index/resource_index/packages/ign_ros2_control
[2.004s] -- Up-to-date symlink: /home/nuctella/ros2_ws/ws/install/ign_ros2_control/share/ament_index/resource_index/ign_ros2_control__pluginlib__plugin/ign_ros2_control
[2.004s] -- Up-to-date symlink: /home/nuctella/ros2_ws/ws/install/ign_ros2_control/share/ign_ros2_control/cmake/ament_cmake_export_include_directories-extras.cmake
[2.004s] -- Up-to-date symlink: /home/nuctella/ros2_ws/ws/install/ign_ros2_control/share/ign_ros2_control/cmake/ament_cmake_export_libraries-extras.cmake
[2.004s] -- Up-to-date symlink: /home/nuctella/ros2_ws/ws/install/ign_ros2_control/share/ign_ros2_control/cmake/ign_ros2_controlConfig.cmake
[2.004s] -- Up-to-date symlink: /home/nuctella/ros2_ws/ws/install/ign_ros2_control/share/ign_ros2_control/cmake/ign_ros2_controlConfig-version.cmake
[2.004s] -- Up-to-date symlink: /home/nuctella/ros2_ws/ws/install/ign_ros2_control/share/ign_ros2_control/package.xml
[2.005s] Invoked command in '/home/nuctella/ros2_ws/ws/build/ign_ros2_control' returned '0': CMAKE_PREFIX_PATH=${CMAKE_PREFIX_PATH}:/home/nuctella/my_ros2_ws/install/start_with_simple_nodes_py:/home/nuctella/my_ros2_ws/install/rosbot_object_recognition:/home/nuctella/my_ros2_ws/install/publisher_and_subscriber_py:/opt/ros/humble /usr/bin/cmake --install /home/nuctella/ros2_ws/ws/build/ign_ros2_control
