running develop
running egg_info
creating start_with_simple_nodes_py.egg-info
writing start_with_simple_nodes_py.egg-info/PKG-INFO
writing dependency_links to start_with_simple_nodes_py.egg-info/dependency_links.txt
writing entry points to start_with_simple_nodes_py.egg-info/entry_points.txt
writing requirements to start_with_simple_nodes_py.egg-info/requires.txt
writing top-level names to start_with_simple_nodes_py.egg-info/top_level.txt
writing manifest file 'start_with_simple_nodes_py.egg-info/SOURCES.txt'
reading manifest file 'start_with_simple_nodes_py.egg-info/SOURCES.txt'
writing manifest file 'start_with_simple_nodes_py.egg-info/SOURCES.txt'
running build_ext
Creating /home/nuctella/my_ros2_ws/src/install/start_with_simple_nodes_py/lib/python3.10/site-packages/start-with-simple-nodes-py.egg-link (link to .)
Installing my_first_node script to /home/nuctella/my_ros2_ws/src/install/start_with_simple_nodes_py/lib/start_with_simple_nodes_py
Installing node_timer_with_class script to /home/nuctella/my_ros2_ws/src/install/start_with_simple_nodes_py/lib/start_with_simple_nodes_py
Installing node_timer_without_class script to /home/nuctella/my_ros2_ws/src/install/start_with_simple_nodes_py/lib/start_with_simple_nodes_py
Installing node_with_class script to /home/nuctella/my_ros2_ws/src/install/start_with_simple_nodes_py/lib/start_with_simple_nodes_py

Installed /home/nuctella/my_ros2_ws/src/build/start_with_simple_nodes_py
running install_data
creating /home/nuctella/my_ros2_ws/src/install/start_with_simple_nodes_py/share/ament_index
creating /home/nuctella/my_ros2_ws/src/install/start_with_simple_nodes_py/share/ament_index/resource_index
creating /home/nuctella/my_ros2_ws/src/install/start_with_simple_nodes_py/share/ament_index/resource_index/packages
copying resource/start_with_simple_nodes_py -> /home/nuctella/my_ros2_ws/src/install/start_with_simple_nodes_py/share/ament_index/resource_index/packages
copying package.xml -> /home/nuctella/my_ros2_ws/src/install/start_with_simple_nodes_py/share/start_with_simple_nodes_py
