[0.020s] Invoking command in '/home/nuctella/ros2_ws/ws/build/rosbot_hardware_interfaces': CMAKE_PREFIX_PATH=${CMAKE_PREFIX_PATH}:/home/nuctella/my_ros2_ws/install/start_with_simple_nodes_py:/home/nuctella/my_ros2_ws/install/rosbot_object_recognition:/home/nuctella/my_ros2_ws/install/publisher_and_subscriber_py:/opt/ros/humble /usr/bin/cmake --build /home/nuctella/ros2_ws/ws/build/rosbot_hardware_interfaces -- -j20 -l20
[0.052s] [100%] Built target rosbot_hardware_interfaces
[0.062s] Invoked command in '/home/nuctella/ros2_ws/ws/build/rosbot_hardware_interfaces' returned '0': CMAKE_PREFIX_PATH=${CMAKE_PREFIX_PATH}:/home/nuctella/my_ros2_ws/install/start_with_simple_nodes_py:/home/nuctella/my_ros2_ws/install/rosbot_object_recognition:/home/nuctella/my_ros2_ws/install/publisher_and_subscriber_py:/opt/ros/humble /usr/bin/cmake --build /home/nuctella/ros2_ws/ws/build/rosbot_hardware_interfaces -- -j20 -l20
[0.093s] Invoking command in '/home/nuctella/ros2_ws/ws/build/rosbot_hardware_interfaces': CMAKE_PREFIX_PATH=${CMAKE_PREFIX_PATH}:/home/nuctella/my_ros2_ws/install/start_with_simple_nodes_py:/home/nuctella/my_ros2_ws/install/rosbot_object_recognition:/home/nuctella/my_ros2_ws/install/publisher_and_subscriber_py:/opt/ros/humble /usr/bin/cmake --install /home/nuctella/ros2_ws/ws/build/rosbot_hardware_interfaces
[0.097s] -- Install configuration: ""
[0.097s] -- Execute custom install script
[0.098s] -- Up-to-date symlink: /home/nuctella/ros2_ws/ws/install/rosbot_hardware_interfaces/share/rosbot_hardware_interfaces//rosbot_hardware_interfaces.xml
[0.098s] -- Up-to-date symlink: /home/nuctella/ros2_ws/ws/install/rosbot_hardware_interfaces/include/rosbot_hardware_interfaces/rosbot_imu_sensor.hpp
[0.098s] -- Up-to-date symlink: /home/nuctella/ros2_ws/ws/install/rosbot_hardware_interfaces/include/rosbot_hardware_interfaces/rosbot_system.hpp
[0.098s] -- Up-to-date symlink: /home/nuctella/ros2_ws/ws/install/rosbot_hardware_interfaces/include/rosbot_hardware_interfaces/visibility_control.hpp
[0.099s] -- Up-to-date symlink: /home/nuctella/ros2_ws/ws/install/rosbot_hardware_interfaces/share/rosbot_hardware_interfaces/launch/example_diff_drive.launch.py
[0.101s] -- Up-to-date symlink: /home/nuctella/ros2_ws/ws/install/rosbot_hardware_interfaces/share/rosbot_hardware_interfaces/config/example_diff_drive_controller.yaml
[0.101s] -- Up-to-date symlink: /home/nuctella/ros2_ws/ws/install/rosbot_hardware_interfaces/share/rosbot_hardware_interfaces/urdf/ros2_control.urdf.xacro
[0.102s] -- Up-to-date symlink: /home/nuctella/ros2_ws/ws/install/rosbot_hardware_interfaces/lib/librosbot_hardware_interfaces.so
[0.102s] -- Up-to-date symlink: /home/nuctella/ros2_ws/ws/install/rosbot_hardware_interfaces/share/rosbot_hardware_interfaces/environment/library_path.sh
[0.102s] -- Up-to-date symlink: /home/nuctella/ros2_ws/ws/install/rosbot_hardware_interfaces/share/rosbot_hardware_interfaces/environment/library_path.dsv
[0.103s] -- Up-to-date symlink: /home/nuctella/ros2_ws/ws/install/rosbot_hardware_interfaces/share/ament_index/resource_index/package_run_dependencies/rosbot_hardware_interfaces
[0.103s] -- Up-to-date symlink: /home/nuctella/ros2_ws/ws/install/rosbot_hardware_interfaces/share/ament_index/resource_index/parent_prefix_path/rosbot_hardware_interfaces
[0.105s] -- Up-to-date symlink: /home/nuctella/ros2_ws/ws/install/rosbot_hardware_interfaces/share/rosbot_hardware_interfaces/environment/ament_prefix_path.sh
[0.105s] -- Up-to-date symlink: /home/nuctella/ros2_ws/ws/install/rosbot_hardware_interfaces/share/rosbot_hardware_interfaces/environment/ament_prefix_path.dsv
[0.105s] -- Up-to-date symlink: /home/nuctella/ros2_ws/ws/install/rosbot_hardware_interfaces/share/rosbot_hardware_interfaces/environment/path.sh
[0.105s] -- Up-to-date symlink: /home/nuctella/ros2_ws/ws/install/rosbot_hardware_interfaces/share/rosbot_hardware_interfaces/environment/path.dsv
[0.105s] -- Up-to-date symlink: /home/nuctella/ros2_ws/ws/install/rosbot_hardware_interfaces/share/rosbot_hardware_interfaces/local_setup.bash
[0.106s] -- Up-to-date symlink: /home/nuctella/ros2_ws/ws/install/rosbot_hardware_interfaces/share/rosbot_hardware_interfaces/local_setup.sh
[0.106s] -- Up-to-date symlink: /home/nuctella/ros2_ws/ws/install/rosbot_hardware_interfaces/share/rosbot_hardware_interfaces/local_setup.zsh
[0.106s] -- Up-to-date symlink: /home/nuctella/ros2_ws/ws/install/rosbot_hardware_interfaces/share/rosbot_hardware_interfaces/local_setup.dsv
[0.106s] -- Symlinking: /home/nuctella/ros2_ws/ws/install/rosbot_hardware_interfaces/share/rosbot_hardware_interfaces/package.dsv
[0.107s] -- Up-to-date symlink: /home/nuctella/ros2_ws/ws/install/rosbot_hardware_interfaces/share/ament_index/resource_index/packages/rosbot_hardware_interfaces
[0.107s] -- Up-to-date symlink: /home/nuctella/ros2_ws/ws/install/rosbot_hardware_interfaces/share/ament_index/resource_index/hardware_interface__pluginlib__plugin/rosbot_hardware_interfaces
[0.107s] -- Up-to-date symlink: /home/nuctella/ros2_ws/ws/install/rosbot_hardware_interfaces/share/rosbot_hardware_interfaces/cmake/ament_cmake_export_include_directories-extras.cmake
[0.107s] -- Up-to-date symlink: /home/nuctella/ros2_ws/ws/install/rosbot_hardware_interfaces/share/rosbot_hardware_interfaces/cmake/ament_cmake_export_libraries-extras.cmake
[0.107s] -- Up-to-date symlink: /home/nuctella/ros2_ws/ws/install/rosbot_hardware_interfaces/share/rosbot_hardware_interfaces/cmake/ament_cmake_export_dependencies-extras.cmake
[0.107s] -- Up-to-date symlink: /home/nuctella/ros2_ws/ws/install/rosbot_hardware_interfaces/share/rosbot_hardware_interfaces/cmake/rosbot_hardware_interfacesConfig.cmake
[0.107s] -- Up-to-date symlink: /home/nuctella/ros2_ws/ws/install/rosbot_hardware_interfaces/share/rosbot_hardware_interfaces/cmake/rosbot_hardware_interfacesConfig-version.cmake
[0.107s] -- Up-to-date symlink: /home/nuctella/ros2_ws/ws/install/rosbot_hardware_interfaces/share/rosbot_hardware_interfaces/package.xml
[0.123s] Invoked command in '/home/nuctella/ros2_ws/ws/build/rosbot_hardware_interfaces' returned '0': CMAKE_PREFIX_PATH=${CMAKE_PREFIX_PATH}:/home/nuctella/my_ros2_ws/install/start_with_simple_nodes_py:/home/nuctella/my_ros2_ws/install/rosbot_object_recognition:/home/nuctella/my_ros2_ws/install/publisher_and_subscriber_py:/opt/ros/humble /usr/bin/cmake --install /home/nuctella/ros2_ws/ws/build/rosbot_hardware_interfaces
