-- Found ament_cmake: 1.3.5 (/opt/ros/humble/share/ament_cmake/cmake)
-- Override CMake install command with custom implementation using symlinks instead of copying resources
-- Configuring done
-- Generating done
-- Build files have been written to: /home/nuctella/ros2_ws/ws/build/rosbot_xl_gazebo
-- Install configuration: ""
-- Execute custom install script
-- Up-to-date symlink: /home/nuctella/ros2_ws/ws/install/rosbot_xl_gazebo/share/rosbot_xl_gazebo/launch/simulation.launch.py
-- Up-to-date symlink: /home/nuctella/ros2_ws/ws/install/rosbot_xl_gazebo/share/ament_index/resource_index/package_run_dependencies/rosbot_xl_gazebo
-- Up-to-date symlink: /home/nuctella/ros2_ws/ws/install/rosbot_xl_gazebo/share/ament_index/resource_index/parent_prefix_path/rosbot_xl_gazebo
-- Up-to-date symlink: /home/nuctella/ros2_ws/ws/install/rosbot_xl_gazebo/share/rosbot_xl_gazebo/environment/ament_prefix_path.sh
-- Up-to-date symlink: /home/nuctella/ros2_ws/ws/install/rosbot_xl_gazebo/share/rosbot_xl_gazebo/environment/ament_prefix_path.dsv
-- Up-to-date symlink: /home/nuctella/ros2_ws/ws/install/rosbot_xl_gazebo/share/rosbot_xl_gazebo/environment/path.sh
-- Up-to-date symlink: /home/nuctella/ros2_ws/ws/install/rosbot_xl_gazebo/share/rosbot_xl_gazebo/environment/path.dsv
-- Up-to-date symlink: /home/nuctella/ros2_ws/ws/install/rosbot_xl_gazebo/share/rosbot_xl_gazebo/local_setup.bash
-- Up-to-date symlink: /home/nuctella/ros2_ws/ws/install/rosbot_xl_gazebo/share/rosbot_xl_gazebo/local_setup.sh
-- Up-to-date symlink: /home/nuctella/ros2_ws/ws/install/rosbot_xl_gazebo/share/rosbot_xl_gazebo/local_setup.zsh
-- Up-to-date symlink: /home/nuctella/ros2_ws/ws/install/rosbot_xl_gazebo/share/rosbot_xl_gazebo/local_setup.dsv
-- Symlinking: /home/nuctella/ros2_ws/ws/install/rosbot_xl_gazebo/share/rosbot_xl_gazebo/package.dsv
-- Up-to-date symlink: /home/nuctella/ros2_ws/ws/install/rosbot_xl_gazebo/share/ament_index/resource_index/packages/rosbot_xl_gazebo
-- Up-to-date symlink: /home/nuctella/ros2_ws/ws/install/rosbot_xl_gazebo/share/rosbot_xl_gazebo/cmake/rosbot_xl_gazeboConfig.cmake
-- Up-to-date symlink: /home/nuctella/ros2_ws/ws/install/rosbot_xl_gazebo/share/rosbot_xl_gazebo/cmake/rosbot_xl_gazeboConfig-version.cmake
-- Up-to-date symlink: /home/nuctella/ros2_ws/ws/install/rosbot_xl_gazebo/share/rosbot_xl_gazebo/package.xml
