-- The C compiler identification is GNU 11.3.0
-- The CXX compiler identification is GNU 11.3.0
-- Detecting C compiler ABI info
-- Detecting C compiler ABI info - done
-- Check for working C compiler: /usr/bin/cc - skipped
-- Detecting C compile features
-- Detecting C compile features - done
-- Detecting CXX compiler ABI info
-- Detecting CXX compiler ABI info - done
-- Check for working CXX compiler: /usr/bin/c++ - skipped
-- Detecting CXX compile features
-- Detecting CXX compile features - done
-- Found ament_cmake: 1.3.4 (/opt/ros/humble/share/ament_cmake/cmake)
-- Found Python3: /usr/bin/python3.10 (found version "3.10.6") found components: Interpreter 
-- Override CMake install command with custom implementation using symlinks instead of copying resources
-- Found geometry_msgs: 4.2.3 (/opt/ros/humble/share/geometry_msgs/cmake)
-- Found rosidl_generator_c: 3.1.4 (/opt/ros/humble/share/rosidl_generator_c/cmake)
-- Found rosidl_adapter: 3.1.4 (/opt/ros/humble/share/rosidl_adapter/cmake)
-- Found rosidl_generator_cpp: 3.1.4 (/opt/ros/humble/share/rosidl_generator_cpp/cmake)
-- Using all available rosidl_typesupport_c: rosidl_typesupport_fastrtps_c;rosidl_typesupport_introspection_c
-- Using all available rosidl_typesupport_cpp: rosidl_typesupport_fastrtps_cpp;rosidl_typesupport_introspection_cpp
-- Found rosidl_default_generators: 1.2.0 (/opt/ros/humble/share/rosidl_default_generators/cmake)
-- Found ament_cmake_ros: 0.10.0 (/opt/ros/humble/share/ament_cmake_ros/cmake)
-- Using all available rosidl_typesupport_c: rosidl_typesupport_fastrtps_c;rosidl_typesupport_introspection_c
-- Using all available rosidl_typesupport_cpp: rosidl_typesupport_fastrtps_cpp;rosidl_typesupport_introspection_cpp
-- Found PythonInterp: /usr/bin/python3 (found suitable version "3.10.6", minimum required is "3.6") 
-- Found python_cmake_module: 0.10.0 (/opt/ros/humble/share/python_cmake_module/cmake)
-- Found PythonLibs: /usr/lib/x86_64-linux-gnu/libpython3.10.so (found suitable version "3.10.6", minimum required is "3.5") 
-- Using PYTHON_EXECUTABLE: /usr/bin/python3
-- Using PYTHON_INCLUDE_DIRS: /usr/include/python3.10
-- Using PYTHON_LIBRARIES: /usr/lib/x86_64-linux-gnu/libpython3.10.so
-- Found PythonExtra: .so  
-- Found ament_lint_auto: 0.12.6 (/opt/ros/humble/share/ament_lint_auto/cmake)
-- Added test 'lint_cmake' to check CMake code style
-- Added test 'xmllint' to check XML markup files
-- Configuring done
-- Generating done
-- Build files have been written to: /home/nuctella/my_ros2_ws/src/build/rosbot_interfaces
[  3%] [34m[1mGenerating C++ code for ROS interfaces[0m
[  3%] Built target rosbot_interfaces__cpp
[  3%] Built target ament_cmake_python_symlink_rosbot_interfaces
[  6%] [34m[1mGenerating C++ introspection for ROS interfaces[0m
[  9%] [32mBuilding CXX object CMakeFiles/rosbot_interfaces__rosidl_typesupport_introspection_cpp.dir/rosidl_typesupport_introspection_cpp/rosbot_interfaces/msg/detail/obstacle_info__type_support.cpp.o[0m
[ 12%] [32m[1mLinking CXX shared library librosbot_interfaces__rosidl_typesupport_introspection_cpp.so[0m
[ 12%] Built target rosbot_interfaces__rosidl_typesupport_introspection_cpp
running egg_info
creating rosbot_interfaces.egg-info
writing rosbot_interfaces.egg-info/PKG-INFO
writing dependency_links to rosbot_interfaces.egg-info/dependency_links.txt
writing top-level names to rosbot_interfaces.egg-info/top_level.txt
writing manifest file 'rosbot_interfaces.egg-info/SOURCES.txt'
reading manifest file 'rosbot_interfaces.egg-info/SOURCES.txt'
writing manifest file 'rosbot_interfaces.egg-info/SOURCES.txt'
[ 12%] Built target ament_cmake_python_build_rosbot_interfaces_egg
[ 16%] [34m[1mGenerating C++ type support for eProsima Fast-RTPS[0m
[ 19%] [32mBuilding CXX object CMakeFiles/rosbot_interfaces__rosidl_typesupport_fastrtps_cpp.dir/rosidl_typesupport_fastrtps_cpp/rosbot_interfaces/msg/detail/dds_fastrtps/obstacle_info__type_support.cpp.o[0m
[ 22%] [32m[1mLinking CXX shared library librosbot_interfaces__rosidl_typesupport_fastrtps_cpp.so[0m
[ 22%] Built target rosbot_interfaces__rosidl_typesupport_fastrtps_cpp
[ 25%] [34m[1mGenerating C++ type support dispatch for ROS interfaces[0m
[ 29%] [32mBuilding CXX object CMakeFiles/rosbot_interfaces__rosidl_typesupport_cpp.dir/rosidl_typesupport_cpp/rosbot_interfaces/msg/obstacle_info__type_support.cpp.o[0m
[ 32%] [32m[1mLinking CXX shared library librosbot_interfaces__rosidl_typesupport_cpp.so[0m
[ 32%] Built target rosbot_interfaces__rosidl_typesupport_cpp
[ 35%] [34m[1mGenerating C code for ROS interfaces[0m
[ 38%] [32mBuilding C object CMakeFiles/rosbot_interfaces__rosidl_generator_c.dir/rosidl_generator_c/rosbot_interfaces/msg/detail/obstacle_info__functions.c.o[0m
[ 41%] [32m[1mLinking C shared library librosbot_interfaces__rosidl_generator_c.so[0m
[ 41%] Built target rosbot_interfaces__rosidl_generator_c
[ 45%] [34m[1mGenerating C type support for eProsima Fast-RTPS[0m
[ 48%] [32mBuilding CXX object CMakeFiles/rosbot_interfaces__rosidl_typesupport_fastrtps_c.dir/rosidl_typesupport_fastrtps_c/rosbot_interfaces/msg/detail/obstacle_info__type_support_c.cpp.o[0m
[ 51%] [32m[1mLinking CXX shared library librosbot_interfaces__rosidl_typesupport_fastrtps_c.so[0m
[ 51%] Built target rosbot_interfaces__rosidl_typesupport_fastrtps_c
[ 54%] [34m[1mGenerating C type support dispatch for ROS interfaces[0m
[ 58%] [32mBuilding CXX object CMakeFiles/rosbot_interfaces__rosidl_typesupport_c.dir/rosidl_typesupport_c/rosbot_interfaces/msg/obstacle_info__type_support.cpp.o[0m
[ 61%] [32m[1mLinking CXX shared library librosbot_interfaces__rosidl_typesupport_c.so[0m
[ 61%] Built target rosbot_interfaces__rosidl_typesupport_c
[ 64%] [34m[1mGenerating C introspection for ROS interfaces[0m
[ 67%] [32mBuilding C object CMakeFiles/rosbot_interfaces__rosidl_typesupport_introspection_c.dir/rosidl_typesupport_introspection_c/rosbot_interfaces/msg/detail/obstacle_info__type_support.c.o[0m
[ 70%] [32m[1mLinking C shared library librosbot_interfaces__rosidl_typesupport_introspection_c.so[0m
[ 70%] Built target rosbot_interfaces__rosidl_typesupport_introspection_c
[ 70%] Built target rosbot_interfaces
[ 74%] [34m[1mGenerating Python code for ROS interfaces[0m
[ 74%] Built target rosbot_interfaces__py
[ 77%] [32mBuilding C object CMakeFiles/rosbot_interfaces__rosidl_generator_py.dir/rosidl_generator_py/rosbot_interfaces/msg/_obstacle_info_s.c.o[0m
[ 80%] [32m[1mLinking C shared library rosidl_generator_py/rosbot_interfaces/librosbot_interfaces__rosidl_generator_py.so[0m
[ 80%] Built target rosbot_interfaces__rosidl_generator_py
[ 83%] [32mBuilding C object CMakeFiles/rosbot_interfaces__rosidl_typesupport_fastrtps_c__pyext.dir/rosidl_generator_py/rosbot_interfaces/_rosbot_interfaces_s.ep.rosidl_typesupport_fastrtps_c.c.o[0m
[ 87%] [32m[1mLinking C shared library rosidl_generator_py/rosbot_interfaces/rosbot_interfaces_s__rosidl_typesupport_fastrtps_c.cpython-310-x86_64-linux-gnu.so[0m
[ 87%] Built target rosbot_interfaces__rosidl_typesupport_fastrtps_c__pyext
[ 90%] [32mBuilding C object CMakeFiles/rosbot_interfaces__rosidl_typesupport_c__pyext.dir/rosidl_generator_py/rosbot_interfaces/_rosbot_interfaces_s.ep.rosidl_typesupport_c.c.o[0m
[ 93%] [32m[1mLinking C shared library rosidl_generator_py/rosbot_interfaces/rosbot_interfaces_s__rosidl_typesupport_c.cpython-310-x86_64-linux-gnu.so[0m
[ 93%] Built target rosbot_interfaces__rosidl_typesupport_c__pyext
[ 96%] [32mBuilding C object CMakeFiles/rosbot_interfaces__rosidl_typesupport_introspection_c__pyext.dir/rosidl_generator_py/rosbot_interfaces/_rosbot_interfaces_s.ep.rosidl_typesupport_introspection_c.c.o[0m
[100%] [32m[1mLinking C shared library rosidl_generator_py/rosbot_interfaces/rosbot_interfaces_s__rosidl_typesupport_introspection_c.cpython-310-x86_64-linux-gnu.so[0m
[100%] Built target rosbot_interfaces__rosidl_typesupport_introspection_c__pyext
-- Install configuration: ""
-- Execute custom install script
-- Symlinking: /home/nuctella/my_ros2_ws/src/install/rosbot_interfaces/share/ament_index/resource_index/rosidl_interfaces/rosbot_interfaces
-- Symlinking: /home/nuctella/my_ros2_ws/src/install/rosbot_interfaces/include/rosbot_interfaces/rosbot_interfaces/msg/detail/obstacle_info__functions.h
-- Symlinking: /home/nuctella/my_ros2_ws/src/install/rosbot_interfaces/include/rosbot_interfaces/rosbot_interfaces/msg/detail/obstacle_info__struct.h
-- Symlinking: /home/nuctella/my_ros2_ws/src/install/rosbot_interfaces/include/rosbot_interfaces/rosbot_interfaces/msg/detail/obstacle_info__type_support.h
-- Symlinking: /home/nuctella/my_ros2_ws/src/install/rosbot_interfaces/include/rosbot_interfaces/rosbot_interfaces/msg/obstacle_info.h
-- Symlinking: /home/nuctella/my_ros2_ws/src/install/rosbot_interfaces/include/rosbot_interfaces/rosbot_interfaces/msg/rosidl_generator_c__visibility_control.h
-- Symlinking: /home/nuctella/my_ros2_ws/src/install/rosbot_interfaces/share/rosbot_interfaces/environment/library_path.sh
-- Symlinking: /home/nuctella/my_ros2_ws/src/install/rosbot_interfaces/share/rosbot_interfaces/environment/library_path.dsv
-- Symlinking: /home/nuctella/my_ros2_ws/src/install/rosbot_interfaces/include/rosbot_interfaces/rosbot_interfaces/msg/detail/obstacle_info__rosidl_typesupport_fastrtps_c.h
-- Symlinking: /home/nuctella/my_ros2_ws/src/install/rosbot_interfaces/include/rosbot_interfaces/rosbot_interfaces/msg/rosidl_typesupport_fastrtps_c__visibility_control.h
-- Symlinking: /home/nuctella/my_ros2_ws/src/install/rosbot_interfaces/include/rosbot_interfaces/rosbot_interfaces/msg/detail/obstacle_info__builder.hpp
-- Symlinking: /home/nuctella/my_ros2_ws/src/install/rosbot_interfaces/include/rosbot_interfaces/rosbot_interfaces/msg/detail/obstacle_info__struct.hpp
-- Symlinking: /home/nuctella/my_ros2_ws/src/install/rosbot_interfaces/include/rosbot_interfaces/rosbot_interfaces/msg/detail/obstacle_info__traits.hpp
-- Symlinking: /home/nuctella/my_ros2_ws/src/install/rosbot_interfaces/include/rosbot_interfaces/rosbot_interfaces/msg/obstacle_info.hpp
-- Symlinking: /home/nuctella/my_ros2_ws/src/install/rosbot_interfaces/include/rosbot_interfaces/rosbot_interfaces/msg/detail/obstacle_info__rosidl_typesupport_fastrtps_cpp.hpp
-- Symlinking: /home/nuctella/my_ros2_ws/src/install/rosbot_interfaces/include/rosbot_interfaces/rosbot_interfaces/msg/rosidl_typesupport_fastrtps_cpp__visibility_control.h
-- Symlinking: /home/nuctella/my_ros2_ws/src/install/rosbot_interfaces/include/rosbot_interfaces/rosbot_interfaces/msg/detail/obstacle_info__rosidl_typesupport_introspection_c.h
-- Symlinking: /home/nuctella/my_ros2_ws/src/install/rosbot_interfaces/include/rosbot_interfaces/rosbot_interfaces/msg/rosidl_typesupport_introspection_c__visibility_control.h
-- Symlinking: /home/nuctella/my_ros2_ws/src/install/rosbot_interfaces/include/rosbot_interfaces/rosbot_interfaces/msg/detail/obstacle_info__rosidl_typesupport_introspection_cpp.hpp
-- Symlinking: /home/nuctella/my_ros2_ws/src/install/rosbot_interfaces/share/rosbot_interfaces/environment/pythonpath.sh
-- Symlinking: /home/nuctella/my_ros2_ws/src/install/rosbot_interfaces/share/rosbot_interfaces/environment/pythonpath.dsv
-- Symlinking: /home/nuctella/my_ros2_ws/src/install/rosbot_interfaces/local/lib/python3.10/dist-packages/rosbot_interfaces-0.0.0-py3.10.egg-info/PKG-INFO
-- Symlinking: /home/nuctella/my_ros2_ws/src/install/rosbot_interfaces/local/lib/python3.10/dist-packages/rosbot_interfaces-0.0.0-py3.10.egg-info/SOURCES.txt
-- Symlinking: /home/nuctella/my_ros2_ws/src/install/rosbot_interfaces/local/lib/python3.10/dist-packages/rosbot_interfaces-0.0.0-py3.10.egg-info/dependency_links.txt
-- Symlinking: /home/nuctella/my_ros2_ws/src/install/rosbot_interfaces/local/lib/python3.10/dist-packages/rosbot_interfaces-0.0.0-py3.10.egg-info/top_level.txt
-- Symlinking: /home/nuctella/my_ros2_ws/src/install/rosbot_interfaces/local/lib/python3.10/dist-packages/rosbot_interfaces/__init__.py
-- Symlinking: /home/nuctella/my_ros2_ws/src/install/rosbot_interfaces/local/lib/python3.10/dist-packages/rosbot_interfaces/_rosbot_interfaces_s.ep.rosidl_typesupport_c.c
-- Symlinking: /home/nuctella/my_ros2_ws/src/install/rosbot_interfaces/local/lib/python3.10/dist-packages/rosbot_interfaces/_rosbot_interfaces_s.ep.rosidl_typesupport_fastrtps_c.c
-- Symlinking: /home/nuctella/my_ros2_ws/src/install/rosbot_interfaces/local/lib/python3.10/dist-packages/rosbot_interfaces/_rosbot_interfaces_s.ep.rosidl_typesupport_introspection_c.c
-- Symlinking: /home/nuctella/my_ros2_ws/src/install/rosbot_interfaces/local/lib/python3.10/dist-packages/rosbot_interfaces/librosbot_interfaces__rosidl_generator_py.so
-- Symlinking: /home/nuctella/my_ros2_ws/src/install/rosbot_interfaces/local/lib/python3.10/dist-packages/rosbot_interfaces/msg/__init__.py
-- Symlinking: /home/nuctella/my_ros2_ws/src/install/rosbot_interfaces/local/lib/python3.10/dist-packages/rosbot_interfaces/msg/_obstacle_info.py
-- Symlinking: /home/nuctella/my_ros2_ws/src/install/rosbot_interfaces/local/lib/python3.10/dist-packages/rosbot_interfaces/msg/_obstacle_info_s.c
-- Symlinking: /home/nuctella/my_ros2_ws/src/install/rosbot_interfaces/local/lib/python3.10/dist-packages/rosbot_interfaces/rosbot_interfaces_s__rosidl_typesupport_c.cpython-310-x86_64-linux-gnu.so
-- Symlinking: /home/nuctella/my_ros2_ws/src/install/rosbot_interfaces/local/lib/python3.10/dist-packages/rosbot_interfaces/rosbot_interfaces_s__rosidl_typesupport_fastrtps_c.cpython-310-x86_64-linux-gnu.so
-- Symlinking: /home/nuctella/my_ros2_ws/src/install/rosbot_interfaces/local/lib/python3.10/dist-packages/rosbot_interfaces/rosbot_interfaces_s__rosidl_typesupport_introspection_c.cpython-310-x86_64-linux-gnu.so
-- Up-to-date symlink: /home/nuctella/my_ros2_ws/src/install/rosbot_interfaces/local/lib/python3.10/dist-packages/rosbot_interfaces/rosbot_interfaces_s__rosidl_typesupport_fastrtps_c.cpython-310-x86_64-linux-gnu.so
-- Up-to-date symlink: /home/nuctella/my_ros2_ws/src/install/rosbot_interfaces/local/lib/python3.10/dist-packages/rosbot_interfaces/rosbot_interfaces_s__rosidl_typesupport_introspection_c.cpython-310-x86_64-linux-gnu.so
-- Up-to-date symlink: /home/nuctella/my_ros2_ws/src/install/rosbot_interfaces/local/lib/python3.10/dist-packages/rosbot_interfaces/rosbot_interfaces_s__rosidl_typesupport_c.cpython-310-x86_64-linux-gnu.so
-- Symlinking: /home/nuctella/my_ros2_ws/src/install/rosbot_interfaces/share/rosbot_interfaces/msg/ObstacleInfo.idl
-- Symlinking: /home/nuctella/my_ros2_ws/src/install/rosbot_interfaces/share/rosbot_interfaces/msg/ObstacleInfo.msg
-- Symlinking: /home/nuctella/my_ros2_ws/src/install/rosbot_interfaces/share/ament_index/resource_index/package_run_dependencies/rosbot_interfaces
-- Symlinking: /home/nuctella/my_ros2_ws/src/install/rosbot_interfaces/share/ament_index/resource_index/parent_prefix_path/rosbot_interfaces
-- Symlinking: /home/nuctella/my_ros2_ws/src/install/rosbot_interfaces/share/rosbot_interfaces/environment/ament_prefix_path.sh
-- Symlinking: /home/nuctella/my_ros2_ws/src/install/rosbot_interfaces/share/rosbot_interfaces/environment/ament_prefix_path.dsv
-- Symlinking: /home/nuctella/my_ros2_ws/src/install/rosbot_interfaces/share/rosbot_interfaces/environment/path.sh
-- Symlinking: /home/nuctella/my_ros2_ws/src/install/rosbot_interfaces/share/rosbot_interfaces/environment/path.dsv
-- Symlinking: /home/nuctella/my_ros2_ws/src/install/rosbot_interfaces/share/rosbot_interfaces/local_setup.bash
-- Symlinking: /home/nuctella/my_ros2_ws/src/install/rosbot_interfaces/share/rosbot_interfaces/local_setup.sh
-- Symlinking: /home/nuctella/my_ros2_ws/src/install/rosbot_interfaces/share/rosbot_interfaces/local_setup.zsh
-- Symlinking: /home/nuctella/my_ros2_ws/src/install/rosbot_interfaces/share/rosbot_interfaces/local_setup.dsv
-- Symlinking: /home/nuctella/my_ros2_ws/src/install/rosbot_interfaces/share/rosbot_interfaces/package.dsv
-- Symlinking: /home/nuctella/my_ros2_ws/src/install/rosbot_interfaces/share/ament_index/resource_index/packages/rosbot_interfaces
-- Symlinking: /home/nuctella/my_ros2_ws/src/install/rosbot_interfaces/share/rosbot_interfaces/cmake/rosidl_cmake-extras.cmake
-- Symlinking: /home/nuctella/my_ros2_ws/src/install/rosbot_interfaces/share/rosbot_interfaces/cmake/ament_cmake_export_dependencies-extras.cmake
-- Symlinking: /home/nuctella/my_ros2_ws/src/install/rosbot_interfaces/share/rosbot_interfaces/cmake/ament_cmake_export_include_directories-extras.cmake
-- Symlinking: /home/nuctella/my_ros2_ws/src/install/rosbot_interfaces/share/rosbot_interfaces/cmake/ament_cmake_export_libraries-extras.cmake
-- Symlinking: /home/nuctella/my_ros2_ws/src/install/rosbot_interfaces/share/rosbot_interfaces/cmake/ament_cmake_export_targets-extras.cmake
-- Symlinking: /home/nuctella/my_ros2_ws/src/install/rosbot_interfaces/share/rosbot_interfaces/cmake/rosidl_cmake_export_typesupport_targets-extras.cmake
-- Symlinking: /home/nuctella/my_ros2_ws/src/install/rosbot_interfaces/share/rosbot_interfaces/cmake/rosidl_cmake_export_typesupport_libraries-extras.cmake
-- Symlinking: /home/nuctella/my_ros2_ws/src/install/rosbot_interfaces/share/rosbot_interfaces/cmake/rosbot_interfacesConfig.cmake
-- Symlinking: /home/nuctella/my_ros2_ws/src/install/rosbot_interfaces/share/rosbot_interfaces/cmake/rosbot_interfacesConfig-version.cmake
-- Symlinking: /home/nuctella/my_ros2_ws/src/install/rosbot_interfaces/share/rosbot_interfaces/package.xml
-- Installing: /home/nuctella/my_ros2_ws/src/install/rosbot_interfaces/lib/librosbot_interfaces__rosidl_generator_c.so
-- Set runtime path of "/home/nuctella/my_ros2_ws/src/install/rosbot_interfaces/lib/librosbot_interfaces__rosidl_generator_c.so" to ""
-- Installing: /home/nuctella/my_ros2_ws/src/install/rosbot_interfaces/lib/librosbot_interfaces__rosidl_typesupport_fastrtps_c.so
-- Set runtime path of "/home/nuctella/my_ros2_ws/src/install/rosbot_interfaces/lib/librosbot_interfaces__rosidl_typesupport_fastrtps_c.so" to ""
-- Installing: /home/nuctella/my_ros2_ws/src/install/rosbot_interfaces/lib/librosbot_interfaces__rosidl_typesupport_fastrtps_cpp.so
-- Set runtime path of "/home/nuctella/my_ros2_ws/src/install/rosbot_interfaces/lib/librosbot_interfaces__rosidl_typesupport_fastrtps_cpp.so" to ""
-- Installing: /home/nuctella/my_ros2_ws/src/install/rosbot_interfaces/lib/librosbot_interfaces__rosidl_typesupport_introspection_c.so
-- Set runtime path of "/home/nuctella/my_ros2_ws/src/install/rosbot_interfaces/lib/librosbot_interfaces__rosidl_typesupport_introspection_c.so" to ""
-- Installing: /home/nuctella/my_ros2_ws/src/install/rosbot_interfaces/lib/librosbot_interfaces__rosidl_typesupport_c.so
-- Set runtime path of "/home/nuctella/my_ros2_ws/src/install/rosbot_interfaces/lib/librosbot_interfaces__rosidl_typesupport_c.so" to ""
-- Installing: /home/nuctella/my_ros2_ws/src/install/rosbot_interfaces/lib/librosbot_interfaces__rosidl_typesupport_introspection_cpp.so
-- Set runtime path of "/home/nuctella/my_ros2_ws/src/install/rosbot_interfaces/lib/librosbot_interfaces__rosidl_typesupport_introspection_cpp.so" to ""
-- Installing: /home/nuctella/my_ros2_ws/src/install/rosbot_interfaces/lib/librosbot_interfaces__rosidl_typesupport_cpp.so
-- Set runtime path of "/home/nuctella/my_ros2_ws/src/install/rosbot_interfaces/lib/librosbot_interfaces__rosidl_typesupport_cpp.so" to ""
Listing '/home/nuctella/my_ros2_ws/src/install/rosbot_interfaces/local/lib/python3.10/dist-packages/rosbot_interfaces'...
Compiling '/home/nuctella/my_ros2_ws/src/install/rosbot_interfaces/local/lib/python3.10/dist-packages/rosbot_interfaces/__init__.py'...
Listing '/home/nuctella/my_ros2_ws/src/install/rosbot_interfaces/local/lib/python3.10/dist-packages/rosbot_interfaces/msg'...
Compiling '/home/nuctella/my_ros2_ws/src/install/rosbot_interfaces/local/lib/python3.10/dist-packages/rosbot_interfaces/msg/__init__.py'...
Compiling '/home/nuctella/my_ros2_ws/src/install/rosbot_interfaces/local/lib/python3.10/dist-packages/rosbot_interfaces/msg/_obstacle_info.py'...
-- Installing: /home/nuctella/my_ros2_ws/src/install/rosbot_interfaces/lib/librosbot_interfaces__rosidl_generator_py.so
-- Set runtime path of "/home/nuctella/my_ros2_ws/src/install/rosbot_interfaces/lib/librosbot_interfaces__rosidl_generator_py.so" to ""
-- Installing: /home/nuctella/my_ros2_ws/src/install/rosbot_interfaces/share/rosbot_interfaces/cmake/export_rosbot_interfaces__rosidl_generator_cExport.cmake
-- Installing: /home/nuctella/my_ros2_ws/src/install/rosbot_interfaces/share/rosbot_interfaces/cmake/export_rosbot_interfaces__rosidl_generator_cExport-noconfig.cmake
-- Installing: /home/nuctella/my_ros2_ws/src/install/rosbot_interfaces/share/rosbot_interfaces/cmake/export_rosbot_interfaces__rosidl_typesupport_fastrtps_cExport.cmake
-- Installing: /home/nuctella/my_ros2_ws/src/install/rosbot_interfaces/share/rosbot_interfaces/cmake/export_rosbot_interfaces__rosidl_typesupport_fastrtps_cExport-noconfig.cmake
-- Installing: /home/nuctella/my_ros2_ws/src/install/rosbot_interfaces/share/rosbot_interfaces/cmake/export_rosbot_interfaces__rosidl_generator_cppExport.cmake
-- Installing: /home/nuctella/my_ros2_ws/src/install/rosbot_interfaces/share/rosbot_interfaces/cmake/export_rosbot_interfaces__rosidl_typesupport_fastrtps_cppExport.cmake
-- Installing: /home/nuctella/my_ros2_ws/src/install/rosbot_interfaces/share/rosbot_interfaces/cmake/export_rosbot_interfaces__rosidl_typesupport_fastrtps_cppExport-noconfig.cmake
-- Installing: /home/nuctella/my_ros2_ws/src/install/rosbot_interfaces/share/rosbot_interfaces/cmake/rosbot_interfaces__rosidl_typesupport_introspection_cExport.cmake
-- Installing: /home/nuctella/my_ros2_ws/src/install/rosbot_interfaces/share/rosbot_interfaces/cmake/rosbot_interfaces__rosidl_typesupport_introspection_cExport-noconfig.cmake
-- Installing: /home/nuctella/my_ros2_ws/src/install/rosbot_interfaces/share/rosbot_interfaces/cmake/rosbot_interfaces__rosidl_typesupport_cExport.cmake
-- Installing: /home/nuctella/my_ros2_ws/src/install/rosbot_interfaces/share/rosbot_interfaces/cmake/rosbot_interfaces__rosidl_typesupport_cExport-noconfig.cmake
-- Installing: /home/nuctella/my_ros2_ws/src/install/rosbot_interfaces/share/rosbot_interfaces/cmake/rosbot_interfaces__rosidl_typesupport_introspection_cppExport.cmake
-- Installing: /home/nuctella/my_ros2_ws/src/install/rosbot_interfaces/share/rosbot_interfaces/cmake/rosbot_interfaces__rosidl_typesupport_introspection_cppExport-noconfig.cmake
-- Installing: /home/nuctella/my_ros2_ws/src/install/rosbot_interfaces/share/rosbot_interfaces/cmake/rosbot_interfaces__rosidl_typesupport_cppExport.cmake
-- Installing: /home/nuctella/my_ros2_ws/src/install/rosbot_interfaces/share/rosbot_interfaces/cmake/rosbot_interfaces__rosidl_typesupport_cppExport-noconfig.cmake
-- Installing: /home/nuctella/my_ros2_ws/src/install/rosbot_interfaces/share/rosbot_interfaces/cmake/export_rosbot_interfaces__rosidl_generator_pyExport.cmake
-- Installing: /home/nuctella/my_ros2_ws/src/install/rosbot_interfaces/share/rosbot_interfaces/cmake/export_rosbot_interfaces__rosidl_generator_pyExport-noconfig.cmake
