[6.895s] Invoking command in '/home/nuctella/my_ros2_ws/src/build/rosbot_interfaces': CMAKE_PREFIX_PATH=${CMAKE_PREFIX_PATH}:/home/nuctella/my_ros2_ws/install/start_with_simple_nodes_py:/home/nuctella/my_ros2_ws/install/rosbot_object_recognition:/home/nuctella/my_ros2_ws/install/publisher_and_subscriber_py:/opt/ros/humble /usr/bin/cmake /home/nuctella/my_ros2_ws/src/rosbot_interfaces -DAMENT_CMAKE_SYMLINK_INSTALL=1 -DCMAKE_INSTALL_PREFIX=/home/nuctella/my_ros2_ws/src/install/rosbot_interfaces
[24.558s] -- The C compiler identification is GNU 11.3.0
[32.071s] -- The CXX compiler identification is GNU 11.3.0
[34.242s] -- Detecting C compiler ABI info
[55.222s] -- Detecting C compiler ABI info - done
[55.393s] -- Check for working C compiler: /usr/bin/cc - skipped
[55.400s] -- Detecting C compile features
[55.408s] -- Detecting C compile features - done
[55.861s] -- Detecting CXX compiler ABI info
[76.931s] -- Detecting CXX compiler ABI info - done
[77.113s] -- Check for working CXX compiler: /usr/bin/c++ - skipped
[77.120s] -- Detecting CXX compile features
[77.127s] -- Detecting CXX compile features - done
[86.834s] -- Found ament_cmake: 1.3.4 (/opt/ros/humble/share/ament_cmake/cmake)
[180.412s] -- Found Python3: /usr/bin/python3.10 (found version "3.10.6") found components: Interpreter 
[189.658s] -- Override CMake install command with custom implementation using symlinks instead of copying resources
[277.820s] -- Found geometry_msgs: 4.2.3 (/opt/ros/humble/share/geometry_msgs/cmake)
[329.595s] -- Found rosidl_generator_c: 3.1.4 (/opt/ros/humble/share/rosidl_generator_c/cmake)
[344.626s] -- Found rosidl_adapter: 3.1.4 (/opt/ros/humble/share/rosidl_adapter/cmake)
[353.515s] -- Found rosidl_generator_cpp: 3.1.4 (/opt/ros/humble/share/rosidl_generator_cpp/cmake)
[365.911s] -- Using all available rosidl_typesupport_c: rosidl_typesupport_fastrtps_c;rosidl_typesupport_introspection_c
[381.511s] -- Using all available rosidl_typesupport_cpp: rosidl_typesupport_fastrtps_cpp;rosidl_typesupport_introspection_cpp
[408.867s] -- Found rosidl_default_generators: 1.2.0 (/opt/ros/humble/share/rosidl_default_generators/cmake)
[487.366s] -- Found ament_cmake_ros: 0.10.0 (/opt/ros/humble/share/ament_cmake_ros/cmake)
[592.936s] -- Using all available rosidl_typesupport_c: rosidl_typesupport_fastrtps_c;rosidl_typesupport_introspection_c
[627.011s] -- Using all available rosidl_typesupport_cpp: rosidl_typesupport_fastrtps_cpp;rosidl_typesupport_introspection_cpp
[636.207s] -- Found PythonInterp: /usr/bin/python3 (found suitable version "3.10.6", minimum required is "3.6") 
[644.774s] -- Found python_cmake_module: 0.10.0 (/opt/ros/humble/share/python_cmake_module/cmake)
[655.687s] -- Found PythonLibs: /usr/lib/x86_64-linux-gnu/libpython3.10.so (found suitable version "3.10.6", minimum required is "3.5") 
[655.693s] -- Using PYTHON_EXECUTABLE: /usr/bin/python3
[655.700s] -- Using PYTHON_INCLUDE_DIRS: /usr/include/python3.10
[655.706s] -- Using PYTHON_LIBRARIES: /usr/lib/x86_64-linux-gnu/libpython3.10.so
[662.131s] -- Found PythonExtra: .so  
[682.613s] -- Found ament_lint_auto: 0.12.6 (/opt/ros/humble/share/ament_lint_auto/cmake)
[737.657s] -- Added test 'lint_cmake' to check CMake code style
[741.854s] -- Added test 'xmllint' to check XML markup files
[749.431s] -- Configuring done
[766.897s] -- Generating done
[769.097s] -- Build files have been written to: /home/nuctella/my_ros2_ws/src/build/rosbot_interfaces
[769.129s] Invoked command in '/home/nuctella/my_ros2_ws/src/build/rosbot_interfaces' returned '0': CMAKE_PREFIX_PATH=${CMAKE_PREFIX_PATH}:/home/nuctella/my_ros2_ws/install/start_with_simple_nodes_py:/home/nuctella/my_ros2_ws/install/rosbot_object_recognition:/home/nuctella/my_ros2_ws/install/publisher_and_subscriber_py:/opt/ros/humble /usr/bin/cmake /home/nuctella/my_ros2_ws/src/rosbot_interfaces -DAMENT_CMAKE_SYMLINK_INSTALL=1 -DCMAKE_INSTALL_PREFIX=/home/nuctella/my_ros2_ws/src/install/rosbot_interfaces
[769.202s] Invoking command in '/home/nuctella/my_ros2_ws/src/build/rosbot_interfaces': CMAKE_PREFIX_PATH=${CMAKE_PREFIX_PATH}:/home/nuctella/my_ros2_ws/install/start_with_simple_nodes_py:/home/nuctella/my_ros2_ws/install/rosbot_object_recognition:/home/nuctella/my_ros2_ws/install/publisher_and_subscriber_py:/opt/ros/humble /usr/bin/cmake --build /home/nuctella/my_ros2_ws/src/build/rosbot_interfaces -- -j8 -l8
[841.793s] [  3%] [34m[1mGenerating C++ code for ROS interfaces[0m
[841.799s] [  3%] Built target rosbot_interfaces__cpp
[852.421s] [  3%] Built target ament_cmake_python_symlink_rosbot_interfaces
[858.520s] [  6%] [34m[1mGenerating C++ introspection for ROS interfaces[0m
[893.269s] [  9%] [32mBuilding CXX object CMakeFiles/rosbot_interfaces__rosidl_typesupport_introspection_cpp.dir/rosidl_typesupport_introspection_cpp/rosbot_interfaces/msg/detail/obstacle_info__type_support.cpp.o[0m
[907.380s] [ 12%] [32m[1mLinking CXX shared library librosbot_interfaces__rosidl_typesupport_introspection_cpp.so[0m
[921.579s] [ 12%] Built target rosbot_interfaces__rosidl_typesupport_introspection_cpp
[953.670s] running egg_info
[953.677s] creating rosbot_interfaces.egg-info
[954.035s] writing rosbot_interfaces.egg-info/PKG-INFO
[954.068s] writing dependency_links to rosbot_interfaces.egg-info/dependency_links.txt
[954.116s] writing top-level names to rosbot_interfaces.egg-info/top_level.txt
[954.150s] writing manifest file 'rosbot_interfaces.egg-info/SOURCES.txt'
[955.432s] reading manifest file 'rosbot_interfaces.egg-info/SOURCES.txt'
[955.594s] writing manifest file 'rosbot_interfaces.egg-info/SOURCES.txt'
[961.181s] [ 12%] Built target ament_cmake_python_build_rosbot_interfaces_egg
[967.894s] [ 16%] [34m[1mGenerating C++ type support for eProsima Fast-RTPS[0m
[1004.966s] [ 19%] [32mBuilding CXX object CMakeFiles/rosbot_interfaces__rosidl_typesupport_fastrtps_cpp.dir/rosidl_typesupport_fastrtps_cpp/rosbot_interfaces/msg/detail/dds_fastrtps/obstacle_info__type_support.cpp.o[0m
[1019.047s] [ 22%] [32m[1mLinking CXX shared library librosbot_interfaces__rosidl_typesupport_fastrtps_cpp.so[0m
[1032.416s] [ 22%] Built target rosbot_interfaces__rosidl_typesupport_fastrtps_cpp
[1039.040s] [ 25%] [34m[1mGenerating C++ type support dispatch for ROS interfaces[0m
[1066.417s] [ 29%] [32mBuilding CXX object CMakeFiles/rosbot_interfaces__rosidl_typesupport_cpp.dir/rosidl_typesupport_cpp/rosbot_interfaces/msg/obstacle_info__type_support.cpp.o[0m
[1077.360s] [ 32%] [32m[1mLinking CXX shared library librosbot_interfaces__rosidl_typesupport_cpp.so[0m
[1092.421s] [ 32%] Built target rosbot_interfaces__rosidl_typesupport_cpp
[1100.767s] [ 35%] [34m[1mGenerating C code for ROS interfaces[0m
[1145.156s] [ 38%] [32mBuilding C object CMakeFiles/rosbot_interfaces__rosidl_generator_c.dir/rosidl_generator_c/rosbot_interfaces/msg/detail/obstacle_info__functions.c.o[0m
[1155.120s] [ 41%] [32m[1mLinking C shared library librosbot_interfaces__rosidl_generator_c.so[0m
[1168.371s] [ 41%] Built target rosbot_interfaces__rosidl_generator_c
[1174.846s] [ 45%] [34m[1mGenerating C type support for eProsima Fast-RTPS[0m
[1203.672s] [ 48%] [32mBuilding CXX object CMakeFiles/rosbot_interfaces__rosidl_typesupport_fastrtps_c.dir/rosidl_typesupport_fastrtps_c/rosbot_interfaces/msg/detail/obstacle_info__type_support_c.cpp.o[0m
[1220.978s] [ 51%] [32m[1mLinking CXX shared library librosbot_interfaces__rosidl_typesupport_fastrtps_c.so[0m
[1238.923s] [ 51%] Built target rosbot_interfaces__rosidl_typesupport_fastrtps_c
[1248.134s] [ 54%] [34m[1mGenerating C type support dispatch for ROS interfaces[0m
[1279.197s] [ 58%] [32mBuilding CXX object CMakeFiles/rosbot_interfaces__rosidl_typesupport_c.dir/rosidl_typesupport_c/rosbot_interfaces/msg/obstacle_info__type_support.cpp.o[0m
[1291.291s] [ 61%] [32m[1mLinking CXX shared library librosbot_interfaces__rosidl_typesupport_c.so[0m
[1305.494s] [ 61%] Built target rosbot_interfaces__rosidl_typesupport_c
[1312.585s] [ 64%] [34m[1mGenerating C introspection for ROS interfaces[0m
[1344.978s] [ 67%] [32mBuilding C object CMakeFiles/rosbot_interfaces__rosidl_typesupport_introspection_c.dir/rosidl_typesupport_introspection_c/rosbot_interfaces/msg/detail/obstacle_info__type_support.c.o[0m
[1355.055s] [ 70%] [32m[1mLinking C shared library librosbot_interfaces__rosidl_typesupport_introspection_c.so[0m
[1366.588s] [ 70%] Built target rosbot_interfaces__rosidl_typesupport_introspection_c
[1378.725s] [ 70%] Built target rosbot_interfaces
[1391.606s] [ 74%] [34m[1mGenerating Python code for ROS interfaces[0m
[1427.589s] [ 74%] Built target rosbot_interfaces__py
[1441.639s] [ 77%] [32mBuilding C object CMakeFiles/rosbot_interfaces__rosidl_generator_py.dir/rosidl_generator_py/rosbot_interfaces/msg/_obstacle_info_s.c.o[0m
[1454.463s] [ 80%] [32m[1mLinking C shared library rosidl_generator_py/rosbot_interfaces/librosbot_interfaces__rosidl_generator_py.so[0m
[1468.645s] [ 80%] Built target rosbot_interfaces__rosidl_generator_py
[1482.664s] [ 83%] [32mBuilding C object CMakeFiles/rosbot_interfaces__rosidl_typesupport_fastrtps_c__pyext.dir/rosidl_generator_py/rosbot_interfaces/_rosbot_interfaces_s.ep.rosidl_typesupport_fastrtps_c.c.o[0m
[1496.390s] [ 87%] [32m[1mLinking C shared library rosidl_generator_py/rosbot_interfaces/rosbot_interfaces_s__rosidl_typesupport_fastrtps_c.cpython-310-x86_64-linux-gnu.so[0m
[1510.875s] [ 87%] Built target rosbot_interfaces__rosidl_typesupport_fastrtps_c__pyext
[1524.264s] [ 90%] [32mBuilding C object CMakeFiles/rosbot_interfaces__rosidl_typesupport_c__pyext.dir/rosidl_generator_py/rosbot_interfaces/_rosbot_interfaces_s.ep.rosidl_typesupport_c.c.o[0m
[1536.618s] [ 93%] [32m[1mLinking C shared library rosidl_generator_py/rosbot_interfaces/rosbot_interfaces_s__rosidl_typesupport_c.cpython-310-x86_64-linux-gnu.so[0m
[1552.032s] [ 93%] Built target rosbot_interfaces__rosidl_typesupport_c__pyext
[1566.055s] [ 96%] [32mBuilding C object CMakeFiles/rosbot_interfaces__rosidl_typesupport_introspection_c__pyext.dir/rosidl_generator_py/rosbot_interfaces/_rosbot_interfaces_s.ep.rosidl_typesupport_introspection_c.c.o[0m
[1579.036s] [100%] [32m[1mLinking C shared library rosidl_generator_py/rosbot_interfaces/rosbot_interfaces_s__rosidl_typesupport_introspection_c.cpython-310-x86_64-linux-gnu.so[0m
[1594.167s] [100%] Built target rosbot_interfaces__rosidl_typesupport_introspection_c__pyext
[1601.034s] Invoked command in '/home/nuctella/my_ros2_ws/src/build/rosbot_interfaces' returned '0': CMAKE_PREFIX_PATH=${CMAKE_PREFIX_PATH}:/home/nuctella/my_ros2_ws/install/start_with_simple_nodes_py:/home/nuctella/my_ros2_ws/install/rosbot_object_recognition:/home/nuctella/my_ros2_ws/install/publisher_and_subscriber_py:/opt/ros/humble /usr/bin/cmake --build /home/nuctella/my_ros2_ws/src/build/rosbot_interfaces -- -j8 -l8
[1683.621s] Invoking command in '/home/nuctella/my_ros2_ws/src/build/rosbot_interfaces': CMAKE_PREFIX_PATH=${CMAKE_PREFIX_PATH}:/home/nuctella/my_ros2_ws/install/start_with_simple_nodes_py:/home/nuctella/my_ros2_ws/install/rosbot_object_recognition:/home/nuctella/my_ros2_ws/install/publisher_and_subscriber_py:/opt/ros/humble /usr/bin/cmake --install /home/nuctella/my_ros2_ws/src/build/rosbot_interfaces
[1819.902s] -- Install configuration: ""
[1819.909s] -- Execute custom install script
[1819.915s] -- Symlinking: /home/nuctella/my_ros2_ws/src/install/rosbot_interfaces/share/ament_index/resource_index/rosidl_interfaces/rosbot_interfaces
[1819.924s] -- Symlinking: /home/nuctella/my_ros2_ws/src/install/rosbot_interfaces/include/rosbot_interfaces/rosbot_interfaces/msg/detail/obstacle_info__functions.h
[1819.930s] -- Symlinking: /home/nuctella/my_ros2_ws/src/install/rosbot_interfaces/include/rosbot_interfaces/rosbot_interfaces/msg/detail/obstacle_info__struct.h
[1819.937s] -- Symlinking: /home/nuctella/my_ros2_ws/src/install/rosbot_interfaces/include/rosbot_interfaces/rosbot_interfaces/msg/detail/obstacle_info__type_support.h
[1819.943s] -- Symlinking: /home/nuctella/my_ros2_ws/src/install/rosbot_interfaces/include/rosbot_interfaces/rosbot_interfaces/msg/obstacle_info.h
[1819.950s] -- Symlinking: /home/nuctella/my_ros2_ws/src/install/rosbot_interfaces/include/rosbot_interfaces/rosbot_interfaces/msg/rosidl_generator_c__visibility_control.h
[1819.958s] -- Symlinking: /home/nuctella/my_ros2_ws/src/install/rosbot_interfaces/share/rosbot_interfaces/environment/library_path.sh
[1819.966s] -- Symlinking: /home/nuctella/my_ros2_ws/src/install/rosbot_interfaces/share/rosbot_interfaces/environment/library_path.dsv
[1819.973s] -- Symlinking: /home/nuctella/my_ros2_ws/src/install/rosbot_interfaces/include/rosbot_interfaces/rosbot_interfaces/msg/detail/obstacle_info__rosidl_typesupport_fastrtps_c.h
[1819.980s] -- Symlinking: /home/nuctella/my_ros2_ws/src/install/rosbot_interfaces/include/rosbot_interfaces/rosbot_interfaces/msg/rosidl_typesupport_fastrtps_c__visibility_control.h
[1819.986s] -- Symlinking: /home/nuctella/my_ros2_ws/src/install/rosbot_interfaces/include/rosbot_interfaces/rosbot_interfaces/msg/detail/obstacle_info__builder.hpp
[1819.994s] -- Symlinking: /home/nuctella/my_ros2_ws/src/install/rosbot_interfaces/include/rosbot_interfaces/rosbot_interfaces/msg/detail/obstacle_info__struct.hpp
[1820.001s] -- Symlinking: /home/nuctella/my_ros2_ws/src/install/rosbot_interfaces/include/rosbot_interfaces/rosbot_interfaces/msg/detail/obstacle_info__traits.hpp
[1820.008s] -- Symlinking: /home/nuctella/my_ros2_ws/src/install/rosbot_interfaces/include/rosbot_interfaces/rosbot_interfaces/msg/obstacle_info.hpp
[1820.015s] -- Symlinking: /home/nuctella/my_ros2_ws/src/install/rosbot_interfaces/include/rosbot_interfaces/rosbot_interfaces/msg/detail/obstacle_info__rosidl_typesupport_fastrtps_cpp.hpp
[1820.022s] -- Symlinking: /home/nuctella/my_ros2_ws/src/install/rosbot_interfaces/include/rosbot_interfaces/rosbot_interfaces/msg/rosidl_typesupport_fastrtps_cpp__visibility_control.h
[1820.032s] -- Symlinking: /home/nuctella/my_ros2_ws/src/install/rosbot_interfaces/include/rosbot_interfaces/rosbot_interfaces/msg/detail/obstacle_info__rosidl_typesupport_introspection_c.h
[1820.039s] -- Symlinking: /home/nuctella/my_ros2_ws/src/install/rosbot_interfaces/include/rosbot_interfaces/rosbot_interfaces/msg/rosidl_typesupport_introspection_c__visibility_control.h
[1820.045s] -- Symlinking: /home/nuctella/my_ros2_ws/src/install/rosbot_interfaces/include/rosbot_interfaces/rosbot_interfaces/msg/detail/obstacle_info__rosidl_typesupport_introspection_cpp.hpp
[1820.051s] -- Symlinking: /home/nuctella/my_ros2_ws/src/install/rosbot_interfaces/share/rosbot_interfaces/environment/pythonpath.sh
[1820.058s] -- Symlinking: /home/nuctella/my_ros2_ws/src/install/rosbot_interfaces/share/rosbot_interfaces/environment/pythonpath.dsv
[1820.065s] -- Symlinking: /home/nuctella/my_ros2_ws/src/install/rosbot_interfaces/local/lib/python3.10/dist-packages/rosbot_interfaces-0.0.0-py3.10.egg-info/PKG-INFO
[1820.073s] -- Symlinking: /home/nuctella/my_ros2_ws/src/install/rosbot_interfaces/local/lib/python3.10/dist-packages/rosbot_interfaces-0.0.0-py3.10.egg-info/SOURCES.txt
[1820.080s] -- Symlinking: /home/nuctella/my_ros2_ws/src/install/rosbot_interfaces/local/lib/python3.10/dist-packages/rosbot_interfaces-0.0.0-py3.10.egg-info/dependency_links.txt
[1820.088s] -- Symlinking: /home/nuctella/my_ros2_ws/src/install/rosbot_interfaces/local/lib/python3.10/dist-packages/rosbot_interfaces-0.0.0-py3.10.egg-info/top_level.txt
[1820.095s] -- Symlinking: /home/nuctella/my_ros2_ws/src/install/rosbot_interfaces/local/lib/python3.10/dist-packages/rosbot_interfaces/__init__.py
[1820.101s] -- Symlinking: /home/nuctella/my_ros2_ws/src/install/rosbot_interfaces/local/lib/python3.10/dist-packages/rosbot_interfaces/_rosbot_interfaces_s.ep.rosidl_typesupport_c.c
[1820.108s] -- Symlinking: /home/nuctella/my_ros2_ws/src/install/rosbot_interfaces/local/lib/python3.10/dist-packages/rosbot_interfaces/_rosbot_interfaces_s.ep.rosidl_typesupport_fastrtps_c.c
[1820.115s] -- Symlinking: /home/nuctella/my_ros2_ws/src/install/rosbot_interfaces/local/lib/python3.10/dist-packages/rosbot_interfaces/_rosbot_interfaces_s.ep.rosidl_typesupport_introspection_c.c
[1823.056s] -- Symlinking: /home/nuctella/my_ros2_ws/src/install/rosbot_interfaces/local/lib/python3.10/dist-packages/rosbot_interfaces/librosbot_interfaces__rosidl_generator_py.so
[1828.567s] -- Symlinking: /home/nuctella/my_ros2_ws/src/install/rosbot_interfaces/local/lib/python3.10/dist-packages/rosbot_interfaces/msg/__init__.py
[1832.926s] -- Symlinking: /home/nuctella/my_ros2_ws/src/install/rosbot_interfaces/local/lib/python3.10/dist-packages/rosbot_interfaces/msg/_obstacle_info.py
[1837.752s] -- Symlinking: /home/nuctella/my_ros2_ws/src/install/rosbot_interfaces/local/lib/python3.10/dist-packages/rosbot_interfaces/msg/_obstacle_info_s.c
[1843.432s] -- Symlinking: /home/nuctella/my_ros2_ws/src/install/rosbot_interfaces/local/lib/python3.10/dist-packages/rosbot_interfaces/rosbot_interfaces_s__rosidl_typesupport_c.cpython-310-x86_64-linux-gnu.so
[1848.118s] -- Symlinking: /home/nuctella/my_ros2_ws/src/install/rosbot_interfaces/local/lib/python3.10/dist-packages/rosbot_interfaces/rosbot_interfaces_s__rosidl_typesupport_fastrtps_c.cpython-310-x86_64-linux-gnu.so
[1852.276s] -- Symlinking: /home/nuctella/my_ros2_ws/src/install/rosbot_interfaces/local/lib/python3.10/dist-packages/rosbot_interfaces/rosbot_interfaces_s__rosidl_typesupport_introspection_c.cpython-310-x86_64-linux-gnu.so
[1857.505s] -- Up-to-date symlink: /home/nuctella/my_ros2_ws/src/install/rosbot_interfaces/local/lib/python3.10/dist-packages/rosbot_interfaces/rosbot_interfaces_s__rosidl_typesupport_fastrtps_c.cpython-310-x86_64-linux-gnu.so
[1857.863s] -- Up-to-date symlink: /home/nuctella/my_ros2_ws/src/install/rosbot_interfaces/local/lib/python3.10/dist-packages/rosbot_interfaces/rosbot_interfaces_s__rosidl_typesupport_introspection_c.cpython-310-x86_64-linux-gnu.so
[1858.226s] -- Up-to-date symlink: /home/nuctella/my_ros2_ws/src/install/rosbot_interfaces/local/lib/python3.10/dist-packages/rosbot_interfaces/rosbot_interfaces_s__rosidl_typesupport_c.cpython-310-x86_64-linux-gnu.so
[1858.408s] -- Symlinking: /home/nuctella/my_ros2_ws/src/install/rosbot_interfaces/share/rosbot_interfaces/msg/ObstacleInfo.idl
[1862.550s] -- Symlinking: /home/nuctella/my_ros2_ws/src/install/rosbot_interfaces/share/rosbot_interfaces/msg/ObstacleInfo.msg
[1867.687s] -- Symlinking: /home/nuctella/my_ros2_ws/src/install/rosbot_interfaces/share/ament_index/resource_index/package_run_dependencies/rosbot_interfaces
[1872.454s] -- Symlinking: /home/nuctella/my_ros2_ws/src/install/rosbot_interfaces/share/ament_index/resource_index/parent_prefix_path/rosbot_interfaces
[1877.341s] -- Symlinking: /home/nuctella/my_ros2_ws/src/install/rosbot_interfaces/share/rosbot_interfaces/environment/ament_prefix_path.sh
[1881.297s] -- Symlinking: /home/nuctella/my_ros2_ws/src/install/rosbot_interfaces/share/rosbot_interfaces/environment/ament_prefix_path.dsv
[1884.699s] -- Symlinking: /home/nuctella/my_ros2_ws/src/install/rosbot_interfaces/share/rosbot_interfaces/environment/path.sh
[1889.284s] -- Symlinking: /home/nuctella/my_ros2_ws/src/install/rosbot_interfaces/share/rosbot_interfaces/environment/path.dsv
[1894.112s] -- Symlinking: /home/nuctella/my_ros2_ws/src/install/rosbot_interfaces/share/rosbot_interfaces/local_setup.bash
[1898.007s] -- Symlinking: /home/nuctella/my_ros2_ws/src/install/rosbot_interfaces/share/rosbot_interfaces/local_setup.sh
[1902.718s] -- Symlinking: /home/nuctella/my_ros2_ws/src/install/rosbot_interfaces/share/rosbot_interfaces/local_setup.zsh
[1907.452s] -- Symlinking: /home/nuctella/my_ros2_ws/src/install/rosbot_interfaces/share/rosbot_interfaces/local_setup.dsv
[1911.656s] -- Symlinking: /home/nuctella/my_ros2_ws/src/install/rosbot_interfaces/share/rosbot_interfaces/package.dsv
[1916.088s] -- Symlinking: /home/nuctella/my_ros2_ws/src/install/rosbot_interfaces/share/ament_index/resource_index/packages/rosbot_interfaces
[1920.878s] -- Symlinking: /home/nuctella/my_ros2_ws/src/install/rosbot_interfaces/share/rosbot_interfaces/cmake/rosidl_cmake-extras.cmake
[1925.303s] -- Symlinking: /home/nuctella/my_ros2_ws/src/install/rosbot_interfaces/share/rosbot_interfaces/cmake/ament_cmake_export_dependencies-extras.cmake
[1930.205s] -- Symlinking: /home/nuctella/my_ros2_ws/src/install/rosbot_interfaces/share/rosbot_interfaces/cmake/ament_cmake_export_include_directories-extras.cmake
[1934.767s] -- Symlinking: /home/nuctella/my_ros2_ws/src/install/rosbot_interfaces/share/rosbot_interfaces/cmake/ament_cmake_export_libraries-extras.cmake
[1938.971s] -- Symlinking: /home/nuctella/my_ros2_ws/src/install/rosbot_interfaces/share/rosbot_interfaces/cmake/ament_cmake_export_targets-extras.cmake
[1944.101s] -- Symlinking: /home/nuctella/my_ros2_ws/src/install/rosbot_interfaces/share/rosbot_interfaces/cmake/rosidl_cmake_export_typesupport_targets-extras.cmake
[1948.258s] -- Symlinking: /home/nuctella/my_ros2_ws/src/install/rosbot_interfaces/share/rosbot_interfaces/cmake/rosidl_cmake_export_typesupport_libraries-extras.cmake
[1953.164s] -- Symlinking: /home/nuctella/my_ros2_ws/src/install/rosbot_interfaces/share/rosbot_interfaces/cmake/rosbot_interfacesConfig.cmake
[1957.444s] -- Symlinking: /home/nuctella/my_ros2_ws/src/install/rosbot_interfaces/share/rosbot_interfaces/cmake/rosbot_interfacesConfig-version.cmake
[1961.189s] -- Symlinking: /home/nuctella/my_ros2_ws/src/install/rosbot_interfaces/share/rosbot_interfaces/package.xml
[1966.137s] -- Installing: /home/nuctella/my_ros2_ws/src/install/rosbot_interfaces/lib/librosbot_interfaces__rosidl_generator_c.so
[1966.907s] -- Set runtime path of "/home/nuctella/my_ros2_ws/src/install/rosbot_interfaces/lib/librosbot_interfaces__rosidl_generator_c.so" to ""
[1967.037s] -- Installing: /home/nuctella/my_ros2_ws/src/install/rosbot_interfaces/lib/librosbot_interfaces__rosidl_typesupport_fastrtps_c.so
[1967.886s] -- Set runtime path of "/home/nuctella/my_ros2_ws/src/install/rosbot_interfaces/lib/librosbot_interfaces__rosidl_typesupport_fastrtps_c.so" to ""
[1968.021s] -- Installing: /home/nuctella/my_ros2_ws/src/install/rosbot_interfaces/lib/librosbot_interfaces__rosidl_typesupport_fastrtps_cpp.so
[1968.739s] -- Set runtime path of "/home/nuctella/my_ros2_ws/src/install/rosbot_interfaces/lib/librosbot_interfaces__rosidl_typesupport_fastrtps_cpp.so" to ""
[1968.861s] -- Installing: /home/nuctella/my_ros2_ws/src/install/rosbot_interfaces/lib/librosbot_interfaces__rosidl_typesupport_introspection_c.so
[1969.490s] -- Set runtime path of "/home/nuctella/my_ros2_ws/src/install/rosbot_interfaces/lib/librosbot_interfaces__rosidl_typesupport_introspection_c.so" to ""
[1969.620s] -- Installing: /home/nuctella/my_ros2_ws/src/install/rosbot_interfaces/lib/librosbot_interfaces__rosidl_typesupport_c.so
[1970.289s] -- Set runtime path of "/home/nuctella/my_ros2_ws/src/install/rosbot_interfaces/lib/librosbot_interfaces__rosidl_typesupport_c.so" to ""
[1970.405s] -- Installing: /home/nuctella/my_ros2_ws/src/install/rosbot_interfaces/lib/librosbot_interfaces__rosidl_typesupport_introspection_cpp.so
[1971.064s] -- Set runtime path of "/home/nuctella/my_ros2_ws/src/install/rosbot_interfaces/lib/librosbot_interfaces__rosidl_typesupport_introspection_cpp.so" to ""
[1971.165s] -- Installing: /home/nuctella/my_ros2_ws/src/install/rosbot_interfaces/lib/librosbot_interfaces__rosidl_typesupport_cpp.so
[1971.869s] -- Set runtime path of "/home/nuctella/my_ros2_ws/src/install/rosbot_interfaces/lib/librosbot_interfaces__rosidl_typesupport_cpp.so" to ""
[1987.497s] Listing '/home/nuctella/my_ros2_ws/src/install/rosbot_interfaces/local/lib/python3.10/dist-packages/rosbot_interfaces'...
[1987.505s] Compiling '/home/nuctella/my_ros2_ws/src/install/rosbot_interfaces/local/lib/python3.10/dist-packages/rosbot_interfaces/__init__.py'...
[1987.512s] Listing '/home/nuctella/my_ros2_ws/src/install/rosbot_interfaces/local/lib/python3.10/dist-packages/rosbot_interfaces/msg'...
[1987.519s] Compiling '/home/nuctella/my_ros2_ws/src/install/rosbot_interfaces/local/lib/python3.10/dist-packages/rosbot_interfaces/msg/__init__.py'...
[1987.525s] Compiling '/home/nuctella/my_ros2_ws/src/install/rosbot_interfaces/local/lib/python3.10/dist-packages/rosbot_interfaces/msg/_obstacle_info.py'...
[1987.673s] -- Installing: /home/nuctella/my_ros2_ws/src/install/rosbot_interfaces/lib/librosbot_interfaces__rosidl_generator_py.so
[1988.478s] -- Set runtime path of "/home/nuctella/my_ros2_ws/src/install/rosbot_interfaces/lib/librosbot_interfaces__rosidl_generator_py.so" to ""
[1988.719s] -- Installing: /home/nuctella/my_ros2_ws/src/install/rosbot_interfaces/share/rosbot_interfaces/cmake/export_rosbot_interfaces__rosidl_generator_cExport.cmake
[1989.450s] -- Installing: /home/nuctella/my_ros2_ws/src/install/rosbot_interfaces/share/rosbot_interfaces/cmake/export_rosbot_interfaces__rosidl_generator_cExport-noconfig.cmake
[1990.236s] -- Installing: /home/nuctella/my_ros2_ws/src/install/rosbot_interfaces/share/rosbot_interfaces/cmake/export_rosbot_interfaces__rosidl_typesupport_fastrtps_cExport.cmake
[1990.992s] -- Installing: /home/nuctella/my_ros2_ws/src/install/rosbot_interfaces/share/rosbot_interfaces/cmake/export_rosbot_interfaces__rosidl_typesupport_fastrtps_cExport-noconfig.cmake
[1991.781s] -- Installing: /home/nuctella/my_ros2_ws/src/install/rosbot_interfaces/share/rosbot_interfaces/cmake/export_rosbot_interfaces__rosidl_generator_cppExport.cmake
[1992.561s] -- Installing: /home/nuctella/my_ros2_ws/src/install/rosbot_interfaces/share/rosbot_interfaces/cmake/export_rosbot_interfaces__rosidl_typesupport_fastrtps_cppExport.cmake
[1993.367s] -- Installing: /home/nuctella/my_ros2_ws/src/install/rosbot_interfaces/share/rosbot_interfaces/cmake/export_rosbot_interfaces__rosidl_typesupport_fastrtps_cppExport-noconfig.cmake
[1994.100s] -- Installing: /home/nuctella/my_ros2_ws/src/install/rosbot_interfaces/share/rosbot_interfaces/cmake/rosbot_interfaces__rosidl_typesupport_introspection_cExport.cmake
[1994.879s] -- Installing: /home/nuctella/my_ros2_ws/src/install/rosbot_interfaces/share/rosbot_interfaces/cmake/rosbot_interfaces__rosidl_typesupport_introspection_cExport-noconfig.cmake
[1995.662s] -- Installing: /home/nuctella/my_ros2_ws/src/install/rosbot_interfaces/share/rosbot_interfaces/cmake/rosbot_interfaces__rosidl_typesupport_cExport.cmake
[1996.420s] -- Installing: /home/nuctella/my_ros2_ws/src/install/rosbot_interfaces/share/rosbot_interfaces/cmake/rosbot_interfaces__rosidl_typesupport_cExport-noconfig.cmake
[1997.256s] -- Installing: /home/nuctella/my_ros2_ws/src/install/rosbot_interfaces/share/rosbot_interfaces/cmake/rosbot_interfaces__rosidl_typesupport_introspection_cppExport.cmake
[1998.016s] -- Installing: /home/nuctella/my_ros2_ws/src/install/rosbot_interfaces/share/rosbot_interfaces/cmake/rosbot_interfaces__rosidl_typesupport_introspection_cppExport-noconfig.cmake
[1998.846s] -- Installing: /home/nuctella/my_ros2_ws/src/install/rosbot_interfaces/share/rosbot_interfaces/cmake/rosbot_interfaces__rosidl_typesupport_cppExport.cmake
[1999.653s] -- Installing: /home/nuctella/my_ros2_ws/src/install/rosbot_interfaces/share/rosbot_interfaces/cmake/rosbot_interfaces__rosidl_typesupport_cppExport-noconfig.cmake
[2000.507s] -- Installing: /home/nuctella/my_ros2_ws/src/install/rosbot_interfaces/share/rosbot_interfaces/cmake/export_rosbot_interfaces__rosidl_generator_pyExport.cmake
[2001.296s] -- Installing: /home/nuctella/my_ros2_ws/src/install/rosbot_interfaces/share/rosbot_interfaces/cmake/export_rosbot_interfaces__rosidl_generator_pyExport-noconfig.cmake
[2001.949s] Invoked command in '/home/nuctella/my_ros2_ws/src/build/rosbot_interfaces' returned '0': CMAKE_PREFIX_PATH=${CMAKE_PREFIX_PATH}:/home/nuctella/my_ros2_ws/install/start_with_simple_nodes_py:/home/nuctella/my_ros2_ws/install/rosbot_object_recognition:/home/nuctella/my_ros2_ws/install/publisher_and_subscriber_py:/opt/ros/humble /usr/bin/cmake --install /home/nuctella/my_ros2_ws/src/build/rosbot_interfaces
