[0.023s] Invoking command in '/home/nuctella/ros2_ws/ws/build/mecanum_drive_controller': CMAKE_PREFIX_PATH=${CMAKE_PREFIX_PATH}:/home/nuctella/my_ros2_ws/install/start_with_simple_nodes_py:/home/nuctella/my_ros2_ws/install/rosbot_object_recognition:/home/nuctella/my_ros2_ws/install/publisher_and_subscriber_py:/opt/ros/humble /usr/bin/cmake /home/nuctella/ros2_ws/ws/src/rosbot_controllers/mecanum_drive_controller -DCMAKE_INSTALL_PREFIX=/home/nuctella/ros2_ws/ws/install/mecanum_drive_controller
[0.051s] -- Found ament_cmake: 1.3.5 (/opt/ros/humble/share/ament_cmake/cmake)
[0.163s] -- Override CMake install command with custom implementation using symlinks instead of copying resources
[0.180s] -- Found controller_interface: 2.30.0 (/opt/ros/humble/share/controller_interface/cmake)
[0.211s] -- Found rosidl_generator_c: 3.1.5 (/opt/ros/humble/share/rosidl_generator_c/cmake)
[0.214s] -- Found rosidl_adapter: 3.1.5 (/opt/ros/humble/share/rosidl_adapter/cmake)
[0.220s] -- Found rosidl_generator_cpp: 3.1.5 (/opt/ros/humble/share/rosidl_generator_cpp/cmake)
[0.232s] -- Using all available rosidl_typesupport_c: rosidl_typesupport_fastrtps_c;rosidl_typesupport_introspection_c
[0.246s] -- Using all available rosidl_typesupport_cpp: rosidl_typesupport_fastrtps_cpp;rosidl_typesupport_introspection_cpp
[0.689s] -- Found rmw_implementation_cmake: 6.1.1 (/opt/ros/humble/share/rmw_implementation_cmake/cmake)
[0.690s] -- Found rmw_fastrtps_cpp: 6.2.3 (/opt/ros/humble/share/rmw_fastrtps_cpp/cmake)
[0.782s] -- Using RMW implementation 'rmw_fastrtps_cpp' as default
[0.953s] -- Found nav_msgs: 4.2.3 (/opt/ros/humble/share/nav_msgs/cmake)
[1.008s] -- Found realtime_tools: 2.5.0 (/opt/ros/humble/share/realtime_tools/cmake)
[1.031s] -- Found tf2: 0.25.3 (/opt/ros/humble/share/tf2/cmake)
[1.036s] -- Found tf2_msgs: 0.25.3 (/opt/ros/humble/share/tf2_msgs/cmake)
[1.298s] -- Configuring done
[1.315s] -- Generating done
[1.316s] -- Build files have been written to: /home/nuctella/ros2_ws/ws/build/mecanum_drive_controller
[1.321s] Invoked command in '/home/nuctella/ros2_ws/ws/build/mecanum_drive_controller' returned '0': CMAKE_PREFIX_PATH=${CMAKE_PREFIX_PATH}:/home/nuctella/my_ros2_ws/install/start_with_simple_nodes_py:/home/nuctella/my_ros2_ws/install/rosbot_object_recognition:/home/nuctella/my_ros2_ws/install/publisher_and_subscriber_py:/opt/ros/humble /usr/bin/cmake /home/nuctella/ros2_ws/ws/src/rosbot_controllers/mecanum_drive_controller -DCMAKE_INSTALL_PREFIX=/home/nuctella/ros2_ws/ws/install/mecanum_drive_controller
[1.322s] Invoking command in '/home/nuctella/ros2_ws/ws/build/mecanum_drive_controller': CMAKE_PREFIX_PATH=${CMAKE_PREFIX_PATH}:/home/nuctella/my_ros2_ws/install/start_with_simple_nodes_py:/home/nuctella/my_ros2_ws/install/rosbot_object_recognition:/home/nuctella/my_ros2_ws/install/publisher_and_subscriber_py:/opt/ros/humble /usr/bin/cmake --build /home/nuctella/ros2_ws/ws/build/mecanum_drive_controller -- -j20 -l20
[1.347s] [35m[1mConsolidate compiler generated dependencies of target mecanum_drive_controller[0m
[1.362s] [100%] Built target mecanum_drive_controller
[1.368s] Invoked command in '/home/nuctella/ros2_ws/ws/build/mecanum_drive_controller' returned '0': CMAKE_PREFIX_PATH=${CMAKE_PREFIX_PATH}:/home/nuctella/my_ros2_ws/install/start_with_simple_nodes_py:/home/nuctella/my_ros2_ws/install/rosbot_object_recognition:/home/nuctella/my_ros2_ws/install/publisher_and_subscriber_py:/opt/ros/humble /usr/bin/cmake --build /home/nuctella/ros2_ws/ws/build/mecanum_drive_controller -- -j20 -l20
[1.387s] Invoking command in '/home/nuctella/ros2_ws/ws/build/mecanum_drive_controller': CMAKE_PREFIX_PATH=${CMAKE_PREFIX_PATH}:/home/nuctella/my_ros2_ws/install/start_with_simple_nodes_py:/home/nuctella/my_ros2_ws/install/rosbot_object_recognition:/home/nuctella/my_ros2_ws/install/publisher_and_subscriber_py:/opt/ros/humble /usr/bin/cmake --install /home/nuctella/ros2_ws/ws/build/mecanum_drive_controller
[1.390s] -- Install configuration: ""
[1.390s] -- Execute custom install script
[1.391s] -- Up-to-date symlink: /home/nuctella/ros2_ws/ws/install/mecanum_drive_controller/share/mecanum_drive_controller//mecanum_drive_plugin.xml
[1.391s] -- Up-to-date symlink: /home/nuctella/ros2_ws/ws/install/mecanum_drive_controller/include/mecanum_drive_controller/mecanum_drive_controller.hpp
[1.391s] -- Up-to-date symlink: /home/nuctella/ros2_ws/ws/install/mecanum_drive_controller/include/mecanum_drive_controller/odometry.hpp
[1.391s] -- Up-to-date symlink: /home/nuctella/ros2_ws/ws/install/mecanum_drive_controller/include/mecanum_drive_controller/speed_limiter.hpp
[1.391s] -- Up-to-date symlink: /home/nuctella/ros2_ws/ws/install/mecanum_drive_controller/include/mecanum_drive_controller/visibility_control.h
[1.391s] -- Up-to-date symlink: /home/nuctella/ros2_ws/ws/install/mecanum_drive_controller/lib/libmecanum_drive_controller.so
[1.391s] -- Up-to-date symlink: /home/nuctella/ros2_ws/ws/install/mecanum_drive_controller/share/mecanum_drive_controller/environment/library_path.sh
[1.392s] -- Up-to-date symlink: /home/nuctella/ros2_ws/ws/install/mecanum_drive_controller/share/mecanum_drive_controller/environment/library_path.dsv
[1.392s] -- Up-to-date symlink: /home/nuctella/ros2_ws/ws/install/mecanum_drive_controller/share/ament_index/resource_index/package_run_dependencies/mecanum_drive_controller
[1.392s] -- Up-to-date symlink: /home/nuctella/ros2_ws/ws/install/mecanum_drive_controller/share/ament_index/resource_index/parent_prefix_path/mecanum_drive_controller
[1.392s] -- Up-to-date symlink: /home/nuctella/ros2_ws/ws/install/mecanum_drive_controller/share/mecanum_drive_controller/environment/ament_prefix_path.sh
[1.392s] -- Up-to-date symlink: /home/nuctella/ros2_ws/ws/install/mecanum_drive_controller/share/mecanum_drive_controller/environment/ament_prefix_path.dsv
[1.392s] -- Up-to-date symlink: /home/nuctella/ros2_ws/ws/install/mecanum_drive_controller/share/mecanum_drive_controller/environment/path.sh
[1.392s] -- Up-to-date symlink: /home/nuctella/ros2_ws/ws/install/mecanum_drive_controller/share/mecanum_drive_controller/environment/path.dsv
[1.392s] -- Up-to-date symlink: /home/nuctella/ros2_ws/ws/install/mecanum_drive_controller/share/mecanum_drive_controller/local_setup.bash
[1.392s] -- Up-to-date symlink: /home/nuctella/ros2_ws/ws/install/mecanum_drive_controller/share/mecanum_drive_controller/local_setup.sh
[1.393s] -- Up-to-date symlink: /home/nuctella/ros2_ws/ws/install/mecanum_drive_controller/share/mecanum_drive_controller/local_setup.zsh
[1.393s] -- Up-to-date symlink: /home/nuctella/ros2_ws/ws/install/mecanum_drive_controller/share/mecanum_drive_controller/local_setup.dsv
[1.393s] -- Symlinking: /home/nuctella/ros2_ws/ws/install/mecanum_drive_controller/share/mecanum_drive_controller/package.dsv
[1.397s] -- Up-to-date symlink: /home/nuctella/ros2_ws/ws/install/mecanum_drive_controller/share/ament_index/resource_index/packages/mecanum_drive_controller
[1.397s] -- Up-to-date symlink: /home/nuctella/ros2_ws/ws/install/mecanum_drive_controller/share/ament_index/resource_index/controller_interface__pluginlib__plugin/mecanum_drive_controller
[1.397s] -- Up-to-date symlink: /home/nuctella/ros2_ws/ws/install/mecanum_drive_controller/share/mecanum_drive_controller/cmake/ament_cmake_export_dependencies-extras.cmake
[1.398s] -- Up-to-date symlink: /home/nuctella/ros2_ws/ws/install/mecanum_drive_controller/share/mecanum_drive_controller/cmake/ament_cmake_export_include_directories-extras.cmake
[1.398s] -- Up-to-date symlink: /home/nuctella/ros2_ws/ws/install/mecanum_drive_controller/share/mecanum_drive_controller/cmake/ament_cmake_export_libraries-extras.cmake
[1.398s] -- Up-to-date symlink: /home/nuctella/ros2_ws/ws/install/mecanum_drive_controller/share/mecanum_drive_controller/cmake/mecanum_drive_controllerConfig.cmake
[1.398s] -- Up-to-date symlink: /home/nuctella/ros2_ws/ws/install/mecanum_drive_controller/share/mecanum_drive_controller/cmake/mecanum_drive_controllerConfig-version.cmake
[1.398s] -- Up-to-date symlink: /home/nuctella/ros2_ws/ws/install/mecanum_drive_controller/share/mecanum_drive_controller/package.xml
[1.400s] Invoked command in '/home/nuctella/ros2_ws/ws/build/mecanum_drive_controller' returned '0': CMAKE_PREFIX_PATH=${CMAKE_PREFIX_PATH}:/home/nuctella/my_ros2_ws/install/start_with_simple_nodes_py:/home/nuctella/my_ros2_ws/install/rosbot_object_recognition:/home/nuctella/my_ros2_ws/install/publisher_and_subscriber_py:/opt/ros/humble /usr/bin/cmake --install /home/nuctella/ros2_ws/ws/build/mecanum_drive_controller
