[0.079s] Invoking command in '/home/nuctella/ros2_ws/ws/build/ign_ros2_control': CMAKE_PREFIX_PATH=${CMAKE_PREFIX_PATH}:/home/nuctella/my_ros2_ws/install/rosbot_object_recognition:/opt/ros/humble /usr/bin/cmake /home/nuctella/ros2_ws/ws/src/gazebosim/gz_ros2_control/ign_ros2_control -DCMAKE_INSTALL_PREFIX=/home/nuctella/ros2_ws/ws/install/ign_ros2_control
[0.111s] -- The C compiler identification is GNU 11.4.0
[0.145s] -- The CXX compiler identification is GNU 11.4.0
[0.151s] -- Detecting C compiler ABI info
[0.189s] -- Detecting C compiler ABI info - done
[0.194s] -- Check for working C compiler: /usr/bin/cc - skipped
[0.194s] -- Detecting C compile features
[0.194s] -- Detecting C compile features - done
[0.196s] -- Detecting CXX compiler ABI info
[0.244s] -- Detecting CXX compiler ABI info - done
[0.250s] -- Check for working CXX compiler: /usr/bin/c++ - skipped
[0.250s] -- Detecting CXX compile features
[0.250s] -- Detecting CXX compile features - done
[0.252s] -- Found ament_cmake: 1.3.5 (/opt/ros/humble/share/ament_cmake/cmake)
[0.492s] -- Found Python3: /usr/bin/python3.10 (found version "3.10.12") found components: Interpreter 
[0.558s] -- Found ament_index_cpp: 1.4.0 (/opt/ros/humble/share/ament_index_cpp/cmake)
[0.560s] -- Found controller_manager: 2.31.0 (/opt/ros/humble/share/controller_manager/cmake)
[0.596s] -- Found rosidl_generator_c: 3.1.5 (/opt/ros/humble/share/rosidl_generator_c/cmake)
[0.600s] -- Found rosidl_adapter: 3.1.5 (/opt/ros/humble/share/rosidl_adapter/cmake)
[0.607s] -- Found rosidl_generator_cpp: 3.1.5 (/opt/ros/humble/share/rosidl_generator_cpp/cmake)
[0.618s] -- Using all available rosidl_typesupport_c: rosidl_typesupport_fastrtps_c;rosidl_typesupport_introspection_c
[0.630s] -- Using all available rosidl_typesupport_cpp: rosidl_typesupport_fastrtps_cpp;rosidl_typesupport_introspection_cpp
[1.068s] -- Found rmw_implementation_cmake: 6.1.1 (/opt/ros/humble/share/rmw_implementation_cmake/cmake)
[1.070s] -- Found rmw_fastrtps_cpp: 6.2.4 (/opt/ros/humble/share/rmw_fastrtps_cpp/cmake)
[1.143s] -- Found OpenSSL: /usr/lib/x86_64-linux-gnu/libcrypto.so (found version "3.0.2")  
[1.165s] -- Found FastRTPS: /opt/ros/humble/include  
[1.204s] -- Using RMW implementation 'rmw_fastrtps_cpp' as default
[1.212s] -- Looking for pthread.h
[1.254s] -- Looking for pthread.h - found
[1.254s] -- Performing Test CMAKE_HAVE_LIBC_PTHREAD
[1.300s] -- Performing Test CMAKE_HAVE_LIBC_PTHREAD - Success
[1.300s] -- Found Threads: TRUE  
[1.667s] -- Found yaml_cpp_vendor: 8.0.2 (/opt/ros/humble/share/yaml_cpp_vendor/cmake)
[1.672s] -- Looking for ignition-gazebo6 -- found version 6.15.0
[1.676s] -- Searching for dependencies of ignition-gazebo6
[1.678s] -- Looking for sdformat12 -- found version 12.7.2
[1.678s] -- Searching for dependencies of sdformat12
[1.681s] -- Checking for module 'tinyxml2'
[1.690s] --   Found tinyxml2, version 9.0.0
[1.710s] -- Looking for ignition-math6 -- found version 6.15.0
[1.710s] -- Searching for dependencies of ignition-math6
[1.712s] -- Looking for ignition-utils1 -- found version 1.5.1
[1.712s] -- Searching for dependencies of ignition-utils1
[1.715s] -- Looking for ignition-plugin1 -- found version 1.4.0
[1.715s] -- Searching for dependencies of ignition-plugin1
[1.716s] -- Searching for <ignition-plugin1> component [loader]
[1.718s] -- Looking for ignition-plugin1-loader -- found version 1.4.0
[1.718s] -- Searching for dependencies of ignition-plugin1-loader
[1.718s] -- Searching for <ignition-plugin1> component [register]
[1.720s] -- Looking for ignition-plugin1-register -- found version 1.4.0
[1.720s] -- Searching for dependencies of ignition-plugin1-register
[1.723s] -- Looking for ignition-transport11 -- found version 11.4.1
[1.723s] -- Searching for dependencies of ignition-transport11
[1.742s] -- Found Protobuf: /usr/lib/x86_64-linux-gnu/libprotobuf.so (found version "3.12.4") 
[1.753s] -- Config-file not installed for ZeroMQ -- checking for pkg-config
[1.756s] -- Checking for module 'libzmq >= 4'
[1.765s] --   Found libzmq , version 4.3.4
[1.787s] -- Found ZeroMQ: TRUE (Required is at least version "4") 
[1.791s] -- Checking for module 'uuid'
[1.800s] --   Found uuid, version 2.37.2
[1.819s] -- Found UUID: TRUE  
[1.820s] -- Looking for ignition-utils1 -- found version 1.5.1
[1.820s] -- Searching for dependencies of ignition-utils1
[1.820s] -- Searching for <ignition-utils1> component [cli]
[1.822s] -- Looking for ignition-utils1-cli -- found version 1.5.1
[1.822s] -- Searching for dependencies of ignition-utils1-cli
[1.826s] -- Looking for ignition-msgs8 -- found version 8.7.0
[1.826s] -- Searching for dependencies of ignition-msgs8
[1.841s] -- Found Protobuf: /usr/lib/x86_64-linux-gnu/libprotobuf.so (found suitable version "3.12.4", minimum required is "3") 
[1.841s] -- Looking for ignition-math6 -- found version 6.15.0
[1.846s] -- Searching for <ignition-transport11> component [log]
[1.849s] -- Looking for ignition-transport11-log -- found version 11.4.1
[1.849s] -- Searching for dependencies of ignition-transport11-log
[1.849s] -- Searching for <ignition-transport11> component [parameters]
[1.852s] -- Looking for ignition-transport11-parameters -- found version 11.4.1
[1.852s] -- Searching for dependencies of ignition-transport11-parameters
[1.852s] -- Looking for ignition-msgs8 -- found version 8.7.0
[1.854s] -- Looking for ignition-common4 -- found version 4.7.0
[1.855s] -- Searching for dependencies of ignition-common4
[1.855s] -- Looking for dlfcn.h - found
[1.856s] -- Looking for libdl - found
[1.857s] -- Found DL: TRUE  
[1.863s] -- Searching for <ignition-common4> component [profiler]
[1.865s] -- Looking for ignition-common4-profiler -- found version 4.7.0
[1.865s] -- Searching for dependencies of ignition-common4-profiler
[1.866s] -- Searching for <ignition-common4> component [events]
[1.868s] -- Looking for ignition-common4-events -- found version 4.7.0
[1.869s] -- Searching for dependencies of ignition-common4-events
[1.869s] -- Looking for ignition-math6 -- found version 6.15.0
[1.869s] -- Searching for <ignition-common4> component [av]
[1.872s] -- Looking for ignition-common4-av -- found version 4.7.0
[1.872s] -- Searching for dependencies of ignition-common4-av
[1.877s] -- Checking for module 'libswscale'
[1.888s] --   Found libswscale, version 5.9.100
[1.909s] -- Found SWSCALE: TRUE  
[1.914s] -- Checking for module 'libavdevice >= 56.4.100'
[1.924s] --   Found libavdevice , version 58.13.100
[1.948s] -- Found AVDEVICE: TRUE (Required is at least version "56.4.100") 
[1.951s] -- Checking for module 'libavformat'
[1.960s] --   Found libavformat, version 58.76.100
[1.983s] -- Found AVFORMAT: TRUE  
[1.987s] -- Checking for module 'libavcodec'
[1.996s] --   Found libavcodec, version 58.134.100
[2.019s] -- Found AVCODEC: TRUE  
[2.023s] -- Checking for module 'libavutil'
[2.032s] --   Found libavutil, version 56.70.100
[2.054s] -- Found AVUTIL: TRUE  
[2.057s] -- Looking for ignition-fuel_tools7 -- found version 7.3.0
[2.057s] -- Searching for dependencies of ignition-fuel_tools7
[2.119s] -- Found CURL: /usr/lib/x86_64-linux-gnu/libcurl.so (found version "7.81.0")  
[2.127s] -- Checking for module 'jsoncpp'
[2.136s] --   Found jsoncpp, version 1.9.5
[2.156s] -- Found JSONCPP: TRUE  
[2.160s] -- Checking for module 'libzip'
[2.168s] --   Found libzip, version 1.7.3
[2.188s] -- Found ZIP: TRUE  
[2.188s] -- Looking for ignition-common4 -- found version 4.7.0
[2.188s] -- Looking for ignition-math6 -- found version 6.15.0
[2.188s] -- Looking for ignition-msgs8 -- found version 8.7.0
[2.191s] -- Looking for ignition-gui6 -- found version 6.8.0
[2.192s] -- Searching for dependencies of ignition-gui6
[2.214s] -- Looking for ignition-math6 -- found version 6.15.0
[2.214s] -- Looking for ignition-common4 -- found version 4.7.0
[2.214s] -- Looking for ignition-plugin1 -- found version 1.4.0
[2.214s] -- Looking for ignition-transport11 -- found version 11.4.1
[2.217s] -- Looking for ignition-rendering6 -- found version 6.6.1
[2.217s] -- Searching for dependencies of ignition-rendering6
[2.217s] -- Looking for ignition-math6 -- found version 6.15.0
[2.217s] -- Searching for dependencies of ignition-math6
[2.218s] -- Searching for <ignition-math6> component [eigen3]
[2.220s] -- Looking for ignition-math6-eigen3 -- found version 6.15.0
[2.220s] -- Searching for dependencies of ignition-math6-eigen3
[2.228s] -- Looking for ignition-common4 -- found version 4.7.0
[2.228s] -- Searching for dependencies of ignition-common4
[2.228s] -- Looking for dlfcn.h - found
[2.228s] -- Looking for libdl - found
[2.235s] -- Searching for <ignition-common4> component [graphics]
[2.237s] -- Looking for ignition-common4-graphics -- found version 4.7.0
[2.237s] -- Searching for dependencies of ignition-common4-graphics
[2.237s] -- Looking for ignition-math6 -- found version 6.15.0
[2.237s] -- Looking for ignition-utils1 -- found version 1.5.1
[2.238s] -- Searching for <ignition-common4> component [events]
[2.238s] -- Looking for ignition-plugin1 -- found version 1.4.0
[2.238s] -- Searching for dependencies of ignition-plugin1
[2.239s] -- Searching for <ignition-plugin1> component [all]
[2.241s] -- Looking for all libraries of ignition-plugin1 -- found version 1.4.0
[2.241s] -- Looking for ignition-plugin1 -- found version 1.4.0
[2.243s] -- Looking for ignition-msgs8 -- found version 8.7.0
[2.259s] -- Looking for ignition-physics5 -- found version 5.3.2
[2.259s] -- Searching for dependencies of ignition-physics5
[2.259s] -- Looking for ignition-math6 -- found version 6.15.0
[2.260s] -- Looking for ignition-plugin1 -- found version 1.4.0
[2.260s] -- Looking for ignition-utils1 -- found version 1.5.1
[2.261s] -- Searching for <ignition-physics5> component [heightmap]
[2.263s] -- Looking for ignition-physics5-heightmap -- found version 5.3.2
[2.263s] -- Searching for dependencies of ignition-physics5-heightmap
[2.264s] -- Looking for ignition-common4 -- found version 4.7.0
[2.264s] -- Searching for <ignition-physics5> component [mesh]
[2.266s] -- Looking for ignition-physics5-mesh -- found version 5.3.2
[2.266s] -- Searching for dependencies of ignition-physics5-mesh
[2.266s] -- Looking for ignition-common4 -- found version 4.7.0
[2.267s] -- Searching for <ignition-physics5> component [sdf]
[2.269s] -- Looking for ignition-physics5-sdf -- found version 5.3.2
[2.269s] -- Searching for dependencies of ignition-physics5-sdf
[2.269s] -- Looking for sdformat12 -- found version 12.7.2
[2.272s] -- Looking for ignition-sensors6 -- found version 6.7.1
[2.272s] -- Searching for dependencies of ignition-sensors6
[2.289s] -- Found Protobuf: /usr/lib/x86_64-linux-gnu/libprotobuf.so (found version "3.12.4") 
[2.290s] -- Looking for ignition-math6 -- found version 6.15.0
[2.290s] -- Looking for ignition-common4 -- found version 4.7.0
[2.290s] -- Looking for ignition-transport11 -- found version 11.4.1
[2.290s] -- Looking for ignition-rendering6 -- found version 6.6.1
[2.291s] -- Looking for ignition-msgs8 -- found version 8.7.0
[2.291s] -- Looking for sdformat12 -- found version 12.7.2
[2.291s] -- Searching for <ignition-sensors6> component [air_pressure]
[2.294s] -- Looking for ignition-sensors6-air_pressure -- found version 6.7.1
[2.294s] -- Searching for dependencies of ignition-sensors6-air_pressure
[2.294s] -- Searching for <ignition-sensors6> component [altimeter]
[2.296s] -- Looking for ignition-sensors6-altimeter -- found version 6.7.1
[2.297s] -- Searching for dependencies of ignition-sensors6-altimeter
[2.297s] -- Searching for <ignition-sensors6> component [imu]
[2.300s] -- Looking for ignition-sensors6-imu -- found version 6.7.1
[2.300s] -- Searching for dependencies of ignition-sensors6-imu
[2.300s] -- Searching for <ignition-sensors6> component [force_torque]
[2.302s] -- Looking for ignition-sensors6-force_torque -- found version 6.7.1
[2.302s] -- Searching for dependencies of ignition-sensors6-force_torque
[2.303s] -- Searching for <ignition-sensors6> component [logical_camera]
[2.305s] -- Looking for ignition-sensors6-logical_camera -- found version 6.7.1
[2.305s] -- Searching for dependencies of ignition-sensors6-logical_camera
[2.305s] -- Searching for <ignition-sensors6> component [magnetometer]
[2.307s] -- Looking for ignition-sensors6-magnetometer -- found version 6.7.1
[2.308s] -- Searching for dependencies of ignition-sensors6-magnetometer
[2.308s] -- Searching for <ignition-sensors6> component [navsat]
[2.310s] -- Looking for ignition-sensors6-navsat -- found version 6.7.1
[2.310s] -- Searching for dependencies of ignition-sensors6-navsat
[2.310s] -- Searching for <ignition-sensors6> component [rendering]
[2.313s] -- Looking for ignition-sensors6-rendering -- found version 6.7.1
[2.313s] -- Searching for dependencies of ignition-sensors6-rendering
[2.313s] -- Searching for <ignition-sensors6> component [lidar]
[2.315s] -- Looking for ignition-sensors6-lidar -- found version 6.7.1
[2.315s] -- Searching for dependencies of ignition-sensors6-lidar
[2.316s] -- Looking for ignition-sensors6 -- found version 6.7.1
[2.316s] -- Searching for <ignition-sensors6> component [gpu_lidar]
[2.318s] -- Looking for ignition-sensors6-gpu_lidar -- found version 6.7.1
[2.318s] -- Searching for dependencies of ignition-sensors6-gpu_lidar
[2.319s] -- Looking for ignition-sensors6 -- found version 6.7.1
[2.319s] -- Searching for <ignition-sensors6> component [camera]
[2.321s] -- Looking for ignition-sensors6-camera -- found version 6.7.1
[2.321s] -- Searching for dependencies of ignition-sensors6-camera
[2.321s] -- Looking for ignition-sensors6 -- found version 6.7.1
[2.322s] -- Searching for <ignition-sensors6> component [boundingbox_camera]
[2.324s] -- Looking for ignition-sensors6-boundingbox_camera -- found version 6.7.1
[2.324s] -- Searching for dependencies of ignition-sensors6-boundingbox_camera
[2.324s] -- Searching for <ignition-sensors6> component [segmentation_camera]
[2.326s] -- Looking for ignition-sensors6-segmentation_camera -- found version 6.7.1
[2.327s] -- Searching for dependencies of ignition-sensors6-segmentation_camera
[2.327s] -- Searching for <ignition-sensors6> component [depth_camera]
[2.329s] -- Looking for ignition-sensors6-depth_camera -- found version 6.7.1
[2.329s] -- Searching for dependencies of ignition-sensors6-depth_camera
[2.330s] -- Looking for ignition-sensors6 -- found version 6.7.1
[2.330s] -- Searching for <ignition-sensors6> component [rgbd_camera]
[2.333s] -- Looking for ignition-sensors6-rgbd_camera -- found version 6.7.1
[2.333s] -- Searching for dependencies of ignition-sensors6-rgbd_camera
[2.333s] -- Looking for ignition-sensors6 -- found version 6.7.1
[2.334s] -- Searching for <ignition-sensors6> component [thermal_camera]
[2.336s] -- Looking for ignition-sensors6-thermal_camera -- found version 6.7.1
[2.336s] -- Searching for dependencies of ignition-sensors6-thermal_camera
[2.336s] -- Looking for ignition-sensors6 -- found version 6.7.1
[2.337s] -- Looking for ignition-rendering6 -- found version 6.6.1
[2.337s] -- Looking for ignition-math6 -- found version 6.15.0
[2.339s] -- Looking for ignition-utils1 -- found version 1.5.1
[2.356s] -- Compiling against Ignition Fortress
[2.356s] -- Looking for ignition-plugin1 -- found version 1.4.0
[2.641s] -- Found ament_lint_auto: 0.12.8 (/opt/ros/humble/share/ament_lint_auto/cmake)
[2.705s] -- Added test 'copyright' to check source files copyright and LICENSE
[2.706s] -- Added test 'cppcheck' to perform static code analysis on C / C++ code
[2.706s] -- Configured cppcheck include dirs: /home/nuctella/ros2_ws/ws/src/gazebosim/gz_ros2_control/ign_ros2_control/include
[2.706s] -- Configured cppcheck exclude dirs and/or files: 
[2.707s] -- Added test 'cpplint' to check C / C++ code against the Google style
[2.707s] -- Configured cpplint exclude dirs and/or files: 
[2.708s] -- Added test 'lint_cmake' to check CMake code style
[2.708s] -- Added test 'uncrustify' to check C / C++ code style
[2.708s] -- Configured uncrustify additional arguments: 
[2.709s] -- Added test 'xmllint' to check XML markup files
[2.710s] -- Configuring done
[2.741s] -- Generating done
[2.742s] -- Build files have been written to: /home/nuctella/ros2_ws/ws/build/ign_ros2_control
[2.753s] Invoked command in '/home/nuctella/ros2_ws/ws/build/ign_ros2_control' returned '0': CMAKE_PREFIX_PATH=${CMAKE_PREFIX_PATH}:/home/nuctella/my_ros2_ws/install/rosbot_object_recognition:/opt/ros/humble /usr/bin/cmake /home/nuctella/ros2_ws/ws/src/gazebosim/gz_ros2_control/ign_ros2_control -DCMAKE_INSTALL_PREFIX=/home/nuctella/ros2_ws/ws/install/ign_ros2_control
[2.753s] Invoking command in '/home/nuctella/ros2_ws/ws/build/ign_ros2_control': CMAKE_PREFIX_PATH=${CMAKE_PREFIX_PATH}:/home/nuctella/my_ros2_ws/install/rosbot_object_recognition:/opt/ros/humble /usr/bin/cmake --build /home/nuctella/ros2_ws/ws/build/ign_ros2_control -- -j20 -l20
[2.787s] [ 25%] [32mBuilding CXX object CMakeFiles/ign_hardware_plugins.dir/src/ign_system.cpp.o[0m
[2.788s] [ 50%] [32mBuilding CXX object CMakeFiles/ign_ros2_control-system.dir/src/ign_ros2_control_plugin.cpp.o[0m
[9.839s] [ 75%] [32m[1mLinking CXX shared library libign_hardware_plugins.so[0m
[10.104s] [100%] [32m[1mLinking CXX shared library libign_ros2_control-system.so[0m
[10.181s] [100%] Built target ign_hardware_plugins
[10.477s] [100%] Built target ign_ros2_control-system
[10.487s] Invoked command in '/home/nuctella/ros2_ws/ws/build/ign_ros2_control' returned '0': CMAKE_PREFIX_PATH=${CMAKE_PREFIX_PATH}:/home/nuctella/my_ros2_ws/install/rosbot_object_recognition:/opt/ros/humble /usr/bin/cmake --build /home/nuctella/ros2_ws/ws/build/ign_ros2_control -- -j20 -l20
[10.505s] Invoking command in '/home/nuctella/ros2_ws/ws/build/ign_ros2_control': CMAKE_PREFIX_PATH=${CMAKE_PREFIX_PATH}:/home/nuctella/my_ros2_ws/install/rosbot_object_recognition:/opt/ros/humble /usr/bin/cmake --install /home/nuctella/ros2_ws/ws/build/ign_ros2_control
[10.510s] -- Install configuration: ""
[10.510s] -- Installing: /home/nuctella/ros2_ws/ws/install/ign_ros2_control/lib/libign_hardware_plugins.so
[10.512s] -- Set runtime path of "/home/nuctella/ros2_ws/ws/install/ign_ros2_control/lib/libign_hardware_plugins.so" to ""
[10.512s] -- Installing: /home/nuctella/ros2_ws/ws/install/ign_ros2_control/share/ign_ros2_control/environment/library_path.sh
[10.512s] -- Installing: /home/nuctella/ros2_ws/ws/install/ign_ros2_control/share/ign_ros2_control/environment/library_path.dsv
[10.513s] -- Installing: /home/nuctella/ros2_ws/ws/install/ign_ros2_control/lib/libign_ros2_control-system.so
[10.515s] -- Set runtime path of "/home/nuctella/ros2_ws/ws/install/ign_ros2_control/lib/libign_ros2_control-system.so" to ""
[10.515s] -- Installing: /home/nuctella/ros2_ws/ws/install/ign_ros2_control/share/ign_ros2_control/ign_hardware_plugins.xml
[10.515s] -- Installing: /home/nuctella/ros2_ws/ws/install/ign_ros2_control/share/ament_index/resource_index/package_run_dependencies/ign_ros2_control
[10.515s] -- Installing: /home/nuctella/ros2_ws/ws/install/ign_ros2_control/share/ament_index/resource_index/parent_prefix_path/ign_ros2_control
[10.515s] -- Installing: /home/nuctella/ros2_ws/ws/install/ign_ros2_control/share/ign_ros2_control/environment/ament_prefix_path.sh
[10.515s] -- Installing: /home/nuctella/ros2_ws/ws/install/ign_ros2_control/share/ign_ros2_control/environment/ament_prefix_path.dsv
[10.515s] -- Installing: /home/nuctella/ros2_ws/ws/install/ign_ros2_control/share/ign_ros2_control/environment/path.sh
[10.515s] -- Installing: /home/nuctella/ros2_ws/ws/install/ign_ros2_control/share/ign_ros2_control/environment/path.dsv
[10.515s] -- Installing: /home/nuctella/ros2_ws/ws/install/ign_ros2_control/share/ign_ros2_control/local_setup.bash
[10.515s] -- Installing: /home/nuctella/ros2_ws/ws/install/ign_ros2_control/share/ign_ros2_control/local_setup.sh
[10.515s] -- Installing: /home/nuctella/ros2_ws/ws/install/ign_ros2_control/share/ign_ros2_control/local_setup.zsh
[10.515s] -- Installing: /home/nuctella/ros2_ws/ws/install/ign_ros2_control/share/ign_ros2_control/local_setup.dsv
[10.515s] -- Installing: /home/nuctella/ros2_ws/ws/install/ign_ros2_control/share/ign_ros2_control/package.dsv
[10.515s] -- Installing: /home/nuctella/ros2_ws/ws/install/ign_ros2_control/share/ament_index/resource_index/packages/ign_ros2_control
[10.516s] -- Installing: /home/nuctella/ros2_ws/ws/install/ign_ros2_control/share/ament_index/resource_index/ign_ros2_control__pluginlib__plugin/ign_ros2_control
[10.516s] -- Installing: /home/nuctella/ros2_ws/ws/install/ign_ros2_control/share/ign_ros2_control/cmake/ament_cmake_export_include_directories-extras.cmake
[10.516s] -- Installing: /home/nuctella/ros2_ws/ws/install/ign_ros2_control/share/ign_ros2_control/cmake/ament_cmake_export_libraries-extras.cmake
[10.516s] -- Installing: /home/nuctella/ros2_ws/ws/install/ign_ros2_control/share/ign_ros2_control/cmake/ign_ros2_controlConfig.cmake
[10.516s] -- Installing: /home/nuctella/ros2_ws/ws/install/ign_ros2_control/share/ign_ros2_control/cmake/ign_ros2_controlConfig-version.cmake
[10.516s] -- Installing: /home/nuctella/ros2_ws/ws/install/ign_ros2_control/share/ign_ros2_control/package.xml
[10.517s] Invoked command in '/home/nuctella/ros2_ws/ws/build/ign_ros2_control' returned '0': CMAKE_PREFIX_PATH=${CMAKE_PREFIX_PATH}:/home/nuctella/my_ros2_ws/install/rosbot_object_recognition:/opt/ros/humble /usr/bin/cmake --install /home/nuctella/ros2_ws/ws/build/ign_ros2_control
