[0.118s] Invoking command in '/home/nuctella/ros2_ws/ws/build/ign_ros2_control': CMAKE_PREFIX_PATH=${CMAKE_PREFIX_PATH}:/home/nuctella/my_ros2_ws/install/rosbot_object_recognition:/opt/ros/humble /usr/bin/cmake /home/nuctella/ros2_ws/ws/src/gazebosim/gz_ros2_control/ign_ros2_control -DCMAKE_INSTALL_PREFIX=/home/nuctella/ros2_ws/ws/install/ign_ros2_control
[0.178s] -- The C compiler identification is GNU 11.4.0
[0.215s] -- The CXX compiler identification is GNU 11.4.0
[0.220s] -- Detecting C compiler ABI info
[0.265s] -- Detecting C compiler ABI info - done
[0.269s] -- Check for working C compiler: /usr/bin/cc - skipped
[0.269s] -- Detecting C compile features
[0.269s] -- Detecting C compile features - done
[0.272s] -- Detecting CXX compiler ABI info
[0.321s] -- Detecting CXX compiler ABI info - done
[0.326s] -- Check for working CXX compiler: /usr/bin/c++ - skipped
[0.326s] -- Detecting CXX compile features
[0.327s] -- Detecting CXX compile features - done
[0.329s] -- Found ament_cmake: 1.3.5 (/opt/ros/humble/share/ament_cmake/cmake)
[0.585s] -- Found Python3: /usr/bin/python3.10 (found version "3.10.12") found components: Interpreter 
[0.652s] -- Found ament_index_cpp: 1.4.0 (/opt/ros/humble/share/ament_index_cpp/cmake)
[0.654s] -- Found controller_manager: 2.31.0 (/opt/ros/humble/share/controller_manager/cmake)
[0.693s] -- Found rosidl_generator_c: 3.1.5 (/opt/ros/humble/share/rosidl_generator_c/cmake)
[0.699s] -- Found rosidl_adapter: 3.1.5 (/opt/ros/humble/share/rosidl_adapter/cmake)
[0.707s] -- Found rosidl_generator_cpp: 3.1.5 (/opt/ros/humble/share/rosidl_generator_cpp/cmake)
[0.720s] -- Using all available rosidl_typesupport_c: rosidl_typesupport_fastrtps_c;rosidl_typesupport_introspection_c
[0.737s] -- Using all available rosidl_typesupport_cpp: rosidl_typesupport_fastrtps_cpp;rosidl_typesupport_introspection_cpp
[1.202s] -- Found rmw_implementation_cmake: 6.1.1 (/opt/ros/humble/share/rmw_implementation_cmake/cmake)
[1.204s] -- Found rmw_fastrtps_cpp: 6.2.4 (/opt/ros/humble/share/rmw_fastrtps_cpp/cmake)
[1.280s] -- Found OpenSSL: /usr/lib/x86_64-linux-gnu/libcrypto.so (found version "3.0.2")  
[1.307s] -- Found FastRTPS: /opt/ros/humble/include  
[1.346s] -- Using RMW implementation 'rmw_fastrtps_cpp' as default
[1.355s] -- Looking for pthread.h
[1.399s] -- Looking for pthread.h - found
[1.399s] -- Performing Test CMAKE_HAVE_LIBC_PTHREAD
[1.445s] -- Performing Test CMAKE_HAVE_LIBC_PTHREAD - Success
[1.446s] -- Found Threads: TRUE  
[1.824s] -- Found yaml_cpp_vendor: 8.0.2 (/opt/ros/humble/share/yaml_cpp_vendor/cmake)
[1.828s] -- Looking for ignition-gazebo6 -- found version 6.15.0
[1.833s] -- Searching for dependencies of ignition-gazebo6
[1.835s] -- Looking for sdformat12 -- found version 12.7.2
[1.835s] -- Searching for dependencies of sdformat12
[1.838s] -- Checking for module 'tinyxml2'
[1.847s] --   Found tinyxml2, version 9.0.0
[1.867s] -- Looking for ignition-math6 -- found version 6.15.0
[1.867s] -- Searching for dependencies of ignition-math6
[1.869s] -- Looking for ignition-utils1 -- found version 1.5.1
[1.869s] -- Searching for dependencies of ignition-utils1
[1.872s] -- Looking for ignition-plugin1 -- found version 1.4.0
[1.872s] -- Searching for dependencies of ignition-plugin1
[1.872s] -- Searching for <ignition-plugin1> component [loader]
[1.874s] -- Looking for ignition-plugin1-loader -- found version 1.4.0
[1.875s] -- Searching for dependencies of ignition-plugin1-loader
[1.875s] -- Searching for <ignition-plugin1> component [register]
[1.877s] -- Looking for ignition-plugin1-register -- found version 1.4.0
[1.877s] -- Searching for dependencies of ignition-plugin1-register
[1.879s] -- Looking for ignition-transport11 -- found version 11.4.1
[1.879s] -- Searching for dependencies of ignition-transport11
[1.897s] -- Found Protobuf: /usr/lib/x86_64-linux-gnu/libprotobuf.so (found version "3.12.4") 
[1.907s] -- Config-file not installed for ZeroMQ -- checking for pkg-config
[1.910s] -- Checking for module 'libzmq >= 4'
[1.918s] --   Found libzmq , version 4.3.4
[1.938s] -- Found ZeroMQ: TRUE (Required is at least version "4") 
[1.941s] -- Checking for module 'uuid'
[1.949s] --   Found uuid, version 2.37.2
[1.970s] -- Found UUID: TRUE  
[1.970s] -- Looking for ignition-utils1 -- found version 1.5.1
[1.970s] -- Searching for dependencies of ignition-utils1
[1.970s] -- Searching for <ignition-utils1> component [cli]
[1.973s] -- Looking for ignition-utils1-cli -- found version 1.5.1
[1.973s] -- Searching for dependencies of ignition-utils1-cli
[1.975s] -- Looking for ignition-msgs8 -- found version 8.7.0
[1.975s] -- Searching for dependencies of ignition-msgs8
[1.989s] -- Found Protobuf: /usr/lib/x86_64-linux-gnu/libprotobuf.so (found suitable version "3.12.4", minimum required is "3") 
[1.990s] -- Looking for ignition-math6 -- found version 6.15.0
[1.995s] -- Searching for <ignition-transport11> component [log]
[1.997s] -- Looking for ignition-transport11-log -- found version 11.4.1
[1.997s] -- Searching for dependencies of ignition-transport11-log
[1.997s] -- Searching for <ignition-transport11> component [parameters]
[1.999s] -- Looking for ignition-transport11-parameters -- found version 11.4.1
[2.000s] -- Searching for dependencies of ignition-transport11-parameters
[2.000s] -- Looking for ignition-msgs8 -- found version 8.7.0
[2.002s] -- Looking for ignition-common4 -- found version 4.7.0
[2.002s] -- Searching for dependencies of ignition-common4
[2.002s] -- Looking for dlfcn.h - found
[2.003s] -- Looking for libdl - found
[2.004s] -- Found DL: TRUE  
[2.009s] -- Searching for <ignition-common4> component [profiler]
[2.011s] -- Looking for ignition-common4-profiler -- found version 4.7.0
[2.011s] -- Searching for dependencies of ignition-common4-profiler
[2.011s] -- Searching for <ignition-common4> component [events]
[2.013s] -- Looking for ignition-common4-events -- found version 4.7.0
[2.013s] -- Searching for dependencies of ignition-common4-events
[2.013s] -- Looking for ignition-math6 -- found version 6.15.0
[2.014s] -- Searching for <ignition-common4> component [av]
[2.016s] -- Looking for ignition-common4-av -- found version 4.7.0
[2.016s] -- Searching for dependencies of ignition-common4-av
[2.019s] -- Checking for module 'libswscale'
[2.026s] --   Found libswscale, version 5.9.100
[2.044s] -- Found SWSCALE: TRUE  
[2.047s] -- Checking for module 'libavdevice >= 56.4.100'
[2.054s] --   Found libavdevice , version 58.13.100
[2.077s] -- Found AVDEVICE: TRUE (Required is at least version "56.4.100") 
[2.081s] -- Checking for module 'libavformat'
[2.088s] --   Found libavformat, version 58.76.100
[2.106s] -- Found AVFORMAT: TRUE  
[2.109s] -- Checking for module 'libavcodec'
[2.118s] --   Found libavcodec, version 58.134.100
[2.138s] -- Found AVCODEC: TRUE  
[2.140s] -- Checking for module 'libavutil'
[2.148s] --   Found libavutil, version 56.70.100
[2.166s] -- Found AVUTIL: TRUE  
[2.168s] -- Looking for ignition-fuel_tools7 -- found version 7.3.0
[2.168s] -- Searching for dependencies of ignition-fuel_tools7
[2.214s] -- Found CURL: /usr/lib/x86_64-linux-gnu/libcurl.so (found version "7.81.0")  
[2.220s] -- Checking for module 'jsoncpp'
[2.227s] --   Found jsoncpp, version 1.9.5
[2.252s] -- Found JSONCPP: TRUE  
[2.256s] -- Checking for module 'libzip'
[2.269s] --   Found libzip, version 1.7.3
[2.306s] -- Found ZIP: TRUE  
[2.306s] -- Looking for ignition-common4 -- found version 4.7.0
[2.307s] -- Looking for ignition-math6 -- found version 6.15.0
[2.307s] -- Looking for ignition-msgs8 -- found version 8.7.0
[2.311s] -- Looking for ignition-gui6 -- found version 6.8.0
[2.311s] -- Searching for dependencies of ignition-gui6
[2.330s] -- Looking for ignition-math6 -- found version 6.15.0
[2.330s] -- Looking for ignition-common4 -- found version 4.7.0
[2.330s] -- Looking for ignition-plugin1 -- found version 1.4.0
[2.330s] -- Looking for ignition-transport11 -- found version 11.4.1
[2.332s] -- Looking for ignition-rendering6 -- found version 6.6.1
[2.332s] -- Searching for dependencies of ignition-rendering6
[2.333s] -- Looking for ignition-math6 -- found version 6.15.0
[2.333s] -- Searching for dependencies of ignition-math6
[2.333s] -- Searching for <ignition-math6> component [eigen3]
[2.335s] -- Looking for ignition-math6-eigen3 -- found version 6.15.0
[2.335s] -- Searching for dependencies of ignition-math6-eigen3
[2.341s] -- Looking for ignition-common4 -- found version 4.7.0
[2.341s] -- Searching for dependencies of ignition-common4
[2.341s] -- Looking for dlfcn.h - found
[2.341s] -- Looking for libdl - found
[2.347s] -- Searching for <ignition-common4> component [graphics]
[2.349s] -- Looking for ignition-common4-graphics -- found version 4.7.0
[2.349s] -- Searching for dependencies of ignition-common4-graphics
[2.349s] -- Looking for ignition-math6 -- found version 6.15.0
[2.349s] -- Looking for ignition-utils1 -- found version 1.5.1
[2.350s] -- Searching for <ignition-common4> component [events]
[2.350s] -- Looking for ignition-plugin1 -- found version 1.4.0
[2.350s] -- Searching for dependencies of ignition-plugin1
[2.350s] -- Searching for <ignition-plugin1> component [all]
[2.352s] -- Looking for all libraries of ignition-plugin1 -- found version 1.4.0
[2.352s] -- Looking for ignition-plugin1 -- found version 1.4.0
[2.354s] -- Looking for ignition-msgs8 -- found version 8.7.0
[2.367s] -- Looking for ignition-physics5 -- found version 5.3.2
[2.367s] -- Searching for dependencies of ignition-physics5
[2.367s] -- Looking for ignition-math6 -- found version 6.15.0
[2.368s] -- Looking for ignition-plugin1 -- found version 1.4.0
[2.368s] -- Looking for ignition-utils1 -- found version 1.5.1
[2.368s] -- Searching for <ignition-physics5> component [heightmap]
[2.371s] -- Looking for ignition-physics5-heightmap -- found version 5.3.2
[2.371s] -- Searching for dependencies of ignition-physics5-heightmap
[2.371s] -- Looking for ignition-common4 -- found version 4.7.0
[2.371s] -- Searching for <ignition-physics5> component [mesh]
[2.373s] -- Looking for ignition-physics5-mesh -- found version 5.3.2
[2.373s] -- Searching for dependencies of ignition-physics5-mesh
[2.374s] -- Looking for ignition-common4 -- found version 4.7.0
[2.374s] -- Searching for <ignition-physics5> component [sdf]
[2.376s] -- Looking for ignition-physics5-sdf -- found version 5.3.2
[2.376s] -- Searching for dependencies of ignition-physics5-sdf
[2.376s] -- Looking for sdformat12 -- found version 12.7.2
[2.379s] -- Looking for ignition-sensors6 -- found version 6.7.1
[2.379s] -- Searching for dependencies of ignition-sensors6
[2.392s] -- Found Protobuf: /usr/lib/x86_64-linux-gnu/libprotobuf.so (found version "3.12.4") 
[2.393s] -- Looking for ignition-math6 -- found version 6.15.0
[2.393s] -- Looking for ignition-common4 -- found version 4.7.0
[2.393s] -- Looking for ignition-transport11 -- found version 11.4.1
[2.393s] -- Looking for ignition-rendering6 -- found version 6.6.1
[2.394s] -- Looking for ignition-msgs8 -- found version 8.7.0
[2.394s] -- Looking for sdformat12 -- found version 12.7.2
[2.394s] -- Searching for <ignition-sensors6> component [air_pressure]
[2.396s] -- Looking for ignition-sensors6-air_pressure -- found version 6.7.1
[2.396s] -- Searching for dependencies of ignition-sensors6-air_pressure
[2.397s] -- Searching for <ignition-sensors6> component [altimeter]
[2.399s] -- Looking for ignition-sensors6-altimeter -- found version 6.7.1
[2.399s] -- Searching for dependencies of ignition-sensors6-altimeter
[2.399s] -- Searching for <ignition-sensors6> component [imu]
[2.401s] -- Looking for ignition-sensors6-imu -- found version 6.7.1
[2.401s] -- Searching for dependencies of ignition-sensors6-imu
[2.402s] -- Searching for <ignition-sensors6> component [force_torque]
[2.404s] -- Looking for ignition-sensors6-force_torque -- found version 6.7.1
[2.404s] -- Searching for dependencies of ignition-sensors6-force_torque
[2.404s] -- Searching for <ignition-sensors6> component [logical_camera]
[2.406s] -- Looking for ignition-sensors6-logical_camera -- found version 6.7.1
[2.406s] -- Searching for dependencies of ignition-sensors6-logical_camera
[2.407s] -- Searching for <ignition-sensors6> component [magnetometer]
[2.409s] -- Looking for ignition-sensors6-magnetometer -- found version 6.7.1
[2.409s] -- Searching for dependencies of ignition-sensors6-magnetometer
[2.409s] -- Searching for <ignition-sensors6> component [navsat]
[2.411s] -- Looking for ignition-sensors6-navsat -- found version 6.7.1
[2.411s] -- Searching for dependencies of ignition-sensors6-navsat
[2.412s] -- Searching for <ignition-sensors6> component [rendering]
[2.414s] -- Looking for ignition-sensors6-rendering -- found version 6.7.1
[2.414s] -- Searching for dependencies of ignition-sensors6-rendering
[2.414s] -- Searching for <ignition-sensors6> component [lidar]
[2.416s] -- Looking for ignition-sensors6-lidar -- found version 6.7.1
[2.416s] -- Searching for dependencies of ignition-sensors6-lidar
[2.416s] -- Looking for ignition-sensors6 -- found version 6.7.1
[2.417s] -- Searching for <ignition-sensors6> component [gpu_lidar]
[2.419s] -- Looking for ignition-sensors6-gpu_lidar -- found version 6.7.1
[2.419s] -- Searching for dependencies of ignition-sensors6-gpu_lidar
[2.419s] -- Looking for ignition-sensors6 -- found version 6.7.1
[2.420s] -- Searching for <ignition-sensors6> component [camera]
[2.422s] -- Looking for ignition-sensors6-camera -- found version 6.7.1
[2.422s] -- Searching for dependencies of ignition-sensors6-camera
[2.422s] -- Looking for ignition-sensors6 -- found version 6.7.1
[2.423s] -- Searching for <ignition-sensors6> component [boundingbox_camera]
[2.424s] -- Looking for ignition-sensors6-boundingbox_camera -- found version 6.7.1
[2.425s] -- Searching for dependencies of ignition-sensors6-boundingbox_camera
[2.425s] -- Searching for <ignition-sensors6> component [segmentation_camera]
[2.427s] -- Looking for ignition-sensors6-segmentation_camera -- found version 6.7.1
[2.427s] -- Searching for dependencies of ignition-sensors6-segmentation_camera
[2.427s] -- Searching for <ignition-sensors6> component [depth_camera]
[2.429s] -- Looking for ignition-sensors6-depth_camera -- found version 6.7.1
[2.430s] -- Searching for dependencies of ignition-sensors6-depth_camera
[2.430s] -- Looking for ignition-sensors6 -- found version 6.7.1
[2.430s] -- Searching for <ignition-sensors6> component [rgbd_camera]
[2.433s] -- Looking for ignition-sensors6-rgbd_camera -- found version 6.7.1
[2.433s] -- Searching for dependencies of ignition-sensors6-rgbd_camera
[2.433s] -- Looking for ignition-sensors6 -- found version 6.7.1
[2.434s] -- Searching for <ignition-sensors6> component [thermal_camera]
[2.436s] -- Looking for ignition-sensors6-thermal_camera -- found version 6.7.1
[2.436s] -- Searching for dependencies of ignition-sensors6-thermal_camera
[2.436s] -- Looking for ignition-sensors6 -- found version 6.7.1
[2.437s] -- Looking for ignition-rendering6 -- found version 6.6.1
[2.437s] -- Looking for ignition-math6 -- found version 6.15.0
[2.439s] -- Looking for ignition-utils1 -- found version 1.5.1
[2.455s] -- Compiling against Ignition Fortress
[2.455s] -- Looking for ignition-plugin1 -- found version 1.4.0
[2.714s] -- Found ament_lint_auto: 0.12.8 (/opt/ros/humble/share/ament_lint_auto/cmake)
[2.770s] -- Added test 'copyright' to check source files copyright and LICENSE
[2.771s] -- Added test 'cppcheck' to perform static code analysis on C / C++ code
[2.771s] -- Configured cppcheck include dirs: /home/nuctella/ros2_ws/ws/src/gazebosim/gz_ros2_control/ign_ros2_control/include
[2.771s] -- Configured cppcheck exclude dirs and/or files: 
[2.772s] -- Added test 'cpplint' to check C / C++ code against the Google style
[2.772s] -- Configured cpplint exclude dirs and/or files: 
[2.772s] -- Added test 'lint_cmake' to check CMake code style
[2.773s] -- Added test 'uncrustify' to check C / C++ code style
[2.773s] -- Configured uncrustify additional arguments: 
[2.773s] -- Added test 'xmllint' to check XML markup files
[2.775s] -- Configuring done
[2.811s] -- Generating done
[2.812s] -- Build files have been written to: /home/nuctella/ros2_ws/ws/build/ign_ros2_control
