[0.017s] Invoking command in '/home/nuctella/ros2_ws/ws/build/ign_ros2_control': CMAKE_PREFIX_PATH=${CMAKE_PREFIX_PATH}:/home/nuctella/my_ros2_ws/install/start_with_simple_nodes_py:/home/nuctella/my_ros2_ws/install/rosbot_object_recognition:/home/nuctella/my_ros2_ws/install/publisher_and_subscriber_py:/opt/ros/humble /usr/bin/cmake --build /home/nuctella/ros2_ws/ws/build/ign_ros2_control -- -j20 -l20
[0.057s] [ 50%] Built target ign_hardware_plugins
[0.057s] [100%] Built target ign_ros2_control-system
[0.065s] Invoked command in '/home/nuctella/ros2_ws/ws/build/ign_ros2_control' returned '0': CMAKE_PREFIX_PATH=${CMAKE_PREFIX_PATH}:/home/nuctella/my_ros2_ws/install/start_with_simple_nodes_py:/home/nuctella/my_ros2_ws/install/rosbot_object_recognition:/home/nuctella/my_ros2_ws/install/publisher_and_subscriber_py:/opt/ros/humble /usr/bin/cmake --build /home/nuctella/ros2_ws/ws/build/ign_ros2_control -- -j20 -l20
[0.099s] Invoking command in '/home/nuctella/ros2_ws/ws/build/ign_ros2_control': CMAKE_PREFIX_PATH=${CMAKE_PREFIX_PATH}:/home/nuctella/my_ros2_ws/install/start_with_simple_nodes_py:/home/nuctella/my_ros2_ws/install/rosbot_object_recognition:/home/nuctella/my_ros2_ws/install/publisher_and_subscriber_py:/opt/ros/humble /usr/bin/cmake --install /home/nuctella/ros2_ws/ws/build/ign_ros2_control
[0.101s] -- Install configuration: ""
[0.101s] -- Execute custom install script
[0.102s] -- Up-to-date symlink: /home/nuctella/ros2_ws/ws/install/ign_ros2_control/lib/libign_hardware_plugins.so
[0.102s] -- Up-to-date symlink: /home/nuctella/ros2_ws/ws/install/ign_ros2_control/share/ign_ros2_control/environment/library_path.sh
[0.102s] -- Up-to-date symlink: /home/nuctella/ros2_ws/ws/install/ign_ros2_control/share/ign_ros2_control/environment/library_path.dsv
[0.102s] -- Up-to-date symlink: /home/nuctella/ros2_ws/ws/install/ign_ros2_control/lib/libign_ros2_control-system.so
[0.102s] -- Up-to-date symlink: /home/nuctella/ros2_ws/ws/install/ign_ros2_control/share/ign_ros2_control//ign_hardware_plugins.xml
[0.103s] -- Up-to-date symlink: /home/nuctella/ros2_ws/ws/install/ign_ros2_control/share/ament_index/resource_index/package_run_dependencies/ign_ros2_control
[0.103s] -- Up-to-date symlink: /home/nuctella/ros2_ws/ws/install/ign_ros2_control/share/ament_index/resource_index/parent_prefix_path/ign_ros2_control
[0.103s] -- Up-to-date symlink: /home/nuctella/ros2_ws/ws/install/ign_ros2_control/share/ign_ros2_control/environment/ament_prefix_path.sh
[0.103s] -- Up-to-date symlink: /home/nuctella/ros2_ws/ws/install/ign_ros2_control/share/ign_ros2_control/environment/ament_prefix_path.dsv
[0.103s] -- Up-to-date symlink: /home/nuctella/ros2_ws/ws/install/ign_ros2_control/share/ign_ros2_control/environment/path.sh
[0.103s] -- Up-to-date symlink: /home/nuctella/ros2_ws/ws/install/ign_ros2_control/share/ign_ros2_control/environment/path.dsv
[0.103s] -- Up-to-date symlink: /home/nuctella/ros2_ws/ws/install/ign_ros2_control/share/ign_ros2_control/local_setup.bash
[0.103s] -- Up-to-date symlink: /home/nuctella/ros2_ws/ws/install/ign_ros2_control/share/ign_ros2_control/local_setup.sh
[0.103s] -- Up-to-date symlink: /home/nuctella/ros2_ws/ws/install/ign_ros2_control/share/ign_ros2_control/local_setup.zsh
[0.103s] -- Up-to-date symlink: /home/nuctella/ros2_ws/ws/install/ign_ros2_control/share/ign_ros2_control/local_setup.dsv
[0.104s] -- Symlinking: /home/nuctella/ros2_ws/ws/install/ign_ros2_control/share/ign_ros2_control/package.dsv
[0.109s] -- Up-to-date symlink: /home/nuctella/ros2_ws/ws/install/ign_ros2_control/share/ament_index/resource_index/packages/ign_ros2_control
[0.109s] -- Up-to-date symlink: /home/nuctella/ros2_ws/ws/install/ign_ros2_control/share/ament_index/resource_index/ign_ros2_control__pluginlib__plugin/ign_ros2_control
[0.109s] -- Up-to-date symlink: /home/nuctella/ros2_ws/ws/install/ign_ros2_control/share/ign_ros2_control/cmake/ament_cmake_export_include_directories-extras.cmake
[0.109s] -- Up-to-date symlink: /home/nuctella/ros2_ws/ws/install/ign_ros2_control/share/ign_ros2_control/cmake/ament_cmake_export_libraries-extras.cmake
[0.110s] -- Up-to-date symlink: /home/nuctella/ros2_ws/ws/install/ign_ros2_control/share/ign_ros2_control/cmake/ign_ros2_controlConfig.cmake
[0.110s] -- Up-to-date symlink: /home/nuctella/ros2_ws/ws/install/ign_ros2_control/share/ign_ros2_control/cmake/ign_ros2_controlConfig-version.cmake
[0.110s] -- Up-to-date symlink: /home/nuctella/ros2_ws/ws/install/ign_ros2_control/share/ign_ros2_control/package.xml
[0.131s] Invoked command in '/home/nuctella/ros2_ws/ws/build/ign_ros2_control' returned '0': CMAKE_PREFIX_PATH=${CMAKE_PREFIX_PATH}:/home/nuctella/my_ros2_ws/install/start_with_simple_nodes_py:/home/nuctella/my_ros2_ws/install/rosbot_object_recognition:/home/nuctella/my_ros2_ws/install/publisher_and_subscriber_py:/opt/ros/humble /usr/bin/cmake --install /home/nuctella/ros2_ws/ws/build/ign_ros2_control
