-- The C compiler identification is GNU 11.4.0
-- The CXX compiler identification is GNU 11.4.0
-- Detecting C compiler ABI info
-- Detecting C compiler ABI info - done
-- Check for working C compiler: /usr/bin/cc - skipped
-- Detecting C compile features
-- Detecting C compile features - done
-- Detecting CXX compiler ABI info
-- Detecting CXX compiler ABI info - done
-- Check for working CXX compiler: /usr/bin/c++ - skipped
-- Detecting CXX compile features
-- Detecting CXX compile features - done
-- Found ament_cmake: 1.3.5 (/opt/ros/humble/share/ament_cmake/cmake)
-- Found Python3: /usr/bin/python3.10 (found version "3.10.12") found components: Interpreter 
-- Override CMake install command with custom implementation using symlinks instead of copying resources
-- Configuring done
-- Generating done
-- Build files have been written to: /home/nuctella/ros2_ws/ws/build/rosbot_xl_controller
-- Install configuration: ""
-- Execute custom install script
-- Symlinking: /home/nuctella/ros2_ws/ws/install/rosbot_xl_controller/share/rosbot_xl_controller/launch/controller.launch.py
-- Symlinking: /home/nuctella/ros2_ws/ws/install/rosbot_xl_controller/share/rosbot_xl_controller/config/diff_drive_controller.yaml
-- Symlinking: /home/nuctella/ros2_ws/ws/install/rosbot_xl_controller/share/rosbot_xl_controller/config/mecanum_drive_controller.yaml
-- Symlinking: /home/nuctella/ros2_ws/ws/install/rosbot_xl_controller/share/ament_index/resource_index/package_run_dependencies/rosbot_xl_controller
-- Symlinking: /home/nuctella/ros2_ws/ws/install/rosbot_xl_controller/share/ament_index/resource_index/parent_prefix_path/rosbot_xl_controller
-- Symlinking: /home/nuctella/ros2_ws/ws/install/rosbot_xl_controller/share/rosbot_xl_controller/environment/ament_prefix_path.sh
-- Symlinking: /home/nuctella/ros2_ws/ws/install/rosbot_xl_controller/share/rosbot_xl_controller/environment/ament_prefix_path.dsv
-- Symlinking: /home/nuctella/ros2_ws/ws/install/rosbot_xl_controller/share/rosbot_xl_controller/environment/path.sh
-- Symlinking: /home/nuctella/ros2_ws/ws/install/rosbot_xl_controller/share/rosbot_xl_controller/environment/path.dsv
-- Symlinking: /home/nuctella/ros2_ws/ws/install/rosbot_xl_controller/share/rosbot_xl_controller/local_setup.bash
-- Symlinking: /home/nuctella/ros2_ws/ws/install/rosbot_xl_controller/share/rosbot_xl_controller/local_setup.sh
-- Symlinking: /home/nuctella/ros2_ws/ws/install/rosbot_xl_controller/share/rosbot_xl_controller/local_setup.zsh
-- Symlinking: /home/nuctella/ros2_ws/ws/install/rosbot_xl_controller/share/rosbot_xl_controller/local_setup.dsv
-- Symlinking: /home/nuctella/ros2_ws/ws/install/rosbot_xl_controller/share/rosbot_xl_controller/package.dsv
-- Symlinking: /home/nuctella/ros2_ws/ws/install/rosbot_xl_controller/share/ament_index/resource_index/packages/rosbot_xl_controller
-- Symlinking: /home/nuctella/ros2_ws/ws/install/rosbot_xl_controller/share/rosbot_xl_controller/cmake/rosbot_xl_controllerConfig.cmake
-- Symlinking: /home/nuctella/ros2_ws/ws/install/rosbot_xl_controller/share/rosbot_xl_controller/cmake/rosbot_xl_controllerConfig-version.cmake
-- Symlinking: /home/nuctella/ros2_ws/ws/install/rosbot_xl_controller/share/rosbot_xl_controller/package.xml
