[0.010s] Invoking command in '/home/nuctella/ros2_ws/ws/build/rosbot_xl_controller': AMENT_PREFIX_PATH=/home/nuctella/ros2_ws/ws/install/rosbot_xl_description:/home/nuctella/ros2_ws/ws/install/rosbot_hardware_interfaces:/home/nuctella/ros2_ws/ws/install/ros_components_description:/home/nuctella/ros2_ws/ws/install/mecanum_drive_controller:${AMENT_PREFIX_PATH} CMAKE_PREFIX_PATH=/home/nuctella/ros2_ws/ws/install/rosbot_xl_description:/home/nuctella/ros2_ws/ws/install/rosbot_hardware_interfaces:/home/nuctella/ros2_ws/ws/install/ros_components_description:/home/nuctella/ros2_ws/ws/install/mecanum_drive_controller:/home/nuctella/my_ros2_ws/install/core:/home/nuctella/ros2_ws/deps/install/sllidar_ros2:/home/nuctella/ros2_ws/deps/install/micro_ros_setup:/home/nuctella/ros2_ws/deps/install/micro_ros_agent:/home/nuctella/ros2_ws/deps/install/micro_ros_msgs:/home/nuctella/my_ros2_ws/install/rosbot_object_recognition:/opt/ros/humble LD_LIBRARY_PATH=/home/nuctella/ros2_ws/ws/install/rosbot_hardware_interfaces/lib:/home/nuctella/ros2_ws/ws/install/mecanum_drive_controller/lib:${LD_LIBRARY_PATH} /usr/bin/cmake /home/nuctella/ros2_ws/ws/src/rosbot_xl_ros/rosbot_xl_controller -DAMENT_CMAKE_SYMLINK_INSTALL=1 -DCMAKE_INSTALL_PREFIX=/home/nuctella/ros2_ws/ws/install/rosbot_xl_controller
[0.041s] -- The C compiler identification is GNU 11.4.0
[0.072s] -- The CXX compiler identification is GNU 11.4.0
[0.076s] -- Detecting C compiler ABI info
[0.114s] -- Detecting C compiler ABI info - done
[0.118s] -- Check for working C compiler: /usr/bin/cc - skipped
[0.118s] -- Detecting C compile features
[0.118s] -- Detecting C compile features - done
[0.120s] -- Detecting CXX compiler ABI info
[0.165s] -- Detecting CXX compiler ABI info - done
[0.169s] -- Check for working CXX compiler: /usr/bin/c++ - skipped
[0.169s] -- Detecting CXX compile features
[0.169s] -- Detecting CXX compile features - done
[0.172s] -- Found ament_cmake: 1.3.5 (/opt/ros/humble/share/ament_cmake/cmake)
[0.391s] -- Found Python3: /usr/bin/python3.10 (found version "3.10.12") found components: Interpreter 
[0.429s] -- Override CMake install command with custom implementation using symlinks instead of copying resources
[0.493s] -- Configuring done
[0.494s] -- Generating done
[0.494s] -- Build files have been written to: /home/nuctella/ros2_ws/ws/build/rosbot_xl_controller
[0.497s] Invoked command in '/home/nuctella/ros2_ws/ws/build/rosbot_xl_controller' returned '0': AMENT_PREFIX_PATH=/home/nuctella/ros2_ws/ws/install/rosbot_xl_description:/home/nuctella/ros2_ws/ws/install/rosbot_hardware_interfaces:/home/nuctella/ros2_ws/ws/install/ros_components_description:/home/nuctella/ros2_ws/ws/install/mecanum_drive_controller:${AMENT_PREFIX_PATH} CMAKE_PREFIX_PATH=/home/nuctella/ros2_ws/ws/install/rosbot_xl_description:/home/nuctella/ros2_ws/ws/install/rosbot_hardware_interfaces:/home/nuctella/ros2_ws/ws/install/ros_components_description:/home/nuctella/ros2_ws/ws/install/mecanum_drive_controller:/home/nuctella/my_ros2_ws/install/core:/home/nuctella/ros2_ws/deps/install/sllidar_ros2:/home/nuctella/ros2_ws/deps/install/micro_ros_setup:/home/nuctella/ros2_ws/deps/install/micro_ros_agent:/home/nuctella/ros2_ws/deps/install/micro_ros_msgs:/home/nuctella/my_ros2_ws/install/rosbot_object_recognition:/opt/ros/humble LD_LIBRARY_PATH=/home/nuctella/ros2_ws/ws/install/rosbot_hardware_interfaces/lib:/home/nuctella/ros2_ws/ws/install/mecanum_drive_controller/lib:${LD_LIBRARY_PATH} /usr/bin/cmake /home/nuctella/ros2_ws/ws/src/rosbot_xl_ros/rosbot_xl_controller -DAMENT_CMAKE_SYMLINK_INSTALL=1 -DCMAKE_INSTALL_PREFIX=/home/nuctella/ros2_ws/ws/install/rosbot_xl_controller
[0.497s] Invoking command in '/home/nuctella/ros2_ws/ws/build/rosbot_xl_controller': AMENT_PREFIX_PATH=/home/nuctella/ros2_ws/ws/install/rosbot_xl_description:/home/nuctella/ros2_ws/ws/install/rosbot_hardware_interfaces:/home/nuctella/ros2_ws/ws/install/ros_components_description:/home/nuctella/ros2_ws/ws/install/mecanum_drive_controller:${AMENT_PREFIX_PATH} CMAKE_PREFIX_PATH=/home/nuctella/ros2_ws/ws/install/rosbot_xl_description:/home/nuctella/ros2_ws/ws/install/rosbot_hardware_interfaces:/home/nuctella/ros2_ws/ws/install/ros_components_description:/home/nuctella/ros2_ws/ws/install/mecanum_drive_controller:/home/nuctella/my_ros2_ws/install/core:/home/nuctella/ros2_ws/deps/install/sllidar_ros2:/home/nuctella/ros2_ws/deps/install/micro_ros_setup:/home/nuctella/ros2_ws/deps/install/micro_ros_agent:/home/nuctella/ros2_ws/deps/install/micro_ros_msgs:/home/nuctella/my_ros2_ws/install/rosbot_object_recognition:/opt/ros/humble LD_LIBRARY_PATH=/home/nuctella/ros2_ws/ws/install/rosbot_hardware_interfaces/lib:/home/nuctella/ros2_ws/ws/install/mecanum_drive_controller/lib:${LD_LIBRARY_PATH} /usr/bin/cmake --build /home/nuctella/ros2_ws/ws/build/rosbot_xl_controller -- -j20 -l20
[0.515s] Invoked command in '/home/nuctella/ros2_ws/ws/build/rosbot_xl_controller' returned '0': AMENT_PREFIX_PATH=/home/nuctella/ros2_ws/ws/install/rosbot_xl_description:/home/nuctella/ros2_ws/ws/install/rosbot_hardware_interfaces:/home/nuctella/ros2_ws/ws/install/ros_components_description:/home/nuctella/ros2_ws/ws/install/mecanum_drive_controller:${AMENT_PREFIX_PATH} CMAKE_PREFIX_PATH=/home/nuctella/ros2_ws/ws/install/rosbot_xl_description:/home/nuctella/ros2_ws/ws/install/rosbot_hardware_interfaces:/home/nuctella/ros2_ws/ws/install/ros_components_description:/home/nuctella/ros2_ws/ws/install/mecanum_drive_controller:/home/nuctella/my_ros2_ws/install/core:/home/nuctella/ros2_ws/deps/install/sllidar_ros2:/home/nuctella/ros2_ws/deps/install/micro_ros_setup:/home/nuctella/ros2_ws/deps/install/micro_ros_agent:/home/nuctella/ros2_ws/deps/install/micro_ros_msgs:/home/nuctella/my_ros2_ws/install/rosbot_object_recognition:/opt/ros/humble LD_LIBRARY_PATH=/home/nuctella/ros2_ws/ws/install/rosbot_hardware_interfaces/lib:/home/nuctella/ros2_ws/ws/install/mecanum_drive_controller/lib:${LD_LIBRARY_PATH} /usr/bin/cmake --build /home/nuctella/ros2_ws/ws/build/rosbot_xl_controller -- -j20 -l20
[0.526s] Invoking command in '/home/nuctella/ros2_ws/ws/build/rosbot_xl_controller': AMENT_PREFIX_PATH=/home/nuctella/ros2_ws/ws/install/rosbot_xl_description:/home/nuctella/ros2_ws/ws/install/rosbot_hardware_interfaces:/home/nuctella/ros2_ws/ws/install/ros_components_description:/home/nuctella/ros2_ws/ws/install/mecanum_drive_controller:${AMENT_PREFIX_PATH} CMAKE_PREFIX_PATH=/home/nuctella/ros2_ws/ws/install/rosbot_xl_description:/home/nuctella/ros2_ws/ws/install/rosbot_hardware_interfaces:/home/nuctella/ros2_ws/ws/install/ros_components_description:/home/nuctella/ros2_ws/ws/install/mecanum_drive_controller:/home/nuctella/my_ros2_ws/install/core:/home/nuctella/ros2_ws/deps/install/sllidar_ros2:/home/nuctella/ros2_ws/deps/install/micro_ros_setup:/home/nuctella/ros2_ws/deps/install/micro_ros_agent:/home/nuctella/ros2_ws/deps/install/micro_ros_msgs:/home/nuctella/my_ros2_ws/install/rosbot_object_recognition:/opt/ros/humble LD_LIBRARY_PATH=/home/nuctella/ros2_ws/ws/install/rosbot_hardware_interfaces/lib:/home/nuctella/ros2_ws/ws/install/mecanum_drive_controller/lib:${LD_LIBRARY_PATH} /usr/bin/cmake --install /home/nuctella/ros2_ws/ws/build/rosbot_xl_controller
[0.530s] -- Install configuration: ""
[0.530s] -- Execute custom install script
[0.530s] -- Symlinking: /home/nuctella/ros2_ws/ws/install/rosbot_xl_controller/share/rosbot_xl_controller/launch/controller.launch.py
[0.535s] -- Symlinking: /home/nuctella/ros2_ws/ws/install/rosbot_xl_controller/share/rosbot_xl_controller/config/diff_drive_controller.yaml
[0.538s] -- Symlinking: /home/nuctella/ros2_ws/ws/install/rosbot_xl_controller/share/rosbot_xl_controller/config/mecanum_drive_controller.yaml
[0.543s] -- Symlinking: /home/nuctella/ros2_ws/ws/install/rosbot_xl_controller/share/ament_index/resource_index/package_run_dependencies/rosbot_xl_controller
[0.547s] -- Symlinking: /home/nuctella/ros2_ws/ws/install/rosbot_xl_controller/share/ament_index/resource_index/parent_prefix_path/rosbot_xl_controller
[0.551s] -- Symlinking: /home/nuctella/ros2_ws/ws/install/rosbot_xl_controller/share/rosbot_xl_controller/environment/ament_prefix_path.sh
[0.555s] -- Symlinking: /home/nuctella/ros2_ws/ws/install/rosbot_xl_controller/share/rosbot_xl_controller/environment/ament_prefix_path.dsv
[0.559s] -- Symlinking: /home/nuctella/ros2_ws/ws/install/rosbot_xl_controller/share/rosbot_xl_controller/environment/path.sh
[0.563s] -- Symlinking: /home/nuctella/ros2_ws/ws/install/rosbot_xl_controller/share/rosbot_xl_controller/environment/path.dsv
[0.566s] -- Symlinking: /home/nuctella/ros2_ws/ws/install/rosbot_xl_controller/share/rosbot_xl_controller/local_setup.bash
[0.570s] -- Symlinking: /home/nuctella/ros2_ws/ws/install/rosbot_xl_controller/share/rosbot_xl_controller/local_setup.sh
[0.574s] -- Symlinking: /home/nuctella/ros2_ws/ws/install/rosbot_xl_controller/share/rosbot_xl_controller/local_setup.zsh
[0.578s] -- Symlinking: /home/nuctella/ros2_ws/ws/install/rosbot_xl_controller/share/rosbot_xl_controller/local_setup.dsv
[0.582s] -- Symlinking: /home/nuctella/ros2_ws/ws/install/rosbot_xl_controller/share/rosbot_xl_controller/package.dsv
[0.586s] -- Symlinking: /home/nuctella/ros2_ws/ws/install/rosbot_xl_controller/share/ament_index/resource_index/packages/rosbot_xl_controller
[0.590s] -- Symlinking: /home/nuctella/ros2_ws/ws/install/rosbot_xl_controller/share/rosbot_xl_controller/cmake/rosbot_xl_controllerConfig.cmake
[0.594s] -- Symlinking: /home/nuctella/ros2_ws/ws/install/rosbot_xl_controller/share/rosbot_xl_controller/cmake/rosbot_xl_controllerConfig-version.cmake
[0.598s] -- Symlinking: /home/nuctella/ros2_ws/ws/install/rosbot_xl_controller/share/rosbot_xl_controller/package.xml
[0.603s] Invoked command in '/home/nuctella/ros2_ws/ws/build/rosbot_xl_controller' returned '0': AMENT_PREFIX_PATH=/home/nuctella/ros2_ws/ws/install/rosbot_xl_description:/home/nuctella/ros2_ws/ws/install/rosbot_hardware_interfaces:/home/nuctella/ros2_ws/ws/install/ros_components_description:/home/nuctella/ros2_ws/ws/install/mecanum_drive_controller:${AMENT_PREFIX_PATH} CMAKE_PREFIX_PATH=/home/nuctella/ros2_ws/ws/install/rosbot_xl_description:/home/nuctella/ros2_ws/ws/install/rosbot_hardware_interfaces:/home/nuctella/ros2_ws/ws/install/ros_components_description:/home/nuctella/ros2_ws/ws/install/mecanum_drive_controller:/home/nuctella/my_ros2_ws/install/core:/home/nuctella/ros2_ws/deps/install/sllidar_ros2:/home/nuctella/ros2_ws/deps/install/micro_ros_setup:/home/nuctella/ros2_ws/deps/install/micro_ros_agent:/home/nuctella/ros2_ws/deps/install/micro_ros_msgs:/home/nuctella/my_ros2_ws/install/rosbot_object_recognition:/opt/ros/humble LD_LIBRARY_PATH=/home/nuctella/ros2_ws/ws/install/rosbot_hardware_interfaces/lib:/home/nuctella/ros2_ws/ws/install/mecanum_drive_controller/lib:${LD_LIBRARY_PATH} /usr/bin/cmake --install /home/nuctella/ros2_ws/ws/build/rosbot_xl_controller
