-- The C compiler identification is GNU 11.3.0
-- The CXX compiler identification is GNU 11.3.0
-- Detecting C compiler ABI info
-- Detecting C compiler ABI info - done
-- Check for working C compiler: /usr/bin/cc - skipped
-- Detecting C compile features
-- Detecting C compile features - done
-- Detecting CXX compiler ABI info
-- Detecting CXX compiler ABI info - done
-- Check for working CXX compiler: /usr/bin/c++ - skipped
-- Detecting CXX compile features
-- Detecting CXX compile features - done
-- Found ament_cmake: 1.3.4 (/opt/ros/humble/share/ament_cmake/cmake)
-- Found Python3: /usr/bin/python3.10 (found version "3.10.6") found components: Interpreter 
-- Override CMake install command with custom implementation using symlinks instead of copying resources
-- Found rclcpp: 16.0.4 (/opt/ros/humble/share/rclcpp/cmake)
-- Found rosidl_generator_c: 3.1.4 (/opt/ros/humble/share/rosidl_generator_c/cmake)
-- Found rosidl_adapter: 3.1.4 (/opt/ros/humble/share/rosidl_adapter/cmake)
-- Found rosidl_generator_cpp: 3.1.4 (/opt/ros/humble/share/rosidl_generator_cpp/cmake)
-- Using all available rosidl_typesupport_c: rosidl_typesupport_fastrtps_c;rosidl_typesupport_introspection_c
-- Using all available rosidl_typesupport_cpp: rosidl_typesupport_fastrtps_cpp;rosidl_typesupport_introspection_cpp
-- Found rmw_implementation_cmake: 6.1.1 (/opt/ros/humble/share/rmw_implementation_cmake/cmake)
-- Found rmw_fastrtps_cpp: 6.2.2 (/opt/ros/humble/share/rmw_fastrtps_cpp/cmake)
-- Found OpenSSL: /usr/lib/x86_64-linux-gnu/libcrypto.so (found version "3.0.2")  
-- Found FastRTPS: /opt/ros/humble/include  
-- Using RMW implementation 'rmw_fastrtps_cpp' as default
-- Looking for pthread.h
-- Looking for pthread.h - found
-- Performing Test CMAKE_HAVE_LIBC_PTHREAD
-- Performing Test CMAKE_HAVE_LIBC_PTHREAD - Success
-- Found Threads: TRUE  
-- Configuring done
-- Generating done
-- Build files have been written to: /home/nuctella/my_ros2_ws/src/build/publisher_library
[ 50%] [32mBuilding CXX object CMakeFiles/publisher_library.dir/src/publisher_library.cpp.o[0m
[100%] [32m[1mLinking CXX static library libpublisher_library.a[0m
[100%] Built target publisher_library
-- Install configuration: ""
-- Execute custom install script
-- Symlinking: /home/nuctella/my_ros2_ws/src/install/publisher_library/share/publisher_library/environment/library_path.sh
-- Symlinking: /home/nuctella/my_ros2_ws/src/install/publisher_library/share/publisher_library/environment/library_path.dsv
-- Symlinking: /home/nuctella/my_ros2_ws/src/install/publisher_library/include/publisher_library//publisher_library.h
-- Symlinking: /home/nuctella/my_ros2_ws/src/install/publisher_library/share/ament_index/resource_index/package_run_dependencies/publisher_library
-- Symlinking: /home/nuctella/my_ros2_ws/src/install/publisher_library/share/ament_index/resource_index/parent_prefix_path/publisher_library
-- Symlinking: /home/nuctella/my_ros2_ws/src/install/publisher_library/share/publisher_library/environment/ament_prefix_path.sh
-- Symlinking: /home/nuctella/my_ros2_ws/src/install/publisher_library/share/publisher_library/environment/ament_prefix_path.dsv
-- Symlinking: /home/nuctella/my_ros2_ws/src/install/publisher_library/share/publisher_library/environment/path.sh
-- Symlinking: /home/nuctella/my_ros2_ws/src/install/publisher_library/share/publisher_library/environment/path.dsv
-- Symlinking: /home/nuctella/my_ros2_ws/src/install/publisher_library/share/publisher_library/local_setup.bash
-- Symlinking: /home/nuctella/my_ros2_ws/src/install/publisher_library/share/publisher_library/local_setup.sh
-- Symlinking: /home/nuctella/my_ros2_ws/src/install/publisher_library/share/publisher_library/local_setup.zsh
-- Symlinking: /home/nuctella/my_ros2_ws/src/install/publisher_library/share/publisher_library/local_setup.dsv
-- Symlinking: /home/nuctella/my_ros2_ws/src/install/publisher_library/share/publisher_library/package.dsv
-- Symlinking: /home/nuctella/my_ros2_ws/src/install/publisher_library/share/ament_index/resource_index/packages/publisher_library
-- Symlinking: /home/nuctella/my_ros2_ws/src/install/publisher_library/share/publisher_library/cmake/ament_cmake_export_dependencies-extras.cmake
-- Symlinking: /home/nuctella/my_ros2_ws/src/install/publisher_library/share/publisher_library/cmake/ament_cmake_export_targets-extras.cmake
-- Symlinking: /home/nuctella/my_ros2_ws/src/install/publisher_library/share/publisher_library/cmake/publisher_libraryConfig.cmake
-- Symlinking: /home/nuctella/my_ros2_ws/src/install/publisher_library/share/publisher_library/cmake/publisher_libraryConfig-version.cmake
-- Symlinking: /home/nuctella/my_ros2_ws/src/install/publisher_library/share/publisher_library/package.xml
-- Installing: /home/nuctella/my_ros2_ws/src/install/publisher_library/lib/libpublisher_library.a
-- Installing: /home/nuctella/my_ros2_ws/src/install/publisher_library/share/publisher_library/cmake/export_publisher_libraryExport.cmake
-- Installing: /home/nuctella/my_ros2_ws/src/install/publisher_library/share/publisher_library/cmake/export_publisher_libraryExport-noconfig.cmake
