[0.017s] Invoking command in '/home/nuctella/ros2_ws/ws/build/mecanum_drive_controller': CMAKE_PREFIX_PATH=${CMAKE_PREFIX_PATH}:/home/nuctella/my_ros2_ws/install/rosbot_object_recognition:/opt/ros/humble /usr/bin/cmake /home/nuctella/ros2_ws/ws/src/rosbot_controllers/mecanum_drive_controller -DAMENT_CMAKE_SYMLINK_INSTALL=1 -DCMAKE_INSTALL_PREFIX=/home/nuctella/ros2_ws/ws/install/mecanum_drive_controller
[0.102s] -- The C compiler identification is GNU 11.4.0
[0.159s] -- The CXX compiler identification is GNU 11.4.0
[0.166s] -- Detecting C compiler ABI info
[0.210s] -- Detecting C compiler ABI info - done
[0.214s] -- Check for working C compiler: /usr/bin/cc - skipped
[0.214s] -- Detecting C compile features
[0.215s] -- Detecting C compile features - done
[0.217s] -- Detecting CXX compiler ABI info
[0.266s] -- Detecting CXX compiler ABI info - done
[0.270s] -- Check for working CXX compiler: /usr/bin/c++ - skipped
[0.270s] -- Detecting CXX compile features
[0.271s] -- Detecting CXX compile features - done
[0.280s] -- Found ament_cmake: 1.3.5 (/opt/ros/humble/share/ament_cmake/cmake)
[0.536s] -- Found Python3: /usr/bin/python3.10 (found version "3.10.12") found components: Interpreter 
[0.587s] -- Override CMake install command with custom implementation using symlinks instead of copying resources
[0.632s] -- Found controller_interface: 2.30.0 (/opt/ros/humble/share/controller_interface/cmake)
[0.686s] -- Found rosidl_generator_c: 3.1.5 (/opt/ros/humble/share/rosidl_generator_c/cmake)
[0.693s] -- Found rosidl_adapter: 3.1.5 (/opt/ros/humble/share/rosidl_adapter/cmake)
[0.704s] -- Found rosidl_generator_cpp: 3.1.5 (/opt/ros/humble/share/rosidl_generator_cpp/cmake)
[0.726s] -- Using all available rosidl_typesupport_c: rosidl_typesupport_fastrtps_c;rosidl_typesupport_introspection_c
[0.743s] -- Using all available rosidl_typesupport_cpp: rosidl_typesupport_fastrtps_cpp;rosidl_typesupport_introspection_cpp
[1.232s] -- Found rmw_implementation_cmake: 6.1.1 (/opt/ros/humble/share/rmw_implementation_cmake/cmake)
[1.234s] -- Found rmw_fastrtps_cpp: 6.2.3 (/opt/ros/humble/share/rmw_fastrtps_cpp/cmake)
[1.307s] -- Found OpenSSL: /usr/lib/x86_64-linux-gnu/libcrypto.so (found version "3.0.2")  
[1.333s] -- Found FastRTPS: /opt/ros/humble/include  
[1.377s] -- Using RMW implementation 'rmw_fastrtps_cpp' as default
[1.390s] -- Looking for pthread.h
[1.434s] -- Looking for pthread.h - found
[1.434s] -- Performing Test CMAKE_HAVE_LIBC_PTHREAD
[1.478s] -- Performing Test CMAKE_HAVE_LIBC_PTHREAD - Success
[1.478s] -- Found Threads: TRUE  
[1.673s] -- Found nav_msgs: 4.2.3 (/opt/ros/humble/share/nav_msgs/cmake)
[1.733s] -- Found realtime_tools: 2.5.0 (/opt/ros/humble/share/realtime_tools/cmake)
[1.764s] -- Found tf2: 0.25.3 (/opt/ros/humble/share/tf2/cmake)
[1.770s] -- Found tf2_msgs: 0.25.3 (/opt/ros/humble/share/tf2_msgs/cmake)
[2.046s] -- Configuring done
[2.063s] -- Generating done
[2.064s] -- Build files have been written to: /home/nuctella/ros2_ws/ws/build/mecanum_drive_controller
[2.071s] Invoked command in '/home/nuctella/ros2_ws/ws/build/mecanum_drive_controller' returned '0': CMAKE_PREFIX_PATH=${CMAKE_PREFIX_PATH}:/home/nuctella/my_ros2_ws/install/rosbot_object_recognition:/opt/ros/humble /usr/bin/cmake /home/nuctella/ros2_ws/ws/src/rosbot_controllers/mecanum_drive_controller -DAMENT_CMAKE_SYMLINK_INSTALL=1 -DCMAKE_INSTALL_PREFIX=/home/nuctella/ros2_ws/ws/install/mecanum_drive_controller
[2.072s] Invoking command in '/home/nuctella/ros2_ws/ws/build/mecanum_drive_controller': CMAKE_PREFIX_PATH=${CMAKE_PREFIX_PATH}:/home/nuctella/my_ros2_ws/install/rosbot_object_recognition:/opt/ros/humble /usr/bin/cmake --build /home/nuctella/ros2_ws/ws/build/mecanum_drive_controller -- -j20 -l20
[2.103s] [ 25%] Building CXX object CMakeFiles/mecanum_drive_controller.dir/src/mecanum_drive_controller.cpp.o
[2.103s] [ 50%] Building CXX object CMakeFiles/mecanum_drive_controller.dir/src/speed_limiter.cpp.o
[2.103s] [ 75%] Building CXX object CMakeFiles/mecanum_drive_controller.dir/src/odometry.cpp.o
[9.658s] [100%] Linking CXX shared library libmecanum_drive_controller.so
[10.129s] [100%] Built target mecanum_drive_controller
[10.135s] Invoked command in '/home/nuctella/ros2_ws/ws/build/mecanum_drive_controller' returned '0': CMAKE_PREFIX_PATH=${CMAKE_PREFIX_PATH}:/home/nuctella/my_ros2_ws/install/rosbot_object_recognition:/opt/ros/humble /usr/bin/cmake --build /home/nuctella/ros2_ws/ws/build/mecanum_drive_controller -- -j20 -l20
[10.152s] Invoking command in '/home/nuctella/ros2_ws/ws/build/mecanum_drive_controller': CMAKE_PREFIX_PATH=${CMAKE_PREFIX_PATH}:/home/nuctella/my_ros2_ws/install/rosbot_object_recognition:/opt/ros/humble /usr/bin/cmake --install /home/nuctella/ros2_ws/ws/build/mecanum_drive_controller
[10.156s] -- Install configuration: ""
[10.156s] -- Execute custom install script
[10.156s] -- Symlinking: /home/nuctella/ros2_ws/ws/install/mecanum_drive_controller/share/mecanum_drive_controller//mecanum_drive_plugin.xml
[10.161s] -- Symlinking: /home/nuctella/ros2_ws/ws/install/mecanum_drive_controller/include/mecanum_drive_controller/mecanum_drive_controller.hpp
[10.166s] -- Symlinking: /home/nuctella/ros2_ws/ws/install/mecanum_drive_controller/include/mecanum_drive_controller/odometry.hpp
[10.170s] -- Symlinking: /home/nuctella/ros2_ws/ws/install/mecanum_drive_controller/include/mecanum_drive_controller/speed_limiter.hpp
[10.175s] -- Symlinking: /home/nuctella/ros2_ws/ws/install/mecanum_drive_controller/include/mecanum_drive_controller/visibility_control.h
[10.180s] -- Symlinking: /home/nuctella/ros2_ws/ws/install/mecanum_drive_controller/lib/libmecanum_drive_controller.so
[10.184s] -- Symlinking: /home/nuctella/ros2_ws/ws/install/mecanum_drive_controller/share/mecanum_drive_controller/environment/library_path.sh
[10.190s] -- Symlinking: /home/nuctella/ros2_ws/ws/install/mecanum_drive_controller/share/mecanum_drive_controller/environment/library_path.dsv
[10.195s] -- Symlinking: /home/nuctella/ros2_ws/ws/install/mecanum_drive_controller/share/ament_index/resource_index/package_run_dependencies/mecanum_drive_controller
[10.201s] -- Symlinking: /home/nuctella/ros2_ws/ws/install/mecanum_drive_controller/share/ament_index/resource_index/parent_prefix_path/mecanum_drive_controller
[10.206s] -- Symlinking: /home/nuctella/ros2_ws/ws/install/mecanum_drive_controller/share/mecanum_drive_controller/environment/ament_prefix_path.sh
[10.210s] -- Symlinking: /home/nuctella/ros2_ws/ws/install/mecanum_drive_controller/share/mecanum_drive_controller/environment/ament_prefix_path.dsv
[10.214s] -- Symlinking: /home/nuctella/ros2_ws/ws/install/mecanum_drive_controller/share/mecanum_drive_controller/environment/path.sh
[10.218s] -- Symlinking: /home/nuctella/ros2_ws/ws/install/mecanum_drive_controller/share/mecanum_drive_controller/environment/path.dsv
[10.224s] -- Symlinking: /home/nuctella/ros2_ws/ws/install/mecanum_drive_controller/share/mecanum_drive_controller/local_setup.bash
[10.230s] -- Symlinking: /home/nuctella/ros2_ws/ws/install/mecanum_drive_controller/share/mecanum_drive_controller/local_setup.sh
[10.234s] -- Symlinking: /home/nuctella/ros2_ws/ws/install/mecanum_drive_controller/share/mecanum_drive_controller/local_setup.zsh
[10.238s] -- Symlinking: /home/nuctella/ros2_ws/ws/install/mecanum_drive_controller/share/mecanum_drive_controller/local_setup.dsv
[10.242s] -- Symlinking: /home/nuctella/ros2_ws/ws/install/mecanum_drive_controller/share/mecanum_drive_controller/package.dsv
[10.246s] -- Symlinking: /home/nuctella/ros2_ws/ws/install/mecanum_drive_controller/share/ament_index/resource_index/packages/mecanum_drive_controller
[10.250s] -- Symlinking: /home/nuctella/ros2_ws/ws/install/mecanum_drive_controller/share/ament_index/resource_index/controller_interface__pluginlib__plugin/mecanum_drive_controller
[10.254s] -- Symlinking: /home/nuctella/ros2_ws/ws/install/mecanum_drive_controller/share/mecanum_drive_controller/cmake/ament_cmake_export_dependencies-extras.cmake
[10.259s] -- Symlinking: /home/nuctella/ros2_ws/ws/install/mecanum_drive_controller/share/mecanum_drive_controller/cmake/ament_cmake_export_include_directories-extras.cmake
[10.263s] -- Symlinking: /home/nuctella/ros2_ws/ws/install/mecanum_drive_controller/share/mecanum_drive_controller/cmake/ament_cmake_export_libraries-extras.cmake
[10.267s] -- Symlinking: /home/nuctella/ros2_ws/ws/install/mecanum_drive_controller/share/mecanum_drive_controller/cmake/mecanum_drive_controllerConfig.cmake
[10.271s] -- Symlinking: /home/nuctella/ros2_ws/ws/install/mecanum_drive_controller/share/mecanum_drive_controller/cmake/mecanum_drive_controllerConfig-version.cmake
[10.276s] -- Symlinking: /home/nuctella/ros2_ws/ws/install/mecanum_drive_controller/share/mecanum_drive_controller/package.xml
[10.280s] Invoked command in '/home/nuctella/ros2_ws/ws/build/mecanum_drive_controller' returned '0': CMAKE_PREFIX_PATH=${CMAKE_PREFIX_PATH}:/home/nuctella/my_ros2_ws/install/rosbot_object_recognition:/opt/ros/humble /usr/bin/cmake --install /home/nuctella/ros2_ws/ws/build/mecanum_drive_controller
