[5.915s] Invoking command in '/home/nuctella/my_ros2_ws/src/build/vehicle_plugins': AMENT_PREFIX_PATH=/home/nuctella/my_ros2_ws/src/install/vehicle_base:${AMENT_PREFIX_PATH} CMAKE_PREFIX_PATH=/home/nuctella/my_ros2_ws/src/install/vehicle_base:/home/nuctella/my_ros2_ws/install/vehicle_plugins:/home/nuctella/my_ros2_ws/install/vehicle_base:/home/nuctella/my_ros2_ws/install/use_library:/home/nuctella/my_ros2_ws/install/start_with_simple_nodes:/home/nuctella/my_ros2_ws/install/service_server_and_client:/home/nuctella/my_ros2_ws/install/rosbot_interfaces:/home/nuctella/my_ros2_ws/install/publisher_library:/home/nuctella/my_ros2_ws/install/publisher_and_subscriber:/home/nuctella/my_ros2_ws/install/parameters:/home/nuctella/my_ros2_ws/install/message_sync:/home/nuctella/my_ros2_ws/install/dynamic_tf2_publisher:/home/nuctella/my_ros2_ws/install/custom_msg_and_srv:/home/nuctella/my_ros2_ws/install/action_tutorial:/home/nuctella/my_ros2_ws/install/custom_action:/home/nuctella/my_ros2_ws/install/core:/home/nuctella/ros2_ws/ws/install/rosbot_xl:/home/nuctella/ros2_ws/ws/install/rosbot_xl_gazebo:/home/nuctella/ros2_ws/ws/install/rosbot_xl_bringup:/home/nuctella/ros2_ws/ws/install/rosbot_xl_controller:/home/nuctella/ros2_ws/ws/install/rosbot_xl_description:/home/nuctella/ros2_ws/ws/install/rosbot_hardware_interfaces:/home/nuctella/ros2_ws/ws/install/ros_components_description:/home/nuctella/ros2_ws/ws/install/mecanum_drive_controller:/home/nuctella/ros2_ws/ws/install/ign_ros2_control_demos:/home/nuctella/ros2_ws/ws/install/ign_ros2_control:/home/nuctella/ros2_ws/ws/install/husarion_office_gz:/home/nuctella/ros2_ws/deps/install/sllidar_ros2:/home/nuctella/ros2_ws/deps/install/micro_ros_setup:/home/nuctella/ros2_ws/deps/install/micro_ros_agent:/home/nuctella/ros2_ws/deps/install/micro_ros_msgs:/home/nuctella/my_ros2_ws/install/start_with_simple_nodes_py:/home/nuctella/my_ros2_ws/install/rosbot_object_recognition:/home/nuctella/my_ros2_ws/install/publisher_and_subscriber_py:/opt/ros/humble /usr/bin/cmake /home/nuctella/my_ros2_ws/src/ROS2_learning/CPP/plugins/vehicle_plugins -DAMENT_CMAKE_SYMLINK_INSTALL=1 -DCMAKE_INSTALL_PREFIX=/home/nuctella/my_ros2_ws/src/install/vehicle_plugins
[29.766s] -- The C compiler identification is GNU 11.3.0
[39.762s] -- The CXX compiler identification is GNU 11.3.0
[40.864s] -- Detecting C compiler ABI info
[72.131s] -- Detecting C compiler ABI info - done
[72.311s] -- Check for working C compiler: /usr/bin/cc - skipped
[72.318s] -- Detecting C compile features
[72.326s] -- Detecting C compile features - done
[72.806s] -- Detecting CXX compiler ABI info
[101.157s] -- Detecting CXX compiler ABI info - done
[101.338s] -- Check for working CXX compiler: /usr/bin/c++ - skipped
[101.346s] -- Detecting CXX compile features
[101.353s] -- Detecting CXX compile features - done
[110.384s] -- Found ament_cmake: 1.3.4 (/opt/ros/humble/share/ament_cmake/cmake)
[214.697s] -- Found Python3: /usr/bin/python3.10 (found version "3.10.6") found components: Interpreter 
[229.983s] -- Override CMake install command with custom implementation using symlinks instead of copying resources
[338.826s] -- Found ament_cmake_ros: 0.10.0 (/opt/ros/humble/share/ament_cmake_ros/cmake)
[364.530s] -- Found vehicle_base: 0.0.0 (/home/nuctella/my_ros2_ws/src/install/vehicle_base/share/vehicle_base/cmake)
[369.874s] -- Found pluginlib: 5.1.0 (/opt/ros/humble/share/pluginlib/cmake)
[441.851s] -- Found ament_lint_auto: 0.12.6 (/opt/ros/humble/share/ament_lint_auto/cmake)
[534.949s] -- Added test 'copyright' to check source files copyright and LICENSE
[538.413s] -- Added test 'cppcheck' to perform static code analysis on C / C++ code
[538.420s] -- Configured cppcheck include dirs: $<BUILD_INTERFACE:/home/nuctella/my_ros2_ws/src/ROS2_learning/CPP/plugins/vehicle_plugins/include>
[538.426s] -- Configured cppcheck exclude dirs and/or files: 
[542.072s] -- Added test 'cpplint' to check C / C++ code against the Google style
[542.078s] -- Configured cpplint exclude dirs and/or files: 
[544.188s] -- Added test 'lint_cmake' to check CMake code style
[548.338s] -- Added test 'uncrustify' to check C / C++ code style
[548.345s] -- Configured uncrustify additional arguments: 
[550.124s] -- Added test 'xmllint' to check XML markup files
[555.437s] -- Configuring done
[559.094s] -- Generating done
[559.627s] -- Build files have been written to: /home/nuctella/my_ros2_ws/src/build/vehicle_plugins
[559.712s] Invoked command in '/home/nuctella/my_ros2_ws/src/build/vehicle_plugins' returned '0': AMENT_PREFIX_PATH=/home/nuctella/my_ros2_ws/src/install/vehicle_base:${AMENT_PREFIX_PATH} CMAKE_PREFIX_PATH=/home/nuctella/my_ros2_ws/src/install/vehicle_base:/home/nuctella/my_ros2_ws/install/vehicle_plugins:/home/nuctella/my_ros2_ws/install/vehicle_base:/home/nuctella/my_ros2_ws/install/use_library:/home/nuctella/my_ros2_ws/install/start_with_simple_nodes:/home/nuctella/my_ros2_ws/install/service_server_and_client:/home/nuctella/my_ros2_ws/install/rosbot_interfaces:/home/nuctella/my_ros2_ws/install/publisher_library:/home/nuctella/my_ros2_ws/install/publisher_and_subscriber:/home/nuctella/my_ros2_ws/install/parameters:/home/nuctella/my_ros2_ws/install/message_sync:/home/nuctella/my_ros2_ws/install/dynamic_tf2_publisher:/home/nuctella/my_ros2_ws/install/custom_msg_and_srv:/home/nuctella/my_ros2_ws/install/action_tutorial:/home/nuctella/my_ros2_ws/install/custom_action:/home/nuctella/my_ros2_ws/install/core:/home/nuctella/ros2_ws/ws/install/rosbot_xl:/home/nuctella/ros2_ws/ws/install/rosbot_xl_gazebo:/home/nuctella/ros2_ws/ws/install/rosbot_xl_bringup:/home/nuctella/ros2_ws/ws/install/rosbot_xl_controller:/home/nuctella/ros2_ws/ws/install/rosbot_xl_description:/home/nuctella/ros2_ws/ws/install/rosbot_hardware_interfaces:/home/nuctella/ros2_ws/ws/install/ros_components_description:/home/nuctella/ros2_ws/ws/install/mecanum_drive_controller:/home/nuctella/ros2_ws/ws/install/ign_ros2_control_demos:/home/nuctella/ros2_ws/ws/install/ign_ros2_control:/home/nuctella/ros2_ws/ws/install/husarion_office_gz:/home/nuctella/ros2_ws/deps/install/sllidar_ros2:/home/nuctella/ros2_ws/deps/install/micro_ros_setup:/home/nuctella/ros2_ws/deps/install/micro_ros_agent:/home/nuctella/ros2_ws/deps/install/micro_ros_msgs:/home/nuctella/my_ros2_ws/install/start_with_simple_nodes_py:/home/nuctella/my_ros2_ws/install/rosbot_object_recognition:/home/nuctella/my_ros2_ws/install/publisher_and_subscriber_py:/opt/ros/humble /usr/bin/cmake /home/nuctella/my_ros2_ws/src/ROS2_learning/CPP/plugins/vehicle_plugins -DAMENT_CMAKE_SYMLINK_INSTALL=1 -DCMAKE_INSTALL_PREFIX=/home/nuctella/my_ros2_ws/src/install/vehicle_plugins
[559.723s] Invoking command in '/home/nuctella/my_ros2_ws/src/build/vehicle_plugins': AMENT_PREFIX_PATH=/home/nuctella/my_ros2_ws/src/install/vehicle_base:${AMENT_PREFIX_PATH} CMAKE_PREFIX_PATH=/home/nuctella/my_ros2_ws/src/install/vehicle_base:/home/nuctella/my_ros2_ws/install/vehicle_plugins:/home/nuctella/my_ros2_ws/install/vehicle_base:/home/nuctella/my_ros2_ws/install/use_library:/home/nuctella/my_ros2_ws/install/start_with_simple_nodes:/home/nuctella/my_ros2_ws/install/service_server_and_client:/home/nuctella/my_ros2_ws/install/rosbot_interfaces:/home/nuctella/my_ros2_ws/install/publisher_library:/home/nuctella/my_ros2_ws/install/publisher_and_subscriber:/home/nuctella/my_ros2_ws/install/parameters:/home/nuctella/my_ros2_ws/install/message_sync:/home/nuctella/my_ros2_ws/install/dynamic_tf2_publisher:/home/nuctella/my_ros2_ws/install/custom_msg_and_srv:/home/nuctella/my_ros2_ws/install/action_tutorial:/home/nuctella/my_ros2_ws/install/custom_action:/home/nuctella/my_ros2_ws/install/core:/home/nuctella/ros2_ws/ws/install/rosbot_xl:/home/nuctella/ros2_ws/ws/install/rosbot_xl_gazebo:/home/nuctella/ros2_ws/ws/install/rosbot_xl_bringup:/home/nuctella/ros2_ws/ws/install/rosbot_xl_controller:/home/nuctella/ros2_ws/ws/install/rosbot_xl_description:/home/nuctella/ros2_ws/ws/install/rosbot_hardware_interfaces:/home/nuctella/ros2_ws/ws/install/ros_components_description:/home/nuctella/ros2_ws/ws/install/mecanum_drive_controller:/home/nuctella/ros2_ws/ws/install/ign_ros2_control_demos:/home/nuctella/ros2_ws/ws/install/ign_ros2_control:/home/nuctella/ros2_ws/ws/install/husarion_office_gz:/home/nuctella/ros2_ws/deps/install/sllidar_ros2:/home/nuctella/ros2_ws/deps/install/micro_ros_setup:/home/nuctella/ros2_ws/deps/install/micro_ros_agent:/home/nuctella/ros2_ws/deps/install/micro_ros_msgs:/home/nuctella/my_ros2_ws/install/start_with_simple_nodes_py:/home/nuctella/my_ros2_ws/install/rosbot_object_recognition:/home/nuctella/my_ros2_ws/install/publisher_and_subscriber_py:/opt/ros/humble /usr/bin/cmake --build /home/nuctella/my_ros2_ws/src/build/vehicle_plugins -- -j8 -l8
[600.896s] [ 50%] [32mBuilding CXX object CMakeFiles/vehicle_plugins.dir/src/vehicle_plugins.cpp.o[0m
[600.903s] [100%] [32m[1mLinking CXX shared library libvehicle_plugins.so[0m
[616.392s] [100%] Built target vehicle_plugins
[620.824s] Invoked command in '/home/nuctella/my_ros2_ws/src/build/vehicle_plugins' returned '0': AMENT_PREFIX_PATH=/home/nuctella/my_ros2_ws/src/install/vehicle_base:${AMENT_PREFIX_PATH} CMAKE_PREFIX_PATH=/home/nuctella/my_ros2_ws/src/install/vehicle_base:/home/nuctella/my_ros2_ws/install/vehicle_plugins:/home/nuctella/my_ros2_ws/install/vehicle_base:/home/nuctella/my_ros2_ws/install/use_library:/home/nuctella/my_ros2_ws/install/start_with_simple_nodes:/home/nuctella/my_ros2_ws/install/service_server_and_client:/home/nuctella/my_ros2_ws/install/rosbot_interfaces:/home/nuctella/my_ros2_ws/install/publisher_library:/home/nuctella/my_ros2_ws/install/publisher_and_subscriber:/home/nuctella/my_ros2_ws/install/parameters:/home/nuctella/my_ros2_ws/install/message_sync:/home/nuctella/my_ros2_ws/install/dynamic_tf2_publisher:/home/nuctella/my_ros2_ws/install/custom_msg_and_srv:/home/nuctella/my_ros2_ws/install/action_tutorial:/home/nuctella/my_ros2_ws/install/custom_action:/home/nuctella/my_ros2_ws/install/core:/home/nuctella/ros2_ws/ws/install/rosbot_xl:/home/nuctella/ros2_ws/ws/install/rosbot_xl_gazebo:/home/nuctella/ros2_ws/ws/install/rosbot_xl_bringup:/home/nuctella/ros2_ws/ws/install/rosbot_xl_controller:/home/nuctella/ros2_ws/ws/install/rosbot_xl_description:/home/nuctella/ros2_ws/ws/install/rosbot_hardware_interfaces:/home/nuctella/ros2_ws/ws/install/ros_components_description:/home/nuctella/ros2_ws/ws/install/mecanum_drive_controller:/home/nuctella/ros2_ws/ws/install/ign_ros2_control_demos:/home/nuctella/ros2_ws/ws/install/ign_ros2_control:/home/nuctella/ros2_ws/ws/install/husarion_office_gz:/home/nuctella/ros2_ws/deps/install/sllidar_ros2:/home/nuctella/ros2_ws/deps/install/micro_ros_setup:/home/nuctella/ros2_ws/deps/install/micro_ros_agent:/home/nuctella/ros2_ws/deps/install/micro_ros_msgs:/home/nuctella/my_ros2_ws/install/start_with_simple_nodes_py:/home/nuctella/my_ros2_ws/install/rosbot_object_recognition:/home/nuctella/my_ros2_ws/install/publisher_and_subscriber_py:/opt/ros/humble /usr/bin/cmake --build /home/nuctella/my_ros2_ws/src/build/vehicle_plugins -- -j8 -l8
[653.337s] Invoking command in '/home/nuctella/my_ros2_ws/src/build/vehicle_plugins': AMENT_PREFIX_PATH=/home/nuctella/my_ros2_ws/src/install/vehicle_base:${AMENT_PREFIX_PATH} CMAKE_PREFIX_PATH=/home/nuctella/my_ros2_ws/src/install/vehicle_base:/home/nuctella/my_ros2_ws/install/vehicle_plugins:/home/nuctella/my_ros2_ws/install/vehicle_base:/home/nuctella/my_ros2_ws/install/use_library:/home/nuctella/my_ros2_ws/install/start_with_simple_nodes:/home/nuctella/my_ros2_ws/install/service_server_and_client:/home/nuctella/my_ros2_ws/install/rosbot_interfaces:/home/nuctella/my_ros2_ws/install/publisher_library:/home/nuctella/my_ros2_ws/install/publisher_and_subscriber:/home/nuctella/my_ros2_ws/install/parameters:/home/nuctella/my_ros2_ws/install/message_sync:/home/nuctella/my_ros2_ws/install/dynamic_tf2_publisher:/home/nuctella/my_ros2_ws/install/custom_msg_and_srv:/home/nuctella/my_ros2_ws/install/action_tutorial:/home/nuctella/my_ros2_ws/install/custom_action:/home/nuctella/my_ros2_ws/install/core:/home/nuctella/ros2_ws/ws/install/rosbot_xl:/home/nuctella/ros2_ws/ws/install/rosbot_xl_gazebo:/home/nuctella/ros2_ws/ws/install/rosbot_xl_bringup:/home/nuctella/ros2_ws/ws/install/rosbot_xl_controller:/home/nuctella/ros2_ws/ws/install/rosbot_xl_description:/home/nuctella/ros2_ws/ws/install/rosbot_hardware_interfaces:/home/nuctella/ros2_ws/ws/install/ros_components_description:/home/nuctella/ros2_ws/ws/install/mecanum_drive_controller:/home/nuctella/ros2_ws/ws/install/ign_ros2_control_demos:/home/nuctella/ros2_ws/ws/install/ign_ros2_control:/home/nuctella/ros2_ws/ws/install/husarion_office_gz:/home/nuctella/ros2_ws/deps/install/sllidar_ros2:/home/nuctella/ros2_ws/deps/install/micro_ros_setup:/home/nuctella/ros2_ws/deps/install/micro_ros_agent:/home/nuctella/ros2_ws/deps/install/micro_ros_msgs:/home/nuctella/my_ros2_ws/install/start_with_simple_nodes_py:/home/nuctella/my_ros2_ws/install/rosbot_object_recognition:/home/nuctella/my_ros2_ws/install/publisher_and_subscriber_py:/opt/ros/humble /usr/bin/cmake --install /home/nuctella/my_ros2_ws/src/build/vehicle_plugins
[657.603s] -- Install configuration: ""
[657.715s] -- Execute custom install script
[657.888s] -- Symlinking: /home/nuctella/my_ros2_ws/src/install/vehicle_plugins/share/vehicle_plugins//plugins.xml
[666.070s] -- Symlinking: /home/nuctella/my_ros2_ws/src/install/vehicle_plugins/share/vehicle_plugins/environment/library_path.sh
[671.915s] -- Symlinking: /home/nuctella/my_ros2_ws/src/install/vehicle_plugins/share/vehicle_plugins/environment/library_path.dsv
[679.924s] -- Symlinking: /home/nuctella/my_ros2_ws/src/install/vehicle_plugins/share/ament_index/resource_index/package_run_dependencies/vehicle_plugins
[685.700s] -- Symlinking: /home/nuctella/my_ros2_ws/src/install/vehicle_plugins/share/ament_index/resource_index/parent_prefix_path/vehicle_plugins
[691.738s] -- Symlinking: /home/nuctella/my_ros2_ws/src/install/vehicle_plugins/share/vehicle_plugins/environment/ament_prefix_path.sh
[698.870s] -- Symlinking: /home/nuctella/my_ros2_ws/src/install/vehicle_plugins/share/vehicle_plugins/environment/ament_prefix_path.dsv
[706.396s] -- Symlinking: /home/nuctella/my_ros2_ws/src/install/vehicle_plugins/share/vehicle_plugins/environment/path.sh
[713.083s] -- Symlinking: /home/nuctella/my_ros2_ws/src/install/vehicle_plugins/share/vehicle_plugins/environment/path.dsv
[718.171s] -- Symlinking: /home/nuctella/my_ros2_ws/src/install/vehicle_plugins/share/vehicle_plugins/local_setup.bash
[724.076s] -- Symlinking: /home/nuctella/my_ros2_ws/src/install/vehicle_plugins/share/vehicle_plugins/local_setup.sh
[730.559s] -- Symlinking: /home/nuctella/my_ros2_ws/src/install/vehicle_plugins/share/vehicle_plugins/local_setup.zsh
[735.457s] -- Symlinking: /home/nuctella/my_ros2_ws/src/install/vehicle_plugins/share/vehicle_plugins/local_setup.dsv
[740.108s] -- Symlinking: /home/nuctella/my_ros2_ws/src/install/vehicle_plugins/share/vehicle_plugins/package.dsv
[745.126s] -- Symlinking: /home/nuctella/my_ros2_ws/src/install/vehicle_plugins/share/ament_index/resource_index/packages/vehicle_plugins
[750.865s] -- Symlinking: /home/nuctella/my_ros2_ws/src/install/vehicle_plugins/share/ament_index/resource_index/vehicle_base__pluginlib__plugin/vehicle_plugins
[756.802s] -- Symlinking: /home/nuctella/my_ros2_ws/src/install/vehicle_plugins/share/vehicle_plugins/cmake/ament_cmake_export_include_directories-extras.cmake
[762.502s] -- Symlinking: /home/nuctella/my_ros2_ws/src/install/vehicle_plugins/share/vehicle_plugins/cmake/ament_cmake_export_libraries-extras.cmake
[767.109s] -- Symlinking: /home/nuctella/my_ros2_ws/src/install/vehicle_plugins/share/vehicle_plugins/cmake/ament_cmake_export_targets-extras.cmake
[773.537s] -- Symlinking: /home/nuctella/my_ros2_ws/src/install/vehicle_plugins/share/vehicle_plugins/cmake/vehicle_pluginsConfig.cmake
[780.156s] -- Symlinking: /home/nuctella/my_ros2_ws/src/install/vehicle_plugins/share/vehicle_plugins/cmake/vehicle_pluginsConfig-version.cmake
[786.737s] -- Symlinking: /home/nuctella/my_ros2_ws/src/install/vehicle_plugins/share/vehicle_plugins/package.xml
[791.428s] -- Installing: /home/nuctella/my_ros2_ws/src/install/vehicle_plugins/lib/libvehicle_plugins.so
[792.047s] -- Set runtime path of "/home/nuctella/my_ros2_ws/src/install/vehicle_plugins/lib/libvehicle_plugins.so" to ""
[792.259s] -- Installing: /home/nuctella/my_ros2_ws/src/install/vehicle_plugins/share/vehicle_plugins/cmake/export_vehicle_pluginsExport.cmake
[792.975s] -- Installing: /home/nuctella/my_ros2_ws/src/install/vehicle_plugins/share/vehicle_plugins/cmake/export_vehicle_pluginsExport-noconfig.cmake
[793.522s] Invoked command in '/home/nuctella/my_ros2_ws/src/build/vehicle_plugins' returned '0': AMENT_PREFIX_PATH=/home/nuctella/my_ros2_ws/src/install/vehicle_base:${AMENT_PREFIX_PATH} CMAKE_PREFIX_PATH=/home/nuctella/my_ros2_ws/src/install/vehicle_base:/home/nuctella/my_ros2_ws/install/vehicle_plugins:/home/nuctella/my_ros2_ws/install/vehicle_base:/home/nuctella/my_ros2_ws/install/use_library:/home/nuctella/my_ros2_ws/install/start_with_simple_nodes:/home/nuctella/my_ros2_ws/install/service_server_and_client:/home/nuctella/my_ros2_ws/install/rosbot_interfaces:/home/nuctella/my_ros2_ws/install/publisher_library:/home/nuctella/my_ros2_ws/install/publisher_and_subscriber:/home/nuctella/my_ros2_ws/install/parameters:/home/nuctella/my_ros2_ws/install/message_sync:/home/nuctella/my_ros2_ws/install/dynamic_tf2_publisher:/home/nuctella/my_ros2_ws/install/custom_msg_and_srv:/home/nuctella/my_ros2_ws/install/action_tutorial:/home/nuctella/my_ros2_ws/install/custom_action:/home/nuctella/my_ros2_ws/install/core:/home/nuctella/ros2_ws/ws/install/rosbot_xl:/home/nuctella/ros2_ws/ws/install/rosbot_xl_gazebo:/home/nuctella/ros2_ws/ws/install/rosbot_xl_bringup:/home/nuctella/ros2_ws/ws/install/rosbot_xl_controller:/home/nuctella/ros2_ws/ws/install/rosbot_xl_description:/home/nuctella/ros2_ws/ws/install/rosbot_hardware_interfaces:/home/nuctella/ros2_ws/ws/install/ros_components_description:/home/nuctella/ros2_ws/ws/install/mecanum_drive_controller:/home/nuctella/ros2_ws/ws/install/ign_ros2_control_demos:/home/nuctella/ros2_ws/ws/install/ign_ros2_control:/home/nuctella/ros2_ws/ws/install/husarion_office_gz:/home/nuctella/ros2_ws/deps/install/sllidar_ros2:/home/nuctella/ros2_ws/deps/install/micro_ros_setup:/home/nuctella/ros2_ws/deps/install/micro_ros_agent:/home/nuctella/ros2_ws/deps/install/micro_ros_msgs:/home/nuctella/my_ros2_ws/install/start_with_simple_nodes_py:/home/nuctella/my_ros2_ws/install/rosbot_object_recognition:/home/nuctella/my_ros2_ws/install/publisher_and_subscriber_py:/opt/ros/humble /usr/bin/cmake --install /home/nuctella/my_ros2_ws/src/build/vehicle_plugins
