-- The C compiler identification is GNU 11.3.0
-- The CXX compiler identification is GNU 11.3.0
-- Detecting C compiler ABI info
-- Detecting C compiler ABI info - done
-- Check for working C compiler: /usr/bin/cc - skipped
-- Detecting C compile features
-- Detecting C compile features - done
-- Detecting CXX compiler ABI info
-- Detecting CXX compiler ABI info - done
-- Check for working CXX compiler: /usr/bin/c++ - skipped
-- Detecting CXX compile features
-- Detecting CXX compile features - done
-- Found ament_cmake: 1.3.4 (/opt/ros/humble/share/ament_cmake/cmake)
-- Found Python3: /usr/bin/python3.10 (found version "3.10.6") found components: Interpreter 
-- Override CMake install command with custom implementation using symlinks instead of copying resources
-- Found rosidl_default_generators: 1.2.0 (/opt/ros/humble/share/rosidl_default_generators/cmake)
-- Using all available rosidl_typesupport_c: rosidl_typesupport_fastrtps_c;rosidl_typesupport_introspection_c
-- Found rosidl_adapter: 3.1.4 (/opt/ros/humble/share/rosidl_adapter/cmake)
-- Using all available rosidl_typesupport_cpp: rosidl_typesupport_fastrtps_cpp;rosidl_typesupport_introspection_cpp
-- Found ament_cmake_ros: 0.10.0 (/opt/ros/humble/share/ament_cmake_ros/cmake)
-- Using all available rosidl_typesupport_c: rosidl_typesupport_fastrtps_c;rosidl_typesupport_introspection_c
-- Using all available rosidl_typesupport_cpp: rosidl_typesupport_fastrtps_cpp;rosidl_typesupport_introspection_cpp
-- Found PythonInterp: /usr/bin/python3 (found suitable version "3.10.6", minimum required is "3.6") 
-- Found python_cmake_module: 0.10.0 (/opt/ros/humble/share/python_cmake_module/cmake)
-- Found PythonLibs: /usr/lib/x86_64-linux-gnu/libpython3.10.so (found suitable version "3.10.6", minimum required is "3.5") 
-- Using PYTHON_EXECUTABLE: /usr/bin/python3
-- Using PYTHON_INCLUDE_DIRS: /usr/include/python3.10
-- Using PYTHON_LIBRARIES: /usr/lib/x86_64-linux-gnu/libpython3.10.so
-- Found PythonExtra: .so  
-- Found ament_lint_auto: 0.12.6 (/opt/ros/humble/share/ament_lint_auto/cmake)
-- Added test 'copyright' to check source files copyright and LICENSE
-- Added test 'lint_cmake' to check CMake code style
-- Added test 'xmllint' to check XML markup files
-- Configuring done
-- Generating done
-- Build files have been written to: /home/nuctella/my_ros2_ws/src/build/custom_msg_and_srv
[  3%] [34m[1mGenerating C code for ROS interfaces[0m
[  6%] [34m[1mGenerating C++ code for ROS interfaces[0m
[  6%] Built target ament_cmake_python_symlink_custom_msg_and_srv
[  6%] Built target custom_msg_and_srv__cpp
[  9%] [32mBuilding C object CMakeFiles/custom_msg_and_srv__rosidl_generator_c.dir/rosidl_generator_c/custom_msg_and_srv/srv/detail/capital_full_name__functions.c.o[0m
[ 12%] [32m[1mLinking C shared library libcustom_msg_and_srv__rosidl_generator_c.so[0m
[ 12%] Built target custom_msg_and_srv__rosidl_generator_c
[ 16%] [34m[1mGenerating C++ introspection for ROS interfaces[0m
[ 19%] [32mBuilding CXX object CMakeFiles/custom_msg_and_srv__rosidl_typesupport_introspection_cpp.dir/rosidl_typesupport_introspection_cpp/custom_msg_and_srv/srv/detail/capital_full_name__type_support.cpp.o[0m
[ 22%] [32m[1mLinking CXX shared library libcustom_msg_and_srv__rosidl_typesupport_introspection_cpp.so[0m
[ 22%] Built target custom_msg_and_srv__rosidl_typesupport_introspection_cpp
[ 25%] [34m[1mGenerating C type support dispatch for ROS interfaces[0m
[ 29%] [32mBuilding CXX object CMakeFiles/custom_msg_and_srv__rosidl_typesupport_c.dir/rosidl_typesupport_c/custom_msg_and_srv/srv/capital_full_name__type_support.cpp.o[0m
[ 32%] [32m[1mLinking CXX shared library libcustom_msg_and_srv__rosidl_typesupport_c.so[0m
[ 32%] Built target custom_msg_and_srv__rosidl_typesupport_c
[ 35%] [34m[1mGenerating C introspection for ROS interfaces[0m
[ 38%] [32mBuilding C object CMakeFiles/custom_msg_and_srv__rosidl_typesupport_introspection_c.dir/rosidl_typesupport_introspection_c/custom_msg_and_srv/srv/detail/capital_full_name__type_support.c.o[0m
[ 41%] [32m[1mLinking C shared library libcustom_msg_and_srv__rosidl_typesupport_introspection_c.so[0m
[ 41%] Built target custom_msg_and_srv__rosidl_typesupport_introspection_c
[ 45%] [34m[1mGenerating C type support for eProsima Fast-RTPS[0m
[ 48%] [32mBuilding CXX object CMakeFiles/custom_msg_and_srv__rosidl_typesupport_fastrtps_c.dir/rosidl_typesupport_fastrtps_c/custom_msg_and_srv/srv/detail/capital_full_name__type_support_c.cpp.o[0m
[ 51%] [32m[1mLinking CXX shared library libcustom_msg_and_srv__rosidl_typesupport_fastrtps_c.so[0m
[ 51%] Built target custom_msg_and_srv__rosidl_typesupport_fastrtps_c
[ 54%] [34m[1mGenerating C++ type support for eProsima Fast-RTPS[0m
[ 58%] [32mBuilding CXX object CMakeFiles/custom_msg_and_srv__rosidl_typesupport_fastrtps_cpp.dir/rosidl_typesupport_fastrtps_cpp/custom_msg_and_srv/srv/detail/dds_fastrtps/capital_full_name__type_support.cpp.o[0m
[ 61%] [32m[1mLinking CXX shared library libcustom_msg_and_srv__rosidl_typesupport_fastrtps_cpp.so[0m
[ 61%] Built target custom_msg_and_srv__rosidl_typesupport_fastrtps_cpp
[ 64%] [34m[1mGenerating C++ type support dispatch for ROS interfaces[0m
[ 67%] [32mBuilding CXX object CMakeFiles/custom_msg_and_srv__rosidl_typesupport_cpp.dir/rosidl_typesupport_cpp/custom_msg_and_srv/srv/capital_full_name__type_support.cpp.o[0m
[ 70%] [32m[1mLinking CXX shared library libcustom_msg_and_srv__rosidl_typesupport_cpp.so[0m
[ 70%] Built target custom_msg_and_srv__rosidl_typesupport_cpp
[ 70%] Built target custom_msg_and_srv
[ 74%] [34m[1mGenerating Python code for ROS interfaces[0m
running egg_info
creating custom_msg_and_srv.egg-info
writing custom_msg_and_srv.egg-info/PKG-INFO
writing dependency_links to custom_msg_and_srv.egg-info/dependency_links.txt
writing top-level names to custom_msg_and_srv.egg-info/top_level.txt
writing manifest file 'custom_msg_and_srv.egg-info/SOURCES.txt'
reading manifest file 'custom_msg_and_srv.egg-info/SOURCES.txt'
writing manifest file 'custom_msg_and_srv.egg-info/SOURCES.txt'
[ 74%] Built target ament_cmake_python_build_custom_msg_and_srv_egg
[ 74%] Built target custom_msg_and_srv__py
[ 77%] [32mBuilding C object CMakeFiles/custom_msg_and_srv__rosidl_generator_py.dir/rosidl_generator_py/custom_msg_and_srv/srv/_capital_full_name_s.c.o[0m
[ 80%] [32m[1mLinking C shared library rosidl_generator_py/custom_msg_and_srv/libcustom_msg_and_srv__rosidl_generator_py.so[0m
[ 80%] Built target custom_msg_and_srv__rosidl_generator_py
[ 83%] [32mBuilding C object CMakeFiles/custom_msg_and_srv__rosidl_typesupport_fastrtps_c__pyext.dir/rosidl_generator_py/custom_msg_and_srv/_custom_msg_and_srv_s.ep.rosidl_typesupport_fastrtps_c.c.o[0m
[ 87%] [32m[1mLinking C shared library rosidl_generator_py/custom_msg_and_srv/custom_msg_and_srv_s__rosidl_typesupport_fastrtps_c.cpython-310-x86_64-linux-gnu.so[0m
[ 87%] Built target custom_msg_and_srv__rosidl_typesupport_fastrtps_c__pyext
[ 90%] [32mBuilding C object CMakeFiles/custom_msg_and_srv__rosidl_typesupport_introspection_c__pyext.dir/rosidl_generator_py/custom_msg_and_srv/_custom_msg_and_srv_s.ep.rosidl_typesupport_introspection_c.c.o[0m
[ 93%] [32mBuilding C object CMakeFiles/custom_msg_and_srv__rosidl_typesupport_c__pyext.dir/rosidl_generator_py/custom_msg_and_srv/_custom_msg_and_srv_s.ep.rosidl_typesupport_c.c.o[0m
[ 96%] [32m[1mLinking C shared library rosidl_generator_py/custom_msg_and_srv/custom_msg_and_srv_s__rosidl_typesupport_introspection_c.cpython-310-x86_64-linux-gnu.so[0m
[100%] [32m[1mLinking C shared library rosidl_generator_py/custom_msg_and_srv/custom_msg_and_srv_s__rosidl_typesupport_c.cpython-310-x86_64-linux-gnu.so[0m
[100%] Built target custom_msg_and_srv__rosidl_typesupport_introspection_c__pyext
[100%] Built target custom_msg_and_srv__rosidl_typesupport_c__pyext
-- Install configuration: ""
-- Execute custom install script
-- Symlinking: /home/nuctella/my_ros2_ws/src/install/custom_msg_and_srv/share/ament_index/resource_index/rosidl_interfaces/custom_msg_and_srv
-- Symlinking: /home/nuctella/my_ros2_ws/src/install/custom_msg_and_srv/include/custom_msg_and_srv/custom_msg_and_srv/msg/rosidl_generator_c__visibility_control.h
-- Symlinking: /home/nuctella/my_ros2_ws/src/install/custom_msg_and_srv/include/custom_msg_and_srv/custom_msg_and_srv/srv/capital_full_name.h
-- Symlinking: /home/nuctella/my_ros2_ws/src/install/custom_msg_and_srv/include/custom_msg_and_srv/custom_msg_and_srv/srv/detail/capital_full_name__functions.h
-- Symlinking: /home/nuctella/my_ros2_ws/src/install/custom_msg_and_srv/include/custom_msg_and_srv/custom_msg_and_srv/srv/detail/capital_full_name__struct.h
-- Symlinking: /home/nuctella/my_ros2_ws/src/install/custom_msg_and_srv/include/custom_msg_and_srv/custom_msg_and_srv/srv/detail/capital_full_name__type_support.h
-- Symlinking: /home/nuctella/my_ros2_ws/src/install/custom_msg_and_srv/share/custom_msg_and_srv/environment/library_path.sh
-- Symlinking: /home/nuctella/my_ros2_ws/src/install/custom_msg_and_srv/share/custom_msg_and_srv/environment/library_path.dsv
-- Symlinking: /home/nuctella/my_ros2_ws/src/install/custom_msg_and_srv/include/custom_msg_and_srv/custom_msg_and_srv/msg/rosidl_typesupport_fastrtps_c__visibility_control.h
-- Symlinking: /home/nuctella/my_ros2_ws/src/install/custom_msg_and_srv/include/custom_msg_and_srv/custom_msg_and_srv/srv/detail/capital_full_name__rosidl_typesupport_fastrtps_c.h
-- Symlinking: /home/nuctella/my_ros2_ws/src/install/custom_msg_and_srv/include/custom_msg_and_srv/custom_msg_and_srv/msg/rosidl_typesupport_introspection_c__visibility_control.h
-- Symlinking: /home/nuctella/my_ros2_ws/src/install/custom_msg_and_srv/include/custom_msg_and_srv/custom_msg_and_srv/srv/detail/capital_full_name__rosidl_typesupport_introspection_c.h
-- Symlinking: /home/nuctella/my_ros2_ws/src/install/custom_msg_and_srv/include/custom_msg_and_srv/custom_msg_and_srv/srv/capital_full_name.hpp
-- Symlinking: /home/nuctella/my_ros2_ws/src/install/custom_msg_and_srv/include/custom_msg_and_srv/custom_msg_and_srv/srv/detail/capital_full_name__builder.hpp
-- Symlinking: /home/nuctella/my_ros2_ws/src/install/custom_msg_and_srv/include/custom_msg_and_srv/custom_msg_and_srv/srv/detail/capital_full_name__struct.hpp
-- Symlinking: /home/nuctella/my_ros2_ws/src/install/custom_msg_and_srv/include/custom_msg_and_srv/custom_msg_and_srv/srv/detail/capital_full_name__traits.hpp
-- Symlinking: /home/nuctella/my_ros2_ws/src/install/custom_msg_and_srv/include/custom_msg_and_srv/custom_msg_and_srv/msg/rosidl_typesupport_fastrtps_cpp__visibility_control.h
-- Symlinking: /home/nuctella/my_ros2_ws/src/install/custom_msg_and_srv/include/custom_msg_and_srv/custom_msg_and_srv/srv/detail/capital_full_name__rosidl_typesupport_fastrtps_cpp.hpp
-- Symlinking: /home/nuctella/my_ros2_ws/src/install/custom_msg_and_srv/include/custom_msg_and_srv/custom_msg_and_srv/srv/detail/capital_full_name__rosidl_typesupport_introspection_cpp.hpp
-- Symlinking: /home/nuctella/my_ros2_ws/src/install/custom_msg_and_srv/share/custom_msg_and_srv/environment/pythonpath.sh
-- Symlinking: /home/nuctella/my_ros2_ws/src/install/custom_msg_and_srv/share/custom_msg_and_srv/environment/pythonpath.dsv
-- Symlinking: /home/nuctella/my_ros2_ws/src/install/custom_msg_and_srv/local/lib/python3.10/dist-packages/custom_msg_and_srv-0.0.0-py3.10.egg-info/PKG-INFO
-- Symlinking: /home/nuctella/my_ros2_ws/src/install/custom_msg_and_srv/local/lib/python3.10/dist-packages/custom_msg_and_srv-0.0.0-py3.10.egg-info/SOURCES.txt
-- Symlinking: /home/nuctella/my_ros2_ws/src/install/custom_msg_and_srv/local/lib/python3.10/dist-packages/custom_msg_and_srv-0.0.0-py3.10.egg-info/dependency_links.txt
-- Symlinking: /home/nuctella/my_ros2_ws/src/install/custom_msg_and_srv/local/lib/python3.10/dist-packages/custom_msg_and_srv-0.0.0-py3.10.egg-info/top_level.txt
-- Symlinking: /home/nuctella/my_ros2_ws/src/install/custom_msg_and_srv/local/lib/python3.10/dist-packages/custom_msg_and_srv/__init__.py
-- Symlinking: /home/nuctella/my_ros2_ws/src/install/custom_msg_and_srv/local/lib/python3.10/dist-packages/custom_msg_and_srv/_custom_msg_and_srv_s.ep.rosidl_typesupport_c.c
-- Symlinking: /home/nuctella/my_ros2_ws/src/install/custom_msg_and_srv/local/lib/python3.10/dist-packages/custom_msg_and_srv/_custom_msg_and_srv_s.ep.rosidl_typesupport_fastrtps_c.c
-- Symlinking: /home/nuctella/my_ros2_ws/src/install/custom_msg_and_srv/local/lib/python3.10/dist-packages/custom_msg_and_srv/_custom_msg_and_srv_s.ep.rosidl_typesupport_introspection_c.c
-- Symlinking: /home/nuctella/my_ros2_ws/src/install/custom_msg_and_srv/local/lib/python3.10/dist-packages/custom_msg_and_srv/custom_msg_and_srv_s__rosidl_typesupport_c.cpython-310-x86_64-linux-gnu.so
-- Symlinking: /home/nuctella/my_ros2_ws/src/install/custom_msg_and_srv/local/lib/python3.10/dist-packages/custom_msg_and_srv/custom_msg_and_srv_s__rosidl_typesupport_fastrtps_c.cpython-310-x86_64-linux-gnu.so
-- Symlinking: /home/nuctella/my_ros2_ws/src/install/custom_msg_and_srv/local/lib/python3.10/dist-packages/custom_msg_and_srv/custom_msg_and_srv_s__rosidl_typesupport_introspection_c.cpython-310-x86_64-linux-gnu.so
-- Symlinking: /home/nuctella/my_ros2_ws/src/install/custom_msg_and_srv/local/lib/python3.10/dist-packages/custom_msg_and_srv/libcustom_msg_and_srv__rosidl_generator_py.so
-- Symlinking: /home/nuctella/my_ros2_ws/src/install/custom_msg_and_srv/local/lib/python3.10/dist-packages/custom_msg_and_srv/srv/__init__.py
-- Symlinking: /home/nuctella/my_ros2_ws/src/install/custom_msg_and_srv/local/lib/python3.10/dist-packages/custom_msg_and_srv/srv/_capital_full_name.py
-- Symlinking: /home/nuctella/my_ros2_ws/src/install/custom_msg_and_srv/local/lib/python3.10/dist-packages/custom_msg_and_srv/srv/_capital_full_name_s.c
-- Up-to-date symlink: /home/nuctella/my_ros2_ws/src/install/custom_msg_and_srv/local/lib/python3.10/dist-packages/custom_msg_and_srv/custom_msg_and_srv_s__rosidl_typesupport_fastrtps_c.cpython-310-x86_64-linux-gnu.so
-- Up-to-date symlink: /home/nuctella/my_ros2_ws/src/install/custom_msg_and_srv/local/lib/python3.10/dist-packages/custom_msg_and_srv/custom_msg_and_srv_s__rosidl_typesupport_introspection_c.cpython-310-x86_64-linux-gnu.so
-- Up-to-date symlink: /home/nuctella/my_ros2_ws/src/install/custom_msg_and_srv/local/lib/python3.10/dist-packages/custom_msg_and_srv/custom_msg_and_srv_s__rosidl_typesupport_c.cpython-310-x86_64-linux-gnu.so
-- Symlinking: /home/nuctella/my_ros2_ws/src/install/custom_msg_and_srv/share/custom_msg_and_srv/srv/CapitalFullName.idl
-- Symlinking: /home/nuctella/my_ros2_ws/src/install/custom_msg_and_srv/share/custom_msg_and_srv/srv/CapitalFullName.srv
-- Symlinking: /home/nuctella/my_ros2_ws/src/install/custom_msg_and_srv/share/custom_msg_and_srv/srv/CapitalFullName_Request.msg
-- Symlinking: /home/nuctella/my_ros2_ws/src/install/custom_msg_and_srv/share/custom_msg_and_srv/srv/CapitalFullName_Response.msg
-- Symlinking: /home/nuctella/my_ros2_ws/src/install/custom_msg_and_srv/share/ament_index/resource_index/package_run_dependencies/custom_msg_and_srv
-- Symlinking: /home/nuctella/my_ros2_ws/src/install/custom_msg_and_srv/share/ament_index/resource_index/parent_prefix_path/custom_msg_and_srv
-- Symlinking: /home/nuctella/my_ros2_ws/src/install/custom_msg_and_srv/share/custom_msg_and_srv/environment/ament_prefix_path.sh
-- Symlinking: /home/nuctella/my_ros2_ws/src/install/custom_msg_and_srv/share/custom_msg_and_srv/environment/ament_prefix_path.dsv
-- Symlinking: /home/nuctella/my_ros2_ws/src/install/custom_msg_and_srv/share/custom_msg_and_srv/environment/path.sh
-- Symlinking: /home/nuctella/my_ros2_ws/src/install/custom_msg_and_srv/share/custom_msg_and_srv/environment/path.dsv
-- Symlinking: /home/nuctella/my_ros2_ws/src/install/custom_msg_and_srv/share/custom_msg_and_srv/local_setup.bash
-- Symlinking: /home/nuctella/my_ros2_ws/src/install/custom_msg_and_srv/share/custom_msg_and_srv/local_setup.sh
-- Symlinking: /home/nuctella/my_ros2_ws/src/install/custom_msg_and_srv/share/custom_msg_and_srv/local_setup.zsh
-- Symlinking: /home/nuctella/my_ros2_ws/src/install/custom_msg_and_srv/share/custom_msg_and_srv/local_setup.dsv
-- Symlinking: /home/nuctella/my_ros2_ws/src/install/custom_msg_and_srv/share/custom_msg_and_srv/package.dsv
-- Symlinking: /home/nuctella/my_ros2_ws/src/install/custom_msg_and_srv/share/ament_index/resource_index/packages/custom_msg_and_srv
-- Symlinking: /home/nuctella/my_ros2_ws/src/install/custom_msg_and_srv/share/custom_msg_and_srv/cmake/rosidl_cmake-extras.cmake
-- Symlinking: /home/nuctella/my_ros2_ws/src/install/custom_msg_and_srv/share/custom_msg_and_srv/cmake/ament_cmake_export_include_directories-extras.cmake
-- Symlinking: /home/nuctella/my_ros2_ws/src/install/custom_msg_and_srv/share/custom_msg_and_srv/cmake/ament_cmake_export_libraries-extras.cmake
-- Symlinking: /home/nuctella/my_ros2_ws/src/install/custom_msg_and_srv/share/custom_msg_and_srv/cmake/ament_cmake_export_targets-extras.cmake
-- Symlinking: /home/nuctella/my_ros2_ws/src/install/custom_msg_and_srv/share/custom_msg_and_srv/cmake/rosidl_cmake_export_typesupport_targets-extras.cmake
-- Symlinking: /home/nuctella/my_ros2_ws/src/install/custom_msg_and_srv/share/custom_msg_and_srv/cmake/ament_cmake_export_dependencies-extras.cmake
-- Symlinking: /home/nuctella/my_ros2_ws/src/install/custom_msg_and_srv/share/custom_msg_and_srv/cmake/rosidl_cmake_export_typesupport_libraries-extras.cmake
-- Symlinking: /home/nuctella/my_ros2_ws/src/install/custom_msg_and_srv/share/custom_msg_and_srv/cmake/custom_msg_and_srvConfig.cmake
-- Symlinking: /home/nuctella/my_ros2_ws/src/install/custom_msg_and_srv/share/custom_msg_and_srv/cmake/custom_msg_and_srvConfig-version.cmake
-- Symlinking: /home/nuctella/my_ros2_ws/src/install/custom_msg_and_srv/share/custom_msg_and_srv/package.xml
-- Installing: /home/nuctella/my_ros2_ws/src/install/custom_msg_and_srv/lib/libcustom_msg_and_srv__rosidl_generator_c.so
-- Set runtime path of "/home/nuctella/my_ros2_ws/src/install/custom_msg_and_srv/lib/libcustom_msg_and_srv__rosidl_generator_c.so" to ""
-- Installing: /home/nuctella/my_ros2_ws/src/install/custom_msg_and_srv/lib/libcustom_msg_and_srv__rosidl_typesupport_fastrtps_c.so
-- Set runtime path of "/home/nuctella/my_ros2_ws/src/install/custom_msg_and_srv/lib/libcustom_msg_and_srv__rosidl_typesupport_fastrtps_c.so" to ""
-- Installing: /home/nuctella/my_ros2_ws/src/install/custom_msg_and_srv/lib/libcustom_msg_and_srv__rosidl_typesupport_introspection_c.so
-- Set runtime path of "/home/nuctella/my_ros2_ws/src/install/custom_msg_and_srv/lib/libcustom_msg_and_srv__rosidl_typesupport_introspection_c.so" to ""
-- Installing: /home/nuctella/my_ros2_ws/src/install/custom_msg_and_srv/lib/libcustom_msg_and_srv__rosidl_typesupport_c.so
-- Set runtime path of "/home/nuctella/my_ros2_ws/src/install/custom_msg_and_srv/lib/libcustom_msg_and_srv__rosidl_typesupport_c.so" to ""
-- Installing: /home/nuctella/my_ros2_ws/src/install/custom_msg_and_srv/lib/libcustom_msg_and_srv__rosidl_typesupport_fastrtps_cpp.so
-- Set runtime path of "/home/nuctella/my_ros2_ws/src/install/custom_msg_and_srv/lib/libcustom_msg_and_srv__rosidl_typesupport_fastrtps_cpp.so" to ""
-- Installing: /home/nuctella/my_ros2_ws/src/install/custom_msg_and_srv/lib/libcustom_msg_and_srv__rosidl_typesupport_introspection_cpp.so
-- Set runtime path of "/home/nuctella/my_ros2_ws/src/install/custom_msg_and_srv/lib/libcustom_msg_and_srv__rosidl_typesupport_introspection_cpp.so" to ""
-- Installing: /home/nuctella/my_ros2_ws/src/install/custom_msg_and_srv/lib/libcustom_msg_and_srv__rosidl_typesupport_cpp.so
-- Set runtime path of "/home/nuctella/my_ros2_ws/src/install/custom_msg_and_srv/lib/libcustom_msg_and_srv__rosidl_typesupport_cpp.so" to ""
Listing '/home/nuctella/my_ros2_ws/src/install/custom_msg_and_srv/local/lib/python3.10/dist-packages/custom_msg_and_srv'...
Compiling '/home/nuctella/my_ros2_ws/src/install/custom_msg_and_srv/local/lib/python3.10/dist-packages/custom_msg_and_srv/__init__.py'...
Listing '/home/nuctella/my_ros2_ws/src/install/custom_msg_and_srv/local/lib/python3.10/dist-packages/custom_msg_and_srv/srv'...
Compiling '/home/nuctella/my_ros2_ws/src/install/custom_msg_and_srv/local/lib/python3.10/dist-packages/custom_msg_and_srv/srv/__init__.py'...
Compiling '/home/nuctella/my_ros2_ws/src/install/custom_msg_and_srv/local/lib/python3.10/dist-packages/custom_msg_and_srv/srv/_capital_full_name.py'...
-- Installing: /home/nuctella/my_ros2_ws/src/install/custom_msg_and_srv/lib/libcustom_msg_and_srv__rosidl_generator_py.so
-- Set runtime path of "/home/nuctella/my_ros2_ws/src/install/custom_msg_and_srv/lib/libcustom_msg_and_srv__rosidl_generator_py.so" to ""
-- Installing: /home/nuctella/my_ros2_ws/src/install/custom_msg_and_srv/share/custom_msg_and_srv/cmake/export_custom_msg_and_srv__rosidl_generator_cExport.cmake
-- Installing: /home/nuctella/my_ros2_ws/src/install/custom_msg_and_srv/share/custom_msg_and_srv/cmake/export_custom_msg_and_srv__rosidl_generator_cExport-noconfig.cmake
-- Installing: /home/nuctella/my_ros2_ws/src/install/custom_msg_and_srv/share/custom_msg_and_srv/cmake/export_custom_msg_and_srv__rosidl_typesupport_fastrtps_cExport.cmake
-- Installing: /home/nuctella/my_ros2_ws/src/install/custom_msg_and_srv/share/custom_msg_and_srv/cmake/export_custom_msg_and_srv__rosidl_typesupport_fastrtps_cExport-noconfig.cmake
-- Installing: /home/nuctella/my_ros2_ws/src/install/custom_msg_and_srv/share/custom_msg_and_srv/cmake/custom_msg_and_srv__rosidl_typesupport_introspection_cExport.cmake
-- Installing: /home/nuctella/my_ros2_ws/src/install/custom_msg_and_srv/share/custom_msg_and_srv/cmake/custom_msg_and_srv__rosidl_typesupport_introspection_cExport-noconfig.cmake
-- Installing: /home/nuctella/my_ros2_ws/src/install/custom_msg_and_srv/share/custom_msg_and_srv/cmake/custom_msg_and_srv__rosidl_typesupport_cExport.cmake
-- Installing: /home/nuctella/my_ros2_ws/src/install/custom_msg_and_srv/share/custom_msg_and_srv/cmake/custom_msg_and_srv__rosidl_typesupport_cExport-noconfig.cmake
-- Installing: /home/nuctella/my_ros2_ws/src/install/custom_msg_and_srv/share/custom_msg_and_srv/cmake/export_custom_msg_and_srv__rosidl_generator_cppExport.cmake
-- Installing: /home/nuctella/my_ros2_ws/src/install/custom_msg_and_srv/share/custom_msg_and_srv/cmake/export_custom_msg_and_srv__rosidl_typesupport_fastrtps_cppExport.cmake
-- Installing: /home/nuctella/my_ros2_ws/src/install/custom_msg_and_srv/share/custom_msg_and_srv/cmake/export_custom_msg_and_srv__rosidl_typesupport_fastrtps_cppExport-noconfig.cmake
-- Installing: /home/nuctella/my_ros2_ws/src/install/custom_msg_and_srv/share/custom_msg_and_srv/cmake/custom_msg_and_srv__rosidl_typesupport_introspection_cppExport.cmake
-- Installing: /home/nuctella/my_ros2_ws/src/install/custom_msg_and_srv/share/custom_msg_and_srv/cmake/custom_msg_and_srv__rosidl_typesupport_introspection_cppExport-noconfig.cmake
-- Installing: /home/nuctella/my_ros2_ws/src/install/custom_msg_and_srv/share/custom_msg_and_srv/cmake/custom_msg_and_srv__rosidl_typesupport_cppExport.cmake
-- Installing: /home/nuctella/my_ros2_ws/src/install/custom_msg_and_srv/share/custom_msg_and_srv/cmake/custom_msg_and_srv__rosidl_typesupport_cppExport-noconfig.cmake
-- Installing: /home/nuctella/my_ros2_ws/src/install/custom_msg_and_srv/share/custom_msg_and_srv/cmake/export_custom_msg_and_srv__rosidl_generator_pyExport.cmake
-- Installing: /home/nuctella/my_ros2_ws/src/install/custom_msg_and_srv/share/custom_msg_and_srv/cmake/export_custom_msg_and_srv__rosidl_generator_pyExport-noconfig.cmake
