[9.182s] Invoking command in '/home/nuctella/my_ros2_ws/src/build/custom_msg_and_srv': CMAKE_PREFIX_PATH=${CMAKE_PREFIX_PATH}:/home/nuctella/my_ros2_ws/install/start_with_simple_nodes_py:/home/nuctella/my_ros2_ws/install/rosbot_object_recognition:/home/nuctella/my_ros2_ws/install/publisher_and_subscriber_py:/opt/ros/humble /usr/bin/cmake /home/nuctella/my_ros2_ws/src/ROS2_learning/CPP/custom_msg_and_srv -DAMENT_CMAKE_SYMLINK_INSTALL=1 -DCMAKE_INSTALL_PREFIX=/home/nuctella/my_ros2_ws/src/install/custom_msg_and_srv
[26.147s] -- The C compiler identification is GNU 11.3.0
[33.530s] -- The CXX compiler identification is GNU 11.3.0
[35.611s] -- Detecting C compiler ABI info
[57.182s] -- Detecting C compiler ABI info - done
[57.359s] -- Check for working C compiler: /usr/bin/cc - skipped
[57.367s] -- Detecting C compile features
[57.374s] -- Detecting C compile features - done
[57.827s] -- Detecting CXX compiler ABI info
[80.259s] -- Detecting CXX compiler ABI info - done
[80.447s] -- Check for working CXX compiler: /usr/bin/c++ - skipped
[80.456s] -- Detecting CXX compile features
[80.465s] -- Detecting CXX compile features - done
[90.205s] -- Found ament_cmake: 1.3.4 (/opt/ros/humble/share/ament_cmake/cmake)
[186.851s] -- Found Python3: /usr/bin/python3.10 (found version "3.10.6") found components: Interpreter 
[196.135s] -- Override CMake install command with custom implementation using symlinks instead of copying resources
[270.351s] -- Found rosidl_default_generators: 1.2.0 (/opt/ros/humble/share/rosidl_default_generators/cmake)
[277.424s] -- Using all available rosidl_typesupport_c: rosidl_typesupport_fastrtps_c;rosidl_typesupport_introspection_c
[296.701s] -- Found rosidl_adapter: 3.1.4 (/opt/ros/humble/share/rosidl_adapter/cmake)
[348.286s] -- Using all available rosidl_typesupport_cpp: rosidl_typesupport_fastrtps_cpp;rosidl_typesupport_introspection_cpp
[446.719s] -- Found ament_cmake_ros: 0.10.0 (/opt/ros/humble/share/ament_cmake_ros/cmake)
[511.980s] -- Using all available rosidl_typesupport_c: rosidl_typesupport_fastrtps_c;rosidl_typesupport_introspection_c
[568.137s] -- Using all available rosidl_typesupport_cpp: rosidl_typesupport_fastrtps_cpp;rosidl_typesupport_introspection_cpp
[575.225s] -- Found PythonInterp: /usr/bin/python3 (found suitable version "3.10.6", minimum required is "3.6") 
[584.687s] -- Found python_cmake_module: 0.10.0 (/opt/ros/humble/share/python_cmake_module/cmake)
[598.209s] -- Found PythonLibs: /usr/lib/x86_64-linux-gnu/libpython3.10.so (found suitable version "3.10.6", minimum required is "3.5") 
[598.217s] -- Using PYTHON_EXECUTABLE: /usr/bin/python3
[598.224s] -- Using PYTHON_INCLUDE_DIRS: /usr/include/python3.10
[598.231s] -- Using PYTHON_LIBRARIES: /usr/lib/x86_64-linux-gnu/libpython3.10.so
[604.087s] -- Found PythonExtra: .so  
[621.323s] -- Found ament_lint_auto: 0.12.6 (/opt/ros/humble/share/ament_lint_auto/cmake)
[691.239s] -- Added test 'copyright' to check source files copyright and LICENSE
[695.959s] -- Added test 'lint_cmake' to check CMake code style
[698.888s] -- Added test 'xmllint' to check XML markup files
[704.588s] -- Configuring done
[717.263s] -- Generating done
[719.037s] -- Build files have been written to: /home/nuctella/my_ros2_ws/src/build/custom_msg_and_srv
[719.087s] Invoked command in '/home/nuctella/my_ros2_ws/src/build/custom_msg_and_srv' returned '0': CMAKE_PREFIX_PATH=${CMAKE_PREFIX_PATH}:/home/nuctella/my_ros2_ws/install/start_with_simple_nodes_py:/home/nuctella/my_ros2_ws/install/rosbot_object_recognition:/home/nuctella/my_ros2_ws/install/publisher_and_subscriber_py:/opt/ros/humble /usr/bin/cmake /home/nuctella/my_ros2_ws/src/ROS2_learning/CPP/custom_msg_and_srv -DAMENT_CMAKE_SYMLINK_INSTALL=1 -DCMAKE_INSTALL_PREFIX=/home/nuctella/my_ros2_ws/src/install/custom_msg_and_srv
[719.136s] Invoking command in '/home/nuctella/my_ros2_ws/src/build/custom_msg_and_srv': CMAKE_PREFIX_PATH=${CMAKE_PREFIX_PATH}:/home/nuctella/my_ros2_ws/install/start_with_simple_nodes_py:/home/nuctella/my_ros2_ws/install/rosbot_object_recognition:/home/nuctella/my_ros2_ws/install/publisher_and_subscriber_py:/opt/ros/humble /usr/bin/cmake --build /home/nuctella/my_ros2_ws/src/build/custom_msg_and_srv -- -j8 -l8
[746.019s] [  3%] [34m[1mGenerating C code for ROS interfaces[0m
[753.727s] [  6%] [34m[1mGenerating C++ code for ROS interfaces[0m
[761.382s] [  6%] Built target ament_cmake_python_symlink_custom_msg_and_srv
[796.418s] [  6%] Built target custom_msg_and_srv__cpp
[800.528s] [  9%] [32mBuilding C object CMakeFiles/custom_msg_and_srv__rosidl_generator_c.dir/rosidl_generator_c/custom_msg_and_srv/srv/detail/capital_full_name__functions.c.o[0m
[810.558s] [ 12%] [32m[1mLinking C shared library libcustom_msg_and_srv__rosidl_generator_c.so[0m
[824.732s] [ 12%] Built target custom_msg_and_srv__rosidl_generator_c
[831.273s] [ 16%] [34m[1mGenerating C++ introspection for ROS interfaces[0m
[861.655s] [ 19%] [32mBuilding CXX object CMakeFiles/custom_msg_and_srv__rosidl_typesupport_introspection_cpp.dir/rosidl_typesupport_introspection_cpp/custom_msg_and_srv/srv/detail/capital_full_name__type_support.cpp.o[0m
[874.736s] [ 22%] [32m[1mLinking CXX shared library libcustom_msg_and_srv__rosidl_typesupport_introspection_cpp.so[0m
[888.926s] [ 22%] Built target custom_msg_and_srv__rosidl_typesupport_introspection_cpp
[895.107s] [ 25%] [34m[1mGenerating C type support dispatch for ROS interfaces[0m
[925.624s] [ 29%] [32mBuilding CXX object CMakeFiles/custom_msg_and_srv__rosidl_typesupport_c.dir/rosidl_typesupport_c/custom_msg_and_srv/srv/capital_full_name__type_support.cpp.o[0m
[935.808s] [ 32%] [32m[1mLinking CXX shared library libcustom_msg_and_srv__rosidl_typesupport_c.so[0m
[951.078s] [ 32%] Built target custom_msg_and_srv__rosidl_typesupport_c
[958.916s] [ 35%] [34m[1mGenerating C introspection for ROS interfaces[0m
[993.865s] [ 38%] [32mBuilding C object CMakeFiles/custom_msg_and_srv__rosidl_typesupport_introspection_c.dir/rosidl_typesupport_introspection_c/custom_msg_and_srv/srv/detail/capital_full_name__type_support.c.o[0m
[1005.039s] [ 41%] [32m[1mLinking C shared library libcustom_msg_and_srv__rosidl_typesupport_introspection_c.so[0m
[1019.446s] [ 41%] Built target custom_msg_and_srv__rosidl_typesupport_introspection_c
[1025.771s] [ 45%] [34m[1mGenerating C type support for eProsima Fast-RTPS[0m
[1056.464s] [ 48%] [32mBuilding CXX object CMakeFiles/custom_msg_and_srv__rosidl_typesupport_fastrtps_c.dir/rosidl_typesupport_fastrtps_c/custom_msg_and_srv/srv/detail/capital_full_name__type_support_c.cpp.o[0m
[1068.733s] [ 51%] [32m[1mLinking CXX shared library libcustom_msg_and_srv__rosidl_typesupport_fastrtps_c.so[0m
[1081.199s] [ 51%] Built target custom_msg_and_srv__rosidl_typesupport_fastrtps_c
[1088.267s] [ 54%] [34m[1mGenerating C++ type support for eProsima Fast-RTPS[0m
[1125.790s] [ 58%] [32mBuilding CXX object CMakeFiles/custom_msg_and_srv__rosidl_typesupport_fastrtps_cpp.dir/rosidl_typesupport_fastrtps_cpp/custom_msg_and_srv/srv/detail/dds_fastrtps/capital_full_name__type_support.cpp.o[0m
[1140.445s] [ 61%] [32m[1mLinking CXX shared library libcustom_msg_and_srv__rosidl_typesupport_fastrtps_cpp.so[0m
[1150.467s] [ 61%] Built target custom_msg_and_srv__rosidl_typesupport_fastrtps_cpp
[1157.067s] [ 64%] [34m[1mGenerating C++ type support dispatch for ROS interfaces[0m
[1184.720s] [ 67%] [32mBuilding CXX object CMakeFiles/custom_msg_and_srv__rosidl_typesupport_cpp.dir/rosidl_typesupport_cpp/custom_msg_and_srv/srv/capital_full_name__type_support.cpp.o[0m
[1196.525s] [ 70%] [32m[1mLinking CXX shared library libcustom_msg_and_srv__rosidl_typesupport_cpp.so[0m
[1208.390s] [ 70%] Built target custom_msg_and_srv__rosidl_typesupport_cpp
[1225.786s] [ 70%] Built target custom_msg_and_srv
[1242.753s] [ 74%] [34m[1mGenerating Python code for ROS interfaces[0m
[1247.463s] running egg_info
[1247.475s] creating custom_msg_and_srv.egg-info
[1247.982s] writing custom_msg_and_srv.egg-info/PKG-INFO
[1248.020s] writing dependency_links to custom_msg_and_srv.egg-info/dependency_links.txt
[1248.082s] writing top-level names to custom_msg_and_srv.egg-info/top_level.txt
[1248.118s] writing manifest file 'custom_msg_and_srv.egg-info/SOURCES.txt'
[1249.849s] reading manifest file 'custom_msg_and_srv.egg-info/SOURCES.txt'
[1250.092s] writing manifest file 'custom_msg_and_srv.egg-info/SOURCES.txt'
[1255.234s] [ 74%] Built target ament_cmake_python_build_custom_msg_and_srv_egg
[1294.897s] [ 74%] Built target custom_msg_and_srv__py
[1309.213s] [ 77%] [32mBuilding C object CMakeFiles/custom_msg_and_srv__rosidl_generator_py.dir/rosidl_generator_py/custom_msg_and_srv/srv/_capital_full_name_s.c.o[0m
[1322.039s] [ 80%] [32m[1mLinking C shared library rosidl_generator_py/custom_msg_and_srv/libcustom_msg_and_srv__rosidl_generator_py.so[0m
[1336.506s] [ 80%] Built target custom_msg_and_srv__rosidl_generator_py
[1349.542s] [ 83%] [32mBuilding C object CMakeFiles/custom_msg_and_srv__rosidl_typesupport_fastrtps_c__pyext.dir/rosidl_generator_py/custom_msg_and_srv/_custom_msg_and_srv_s.ep.rosidl_typesupport_fastrtps_c.c.o[0m
[1360.047s] [ 87%] [32m[1mLinking C shared library rosidl_generator_py/custom_msg_and_srv/custom_msg_and_srv_s__rosidl_typesupport_fastrtps_c.cpython-310-x86_64-linux-gnu.so[0m
[1371.895s] [ 87%] Built target custom_msg_and_srv__rosidl_typesupport_fastrtps_c__pyext
[1383.260s] [ 90%] [32mBuilding C object CMakeFiles/custom_msg_and_srv__rosidl_typesupport_introspection_c__pyext.dir/rosidl_generator_py/custom_msg_and_srv/_custom_msg_and_srv_s.ep.rosidl_typesupport_introspection_c.c.o[0m
[1384.225s] [ 93%] [32mBuilding C object CMakeFiles/custom_msg_and_srv__rosidl_typesupport_c__pyext.dir/rosidl_generator_py/custom_msg_and_srv/_custom_msg_and_srv_s.ep.rosidl_typesupport_c.c.o[0m
[1394.450s] [ 96%] [32m[1mLinking C shared library rosidl_generator_py/custom_msg_and_srv/custom_msg_and_srv_s__rosidl_typesupport_introspection_c.cpython-310-x86_64-linux-gnu.so[0m
[1394.634s] [100%] [32m[1mLinking C shared library rosidl_generator_py/custom_msg_and_srv/custom_msg_and_srv_s__rosidl_typesupport_c.cpython-310-x86_64-linux-gnu.so[0m
[1406.859s] [100%] Built target custom_msg_and_srv__rosidl_typesupport_introspection_c__pyext
[1408.002s] [100%] Built target custom_msg_and_srv__rosidl_typesupport_c__pyext
[1418.291s] Invoked command in '/home/nuctella/my_ros2_ws/src/build/custom_msg_and_srv' returned '0': CMAKE_PREFIX_PATH=${CMAKE_PREFIX_PATH}:/home/nuctella/my_ros2_ws/install/start_with_simple_nodes_py:/home/nuctella/my_ros2_ws/install/rosbot_object_recognition:/home/nuctella/my_ros2_ws/install/publisher_and_subscriber_py:/opt/ros/humble /usr/bin/cmake --build /home/nuctella/my_ros2_ws/src/build/custom_msg_and_srv -- -j8 -l8
[1507.467s] Invoking command in '/home/nuctella/my_ros2_ws/src/build/custom_msg_and_srv': CMAKE_PREFIX_PATH=${CMAKE_PREFIX_PATH}:/home/nuctella/my_ros2_ws/install/start_with_simple_nodes_py:/home/nuctella/my_ros2_ws/install/rosbot_object_recognition:/home/nuctella/my_ros2_ws/install/publisher_and_subscriber_py:/opt/ros/humble /usr/bin/cmake --install /home/nuctella/my_ros2_ws/src/build/custom_msg_and_srv
[1603.384s] -- Install configuration: ""
[1603.391s] -- Execute custom install script
[1603.400s] -- Symlinking: /home/nuctella/my_ros2_ws/src/install/custom_msg_and_srv/share/ament_index/resource_index/rosidl_interfaces/custom_msg_and_srv
[1603.407s] -- Symlinking: /home/nuctella/my_ros2_ws/src/install/custom_msg_and_srv/include/custom_msg_and_srv/custom_msg_and_srv/msg/rosidl_generator_c__visibility_control.h
[1603.416s] -- Symlinking: /home/nuctella/my_ros2_ws/src/install/custom_msg_and_srv/include/custom_msg_and_srv/custom_msg_and_srv/srv/capital_full_name.h
[1603.428s] -- Symlinking: /home/nuctella/my_ros2_ws/src/install/custom_msg_and_srv/include/custom_msg_and_srv/custom_msg_and_srv/srv/detail/capital_full_name__functions.h
[1603.436s] -- Symlinking: /home/nuctella/my_ros2_ws/src/install/custom_msg_and_srv/include/custom_msg_and_srv/custom_msg_and_srv/srv/detail/capital_full_name__struct.h
[1603.443s] -- Symlinking: /home/nuctella/my_ros2_ws/src/install/custom_msg_and_srv/include/custom_msg_and_srv/custom_msg_and_srv/srv/detail/capital_full_name__type_support.h
[1603.453s] -- Symlinking: /home/nuctella/my_ros2_ws/src/install/custom_msg_and_srv/share/custom_msg_and_srv/environment/library_path.sh
[1603.461s] -- Symlinking: /home/nuctella/my_ros2_ws/src/install/custom_msg_and_srv/share/custom_msg_and_srv/environment/library_path.dsv
[1603.470s] -- Symlinking: /home/nuctella/my_ros2_ws/src/install/custom_msg_and_srv/include/custom_msg_and_srv/custom_msg_and_srv/msg/rosidl_typesupport_fastrtps_c__visibility_control.h
[1603.476s] -- Symlinking: /home/nuctella/my_ros2_ws/src/install/custom_msg_and_srv/include/custom_msg_and_srv/custom_msg_and_srv/srv/detail/capital_full_name__rosidl_typesupport_fastrtps_c.h
[1603.482s] -- Symlinking: /home/nuctella/my_ros2_ws/src/install/custom_msg_and_srv/include/custom_msg_and_srv/custom_msg_and_srv/msg/rosidl_typesupport_introspection_c__visibility_control.h
[1603.490s] -- Symlinking: /home/nuctella/my_ros2_ws/src/install/custom_msg_and_srv/include/custom_msg_and_srv/custom_msg_and_srv/srv/detail/capital_full_name__rosidl_typesupport_introspection_c.h
[1603.496s] -- Symlinking: /home/nuctella/my_ros2_ws/src/install/custom_msg_and_srv/include/custom_msg_and_srv/custom_msg_and_srv/srv/capital_full_name.hpp
[1603.507s] -- Symlinking: /home/nuctella/my_ros2_ws/src/install/custom_msg_and_srv/include/custom_msg_and_srv/custom_msg_and_srv/srv/detail/capital_full_name__builder.hpp
[1603.514s] -- Symlinking: /home/nuctella/my_ros2_ws/src/install/custom_msg_and_srv/include/custom_msg_and_srv/custom_msg_and_srv/srv/detail/capital_full_name__struct.hpp
[1603.522s] -- Symlinking: /home/nuctella/my_ros2_ws/src/install/custom_msg_and_srv/include/custom_msg_and_srv/custom_msg_and_srv/srv/detail/capital_full_name__traits.hpp
[1603.528s] -- Symlinking: /home/nuctella/my_ros2_ws/src/install/custom_msg_and_srv/include/custom_msg_and_srv/custom_msg_and_srv/msg/rosidl_typesupport_fastrtps_cpp__visibility_control.h
[1603.537s] -- Symlinking: /home/nuctella/my_ros2_ws/src/install/custom_msg_and_srv/include/custom_msg_and_srv/custom_msg_and_srv/srv/detail/capital_full_name__rosidl_typesupport_fastrtps_cpp.hpp
[1603.544s] -- Symlinking: /home/nuctella/my_ros2_ws/src/install/custom_msg_and_srv/include/custom_msg_and_srv/custom_msg_and_srv/srv/detail/capital_full_name__rosidl_typesupport_introspection_cpp.hpp
[1603.554s] -- Symlinking: /home/nuctella/my_ros2_ws/src/install/custom_msg_and_srv/share/custom_msg_and_srv/environment/pythonpath.sh
[1603.974s] -- Symlinking: /home/nuctella/my_ros2_ws/src/install/custom_msg_and_srv/share/custom_msg_and_srv/environment/pythonpath.dsv
[1608.416s] -- Symlinking: /home/nuctella/my_ros2_ws/src/install/custom_msg_and_srv/local/lib/python3.10/dist-packages/custom_msg_and_srv-0.0.0-py3.10.egg-info/PKG-INFO
[1612.867s] -- Symlinking: /home/nuctella/my_ros2_ws/src/install/custom_msg_and_srv/local/lib/python3.10/dist-packages/custom_msg_and_srv-0.0.0-py3.10.egg-info/SOURCES.txt
[1616.836s] -- Symlinking: /home/nuctella/my_ros2_ws/src/install/custom_msg_and_srv/local/lib/python3.10/dist-packages/custom_msg_and_srv-0.0.0-py3.10.egg-info/dependency_links.txt
[1621.359s] -- Symlinking: /home/nuctella/my_ros2_ws/src/install/custom_msg_and_srv/local/lib/python3.10/dist-packages/custom_msg_and_srv-0.0.0-py3.10.egg-info/top_level.txt
[1626.935s] -- Symlinking: /home/nuctella/my_ros2_ws/src/install/custom_msg_and_srv/local/lib/python3.10/dist-packages/custom_msg_and_srv/__init__.py
[1630.639s] -- Symlinking: /home/nuctella/my_ros2_ws/src/install/custom_msg_and_srv/local/lib/python3.10/dist-packages/custom_msg_and_srv/_custom_msg_and_srv_s.ep.rosidl_typesupport_c.c
[1634.970s] -- Symlinking: /home/nuctella/my_ros2_ws/src/install/custom_msg_and_srv/local/lib/python3.10/dist-packages/custom_msg_and_srv/_custom_msg_and_srv_s.ep.rosidl_typesupport_fastrtps_c.c
[1638.558s] -- Symlinking: /home/nuctella/my_ros2_ws/src/install/custom_msg_and_srv/local/lib/python3.10/dist-packages/custom_msg_and_srv/_custom_msg_and_srv_s.ep.rosidl_typesupport_introspection_c.c
[1643.135s] -- Symlinking: /home/nuctella/my_ros2_ws/src/install/custom_msg_and_srv/local/lib/python3.10/dist-packages/custom_msg_and_srv/custom_msg_and_srv_s__rosidl_typesupport_c.cpython-310-x86_64-linux-gnu.so
[1646.668s] -- Symlinking: /home/nuctella/my_ros2_ws/src/install/custom_msg_and_srv/local/lib/python3.10/dist-packages/custom_msg_and_srv/custom_msg_and_srv_s__rosidl_typesupport_fastrtps_c.cpython-310-x86_64-linux-gnu.so
[1651.937s] -- Symlinking: /home/nuctella/my_ros2_ws/src/install/custom_msg_and_srv/local/lib/python3.10/dist-packages/custom_msg_and_srv/custom_msg_and_srv_s__rosidl_typesupport_introspection_c.cpython-310-x86_64-linux-gnu.so
[1656.623s] -- Symlinking: /home/nuctella/my_ros2_ws/src/install/custom_msg_and_srv/local/lib/python3.10/dist-packages/custom_msg_and_srv/libcustom_msg_and_srv__rosidl_generator_py.so
[1660.518s] -- Symlinking: /home/nuctella/my_ros2_ws/src/install/custom_msg_and_srv/local/lib/python3.10/dist-packages/custom_msg_and_srv/srv/__init__.py
[1664.433s] -- Symlinking: /home/nuctella/my_ros2_ws/src/install/custom_msg_and_srv/local/lib/python3.10/dist-packages/custom_msg_and_srv/srv/_capital_full_name.py
[1669.214s] -- Symlinking: /home/nuctella/my_ros2_ws/src/install/custom_msg_and_srv/local/lib/python3.10/dist-packages/custom_msg_and_srv/srv/_capital_full_name_s.c
[1674.048s] -- Up-to-date symlink: /home/nuctella/my_ros2_ws/src/install/custom_msg_and_srv/local/lib/python3.10/dist-packages/custom_msg_and_srv/custom_msg_and_srv_s__rosidl_typesupport_fastrtps_c.cpython-310-x86_64-linux-gnu.so
[1674.429s] -- Up-to-date symlink: /home/nuctella/my_ros2_ws/src/install/custom_msg_and_srv/local/lib/python3.10/dist-packages/custom_msg_and_srv/custom_msg_and_srv_s__rosidl_typesupport_introspection_c.cpython-310-x86_64-linux-gnu.so
[1674.809s] -- Up-to-date symlink: /home/nuctella/my_ros2_ws/src/install/custom_msg_and_srv/local/lib/python3.10/dist-packages/custom_msg_and_srv/custom_msg_and_srv_s__rosidl_typesupport_c.cpython-310-x86_64-linux-gnu.so
[1674.990s] -- Symlinking: /home/nuctella/my_ros2_ws/src/install/custom_msg_and_srv/share/custom_msg_and_srv/srv/CapitalFullName.idl
[1679.058s] -- Symlinking: /home/nuctella/my_ros2_ws/src/install/custom_msg_and_srv/share/custom_msg_and_srv/srv/CapitalFullName.srv
[1684.016s] -- Symlinking: /home/nuctella/my_ros2_ws/src/install/custom_msg_and_srv/share/custom_msg_and_srv/srv/CapitalFullName_Request.msg
[1689.056s] -- Symlinking: /home/nuctella/my_ros2_ws/src/install/custom_msg_and_srv/share/custom_msg_and_srv/srv/CapitalFullName_Response.msg
[1693.634s] -- Symlinking: /home/nuctella/my_ros2_ws/src/install/custom_msg_and_srv/share/ament_index/resource_index/package_run_dependencies/custom_msg_and_srv
[1698.421s] -- Symlinking: /home/nuctella/my_ros2_ws/src/install/custom_msg_and_srv/share/ament_index/resource_index/parent_prefix_path/custom_msg_and_srv
[1702.987s] -- Symlinking: /home/nuctella/my_ros2_ws/src/install/custom_msg_and_srv/share/custom_msg_and_srv/environment/ament_prefix_path.sh
[1707.069s] -- Symlinking: /home/nuctella/my_ros2_ws/src/install/custom_msg_and_srv/share/custom_msg_and_srv/environment/ament_prefix_path.dsv
[1711.011s] -- Symlinking: /home/nuctella/my_ros2_ws/src/install/custom_msg_and_srv/share/custom_msg_and_srv/environment/path.sh
[1714.863s] -- Symlinking: /home/nuctella/my_ros2_ws/src/install/custom_msg_and_srv/share/custom_msg_and_srv/environment/path.dsv
[1718.647s] -- Symlinking: /home/nuctella/my_ros2_ws/src/install/custom_msg_and_srv/share/custom_msg_and_srv/local_setup.bash
[1721.860s] -- Symlinking: /home/nuctella/my_ros2_ws/src/install/custom_msg_and_srv/share/custom_msg_and_srv/local_setup.sh
[1726.520s] -- Symlinking: /home/nuctella/my_ros2_ws/src/install/custom_msg_and_srv/share/custom_msg_and_srv/local_setup.zsh
[1731.058s] -- Symlinking: /home/nuctella/my_ros2_ws/src/install/custom_msg_and_srv/share/custom_msg_and_srv/local_setup.dsv
[1735.629s] -- Symlinking: /home/nuctella/my_ros2_ws/src/install/custom_msg_and_srv/share/custom_msg_and_srv/package.dsv
[1739.803s] -- Symlinking: /home/nuctella/my_ros2_ws/src/install/custom_msg_and_srv/share/ament_index/resource_index/packages/custom_msg_and_srv
[1744.096s] -- Symlinking: /home/nuctella/my_ros2_ws/src/install/custom_msg_and_srv/share/custom_msg_and_srv/cmake/rosidl_cmake-extras.cmake
[1748.079s] -- Symlinking: /home/nuctella/my_ros2_ws/src/install/custom_msg_and_srv/share/custom_msg_and_srv/cmake/ament_cmake_export_include_directories-extras.cmake
[1752.036s] -- Symlinking: /home/nuctella/my_ros2_ws/src/install/custom_msg_and_srv/share/custom_msg_and_srv/cmake/ament_cmake_export_libraries-extras.cmake
[1755.702s] -- Symlinking: /home/nuctella/my_ros2_ws/src/install/custom_msg_and_srv/share/custom_msg_and_srv/cmake/ament_cmake_export_targets-extras.cmake
[1760.480s] -- Symlinking: /home/nuctella/my_ros2_ws/src/install/custom_msg_and_srv/share/custom_msg_and_srv/cmake/rosidl_cmake_export_typesupport_targets-extras.cmake
[1764.719s] -- Symlinking: /home/nuctella/my_ros2_ws/src/install/custom_msg_and_srv/share/custom_msg_and_srv/cmake/ament_cmake_export_dependencies-extras.cmake
[1768.993s] -- Symlinking: /home/nuctella/my_ros2_ws/src/install/custom_msg_and_srv/share/custom_msg_and_srv/cmake/rosidl_cmake_export_typesupport_libraries-extras.cmake
[1773.309s] -- Symlinking: /home/nuctella/my_ros2_ws/src/install/custom_msg_and_srv/share/custom_msg_and_srv/cmake/custom_msg_and_srvConfig.cmake
[1777.707s] -- Symlinking: /home/nuctella/my_ros2_ws/src/install/custom_msg_and_srv/share/custom_msg_and_srv/cmake/custom_msg_and_srvConfig-version.cmake
[1781.618s] -- Symlinking: /home/nuctella/my_ros2_ws/src/install/custom_msg_and_srv/share/custom_msg_and_srv/package.xml
[1786.283s] -- Installing: /home/nuctella/my_ros2_ws/src/install/custom_msg_and_srv/lib/libcustom_msg_and_srv__rosidl_generator_c.so
[1786.994s] -- Set runtime path of "/home/nuctella/my_ros2_ws/src/install/custom_msg_and_srv/lib/libcustom_msg_and_srv__rosidl_generator_c.so" to ""
[1787.113s] -- Installing: /home/nuctella/my_ros2_ws/src/install/custom_msg_and_srv/lib/libcustom_msg_and_srv__rosidl_typesupport_fastrtps_c.so
[1787.859s] -- Set runtime path of "/home/nuctella/my_ros2_ws/src/install/custom_msg_and_srv/lib/libcustom_msg_and_srv__rosidl_typesupport_fastrtps_c.so" to ""
[1787.983s] -- Installing: /home/nuctella/my_ros2_ws/src/install/custom_msg_and_srv/lib/libcustom_msg_and_srv__rosidl_typesupport_introspection_c.so
[1788.703s] -- Set runtime path of "/home/nuctella/my_ros2_ws/src/install/custom_msg_and_srv/lib/libcustom_msg_and_srv__rosidl_typesupport_introspection_c.so" to ""
[1788.829s] -- Installing: /home/nuctella/my_ros2_ws/src/install/custom_msg_and_srv/lib/libcustom_msg_and_srv__rosidl_typesupport_c.so
[1789.498s] -- Set runtime path of "/home/nuctella/my_ros2_ws/src/install/custom_msg_and_srv/lib/libcustom_msg_and_srv__rosidl_typesupport_c.so" to ""
[1789.625s] -- Installing: /home/nuctella/my_ros2_ws/src/install/custom_msg_and_srv/lib/libcustom_msg_and_srv__rosidl_typesupport_fastrtps_cpp.so
[1790.366s] -- Set runtime path of "/home/nuctella/my_ros2_ws/src/install/custom_msg_and_srv/lib/libcustom_msg_and_srv__rosidl_typesupport_fastrtps_cpp.so" to ""
[1790.491s] -- Installing: /home/nuctella/my_ros2_ws/src/install/custom_msg_and_srv/lib/libcustom_msg_and_srv__rosidl_typesupport_introspection_cpp.so
[1791.093s] -- Set runtime path of "/home/nuctella/my_ros2_ws/src/install/custom_msg_and_srv/lib/libcustom_msg_and_srv__rosidl_typesupport_introspection_cpp.so" to ""
[1791.190s] -- Installing: /home/nuctella/my_ros2_ws/src/install/custom_msg_and_srv/lib/libcustom_msg_and_srv__rosidl_typesupport_cpp.so
[1791.877s] -- Set runtime path of "/home/nuctella/my_ros2_ws/src/install/custom_msg_and_srv/lib/libcustom_msg_and_srv__rosidl_typesupport_cpp.so" to ""
[1807.924s] Listing '/home/nuctella/my_ros2_ws/src/install/custom_msg_and_srv/local/lib/python3.10/dist-packages/custom_msg_and_srv'...
[1807.930s] Compiling '/home/nuctella/my_ros2_ws/src/install/custom_msg_and_srv/local/lib/python3.10/dist-packages/custom_msg_and_srv/__init__.py'...
[1807.936s] Listing '/home/nuctella/my_ros2_ws/src/install/custom_msg_and_srv/local/lib/python3.10/dist-packages/custom_msg_and_srv/srv'...
[1807.944s] Compiling '/home/nuctella/my_ros2_ws/src/install/custom_msg_and_srv/local/lib/python3.10/dist-packages/custom_msg_and_srv/srv/__init__.py'...
[1807.952s] Compiling '/home/nuctella/my_ros2_ws/src/install/custom_msg_and_srv/local/lib/python3.10/dist-packages/custom_msg_and_srv/srv/_capital_full_name.py'...
[1808.057s] -- Installing: /home/nuctella/my_ros2_ws/src/install/custom_msg_and_srv/lib/libcustom_msg_and_srv__rosidl_generator_py.so
[1808.748s] -- Set runtime path of "/home/nuctella/my_ros2_ws/src/install/custom_msg_and_srv/lib/libcustom_msg_and_srv__rosidl_generator_py.so" to ""
[1808.986s] -- Installing: /home/nuctella/my_ros2_ws/src/install/custom_msg_and_srv/share/custom_msg_and_srv/cmake/export_custom_msg_and_srv__rosidl_generator_cExport.cmake
[1809.701s] -- Installing: /home/nuctella/my_ros2_ws/src/install/custom_msg_and_srv/share/custom_msg_and_srv/cmake/export_custom_msg_and_srv__rosidl_generator_cExport-noconfig.cmake
[1810.434s] -- Installing: /home/nuctella/my_ros2_ws/src/install/custom_msg_and_srv/share/custom_msg_and_srv/cmake/export_custom_msg_and_srv__rosidl_typesupport_fastrtps_cExport.cmake
[1811.210s] -- Installing: /home/nuctella/my_ros2_ws/src/install/custom_msg_and_srv/share/custom_msg_and_srv/cmake/export_custom_msg_and_srv__rosidl_typesupport_fastrtps_cExport-noconfig.cmake
[1811.941s] -- Installing: /home/nuctella/my_ros2_ws/src/install/custom_msg_and_srv/share/custom_msg_and_srv/cmake/custom_msg_and_srv__rosidl_typesupport_introspection_cExport.cmake
[1812.657s] -- Installing: /home/nuctella/my_ros2_ws/src/install/custom_msg_and_srv/share/custom_msg_and_srv/cmake/custom_msg_and_srv__rosidl_typesupport_introspection_cExport-noconfig.cmake
[1813.464s] -- Installing: /home/nuctella/my_ros2_ws/src/install/custom_msg_and_srv/share/custom_msg_and_srv/cmake/custom_msg_and_srv__rosidl_typesupport_cExport.cmake
[1814.228s] -- Installing: /home/nuctella/my_ros2_ws/src/install/custom_msg_and_srv/share/custom_msg_and_srv/cmake/custom_msg_and_srv__rosidl_typesupport_cExport-noconfig.cmake
[1815.070s] -- Installing: /home/nuctella/my_ros2_ws/src/install/custom_msg_and_srv/share/custom_msg_and_srv/cmake/export_custom_msg_and_srv__rosidl_generator_cppExport.cmake
[1815.875s] -- Installing: /home/nuctella/my_ros2_ws/src/install/custom_msg_and_srv/share/custom_msg_and_srv/cmake/export_custom_msg_and_srv__rosidl_typesupport_fastrtps_cppExport.cmake
[1816.716s] -- Installing: /home/nuctella/my_ros2_ws/src/install/custom_msg_and_srv/share/custom_msg_and_srv/cmake/export_custom_msg_and_srv__rosidl_typesupport_fastrtps_cppExport-noconfig.cmake
[1817.681s] -- Installing: /home/nuctella/my_ros2_ws/src/install/custom_msg_and_srv/share/custom_msg_and_srv/cmake/custom_msg_and_srv__rosidl_typesupport_introspection_cppExport.cmake
[1818.703s] -- Installing: /home/nuctella/my_ros2_ws/src/install/custom_msg_and_srv/share/custom_msg_and_srv/cmake/custom_msg_and_srv__rosidl_typesupport_introspection_cppExport-noconfig.cmake
[1819.396s] -- Installing: /home/nuctella/my_ros2_ws/src/install/custom_msg_and_srv/share/custom_msg_and_srv/cmake/custom_msg_and_srv__rosidl_typesupport_cppExport.cmake
[1820.147s] -- Installing: /home/nuctella/my_ros2_ws/src/install/custom_msg_and_srv/share/custom_msg_and_srv/cmake/custom_msg_and_srv__rosidl_typesupport_cppExport-noconfig.cmake
[1820.944s] -- Installing: /home/nuctella/my_ros2_ws/src/install/custom_msg_and_srv/share/custom_msg_and_srv/cmake/export_custom_msg_and_srv__rosidl_generator_pyExport.cmake
[1821.723s] -- Installing: /home/nuctella/my_ros2_ws/src/install/custom_msg_and_srv/share/custom_msg_and_srv/cmake/export_custom_msg_and_srv__rosidl_generator_pyExport-noconfig.cmake
[1822.646s] Invoked command in '/home/nuctella/my_ros2_ws/src/build/custom_msg_and_srv' returned '0': CMAKE_PREFIX_PATH=${CMAKE_PREFIX_PATH}:/home/nuctella/my_ros2_ws/install/start_with_simple_nodes_py:/home/nuctella/my_ros2_ws/install/rosbot_object_recognition:/home/nuctella/my_ros2_ws/install/publisher_and_subscriber_py:/opt/ros/humble /usr/bin/cmake --install /home/nuctella/my_ros2_ws/src/build/custom_msg_and_srv
