[0.050s] Invoking command in '/home/nuctella/ros2_ws/ws/build/uav_single_gazebo': CMAKE_PREFIX_PATH=${CMAKE_PREFIX_PATH}:/home/nuctella/my_ros2_ws/install/rosbot_object_recognition:/opt/ros/humble /usr/bin/cmake /home/nuctella/ros2_ws/ws/src/uav_single_gazebo -DCMAKE_INSTALL_PREFIX=/home/nuctella/ros2_ws/ws/install/uav_single_gazebo
[0.058s] -- Looking for ignition-gazebo6 -- found version 6.15.0
[0.064s] -- Searching for dependencies of ignition-gazebo6
[0.065s] -- Looking for sdformat12 -- found version 12.7.2
[0.065s] -- Searching for dependencies of sdformat12
[0.068s] -- Checking for module 'tinyxml2'
[0.082s] --   Found tinyxml2, version 9.0.0
[0.101s] -- Looking for ignition-math6 -- found version 6.15.0
[0.101s] -- Searching for dependencies of ignition-math6
[0.104s] -- Looking for ignition-utils1 -- found version 1.5.1
[0.104s] -- Searching for dependencies of ignition-utils1
[0.106s] -- Looking for ignition-plugin1 -- found version 1.4.0
[0.106s] -- Searching for dependencies of ignition-plugin1
[0.107s] -- Searching for <ignition-plugin1> component [loader]
[0.107s] -- Looking for ignition-plugin1-loader -- found version 1.4.0
[0.108s] -- Searching for dependencies of ignition-plugin1-loader
[0.108s] -- Searching for <ignition-plugin1> component [register]
[0.108s] -- Looking for ignition-plugin1-register -- found version 1.4.0
[0.109s] -- Searching for dependencies of ignition-plugin1-register
[0.109s] -- Looking for ignition-transport11 -- found version 11.4.1
[0.110s] -- Searching for dependencies of ignition-transport11
[0.132s] -- Found Protobuf: /usr/lib/x86_64-linux-gnu/libprotobuf.so (found version "3.12.4") 
[0.147s] -- Config-file not installed for ZeroMQ -- checking for pkg-config
[0.151s] -- Checking for module 'libzmq >= 4'
[0.160s] --   Found libzmq , version 4.3.4
[0.183s] -- Checking for module 'uuid'
[0.190s] --   Found uuid, version 2.37.2
[0.209s] -- Looking for ignition-utils1 -- found version 1.5.1
[0.210s] -- Searching for dependencies of ignition-utils1
[0.210s] -- Searching for <ignition-utils1> component [cli]
[0.210s] -- Looking for ignition-utils1-cli -- found version 1.5.1
[0.211s] -- Searching for dependencies of ignition-utils1-cli
[0.212s] -- Looking for ignition-msgs8 -- found version 8.7.0
[0.212s] -- Searching for dependencies of ignition-msgs8
[0.229s] -- Found Protobuf: /usr/lib/x86_64-linux-gnu/libprotobuf.so (found suitable version "3.12.4", minimum required is "3") 
[0.229s] -- Looking for ignition-math6 -- found version 6.15.0
[0.244s] -- Searching for <ignition-transport11> component [log]
[0.246s] -- Looking for ignition-transport11-log -- found version 11.4.1
[0.247s] -- Searching for dependencies of ignition-transport11-log
[0.247s] -- Searching for <ignition-transport11> component [parameters]
[0.248s] -- Looking for ignition-transport11-parameters -- found version 11.4.1
[0.249s] -- Searching for dependencies of ignition-transport11-parameters
[0.249s] -- Looking for ignition-msgs8 -- found version 8.7.0
[0.250s] -- Looking for ignition-common4 -- found version 4.7.0
[0.250s] -- Searching for dependencies of ignition-common4
[0.251s] -- Looking for dlfcn.h - found
[0.251s] -- Looking for libdl - found
[0.256s] -- Searching for <ignition-common4> component [profiler]
[0.257s] -- Looking for ignition-common4-profiler -- found version 4.7.0
[0.257s] -- Searching for dependencies of ignition-common4-profiler
[0.257s] -- Searching for <ignition-common4> component [events]
[0.259s] -- Looking for ignition-common4-events -- found version 4.7.0
[0.259s] -- Searching for dependencies of ignition-common4-events
[0.259s] -- Looking for ignition-math6 -- found version 6.15.0
[0.260s] -- Searching for <ignition-common4> component [av]
[0.260s] -- Looking for ignition-common4-av -- found version 4.7.0
[0.260s] -- Searching for dependencies of ignition-common4-av
[0.263s] -- Checking for module 'libswscale'
[0.272s] --   Found libswscale, version 5.9.100
[0.291s] -- Checking for module 'libavdevice >= 56.4.100'
[0.299s] --   Found libavdevice , version 58.13.100
[0.325s] -- Checking for module 'libavformat'
[0.333s] --   Found libavformat, version 58.76.100
[0.360s] -- Checking for module 'libavcodec'
[0.370s] --   Found libavcodec, version 58.134.100
[0.397s] -- Checking for module 'libavutil'
[0.406s] --   Found libavutil, version 56.70.100
[0.427s] -- Looking for ignition-fuel_tools7 -- found version 7.3.0
[0.427s] -- Searching for dependencies of ignition-fuel_tools7
[0.460s] -- Checking for module 'jsoncpp'
[0.470s] --   Found jsoncpp, version 1.9.5
[0.494s] -- Checking for module 'libzip'
[0.502s] --   Found libzip, version 1.7.3
[0.525s] -- Looking for ignition-common4 -- found version 4.7.0
[0.525s] -- Looking for ignition-math6 -- found version 6.15.0
[0.525s] -- Looking for ignition-msgs8 -- found version 8.7.0
[0.525s] -- Looking for ignition-gui6 -- found version 6.8.0
[0.525s] -- Searching for dependencies of ignition-gui6
[0.549s] -- Looking for ignition-math6 -- found version 6.15.0
[0.549s] -- Looking for ignition-common4 -- found version 4.7.0
[0.549s] -- Looking for ignition-plugin1 -- found version 1.4.0
[0.549s] -- Looking for ignition-transport11 -- found version 11.4.1
[0.550s] -- Looking for ignition-rendering6 -- found version 6.6.1
[0.550s] -- Searching for dependencies of ignition-rendering6
[0.551s] -- Looking for ignition-math6 -- found version 6.15.0
[0.551s] -- Searching for dependencies of ignition-math6
[0.551s] -- Searching for <ignition-math6> component [eigen3]
[0.551s] -- Looking for ignition-math6-eigen3 -- found version 6.15.0
[0.552s] -- Searching for dependencies of ignition-math6-eigen3
[0.553s] -- Looking for ignition-common4 -- found version 4.7.0
[0.553s] -- Searching for dependencies of ignition-common4
[0.554s] -- Looking for dlfcn.h - found
[0.554s] -- Looking for libdl - found
[0.561s] -- Searching for <ignition-common4> component [graphics]
[0.561s] -- Looking for ignition-common4-graphics -- found version 4.7.0
[0.561s] -- Searching for dependencies of ignition-common4-graphics
[0.562s] -- Looking for ignition-math6 -- found version 6.15.0
[0.562s] -- Looking for ignition-utils1 -- found version 1.5.1
[0.563s] -- Searching for <ignition-common4> component [events]
[0.564s] -- Looking for ignition-plugin1 -- found version 1.4.0
[0.564s] -- Searching for dependencies of ignition-plugin1
[0.564s] -- Searching for <ignition-plugin1> component [all]
[0.564s] -- Looking for all libraries of ignition-plugin1 -- found version 1.4.0
[0.565s] -- Looking for ignition-plugin1 -- found version 1.4.0
[0.567s] -- Looking for ignition-msgs8 -- found version 8.7.0
[0.585s] -- Looking for ignition-physics5 -- found version 5.3.2
[0.585s] -- Searching for dependencies of ignition-physics5
[0.586s] -- Looking for ignition-math6 -- found version 6.15.0
[0.586s] -- Looking for ignition-plugin1 -- found version 1.4.0
[0.587s] -- Looking for ignition-utils1 -- found version 1.5.1
[0.588s] -- Searching for <ignition-physics5> component [heightmap]
[0.589s] -- Looking for ignition-physics5-heightmap -- found version 5.3.2
[0.589s] -- Searching for dependencies of ignition-physics5-heightmap
[0.590s] -- Looking for ignition-common4 -- found version 4.7.0
[0.590s] -- Searching for <ignition-physics5> component [mesh]
[0.590s] -- Looking for ignition-physics5-mesh -- found version 5.3.2
[0.590s] -- Searching for dependencies of ignition-physics5-mesh
[0.591s] -- Looking for ignition-common4 -- found version 4.7.0
[0.591s] -- Searching for <ignition-physics5> component [sdf]
[0.592s] -- Looking for ignition-physics5-sdf -- found version 5.3.2
[0.592s] -- Searching for dependencies of ignition-physics5-sdf
[0.592s] -- Looking for sdformat12 -- found version 12.7.2
[0.594s] -- Looking for ignition-sensors6 -- found version 6.7.1
[0.595s] -- Searching for dependencies of ignition-sensors6
[0.611s] -- Found Protobuf: /usr/lib/x86_64-linux-gnu/libprotobuf.so (found version "3.12.4") 
[0.611s] -- Looking for ignition-math6 -- found version 6.15.0
[0.611s] -- Looking for ignition-common4 -- found version 4.7.0
[0.611s] -- Looking for ignition-transport11 -- found version 11.4.1
[0.611s] -- Looking for ignition-rendering6 -- found version 6.6.1
[0.611s] -- Looking for ignition-msgs8 -- found version 8.7.0
[0.613s] -- Looking for sdformat12 -- found version 12.7.2
[0.613s] -- Searching for <ignition-sensors6> component [air_pressure]
[0.613s] -- Looking for ignition-sensors6-air_pressure -- found version 6.7.1
[0.613s] -- Searching for dependencies of ignition-sensors6-air_pressure
[0.614s] -- Searching for <ignition-sensors6> component [altimeter]
[0.615s] -- Looking for ignition-sensors6-altimeter -- found version 6.7.1
[0.615s] -- Searching for dependencies of ignition-sensors6-altimeter
[0.615s] -- Searching for <ignition-sensors6> component [imu]
[0.616s] -- Looking for ignition-sensors6-imu -- found version 6.7.1
[0.616s] -- Searching for dependencies of ignition-sensors6-imu
[0.616s] -- Searching for <ignition-sensors6> component [force_torque]
[0.616s] -- Looking for ignition-sensors6-force_torque -- found version 6.7.1
[0.616s] -- Searching for dependencies of ignition-sensors6-force_torque
[0.617s] -- Searching for <ignition-sensors6> component [logical_camera]
[0.618s] -- Looking for ignition-sensors6-logical_camera -- found version 6.7.1
[0.618s] -- Searching for dependencies of ignition-sensors6-logical_camera
[0.618s] -- Searching for <ignition-sensors6> component [magnetometer]
[0.619s] -- Looking for ignition-sensors6-magnetometer -- found version 6.7.1
[0.619s] -- Searching for dependencies of ignition-sensors6-magnetometer
[0.620s] -- Searching for <ignition-sensors6> component [navsat]
[0.620s] -- Looking for ignition-sensors6-navsat -- found version 6.7.1
[0.621s] -- Searching for dependencies of ignition-sensors6-navsat
[0.621s] -- Searching for <ignition-sensors6> component [rendering]
[0.622s] -- Looking for ignition-sensors6-rendering -- found version 6.7.1
[0.623s] -- Searching for dependencies of ignition-sensors6-rendering
[0.623s] -- Searching for <ignition-sensors6> component [lidar]
[0.624s] -- Looking for ignition-sensors6-lidar -- found version 6.7.1
[0.624s] -- Searching for dependencies of ignition-sensors6-lidar
[0.625s] -- Looking for ignition-sensors6 -- found version 6.7.1
[0.625s] -- Searching for <ignition-sensors6> component [gpu_lidar]
[0.627s] -- Looking for ignition-sensors6-gpu_lidar -- found version 6.7.1
[0.627s] -- Searching for dependencies of ignition-sensors6-gpu_lidar
[0.627s] -- Looking for ignition-sensors6 -- found version 6.7.1
[0.628s] -- Searching for <ignition-sensors6> component [camera]
[0.628s] -- Looking for ignition-sensors6-camera -- found version 6.7.1
[0.628s] -- Searching for dependencies of ignition-sensors6-camera
[0.628s] -- Looking for ignition-sensors6 -- found version 6.7.1
[0.629s] -- Searching for <ignition-sensors6> component [boundingbox_camera]
[0.629s] -- Looking for ignition-sensors6-boundingbox_camera -- found version 6.7.1
[0.629s] -- Searching for dependencies of ignition-sensors6-boundingbox_camera
[0.630s] -- Searching for <ignition-sensors6> component [segmentation_camera]
[0.631s] -- Looking for ignition-sensors6-segmentation_camera -- found version 6.7.1
[0.631s] -- Searching for dependencies of ignition-sensors6-segmentation_camera
[0.632s] -- Searching for <ignition-sensors6> component [depth_camera]
[0.632s] -- Looking for ignition-sensors6-depth_camera -- found version 6.7.1
[0.633s] -- Searching for dependencies of ignition-sensors6-depth_camera
[0.633s] -- Looking for ignition-sensors6 -- found version 6.7.1
[0.634s] -- Searching for <ignition-sensors6> component [rgbd_camera]
[0.634s] -- Looking for ignition-sensors6-rgbd_camera -- found version 6.7.1
[0.635s] -- Searching for dependencies of ignition-sensors6-rgbd_camera
[0.635s] -- Looking for ignition-sensors6 -- found version 6.7.1
[0.636s] -- Searching for <ignition-sensors6> component [thermal_camera]
[0.636s] -- Looking for ignition-sensors6-thermal_camera -- found version 6.7.1
[0.637s] -- Searching for dependencies of ignition-sensors6-thermal_camera
[0.638s] -- Looking for ignition-sensors6 -- found version 6.7.1
[0.638s] -- Looking for ignition-rendering6 -- found version 6.6.1
[0.639s] -- Looking for ignition-math6 -- found version 6.15.0
[0.639s] -- Looking for ignition-utils1 -- found version 1.5.1
[0.660s] -- Found ament_cmake: 1.3.5 (/opt/ros/humble/share/ament_cmake/cmake)
[0.754s] -- Override CMake install command with custom implementation using symlinks instead of copying resources
[0.759s] -- Found ament_lint_auto: 0.12.8 (/opt/ros/humble/share/ament_lint_auto/cmake)
[0.759s] [31mCMake Error at CMakeLists.txt:33 (file):
[0.759s]   file failed to open for reading (No such file or directory):
[0.759s] 
[0.759s]     /home/nuctella/ros2_ws/ws/src/uav_single_gazebo/.gitignore
[0.759s] Call Stack (most recent call first):
[0.759s]   CMakeLists.txt:72 (glob_generate)
[0.759s] 
[0.759s] [0m
[0.759s] [31mCMake Error at CMakeLists.txt:33 (file):
[0.759s]   file failed to open for reading (No such file or directory):
[0.759s] 
[0.759s]     /home/nuctella/ros2_ws/ws/src/uav_single_gazebo/.gitignore
[0.759s] Call Stack (most recent call first):
[0.759s]   CMakeLists.txt:73 (glob_generate)
[0.759s] 
[0.760s] [0m
[0.802s] -- Added test 'copyright' to check source files copyright and LICENSE
[0.812s] -- Added test 'flake8' to check Python code syntax and style conventions
[0.813s] -- Added test 'lint_cmake' to check CMake code style
[0.814s] -- Added test 'pep257' to check Python code against some of the docstring style conventions in PEP 257
[0.819s] -- Added test 'xmllint' to check XML markup files
[0.819s] -- Configuring incomplete, errors occurred!
[0.819s] See also "/home/nuctella/ros2_ws/ws/build/uav_single_gazebo/CMakeFiles/CMakeOutput.log".
[0.824s] Invoked command in '/home/nuctella/ros2_ws/ws/build/uav_single_gazebo' returned '1': CMAKE_PREFIX_PATH=${CMAKE_PREFIX_PATH}:/home/nuctella/my_ros2_ws/install/rosbot_object_recognition:/opt/ros/humble /usr/bin/cmake /home/nuctella/ros2_ws/ws/src/uav_single_gazebo -DCMAKE_INSTALL_PREFIX=/home/nuctella/ros2_ws/ws/install/uav_single_gazebo
