[0.558s] DEBUG:colcon:Command line arguments: ['/usr/bin/colcon', 'build']
[0.558s] DEBUG:colcon:Parsed command line arguments: Namespace(log_base=None, log_level=None, verb_name='build', build_base='build', install_base='install', merge_install=False, symlink_install=False, test_result_base=None, continue_on_error=False, executor='parallel', parallel_workers=20, event_handlers=None, ignore_user_meta=False, metas=['./colcon.meta'], base_paths=['.'], packages_ignore=None, packages_ignore_regex=None, paths=None, packages_up_to=None, packages_up_to_regex=None, packages_above=None, packages_above_and_dependencies=None, packages_above_depth=None, packages_select_by_dep=None, packages_skip_by_dep=None, packages_skip_up_to=None, packages_select_build_failed=False, packages_skip_build_finished=False, packages_select_test_failures=False, packages_skip_test_passed=False, packages_select=None, packages_skip=None, packages_select_regex=None, packages_skip_regex=None, packages_start=None, packages_end=None, cmake_args=None, cmake_target=None, cmake_target_skip_unavailable=False, cmake_clean_cache=False, cmake_clean_first=False, cmake_force_configure=False, ament_cmake_args=None, catkin_cmake_args=None, catkin_skip_building_tests=False, mixin_files=None, mixin=None, verb_parser=<colcon_mixin.mixin.mixin_argument.MixinArgumentDecorator object at 0x7f1f289c0310>, verb_extension=<colcon_core.verb.build.BuildVerb object at 0x7f1f28ef3bb0>, main=<bound method BuildVerb.main of <colcon_core.verb.build.BuildVerb object at 0x7f1f28ef3bb0>>, mixin_verb=('build',))
[0.599s] Level 1:colcon.colcon_core.package_discovery:discover_packages(colcon_meta) check parameters
[0.599s] Level 1:colcon.colcon_core.package_discovery:discover_packages(recursive) check parameters
[0.599s] Level 1:colcon.colcon_core.package_discovery:discover_packages(ignore) check parameters
[0.599s] Level 1:colcon.colcon_core.package_discovery:discover_packages(path) check parameters
[0.599s] Level 1:colcon.colcon_core.package_discovery:discover_packages(colcon_meta) discover
[0.599s] Level 1:colcon.colcon_core.package_discovery:discover_packages(recursive) discover
[0.599s] INFO:colcon.colcon_core.package_discovery:Crawling recursively for packages in '/home/nuctella/ros2_ws/ws'
[0.599s] Level 1:colcon.colcon_core.package_identification:_identify(.) by extensions ['ignore', 'ignore_ament_install']
[0.599s] Level 1:colcon.colcon_core.package_identification:_identify(.) by extension 'ignore'
[0.599s] Level 1:colcon.colcon_core.package_identification:_identify(.) by extension 'ignore_ament_install'
[0.599s] Level 1:colcon.colcon_core.package_identification:_identify(.) by extensions ['colcon_pkg']
[0.599s] Level 1:colcon.colcon_core.package_identification:_identify(.) by extension 'colcon_pkg'
[0.599s] Level 1:colcon.colcon_core.package_identification:_identify(.) by extensions ['colcon_meta']
[0.599s] Level 1:colcon.colcon_core.package_identification:_identify(.) by extension 'colcon_meta'
[0.599s] Level 1:colcon.colcon_core.package_identification:_identify(.) by extensions ['ros']
[0.599s] Level 1:colcon.colcon_core.package_identification:_identify(.) by extension 'ros'
[0.607s] Level 1:colcon.colcon_core.package_identification:_identify(.) by extensions ['cmake', 'python']
[0.607s] Level 1:colcon.colcon_core.package_identification:_identify(.) by extension 'cmake'
[0.607s] Level 1:colcon.colcon_core.package_identification:_identify(.) by extension 'python'
[0.607s] Level 1:colcon.colcon_core.package_identification:_identify(.) by extensions ['python_setup_py']
[0.607s] Level 1:colcon.colcon_core.package_identification:_identify(.) by extension 'python_setup_py'
[0.607s] Level 1:colcon.colcon_core.package_identification:_identify(build) by extensions ['ignore', 'ignore_ament_install']
[0.607s] Level 1:colcon.colcon_core.package_identification:_identify(build) by extension 'ignore'
[0.607s] Level 1:colcon.colcon_core.package_identification:_identify(build) ignored
[0.607s] Level 1:colcon.colcon_core.package_identification:_identify(install) by extensions ['ignore', 'ignore_ament_install']
[0.607s] Level 1:colcon.colcon_core.package_identification:_identify(install) by extension 'ignore'
[0.607s] Level 1:colcon.colcon_core.package_identification:_identify(install) ignored
[0.607s] Level 1:colcon.colcon_core.package_identification:_identify(log) by extensions ['ignore', 'ignore_ament_install']
[0.607s] Level 1:colcon.colcon_core.package_identification:_identify(log) by extension 'ignore'
[0.607s] Level 1:colcon.colcon_core.package_identification:_identify(log) ignored
[0.607s] Level 1:colcon.colcon_core.package_identification:_identify(src) by extensions ['ignore', 'ignore_ament_install']
[0.607s] Level 1:colcon.colcon_core.package_identification:_identify(src) by extension 'ignore'
[0.607s] Level 1:colcon.colcon_core.package_identification:_identify(src) by extension 'ignore_ament_install'
[0.607s] Level 1:colcon.colcon_core.package_identification:_identify(src) by extensions ['colcon_pkg']
[0.607s] Level 1:colcon.colcon_core.package_identification:_identify(src) by extension 'colcon_pkg'
[0.607s] Level 1:colcon.colcon_core.package_identification:_identify(src) by extensions ['colcon_meta']
[0.607s] Level 1:colcon.colcon_core.package_identification:_identify(src) by extension 'colcon_meta'
[0.607s] Level 1:colcon.colcon_core.package_identification:_identify(src) by extensions ['ros']
[0.607s] Level 1:colcon.colcon_core.package_identification:_identify(src) by extension 'ros'
[0.607s] Level 1:colcon.colcon_core.package_identification:_identify(src) by extensions ['cmake', 'python']
[0.607s] Level 1:colcon.colcon_core.package_identification:_identify(src) by extension 'cmake'
[0.607s] Level 1:colcon.colcon_core.package_identification:_identify(src) by extension 'python'
[0.607s] Level 1:colcon.colcon_core.package_identification:_identify(src) by extensions ['python_setup_py']
[0.607s] Level 1:colcon.colcon_core.package_identification:_identify(src) by extension 'python_setup_py'
[0.607s] Level 1:colcon.colcon_core.package_identification:_identify(src/gazebosim) by extensions ['ignore', 'ignore_ament_install']
[0.607s] Level 1:colcon.colcon_core.package_identification:_identify(src/gazebosim) by extension 'ignore'
[0.607s] Level 1:colcon.colcon_core.package_identification:_identify(src/gazebosim) by extension 'ignore_ament_install'
[0.607s] Level 1:colcon.colcon_core.package_identification:_identify(src/gazebosim) by extensions ['colcon_pkg']
[0.607s] Level 1:colcon.colcon_core.package_identification:_identify(src/gazebosim) by extension 'colcon_pkg'
[0.607s] Level 1:colcon.colcon_core.package_identification:_identify(src/gazebosim) by extensions ['colcon_meta']
[0.608s] Level 1:colcon.colcon_core.package_identification:_identify(src/gazebosim) by extension 'colcon_meta'
[0.608s] Level 1:colcon.colcon_core.package_identification:_identify(src/gazebosim) by extensions ['ros']
[0.608s] Level 1:colcon.colcon_core.package_identification:_identify(src/gazebosim) by extension 'ros'
[0.608s] Level 1:colcon.colcon_core.package_identification:_identify(src/gazebosim) by extensions ['cmake', 'python']
[0.608s] Level 1:colcon.colcon_core.package_identification:_identify(src/gazebosim) by extension 'cmake'
[0.608s] Level 1:colcon.colcon_core.package_identification:_identify(src/gazebosim) by extension 'python'
[0.608s] Level 1:colcon.colcon_core.package_identification:_identify(src/gazebosim) by extensions ['python_setup_py']
[0.608s] Level 1:colcon.colcon_core.package_identification:_identify(src/gazebosim) by extension 'python_setup_py'
[0.608s] Level 1:colcon.colcon_core.package_identification:_identify(src/gazebosim/gz_ros2_control) by extensions ['ignore', 'ignore_ament_install']
[0.608s] Level 1:colcon.colcon_core.package_identification:_identify(src/gazebosim/gz_ros2_control) by extension 'ignore'
[0.608s] Level 1:colcon.colcon_core.package_identification:_identify(src/gazebosim/gz_ros2_control) by extension 'ignore_ament_install'
[0.608s] Level 1:colcon.colcon_core.package_identification:_identify(src/gazebosim/gz_ros2_control) by extensions ['colcon_pkg']
[0.608s] Level 1:colcon.colcon_core.package_identification:_identify(src/gazebosim/gz_ros2_control) by extension 'colcon_pkg'
[0.608s] Level 1:colcon.colcon_core.package_identification:_identify(src/gazebosim/gz_ros2_control) by extensions ['colcon_meta']
[0.608s] Level 1:colcon.colcon_core.package_identification:_identify(src/gazebosim/gz_ros2_control) by extension 'colcon_meta'
[0.608s] Level 1:colcon.colcon_core.package_identification:_identify(src/gazebosim/gz_ros2_control) by extensions ['ros']
[0.608s] Level 1:colcon.colcon_core.package_identification:_identify(src/gazebosim/gz_ros2_control) by extension 'ros'
[0.608s] Level 1:colcon.colcon_core.package_identification:_identify(src/gazebosim/gz_ros2_control) by extensions ['cmake', 'python']
[0.608s] Level 1:colcon.colcon_core.package_identification:_identify(src/gazebosim/gz_ros2_control) by extension 'cmake'
[0.608s] Level 1:colcon.colcon_core.package_identification:_identify(src/gazebosim/gz_ros2_control) by extension 'python'
[0.608s] Level 1:colcon.colcon_core.package_identification:_identify(src/gazebosim/gz_ros2_control) by extensions ['python_setup_py']
[0.608s] Level 1:colcon.colcon_core.package_identification:_identify(src/gazebosim/gz_ros2_control) by extension 'python_setup_py'
[0.608s] Level 1:colcon.colcon_core.package_identification:_identify(src/gazebosim/gz_ros2_control/Dockerfile) by extensions ['ignore', 'ignore_ament_install']
[0.608s] Level 1:colcon.colcon_core.package_identification:_identify(src/gazebosim/gz_ros2_control/Dockerfile) by extension 'ignore'
[0.608s] Level 1:colcon.colcon_core.package_identification:_identify(src/gazebosim/gz_ros2_control/Dockerfile) by extension 'ignore_ament_install'
[0.608s] Level 1:colcon.colcon_core.package_identification:_identify(src/gazebosim/gz_ros2_control/Dockerfile) by extensions ['colcon_pkg']
[0.608s] Level 1:colcon.colcon_core.package_identification:_identify(src/gazebosim/gz_ros2_control/Dockerfile) by extension 'colcon_pkg'
[0.608s] Level 1:colcon.colcon_core.package_identification:_identify(src/gazebosim/gz_ros2_control/Dockerfile) by extensions ['colcon_meta']
[0.608s] Level 1:colcon.colcon_core.package_identification:_identify(src/gazebosim/gz_ros2_control/Dockerfile) by extension 'colcon_meta'
[0.608s] Level 1:colcon.colcon_core.package_identification:_identify(src/gazebosim/gz_ros2_control/Dockerfile) by extensions ['ros']
[0.608s] Level 1:colcon.colcon_core.package_identification:_identify(src/gazebosim/gz_ros2_control/Dockerfile) by extension 'ros'
[0.608s] Level 1:colcon.colcon_core.package_identification:_identify(src/gazebosim/gz_ros2_control/Dockerfile) by extensions ['cmake', 'python']
[0.608s] Level 1:colcon.colcon_core.package_identification:_identify(src/gazebosim/gz_ros2_control/Dockerfile) by extension 'cmake'
[0.608s] Level 1:colcon.colcon_core.package_identification:_identify(src/gazebosim/gz_ros2_control/Dockerfile) by extension 'python'
[0.608s] Level 1:colcon.colcon_core.package_identification:_identify(src/gazebosim/gz_ros2_control/Dockerfile) by extensions ['python_setup_py']
[0.608s] Level 1:colcon.colcon_core.package_identification:_identify(src/gazebosim/gz_ros2_control/Dockerfile) by extension 'python_setup_py'
[0.608s] Level 1:colcon.colcon_core.package_identification:_identify(src/gazebosim/gz_ros2_control/ign_ros2_control) by extensions ['ignore', 'ignore_ament_install']
[0.608s] Level 1:colcon.colcon_core.package_identification:_identify(src/gazebosim/gz_ros2_control/ign_ros2_control) by extension 'ignore'
[0.608s] Level 1:colcon.colcon_core.package_identification:_identify(src/gazebosim/gz_ros2_control/ign_ros2_control) by extension 'ignore_ament_install'
[0.608s] Level 1:colcon.colcon_core.package_identification:_identify(src/gazebosim/gz_ros2_control/ign_ros2_control) by extensions ['colcon_pkg']
[0.608s] Level 1:colcon.colcon_core.package_identification:_identify(src/gazebosim/gz_ros2_control/ign_ros2_control) by extension 'colcon_pkg'
[0.608s] Level 1:colcon.colcon_core.package_identification:_identify(src/gazebosim/gz_ros2_control/ign_ros2_control) by extensions ['colcon_meta']
[0.608s] Level 1:colcon.colcon_core.package_identification:_identify(src/gazebosim/gz_ros2_control/ign_ros2_control) by extension 'colcon_meta'
[0.608s] Level 1:colcon.colcon_core.package_identification:_identify(src/gazebosim/gz_ros2_control/ign_ros2_control) by extensions ['ros']
[0.608s] Level 1:colcon.colcon_core.package_identification:_identify(src/gazebosim/gz_ros2_control/ign_ros2_control) by extension 'ros'
[0.612s] DEBUG:colcon.colcon_core.package_identification:Package 'src/gazebosim/gz_ros2_control/ign_ros2_control' with type 'ros.ament_cmake' and name 'ign_ros2_control'
[0.612s] Level 1:colcon.colcon_core.package_identification:_identify(src/gazebosim/gz_ros2_control/ign_ros2_control_demos) by extensions ['ignore', 'ignore_ament_install']
[0.613s] Level 1:colcon.colcon_core.package_identification:_identify(src/gazebosim/gz_ros2_control/ign_ros2_control_demos) by extension 'ignore'
[0.613s] Level 1:colcon.colcon_core.package_identification:_identify(src/gazebosim/gz_ros2_control/ign_ros2_control_demos) by extension 'ignore_ament_install'
[0.613s] Level 1:colcon.colcon_core.package_identification:_identify(src/gazebosim/gz_ros2_control/ign_ros2_control_demos) by extensions ['colcon_pkg']
[0.613s] Level 1:colcon.colcon_core.package_identification:_identify(src/gazebosim/gz_ros2_control/ign_ros2_control_demos) by extension 'colcon_pkg'
[0.613s] Level 1:colcon.colcon_core.package_identification:_identify(src/gazebosim/gz_ros2_control/ign_ros2_control_demos) by extensions ['colcon_meta']
[0.613s] Level 1:colcon.colcon_core.package_identification:_identify(src/gazebosim/gz_ros2_control/ign_ros2_control_demos) by extension 'colcon_meta'
[0.613s] Level 1:colcon.colcon_core.package_identification:_identify(src/gazebosim/gz_ros2_control/ign_ros2_control_demos) by extensions ['ros']
[0.613s] Level 1:colcon.colcon_core.package_identification:_identify(src/gazebosim/gz_ros2_control/ign_ros2_control_demos) by extension 'ros'
[0.613s] DEBUG:colcon.colcon_core.package_identification:Package 'src/gazebosim/gz_ros2_control/ign_ros2_control_demos' with type 'ros.ament_cmake' and name 'ign_ros2_control_demos'
[0.613s] Level 1:colcon.colcon_core.package_identification:_identify(src/gazebosim/gz_ros2_control/img) by extensions ['ignore', 'ignore_ament_install']
[0.613s] Level 1:colcon.colcon_core.package_identification:_identify(src/gazebosim/gz_ros2_control/img) by extension 'ignore'
[0.613s] Level 1:colcon.colcon_core.package_identification:_identify(src/gazebosim/gz_ros2_control/img) by extension 'ignore_ament_install'
[0.613s] Level 1:colcon.colcon_core.package_identification:_identify(src/gazebosim/gz_ros2_control/img) by extensions ['colcon_pkg']
[0.613s] Level 1:colcon.colcon_core.package_identification:_identify(src/gazebosim/gz_ros2_control/img) by extension 'colcon_pkg'
[0.613s] Level 1:colcon.colcon_core.package_identification:_identify(src/gazebosim/gz_ros2_control/img) by extensions ['colcon_meta']
[0.613s] Level 1:colcon.colcon_core.package_identification:_identify(src/gazebosim/gz_ros2_control/img) by extension 'colcon_meta'
[0.613s] Level 1:colcon.colcon_core.package_identification:_identify(src/gazebosim/gz_ros2_control/img) by extensions ['ros']
[0.613s] Level 1:colcon.colcon_core.package_identification:_identify(src/gazebosim/gz_ros2_control/img) by extension 'ros'
[0.613s] Level 1:colcon.colcon_core.package_identification:_identify(src/gazebosim/gz_ros2_control/img) by extensions ['cmake', 'python']
[0.613s] Level 1:colcon.colcon_core.package_identification:_identify(src/gazebosim/gz_ros2_control/img) by extension 'cmake'
[0.613s] Level 1:colcon.colcon_core.package_identification:_identify(src/gazebosim/gz_ros2_control/img) by extension 'python'
[0.613s] Level 1:colcon.colcon_core.package_identification:_identify(src/gazebosim/gz_ros2_control/img) by extensions ['python_setup_py']
[0.613s] Level 1:colcon.colcon_core.package_identification:_identify(src/gazebosim/gz_ros2_control/img) by extension 'python_setup_py'
[0.613s] Level 1:colcon.colcon_core.package_identification:_identify(src/husarion) by extensions ['ignore', 'ignore_ament_install']
[0.614s] Level 1:colcon.colcon_core.package_identification:_identify(src/husarion) by extension 'ignore'
[0.614s] Level 1:colcon.colcon_core.package_identification:_identify(src/husarion) by extension 'ignore_ament_install'
[0.614s] Level 1:colcon.colcon_core.package_identification:_identify(src/husarion) by extensions ['colcon_pkg']
[0.614s] Level 1:colcon.colcon_core.package_identification:_identify(src/husarion) by extension 'colcon_pkg'
[0.614s] Level 1:colcon.colcon_core.package_identification:_identify(src/husarion) by extensions ['colcon_meta']
[0.614s] Level 1:colcon.colcon_core.package_identification:_identify(src/husarion) by extension 'colcon_meta'
[0.614s] Level 1:colcon.colcon_core.package_identification:_identify(src/husarion) by extensions ['ros']
[0.614s] Level 1:colcon.colcon_core.package_identification:_identify(src/husarion) by extension 'ros'
[0.614s] Level 1:colcon.colcon_core.package_identification:_identify(src/husarion) by extensions ['cmake', 'python']
[0.614s] Level 1:colcon.colcon_core.package_identification:_identify(src/husarion) by extension 'cmake'
[0.614s] Level 1:colcon.colcon_core.package_identification:_identify(src/husarion) by extension 'python'
[0.614s] Level 1:colcon.colcon_core.package_identification:_identify(src/husarion) by extensions ['python_setup_py']
[0.614s] Level 1:colcon.colcon_core.package_identification:_identify(src/husarion) by extension 'python_setup_py'
[0.614s] Level 1:colcon.colcon_core.package_identification:_identify(src/husarion/gazebo_worlds) by extensions ['ignore', 'ignore_ament_install']
[0.614s] Level 1:colcon.colcon_core.package_identification:_identify(src/husarion/gazebo_worlds) by extension 'ignore'
[0.614s] Level 1:colcon.colcon_core.package_identification:_identify(src/husarion/gazebo_worlds) by extension 'ignore_ament_install'
[0.614s] Level 1:colcon.colcon_core.package_identification:_identify(src/husarion/gazebo_worlds) by extensions ['colcon_pkg']
[0.614s] Level 1:colcon.colcon_core.package_identification:_identify(src/husarion/gazebo_worlds) by extension 'colcon_pkg'
[0.614s] Level 1:colcon.colcon_core.package_identification:_identify(src/husarion/gazebo_worlds) by extensions ['colcon_meta']
[0.614s] Level 1:colcon.colcon_core.package_identification:_identify(src/husarion/gazebo_worlds) by extension 'colcon_meta'
[0.614s] Level 1:colcon.colcon_core.package_identification:_identify(src/husarion/gazebo_worlds) by extensions ['ros']
[0.614s] Level 1:colcon.colcon_core.package_identification:_identify(src/husarion/gazebo_worlds) by extension 'ros'
[0.614s] DEBUG:colcon.colcon_core.package_identification:Package 'src/husarion/gazebo_worlds' with type 'ros.ament_cmake' and name 'husarion_office_gz'
[0.614s] Level 1:colcon.colcon_core.package_identification:_identify(src/ros_components_description) by extensions ['ignore', 'ignore_ament_install']
[0.614s] Level 1:colcon.colcon_core.package_identification:_identify(src/ros_components_description) by extension 'ignore'
[0.614s] Level 1:colcon.colcon_core.package_identification:_identify(src/ros_components_description) by extension 'ignore_ament_install'
[0.614s] Level 1:colcon.colcon_core.package_identification:_identify(src/ros_components_description) by extensions ['colcon_pkg']
[0.614s] Level 1:colcon.colcon_core.package_identification:_identify(src/ros_components_description) by extension 'colcon_pkg'
[0.614s] Level 1:colcon.colcon_core.package_identification:_identify(src/ros_components_description) by extensions ['colcon_meta']
[0.614s] Level 1:colcon.colcon_core.package_identification:_identify(src/ros_components_description) by extension 'colcon_meta'
[0.614s] Level 1:colcon.colcon_core.package_identification:_identify(src/ros_components_description) by extensions ['ros']
[0.614s] Level 1:colcon.colcon_core.package_identification:_identify(src/ros_components_description) by extension 'ros'
[0.628s] DEBUG:colcon.colcon_core.package_identification:Package 'src/ros_components_description' with type 'ros.ament_cmake' and name 'ros_components_description'
[0.628s] Level 1:colcon.colcon_core.package_identification:_identify(src/rosbot_controllers) by extensions ['ignore', 'ignore_ament_install']
[0.628s] Level 1:colcon.colcon_core.package_identification:_identify(src/rosbot_controllers) by extension 'ignore'
[0.628s] Level 1:colcon.colcon_core.package_identification:_identify(src/rosbot_controllers) by extension 'ignore_ament_install'
[0.628s] Level 1:colcon.colcon_core.package_identification:_identify(src/rosbot_controllers) by extensions ['colcon_pkg']
[0.628s] Level 1:colcon.colcon_core.package_identification:_identify(src/rosbot_controllers) by extension 'colcon_pkg'
[0.628s] Level 1:colcon.colcon_core.package_identification:_identify(src/rosbot_controllers) by extensions ['colcon_meta']
[0.628s] Level 1:colcon.colcon_core.package_identification:_identify(src/rosbot_controllers) by extension 'colcon_meta'
[0.628s] Level 1:colcon.colcon_core.package_identification:_identify(src/rosbot_controllers) by extensions ['ros']
[0.628s] Level 1:colcon.colcon_core.package_identification:_identify(src/rosbot_controllers) by extension 'ros'
[0.628s] Level 1:colcon.colcon_core.package_identification:_identify(src/rosbot_controllers) by extensions ['cmake', 'python']
[0.628s] Level 1:colcon.colcon_core.package_identification:_identify(src/rosbot_controllers) by extension 'cmake'
[0.628s] Level 1:colcon.colcon_core.package_identification:_identify(src/rosbot_controllers) by extension 'python'
[0.628s] Level 1:colcon.colcon_core.package_identification:_identify(src/rosbot_controllers) by extensions ['python_setup_py']
[0.628s] Level 1:colcon.colcon_core.package_identification:_identify(src/rosbot_controllers) by extension 'python_setup_py'
[0.628s] Level 1:colcon.colcon_core.package_identification:_identify(src/rosbot_controllers/mecanum_drive_controller) by extensions ['ignore', 'ignore_ament_install']
[0.628s] Level 1:colcon.colcon_core.package_identification:_identify(src/rosbot_controllers/mecanum_drive_controller) by extension 'ignore'
[0.628s] Level 1:colcon.colcon_core.package_identification:_identify(src/rosbot_controllers/mecanum_drive_controller) by extension 'ignore_ament_install'
[0.628s] Level 1:colcon.colcon_core.package_identification:_identify(src/rosbot_controllers/mecanum_drive_controller) by extensions ['colcon_pkg']
[0.628s] Level 1:colcon.colcon_core.package_identification:_identify(src/rosbot_controllers/mecanum_drive_controller) by extension 'colcon_pkg'
[0.628s] Level 1:colcon.colcon_core.package_identification:_identify(src/rosbot_controllers/mecanum_drive_controller) by extensions ['colcon_meta']
[0.628s] Level 1:colcon.colcon_core.package_identification:_identify(src/rosbot_controllers/mecanum_drive_controller) by extension 'colcon_meta'
[0.628s] Level 1:colcon.colcon_core.package_identification:_identify(src/rosbot_controllers/mecanum_drive_controller) by extensions ['ros']
[0.628s] Level 1:colcon.colcon_core.package_identification:_identify(src/rosbot_controllers/mecanum_drive_controller) by extension 'ros'
[0.629s] DEBUG:colcon.colcon_core.package_identification:Package 'src/rosbot_controllers/mecanum_drive_controller' with type 'ros.ament_cmake' and name 'mecanum_drive_controller'
[0.629s] Level 1:colcon.colcon_core.package_identification:_identify(src/rosbot_hardware_interfaces) by extensions ['ignore', 'ignore_ament_install']
[0.629s] Level 1:colcon.colcon_core.package_identification:_identify(src/rosbot_hardware_interfaces) by extension 'ignore'
[0.629s] Level 1:colcon.colcon_core.package_identification:_identify(src/rosbot_hardware_interfaces) by extension 'ignore_ament_install'
[0.629s] Level 1:colcon.colcon_core.package_identification:_identify(src/rosbot_hardware_interfaces) by extensions ['colcon_pkg']
[0.629s] Level 1:colcon.colcon_core.package_identification:_identify(src/rosbot_hardware_interfaces) by extension 'colcon_pkg'
[0.629s] Level 1:colcon.colcon_core.package_identification:_identify(src/rosbot_hardware_interfaces) by extensions ['colcon_meta']
[0.629s] Level 1:colcon.colcon_core.package_identification:_identify(src/rosbot_hardware_interfaces) by extension 'colcon_meta'
[0.629s] Level 1:colcon.colcon_core.package_identification:_identify(src/rosbot_hardware_interfaces) by extensions ['ros']
[0.629s] Level 1:colcon.colcon_core.package_identification:_identify(src/rosbot_hardware_interfaces) by extension 'ros'
[0.630s] DEBUG:colcon.colcon_core.package_identification:Package 'src/rosbot_hardware_interfaces' with type 'ros.ament_cmake' and name 'rosbot_hardware_interfaces'
[0.630s] Level 1:colcon.colcon_core.package_identification:_identify(src/rosbot_xl_ros) by extensions ['ignore', 'ignore_ament_install']
[0.630s] Level 1:colcon.colcon_core.package_identification:_identify(src/rosbot_xl_ros) by extension 'ignore'
[0.630s] Level 1:colcon.colcon_core.package_identification:_identify(src/rosbot_xl_ros) by extension 'ignore_ament_install'
[0.630s] Level 1:colcon.colcon_core.package_identification:_identify(src/rosbot_xl_ros) by extensions ['colcon_pkg']
[0.630s] Level 1:colcon.colcon_core.package_identification:_identify(src/rosbot_xl_ros) by extension 'colcon_pkg'
[0.630s] Level 1:colcon.colcon_core.package_identification:_identify(src/rosbot_xl_ros) by extensions ['colcon_meta']
[0.630s] Level 1:colcon.colcon_core.package_identification:_identify(src/rosbot_xl_ros) by extension 'colcon_meta'
[0.630s] Level 1:colcon.colcon_core.package_identification:_identify(src/rosbot_xl_ros) by extensions ['ros']
[0.630s] Level 1:colcon.colcon_core.package_identification:_identify(src/rosbot_xl_ros) by extension 'ros'
[0.630s] Level 1:colcon.colcon_core.package_identification:_identify(src/rosbot_xl_ros) by extensions ['cmake', 'python']
[0.630s] Level 1:colcon.colcon_core.package_identification:_identify(src/rosbot_xl_ros) by extension 'cmake'
[0.630s] Level 1:colcon.colcon_core.package_identification:_identify(src/rosbot_xl_ros) by extension 'python'
[0.630s] Level 1:colcon.colcon_core.package_identification:_identify(src/rosbot_xl_ros) by extensions ['python_setup_py']
[0.630s] Level 1:colcon.colcon_core.package_identification:_identify(src/rosbot_xl_ros) by extension 'python_setup_py'
[0.630s] Level 1:colcon.colcon_core.package_identification:_identify(src/rosbot_xl_ros/rosbot_xl) by extensions ['ignore', 'ignore_ament_install']
[0.630s] Level 1:colcon.colcon_core.package_identification:_identify(src/rosbot_xl_ros/rosbot_xl) by extension 'ignore'
[0.630s] Level 1:colcon.colcon_core.package_identification:_identify(src/rosbot_xl_ros/rosbot_xl) by extension 'ignore_ament_install'
[0.630s] Level 1:colcon.colcon_core.package_identification:_identify(src/rosbot_xl_ros/rosbot_xl) by extensions ['colcon_pkg']
[0.630s] Level 1:colcon.colcon_core.package_identification:_identify(src/rosbot_xl_ros/rosbot_xl) by extension 'colcon_pkg'
[0.630s] Level 1:colcon.colcon_core.package_identification:_identify(src/rosbot_xl_ros/rosbot_xl) by extensions ['colcon_meta']
[0.630s] Level 1:colcon.colcon_core.package_identification:_identify(src/rosbot_xl_ros/rosbot_xl) by extension 'colcon_meta'
[0.630s] Level 1:colcon.colcon_core.package_identification:_identify(src/rosbot_xl_ros/rosbot_xl) by extensions ['ros']
[0.630s] Level 1:colcon.colcon_core.package_identification:_identify(src/rosbot_xl_ros/rosbot_xl) by extension 'ros'
[0.631s] DEBUG:colcon.colcon_core.package_identification:Package 'src/rosbot_xl_ros/rosbot_xl' with type 'ros.ament_cmake' and name 'rosbot_xl'
[0.631s] Level 1:colcon.colcon_core.package_identification:_identify(src/rosbot_xl_ros/rosbot_xl_bringup) by extensions ['ignore', 'ignore_ament_install']
[0.631s] Level 1:colcon.colcon_core.package_identification:_identify(src/rosbot_xl_ros/rosbot_xl_bringup) by extension 'ignore'
[0.631s] Level 1:colcon.colcon_core.package_identification:_identify(src/rosbot_xl_ros/rosbot_xl_bringup) by extension 'ignore_ament_install'
[0.631s] Level 1:colcon.colcon_core.package_identification:_identify(src/rosbot_xl_ros/rosbot_xl_bringup) by extensions ['colcon_pkg']
[0.631s] Level 1:colcon.colcon_core.package_identification:_identify(src/rosbot_xl_ros/rosbot_xl_bringup) by extension 'colcon_pkg'
[0.631s] Level 1:colcon.colcon_core.package_identification:_identify(src/rosbot_xl_ros/rosbot_xl_bringup) by extensions ['colcon_meta']
[0.631s] Level 1:colcon.colcon_core.package_identification:_identify(src/rosbot_xl_ros/rosbot_xl_bringup) by extension 'colcon_meta'
[0.631s] Level 1:colcon.colcon_core.package_identification:_identify(src/rosbot_xl_ros/rosbot_xl_bringup) by extensions ['ros']
[0.631s] Level 1:colcon.colcon_core.package_identification:_identify(src/rosbot_xl_ros/rosbot_xl_bringup) by extension 'ros'
[0.632s] DEBUG:colcon.colcon_core.package_identification:Package 'src/rosbot_xl_ros/rosbot_xl_bringup' with type 'ros.ament_cmake' and name 'rosbot_xl_bringup'
[0.632s] Level 1:colcon.colcon_core.package_identification:_identify(src/rosbot_xl_ros/rosbot_xl_controller) by extensions ['ignore', 'ignore_ament_install']
[0.632s] Level 1:colcon.colcon_core.package_identification:_identify(src/rosbot_xl_ros/rosbot_xl_controller) by extension 'ignore'
[0.632s] Level 1:colcon.colcon_core.package_identification:_identify(src/rosbot_xl_ros/rosbot_xl_controller) by extension 'ignore_ament_install'
[0.632s] Level 1:colcon.colcon_core.package_identification:_identify(src/rosbot_xl_ros/rosbot_xl_controller) by extensions ['colcon_pkg']
[0.632s] Level 1:colcon.colcon_core.package_identification:_identify(src/rosbot_xl_ros/rosbot_xl_controller) by extension 'colcon_pkg'
[0.632s] Level 1:colcon.colcon_core.package_identification:_identify(src/rosbot_xl_ros/rosbot_xl_controller) by extensions ['colcon_meta']
[0.632s] Level 1:colcon.colcon_core.package_identification:_identify(src/rosbot_xl_ros/rosbot_xl_controller) by extension 'colcon_meta'
[0.632s] Level 1:colcon.colcon_core.package_identification:_identify(src/rosbot_xl_ros/rosbot_xl_controller) by extensions ['ros']
[0.632s] Level 1:colcon.colcon_core.package_identification:_identify(src/rosbot_xl_ros/rosbot_xl_controller) by extension 'ros'
[0.632s] DEBUG:colcon.colcon_core.package_identification:Package 'src/rosbot_xl_ros/rosbot_xl_controller' with type 'ros.ament_cmake' and name 'rosbot_xl_controller'
[0.632s] Level 1:colcon.colcon_core.package_identification:_identify(src/rosbot_xl_ros/rosbot_xl_description) by extensions ['ignore', 'ignore_ament_install']
[0.632s] Level 1:colcon.colcon_core.package_identification:_identify(src/rosbot_xl_ros/rosbot_xl_description) by extension 'ignore'
[0.632s] Level 1:colcon.colcon_core.package_identification:_identify(src/rosbot_xl_ros/rosbot_xl_description) by extension 'ignore_ament_install'
[0.633s] Level 1:colcon.colcon_core.package_identification:_identify(src/rosbot_xl_ros/rosbot_xl_description) by extensions ['colcon_pkg']
[0.633s] Level 1:colcon.colcon_core.package_identification:_identify(src/rosbot_xl_ros/rosbot_xl_description) by extension 'colcon_pkg'
[0.633s] Level 1:colcon.colcon_core.package_identification:_identify(src/rosbot_xl_ros/rosbot_xl_description) by extensions ['colcon_meta']
[0.633s] Level 1:colcon.colcon_core.package_identification:_identify(src/rosbot_xl_ros/rosbot_xl_description) by extension 'colcon_meta'
[0.633s] Level 1:colcon.colcon_core.package_identification:_identify(src/rosbot_xl_ros/rosbot_xl_description) by extensions ['ros']
[0.633s] Level 1:colcon.colcon_core.package_identification:_identify(src/rosbot_xl_ros/rosbot_xl_description) by extension 'ros'
[0.633s] DEBUG:colcon.colcon_core.package_identification:Package 'src/rosbot_xl_ros/rosbot_xl_description' with type 'ros.ament_cmake' and name 'rosbot_xl_description'
[0.633s] Level 1:colcon.colcon_core.package_identification:_identify(src/rosbot_xl_ros/rosbot_xl_gazebo) by extensions ['ignore', 'ignore_ament_install']
[0.633s] Level 1:colcon.colcon_core.package_identification:_identify(src/rosbot_xl_ros/rosbot_xl_gazebo) by extension 'ignore'
[0.633s] Level 1:colcon.colcon_core.package_identification:_identify(src/rosbot_xl_ros/rosbot_xl_gazebo) by extension 'ignore_ament_install'
[0.633s] Level 1:colcon.colcon_core.package_identification:_identify(src/rosbot_xl_ros/rosbot_xl_gazebo) by extensions ['colcon_pkg']
[0.633s] Level 1:colcon.colcon_core.package_identification:_identify(src/rosbot_xl_ros/rosbot_xl_gazebo) by extension 'colcon_pkg'
[0.633s] Level 1:colcon.colcon_core.package_identification:_identify(src/rosbot_xl_ros/rosbot_xl_gazebo) by extensions ['colcon_meta']
[0.633s] Level 1:colcon.colcon_core.package_identification:_identify(src/rosbot_xl_ros/rosbot_xl_gazebo) by extension 'colcon_meta'
[0.633s] Level 1:colcon.colcon_core.package_identification:_identify(src/rosbot_xl_ros/rosbot_xl_gazebo) by extensions ['ros']
[0.633s] Level 1:colcon.colcon_core.package_identification:_identify(src/rosbot_xl_ros/rosbot_xl_gazebo) by extension 'ros'
[0.633s] DEBUG:colcon.colcon_core.package_identification:Package 'src/rosbot_xl_ros/rosbot_xl_gazebo' with type 'ros.ament_cmake' and name 'rosbot_xl_gazebo'
[0.633s] Level 1:colcon.colcon_core.package_identification:_identify(src/uav_single_gazebo) by extensions ['ignore', 'ignore_ament_install']
[0.633s] Level 1:colcon.colcon_core.package_identification:_identify(src/uav_single_gazebo) by extension 'ignore'
[0.633s] Level 1:colcon.colcon_core.package_identification:_identify(src/uav_single_gazebo) by extension 'ignore_ament_install'
[0.633s] Level 1:colcon.colcon_core.package_identification:_identify(src/uav_single_gazebo) by extensions ['colcon_pkg']
[0.633s] Level 1:colcon.colcon_core.package_identification:_identify(src/uav_single_gazebo) by extension 'colcon_pkg'
[0.633s] Level 1:colcon.colcon_core.package_identification:_identify(src/uav_single_gazebo) by extensions ['colcon_meta']
[0.633s] Level 1:colcon.colcon_core.package_identification:_identify(src/uav_single_gazebo) by extension 'colcon_meta'
[0.634s] Level 1:colcon.colcon_core.package_identification:_identify(src/uav_single_gazebo) by extensions ['ros']
[0.634s] Level 1:colcon.colcon_core.package_identification:_identify(src/uav_single_gazebo) by extension 'ros'
[0.634s] DEBUG:colcon.colcon_core.package_identification:Package 'src/uav_single_gazebo' with type 'ros.ament_cmake' and name 'uav_single_gazebo'
[0.634s] Level 1:colcon.colcon_core.package_discovery:discover_packages(recursive) using defaults
[0.634s] Level 1:colcon.colcon_core.package_discovery:discover_packages(ignore) discover
[0.634s] Level 1:colcon.colcon_core.package_discovery:discover_packages(ignore) using defaults
[0.634s] Level 1:colcon.colcon_core.package_discovery:discover_packages(path) discover
[0.634s] Level 1:colcon.colcon_core.package_discovery:discover_packages(path) using defaults
[0.671s] Level 5:colcon.colcon_core.verb:set package 'husarion_office_gz' build argument 'cmake_args' from command line to 'None'
[0.671s] Level 5:colcon.colcon_core.verb:set package 'husarion_office_gz' build argument 'cmake_target' from command line to 'None'
[0.671s] Level 5:colcon.colcon_core.verb:set package 'husarion_office_gz' build argument 'cmake_target_skip_unavailable' from command line to 'False'
[0.671s] Level 5:colcon.colcon_core.verb:set package 'husarion_office_gz' build argument 'cmake_clean_cache' from command line to 'False'
[0.671s] Level 5:colcon.colcon_core.verb:set package 'husarion_office_gz' build argument 'cmake_clean_first' from command line to 'False'
[0.671s] Level 5:colcon.colcon_core.verb:set package 'husarion_office_gz' build argument 'cmake_force_configure' from command line to 'False'
[0.671s] Level 5:colcon.colcon_core.verb:set package 'husarion_office_gz' build argument 'ament_cmake_args' from command line to 'None'
[0.671s] Level 5:colcon.colcon_core.verb:set package 'husarion_office_gz' build argument 'catkin_cmake_args' from command line to 'None'
[0.671s] Level 5:colcon.colcon_core.verb:set package 'husarion_office_gz' build argument 'catkin_skip_building_tests' from command line to 'False'
[0.671s] DEBUG:colcon.colcon_core.verb:Building package 'husarion_office_gz' with the following arguments: {'ament_cmake_args': None, 'build_base': '/home/nuctella/ros2_ws/ws/build/husarion_office_gz', 'catkin_cmake_args': None, 'catkin_skip_building_tests': False, 'cmake_args': None, 'cmake_clean_cache': False, 'cmake_clean_first': False, 'cmake_force_configure': False, 'cmake_target': None, 'cmake_target_skip_unavailable': False, 'install_base': '/home/nuctella/ros2_ws/ws/install/husarion_office_gz', 'merge_install': False, 'path': '/home/nuctella/ros2_ws/ws/src/husarion/gazebo_worlds', 'symlink_install': False, 'test_result_base': None}
[0.677s] Level 5:colcon.colcon_core.verb:set package 'ign_ros2_control' build argument 'cmake_args' from command line to 'None'
[0.677s] Level 5:colcon.colcon_core.verb:set package 'ign_ros2_control' build argument 'cmake_target' from command line to 'None'
[0.677s] Level 5:colcon.colcon_core.verb:set package 'ign_ros2_control' build argument 'cmake_target_skip_unavailable' from command line to 'False'
[0.677s] Level 5:colcon.colcon_core.verb:set package 'ign_ros2_control' build argument 'cmake_clean_cache' from command line to 'False'
[0.677s] Level 5:colcon.colcon_core.verb:set package 'ign_ros2_control' build argument 'cmake_clean_first' from command line to 'False'
[0.677s] Level 5:colcon.colcon_core.verb:set package 'ign_ros2_control' build argument 'cmake_force_configure' from command line to 'False'
[0.677s] Level 5:colcon.colcon_core.verb:set package 'ign_ros2_control' build argument 'ament_cmake_args' from command line to 'None'
[0.677s] Level 5:colcon.colcon_core.verb:set package 'ign_ros2_control' build argument 'catkin_cmake_args' from command line to 'None'
[0.677s] Level 5:colcon.colcon_core.verb:set package 'ign_ros2_control' build argument 'catkin_skip_building_tests' from command line to 'False'
[0.677s] DEBUG:colcon.colcon_core.verb:Building package 'ign_ros2_control' with the following arguments: {'ament_cmake_args': None, 'build_base': '/home/nuctella/ros2_ws/ws/build/ign_ros2_control', 'catkin_cmake_args': None, 'catkin_skip_building_tests': False, 'cmake_args': None, 'cmake_clean_cache': False, 'cmake_clean_first': False, 'cmake_force_configure': False, 'cmake_target': None, 'cmake_target_skip_unavailable': False, 'install_base': '/home/nuctella/ros2_ws/ws/install/ign_ros2_control', 'merge_install': False, 'path': '/home/nuctella/ros2_ws/ws/src/gazebosim/gz_ros2_control/ign_ros2_control', 'symlink_install': False, 'test_result_base': None}
[0.683s] Level 5:colcon.colcon_core.verb:set package 'mecanum_drive_controller' build argument 'cmake_args' from command line to 'None'
[0.683s] Level 5:colcon.colcon_core.verb:set package 'mecanum_drive_controller' build argument 'cmake_target' from command line to 'None'
[0.683s] Level 5:colcon.colcon_core.verb:set package 'mecanum_drive_controller' build argument 'cmake_target_skip_unavailable' from command line to 'False'
[0.683s] Level 5:colcon.colcon_core.verb:set package 'mecanum_drive_controller' build argument 'cmake_clean_cache' from command line to 'False'
[0.683s] Level 5:colcon.colcon_core.verb:set package 'mecanum_drive_controller' build argument 'cmake_clean_first' from command line to 'False'
[0.683s] Level 5:colcon.colcon_core.verb:set package 'mecanum_drive_controller' build argument 'cmake_force_configure' from command line to 'False'
[0.683s] Level 5:colcon.colcon_core.verb:set package 'mecanum_drive_controller' build argument 'ament_cmake_args' from command line to 'None'
[0.683s] Level 5:colcon.colcon_core.verb:set package 'mecanum_drive_controller' build argument 'catkin_cmake_args' from command line to 'None'
[0.683s] Level 5:colcon.colcon_core.verb:set package 'mecanum_drive_controller' build argument 'catkin_skip_building_tests' from command line to 'False'
[0.683s] DEBUG:colcon.colcon_core.verb:Building package 'mecanum_drive_controller' with the following arguments: {'ament_cmake_args': None, 'build_base': '/home/nuctella/ros2_ws/ws/build/mecanum_drive_controller', 'catkin_cmake_args': None, 'catkin_skip_building_tests': False, 'cmake_args': None, 'cmake_clean_cache': False, 'cmake_clean_first': False, 'cmake_force_configure': False, 'cmake_target': None, 'cmake_target_skip_unavailable': False, 'install_base': '/home/nuctella/ros2_ws/ws/install/mecanum_drive_controller', 'merge_install': False, 'path': '/home/nuctella/ros2_ws/ws/src/rosbot_controllers/mecanum_drive_controller', 'symlink_install': False, 'test_result_base': None}
[0.689s] Level 5:colcon.colcon_core.verb:set package 'ros_components_description' build argument 'cmake_args' from command line to 'None'
[0.689s] Level 5:colcon.colcon_core.verb:set package 'ros_components_description' build argument 'cmake_target' from command line to 'None'
[0.689s] Level 5:colcon.colcon_core.verb:set package 'ros_components_description' build argument 'cmake_target_skip_unavailable' from command line to 'False'
[0.689s] Level 5:colcon.colcon_core.verb:set package 'ros_components_description' build argument 'cmake_clean_cache' from command line to 'False'
[0.689s] Level 5:colcon.colcon_core.verb:set package 'ros_components_description' build argument 'cmake_clean_first' from command line to 'False'
[0.689s] Level 5:colcon.colcon_core.verb:set package 'ros_components_description' build argument 'cmake_force_configure' from command line to 'False'
[0.689s] Level 5:colcon.colcon_core.verb:set package 'ros_components_description' build argument 'ament_cmake_args' from command line to 'None'
[0.689s] Level 5:colcon.colcon_core.verb:set package 'ros_components_description' build argument 'catkin_cmake_args' from command line to 'None'
[0.689s] Level 5:colcon.colcon_core.verb:set package 'ros_components_description' build argument 'catkin_skip_building_tests' from command line to 'False'
[0.689s] DEBUG:colcon.colcon_core.verb:Building package 'ros_components_description' with the following arguments: {'ament_cmake_args': None, 'build_base': '/home/nuctella/ros2_ws/ws/build/ros_components_description', 'catkin_cmake_args': None, 'catkin_skip_building_tests': False, 'cmake_args': None, 'cmake_clean_cache': False, 'cmake_clean_first': False, 'cmake_force_configure': False, 'cmake_target': None, 'cmake_target_skip_unavailable': False, 'install_base': '/home/nuctella/ros2_ws/ws/install/ros_components_description', 'merge_install': False, 'path': '/home/nuctella/ros2_ws/ws/src/ros_components_description', 'symlink_install': False, 'test_result_base': None}
[0.695s] Level 5:colcon.colcon_core.verb:set package 'rosbot_hardware_interfaces' build argument 'cmake_args' from command line to 'None'
[0.695s] Level 5:colcon.colcon_core.verb:set package 'rosbot_hardware_interfaces' build argument 'cmake_target' from command line to 'None'
[0.695s] Level 5:colcon.colcon_core.verb:set package 'rosbot_hardware_interfaces' build argument 'cmake_target_skip_unavailable' from command line to 'False'
[0.695s] Level 5:colcon.colcon_core.verb:set package 'rosbot_hardware_interfaces' build argument 'cmake_clean_cache' from command line to 'False'
[0.695s] Level 5:colcon.colcon_core.verb:set package 'rosbot_hardware_interfaces' build argument 'cmake_clean_first' from command line to 'False'
[0.695s] Level 5:colcon.colcon_core.verb:set package 'rosbot_hardware_interfaces' build argument 'cmake_force_configure' from command line to 'False'
[0.695s] Level 5:colcon.colcon_core.verb:set package 'rosbot_hardware_interfaces' build argument 'ament_cmake_args' from command line to 'None'
[0.695s] Level 5:colcon.colcon_core.verb:set package 'rosbot_hardware_interfaces' build argument 'catkin_cmake_args' from command line to 'None'
[0.695s] Level 5:colcon.colcon_core.verb:set package 'rosbot_hardware_interfaces' build argument 'catkin_skip_building_tests' from command line to 'False'
[0.695s] DEBUG:colcon.colcon_core.verb:Building package 'rosbot_hardware_interfaces' with the following arguments: {'ament_cmake_args': None, 'build_base': '/home/nuctella/ros2_ws/ws/build/rosbot_hardware_interfaces', 'catkin_cmake_args': None, 'catkin_skip_building_tests': False, 'cmake_args': None, 'cmake_clean_cache': False, 'cmake_clean_first': False, 'cmake_force_configure': False, 'cmake_target': None, 'cmake_target_skip_unavailable': False, 'install_base': '/home/nuctella/ros2_ws/ws/install/rosbot_hardware_interfaces', 'merge_install': False, 'path': '/home/nuctella/ros2_ws/ws/src/rosbot_hardware_interfaces', 'symlink_install': False, 'test_result_base': None}
[0.701s] Level 5:colcon.colcon_core.verb:set package 'uav_single_gazebo' build argument 'cmake_args' from command line to 'None'
[0.701s] Level 5:colcon.colcon_core.verb:set package 'uav_single_gazebo' build argument 'cmake_target' from command line to 'None'
[0.701s] Level 5:colcon.colcon_core.verb:set package 'uav_single_gazebo' build argument 'cmake_target_skip_unavailable' from command line to 'False'
[0.701s] Level 5:colcon.colcon_core.verb:set package 'uav_single_gazebo' build argument 'cmake_clean_cache' from command line to 'False'
[0.701s] Level 5:colcon.colcon_core.verb:set package 'uav_single_gazebo' build argument 'cmake_clean_first' from command line to 'False'
[0.701s] Level 5:colcon.colcon_core.verb:set package 'uav_single_gazebo' build argument 'cmake_force_configure' from command line to 'False'
[0.701s] Level 5:colcon.colcon_core.verb:set package 'uav_single_gazebo' build argument 'ament_cmake_args' from command line to 'None'
[0.701s] Level 5:colcon.colcon_core.verb:set package 'uav_single_gazebo' build argument 'catkin_cmake_args' from command line to 'None'
[0.701s] Level 5:colcon.colcon_core.verb:set package 'uav_single_gazebo' build argument 'catkin_skip_building_tests' from command line to 'False'
[0.701s] DEBUG:colcon.colcon_core.verb:Building package 'uav_single_gazebo' with the following arguments: {'ament_cmake_args': None, 'build_base': '/home/nuctella/ros2_ws/ws/build/uav_single_gazebo', 'catkin_cmake_args': None, 'catkin_skip_building_tests': False, 'cmake_args': None, 'cmake_clean_cache': False, 'cmake_clean_first': False, 'cmake_force_configure': False, 'cmake_target': None, 'cmake_target_skip_unavailable': False, 'install_base': '/home/nuctella/ros2_ws/ws/install/uav_single_gazebo', 'merge_install': False, 'path': '/home/nuctella/ros2_ws/ws/src/uav_single_gazebo', 'symlink_install': False, 'test_result_base': None}
[0.707s] Level 5:colcon.colcon_core.verb:set package 'ign_ros2_control_demos' build argument 'cmake_args' from command line to 'None'
[0.707s] Level 5:colcon.colcon_core.verb:set package 'ign_ros2_control_demos' build argument 'cmake_target' from command line to 'None'
[0.707s] Level 5:colcon.colcon_core.verb:set package 'ign_ros2_control_demos' build argument 'cmake_target_skip_unavailable' from command line to 'False'
[0.707s] Level 5:colcon.colcon_core.verb:set package 'ign_ros2_control_demos' build argument 'cmake_clean_cache' from command line to 'False'
[0.707s] Level 5:colcon.colcon_core.verb:set package 'ign_ros2_control_demos' build argument 'cmake_clean_first' from command line to 'False'
[0.707s] Level 5:colcon.colcon_core.verb:set package 'ign_ros2_control_demos' build argument 'cmake_force_configure' from command line to 'False'
[0.707s] Level 5:colcon.colcon_core.verb:set package 'ign_ros2_control_demos' build argument 'ament_cmake_args' from command line to 'None'
[0.707s] Level 5:colcon.colcon_core.verb:set package 'ign_ros2_control_demos' build argument 'catkin_cmake_args' from command line to 'None'
[0.707s] Level 5:colcon.colcon_core.verb:set package 'ign_ros2_control_demos' build argument 'catkin_skip_building_tests' from command line to 'False'
[0.707s] DEBUG:colcon.colcon_core.verb:Building package 'ign_ros2_control_demos' with the following arguments: {'ament_cmake_args': None, 'build_base': '/home/nuctella/ros2_ws/ws/build/ign_ros2_control_demos', 'catkin_cmake_args': None, 'catkin_skip_building_tests': False, 'cmake_args': None, 'cmake_clean_cache': False, 'cmake_clean_first': False, 'cmake_force_configure': False, 'cmake_target': None, 'cmake_target_skip_unavailable': False, 'install_base': '/home/nuctella/ros2_ws/ws/install/ign_ros2_control_demos', 'merge_install': False, 'path': '/home/nuctella/ros2_ws/ws/src/gazebosim/gz_ros2_control/ign_ros2_control_demos', 'symlink_install': False, 'test_result_base': None}
[0.712s] Level 5:colcon.colcon_core.verb:set package 'rosbot_xl_description' build argument 'cmake_args' from command line to 'None'
[0.712s] Level 5:colcon.colcon_core.verb:set package 'rosbot_xl_description' build argument 'cmake_target' from command line to 'None'
[0.712s] Level 5:colcon.colcon_core.verb:set package 'rosbot_xl_description' build argument 'cmake_target_skip_unavailable' from command line to 'False'
[0.713s] Level 5:colcon.colcon_core.verb:set package 'rosbot_xl_description' build argument 'cmake_clean_cache' from command line to 'False'
[0.713s] Level 5:colcon.colcon_core.verb:set package 'rosbot_xl_description' build argument 'cmake_clean_first' from command line to 'False'
[0.713s] Level 5:colcon.colcon_core.verb:set package 'rosbot_xl_description' build argument 'cmake_force_configure' from command line to 'False'
[0.713s] Level 5:colcon.colcon_core.verb:set package 'rosbot_xl_description' build argument 'ament_cmake_args' from command line to 'None'
[0.713s] Level 5:colcon.colcon_core.verb:set package 'rosbot_xl_description' build argument 'catkin_cmake_args' from command line to 'None'
[0.713s] Level 5:colcon.colcon_core.verb:set package 'rosbot_xl_description' build argument 'catkin_skip_building_tests' from command line to 'False'
[0.713s] DEBUG:colcon.colcon_core.verb:Building package 'rosbot_xl_description' with the following arguments: {'ament_cmake_args': None, 'build_base': '/home/nuctella/ros2_ws/ws/build/rosbot_xl_description', 'catkin_cmake_args': None, 'catkin_skip_building_tests': False, 'cmake_args': None, 'cmake_clean_cache': False, 'cmake_clean_first': False, 'cmake_force_configure': False, 'cmake_target': None, 'cmake_target_skip_unavailable': False, 'install_base': '/home/nuctella/ros2_ws/ws/install/rosbot_xl_description', 'merge_install': False, 'path': '/home/nuctella/ros2_ws/ws/src/rosbot_xl_ros/rosbot_xl_description', 'symlink_install': False, 'test_result_base': None}
[0.718s] Level 5:colcon.colcon_core.verb:set package 'rosbot_xl_controller' build argument 'cmake_args' from command line to 'None'
[0.718s] Level 5:colcon.colcon_core.verb:set package 'rosbot_xl_controller' build argument 'cmake_target' from command line to 'None'
[0.718s] Level 5:colcon.colcon_core.verb:set package 'rosbot_xl_controller' build argument 'cmake_target_skip_unavailable' from command line to 'False'
[0.718s] Level 5:colcon.colcon_core.verb:set package 'rosbot_xl_controller' build argument 'cmake_clean_cache' from command line to 'False'
[0.718s] Level 5:colcon.colcon_core.verb:set package 'rosbot_xl_controller' build argument 'cmake_clean_first' from command line to 'False'
[0.719s] Level 5:colcon.colcon_core.verb:set package 'rosbot_xl_controller' build argument 'cmake_force_configure' from command line to 'False'
[0.719s] Level 5:colcon.colcon_core.verb:set package 'rosbot_xl_controller' build argument 'ament_cmake_args' from command line to 'None'
[0.719s] Level 5:colcon.colcon_core.verb:set package 'rosbot_xl_controller' build argument 'catkin_cmake_args' from command line to 'None'
[0.719s] Level 5:colcon.colcon_core.verb:set package 'rosbot_xl_controller' build argument 'catkin_skip_building_tests' from command line to 'False'
[0.719s] DEBUG:colcon.colcon_core.verb:Building package 'rosbot_xl_controller' with the following arguments: {'ament_cmake_args': None, 'build_base': '/home/nuctella/ros2_ws/ws/build/rosbot_xl_controller', 'catkin_cmake_args': None, 'catkin_skip_building_tests': False, 'cmake_args': None, 'cmake_clean_cache': False, 'cmake_clean_first': False, 'cmake_force_configure': False, 'cmake_target': None, 'cmake_target_skip_unavailable': False, 'install_base': '/home/nuctella/ros2_ws/ws/install/rosbot_xl_controller', 'merge_install': False, 'path': '/home/nuctella/ros2_ws/ws/src/rosbot_xl_ros/rosbot_xl_controller', 'symlink_install': False, 'test_result_base': None}
[0.725s] Level 5:colcon.colcon_core.verb:set package 'rosbot_xl_bringup' build argument 'cmake_args' from command line to 'None'
[0.725s] Level 5:colcon.colcon_core.verb:set package 'rosbot_xl_bringup' build argument 'cmake_target' from command line to 'None'
[0.725s] Level 5:colcon.colcon_core.verb:set package 'rosbot_xl_bringup' build argument 'cmake_target_skip_unavailable' from command line to 'False'
[0.725s] Level 5:colcon.colcon_core.verb:set package 'rosbot_xl_bringup' build argument 'cmake_clean_cache' from command line to 'False'
[0.725s] Level 5:colcon.colcon_core.verb:set package 'rosbot_xl_bringup' build argument 'cmake_clean_first' from command line to 'False'
[0.725s] Level 5:colcon.colcon_core.verb:set package 'rosbot_xl_bringup' build argument 'cmake_force_configure' from command line to 'False'
[0.725s] Level 5:colcon.colcon_core.verb:set package 'rosbot_xl_bringup' build argument 'ament_cmake_args' from command line to 'None'
[0.725s] Level 5:colcon.colcon_core.verb:set package 'rosbot_xl_bringup' build argument 'catkin_cmake_args' from command line to 'None'
[0.725s] Level 5:colcon.colcon_core.verb:set package 'rosbot_xl_bringup' build argument 'catkin_skip_building_tests' from command line to 'False'
[0.725s] DEBUG:colcon.colcon_core.verb:Building package 'rosbot_xl_bringup' with the following arguments: {'ament_cmake_args': None, 'build_base': '/home/nuctella/ros2_ws/ws/build/rosbot_xl_bringup', 'catkin_cmake_args': None, 'catkin_skip_building_tests': False, 'cmake_args': None, 'cmake_clean_cache': False, 'cmake_clean_first': False, 'cmake_force_configure': False, 'cmake_target': None, 'cmake_target_skip_unavailable': False, 'install_base': '/home/nuctella/ros2_ws/ws/install/rosbot_xl_bringup', 'merge_install': False, 'path': '/home/nuctella/ros2_ws/ws/src/rosbot_xl_ros/rosbot_xl_bringup', 'symlink_install': False, 'test_result_base': None}
[0.731s] Level 5:colcon.colcon_core.verb:set package 'rosbot_xl_gazebo' build argument 'cmake_args' from command line to 'None'
[0.731s] Level 5:colcon.colcon_core.verb:set package 'rosbot_xl_gazebo' build argument 'cmake_target' from command line to 'None'
[0.731s] Level 5:colcon.colcon_core.verb:set package 'rosbot_xl_gazebo' build argument 'cmake_target_skip_unavailable' from command line to 'False'
[0.731s] Level 5:colcon.colcon_core.verb:set package 'rosbot_xl_gazebo' build argument 'cmake_clean_cache' from command line to 'False'
[0.731s] Level 5:colcon.colcon_core.verb:set package 'rosbot_xl_gazebo' build argument 'cmake_clean_first' from command line to 'False'
[0.731s] Level 5:colcon.colcon_core.verb:set package 'rosbot_xl_gazebo' build argument 'cmake_force_configure' from command line to 'False'
[0.731s] Level 5:colcon.colcon_core.verb:set package 'rosbot_xl_gazebo' build argument 'ament_cmake_args' from command line to 'None'
[0.731s] Level 5:colcon.colcon_core.verb:set package 'rosbot_xl_gazebo' build argument 'catkin_cmake_args' from command line to 'None'
[0.731s] Level 5:colcon.colcon_core.verb:set package 'rosbot_xl_gazebo' build argument 'catkin_skip_building_tests' from command line to 'False'
[0.731s] DEBUG:colcon.colcon_core.verb:Building package 'rosbot_xl_gazebo' with the following arguments: {'ament_cmake_args': None, 'build_base': '/home/nuctella/ros2_ws/ws/build/rosbot_xl_gazebo', 'catkin_cmake_args': None, 'catkin_skip_building_tests': False, 'cmake_args': None, 'cmake_clean_cache': False, 'cmake_clean_first': False, 'cmake_force_configure': False, 'cmake_target': None, 'cmake_target_skip_unavailable': False, 'install_base': '/home/nuctella/ros2_ws/ws/install/rosbot_xl_gazebo', 'merge_install': False, 'path': '/home/nuctella/ros2_ws/ws/src/rosbot_xl_ros/rosbot_xl_gazebo', 'symlink_install': False, 'test_result_base': None}
[0.737s] Level 5:colcon.colcon_core.verb:set package 'rosbot_xl' build argument 'cmake_args' from command line to 'None'
[0.737s] Level 5:colcon.colcon_core.verb:set package 'rosbot_xl' build argument 'cmake_target' from command line to 'None'
[0.737s] Level 5:colcon.colcon_core.verb:set package 'rosbot_xl' build argument 'cmake_target_skip_unavailable' from command line to 'False'
[0.737s] Level 5:colcon.colcon_core.verb:set package 'rosbot_xl' build argument 'cmake_clean_cache' from command line to 'False'
[0.737s] Level 5:colcon.colcon_core.verb:set package 'rosbot_xl' build argument 'cmake_clean_first' from command line to 'False'
[0.737s] Level 5:colcon.colcon_core.verb:set package 'rosbot_xl' build argument 'cmake_force_configure' from command line to 'False'
[0.737s] Level 5:colcon.colcon_core.verb:set package 'rosbot_xl' build argument 'ament_cmake_args' from command line to 'None'
[0.737s] Level 5:colcon.colcon_core.verb:set package 'rosbot_xl' build argument 'catkin_cmake_args' from command line to 'None'
[0.737s] Level 5:colcon.colcon_core.verb:set package 'rosbot_xl' build argument 'catkin_skip_building_tests' from command line to 'False'
[0.737s] DEBUG:colcon.colcon_core.verb:Building package 'rosbot_xl' with the following arguments: {'ament_cmake_args': None, 'build_base': '/home/nuctella/ros2_ws/ws/build/rosbot_xl', 'catkin_cmake_args': None, 'catkin_skip_building_tests': False, 'cmake_args': None, 'cmake_clean_cache': False, 'cmake_clean_first': False, 'cmake_force_configure': False, 'cmake_target': None, 'cmake_target_skip_unavailable': False, 'install_base': '/home/nuctella/ros2_ws/ws/install/rosbot_xl', 'merge_install': False, 'path': '/home/nuctella/ros2_ws/ws/src/rosbot_xl_ros/rosbot_xl', 'symlink_install': False, 'test_result_base': None}
[0.743s] INFO:colcon.colcon_core.executor:Executing jobs using 'parallel' executor
[0.749s] DEBUG:colcon.colcon_parallel_executor.executor.parallel:run_until_complete
[0.750s] INFO:colcon.colcon_ros.task.ament_cmake.build:Building ROS package in '/home/nuctella/ros2_ws/ws/src/ros_components_description' with build type 'ament_cmake'
[0.750s] INFO:colcon.colcon_cmake.task.cmake.build:Building CMake package in '/home/nuctella/ros2_ws/ws/src/ros_components_description'
[0.774s] INFO:colcon.colcon_core.plugin_system:Skipping extension 'colcon_core.shell.bat': Not used on non-Windows systems
[0.774s] INFO:colcon.colcon_core.shell:Skip shell extension 'powershell' for command environment: Not usable outside of PowerShell
[0.774s] DEBUG:colcon.colcon_core.shell:Skip shell extension 'dsv' for command environment
[0.807s] INFO:colcon.colcon_ros.task.ament_cmake.build:Building ROS package in '/home/nuctella/ros2_ws/ws/src/rosbot_controllers/mecanum_drive_controller' with build type 'ament_cmake'
[0.807s] INFO:colcon.colcon_cmake.task.cmake.build:Building CMake package in '/home/nuctella/ros2_ws/ws/src/rosbot_controllers/mecanum_drive_controller'
[0.813s] INFO:colcon.colcon_core.shell:Skip shell extension 'powershell' for command environment: Not usable outside of PowerShell
[0.813s] DEBUG:colcon.colcon_core.shell:Skip shell extension 'dsv' for command environment
[0.845s] INFO:colcon.colcon_ros.task.ament_cmake.build:Building ROS package in '/home/nuctella/ros2_ws/ws/src/rosbot_hardware_interfaces' with build type 'ament_cmake'
[0.845s] INFO:colcon.colcon_cmake.task.cmake.build:Building CMake package in '/home/nuctella/ros2_ws/ws/src/rosbot_hardware_interfaces'
[0.852s] INFO:colcon.colcon_core.shell:Skip shell extension 'powershell' for command environment: Not usable outside of PowerShell
[0.852s] DEBUG:colcon.colcon_core.shell:Skip shell extension 'dsv' for command environment
[0.884s] INFO:colcon.colcon_ros.task.ament_cmake.build:Building ROS package in '/home/nuctella/ros2_ws/ws/src/gazebosim/gz_ros2_control/ign_ros2_control' with build type 'ament_cmake'
[0.884s] INFO:colcon.colcon_cmake.task.cmake.build:Building CMake package in '/home/nuctella/ros2_ws/ws/src/gazebosim/gz_ros2_control/ign_ros2_control'
[0.890s] INFO:colcon.colcon_core.shell:Skip shell extension 'powershell' for command environment: Not usable outside of PowerShell
[0.891s] DEBUG:colcon.colcon_core.shell:Skip shell extension 'dsv' for command environment
[0.922s] INFO:colcon.colcon_ros.task.ament_cmake.build:Building ROS package in '/home/nuctella/ros2_ws/ws/src/husarion/gazebo_worlds' with build type 'ament_cmake'
[0.922s] INFO:colcon.colcon_cmake.task.cmake.build:Building CMake package in '/home/nuctella/ros2_ws/ws/src/husarion/gazebo_worlds'
[0.929s] INFO:colcon.colcon_core.shell:Skip shell extension 'powershell' for command environment: Not usable outside of PowerShell
[0.929s] DEBUG:colcon.colcon_core.shell:Skip shell extension 'dsv' for command environment
[0.961s] INFO:colcon.colcon_ros.task.ament_cmake.build:Building ROS package in '/home/nuctella/ros2_ws/ws/src/uav_single_gazebo' with build type 'ament_cmake'
[0.961s] INFO:colcon.colcon_cmake.task.cmake.build:Building CMake package in '/home/nuctella/ros2_ws/ws/src/uav_single_gazebo'
[0.968s] INFO:colcon.colcon_core.shell:Skip shell extension 'powershell' for command environment: Not usable outside of PowerShell
[0.968s] DEBUG:colcon.colcon_core.shell:Skip shell extension 'dsv' for command environment
[1.002s] DEBUG:colcon.colcon_core.event_handler.log_command:Invoking command in '/home/nuctella/ros2_ws/ws/build/ros_components_description': CMAKE_PREFIX_PATH=${CMAKE_PREFIX_PATH}:/home/nuctella/my_ros2_ws/install/rosbot_object_recognition:/opt/ros/humble /usr/bin/cmake --build /home/nuctella/ros2_ws/ws/build/ros_components_description -- -j20 -l20
[1.006s] DEBUG:colcon.colcon_core.event_handler.log_command:Invoking command in '/home/nuctella/ros2_ws/ws/build/mecanum_drive_controller': CMAKE_PREFIX_PATH=${CMAKE_PREFIX_PATH}:/home/nuctella/my_ros2_ws/install/rosbot_object_recognition:/opt/ros/humble /usr/bin/cmake --build /home/nuctella/ros2_ws/ws/build/mecanum_drive_controller -- -j20 -l20
[1.007s] DEBUG:colcon.colcon_core.event_handler.log_command:Invoking command in '/home/nuctella/ros2_ws/ws/build/rosbot_hardware_interfaces': CMAKE_PREFIX_PATH=${CMAKE_PREFIX_PATH}:/home/nuctella/my_ros2_ws/install/rosbot_object_recognition:/opt/ros/humble /usr/bin/cmake --build /home/nuctella/ros2_ws/ws/build/rosbot_hardware_interfaces -- -j20 -l20
[1.009s] DEBUG:colcon.colcon_core.event_handler.log_command:Invoking command in '/home/nuctella/ros2_ws/ws/build/ign_ros2_control': CMAKE_PREFIX_PATH=${CMAKE_PREFIX_PATH}:/home/nuctella/my_ros2_ws/install/rosbot_object_recognition:/opt/ros/humble /usr/bin/cmake --build /home/nuctella/ros2_ws/ws/build/ign_ros2_control -- -j20 -l20
[1.011s] DEBUG:colcon.colcon_core.event_handler.log_command:Invoking command in '/home/nuctella/ros2_ws/ws/build/husarion_office_gz': CMAKE_PREFIX_PATH=${CMAKE_PREFIX_PATH}:/home/nuctella/my_ros2_ws/install/rosbot_object_recognition:/opt/ros/humble /usr/bin/cmake --build /home/nuctella/ros2_ws/ws/build/husarion_office_gz -- -j20 -l20
[1.014s] DEBUG:colcon.colcon_core.event_handler.log_command:Invoking command in '/home/nuctella/ros2_ws/ws/build/uav_single_gazebo': CMAKE_PREFIX_PATH=${CMAKE_PREFIX_PATH}:/home/nuctella/my_ros2_ws/install/rosbot_object_recognition:/opt/ros/humble /usr/bin/cmake /home/nuctella/ros2_ws/ws/src/uav_single_gazebo -DCMAKE_INSTALL_PREFIX=/home/nuctella/ros2_ws/ws/install/uav_single_gazebo
[1.045s] DEBUG:colcon.colcon_core.event_handler.log_command:Invoked command in '/home/nuctella/ros2_ws/ws/build/ros_components_description' returned '0': CMAKE_PREFIX_PATH=${CMAKE_PREFIX_PATH}:/home/nuctella/my_ros2_ws/install/rosbot_object_recognition:/opt/ros/humble /usr/bin/cmake --build /home/nuctella/ros2_ws/ws/build/ros_components_description -- -j20 -l20
[1.047s] DEBUG:colcon.colcon_core.event_handler.log_command:Invoked command in '/home/nuctella/ros2_ws/ws/build/husarion_office_gz' returned '0': CMAKE_PREFIX_PATH=${CMAKE_PREFIX_PATH}:/home/nuctella/my_ros2_ws/install/rosbot_object_recognition:/opt/ros/humble /usr/bin/cmake --build /home/nuctella/ros2_ws/ws/build/husarion_office_gz -- -j20 -l20
[1.066s] DEBUG:colcon.colcon_core.event_handler.log_command:Invoking command in '/home/nuctella/ros2_ws/ws/build/ros_components_description': CMAKE_PREFIX_PATH=${CMAKE_PREFIX_PATH}:/home/nuctella/my_ros2_ws/install/rosbot_object_recognition:/opt/ros/humble /usr/bin/cmake --install /home/nuctella/ros2_ws/ws/build/ros_components_description
[1.067s] DEBUG:colcon.colcon_core.event_handler.log_command:Invoking command in '/home/nuctella/ros2_ws/ws/build/husarion_office_gz': CMAKE_PREFIX_PATH=${CMAKE_PREFIX_PATH}:/home/nuctella/my_ros2_ws/install/rosbot_object_recognition:/opt/ros/humble /usr/bin/cmake --install /home/nuctella/ros2_ws/ws/build/husarion_office_gz
[1.083s] Level 1:colcon.colcon_core.environment:create_environment_scripts_only(ros_components_description)
[1.083s] DEBUG:colcon.colcon_core.event_handler.log_command:Invoked command in '/home/nuctella/ros2_ws/ws/build/ros_components_description' returned '0': CMAKE_PREFIX_PATH=${CMAKE_PREFIX_PATH}:/home/nuctella/my_ros2_ws/install/rosbot_object_recognition:/opt/ros/humble /usr/bin/cmake --install /home/nuctella/ros2_ws/ws/build/ros_components_description
[1.103s] Level 1:colcon.colcon_core.environment:checking '/home/nuctella/ros2_ws/ws/install/ros_components_description' for CMake module files
[1.104s] Level 1:colcon.colcon_core.environment:checking '/home/nuctella/ros2_ws/ws/install/ros_components_description' for CMake config files
[1.105s] Level 1:colcon.colcon_core.shell:create_environment_hook('ros_components_description', 'cmake_prefix_path')
[1.120s] INFO:colcon.colcon_core.shell:Creating environment hook '/home/nuctella/ros2_ws/ws/install/ros_components_description/share/ros_components_description/hook/cmake_prefix_path.ps1'
[1.121s] INFO:colcon.colcon_core.shell:Creating environment descriptor '/home/nuctella/ros2_ws/ws/install/ros_components_description/share/ros_components_description/hook/cmake_prefix_path.dsv'
[1.121s] INFO:colcon.colcon_core.shell:Creating environment hook '/home/nuctella/ros2_ws/ws/install/ros_components_description/share/ros_components_description/hook/cmake_prefix_path.sh'
[1.122s] Level 1:colcon.colcon_core.environment:checking '/home/nuctella/ros2_ws/ws/install/ros_components_description/bin'
[1.122s] Level 1:colcon.colcon_core.environment:checking '/home/nuctella/ros2_ws/ws/install/ros_components_description/lib/pkgconfig/ros_components_description.pc'
[1.123s] Level 1:colcon.colcon_core.environment:checking '/home/nuctella/ros2_ws/ws/install/ros_components_description/lib/python3.10/site-packages'
[1.124s] Level 1:colcon.colcon_core.environment:checking '/home/nuctella/ros2_ws/ws/install/ros_components_description/bin'
[1.152s] INFO:colcon.colcon_core.shell:Creating package script '/home/nuctella/ros2_ws/ws/install/ros_components_description/share/ros_components_description/package.ps1'
[1.154s] INFO:colcon.colcon_core.shell:Creating package descriptor '/home/nuctella/ros2_ws/ws/install/ros_components_description/share/ros_components_description/package.dsv'
[1.154s] INFO:colcon.colcon_core.shell:Creating package script '/home/nuctella/ros2_ws/ws/install/ros_components_description/share/ros_components_description/package.sh'
[1.155s] INFO:colcon.colcon_core.shell:Creating package script '/home/nuctella/ros2_ws/ws/install/ros_components_description/share/ros_components_description/package.bash'
[1.156s] INFO:colcon.colcon_core.shell:Creating package script '/home/nuctella/ros2_ws/ws/install/ros_components_description/share/ros_components_description/package.zsh'
[1.158s] Level 1:colcon.colcon_core.environment:create_file_with_runtime_dependencies(/home/nuctella/ros2_ws/ws/install/ros_components_description/share/colcon-core/packages/ros_components_description)
[1.189s] Level 1:colcon.colcon_core.environment:create_environment_scripts_only(ros_components_description)
[1.202s] Level 1:colcon.colcon_core.environment:checking '/home/nuctella/ros2_ws/ws/install/ros_components_description' for CMake module files
[1.203s] Level 1:colcon.colcon_core.environment:checking '/home/nuctella/ros2_ws/ws/install/ros_components_description' for CMake config files
[1.203s] Level 1:colcon.colcon_core.shell:create_environment_hook('ros_components_description', 'cmake_prefix_path')
[1.211s] INFO:colcon.colcon_core.shell:Creating environment hook '/home/nuctella/ros2_ws/ws/install/ros_components_description/share/ros_components_description/hook/cmake_prefix_path.ps1'
[1.211s] INFO:colcon.colcon_core.shell:Creating environment descriptor '/home/nuctella/ros2_ws/ws/install/ros_components_description/share/ros_components_description/hook/cmake_prefix_path.dsv'
[1.211s] INFO:colcon.colcon_core.shell:Creating environment hook '/home/nuctella/ros2_ws/ws/install/ros_components_description/share/ros_components_description/hook/cmake_prefix_path.sh'
[1.211s] Level 1:colcon.colcon_core.environment:checking '/home/nuctella/ros2_ws/ws/install/ros_components_description/bin'
[1.211s] Level 1:colcon.colcon_core.environment:checking '/home/nuctella/ros2_ws/ws/install/ros_components_description/lib/pkgconfig/ros_components_description.pc'
[1.212s] Level 1:colcon.colcon_core.environment:checking '/home/nuctella/ros2_ws/ws/install/ros_components_description/lib/python3.10/site-packages'
[1.212s] Level 1:colcon.colcon_core.environment:checking '/home/nuctella/ros2_ws/ws/install/ros_components_description/bin'
[1.220s] INFO:colcon.colcon_core.shell:Creating package script '/home/nuctella/ros2_ws/ws/install/ros_components_description/share/ros_components_description/package.ps1'
[1.220s] INFO:colcon.colcon_core.shell:Creating package descriptor '/home/nuctella/ros2_ws/ws/install/ros_components_description/share/ros_components_description/package.dsv'
[1.220s] INFO:colcon.colcon_core.shell:Creating package script '/home/nuctella/ros2_ws/ws/install/ros_components_description/share/ros_components_description/package.sh'
[1.221s] INFO:colcon.colcon_core.shell:Creating package script '/home/nuctella/ros2_ws/ws/install/ros_components_description/share/ros_components_description/package.bash'
[1.221s] INFO:colcon.colcon_core.shell:Creating package script '/home/nuctella/ros2_ws/ws/install/ros_components_description/share/ros_components_description/package.zsh'
[1.221s] Level 1:colcon.colcon_core.environment:create_file_with_runtime_dependencies(/home/nuctella/ros2_ws/ws/install/ros_components_description/share/colcon-core/packages/ros_components_description)
[1.221s] INFO:colcon.colcon_ros.task.ament_cmake.build:Building ROS package in '/home/nuctella/ros2_ws/ws/src/rosbot_xl_ros/rosbot_xl_description' with build type 'ament_cmake'
[1.221s] INFO:colcon.colcon_cmake.task.cmake.build:Building CMake package in '/home/nuctella/ros2_ws/ws/src/rosbot_xl_ros/rosbot_xl_description'
[1.230s] INFO:colcon.colcon_core.shell:Skip shell extension 'powershell' for command environment: Not usable outside of PowerShell
[1.230s] DEBUG:colcon.colcon_core.shell:Skip shell extension 'dsv' for command environment
[1.276s] Level 1:colcon.colcon_core.environment:create_environment_scripts_only(husarion_office_gz)
[1.277s] DEBUG:colcon.colcon_core.event_handler.log_command:Invoked command in '/home/nuctella/ros2_ws/ws/build/husarion_office_gz' returned '0': CMAKE_PREFIX_PATH=${CMAKE_PREFIX_PATH}:/home/nuctella/my_ros2_ws/install/rosbot_object_recognition:/opt/ros/humble /usr/bin/cmake --install /home/nuctella/ros2_ws/ws/build/husarion_office_gz
[1.285s] Level 1:colcon.colcon_core.environment:checking '/home/nuctella/ros2_ws/ws/install/husarion_office_gz' for CMake module files
[1.285s] Level 1:colcon.colcon_core.environment:checking '/home/nuctella/ros2_ws/ws/install/husarion_office_gz' for CMake config files
[1.286s] Level 1:colcon.colcon_core.shell:create_environment_hook('husarion_office_gz', 'cmake_prefix_path')
[1.300s] INFO:colcon.colcon_core.shell:Creating environment hook '/home/nuctella/ros2_ws/ws/install/husarion_office_gz/share/husarion_office_gz/hook/cmake_prefix_path.ps1'
[1.300s] INFO:colcon.colcon_core.shell:Creating environment descriptor '/home/nuctella/ros2_ws/ws/install/husarion_office_gz/share/husarion_office_gz/hook/cmake_prefix_path.dsv'
[1.300s] INFO:colcon.colcon_core.shell:Creating environment hook '/home/nuctella/ros2_ws/ws/install/husarion_office_gz/share/husarion_office_gz/hook/cmake_prefix_path.sh'
[1.301s] Level 1:colcon.colcon_core.environment:checking '/home/nuctella/ros2_ws/ws/install/husarion_office_gz/bin'
[1.301s] Level 1:colcon.colcon_core.environment:checking '/home/nuctella/ros2_ws/ws/install/husarion_office_gz/lib/pkgconfig/husarion_office_gz.pc'
[1.301s] Level 1:colcon.colcon_core.environment:checking '/home/nuctella/ros2_ws/ws/install/husarion_office_gz/lib/python3.10/site-packages'
[1.301s] Level 1:colcon.colcon_core.environment:checking '/home/nuctella/ros2_ws/ws/install/husarion_office_gz/bin'
[1.309s] INFO:colcon.colcon_core.shell:Creating package script '/home/nuctella/ros2_ws/ws/install/husarion_office_gz/share/husarion_office_gz/package.ps1'
[1.310s] INFO:colcon.colcon_core.shell:Creating package descriptor '/home/nuctella/ros2_ws/ws/install/husarion_office_gz/share/husarion_office_gz/package.dsv'
[1.310s] INFO:colcon.colcon_core.shell:Creating package script '/home/nuctella/ros2_ws/ws/install/husarion_office_gz/share/husarion_office_gz/package.sh'
[1.310s] INFO:colcon.colcon_core.shell:Creating package script '/home/nuctella/ros2_ws/ws/install/husarion_office_gz/share/husarion_office_gz/package.bash'
[1.310s] INFO:colcon.colcon_core.shell:Creating package script '/home/nuctella/ros2_ws/ws/install/husarion_office_gz/share/husarion_office_gz/package.zsh'
[1.310s] Level 1:colcon.colcon_core.environment:create_file_with_runtime_dependencies(/home/nuctella/ros2_ws/ws/install/husarion_office_gz/share/colcon-core/packages/husarion_office_gz)
[1.314s] DEBUG:colcon.colcon_core.event_handler.log_command:Invoking command in '/home/nuctella/ros2_ws/ws/build/rosbot_xl_description': CMAKE_PREFIX_PATH=/home/nuctella/ros2_ws/ws/install/ros_components_description:/home/nuctella/my_ros2_ws/install/rosbot_interfaces:/home/nuctella/my_ros2_ws/install/core:/home/nuctella/ros2_ws/ws/install/uav_single_gazebo:/home/nuctella/ros2_ws/ws/install/rosbot_xl:/home/nuctella/ros2_ws/ws/install/rosbot_xl_gazebo:/home/nuctella/ros2_ws/ws/install/rosbot_xl_bringup:/home/nuctella/ros2_ws/ws/install/rosbot_xl_controller:/home/nuctella/ros2_ws/ws/install/rosbot_xl_description:/home/nuctella/ros2_ws/ws/install/rosbot_hardware_interfaces:/home/nuctella/ros2_ws/ws/install/mecanum_drive_controller:/home/nuctella/ros2_ws/ws/install/ign_ros2_control_demos:/home/nuctella/ros2_ws/ws/install/ign_ros2_control:/home/nuctella/ros2_ws/ws/install/husarion_office_gz:/home/nuctella/ros2_ws/deps/install/sllidar_ros2:/home/nuctella/ros2_ws/deps/install/micro_ros_setup:/home/nuctella/ros2_ws/deps/install/micro_ros_agent:/home/nuctella/ros2_ws/deps/install/micro_ros_msgs:/home/nuctella/my_ros2_ws/install/rosbot_object_recognition:/opt/ros/humble /usr/bin/cmake --build /home/nuctella/ros2_ws/ws/build/rosbot_xl_description -- -j20 -l20
[1.339s] Level 1:colcon.colcon_core.environment:create_environment_scripts_only(husarion_office_gz)
[1.350s] Level 1:colcon.colcon_core.environment:checking '/home/nuctella/ros2_ws/ws/install/husarion_office_gz' for CMake module files
[1.351s] Level 1:colcon.colcon_core.environment:checking '/home/nuctella/ros2_ws/ws/install/husarion_office_gz' for CMake config files
[1.351s] Level 1:colcon.colcon_core.shell:create_environment_hook('husarion_office_gz', 'cmake_prefix_path')
[1.366s] INFO:colcon.colcon_core.shell:Creating environment hook '/home/nuctella/ros2_ws/ws/install/husarion_office_gz/share/husarion_office_gz/hook/cmake_prefix_path.ps1'
[1.367s] INFO:colcon.colcon_core.shell:Creating environment descriptor '/home/nuctella/ros2_ws/ws/install/husarion_office_gz/share/husarion_office_gz/hook/cmake_prefix_path.dsv'
[1.367s] INFO:colcon.colcon_core.shell:Creating environment hook '/home/nuctella/ros2_ws/ws/install/husarion_office_gz/share/husarion_office_gz/hook/cmake_prefix_path.sh'
[1.367s] Level 1:colcon.colcon_core.environment:checking '/home/nuctella/ros2_ws/ws/install/husarion_office_gz/bin'
[1.367s] Level 1:colcon.colcon_core.environment:checking '/home/nuctella/ros2_ws/ws/install/husarion_office_gz/lib/pkgconfig/husarion_office_gz.pc'
[1.367s] Level 1:colcon.colcon_core.environment:checking '/home/nuctella/ros2_ws/ws/install/husarion_office_gz/lib/python3.10/site-packages'
[1.367s] Level 1:colcon.colcon_core.environment:checking '/home/nuctella/ros2_ws/ws/install/husarion_office_gz/bin'
[1.376s] INFO:colcon.colcon_core.shell:Creating package script '/home/nuctella/ros2_ws/ws/install/husarion_office_gz/share/husarion_office_gz/package.ps1'
[1.376s] INFO:colcon.colcon_core.shell:Creating package descriptor '/home/nuctella/ros2_ws/ws/install/husarion_office_gz/share/husarion_office_gz/package.dsv'
[1.377s] INFO:colcon.colcon_core.shell:Creating package script '/home/nuctella/ros2_ws/ws/install/husarion_office_gz/share/husarion_office_gz/package.sh'
[1.377s] INFO:colcon.colcon_core.shell:Creating package script '/home/nuctella/ros2_ws/ws/install/husarion_office_gz/share/husarion_office_gz/package.bash'
[1.377s] INFO:colcon.colcon_core.shell:Creating package script '/home/nuctella/ros2_ws/ws/install/husarion_office_gz/share/husarion_office_gz/package.zsh'
[1.377s] Level 1:colcon.colcon_core.environment:create_file_with_runtime_dependencies(/home/nuctella/ros2_ws/ws/install/husarion_office_gz/share/colcon-core/packages/husarion_office_gz)
[1.379s] DEBUG:colcon.colcon_core.event_handler.log_command:Invoked command in '/home/nuctella/ros2_ws/ws/build/rosbot_xl_description' returned '0': CMAKE_PREFIX_PATH=/home/nuctella/ros2_ws/ws/install/ros_components_description:/home/nuctella/my_ros2_ws/install/rosbot_interfaces:/home/nuctella/my_ros2_ws/install/core:/home/nuctella/ros2_ws/ws/install/uav_single_gazebo:/home/nuctella/ros2_ws/ws/install/rosbot_xl:/home/nuctella/ros2_ws/ws/install/rosbot_xl_gazebo:/home/nuctella/ros2_ws/ws/install/rosbot_xl_bringup:/home/nuctella/ros2_ws/ws/install/rosbot_xl_controller:/home/nuctella/ros2_ws/ws/install/rosbot_xl_description:/home/nuctella/ros2_ws/ws/install/rosbot_hardware_interfaces:/home/nuctella/ros2_ws/ws/install/mecanum_drive_controller:/home/nuctella/ros2_ws/ws/install/ign_ros2_control_demos:/home/nuctella/ros2_ws/ws/install/ign_ros2_control:/home/nuctella/ros2_ws/ws/install/husarion_office_gz:/home/nuctella/ros2_ws/deps/install/sllidar_ros2:/home/nuctella/ros2_ws/deps/install/micro_ros_setup:/home/nuctella/ros2_ws/deps/install/micro_ros_agent:/home/nuctella/ros2_ws/deps/install/micro_ros_msgs:/home/nuctella/my_ros2_ws/install/rosbot_object_recognition:/opt/ros/humble /usr/bin/cmake --build /home/nuctella/ros2_ws/ws/build/rosbot_xl_description -- -j20 -l20
[1.396s] DEBUG:colcon.colcon_core.event_handler.log_command:Invoking command in '/home/nuctella/ros2_ws/ws/build/rosbot_xl_description': CMAKE_PREFIX_PATH=/home/nuctella/ros2_ws/ws/install/ros_components_description:/home/nuctella/my_ros2_ws/install/rosbot_interfaces:/home/nuctella/my_ros2_ws/install/core:/home/nuctella/ros2_ws/ws/install/uav_single_gazebo:/home/nuctella/ros2_ws/ws/install/rosbot_xl:/home/nuctella/ros2_ws/ws/install/rosbot_xl_gazebo:/home/nuctella/ros2_ws/ws/install/rosbot_xl_bringup:/home/nuctella/ros2_ws/ws/install/rosbot_xl_controller:/home/nuctella/ros2_ws/ws/install/rosbot_xl_description:/home/nuctella/ros2_ws/ws/install/rosbot_hardware_interfaces:/home/nuctella/ros2_ws/ws/install/mecanum_drive_controller:/home/nuctella/ros2_ws/ws/install/ign_ros2_control_demos:/home/nuctella/ros2_ws/ws/install/ign_ros2_control:/home/nuctella/ros2_ws/ws/install/husarion_office_gz:/home/nuctella/ros2_ws/deps/install/sllidar_ros2:/home/nuctella/ros2_ws/deps/install/micro_ros_setup:/home/nuctella/ros2_ws/deps/install/micro_ros_agent:/home/nuctella/ros2_ws/deps/install/micro_ros_msgs:/home/nuctella/my_ros2_ws/install/rosbot_object_recognition:/opt/ros/humble /usr/bin/cmake --install /home/nuctella/ros2_ws/ws/build/rosbot_xl_description
[1.416s] Level 1:colcon.colcon_core.environment:create_environment_scripts_only(rosbot_xl_description)
[1.416s] DEBUG:colcon.colcon_core.event_handler.log_command:Invoked command in '/home/nuctella/ros2_ws/ws/build/rosbot_xl_description' returned '0': CMAKE_PREFIX_PATH=/home/nuctella/ros2_ws/ws/install/ros_components_description:/home/nuctella/my_ros2_ws/install/rosbot_interfaces:/home/nuctella/my_ros2_ws/install/core:/home/nuctella/ros2_ws/ws/install/uav_single_gazebo:/home/nuctella/ros2_ws/ws/install/rosbot_xl:/home/nuctella/ros2_ws/ws/install/rosbot_xl_gazebo:/home/nuctella/ros2_ws/ws/install/rosbot_xl_bringup:/home/nuctella/ros2_ws/ws/install/rosbot_xl_controller:/home/nuctella/ros2_ws/ws/install/rosbot_xl_description:/home/nuctella/ros2_ws/ws/install/rosbot_hardware_interfaces:/home/nuctella/ros2_ws/ws/install/mecanum_drive_controller:/home/nuctella/ros2_ws/ws/install/ign_ros2_control_demos:/home/nuctella/ros2_ws/ws/install/ign_ros2_control:/home/nuctella/ros2_ws/ws/install/husarion_office_gz:/home/nuctella/ros2_ws/deps/install/sllidar_ros2:/home/nuctella/ros2_ws/deps/install/micro_ros_setup:/home/nuctella/ros2_ws/deps/install/micro_ros_agent:/home/nuctella/ros2_ws/deps/install/micro_ros_msgs:/home/nuctella/my_ros2_ws/install/rosbot_object_recognition:/opt/ros/humble /usr/bin/cmake --install /home/nuctella/ros2_ws/ws/build/rosbot_xl_description
[1.425s] Level 1:colcon.colcon_core.environment:checking '/home/nuctella/ros2_ws/ws/install/rosbot_xl_description' for CMake module files
[1.426s] Level 1:colcon.colcon_core.environment:checking '/home/nuctella/ros2_ws/ws/install/rosbot_xl_description' for CMake config files
[1.426s] Level 1:colcon.colcon_core.shell:create_environment_hook('rosbot_xl_description', 'cmake_prefix_path')
[1.433s] INFO:colcon.colcon_core.shell:Creating environment hook '/home/nuctella/ros2_ws/ws/install/rosbot_xl_description/share/rosbot_xl_description/hook/cmake_prefix_path.ps1'
[1.433s] INFO:colcon.colcon_core.shell:Creating environment descriptor '/home/nuctella/ros2_ws/ws/install/rosbot_xl_description/share/rosbot_xl_description/hook/cmake_prefix_path.dsv'
[1.434s] INFO:colcon.colcon_core.shell:Creating environment hook '/home/nuctella/ros2_ws/ws/install/rosbot_xl_description/share/rosbot_xl_description/hook/cmake_prefix_path.sh'
[1.434s] Level 1:colcon.colcon_core.environment:checking '/home/nuctella/ros2_ws/ws/install/rosbot_xl_description/bin'
[1.434s] Level 1:colcon.colcon_core.environment:checking '/home/nuctella/ros2_ws/ws/install/rosbot_xl_description/lib/pkgconfig/rosbot_xl_description.pc'
[1.434s] Level 1:colcon.colcon_core.environment:checking '/home/nuctella/ros2_ws/ws/install/rosbot_xl_description/lib/python3.10/site-packages'
[1.434s] Level 1:colcon.colcon_core.environment:checking '/home/nuctella/ros2_ws/ws/install/rosbot_xl_description/bin'
[1.442s] INFO:colcon.colcon_core.shell:Creating package script '/home/nuctella/ros2_ws/ws/install/rosbot_xl_description/share/rosbot_xl_description/package.ps1'
[1.442s] INFO:colcon.colcon_core.shell:Creating package descriptor '/home/nuctella/ros2_ws/ws/install/rosbot_xl_description/share/rosbot_xl_description/package.dsv'
[1.443s] INFO:colcon.colcon_core.shell:Creating package script '/home/nuctella/ros2_ws/ws/install/rosbot_xl_description/share/rosbot_xl_description/package.sh'
[1.443s] INFO:colcon.colcon_core.shell:Creating package script '/home/nuctella/ros2_ws/ws/install/rosbot_xl_description/share/rosbot_xl_description/package.bash'
[1.443s] INFO:colcon.colcon_core.shell:Creating package script '/home/nuctella/ros2_ws/ws/install/rosbot_xl_description/share/rosbot_xl_description/package.zsh'
[1.443s] Level 1:colcon.colcon_core.environment:create_file_with_runtime_dependencies(/home/nuctella/ros2_ws/ws/install/rosbot_xl_description/share/colcon-core/packages/rosbot_xl_description)
[1.476s] Level 1:colcon.colcon_core.environment:create_environment_scripts_only(rosbot_xl_description)
[1.487s] Level 1:colcon.colcon_core.environment:checking '/home/nuctella/ros2_ws/ws/install/rosbot_xl_description' for CMake module files
[1.487s] Level 1:colcon.colcon_core.environment:checking '/home/nuctella/ros2_ws/ws/install/rosbot_xl_description' for CMake config files
[1.488s] Level 1:colcon.colcon_core.shell:create_environment_hook('rosbot_xl_description', 'cmake_prefix_path')
[1.498s] INFO:colcon.colcon_core.shell:Creating environment hook '/home/nuctella/ros2_ws/ws/install/rosbot_xl_description/share/rosbot_xl_description/hook/cmake_prefix_path.ps1'
[1.498s] INFO:colcon.colcon_core.shell:Creating environment descriptor '/home/nuctella/ros2_ws/ws/install/rosbot_xl_description/share/rosbot_xl_description/hook/cmake_prefix_path.dsv'
[1.498s] INFO:colcon.colcon_core.shell:Creating environment hook '/home/nuctella/ros2_ws/ws/install/rosbot_xl_description/share/rosbot_xl_description/hook/cmake_prefix_path.sh'
[1.498s] Level 1:colcon.colcon_core.environment:checking '/home/nuctella/ros2_ws/ws/install/rosbot_xl_description/bin'
[1.498s] Level 1:colcon.colcon_core.environment:checking '/home/nuctella/ros2_ws/ws/install/rosbot_xl_description/lib/pkgconfig/rosbot_xl_description.pc'
[1.499s] Level 1:colcon.colcon_core.environment:checking '/home/nuctella/ros2_ws/ws/install/rosbot_xl_description/lib/python3.10/site-packages'
[1.499s] Level 1:colcon.colcon_core.environment:checking '/home/nuctella/ros2_ws/ws/install/rosbot_xl_description/bin'
[1.506s] INFO:colcon.colcon_core.shell:Creating package script '/home/nuctella/ros2_ws/ws/install/rosbot_xl_description/share/rosbot_xl_description/package.ps1'
[1.507s] INFO:colcon.colcon_core.shell:Creating package descriptor '/home/nuctella/ros2_ws/ws/install/rosbot_xl_description/share/rosbot_xl_description/package.dsv'
[1.507s] INFO:colcon.colcon_core.shell:Creating package script '/home/nuctella/ros2_ws/ws/install/rosbot_xl_description/share/rosbot_xl_description/package.sh'
[1.507s] INFO:colcon.colcon_core.shell:Creating package script '/home/nuctella/ros2_ws/ws/install/rosbot_xl_description/share/rosbot_xl_description/package.bash'
[1.507s] INFO:colcon.colcon_core.shell:Creating package script '/home/nuctella/ros2_ws/ws/install/rosbot_xl_description/share/rosbot_xl_description/package.zsh'
[1.508s] Level 1:colcon.colcon_core.environment:create_file_with_runtime_dependencies(/home/nuctella/ros2_ws/ws/install/rosbot_xl_description/share/colcon-core/packages/rosbot_xl_description)
[1.887s] DEBUG:colcon.colcon_core.event_handler.log_command:Invoked command in '/home/nuctella/ros2_ws/ws/build/uav_single_gazebo' returned '1': CMAKE_PREFIX_PATH=${CMAKE_PREFIX_PATH}:/home/nuctella/my_ros2_ws/install/rosbot_object_recognition:/opt/ros/humble /usr/bin/cmake /home/nuctella/ros2_ws/ws/src/uav_single_gazebo -DCMAKE_INSTALL_PREFIX=/home/nuctella/ros2_ws/ws/install/uav_single_gazebo
[1.899s] Level 1:colcon.colcon_core.environment:create_environment_scripts_only(uav_single_gazebo)
[1.909s] Level 1:colcon.colcon_core.environment:checking '/home/nuctella/ros2_ws/ws/install/uav_single_gazebo' for CMake module files
[1.910s] Level 1:colcon.colcon_core.environment:checking '/home/nuctella/ros2_ws/ws/install/uav_single_gazebo' for CMake config files
[1.911s] Level 1:colcon.colcon_core.shell:create_environment_hook('uav_single_gazebo', 'cmake_prefix_path')
[1.919s] INFO:colcon.colcon_core.shell:Creating environment hook '/home/nuctella/ros2_ws/ws/install/uav_single_gazebo/share/uav_single_gazebo/hook/cmake_prefix_path.ps1'
[1.920s] INFO:colcon.colcon_core.shell:Creating environment descriptor '/home/nuctella/ros2_ws/ws/install/uav_single_gazebo/share/uav_single_gazebo/hook/cmake_prefix_path.dsv'
[1.920s] INFO:colcon.colcon_core.shell:Creating environment hook '/home/nuctella/ros2_ws/ws/install/uav_single_gazebo/share/uav_single_gazebo/hook/cmake_prefix_path.sh'
[1.920s] Level 1:colcon.colcon_core.environment:checking '/home/nuctella/ros2_ws/ws/install/uav_single_gazebo/bin'
[1.920s] Level 1:colcon.colcon_core.environment:checking '/home/nuctella/ros2_ws/ws/install/uav_single_gazebo/lib/pkgconfig/uav_single_gazebo.pc'
[1.920s] Level 1:colcon.colcon_core.environment:checking '/home/nuctella/ros2_ws/ws/install/uav_single_gazebo/lib/python3.10/site-packages'
[1.921s] Level 1:colcon.colcon_core.environment:checking '/home/nuctella/ros2_ws/ws/install/uav_single_gazebo/bin'
[1.928s] INFO:colcon.colcon_core.shell:Creating package script '/home/nuctella/ros2_ws/ws/install/uav_single_gazebo/share/uav_single_gazebo/package.ps1'
[1.928s] INFO:colcon.colcon_core.shell:Creating package descriptor '/home/nuctella/ros2_ws/ws/install/uav_single_gazebo/share/uav_single_gazebo/package.dsv'
[1.928s] INFO:colcon.colcon_core.shell:Creating package script '/home/nuctella/ros2_ws/ws/install/uav_single_gazebo/share/uav_single_gazebo/package.sh'
[1.929s] INFO:colcon.colcon_core.shell:Creating package script '/home/nuctella/ros2_ws/ws/install/uav_single_gazebo/share/uav_single_gazebo/package.bash'
[1.929s] INFO:colcon.colcon_core.shell:Creating package script '/home/nuctella/ros2_ws/ws/install/uav_single_gazebo/share/uav_single_gazebo/package.zsh'
[1.929s] Level 1:colcon.colcon_core.environment:create_file_with_runtime_dependencies(/home/nuctella/ros2_ws/ws/install/uav_single_gazebo/share/colcon-core/packages/uav_single_gazebo)
[9.819s] DEBUG:colcon.colcon_parallel_executor.executor.parallel:closing loop
[9.820s] DEBUG:colcon.colcon_parallel_executor.executor.parallel:loop closed
[9.820s] DEBUG:colcon.colcon_parallel_executor.executor.parallel:run_until_complete finished with '1'
[9.820s] DEBUG:colcon.colcon_core.event_reactor:joining thread
[9.834s] INFO:colcon.colcon_core.plugin_system:Skipping extension 'colcon_notification.desktop_notification.notify_send': Could not find 'notify-send'
[9.834s] INFO:colcon.colcon_core.plugin_system:Skipping extension 'colcon_notification.desktop_notification.terminal_notifier': Not used on non-Darwin systems
[9.834s] INFO:colcon.colcon_core.plugin_system:Skipping extension 'colcon_notification.desktop_notification.win32': Not used on non-Windows systems
[9.834s] INFO:colcon.colcon_notification.desktop_notification:Sending desktop notification using 'notify2'
[9.838s] DEBUG:colcon.colcon_notification.desktop_notification.notify2:Failed to initialize notify2: org.freedesktop.DBus.Error.Spawn.ExecFailed: /usr/bin/dbus-launch terminated abnormally without any error message
[9.838s] DEBUG:colcon.colcon_core.event_reactor:joined thread
[9.845s] INFO:colcon.colcon_core.shell:Creating prefix script '/home/nuctella/ros2_ws/ws/install/local_setup.ps1'
[9.846s] INFO:colcon.colcon_core.shell:Creating prefix util module '/home/nuctella/ros2_ws/ws/install/_local_setup_util_ps1.py'
[9.847s] INFO:colcon.colcon_core.shell:Creating prefix chain script '/home/nuctella/ros2_ws/ws/install/setup.ps1'
[9.854s] INFO:colcon.colcon_core.shell:Creating prefix script '/home/nuctella/ros2_ws/ws/install/local_setup.sh'
[9.854s] INFO:colcon.colcon_core.shell:Creating prefix util module '/home/nuctella/ros2_ws/ws/install/_local_setup_util_sh.py'
[9.855s] INFO:colcon.colcon_core.shell:Creating prefix chain script '/home/nuctella/ros2_ws/ws/install/setup.sh'
[9.862s] INFO:colcon.colcon_core.shell:Creating prefix script '/home/nuctella/ros2_ws/ws/install/local_setup.bash'
[9.862s] INFO:colcon.colcon_core.shell:Creating prefix chain script '/home/nuctella/ros2_ws/ws/install/setup.bash'
[9.869s] INFO:colcon.colcon_core.shell:Creating prefix script '/home/nuctella/ros2_ws/ws/install/local_setup.zsh'
[9.869s] INFO:colcon.colcon_core.shell:Creating prefix chain script '/home/nuctella/ros2_ws/ws/install/setup.zsh'
