[0.419s] Invoking command in '/home/nuctella/my_ros2_ws/build/rosbot_object_recognition': PYTHONPATH=/home/nuctella/my_ros2_ws/build/rosbot_object_recognition/prefix_override:/home/nuctella/my_ros2_ws/install/rosbot_object_recognition/lib/python3.10/site-packages:${PYTHONPATH} /usr/bin/python3 setup.py develop --editable --build-directory /home/nuctella/my_ros2_ws/build/rosbot_object_recognition/build --no-deps install_data
[0.574s] running develop
[0.574s] /home/nuctella/.local/lib/python3.10/site-packages/setuptools/command/develop.py:40: EasyInstallDeprecationWarning: easy_install command is deprecated.
[0.574s] !!
[0.574s] 
[0.574s]         ********************************************************************************
[0.574s]         Please avoid running ``setup.py`` and ``easy_install``.
[0.574s]         Instead, use pypa/build, pypa/installer or other
[0.574s]         standards-based tools.
[0.574s] 
[0.574s]         See https://github.com/pypa/setuptools/issues/917 for details.
[0.574s]         ********************************************************************************
[0.574s] 
[0.574s] !!
[0.574s]   easy_install.initialize_options(self)
[0.587s] /home/nuctella/.local/lib/python3.10/site-packages/setuptools/_distutils/cmd.py:66: SetuptoolsDeprecationWarning: setup.py install is deprecated.
[0.587s] !!
[0.587s] 
[0.587s]         ********************************************************************************
[0.587s]         Please avoid running ``setup.py`` directly.
[0.587s]         Instead, use pypa/build, pypa/installer or other
[0.588s]         standards-based tools.
[0.588s] 
[0.588s]         See https://blog.ganssle.io/articles/2021/10/setup-py-deprecated.html for details.
[0.588s]         ********************************************************************************
[0.588s] 
[0.588s] !!
[0.588s]   self.initialize_options()
[0.666s] running egg_info
[0.666s] creating rosbot_object_recognition.egg-info
[0.672s] writing rosbot_object_recognition.egg-info/PKG-INFO
[0.672s] writing dependency_links to rosbot_object_recognition.egg-info/dependency_links.txt
[0.672s] writing entry points to rosbot_object_recognition.egg-info/entry_points.txt
[0.672s] writing requirements to rosbot_object_recognition.egg-info/requires.txt
[0.672s] writing top-level names to rosbot_object_recognition.egg-info/top_level.txt
[0.672s] writing manifest file 'rosbot_object_recognition.egg-info/SOURCES.txt'
[0.697s] reading manifest file 'rosbot_object_recognition.egg-info/SOURCES.txt'
[0.698s] writing manifest file 'rosbot_object_recognition.egg-info/SOURCES.txt'
[0.705s] running build_ext
[0.705s] Creating /home/nuctella/my_ros2_ws/install/rosbot_object_recognition/lib/python3.10/site-packages/rosbot-object-recognition.egg-link (link to .)
[0.705s] Installing obj_rec script to /home/nuctella/my_ros2_ws/install/rosbot_object_recognition/lib/rosbot_object_recognition
[0.705s] 
[0.705s] Installed /home/nuctella/my_ros2_ws/build/rosbot_object_recognition
[0.706s] running install_data
[0.706s] creating /home/nuctella/my_ros2_ws/install/rosbot_object_recognition/share/ament_index
[0.706s] creating /home/nuctella/my_ros2_ws/install/rosbot_object_recognition/share/ament_index/resource_index
[0.706s] creating /home/nuctella/my_ros2_ws/install/rosbot_object_recognition/share/ament_index/resource_index/packages
[0.706s] copying resource/rosbot_object_recognition -> /home/nuctella/my_ros2_ws/install/rosbot_object_recognition/share/ament_index/resource_index/packages
[0.706s] copying package.xml -> /home/nuctella/my_ros2_ws/install/rosbot_object_recognition/share/rosbot_object_recognition
[0.721s] Invoked command in '/home/nuctella/my_ros2_ws/build/rosbot_object_recognition' returned '0': PYTHONPATH=/home/nuctella/my_ros2_ws/build/rosbot_object_recognition/prefix_override:/home/nuctella/my_ros2_ws/install/rosbot_object_recognition/lib/python3.10/site-packages:${PYTHONPATH} /usr/bin/python3 setup.py develop --editable --build-directory /home/nuctella/my_ros2_ws/build/rosbot_object_recognition/build --no-deps install_data
