[0.008s] Invoking command in '/home/nuctella/ros2_ws/ws/build/ign_ros2_control_demos': CMAKE_PREFIX_PATH=/home/nuctella/ros2_ws/ws/install/ign_ros2_control:/home/nuctella/my_ros2_ws/install/vehicle_plugins:/home/nuctella/my_ros2_ws/install/vehicle_base:/home/nuctella/my_ros2_ws/install/use_library:/home/nuctella/my_ros2_ws/install/start_with_simple_nodes:/home/nuctella/my_ros2_ws/install/service_server_and_client:/home/nuctella/my_ros2_ws/install/publisher_library:/home/nuctella/my_ros2_ws/install/publisher_and_subscriber:/home/nuctella/my_ros2_ws/install/parameters:/home/nuctella/my_ros2_ws/install/message_sync:/home/nuctella/my_ros2_ws/install/dynamic_tf2_publisher:/home/nuctella/my_ros2_ws/install/custom_msg_and_srv:/home/nuctella/my_ros2_ws/install/action_tutorial:/home/nuctella/my_ros2_ws/install/custom_action:/home/nuctella/my_ros2_ws/install/core:/home/nuctella/ros2_ws/ws/install/rosbot_xl:/home/nuctella/ros2_ws/ws/install/rosbot_xl_gazebo:/home/nuctella/ros2_ws/ws/install/rosbot_xl_bringup:/home/nuctella/ros2_ws/ws/install/rosbot_xl_controller:/home/nuctella/ros2_ws/ws/install/rosbot_xl_description:/home/nuctella/ros2_ws/ws/install/rosbot_hardware_interfaces:/home/nuctella/ros2_ws/ws/install/ros_components_description:/home/nuctella/ros2_ws/ws/install/mecanum_drive_controller:/home/nuctella/ros2_ws/ws/install/ign_ros2_control_demos:/home/nuctella/ros2_ws/ws/install/husarion_office_gz:/home/nuctella/ros2_ws/deps/install/sllidar_ros2:/home/nuctella/ros2_ws/deps/install/micro_ros_setup:/home/nuctella/ros2_ws/deps/install/micro_ros_agent:/home/nuctella/ros2_ws/deps/install/micro_ros_msgs:/home/nuctella/my_ros2_ws/install/start_with_simple_nodes_py:/home/nuctella/my_ros2_ws/install/rosbot_object_recognition:/home/nuctella/my_ros2_ws/install/publisher_and_subscriber_py:/opt/ros/humble LD_LIBRARY_PATH=/home/nuctella/ros2_ws/ws/install/ign_ros2_control/lib:/home/nuctella/my_ros2_ws/install/vehicle_plugins/lib:/home/nuctella/my_ros2_ws/install/publisher_library/lib:/home/nuctella/my_ros2_ws/install/publisher_and_subscriber/lib:/home/nuctella/my_ros2_ws/install/custom_msg_and_srv/lib:/home/nuctella/my_ros2_ws/install/custom_action/lib:/home/nuctella/ros2_ws/ws/install/rosbot_hardware_interfaces/lib:/home/nuctella/ros2_ws/ws/install/mecanum_drive_controller/lib:/home/nuctella/ros2_ws/deps/install/micro_ros_agent/lib:/home/nuctella/ros2_ws/deps/install/micro_ros_msgs/lib:/opt/ros/humble/opt/rviz_ogre_vendor/lib:/opt/ros/humble/lib/x86_64-linux-gnu:/opt/ros/humble/lib /usr/bin/cmake --build /home/nuctella/ros2_ws/ws/build/ign_ros2_control_demos -- -j20 -l20
[0.023s] -- Found ament_cmake: 1.3.5 (/opt/ros/humble/share/ament_cmake/cmake)
[0.109s] -- Override CMake install command with custom implementation using symlinks instead of copying resources
[0.114s] -- Found control_msgs: 4.4.0 (/opt/ros/humble/share/control_msgs/cmake)
[0.130s] -- Found rosidl_generator_c: 3.1.5 (/opt/ros/humble/share/rosidl_generator_c/cmake)
[0.131s] -- Found rosidl_adapter: 3.1.5 (/opt/ros/humble/share/rosidl_adapter/cmake)
[0.134s] -- Found rosidl_generator_cpp: 3.1.5 (/opt/ros/humble/share/rosidl_generator_cpp/cmake)
[0.141s] -- Using all available rosidl_typesupport_c: rosidl_typesupport_fastrtps_c;rosidl_typesupport_introspection_c
[0.150s] -- Using all available rosidl_typesupport_cpp: rosidl_typesupport_fastrtps_cpp;rosidl_typesupport_introspection_cpp
[0.460s] -- Found rclcpp: 16.0.5 (/opt/ros/humble/share/rclcpp/cmake)
[0.486s] -- Found rmw_implementation_cmake: 6.1.1 (/opt/ros/humble/share/rmw_implementation_cmake/cmake)
[0.487s] -- Found rmw_fastrtps_cpp: 6.2.3 (/opt/ros/humble/share/rmw_fastrtps_cpp/cmake)
[0.571s] -- Using RMW implementation 'rmw_fastrtps_cpp' as default
[0.640s] -- Found rclcpp_action: 16.0.5 (/opt/ros/humble/share/rclcpp_action/cmake)
[0.663s] -- Found ament_cmake_gtest: 1.3.5 (/opt/ros/humble/share/ament_cmake_gtest/cmake)
[0.663s] -- Found ament_lint_auto: 0.12.7 (/opt/ros/humble/share/ament_lint_auto/cmake)
[0.715s] -- Added test 'copyright' to check source files copyright and LICENSE
[0.717s] -- Added test 'cppcheck' to perform static code analysis on C / C++ code
[0.717s] -- Configured cppcheck include dirs: 
[0.717s] -- Configured cppcheck exclude dirs and/or files: 
[0.718s] -- Added test 'cpplint' to check C / C++ code against the Google style
[0.718s] -- Configured cpplint exclude dirs and/or files: 
[0.718s] -- Added test 'flake8' to check Python code syntax and style conventions
[0.718s] -- Added test 'lint_cmake' to check CMake code style
[0.718s] -- Added test 'pep257' to check Python code against some of the docstring style conventions in PEP 257
[0.719s] -- Added test 'uncrustify' to check C / C++ code style
[0.719s] -- Configured uncrustify additional arguments: 
[0.719s] -- Added test 'xmllint' to check XML markup files
[0.720s] -- Configuring done
[0.737s] -- Generating done
[0.738s] -- Build files have been written to: /home/nuctella/ros2_ws/ws/build/ign_ros2_control_demos
[0.754s] [35m[1mConsolidate compiler generated dependencies of target example_position[0m
[0.755s] [35m[1mConsolidate compiler generated dependencies of target example_velocity[0m
[0.755s] [35m[1mConsolidate compiler generated dependencies of target example_effort[0m
[0.755s] [35m[1mConsolidate compiler generated dependencies of target example_diff_drive[0m
[0.755s] [35m[1mConsolidate compiler generated dependencies of target example_tricycle_drive[0m
[0.755s] [35m[1mConsolidate compiler generated dependencies of target example_gripper[0m
[0.766s] [ 25%] [32m[1mLinking CXX executable example_effort[0m
[0.766s] [ 33%] [32m[1mLinking CXX executable example_velocity[0m
[0.766s] [ 33%] [32m[1mLinking CXX executable example_tricycle_drive[0m
[0.766s] [ 33%] [32m[1mLinking CXX executable example_diff_drive[0m
[0.766s] [ 41%] [32m[1mLinking CXX executable example_gripper[0m
[0.768s] [ 50%] [32m[1mLinking CXX executable example_position[0m
[0.912s] [ 75%] Built target example_effort
[0.912s] [ 75%] Built target example_diff_drive
[0.912s] [ 91%] Built target example_velocity
[0.913s] [ 91%] Built target example_tricycle_drive
[0.913s] [ 91%] Built target example_gripper
[0.919s] [100%] Built target example_position
[0.926s] Invoked command in '/home/nuctella/ros2_ws/ws/build/ign_ros2_control_demos' returned '0': CMAKE_PREFIX_PATH=/home/nuctella/ros2_ws/ws/install/ign_ros2_control:/home/nuctella/my_ros2_ws/install/vehicle_plugins:/home/nuctella/my_ros2_ws/install/vehicle_base:/home/nuctella/my_ros2_ws/install/use_library:/home/nuctella/my_ros2_ws/install/start_with_simple_nodes:/home/nuctella/my_ros2_ws/install/service_server_and_client:/home/nuctella/my_ros2_ws/install/publisher_library:/home/nuctella/my_ros2_ws/install/publisher_and_subscriber:/home/nuctella/my_ros2_ws/install/parameters:/home/nuctella/my_ros2_ws/install/message_sync:/home/nuctella/my_ros2_ws/install/dynamic_tf2_publisher:/home/nuctella/my_ros2_ws/install/custom_msg_and_srv:/home/nuctella/my_ros2_ws/install/action_tutorial:/home/nuctella/my_ros2_ws/install/custom_action:/home/nuctella/my_ros2_ws/install/core:/home/nuctella/ros2_ws/ws/install/rosbot_xl:/home/nuctella/ros2_ws/ws/install/rosbot_xl_gazebo:/home/nuctella/ros2_ws/ws/install/rosbot_xl_bringup:/home/nuctella/ros2_ws/ws/install/rosbot_xl_controller:/home/nuctella/ros2_ws/ws/install/rosbot_xl_description:/home/nuctella/ros2_ws/ws/install/rosbot_hardware_interfaces:/home/nuctella/ros2_ws/ws/install/ros_components_description:/home/nuctella/ros2_ws/ws/install/mecanum_drive_controller:/home/nuctella/ros2_ws/ws/install/ign_ros2_control_demos:/home/nuctella/ros2_ws/ws/install/husarion_office_gz:/home/nuctella/ros2_ws/deps/install/sllidar_ros2:/home/nuctella/ros2_ws/deps/install/micro_ros_setup:/home/nuctella/ros2_ws/deps/install/micro_ros_agent:/home/nuctella/ros2_ws/deps/install/micro_ros_msgs:/home/nuctella/my_ros2_ws/install/start_with_simple_nodes_py:/home/nuctella/my_ros2_ws/install/rosbot_object_recognition:/home/nuctella/my_ros2_ws/install/publisher_and_subscriber_py:/opt/ros/humble LD_LIBRARY_PATH=/home/nuctella/ros2_ws/ws/install/ign_ros2_control/lib:/home/nuctella/my_ros2_ws/install/vehicle_plugins/lib:/home/nuctella/my_ros2_ws/install/publisher_library/lib:/home/nuctella/my_ros2_ws/install/publisher_and_subscriber/lib:/home/nuctella/my_ros2_ws/install/custom_msg_and_srv/lib:/home/nuctella/my_ros2_ws/install/custom_action/lib:/home/nuctella/ros2_ws/ws/install/rosbot_hardware_interfaces/lib:/home/nuctella/ros2_ws/ws/install/mecanum_drive_controller/lib:/home/nuctella/ros2_ws/deps/install/micro_ros_agent/lib:/home/nuctella/ros2_ws/deps/install/micro_ros_msgs/lib:/opt/ros/humble/opt/rviz_ogre_vendor/lib:/opt/ros/humble/lib/x86_64-linux-gnu:/opt/ros/humble/lib /usr/bin/cmake --build /home/nuctella/ros2_ws/ws/build/ign_ros2_control_demos -- -j20 -l20
[0.950s] Invoking command in '/home/nuctella/ros2_ws/ws/build/ign_ros2_control_demos': CMAKE_PREFIX_PATH=/home/nuctella/ros2_ws/ws/install/ign_ros2_control:/home/nuctella/my_ros2_ws/install/vehicle_plugins:/home/nuctella/my_ros2_ws/install/vehicle_base:/home/nuctella/my_ros2_ws/install/use_library:/home/nuctella/my_ros2_ws/install/start_with_simple_nodes:/home/nuctella/my_ros2_ws/install/service_server_and_client:/home/nuctella/my_ros2_ws/install/publisher_library:/home/nuctella/my_ros2_ws/install/publisher_and_subscriber:/home/nuctella/my_ros2_ws/install/parameters:/home/nuctella/my_ros2_ws/install/message_sync:/home/nuctella/my_ros2_ws/install/dynamic_tf2_publisher:/home/nuctella/my_ros2_ws/install/custom_msg_and_srv:/home/nuctella/my_ros2_ws/install/action_tutorial:/home/nuctella/my_ros2_ws/install/custom_action:/home/nuctella/my_ros2_ws/install/core:/home/nuctella/ros2_ws/ws/install/rosbot_xl:/home/nuctella/ros2_ws/ws/install/rosbot_xl_gazebo:/home/nuctella/ros2_ws/ws/install/rosbot_xl_bringup:/home/nuctella/ros2_ws/ws/install/rosbot_xl_controller:/home/nuctella/ros2_ws/ws/install/rosbot_xl_description:/home/nuctella/ros2_ws/ws/install/rosbot_hardware_interfaces:/home/nuctella/ros2_ws/ws/install/ros_components_description:/home/nuctella/ros2_ws/ws/install/mecanum_drive_controller:/home/nuctella/ros2_ws/ws/install/ign_ros2_control_demos:/home/nuctella/ros2_ws/ws/install/husarion_office_gz:/home/nuctella/ros2_ws/deps/install/sllidar_ros2:/home/nuctella/ros2_ws/deps/install/micro_ros_setup:/home/nuctella/ros2_ws/deps/install/micro_ros_agent:/home/nuctella/ros2_ws/deps/install/micro_ros_msgs:/home/nuctella/my_ros2_ws/install/start_with_simple_nodes_py:/home/nuctella/my_ros2_ws/install/rosbot_object_recognition:/home/nuctella/my_ros2_ws/install/publisher_and_subscriber_py:/opt/ros/humble LD_LIBRARY_PATH=/home/nuctella/ros2_ws/ws/install/ign_ros2_control/lib:/home/nuctella/my_ros2_ws/install/vehicle_plugins/lib:/home/nuctella/my_ros2_ws/install/publisher_library/lib:/home/nuctella/my_ros2_ws/install/publisher_and_subscriber/lib:/home/nuctella/my_ros2_ws/install/custom_msg_and_srv/lib:/home/nuctella/my_ros2_ws/install/custom_action/lib:/home/nuctella/ros2_ws/ws/install/rosbot_hardware_interfaces/lib:/home/nuctella/ros2_ws/ws/install/mecanum_drive_controller/lib:/home/nuctella/ros2_ws/deps/install/micro_ros_agent/lib:/home/nuctella/ros2_ws/deps/install/micro_ros_msgs/lib:/opt/ros/humble/opt/rviz_ogre_vendor/lib:/opt/ros/humble/lib/x86_64-linux-gnu:/opt/ros/humble/lib /usr/bin/cmake --install /home/nuctella/ros2_ws/ws/build/ign_ros2_control_demos
[0.953s] -- Install configuration: ""
[0.954s] -- Execute custom install script
[0.954s] -- Up-to-date symlink: /home/nuctella/ros2_ws/ws/install/ign_ros2_control_demos/share/ign_ros2_control_demos//launch/cart_example_effort.launch.py
[0.954s] -- Up-to-date symlink: /home/nuctella/ros2_ws/ws/install/ign_ros2_control_demos/share/ign_ros2_control_demos//launch/cart_example_position.launch.py
[0.954s] -- Up-to-date symlink: /home/nuctella/ros2_ws/ws/install/ign_ros2_control_demos/share/ign_ros2_control_demos//launch/cart_example_velocity.launch.py
[0.955s] -- Up-to-date symlink: /home/nuctella/ros2_ws/ws/install/ign_ros2_control_demos/share/ign_ros2_control_demos//launch/diff_drive_example.launch.py
[0.955s] -- Up-to-date symlink: /home/nuctella/ros2_ws/ws/install/ign_ros2_control_demos/share/ign_ros2_control_demos//launch/gripper_mimic_joint_example.launch.py
[0.955s] -- Up-to-date symlink: /home/nuctella/ros2_ws/ws/install/ign_ros2_control_demos/share/ign_ros2_control_demos//launch/tricycle_drive_example.launch.py
[0.955s] -- Up-to-date symlink: /home/nuctella/ros2_ws/ws/install/ign_ros2_control_demos/share/ign_ros2_control_demos//config/cartpole_controller_effort.yaml
[0.955s] -- Up-to-date symlink: /home/nuctella/ros2_ws/ws/install/ign_ros2_control_demos/share/ign_ros2_control_demos//config/cartpole_controller_position.yaml
[0.955s] -- Up-to-date symlink: /home/nuctella/ros2_ws/ws/install/ign_ros2_control_demos/share/ign_ros2_control_demos//config/cartpole_controller_velocity.yaml
[0.955s] -- Up-to-date symlink: /home/nuctella/ros2_ws/ws/install/ign_ros2_control_demos/share/ign_ros2_control_demos//config/diff_drive_controller_velocity.yaml
[0.955s] -- Up-to-date symlink: /home/nuctella/ros2_ws/ws/install/ign_ros2_control_demos/share/ign_ros2_control_demos//config/gripper_controller.yaml
[0.955s] -- Up-to-date symlink: /home/nuctella/ros2_ws/ws/install/ign_ros2_control_demos/share/ign_ros2_control_demos//config/tricycle_drive_controller.yaml
[0.956s] -- Up-to-date symlink: /home/nuctella/ros2_ws/ws/install/ign_ros2_control_demos/share/ign_ros2_control_demos//urdf/test_cart_effort.xacro.urdf
[0.956s] -- Up-to-date symlink: /home/nuctella/ros2_ws/ws/install/ign_ros2_control_demos/share/ign_ros2_control_demos//urdf/test_cart_position.xacro.urdf
[0.956s] -- Up-to-date symlink: /home/nuctella/ros2_ws/ws/install/ign_ros2_control_demos/share/ign_ros2_control_demos//urdf/test_cart_velocity.xacro.urdf
[0.956s] -- Up-to-date symlink: /home/nuctella/ros2_ws/ws/install/ign_ros2_control_demos/share/ign_ros2_control_demos//urdf/test_diff_drive.xacro.urdf
[0.956s] -- Up-to-date symlink: /home/nuctella/ros2_ws/ws/install/ign_ros2_control_demos/share/ign_ros2_control_demos//urdf/test_gripper_mimic_joint.xacro.urdf
[0.956s] -- Up-to-date symlink: /home/nuctella/ros2_ws/ws/install/ign_ros2_control_demos/share/ign_ros2_control_demos//urdf/test_tricycle_drive.xacro.urdf
[0.956s] -- Up-to-date symlink: /home/nuctella/ros2_ws/ws/install/ign_ros2_control_demos/lib/ign_ros2_control_demos/example_position
[0.956s] -- Up-to-date symlink: /home/nuctella/ros2_ws/ws/install/ign_ros2_control_demos/lib/ign_ros2_control_demos/example_velocity
[0.957s] -- Up-to-date symlink: /home/nuctella/ros2_ws/ws/install/ign_ros2_control_demos/lib/ign_ros2_control_demos/example_effort
[0.957s] -- Up-to-date symlink: /home/nuctella/ros2_ws/ws/install/ign_ros2_control_demos/lib/ign_ros2_control_demos/example_diff_drive
[0.957s] -- Up-to-date symlink: /home/nuctella/ros2_ws/ws/install/ign_ros2_control_demos/lib/ign_ros2_control_demos/example_tricycle_drive
[0.957s] -- Up-to-date symlink: /home/nuctella/ros2_ws/ws/install/ign_ros2_control_demos/lib/ign_ros2_control_demos/example_gripper
[0.957s] -- Up-to-date symlink: /home/nuctella/ros2_ws/ws/install/ign_ros2_control_demos/share/ament_index/resource_index/package_run_dependencies/ign_ros2_control_demos
[0.957s] -- Up-to-date symlink: /home/nuctella/ros2_ws/ws/install/ign_ros2_control_demos/share/ament_index/resource_index/parent_prefix_path/ign_ros2_control_demos
[0.958s] -- Up-to-date symlink: /home/nuctella/ros2_ws/ws/install/ign_ros2_control_demos/share/ign_ros2_control_demos/environment/ament_prefix_path.sh
[0.958s] -- Up-to-date symlink: /home/nuctella/ros2_ws/ws/install/ign_ros2_control_demos/share/ign_ros2_control_demos/environment/ament_prefix_path.dsv
[0.958s] -- Up-to-date symlink: /home/nuctella/ros2_ws/ws/install/ign_ros2_control_demos/share/ign_ros2_control_demos/environment/path.sh
[0.958s] -- Up-to-date symlink: /home/nuctella/ros2_ws/ws/install/ign_ros2_control_demos/share/ign_ros2_control_demos/environment/path.dsv
[0.958s] -- Up-to-date symlink: /home/nuctella/ros2_ws/ws/install/ign_ros2_control_demos/share/ign_ros2_control_demos/local_setup.bash
[0.958s] -- Up-to-date symlink: /home/nuctella/ros2_ws/ws/install/ign_ros2_control_demos/share/ign_ros2_control_demos/local_setup.sh
[0.958s] -- Up-to-date symlink: /home/nuctella/ros2_ws/ws/install/ign_ros2_control_demos/share/ign_ros2_control_demos/local_setup.zsh
[0.958s] -- Up-to-date symlink: /home/nuctella/ros2_ws/ws/install/ign_ros2_control_demos/share/ign_ros2_control_demos/local_setup.dsv
[0.959s] -- Symlinking: /home/nuctella/ros2_ws/ws/install/ign_ros2_control_demos/share/ign_ros2_control_demos/package.dsv
[0.963s] -- Up-to-date symlink: /home/nuctella/ros2_ws/ws/install/ign_ros2_control_demos/share/ament_index/resource_index/packages/ign_ros2_control_demos
[0.963s] -- Up-to-date symlink: /home/nuctella/ros2_ws/ws/install/ign_ros2_control_demos/share/ign_ros2_control_demos/cmake/ign_ros2_control_demosConfig.cmake
[0.963s] -- Up-to-date symlink: /home/nuctella/ros2_ws/ws/install/ign_ros2_control_demos/share/ign_ros2_control_demos/cmake/ign_ros2_control_demosConfig-version.cmake
[0.963s] -- Up-to-date symlink: /home/nuctella/ros2_ws/ws/install/ign_ros2_control_demos/share/ign_ros2_control_demos/package.xml
[0.966s] Invoked command in '/home/nuctella/ros2_ws/ws/build/ign_ros2_control_demos' returned '0': CMAKE_PREFIX_PATH=/home/nuctella/ros2_ws/ws/install/ign_ros2_control:/home/nuctella/my_ros2_ws/install/vehicle_plugins:/home/nuctella/my_ros2_ws/install/vehicle_base:/home/nuctella/my_ros2_ws/install/use_library:/home/nuctella/my_ros2_ws/install/start_with_simple_nodes:/home/nuctella/my_ros2_ws/install/service_server_and_client:/home/nuctella/my_ros2_ws/install/publisher_library:/home/nuctella/my_ros2_ws/install/publisher_and_subscriber:/home/nuctella/my_ros2_ws/install/parameters:/home/nuctella/my_ros2_ws/install/message_sync:/home/nuctella/my_ros2_ws/install/dynamic_tf2_publisher:/home/nuctella/my_ros2_ws/install/custom_msg_and_srv:/home/nuctella/my_ros2_ws/install/action_tutorial:/home/nuctella/my_ros2_ws/install/custom_action:/home/nuctella/my_ros2_ws/install/core:/home/nuctella/ros2_ws/ws/install/rosbot_xl:/home/nuctella/ros2_ws/ws/install/rosbot_xl_gazebo:/home/nuctella/ros2_ws/ws/install/rosbot_xl_bringup:/home/nuctella/ros2_ws/ws/install/rosbot_xl_controller:/home/nuctella/ros2_ws/ws/install/rosbot_xl_description:/home/nuctella/ros2_ws/ws/install/rosbot_hardware_interfaces:/home/nuctella/ros2_ws/ws/install/ros_components_description:/home/nuctella/ros2_ws/ws/install/mecanum_drive_controller:/home/nuctella/ros2_ws/ws/install/ign_ros2_control_demos:/home/nuctella/ros2_ws/ws/install/husarion_office_gz:/home/nuctella/ros2_ws/deps/install/sllidar_ros2:/home/nuctella/ros2_ws/deps/install/micro_ros_setup:/home/nuctella/ros2_ws/deps/install/micro_ros_agent:/home/nuctella/ros2_ws/deps/install/micro_ros_msgs:/home/nuctella/my_ros2_ws/install/start_with_simple_nodes_py:/home/nuctella/my_ros2_ws/install/rosbot_object_recognition:/home/nuctella/my_ros2_ws/install/publisher_and_subscriber_py:/opt/ros/humble LD_LIBRARY_PATH=/home/nuctella/ros2_ws/ws/install/ign_ros2_control/lib:/home/nuctella/my_ros2_ws/install/vehicle_plugins/lib:/home/nuctella/my_ros2_ws/install/publisher_library/lib:/home/nuctella/my_ros2_ws/install/publisher_and_subscriber/lib:/home/nuctella/my_ros2_ws/install/custom_msg_and_srv/lib:/home/nuctella/my_ros2_ws/install/custom_action/lib:/home/nuctella/ros2_ws/ws/install/rosbot_hardware_interfaces/lib:/home/nuctella/ros2_ws/ws/install/mecanum_drive_controller/lib:/home/nuctella/ros2_ws/deps/install/micro_ros_agent/lib:/home/nuctella/ros2_ws/deps/install/micro_ros_msgs/lib:/opt/ros/humble/opt/rviz_ogre_vendor/lib:/opt/ros/humble/lib/x86_64-linux-gnu:/opt/ros/humble/lib /usr/bin/cmake --install /home/nuctella/ros2_ws/ws/build/ign_ros2_control_demos
