-- The C compiler identification is GNU 11.4.0
-- The CXX compiler identification is GNU 11.4.0
-- Detecting C compiler ABI info
-- Detecting C compiler ABI info - done
-- Check for working C compiler: /usr/bin/cc - skipped
-- Detecting C compile features
-- Detecting C compile features - done
-- Detecting CXX compiler ABI info
-- Detecting CXX compiler ABI info - done
-- Check for working CXX compiler: /usr/bin/c++ - skipped
-- Detecting CXX compile features
-- Detecting CXX compile features - done
-- Looking for ignition-gazebo6 -- found version 6.11.0
-- Searching for dependencies of ignition-gazebo6
-- Looking for sdformat12 -- found version 12.5.0
-- Searching for dependencies of sdformat12
-- Checking for module 'tinyxml2'
--   Found tinyxml2, version 9.0.0
-- Looking for ignition-math6 -- found version 6.12.0
-- Searching for dependencies of ignition-math6
-- Looking for ignition-utils1 -- found version 1.4.0
-- Searching for dependencies of ignition-utils1
-- Looking for ignition-plugin1 -- found version 1.3.0
-- Searching for dependencies of ignition-plugin1
-- Searching for <ignition-plugin1> component [loader]
-- Looking for ignition-plugin1-loader -- found version 1.3.0
-- Searching for dependencies of ignition-plugin1-loader
-- Searching for <ignition-plugin1> component [register]
-- Looking for ignition-plugin1-register -- found version 1.3.0
-- Searching for dependencies of ignition-plugin1-register
-- Looking for ignition-transport11 -- found version 11.2.0
-- Searching for dependencies of ignition-transport11
-- Found Protobuf: /usr/lib/x86_64-linux-gnu/libprotobuf.so (found suitable version "3.12.4", minimum required is "3") 
-- Config-file not installed for ZeroMQ -- checking for pkg-config
-- Checking for module 'libzmq >= 4'
--   Found libzmq , version 4.3.4
-- Found ZeroMQ: TRUE (Required is at least version "4") 
-- Checking for module 'uuid'
--   Found uuid, version 2.37.2
-- Found UUID: TRUE  
-- Looking for ignition-utils1 -- found version 1.4.0
-- Searching for dependencies of ignition-utils1
-- Searching for <ignition-utils1> component [cli]
-- Looking for ignition-utils1-cli -- found version 1.4.0
-- Searching for dependencies of ignition-utils1-cli
-- Looking for ignition-msgs8 -- found version 8.6.0
-- Searching for dependencies of ignition-msgs8
-- Looking for ignition-math6 -- found version 6.12.0
-- Searching for <ignition-transport11> component [log]
-- Looking for ignition-transport11-log -- found version 11.2.0
-- Searching for dependencies of ignition-transport11-log
-- Looking for ignition-msgs8 -- found version 8.6.0
-- Looking for ignition-common4 -- found version 4.5.2
-- Searching for dependencies of ignition-common4
-- Looking for dlfcn.h - found
-- Looking for libdl - found
-- Found DL: TRUE  
-- Searching for <ignition-common4> component [profiler]
-- Looking for ignition-common4-profiler -- found version 4.5.2
-- Searching for dependencies of ignition-common4-profiler
-- Searching for <ignition-common4> component [events]
-- Looking for ignition-common4-events -- found version 4.5.2
-- Searching for dependencies of ignition-common4-events
-- Looking for ignition-math6 -- found version 6.12.0
-- Searching for <ignition-common4> component [av]
-- Looking for ignition-common4-av -- found version 4.5.2
-- Searching for dependencies of ignition-common4-av
-- Checking for module 'libswscale'
--   Found libswscale, version 5.9.100
-- Found SWSCALE: TRUE  
-- Checking for module 'libavdevice >= 56.4.100'
--   Found libavdevice , version 58.13.100
-- Found AVDEVICE: TRUE (Required is at least version "56.4.100") 
-- Checking for module 'libavformat'
--   Found libavformat, version 58.76.100
-- Found AVFORMAT: TRUE  
-- Checking for module 'libavcodec'
--   Found libavcodec, version 58.134.100
-- Found AVCODEC: TRUE  
-- Checking for module 'libavutil'
--   Found libavutil, version 56.70.100
-- Found AVUTIL: TRUE  
-- Looking for ignition-fuel_tools7 -- found version 7.1.0
-- Searching for dependencies of ignition-fuel_tools7
-- Found CURL: /usr/lib/x86_64-linux-gnu/libcurl.so (found version "7.81.0")  
-- Checking for module 'jsoncpp'
--   Found jsoncpp, version 1.9.5
-- Found JSONCPP: TRUE  
-- Checking for module 'libzip'
--   Found libzip, version 1.7.3
-- Found ZIP: TRUE  
-- Looking for ignition-common4 -- found version 4.5.2
-- Looking for ignition-math6 -- found version 6.12.0
-- Looking for ignition-msgs8 -- found version 8.6.0
-- Looking for ignition-gui6 -- found version 6.6.1
-- Searching for dependencies of ignition-gui6
-- Looking for ignition-math6 -- found version 6.12.0
-- Looking for ignition-common4 -- found version 4.5.2
-- Looking for ignition-plugin1 -- found version 1.3.0
-- Looking for ignition-transport11 -- found version 11.2.0
-- Looking for ignition-rendering6 -- found version 6.5.1
-- Searching for dependencies of ignition-rendering6
-- Looking for ignition-math6 -- found version 6.12.0
-- Searching for dependencies of ignition-math6
-- Searching for <ignition-math6> component [eigen3]
-- Looking for ignition-math6-eigen3 -- found version 6.12.0
-- Searching for dependencies of ignition-math6-eigen3
-- Looking for ignition-common4 -- found version 4.5.2
-- Searching for dependencies of ignition-common4
-- Looking for dlfcn.h - found
-- Looking for libdl - found
-- Searching for <ignition-common4> component [graphics]
-- Looking for ignition-common4-graphics -- found version 4.5.2
-- Searching for dependencies of ignition-common4-graphics
-- Looking for ignition-math6 -- found version 6.12.0
-- Looking for ignition-utils1 -- found version 1.4.0
-- Searching for <ignition-common4> component [events]
-- Looking for ignition-plugin1 -- found version 1.3.0
-- Searching for dependencies of ignition-plugin1
-- Searching for <ignition-plugin1> component [all]
-- Looking for all libraries of ignition-plugin1 -- found version 1.3.0
-- Looking for ignition-plugin1 -- found version 1.3.0
-- Looking for ignition-msgs8 -- found version 8.6.0
-- Looking for ignition-physics5 -- found version 5.2.0
-- Searching for dependencies of ignition-physics5
-- Looking for ignition-math6 -- found version 6.12.0
-- Looking for ignition-plugin1 -- found version 1.3.0
-- Looking for ignition-utils1 -- found version 1.4.0
-- Searching for <ignition-physics5> component [heightmap]
-- Looking for ignition-physics5-heightmap -- found version 5.2.0
-- Searching for dependencies of ignition-physics5-heightmap
-- Looking for ignition-common4 -- found version 4.5.2
-- Searching for <ignition-physics5> component [mesh]
-- Looking for ignition-physics5-mesh -- found version 5.2.0
-- Searching for dependencies of ignition-physics5-mesh
-- Looking for ignition-common4 -- found version 4.5.2
-- Searching for <ignition-physics5> component [sdf]
-- Looking for ignition-physics5-sdf -- found version 5.2.0
-- Searching for dependencies of ignition-physics5-sdf
-- Looking for sdformat12 -- found version 12.5.0
-- Looking for ignition-sensors6 -- found version 6.6.0
-- Searching for dependencies of ignition-sensors6
-- Looking for ignition-math6 -- found version 6.12.0
-- Looking for ignition-common4 -- found version 4.5.2
-- Looking for ignition-transport11 -- found version 11.2.0
-- Looking for ignition-rendering6 -- found version 6.5.1
-- Looking for ignition-msgs8 -- found version 8.6.0
-- Looking for sdformat12 -- found version 12.5.0
-- Searching for <ignition-sensors6> component [air_pressure]
-- Looking for ignition-sensors6-air_pressure -- found version 6.6.0
-- Searching for dependencies of ignition-sensors6-air_pressure
-- Searching for <ignition-sensors6> component [altimeter]
-- Looking for ignition-sensors6-altimeter -- found version 6.6.0
-- Searching for dependencies of ignition-sensors6-altimeter
-- Searching for <ignition-sensors6> component [imu]
-- Looking for ignition-sensors6-imu -- found version 6.6.0
-- Searching for dependencies of ignition-sensors6-imu
-- Searching for <ignition-sensors6> component [force_torque]
-- Looking for ignition-sensors6-force_torque -- found version 6.6.0
-- Searching for dependencies of ignition-sensors6-force_torque
-- Searching for <ignition-sensors6> component [logical_camera]
-- Looking for ignition-sensors6-logical_camera -- found version 6.6.0
-- Searching for dependencies of ignition-sensors6-logical_camera
-- Searching for <ignition-sensors6> component [magnetometer]
-- Looking for ignition-sensors6-magnetometer -- found version 6.6.0
-- Searching for dependencies of ignition-sensors6-magnetometer
-- Searching for <ignition-sensors6> component [navsat]
-- Looking for ignition-sensors6-navsat -- found version 6.6.0
-- Searching for dependencies of ignition-sensors6-navsat
-- Searching for <ignition-sensors6> component [rendering]
-- Looking for ignition-sensors6-rendering -- found version 6.6.0
-- Searching for dependencies of ignition-sensors6-rendering
-- Searching for <ignition-sensors6> component [lidar]
-- Looking for ignition-sensors6-lidar -- found version 6.6.0
-- Searching for dependencies of ignition-sensors6-lidar
-- Searching for <ignition-sensors6> component [gpu_lidar]
-- Looking for ignition-sensors6-gpu_lidar -- found version 6.6.0
-- Searching for dependencies of ignition-sensors6-gpu_lidar
-- Searching for <ignition-sensors6> component [camera]
-- Looking for ignition-sensors6-camera -- found version 6.6.0
-- Searching for dependencies of ignition-sensors6-camera
-- Searching for <ignition-sensors6> component [boundingbox_camera]
-- Looking for ignition-sensors6-boundingbox_camera -- found version 6.6.0
-- Searching for dependencies of ignition-sensors6-boundingbox_camera
-- Searching for <ignition-sensors6> component [segmentation_camera]
-- Looking for ignition-sensors6-segmentation_camera -- found version 6.6.0
-- Searching for dependencies of ignition-sensors6-segmentation_camera
-- Searching for <ignition-sensors6> component [depth_camera]
-- Looking for ignition-sensors6-depth_camera -- found version 6.6.0
-- Searching for dependencies of ignition-sensors6-depth_camera
-- Searching for <ignition-sensors6> component [rgbd_camera]
-- Looking for ignition-sensors6-rgbd_camera -- found version 6.6.0
-- Searching for dependencies of ignition-sensors6-rgbd_camera
-- Searching for <ignition-sensors6> component [thermal_camera]
-- Looking for ignition-sensors6-thermal_camera -- found version 6.6.0
-- Searching for dependencies of ignition-sensors6-thermal_camera
-- Looking for ignition-rendering6 -- found version 6.5.1
-- Looking for ignition-math6 -- found version 6.12.0
-- Looking for ignition-utils1 -- found version 1.4.0
-- Found ament_cmake: 1.3.5 (/opt/ros/humble/share/ament_cmake/cmake)
-- Found Python3: /usr/bin/python3.10 (found version "3.10.12") found components: Interpreter 
-- Override CMake install command with custom implementation using symlinks instead of copying resources
-- Found ament_lint_auto: 0.12.7 (/opt/ros/humble/share/ament_lint_auto/cmake)
-- Added test 'copyright' to check source files copyright and LICENSE
-- Added test 'flake8' to check Python code syntax and style conventions
-- Added test 'lint_cmake' to check CMake code style
-- Added test 'pep257' to check Python code against some of the docstring style conventions in PEP 257
-- Added test 'xmllint' to check XML markup files
-- Configuring done
-- Generating done
-- Build files have been written to: /home/nuctella/ros2_ws/ws/build/uav_single_gazebo
[100%] Built target models_gen
[ 83%] Built target worlds_gen
-- Install configuration: ""
-- Execute custom install script
-- Symlinking: /home/nuctella/ros2_ws/ws/install/uav_single_gazebo/share/uav_single_gazebo//launch/sample.launch.py
-- Symlinking: /home/nuctella/ros2_ws/ws/install/uav_single_gazebo/share/uav_single_gazebo//models/axial_scx10/axial_scx10.sdf
-- Symlinking: /home/nuctella/ros2_ws/ws/install/uav_single_gazebo/share/uav_single_gazebo//models/axial_scx10/axial_scx10.sdf.jinja
-- Symlinking: /home/nuctella/ros2_ws/ws/install/uav_single_gazebo/share/uav_single_gazebo//models/axial_scx10/axial_scx10.sdf.last_generated
-- Symlinking: /home/nuctella/ros2_ws/ws/install/uav_single_gazebo/share/uav_single_gazebo//models/axial_scx10/model.config
-- Symlinking: /home/nuctella/ros2_ws/ws/install/uav_single_gazebo/share/uav_single_gazebo//models/boundaries/model.config
-- Symlinking: /home/nuctella/ros2_ws/ws/install/uav_single_gazebo/share/uav_single_gazebo//models/boundaries/model.sdf
-- Symlinking: /home/nuctella/ros2_ws/ws/install/uav_single_gazebo/share/uav_single_gazebo//models/boundaries_outside/model.config
-- Symlinking: /home/nuctella/ros2_ws/ws/install/uav_single_gazebo/share/uav_single_gazebo//models/boundaries_outside/model.sdf
-- Symlinking: /home/nuctella/ros2_ws/ws/install/uav_single_gazebo/share/uav_single_gazebo//models/everblock_black/meshes/everblock_black.blend
-- Symlinking: /home/nuctella/ros2_ws/ws/install/uav_single_gazebo/share/uav_single_gazebo//models/everblock_black/meshes/everblock_black.dae
-- Symlinking: /home/nuctella/ros2_ws/ws/install/uav_single_gazebo/share/uav_single_gazebo//models/everblock_black/meshes/textures/everblock_black_albedo.png
-- Symlinking: /home/nuctella/ros2_ws/ws/install/uav_single_gazebo/share/uav_single_gazebo//models/everblock_black/meshes/textures/everblock_black_ao.png
-- Symlinking: /home/nuctella/ros2_ws/ws/install/uav_single_gazebo/share/uav_single_gazebo//models/everblock_black/meshes/textures/everblock_black_normal.png
-- Symlinking: /home/nuctella/ros2_ws/ws/install/uav_single_gazebo/share/uav_single_gazebo//models/everblock_black/meshes/textures/everblock_black_roughness.png
-- Symlinking: /home/nuctella/ros2_ws/ws/install/uav_single_gazebo/share/uav_single_gazebo//models/everblock_black/model.config
-- Symlinking: /home/nuctella/ros2_ws/ws/install/uav_single_gazebo/share/uav_single_gazebo//models/everblock_black/model.sdf
-- Symlinking: /home/nuctella/ros2_ws/ws/install/uav_single_gazebo/share/uav_single_gazebo//models/everblock_blue/meshes/everblock_blue.blend
-- Symlinking: /home/nuctella/ros2_ws/ws/install/uav_single_gazebo/share/uav_single_gazebo//models/everblock_blue/meshes/everblock_blue.dae
-- Symlinking: /home/nuctella/ros2_ws/ws/install/uav_single_gazebo/share/uav_single_gazebo//models/everblock_blue/meshes/textures/everblock_blue_albedo.png
-- Symlinking: /home/nuctella/ros2_ws/ws/install/uav_single_gazebo/share/uav_single_gazebo//models/everblock_blue/meshes/textures/everblock_blue_ao.png
-- Symlinking: /home/nuctella/ros2_ws/ws/install/uav_single_gazebo/share/uav_single_gazebo//models/everblock_blue/meshes/textures/everblock_blue_normal.png
-- Symlinking: /home/nuctella/ros2_ws/ws/install/uav_single_gazebo/share/uav_single_gazebo//models/everblock_blue/meshes/textures/everblock_blue_roughness.png
-- Symlinking: /home/nuctella/ros2_ws/ws/install/uav_single_gazebo/share/uav_single_gazebo//models/everblock_blue/model.config
-- Symlinking: /home/nuctella/ros2_ws/ws/install/uav_single_gazebo/share/uav_single_gazebo//models/everblock_blue/model.sdf
-- Symlinking: /home/nuctella/ros2_ws/ws/install/uav_single_gazebo/share/uav_single_gazebo//models/everblock_green/meshes/everblock_green.blend
-- Symlinking: /home/nuctella/ros2_ws/ws/install/uav_single_gazebo/share/uav_single_gazebo//models/everblock_green/meshes/everblock_green.dae
-- Symlinking: /home/nuctella/ros2_ws/ws/install/uav_single_gazebo/share/uav_single_gazebo//models/everblock_green/meshes/textures/everblock_green_albedo.png
-- Symlinking: /home/nuctella/ros2_ws/ws/install/uav_single_gazebo/share/uav_single_gazebo//models/everblock_green/meshes/textures/everblock_green_ao.png
-- Symlinking: /home/nuctella/ros2_ws/ws/install/uav_single_gazebo/share/uav_single_gazebo//models/everblock_green/meshes/textures/everblock_green_normal.png
-- Symlinking: /home/nuctella/ros2_ws/ws/install/uav_single_gazebo/share/uav_single_gazebo//models/everblock_green/meshes/textures/everblock_green_roughness.png
-- Symlinking: /home/nuctella/ros2_ws/ws/install/uav_single_gazebo/share/uav_single_gazebo//models/everblock_green/model.config
-- Symlinking: /home/nuctella/ros2_ws/ws/install/uav_single_gazebo/share/uav_single_gazebo//models/everblock_green/model.sdf
-- Symlinking: /home/nuctella/ros2_ws/ws/install/uav_single_gazebo/share/uav_single_gazebo//models/everblock_grey/meshes/everblock_grey.blend
-- Symlinking: /home/nuctella/ros2_ws/ws/install/uav_single_gazebo/share/uav_single_gazebo//models/everblock_grey/meshes/everblock_grey.dae
-- Symlinking: /home/nuctella/ros2_ws/ws/install/uav_single_gazebo/share/uav_single_gazebo//models/everblock_grey/meshes/textures/everblock_grey_albedo.png
-- Symlinking: /home/nuctella/ros2_ws/ws/install/uav_single_gazebo/share/uav_single_gazebo//models/everblock_grey/meshes/textures/everblock_grey_ao.png
-- Symlinking: /home/nuctella/ros2_ws/ws/install/uav_single_gazebo/share/uav_single_gazebo//models/everblock_grey/meshes/textures/everblock_grey_normal.png
-- Symlinking: /home/nuctella/ros2_ws/ws/install/uav_single_gazebo/share/uav_single_gazebo//models/everblock_grey/meshes/textures/everblock_grey_roughness.png
-- Symlinking: /home/nuctella/ros2_ws/ws/install/uav_single_gazebo/share/uav_single_gazebo//models/everblock_grey/model.config
-- Symlinking: /home/nuctella/ros2_ws/ws/install/uav_single_gazebo/share/uav_single_gazebo//models/everblock_grey/model.sdf
-- Symlinking: /home/nuctella/ros2_ws/ws/install/uav_single_gazebo/share/uav_single_gazebo//models/everblock_high_green/meshes/everblock_green.blend
-- Symlinking: /home/nuctella/ros2_ws/ws/install/uav_single_gazebo/share/uav_single_gazebo//models/everblock_high_green/meshes/everblock_green.dae
-- Symlinking: /home/nuctella/ros2_ws/ws/install/uav_single_gazebo/share/uav_single_gazebo//models/everblock_high_green/meshes/textures/everblock_green_albedo.png
-- Symlinking: /home/nuctella/ros2_ws/ws/install/uav_single_gazebo/share/uav_single_gazebo//models/everblock_high_green/meshes/textures/everblock_green_ao.png
-- Symlinking: /home/nuctella/ros2_ws/ws/install/uav_single_gazebo/share/uav_single_gazebo//models/everblock_high_green/meshes/textures/everblock_green_normal.png
-- Symlinking: /home/nuctella/ros2_ws/ws/install/uav_single_gazebo/share/uav_single_gazebo//models/everblock_high_green/meshes/textures/everblock_green_roughness.png
-- Symlinking: /home/nuctella/ros2_ws/ws/install/uav_single_gazebo/share/uav_single_gazebo//models/everblock_high_green/model.config
-- Symlinking: /home/nuctella/ros2_ws/ws/install/uav_single_gazebo/share/uav_single_gazebo//models/everblock_high_green/model.sdf
-- Symlinking: /home/nuctella/ros2_ws/ws/install/uav_single_gazebo/share/uav_single_gazebo//models/everblock_red/materials/scripts/block_red.material
-- Symlinking: /home/nuctella/ros2_ws/ws/install/uav_single_gazebo/share/uav_single_gazebo//models/everblock_red/materials/textures/block.png
-- Symlinking: /home/nuctella/ros2_ws/ws/install/uav_single_gazebo/share/uav_single_gazebo//models/everblock_red/meshes/everblock_red.blend
-- Symlinking: /home/nuctella/ros2_ws/ws/install/uav_single_gazebo/share/uav_single_gazebo//models/everblock_red/meshes/everblock_red.dae
-- Symlinking: /home/nuctella/ros2_ws/ws/install/uav_single_gazebo/share/uav_single_gazebo//models/everblock_red/meshes/textures/everblock_red_albedo.png
-- Symlinking: /home/nuctella/ros2_ws/ws/install/uav_single_gazebo/share/uav_single_gazebo//models/everblock_red/meshes/textures/everblock_red_ao.png
-- Symlinking: /home/nuctella/ros2_ws/ws/install/uav_single_gazebo/share/uav_single_gazebo//models/everblock_red/meshes/textures/everblock_red_normal.png
-- Symlinking: /home/nuctella/ros2_ws/ws/install/uav_single_gazebo/share/uav_single_gazebo//models/everblock_red/meshes/textures/everblock_red_roughness.png
-- Symlinking: /home/nuctella/ros2_ws/ws/install/uav_single_gazebo/share/uav_single_gazebo//models/everblock_red/model.config
-- Symlinking: /home/nuctella/ros2_ws/ws/install/uav_single_gazebo/share/uav_single_gazebo//models/everblock_red/model.sdf
-- Symlinking: /home/nuctella/ros2_ws/ws/install/uav_single_gazebo/share/uav_single_gazebo//models/everblock_small_black/materials/scripts/block_small_black.material
-- Symlinking: /home/nuctella/ros2_ws/ws/install/uav_single_gazebo/share/uav_single_gazebo//models/everblock_small_black/materials/textures/block.png
-- Symlinking: /home/nuctella/ros2_ws/ws/install/uav_single_gazebo/share/uav_single_gazebo//models/everblock_small_black/meshes/block.dae
-- Symlinking: /home/nuctella/ros2_ws/ws/install/uav_single_gazebo/share/uav_single_gazebo//models/everblock_small_black/model.config
-- Symlinking: /home/nuctella/ros2_ws/ws/install/uav_single_gazebo/share/uav_single_gazebo//models/everblock_small_black/model.sdf
-- Symlinking: /home/nuctella/ros2_ws/ws/install/uav_single_gazebo/share/uav_single_gazebo//models/everblock_small_tunnel/model.config
-- Symlinking: /home/nuctella/ros2_ws/ws/install/uav_single_gazebo/share/uav_single_gazebo//models/everblock_small_tunnel/model.sdf
-- Symlinking: /home/nuctella/ros2_ws/ws/install/uav_single_gazebo/share/uav_single_gazebo//models/everblock_tiny_black/materials/scripts/block_tiny_black.material
-- Symlinking: /home/nuctella/ros2_ws/ws/install/uav_single_gazebo/share/uav_single_gazebo//models/everblock_tiny_black/materials/textures/block.png
-- Symlinking: /home/nuctella/ros2_ws/ws/install/uav_single_gazebo/share/uav_single_gazebo//models/everblock_tiny_black/meshes/block.dae
-- Symlinking: /home/nuctella/ros2_ws/ws/install/uav_single_gazebo/share/uav_single_gazebo//models/everblock_tiny_black/model.config
-- Symlinking: /home/nuctella/ros2_ws/ws/install/uav_single_gazebo/share/uav_single_gazebo//models/everblock_tiny_black/model.sdf
-- Symlinking: /home/nuctella/ros2_ws/ws/install/uav_single_gazebo/share/uav_single_gazebo//models/everblock_tunnel/model.config
-- Symlinking: /home/nuctella/ros2_ws/ws/install/uav_single_gazebo/share/uav_single_gazebo//models/everblock_tunnel/model.sdf
-- Symlinking: /home/nuctella/ros2_ws/ws/install/uav_single_gazebo/share/uav_single_gazebo//models/everblock_white/meshes/everblock_white.blend
-- Symlinking: /home/nuctella/ros2_ws/ws/install/uav_single_gazebo/share/uav_single_gazebo//models/everblock_white/meshes/everblock_white.dae
-- Symlinking: /home/nuctella/ros2_ws/ws/install/uav_single_gazebo/share/uav_single_gazebo//models/everblock_white/meshes/textures/everblock_white_albedo.png
-- Symlinking: /home/nuctella/ros2_ws/ws/install/uav_single_gazebo/share/uav_single_gazebo//models/everblock_white/meshes/textures/everblock_white_ao.png
-- Symlinking: /home/nuctella/ros2_ws/ws/install/uav_single_gazebo/share/uav_single_gazebo//models/everblock_white/meshes/textures/everblock_white_normal.png
-- Symlinking: /home/nuctella/ros2_ws/ws/install/uav_single_gazebo/share/uav_single_gazebo//models/everblock_white/meshes/textures/everblock_white_roughness.png
-- Symlinking: /home/nuctella/ros2_ws/ws/install/uav_single_gazebo/share/uav_single_gazebo//models/everblock_white/model.config
-- Symlinking: /home/nuctella/ros2_ws/ws/install/uav_single_gazebo/share/uav_single_gazebo//models/everblock_white/model.sdf
-- Symlinking: /home/nuctella/ros2_ws/ws/install/uav_single_gazebo/share/uav_single_gazebo//models/everblock_yellow/meshes/everblock_yellow.blend
-- Symlinking: /home/nuctella/ros2_ws/ws/install/uav_single_gazebo/share/uav_single_gazebo//models/everblock_yellow/meshes/everblock_yellow.dae
-- Symlinking: /home/nuctella/ros2_ws/ws/install/uav_single_gazebo/share/uav_single_gazebo//models/everblock_yellow/meshes/textures/everblock_yellow_albedo.png
-- Symlinking: /home/nuctella/ros2_ws/ws/install/uav_single_gazebo/share/uav_single_gazebo//models/everblock_yellow/meshes/textures/everblock_yellow_ao.png
-- Symlinking: /home/nuctella/ros2_ws/ws/install/uav_single_gazebo/share/uav_single_gazebo//models/everblock_yellow/meshes/textures/everblock_yellow_normal.png
-- Symlinking: /home/nuctella/ros2_ws/ws/install/uav_single_gazebo/share/uav_single_gazebo//models/everblock_yellow/meshes/textures/everblock_yellow_roughness.png
-- Symlinking: /home/nuctella/ros2_ws/ws/install/uav_single_gazebo/share/uav_single_gazebo//models/everblock_yellow/model.config
-- Symlinking: /home/nuctella/ros2_ws/ws/install/uav_single_gazebo/share/uav_single_gazebo//models/everblock_yellow/model.sdf
-- Symlinking: /home/nuctella/ros2_ws/ws/install/uav_single_gazebo/share/uav_single_gazebo//models/freenove_4wd/freenove_4wd.sdf
-- Symlinking: /home/nuctella/ros2_ws/ws/install/uav_single_gazebo/share/uav_single_gazebo//models/freenove_4wd/freenove_4wd.sdf.jinja
-- Symlinking: /home/nuctella/ros2_ws/ws/install/uav_single_gazebo/share/uav_single_gazebo//models/freenove_4wd/freenove_4wd.sdf.last_generated
-- Symlinking: /home/nuctella/ros2_ws/ws/install/uav_single_gazebo/share/uav_single_gazebo//models/freenove_4wd/model.config
-- Symlinking: /home/nuctella/ros2_ws/ws/install/uav_single_gazebo/share/uav_single_gazebo//models/grasspatch/materials/scripts/grass.material
-- Symlinking: /home/nuctella/ros2_ws/ws/install/uav_single_gazebo/share/uav_single_gazebo//models/grasspatch/materials/textures/carpet.png
-- Symlinking: /home/nuctella/ros2_ws/ws/install/uav_single_gazebo/share/uav_single_gazebo//models/grasspatch/materials/textures/grass_dry.png
-- Symlinking: /home/nuctella/ros2_ws/ws/install/uav_single_gazebo/share/uav_single_gazebo//models/grasspatch/materials/textures/marble.png
-- Symlinking: /home/nuctella/ros2_ws/ws/install/uav_single_gazebo/share/uav_single_gazebo//models/grasspatch/model.config
-- Symlinking: /home/nuctella/ros2_ws/ws/install/uav_single_gazebo/share/uav_single_gazebo//models/grasspatch/model.sdf
-- Symlinking: /home/nuctella/ros2_ws/ws/install/uav_single_gazebo/share/uav_single_gazebo//models/grasspatch/thumbnails/grasspatch.jpg
-- Symlinking: /home/nuctella/ros2_ws/ws/install/uav_single_gazebo/share/uav_single_gazebo//models/hangar_floor/hangar_floor.sdf
-- Symlinking: /home/nuctella/ros2_ws/ws/install/uav_single_gazebo/share/uav_single_gazebo//models/hangar_floor/meshes/hangar_floor.blend
-- Symlinking: /home/nuctella/ros2_ws/ws/install/uav_single_gazebo/share/uav_single_gazebo//models/hangar_floor/meshes/hangar_floor.blend1
-- Symlinking: /home/nuctella/ros2_ws/ws/install/uav_single_gazebo/share/uav_single_gazebo//models/hangar_floor/meshes/hangar_floor.dae
-- Symlinking: /home/nuctella/ros2_ws/ws/install/uav_single_gazebo/share/uav_single_gazebo//models/hangar_floor/meshes/hangar_floor11x21.dae
-- Symlinking: /home/nuctella/ros2_ws/ws/install/uav_single_gazebo/share/uav_single_gazebo//models/hangar_floor/meshes/hangar_floor_albedo.png
-- Symlinking: /home/nuctella/ros2_ws/ws/install/uav_single_gazebo/share/uav_single_gazebo//models/hangar_floor/meshes/textures/hangar_floor_albedo.png
-- Symlinking: /home/nuctella/ros2_ws/ws/install/uav_single_gazebo/share/uav_single_gazebo//models/hangar_floor/meshes/textures/hangar_floor_normal.png
-- Symlinking: /home/nuctella/ros2_ws/ws/install/uav_single_gazebo/share/uav_single_gazebo//models/hangar_floor/meshes/textures/hangar_floor_roughness.png
-- Symlinking: /home/nuctella/ros2_ws/ws/install/uav_single_gazebo/share/uav_single_gazebo//models/hangar_floor/model.config
-- Symlinking: /home/nuctella/ros2_ws/ws/install/uav_single_gazebo/share/uav_single_gazebo//models/px4vision/meshes/prop_ccw.stl
-- Symlinking: /home/nuctella/ros2_ws/ws/install/uav_single_gazebo/share/uav_single_gazebo//models/px4vision/meshes/prop_cw.stl
-- Symlinking: /home/nuctella/ros2_ws/ws/install/uav_single_gazebo/share/uav_single_gazebo//models/px4vision/meshes/px4vision.stl
-- Symlinking: /home/nuctella/ros2_ws/ws/install/uav_single_gazebo/share/uav_single_gazebo//models/px4vision/model.config
-- Symlinking: /home/nuctella/ros2_ws/ws/install/uav_single_gazebo/share/uav_single_gazebo//models/px4vision/px4vision.sdf
-- Symlinking: /home/nuctella/ros2_ws/ws/install/uav_single_gazebo/share/uav_single_gazebo//models/px4vision/px4vision.sdf.jinja
-- Symlinking: /home/nuctella/ros2_ws/ws/install/uav_single_gazebo/share/uav_single_gazebo//models/px4vision/px4vision.sdf.last_generated
-- Symlinking: /home/nuctella/ros2_ws/ws/install/uav_single_gazebo/share/uav_single_gazebo//models/red_ball/model.config
-- Symlinking: /home/nuctella/ros2_ws/ws/install/uav_single_gazebo/share/uav_single_gazebo//models/red_ball/red_ball.sdf
-- Symlinking: /home/nuctella/ros2_ws/ws/install/uav_single_gazebo/share/uav_single_gazebo//models/sample_course_1/materials/scripts/asphalt.material
-- Symlinking: /home/nuctella/ros2_ws/ws/install/uav_single_gazebo/share/uav_single_gazebo//models/sample_course_1/materials/textures/tarmac.png
-- Symlinking: /home/nuctella/ros2_ws/ws/install/uav_single_gazebo/share/uav_single_gazebo//models/sample_course_1/model.config
-- Symlinking: /home/nuctella/ros2_ws/ws/install/uav_single_gazebo/share/uav_single_gazebo//models/sample_course_1/sample_course_1.sdf
-- Symlinking: /home/nuctella/ros2_ws/ws/install/uav_single_gazebo/share/uav_single_gazebo//models/sample_course_1/sample_course_1.sdf.jinja
-- Symlinking: /home/nuctella/ros2_ws/ws/install/uav_single_gazebo/share/uav_single_gazebo//models/sample_course_1/sample_course_1.sdf.last_generated
-- Symlinking: /home/nuctella/ros2_ws/ws/install/uav_single_gazebo/share/uav_single_gazebo//models/sample_course_2/materials/scripts/asphalt.material
-- Symlinking: /home/nuctella/ros2_ws/ws/install/uav_single_gazebo/share/uav_single_gazebo//models/sample_course_2/materials/textures/tarmac.png
-- Symlinking: /home/nuctella/ros2_ws/ws/install/uav_single_gazebo/share/uav_single_gazebo//models/sample_course_2/model.config
-- Symlinking: /home/nuctella/ros2_ws/ws/install/uav_single_gazebo/share/uav_single_gazebo//models/sample_course_2/sample_course_2.sdf
-- Symlinking: /home/nuctella/ros2_ws/ws/install/uav_single_gazebo/share/uav_single_gazebo//models/sample_course_2/sample_course_2.sdf.jinja
-- Symlinking: /home/nuctella/ros2_ws/ws/install/uav_single_gazebo/share/uav_single_gazebo//models/sample_course_2/sample_course_2.sdf.last_generated
-- Symlinking: /home/nuctella/ros2_ws/ws/install/uav_single_gazebo/share/uav_single_gazebo//models/wall_big_long/model.config
-- Symlinking: /home/nuctella/ros2_ws/ws/install/uav_single_gazebo/share/uav_single_gazebo//models/wall_big_long/wall_big_long.sdf
-- Symlinking: /home/nuctella/ros2_ws/ws/install/uav_single_gazebo/share/uav_single_gazebo//models/wall_big_short/model.config
-- Symlinking: /home/nuctella/ros2_ws/ws/install/uav_single_gazebo/share/uav_single_gazebo//models/wall_big_short/wall_big_short.sdf
-- Symlinking: /home/nuctella/ros2_ws/ws/install/uav_single_gazebo/share/uav_single_gazebo//models/wall_obstacle/model.config
-- Symlinking: /home/nuctella/ros2_ws/ws/install/uav_single_gazebo/share/uav_single_gazebo//models/wall_obstacle/wall_obstacle.sdf
-- Symlinking: /home/nuctella/ros2_ws/ws/install/uav_single_gazebo/share/uav_single_gazebo//models/wall_small_long/model.config
-- Symlinking: /home/nuctella/ros2_ws/ws/install/uav_single_gazebo/share/uav_single_gazebo//models/wall_small_long/model.sdf
-- Symlinking: /home/nuctella/ros2_ws/ws/install/uav_single_gazebo/share/uav_single_gazebo//models/wall_small_short/model.config
-- Symlinking: /home/nuctella/ros2_ws/ws/install/uav_single_gazebo/share/uav_single_gazebo//models/wall_small_short/model.sdf
-- Symlinking: /home/nuctella/ros2_ws/ws/install/uav_single_gazebo/share/uav_single_gazebo//rviz/drone.rviz
-- Symlinking: /home/nuctella/ros2_ws/ws/install/uav_single_gazebo/share/uav_single_gazebo//worlds/clean_worlds.sh
-- Symlinking: /home/nuctella/ros2_ws/ws/install/uav_single_gazebo/share/uav_single_gazebo//worlds/trial_1.world
-- Symlinking: /home/nuctella/ros2_ws/ws/install/uav_single_gazebo/share/uav_single_gazebo//worlds/trial_1.world.jinja
-- Symlinking: /home/nuctella/ros2_ws/ws/install/uav_single_gazebo/share/uav_single_gazebo//worlds/trial_1.world.last_generated
-- Symlinking: /home/nuctella/ros2_ws/ws/install/uav_single_gazebo/share/uav_single_gazebo/environment/uav_single_gazebo.dsv
-- Symlinking: /home/nuctella/ros2_ws/ws/install/uav_single_gazebo/share/ament_index/resource_index/package_run_dependencies/uav_single_gazebo
-- Symlinking: /home/nuctella/ros2_ws/ws/install/uav_single_gazebo/share/ament_index/resource_index/parent_prefix_path/uav_single_gazebo
-- Symlinking: /home/nuctella/ros2_ws/ws/install/uav_single_gazebo/share/uav_single_gazebo/environment/ament_prefix_path.sh
-- Symlinking: /home/nuctella/ros2_ws/ws/install/uav_single_gazebo/share/uav_single_gazebo/environment/ament_prefix_path.dsv
-- Symlinking: /home/nuctella/ros2_ws/ws/install/uav_single_gazebo/share/uav_single_gazebo/environment/path.sh
-- Symlinking: /home/nuctella/ros2_ws/ws/install/uav_single_gazebo/share/uav_single_gazebo/environment/path.dsv
-- Symlinking: /home/nuctella/ros2_ws/ws/install/uav_single_gazebo/share/uav_single_gazebo/local_setup.bash
-- Symlinking: /home/nuctella/ros2_ws/ws/install/uav_single_gazebo/share/uav_single_gazebo/local_setup.sh
-- Symlinking: /home/nuctella/ros2_ws/ws/install/uav_single_gazebo/share/uav_single_gazebo/local_setup.zsh
-- Symlinking: /home/nuctella/ros2_ws/ws/install/uav_single_gazebo/share/uav_single_gazebo/local_setup.dsv
-- Symlinking: /home/nuctella/ros2_ws/ws/install/uav_single_gazebo/share/uav_single_gazebo/package.dsv
-- Symlinking: /home/nuctella/ros2_ws/ws/install/uav_single_gazebo/share/ament_index/resource_index/packages/uav_single_gazebo
-- Symlinking: /home/nuctella/ros2_ws/ws/install/uav_single_gazebo/share/uav_single_gazebo/cmake/uav_single_gazeboConfig.cmake
-- Symlinking: /home/nuctella/ros2_ws/ws/install/uav_single_gazebo/share/uav_single_gazebo/cmake/uav_single_gazeboConfig-version.cmake
-- Symlinking: /home/nuctella/ros2_ws/ws/install/uav_single_gazebo/share/uav_single_gazebo/package.xml
