[0.020s] Invoking command in '/home/nuctella/my_ros2_ws/build/rosbot_interfaces': CMAKE_PREFIX_PATH=${CMAKE_PREFIX_PATH}:/home/nuctella/my_ros2_ws/install/rosbot_object_recognition:/opt/ros/humble /usr/bin/cmake --build /home/nuctella/my_ros2_ws/build/rosbot_interfaces -- -j20 -l20
[0.060s] [  3%] Built target rosbot_interfaces__cpp
[0.060s] [ 12%] Built target rosbot_interfaces__rosidl_generator_c
[0.067s] [ 12%] Built target ament_cmake_python_copy_rosbot_interfaces
[0.079s] [ 22%] Built target rosbot_interfaces__rosidl_typesupport_introspection_c
[0.079s] [ 32%] Built target rosbot_interfaces__rosidl_typesupport_c
[0.079s] [ 41%] Built target rosbot_interfaces__rosidl_typesupport_cpp
[0.080s] [ 51%] Built target rosbot_interfaces__rosidl_typesupport_introspection_cpp
[0.081s] [ 61%] Built target rosbot_interfaces__rosidl_typesupport_fastrtps_cpp
[0.085s] [ 70%] Built target rosbot_interfaces__rosidl_typesupport_fastrtps_c
[0.103s] [ 70%] Built target rosbot_interfaces
[0.120s] [ 74%] Built target rosbot_interfaces__py
[0.138s] [ 80%] Built target rosbot_interfaces__rosidl_generator_py
[0.157s] [100%] Built target rosbot_interfaces__rosidl_typesupport_introspection_c__pyext
[0.157s] [100%] Built target rosbot_interfaces__rosidl_typesupport_c__pyext
[0.157s] [100%] Built target rosbot_interfaces__rosidl_typesupport_fastrtps_c__pyext
[0.226s] running egg_info
[0.236s] writing rosbot_interfaces.egg-info/PKG-INFO
[0.236s] writing dependency_links to rosbot_interfaces.egg-info/dependency_links.txt
[0.236s] writing top-level names to rosbot_interfaces.egg-info/top_level.txt
[0.264s] reading manifest file 'rosbot_interfaces.egg-info/SOURCES.txt'
[0.265s] writing manifest file 'rosbot_interfaces.egg-info/SOURCES.txt'
[0.288s] [100%] Built target ament_cmake_python_build_rosbot_interfaces_egg
[0.299s] Invoked command in '/home/nuctella/my_ros2_ws/build/rosbot_interfaces' returned '0': CMAKE_PREFIX_PATH=${CMAKE_PREFIX_PATH}:/home/nuctella/my_ros2_ws/install/rosbot_object_recognition:/opt/ros/humble /usr/bin/cmake --build /home/nuctella/my_ros2_ws/build/rosbot_interfaces -- -j20 -l20
[0.348s] Invoking command in '/home/nuctella/my_ros2_ws/build/rosbot_interfaces': CMAKE_PREFIX_PATH=${CMAKE_PREFIX_PATH}:/home/nuctella/my_ros2_ws/install/rosbot_object_recognition:/opt/ros/humble /usr/bin/cmake --install /home/nuctella/my_ros2_ws/build/rosbot_interfaces
[0.354s] -- Install configuration: ""
[0.354s] -- Up-to-date: /home/nuctella/my_ros2_ws/install/rosbot_interfaces/share/ament_index/resource_index/rosidl_interfaces/rosbot_interfaces
[0.354s] -- Up-to-date: /home/nuctella/my_ros2_ws/install/rosbot_interfaces/include/rosbot_interfaces/rosbot_interfaces
[0.354s] -- Up-to-date: /home/nuctella/my_ros2_ws/install/rosbot_interfaces/include/rosbot_interfaces/rosbot_interfaces/msg
[0.354s] -- Up-to-date: /home/nuctella/my_ros2_ws/install/rosbot_interfaces/include/rosbot_interfaces/rosbot_interfaces/msg/obstacle_info.h
[0.354s] -- Up-to-date: /home/nuctella/my_ros2_ws/install/rosbot_interfaces/include/rosbot_interfaces/rosbot_interfaces/msg/detail
[0.354s] -- Up-to-date: /home/nuctella/my_ros2_ws/install/rosbot_interfaces/include/rosbot_interfaces/rosbot_interfaces/msg/detail/obstacle_info__type_support.h
[0.354s] -- Up-to-date: /home/nuctella/my_ros2_ws/install/rosbot_interfaces/include/rosbot_interfaces/rosbot_interfaces/msg/detail/obstacle_info__struct.h
[0.354s] -- Up-to-date: /home/nuctella/my_ros2_ws/install/rosbot_interfaces/include/rosbot_interfaces/rosbot_interfaces/msg/detail/obstacle_info__functions.h
[0.354s] -- Up-to-date: /home/nuctella/my_ros2_ws/install/rosbot_interfaces/include/rosbot_interfaces/rosbot_interfaces/msg/detail/obstacle_info__functions.c
[0.354s] -- Up-to-date: /home/nuctella/my_ros2_ws/install/rosbot_interfaces/include/rosbot_interfaces/rosbot_interfaces/msg/rosidl_generator_c__visibility_control.h
[0.355s] -- Up-to-date: /home/nuctella/my_ros2_ws/install/rosbot_interfaces/share/rosbot_interfaces/environment/library_path.sh
[0.355s] -- Up-to-date: /home/nuctella/my_ros2_ws/install/rosbot_interfaces/share/rosbot_interfaces/environment/library_path.dsv
[0.355s] -- Up-to-date: /home/nuctella/my_ros2_ws/install/rosbot_interfaces/lib/librosbot_interfaces__rosidl_generator_c.so
[0.355s] -- Up-to-date: /home/nuctella/my_ros2_ws/install/rosbot_interfaces/include/rosbot_interfaces/rosbot_interfaces
[0.355s] -- Up-to-date: /home/nuctella/my_ros2_ws/install/rosbot_interfaces/include/rosbot_interfaces/rosbot_interfaces/msg
[0.355s] -- Up-to-date: /home/nuctella/my_ros2_ws/install/rosbot_interfaces/include/rosbot_interfaces/rosbot_interfaces/msg/detail
[0.355s] -- Up-to-date: /home/nuctella/my_ros2_ws/install/rosbot_interfaces/include/rosbot_interfaces/rosbot_interfaces/msg/detail/obstacle_info__rosidl_typesupport_fastrtps_c.h
[0.355s] -- Up-to-date: /home/nuctella/my_ros2_ws/install/rosbot_interfaces/include/rosbot_interfaces/rosbot_interfaces/msg/rosidl_typesupport_fastrtps_c__visibility_control.h
[0.355s] -- Up-to-date: /home/nuctella/my_ros2_ws/install/rosbot_interfaces/lib/librosbot_interfaces__rosidl_typesupport_fastrtps_c.so
[0.355s] -- Up-to-date: /home/nuctella/my_ros2_ws/install/rosbot_interfaces/include/rosbot_interfaces/rosbot_interfaces
[0.356s] -- Up-to-date: /home/nuctella/my_ros2_ws/install/rosbot_interfaces/include/rosbot_interfaces/rosbot_interfaces/msg
[0.356s] -- Up-to-date: /home/nuctella/my_ros2_ws/install/rosbot_interfaces/include/rosbot_interfaces/rosbot_interfaces/msg/detail
[0.356s] -- Up-to-date: /home/nuctella/my_ros2_ws/install/rosbot_interfaces/include/rosbot_interfaces/rosbot_interfaces/msg/detail/obstacle_info__struct.hpp
[0.356s] -- Up-to-date: /home/nuctella/my_ros2_ws/install/rosbot_interfaces/include/rosbot_interfaces/rosbot_interfaces/msg/detail/obstacle_info__traits.hpp
[0.356s] -- Up-to-date: /home/nuctella/my_ros2_ws/install/rosbot_interfaces/include/rosbot_interfaces/rosbot_interfaces/msg/detail/obstacle_info__builder.hpp
[0.356s] -- Up-to-date: /home/nuctella/my_ros2_ws/install/rosbot_interfaces/include/rosbot_interfaces/rosbot_interfaces/msg/obstacle_info.hpp
[0.356s] -- Up-to-date: /home/nuctella/my_ros2_ws/install/rosbot_interfaces/include/rosbot_interfaces/rosbot_interfaces
[0.356s] -- Up-to-date: /home/nuctella/my_ros2_ws/install/rosbot_interfaces/include/rosbot_interfaces/rosbot_interfaces/msg
[0.356s] -- Up-to-date: /home/nuctella/my_ros2_ws/install/rosbot_interfaces/include/rosbot_interfaces/rosbot_interfaces/msg/detail
[0.356s] -- Up-to-date: /home/nuctella/my_ros2_ws/install/rosbot_interfaces/include/rosbot_interfaces/rosbot_interfaces/msg/detail/dds_fastrtps
[0.357s] -- Up-to-date: /home/nuctella/my_ros2_ws/install/rosbot_interfaces/include/rosbot_interfaces/rosbot_interfaces/msg/detail/obstacle_info__rosidl_typesupport_fastrtps_cpp.hpp
[0.357s] -- Up-to-date: /home/nuctella/my_ros2_ws/install/rosbot_interfaces/include/rosbot_interfaces/rosbot_interfaces/msg/rosidl_typesupport_fastrtps_cpp__visibility_control.h
[0.357s] -- Up-to-date: /home/nuctella/my_ros2_ws/install/rosbot_interfaces/lib/librosbot_interfaces__rosidl_typesupport_fastrtps_cpp.so
[0.357s] -- Up-to-date: /home/nuctella/my_ros2_ws/install/rosbot_interfaces/include/rosbot_interfaces/rosbot_interfaces
[0.357s] -- Up-to-date: /home/nuctella/my_ros2_ws/install/rosbot_interfaces/include/rosbot_interfaces/rosbot_interfaces/msg
[0.357s] -- Up-to-date: /home/nuctella/my_ros2_ws/install/rosbot_interfaces/include/rosbot_interfaces/rosbot_interfaces/msg/detail
[0.357s] -- Up-to-date: /home/nuctella/my_ros2_ws/install/rosbot_interfaces/include/rosbot_interfaces/rosbot_interfaces/msg/detail/obstacle_info__rosidl_typesupport_introspection_c.h
[0.357s] -- Up-to-date: /home/nuctella/my_ros2_ws/install/rosbot_interfaces/include/rosbot_interfaces/rosbot_interfaces/msg/detail/obstacle_info__type_support.c
[0.357s] -- Up-to-date: /home/nuctella/my_ros2_ws/install/rosbot_interfaces/include/rosbot_interfaces/rosbot_interfaces/msg/rosidl_typesupport_introspection_c__visibility_control.h
[0.357s] -- Up-to-date: /home/nuctella/my_ros2_ws/install/rosbot_interfaces/lib/librosbot_interfaces__rosidl_typesupport_introspection_c.so
[0.357s] -- Up-to-date: /home/nuctella/my_ros2_ws/install/rosbot_interfaces/lib/librosbot_interfaces__rosidl_typesupport_c.so
[0.357s] -- Up-to-date: /home/nuctella/my_ros2_ws/install/rosbot_interfaces/include/rosbot_interfaces/rosbot_interfaces
[0.357s] -- Up-to-date: /home/nuctella/my_ros2_ws/install/rosbot_interfaces/include/rosbot_interfaces/rosbot_interfaces/msg
[0.357s] -- Up-to-date: /home/nuctella/my_ros2_ws/install/rosbot_interfaces/include/rosbot_interfaces/rosbot_interfaces/msg/detail
[0.357s] -- Up-to-date: /home/nuctella/my_ros2_ws/install/rosbot_interfaces/include/rosbot_interfaces/rosbot_interfaces/msg/detail/obstacle_info__rosidl_typesupport_introspection_cpp.hpp
[0.357s] -- Up-to-date: /home/nuctella/my_ros2_ws/install/rosbot_interfaces/include/rosbot_interfaces/rosbot_interfaces/msg/detail/obstacle_info__type_support.cpp
[0.357s] -- Up-to-date: /home/nuctella/my_ros2_ws/install/rosbot_interfaces/lib/librosbot_interfaces__rosidl_typesupport_introspection_cpp.so
[0.358s] -- Up-to-date: /home/nuctella/my_ros2_ws/install/rosbot_interfaces/lib/librosbot_interfaces__rosidl_typesupport_cpp.so
[0.358s] -- Up-to-date: /home/nuctella/my_ros2_ws/install/rosbot_interfaces/share/rosbot_interfaces/environment/pythonpath.sh
[0.358s] -- Up-to-date: /home/nuctella/my_ros2_ws/install/rosbot_interfaces/share/rosbot_interfaces/environment/pythonpath.dsv
[0.358s] -- Up-to-date: /home/nuctella/my_ros2_ws/install/rosbot_interfaces/local/lib/python3.10/dist-packages/rosbot_interfaces-0.0.0-py3.10.egg-info
[0.358s] -- Installing: /home/nuctella/my_ros2_ws/install/rosbot_interfaces/local/lib/python3.10/dist-packages/rosbot_interfaces-0.0.0-py3.10.egg-info/dependency_links.txt
[0.358s] -- Installing: /home/nuctella/my_ros2_ws/install/rosbot_interfaces/local/lib/python3.10/dist-packages/rosbot_interfaces-0.0.0-py3.10.egg-info/top_level.txt
[0.358s] -- Installing: /home/nuctella/my_ros2_ws/install/rosbot_interfaces/local/lib/python3.10/dist-packages/rosbot_interfaces-0.0.0-py3.10.egg-info/SOURCES.txt
[0.358s] -- Installing: /home/nuctella/my_ros2_ws/install/rosbot_interfaces/local/lib/python3.10/dist-packages/rosbot_interfaces-0.0.0-py3.10.egg-info/PKG-INFO
[0.358s] -- Up-to-date: /home/nuctella/my_ros2_ws/install/rosbot_interfaces/local/lib/python3.10/dist-packages/rosbot_interfaces
[0.358s] -- Up-to-date: /home/nuctella/my_ros2_ws/install/rosbot_interfaces/local/lib/python3.10/dist-packages/rosbot_interfaces/_rosbot_interfaces_s.ep.rosidl_typesupport_fastrtps_c.c
[0.358s] -- Up-to-date: /home/nuctella/my_ros2_ws/install/rosbot_interfaces/local/lib/python3.10/dist-packages/rosbot_interfaces/_rosbot_interfaces_s.ep.rosidl_typesupport_introspection_c.c
[0.358s] -- Up-to-date: /home/nuctella/my_ros2_ws/install/rosbot_interfaces/local/lib/python3.10/dist-packages/rosbot_interfaces/_rosbot_interfaces_s.ep.rosidl_typesupport_c.c
[0.358s] -- Up-to-date: /home/nuctella/my_ros2_ws/install/rosbot_interfaces/local/lib/python3.10/dist-packages/rosbot_interfaces/msg
[0.358s] -- Up-to-date: /home/nuctella/my_ros2_ws/install/rosbot_interfaces/local/lib/python3.10/dist-packages/rosbot_interfaces/msg/_obstacle_info.py
[0.358s] -- Up-to-date: /home/nuctella/my_ros2_ws/install/rosbot_interfaces/local/lib/python3.10/dist-packages/rosbot_interfaces/msg/_obstacle_info_s.c
[0.358s] -- Up-to-date: /home/nuctella/my_ros2_ws/install/rosbot_interfaces/local/lib/python3.10/dist-packages/rosbot_interfaces/msg/__init__.py
[0.358s] -- Up-to-date: /home/nuctella/my_ros2_ws/install/rosbot_interfaces/local/lib/python3.10/dist-packages/rosbot_interfaces/rosbot_interfaces_s__rosidl_typesupport_fastrtps_c.cpython-310-x86_64-linux-gnu.so
[0.358s] -- Up-to-date: /home/nuctella/my_ros2_ws/install/rosbot_interfaces/local/lib/python3.10/dist-packages/rosbot_interfaces/librosbot_interfaces__rosidl_generator_py.so
[0.358s] -- Up-to-date: /home/nuctella/my_ros2_ws/install/rosbot_interfaces/local/lib/python3.10/dist-packages/rosbot_interfaces/rosbot_interfaces_s__rosidl_typesupport_introspection_c.cpython-310-x86_64-linux-gnu.so
[0.358s] -- Up-to-date: /home/nuctella/my_ros2_ws/install/rosbot_interfaces/local/lib/python3.10/dist-packages/rosbot_interfaces/__init__.py
[0.359s] -- Up-to-date: /home/nuctella/my_ros2_ws/install/rosbot_interfaces/local/lib/python3.10/dist-packages/rosbot_interfaces/rosbot_interfaces_s__rosidl_typesupport_c.cpython-310-x86_64-linux-gnu.so
[0.385s] Listing '/home/nuctella/my_ros2_ws/install/rosbot_interfaces/local/lib/python3.10/dist-packages/rosbot_interfaces'...
[0.385s] Listing '/home/nuctella/my_ros2_ws/install/rosbot_interfaces/local/lib/python3.10/dist-packages/rosbot_interfaces/msg'...
[0.388s] -- Up-to-date: /home/nuctella/my_ros2_ws/install/rosbot_interfaces/local/lib/python3.10/dist-packages/rosbot_interfaces/rosbot_interfaces_s__rosidl_typesupport_fastrtps_c.cpython-310-x86_64-linux-gnu.so
[0.388s] -- Up-to-date: /home/nuctella/my_ros2_ws/install/rosbot_interfaces/local/lib/python3.10/dist-packages/rosbot_interfaces/rosbot_interfaces_s__rosidl_typesupport_introspection_c.cpython-310-x86_64-linux-gnu.so
[0.388s] -- Up-to-date: /home/nuctella/my_ros2_ws/install/rosbot_interfaces/local/lib/python3.10/dist-packages/rosbot_interfaces/rosbot_interfaces_s__rosidl_typesupport_c.cpython-310-x86_64-linux-gnu.so
[0.389s] -- Up-to-date: /home/nuctella/my_ros2_ws/install/rosbot_interfaces/lib/librosbot_interfaces__rosidl_generator_py.so
[0.389s] -- Up-to-date: /home/nuctella/my_ros2_ws/install/rosbot_interfaces/share/rosbot_interfaces/msg/ObstacleInfo.idl
[0.389s] -- Up-to-date: /home/nuctella/my_ros2_ws/install/rosbot_interfaces/share/rosbot_interfaces/msg/ObstacleInfo.msg
[0.389s] -- Up-to-date: /home/nuctella/my_ros2_ws/install/rosbot_interfaces/share/ament_index/resource_index/package_run_dependencies/rosbot_interfaces
[0.389s] -- Up-to-date: /home/nuctella/my_ros2_ws/install/rosbot_interfaces/share/ament_index/resource_index/parent_prefix_path/rosbot_interfaces
[0.389s] -- Up-to-date: /home/nuctella/my_ros2_ws/install/rosbot_interfaces/share/rosbot_interfaces/environment/ament_prefix_path.sh
[0.390s] -- Up-to-date: /home/nuctella/my_ros2_ws/install/rosbot_interfaces/share/rosbot_interfaces/environment/ament_prefix_path.dsv
[0.390s] -- Up-to-date: /home/nuctella/my_ros2_ws/install/rosbot_interfaces/share/rosbot_interfaces/environment/path.sh
[0.390s] -- Up-to-date: /home/nuctella/my_ros2_ws/install/rosbot_interfaces/share/rosbot_interfaces/environment/path.dsv
[0.390s] -- Up-to-date: /home/nuctella/my_ros2_ws/install/rosbot_interfaces/share/rosbot_interfaces/local_setup.bash
[0.390s] -- Up-to-date: /home/nuctella/my_ros2_ws/install/rosbot_interfaces/share/rosbot_interfaces/local_setup.sh
[0.390s] -- Up-to-date: /home/nuctella/my_ros2_ws/install/rosbot_interfaces/share/rosbot_interfaces/local_setup.zsh
[0.391s] -- Up-to-date: /home/nuctella/my_ros2_ws/install/rosbot_interfaces/share/rosbot_interfaces/local_setup.dsv
[0.391s] -- Installing: /home/nuctella/my_ros2_ws/install/rosbot_interfaces/share/rosbot_interfaces/package.dsv
[0.391s] -- Up-to-date: /home/nuctella/my_ros2_ws/install/rosbot_interfaces/share/ament_index/resource_index/packages/rosbot_interfaces
[0.391s] -- Up-to-date: /home/nuctella/my_ros2_ws/install/rosbot_interfaces/share/rosbot_interfaces/cmake/export_rosbot_interfaces__rosidl_generator_cExport.cmake
[0.391s] -- Up-to-date: /home/nuctella/my_ros2_ws/install/rosbot_interfaces/share/rosbot_interfaces/cmake/export_rosbot_interfaces__rosidl_generator_cExport-noconfig.cmake
[0.391s] -- Up-to-date: /home/nuctella/my_ros2_ws/install/rosbot_interfaces/share/rosbot_interfaces/cmake/export_rosbot_interfaces__rosidl_typesupport_fastrtps_cExport.cmake
[0.391s] -- Up-to-date: /home/nuctella/my_ros2_ws/install/rosbot_interfaces/share/rosbot_interfaces/cmake/export_rosbot_interfaces__rosidl_typesupport_fastrtps_cExport-noconfig.cmake
[0.391s] -- Up-to-date: /home/nuctella/my_ros2_ws/install/rosbot_interfaces/share/rosbot_interfaces/cmake/export_rosbot_interfaces__rosidl_generator_cppExport.cmake
[0.391s] -- Up-to-date: /home/nuctella/my_ros2_ws/install/rosbot_interfaces/share/rosbot_interfaces/cmake/export_rosbot_interfaces__rosidl_typesupport_fastrtps_cppExport.cmake
[0.391s] -- Up-to-date: /home/nuctella/my_ros2_ws/install/rosbot_interfaces/share/rosbot_interfaces/cmake/export_rosbot_interfaces__rosidl_typesupport_fastrtps_cppExport-noconfig.cmake
[0.391s] -- Up-to-date: /home/nuctella/my_ros2_ws/install/rosbot_interfaces/share/rosbot_interfaces/cmake/rosbot_interfaces__rosidl_typesupport_introspection_cExport.cmake
[0.391s] -- Up-to-date: /home/nuctella/my_ros2_ws/install/rosbot_interfaces/share/rosbot_interfaces/cmake/rosbot_interfaces__rosidl_typesupport_introspection_cExport-noconfig.cmake
[0.391s] -- Up-to-date: /home/nuctella/my_ros2_ws/install/rosbot_interfaces/share/rosbot_interfaces/cmake/rosbot_interfaces__rosidl_typesupport_cExport.cmake
[0.391s] -- Up-to-date: /home/nuctella/my_ros2_ws/install/rosbot_interfaces/share/rosbot_interfaces/cmake/rosbot_interfaces__rosidl_typesupport_cExport-noconfig.cmake
[0.391s] -- Up-to-date: /home/nuctella/my_ros2_ws/install/rosbot_interfaces/share/rosbot_interfaces/cmake/rosbot_interfaces__rosidl_typesupport_introspection_cppExport.cmake
[0.391s] -- Up-to-date: /home/nuctella/my_ros2_ws/install/rosbot_interfaces/share/rosbot_interfaces/cmake/rosbot_interfaces__rosidl_typesupport_introspection_cppExport-noconfig.cmake
[0.391s] -- Up-to-date: /home/nuctella/my_ros2_ws/install/rosbot_interfaces/share/rosbot_interfaces/cmake/rosbot_interfaces__rosidl_typesupport_cppExport.cmake
[0.391s] -- Up-to-date: /home/nuctella/my_ros2_ws/install/rosbot_interfaces/share/rosbot_interfaces/cmake/rosbot_interfaces__rosidl_typesupport_cppExport-noconfig.cmake
[0.392s] -- Up-to-date: /home/nuctella/my_ros2_ws/install/rosbot_interfaces/share/rosbot_interfaces/cmake/export_rosbot_interfaces__rosidl_generator_pyExport.cmake
[0.392s] -- Up-to-date: /home/nuctella/my_ros2_ws/install/rosbot_interfaces/share/rosbot_interfaces/cmake/export_rosbot_interfaces__rosidl_generator_pyExport-noconfig.cmake
[0.392s] -- Up-to-date: /home/nuctella/my_ros2_ws/install/rosbot_interfaces/share/rosbot_interfaces/cmake/rosidl_cmake-extras.cmake
[0.392s] -- Up-to-date: /home/nuctella/my_ros2_ws/install/rosbot_interfaces/share/rosbot_interfaces/cmake/ament_cmake_export_dependencies-extras.cmake
[0.392s] -- Up-to-date: /home/nuctella/my_ros2_ws/install/rosbot_interfaces/share/rosbot_interfaces/cmake/ament_cmake_export_include_directories-extras.cmake
[0.392s] -- Up-to-date: /home/nuctella/my_ros2_ws/install/rosbot_interfaces/share/rosbot_interfaces/cmake/ament_cmake_export_libraries-extras.cmake
[0.393s] -- Up-to-date: /home/nuctella/my_ros2_ws/install/rosbot_interfaces/share/rosbot_interfaces/cmake/ament_cmake_export_targets-extras.cmake
[0.393s] -- Up-to-date: /home/nuctella/my_ros2_ws/install/rosbot_interfaces/share/rosbot_interfaces/cmake/rosidl_cmake_export_typesupport_targets-extras.cmake
[0.393s] -- Up-to-date: /home/nuctella/my_ros2_ws/install/rosbot_interfaces/share/rosbot_interfaces/cmake/rosidl_cmake_export_typesupport_libraries-extras.cmake
[0.393s] -- Up-to-date: /home/nuctella/my_ros2_ws/install/rosbot_interfaces/share/rosbot_interfaces/cmake/rosbot_interfacesConfig.cmake
[0.393s] -- Up-to-date: /home/nuctella/my_ros2_ws/install/rosbot_interfaces/share/rosbot_interfaces/cmake/rosbot_interfacesConfig-version.cmake
[0.396s] -- Up-to-date: /home/nuctella/my_ros2_ws/install/rosbot_interfaces/share/rosbot_interfaces/package.xml
[0.396s] Invoked command in '/home/nuctella/my_ros2_ws/build/rosbot_interfaces' returned '0': CMAKE_PREFIX_PATH=${CMAKE_PREFIX_PATH}:/home/nuctella/my_ros2_ws/install/rosbot_object_recognition:/opt/ros/humble /usr/bin/cmake --install /home/nuctella/my_ros2_ws/build/rosbot_interfaces
