-- Install configuration: ""
-- Up-to-date: /home/nuctella/ros2_ws/ws/install/rosbot_xl_bringup/share/rosbot_xl_bringup/launch
-- Up-to-date: /home/nuctella/ros2_ws/ws/install/rosbot_xl_bringup/share/rosbot_xl_bringup/launch/bringup.launch.py
-- Up-to-date: /home/nuctella/ros2_ws/ws/install/rosbot_xl_bringup/share/rosbot_xl_bringup/config
-- Up-to-date: /home/nuctella/ros2_ws/ws/install/rosbot_xl_bringup/share/rosbot_xl_bringup/config/ekf.yaml
-- Up-to-date: /home/nuctella/ros2_ws/ws/install/rosbot_xl_bringup/share/rosbot_xl_bringup/config/laser_filter.yaml
-- Up-to-date: /home/nuctella/ros2_ws/ws/install/rosbot_xl_bringup/share/ament_index/resource_index/package_run_dependencies/rosbot_xl_bringup
-- Up-to-date: /home/nuctella/ros2_ws/ws/install/rosbot_xl_bringup/share/ament_index/resource_index/parent_prefix_path/rosbot_xl_bringup
-- Up-to-date: /home/nuctella/ros2_ws/ws/install/rosbot_xl_bringup/share/rosbot_xl_bringup/environment/ament_prefix_path.sh
-- Up-to-date: /home/nuctella/ros2_ws/ws/install/rosbot_xl_bringup/share/rosbot_xl_bringup/environment/ament_prefix_path.dsv
-- Up-to-date: /home/nuctella/ros2_ws/ws/install/rosbot_xl_bringup/share/rosbot_xl_bringup/environment/path.sh
-- Up-to-date: /home/nuctella/ros2_ws/ws/install/rosbot_xl_bringup/share/rosbot_xl_bringup/environment/path.dsv
-- Up-to-date: /home/nuctella/ros2_ws/ws/install/rosbot_xl_bringup/share/rosbot_xl_bringup/local_setup.bash
-- Up-to-date: /home/nuctella/ros2_ws/ws/install/rosbot_xl_bringup/share/rosbot_xl_bringup/local_setup.sh
-- Up-to-date: /home/nuctella/ros2_ws/ws/install/rosbot_xl_bringup/share/rosbot_xl_bringup/local_setup.zsh
-- Up-to-date: /home/nuctella/ros2_ws/ws/install/rosbot_xl_bringup/share/rosbot_xl_bringup/local_setup.dsv
-- Up-to-date: /home/nuctella/ros2_ws/ws/install/rosbot_xl_bringup/share/rosbot_xl_bringup/package.dsv
-- Up-to-date: /home/nuctella/ros2_ws/ws/install/rosbot_xl_bringup/share/ament_index/resource_index/packages/rosbot_xl_bringup
-- Up-to-date: /home/nuctella/ros2_ws/ws/install/rosbot_xl_bringup/share/rosbot_xl_bringup/cmake/rosbot_xl_bringupConfig.cmake
-- Up-to-date: /home/nuctella/ros2_ws/ws/install/rosbot_xl_bringup/share/rosbot_xl_bringup/cmake/rosbot_xl_bringupConfig-version.cmake
-- Up-to-date: /home/nuctella/ros2_ws/ws/install/rosbot_xl_bringup/share/rosbot_xl_bringup/package.xml
