[0.905s] Invoking command in '/home/nuctella/my_ros2_ws/src/rosbot_object_recognition': CMAKE_PREFIX_PATH=/home/nuctella/my_ros2_ws/install/rosbot_interfaces:${CMAKE_PREFIX_PATH} LD_LIBRARY_PATH=/home/nuctella/my_ros2_ws/install/rosbot_interfaces/lib:/home/nuctella/ros2_ws/ws/install/rosbot_hardware_interfaces/lib:/home/nuctella/ros2_ws/ws/install/mecanum_drive_controller/lib:/home/nuctella/ros2_ws/ws/install/ign_ros2_control/lib:/home/nuctella/ros2_ws/deps/install/micro_ros_agent/lib:/home/nuctella/ros2_ws/deps/install/micro_ros_msgs/lib:/opt/ros/humble/opt/rviz_ogre_vendor/lib:/opt/ros/humble/lib/x86_64-linux-gnu:/opt/ros/humble/lib PYTHONPATH=/home/nuctella/my_ros2_ws/build/rosbot_object_recognition/prefix_override:/home/nuctella/my_ros2_ws/install/rosbot_object_recognition/lib/python3.10/site-packages:${PYTHONPATH} /usr/bin/python3 setup.py egg_info --egg-base ../../build/rosbot_object_recognition build --build-base /home/nuctella/my_ros2_ws/build/rosbot_object_recognition/build install --record /home/nuctella/my_ros2_ws/build/rosbot_object_recognition/install.log --single-version-externally-managed
[1.077s] running egg_info
[1.087s] writing ../../build/rosbot_object_recognition/rosbot_object_recognition.egg-info/PKG-INFO
[1.100s] writing dependency_links to ../../build/rosbot_object_recognition/rosbot_object_recognition.egg-info/dependency_links.txt
[1.100s] writing entry points to ../../build/rosbot_object_recognition/rosbot_object_recognition.egg-info/entry_points.txt
[1.100s] writing requirements to ../../build/rosbot_object_recognition/rosbot_object_recognition.egg-info/requires.txt
[1.100s] writing top-level names to ../../build/rosbot_object_recognition/rosbot_object_recognition.egg-info/top_level.txt
[1.121s] reading manifest file '../../build/rosbot_object_recognition/rosbot_object_recognition.egg-info/SOURCES.txt'
[1.122s] writing manifest file '../../build/rosbot_object_recognition/rosbot_object_recognition.egg-info/SOURCES.txt'
[1.122s] running build
[1.122s] running build_py
[1.122s] copying rosbot_object_recognition/object_recognition.py -> /home/nuctella/my_ros2_ws/build/rosbot_object_recognition/build/lib/rosbot_object_recognition
[1.123s] running install
[1.124s] /home/nuctella/.local/lib/python3.10/site-packages/setuptools/_distutils/cmd.py:66: SetuptoolsDeprecationWarning: setup.py install is deprecated.
[1.124s] !!
[1.124s] 
[1.124s]         ********************************************************************************
[1.124s]         Please avoid running ``setup.py`` directly.
[1.124s]         Instead, use pypa/build, pypa/installer or other
[1.124s]         standards-based tools.
[1.124s] 
[1.124s]         See https://blog.ganssle.io/articles/2021/10/setup-py-deprecated.html for details.
[1.124s]         ********************************************************************************
[1.124s] 
[1.124s] !!
[1.124s]   self.initialize_options()
[1.128s] running install_lib
[1.138s] copying /home/nuctella/my_ros2_ws/build/rosbot_object_recognition/build/lib/rosbot_object_recognition/object_recognition.py -> /home/nuctella/my_ros2_ws/install/rosbot_object_recognition/lib/python3.10/site-packages/rosbot_object_recognition
[1.139s] byte-compiling /home/nuctella/my_ros2_ws/install/rosbot_object_recognition/lib/python3.10/site-packages/rosbot_object_recognition/object_recognition.py to object_recognition.cpython-310.pyc
[1.140s] running install_data
[1.150s] running install_egg_info
[1.164s] removing '/home/nuctella/my_ros2_ws/install/rosbot_object_recognition/lib/python3.10/site-packages/rosbot_object_recognition-0.0.0-py3.10.egg-info' (and everything under it)
[1.164s] Copying ../../build/rosbot_object_recognition/rosbot_object_recognition.egg-info to /home/nuctella/my_ros2_ws/install/rosbot_object_recognition/lib/python3.10/site-packages/rosbot_object_recognition-0.0.0-py3.10.egg-info
[1.164s] running install_scripts
[1.273s] Installing obj_rec script to /home/nuctella/my_ros2_ws/install/rosbot_object_recognition/lib/rosbot_object_recognition
[1.273s] writing list of installed files to '/home/nuctella/my_ros2_ws/build/rosbot_object_recognition/install.log'
[1.301s] Invoked command in '/home/nuctella/my_ros2_ws/src/rosbot_object_recognition' returned '0': CMAKE_PREFIX_PATH=/home/nuctella/my_ros2_ws/install/rosbot_interfaces:${CMAKE_PREFIX_PATH} LD_LIBRARY_PATH=/home/nuctella/my_ros2_ws/install/rosbot_interfaces/lib:/home/nuctella/ros2_ws/ws/install/rosbot_hardware_interfaces/lib:/home/nuctella/ros2_ws/ws/install/mecanum_drive_controller/lib:/home/nuctella/ros2_ws/ws/install/ign_ros2_control/lib:/home/nuctella/ros2_ws/deps/install/micro_ros_agent/lib:/home/nuctella/ros2_ws/deps/install/micro_ros_msgs/lib:/opt/ros/humble/opt/rviz_ogre_vendor/lib:/opt/ros/humble/lib/x86_64-linux-gnu:/opt/ros/humble/lib PYTHONPATH=/home/nuctella/my_ros2_ws/build/rosbot_object_recognition/prefix_override:/home/nuctella/my_ros2_ws/install/rosbot_object_recognition/lib/python3.10/site-packages:${PYTHONPATH} /usr/bin/python3 setup.py egg_info --egg-base ../../build/rosbot_object_recognition build --build-base /home/nuctella/my_ros2_ws/build/rosbot_object_recognition/build install --record /home/nuctella/my_ros2_ws/build/rosbot_object_recognition/install.log --single-version-externally-managed
