[0.517s] DEBUG:colcon:Command line arguments: ['/usr/bin/colcon', 'build', '--packages-select', 'husariom']
[0.517s] DEBUG:colcon:Parsed command line arguments: Namespace(log_base=None, log_level=None, verb_name='build', build_base='build', install_base='install', merge_install=False, symlink_install=False, test_result_base=None, continue_on_error=False, executor='parallel', parallel_workers=20, event_handlers=None, ignore_user_meta=False, metas=['./colcon.meta'], base_paths=['.'], packages_ignore=None, packages_ignore_regex=None, paths=None, packages_up_to=None, packages_up_to_regex=None, packages_above=None, packages_above_and_dependencies=None, packages_above_depth=None, packages_select_by_dep=None, packages_skip_by_dep=None, packages_skip_up_to=None, packages_select_build_failed=False, packages_skip_build_finished=False, packages_select_test_failures=False, packages_skip_test_passed=False, packages_select=['husariom'], packages_skip=None, packages_select_regex=None, packages_skip_regex=None, packages_start=None, packages_end=None, cmake_args=None, cmake_target=None, cmake_target_skip_unavailable=False, cmake_clean_cache=False, cmake_clean_first=False, cmake_force_configure=False, ament_cmake_args=None, catkin_cmake_args=None, catkin_skip_building_tests=False, mixin_files=None, mixin=None, verb_parser=<colcon_mixin.mixin.mixin_argument.MixinArgumentDecorator object at 0x7f1cc0a142e0>, verb_extension=<colcon_core.verb.build.BuildVerb object at 0x7f1cc0f41330>, main=<bound method BuildVerb.main of <colcon_core.verb.build.BuildVerb object at 0x7f1cc0f41330>>, mixin_verb=('build',))
[0.554s] Level 1:colcon.colcon_core.package_discovery:discover_packages(colcon_meta) check parameters
[0.554s] Level 1:colcon.colcon_core.package_discovery:discover_packages(recursive) check parameters
[0.554s] Level 1:colcon.colcon_core.package_discovery:discover_packages(ignore) check parameters
[0.554s] Level 1:colcon.colcon_core.package_discovery:discover_packages(path) check parameters
[0.554s] Level 1:colcon.colcon_core.package_discovery:discover_packages(colcon_meta) discover
[0.554s] Level 1:colcon.colcon_core.package_discovery:discover_packages(recursive) discover
[0.554s] INFO:colcon.colcon_core.package_discovery:Crawling recursively for packages in '/home/nuctella/ros2_ws/ws'
[0.554s] Level 1:colcon.colcon_core.package_identification:_identify(.) by extensions ['ignore', 'ignore_ament_install']
[0.554s] Level 1:colcon.colcon_core.package_identification:_identify(.) by extension 'ignore'
[0.554s] Level 1:colcon.colcon_core.package_identification:_identify(.) by extension 'ignore_ament_install'
[0.554s] Level 1:colcon.colcon_core.package_identification:_identify(.) by extensions ['colcon_pkg']
[0.554s] Level 1:colcon.colcon_core.package_identification:_identify(.) by extension 'colcon_pkg'
[0.554s] Level 1:colcon.colcon_core.package_identification:_identify(.) by extensions ['colcon_meta']
[0.554s] Level 1:colcon.colcon_core.package_identification:_identify(.) by extension 'colcon_meta'
[0.554s] Level 1:colcon.colcon_core.package_identification:_identify(.) by extensions ['ros']
[0.554s] Level 1:colcon.colcon_core.package_identification:_identify(.) by extension 'ros'
[0.562s] Level 1:colcon.colcon_core.package_identification:_identify(.) by extensions ['cmake', 'python']
[0.562s] Level 1:colcon.colcon_core.package_identification:_identify(.) by extension 'cmake'
[0.562s] Level 1:colcon.colcon_core.package_identification:_identify(.) by extension 'python'
[0.562s] Level 1:colcon.colcon_core.package_identification:_identify(.) by extensions ['python_setup_py']
[0.562s] Level 1:colcon.colcon_core.package_identification:_identify(.) by extension 'python_setup_py'
[0.562s] Level 1:colcon.colcon_core.package_identification:_identify(build) by extensions ['ignore', 'ignore_ament_install']
[0.562s] Level 1:colcon.colcon_core.package_identification:_identify(build) by extension 'ignore'
[0.562s] Level 1:colcon.colcon_core.package_identification:_identify(build) ignored
[0.562s] Level 1:colcon.colcon_core.package_identification:_identify(install) by extensions ['ignore', 'ignore_ament_install']
[0.562s] Level 1:colcon.colcon_core.package_identification:_identify(install) by extension 'ignore'
[0.562s] Level 1:colcon.colcon_core.package_identification:_identify(install) ignored
[0.562s] Level 1:colcon.colcon_core.package_identification:_identify(log) by extensions ['ignore', 'ignore_ament_install']
[0.562s] Level 1:colcon.colcon_core.package_identification:_identify(log) by extension 'ignore'
[0.562s] Level 1:colcon.colcon_core.package_identification:_identify(log) ignored
[0.562s] Level 1:colcon.colcon_core.package_identification:_identify(src) by extensions ['ignore', 'ignore_ament_install']
[0.562s] Level 1:colcon.colcon_core.package_identification:_identify(src) by extension 'ignore'
[0.562s] Level 1:colcon.colcon_core.package_identification:_identify(src) by extension 'ignore_ament_install'
[0.562s] Level 1:colcon.colcon_core.package_identification:_identify(src) by extensions ['colcon_pkg']
[0.562s] Level 1:colcon.colcon_core.package_identification:_identify(src) by extension 'colcon_pkg'
[0.562s] Level 1:colcon.colcon_core.package_identification:_identify(src) by extensions ['colcon_meta']
[0.562s] Level 1:colcon.colcon_core.package_identification:_identify(src) by extension 'colcon_meta'
[0.562s] Level 1:colcon.colcon_core.package_identification:_identify(src) by extensions ['ros']
[0.562s] Level 1:colcon.colcon_core.package_identification:_identify(src) by extension 'ros'
[0.562s] Level 1:colcon.colcon_core.package_identification:_identify(src) by extensions ['cmake', 'python']
[0.562s] Level 1:colcon.colcon_core.package_identification:_identify(src) by extension 'cmake'
[0.562s] Level 1:colcon.colcon_core.package_identification:_identify(src) by extension 'python'
[0.562s] Level 1:colcon.colcon_core.package_identification:_identify(src) by extensions ['python_setup_py']
[0.562s] Level 1:colcon.colcon_core.package_identification:_identify(src) by extension 'python_setup_py'
[0.562s] Level 1:colcon.colcon_core.package_identification:_identify(src/gazebosim) by extensions ['ignore', 'ignore_ament_install']
[0.562s] Level 1:colcon.colcon_core.package_identification:_identify(src/gazebosim) by extension 'ignore'
[0.563s] Level 1:colcon.colcon_core.package_identification:_identify(src/gazebosim) by extension 'ignore_ament_install'
[0.563s] Level 1:colcon.colcon_core.package_identification:_identify(src/gazebosim) by extensions ['colcon_pkg']
[0.563s] Level 1:colcon.colcon_core.package_identification:_identify(src/gazebosim) by extension 'colcon_pkg'
[0.563s] Level 1:colcon.colcon_core.package_identification:_identify(src/gazebosim) by extensions ['colcon_meta']
[0.563s] Level 1:colcon.colcon_core.package_identification:_identify(src/gazebosim) by extension 'colcon_meta'
[0.563s] Level 1:colcon.colcon_core.package_identification:_identify(src/gazebosim) by extensions ['ros']
[0.563s] Level 1:colcon.colcon_core.package_identification:_identify(src/gazebosim) by extension 'ros'
[0.563s] Level 1:colcon.colcon_core.package_identification:_identify(src/gazebosim) by extensions ['cmake', 'python']
[0.563s] Level 1:colcon.colcon_core.package_identification:_identify(src/gazebosim) by extension 'cmake'
[0.563s] Level 1:colcon.colcon_core.package_identification:_identify(src/gazebosim) by extension 'python'
[0.563s] Level 1:colcon.colcon_core.package_identification:_identify(src/gazebosim) by extensions ['python_setup_py']
[0.563s] Level 1:colcon.colcon_core.package_identification:_identify(src/gazebosim) by extension 'python_setup_py'
[0.563s] Level 1:colcon.colcon_core.package_identification:_identify(src/gazebosim/gz_ros2_control) by extensions ['ignore', 'ignore_ament_install']
[0.563s] Level 1:colcon.colcon_core.package_identification:_identify(src/gazebosim/gz_ros2_control) by extension 'ignore'
[0.563s] Level 1:colcon.colcon_core.package_identification:_identify(src/gazebosim/gz_ros2_control) by extension 'ignore_ament_install'
[0.563s] Level 1:colcon.colcon_core.package_identification:_identify(src/gazebosim/gz_ros2_control) by extensions ['colcon_pkg']
[0.563s] Level 1:colcon.colcon_core.package_identification:_identify(src/gazebosim/gz_ros2_control) by extension 'colcon_pkg'
[0.563s] Level 1:colcon.colcon_core.package_identification:_identify(src/gazebosim/gz_ros2_control) by extensions ['colcon_meta']
[0.563s] Level 1:colcon.colcon_core.package_identification:_identify(src/gazebosim/gz_ros2_control) by extension 'colcon_meta'
[0.563s] Level 1:colcon.colcon_core.package_identification:_identify(src/gazebosim/gz_ros2_control) by extensions ['ros']
[0.563s] Level 1:colcon.colcon_core.package_identification:_identify(src/gazebosim/gz_ros2_control) by extension 'ros'
[0.563s] Level 1:colcon.colcon_core.package_identification:_identify(src/gazebosim/gz_ros2_control) by extensions ['cmake', 'python']
[0.563s] Level 1:colcon.colcon_core.package_identification:_identify(src/gazebosim/gz_ros2_control) by extension 'cmake'
[0.563s] Level 1:colcon.colcon_core.package_identification:_identify(src/gazebosim/gz_ros2_control) by extension 'python'
[0.563s] Level 1:colcon.colcon_core.package_identification:_identify(src/gazebosim/gz_ros2_control) by extensions ['python_setup_py']
[0.563s] Level 1:colcon.colcon_core.package_identification:_identify(src/gazebosim/gz_ros2_control) by extension 'python_setup_py'
[0.563s] Level 1:colcon.colcon_core.package_identification:_identify(src/gazebosim/gz_ros2_control/Dockerfile) by extensions ['ignore', 'ignore_ament_install']
[0.563s] Level 1:colcon.colcon_core.package_identification:_identify(src/gazebosim/gz_ros2_control/Dockerfile) by extension 'ignore'
[0.563s] Level 1:colcon.colcon_core.package_identification:_identify(src/gazebosim/gz_ros2_control/Dockerfile) by extension 'ignore_ament_install'
[0.563s] Level 1:colcon.colcon_core.package_identification:_identify(src/gazebosim/gz_ros2_control/Dockerfile) by extensions ['colcon_pkg']
[0.563s] Level 1:colcon.colcon_core.package_identification:_identify(src/gazebosim/gz_ros2_control/Dockerfile) by extension 'colcon_pkg'
[0.563s] Level 1:colcon.colcon_core.package_identification:_identify(src/gazebosim/gz_ros2_control/Dockerfile) by extensions ['colcon_meta']
[0.563s] Level 1:colcon.colcon_core.package_identification:_identify(src/gazebosim/gz_ros2_control/Dockerfile) by extension 'colcon_meta'
[0.563s] Level 1:colcon.colcon_core.package_identification:_identify(src/gazebosim/gz_ros2_control/Dockerfile) by extensions ['ros']
[0.563s] Level 1:colcon.colcon_core.package_identification:_identify(src/gazebosim/gz_ros2_control/Dockerfile) by extension 'ros'
[0.563s] Level 1:colcon.colcon_core.package_identification:_identify(src/gazebosim/gz_ros2_control/Dockerfile) by extensions ['cmake', 'python']
[0.563s] Level 1:colcon.colcon_core.package_identification:_identify(src/gazebosim/gz_ros2_control/Dockerfile) by extension 'cmake'
[0.563s] Level 1:colcon.colcon_core.package_identification:_identify(src/gazebosim/gz_ros2_control/Dockerfile) by extension 'python'
[0.563s] Level 1:colcon.colcon_core.package_identification:_identify(src/gazebosim/gz_ros2_control/Dockerfile) by extensions ['python_setup_py']
[0.563s] Level 1:colcon.colcon_core.package_identification:_identify(src/gazebosim/gz_ros2_control/Dockerfile) by extension 'python_setup_py'
[0.563s] Level 1:colcon.colcon_core.package_identification:_identify(src/gazebosim/gz_ros2_control/ign_ros2_control) by extensions ['ignore', 'ignore_ament_install']
[0.563s] Level 1:colcon.colcon_core.package_identification:_identify(src/gazebosim/gz_ros2_control/ign_ros2_control) by extension 'ignore'
[0.563s] Level 1:colcon.colcon_core.package_identification:_identify(src/gazebosim/gz_ros2_control/ign_ros2_control) by extension 'ignore_ament_install'
[0.563s] Level 1:colcon.colcon_core.package_identification:_identify(src/gazebosim/gz_ros2_control/ign_ros2_control) by extensions ['colcon_pkg']
[0.563s] Level 1:colcon.colcon_core.package_identification:_identify(src/gazebosim/gz_ros2_control/ign_ros2_control) by extension 'colcon_pkg'
[0.563s] Level 1:colcon.colcon_core.package_identification:_identify(src/gazebosim/gz_ros2_control/ign_ros2_control) by extensions ['colcon_meta']
[0.563s] Level 1:colcon.colcon_core.package_identification:_identify(src/gazebosim/gz_ros2_control/ign_ros2_control) by extension 'colcon_meta'
[0.563s] Level 1:colcon.colcon_core.package_identification:_identify(src/gazebosim/gz_ros2_control/ign_ros2_control) by extensions ['ros']
[0.563s] Level 1:colcon.colcon_core.package_identification:_identify(src/gazebosim/gz_ros2_control/ign_ros2_control) by extension 'ros'
[0.567s] DEBUG:colcon.colcon_core.package_identification:Package 'src/gazebosim/gz_ros2_control/ign_ros2_control' with type 'ros.ament_cmake' and name 'ign_ros2_control'
[0.567s] Level 1:colcon.colcon_core.package_identification:_identify(src/gazebosim/gz_ros2_control/ign_ros2_control_demos) by extensions ['ignore', 'ignore_ament_install']
[0.567s] Level 1:colcon.colcon_core.package_identification:_identify(src/gazebosim/gz_ros2_control/ign_ros2_control_demos) by extension 'ignore'
[0.567s] Level 1:colcon.colcon_core.package_identification:_identify(src/gazebosim/gz_ros2_control/ign_ros2_control_demos) by extension 'ignore_ament_install'
[0.568s] Level 1:colcon.colcon_core.package_identification:_identify(src/gazebosim/gz_ros2_control/ign_ros2_control_demos) by extensions ['colcon_pkg']
[0.568s] Level 1:colcon.colcon_core.package_identification:_identify(src/gazebosim/gz_ros2_control/ign_ros2_control_demos) by extension 'colcon_pkg'
[0.568s] Level 1:colcon.colcon_core.package_identification:_identify(src/gazebosim/gz_ros2_control/ign_ros2_control_demos) by extensions ['colcon_meta']
[0.568s] Level 1:colcon.colcon_core.package_identification:_identify(src/gazebosim/gz_ros2_control/ign_ros2_control_demos) by extension 'colcon_meta'
[0.568s] Level 1:colcon.colcon_core.package_identification:_identify(src/gazebosim/gz_ros2_control/ign_ros2_control_demos) by extensions ['ros']
[0.568s] Level 1:colcon.colcon_core.package_identification:_identify(src/gazebosim/gz_ros2_control/ign_ros2_control_demos) by extension 'ros'
[0.568s] DEBUG:colcon.colcon_core.package_identification:Package 'src/gazebosim/gz_ros2_control/ign_ros2_control_demos' with type 'ros.ament_cmake' and name 'ign_ros2_control_demos'
[0.568s] Level 1:colcon.colcon_core.package_identification:_identify(src/gazebosim/gz_ros2_control/img) by extensions ['ignore', 'ignore_ament_install']
[0.568s] Level 1:colcon.colcon_core.package_identification:_identify(src/gazebosim/gz_ros2_control/img) by extension 'ignore'
[0.568s] Level 1:colcon.colcon_core.package_identification:_identify(src/gazebosim/gz_ros2_control/img) by extension 'ignore_ament_install'
[0.568s] Level 1:colcon.colcon_core.package_identification:_identify(src/gazebosim/gz_ros2_control/img) by extensions ['colcon_pkg']
[0.568s] Level 1:colcon.colcon_core.package_identification:_identify(src/gazebosim/gz_ros2_control/img) by extension 'colcon_pkg'
[0.568s] Level 1:colcon.colcon_core.package_identification:_identify(src/gazebosim/gz_ros2_control/img) by extensions ['colcon_meta']
[0.568s] Level 1:colcon.colcon_core.package_identification:_identify(src/gazebosim/gz_ros2_control/img) by extension 'colcon_meta'
[0.568s] Level 1:colcon.colcon_core.package_identification:_identify(src/gazebosim/gz_ros2_control/img) by extensions ['ros']
[0.568s] Level 1:colcon.colcon_core.package_identification:_identify(src/gazebosim/gz_ros2_control/img) by extension 'ros'
[0.568s] Level 1:colcon.colcon_core.package_identification:_identify(src/gazebosim/gz_ros2_control/img) by extensions ['cmake', 'python']
[0.568s] Level 1:colcon.colcon_core.package_identification:_identify(src/gazebosim/gz_ros2_control/img) by extension 'cmake'
[0.568s] Level 1:colcon.colcon_core.package_identification:_identify(src/gazebosim/gz_ros2_control/img) by extension 'python'
[0.568s] Level 1:colcon.colcon_core.package_identification:_identify(src/gazebosim/gz_ros2_control/img) by extensions ['python_setup_py']
[0.568s] Level 1:colcon.colcon_core.package_identification:_identify(src/gazebosim/gz_ros2_control/img) by extension 'python_setup_py'
[0.568s] Level 1:colcon.colcon_core.package_identification:_identify(src/husarion) by extensions ['ignore', 'ignore_ament_install']
[0.568s] Level 1:colcon.colcon_core.package_identification:_identify(src/husarion) by extension 'ignore'
[0.568s] Level 1:colcon.colcon_core.package_identification:_identify(src/husarion) by extension 'ignore_ament_install'
[0.568s] Level 1:colcon.colcon_core.package_identification:_identify(src/husarion) by extensions ['colcon_pkg']
[0.568s] Level 1:colcon.colcon_core.package_identification:_identify(src/husarion) by extension 'colcon_pkg'
[0.568s] Level 1:colcon.colcon_core.package_identification:_identify(src/husarion) by extensions ['colcon_meta']
[0.569s] Level 1:colcon.colcon_core.package_identification:_identify(src/husarion) by extension 'colcon_meta'
[0.569s] Level 1:colcon.colcon_core.package_identification:_identify(src/husarion) by extensions ['ros']
[0.569s] Level 1:colcon.colcon_core.package_identification:_identify(src/husarion) by extension 'ros'
[0.569s] Level 1:colcon.colcon_core.package_identification:_identify(src/husarion) by extensions ['cmake', 'python']
[0.569s] Level 1:colcon.colcon_core.package_identification:_identify(src/husarion) by extension 'cmake'
[0.569s] Level 1:colcon.colcon_core.package_identification:_identify(src/husarion) by extension 'python'
[0.569s] Level 1:colcon.colcon_core.package_identification:_identify(src/husarion) by extensions ['python_setup_py']
[0.569s] Level 1:colcon.colcon_core.package_identification:_identify(src/husarion) by extension 'python_setup_py'
[0.569s] Level 1:colcon.colcon_core.package_identification:_identify(src/husarion/gazebo_worlds) by extensions ['ignore', 'ignore_ament_install']
[0.569s] Level 1:colcon.colcon_core.package_identification:_identify(src/husarion/gazebo_worlds) by extension 'ignore'
[0.569s] Level 1:colcon.colcon_core.package_identification:_identify(src/husarion/gazebo_worlds) by extension 'ignore_ament_install'
[0.569s] Level 1:colcon.colcon_core.package_identification:_identify(src/husarion/gazebo_worlds) by extensions ['colcon_pkg']
[0.569s] Level 1:colcon.colcon_core.package_identification:_identify(src/husarion/gazebo_worlds) by extension 'colcon_pkg'
[0.569s] Level 1:colcon.colcon_core.package_identification:_identify(src/husarion/gazebo_worlds) by extensions ['colcon_meta']
[0.569s] Level 1:colcon.colcon_core.package_identification:_identify(src/husarion/gazebo_worlds) by extension 'colcon_meta'
[0.569s] Level 1:colcon.colcon_core.package_identification:_identify(src/husarion/gazebo_worlds) by extensions ['ros']
[0.569s] Level 1:colcon.colcon_core.package_identification:_identify(src/husarion/gazebo_worlds) by extension 'ros'
[0.569s] DEBUG:colcon.colcon_core.package_identification:Package 'src/husarion/gazebo_worlds' with type 'ros.ament_cmake' and name 'husarion_office_gz'
[0.569s] Level 1:colcon.colcon_core.package_identification:_identify(src/ros_components_description) by extensions ['ignore', 'ignore_ament_install']
[0.569s] Level 1:colcon.colcon_core.package_identification:_identify(src/ros_components_description) by extension 'ignore'
[0.569s] Level 1:colcon.colcon_core.package_identification:_identify(src/ros_components_description) by extension 'ignore_ament_install'
[0.569s] Level 1:colcon.colcon_core.package_identification:_identify(src/ros_components_description) by extensions ['colcon_pkg']
[0.569s] Level 1:colcon.colcon_core.package_identification:_identify(src/ros_components_description) by extension 'colcon_pkg'
[0.569s] Level 1:colcon.colcon_core.package_identification:_identify(src/ros_components_description) by extensions ['colcon_meta']
[0.569s] Level 1:colcon.colcon_core.package_identification:_identify(src/ros_components_description) by extension 'colcon_meta'
[0.569s] Level 1:colcon.colcon_core.package_identification:_identify(src/ros_components_description) by extensions ['ros']
[0.569s] Level 1:colcon.colcon_core.package_identification:_identify(src/ros_components_description) by extension 'ros'
[0.582s] DEBUG:colcon.colcon_core.package_identification:Package 'src/ros_components_description' with type 'ros.ament_cmake' and name 'ros_components_description'
[0.582s] Level 1:colcon.colcon_core.package_identification:_identify(src/rosbot_controllers) by extensions ['ignore', 'ignore_ament_install']
[0.582s] Level 1:colcon.colcon_core.package_identification:_identify(src/rosbot_controllers) by extension 'ignore'
[0.582s] Level 1:colcon.colcon_core.package_identification:_identify(src/rosbot_controllers) by extension 'ignore_ament_install'
[0.582s] Level 1:colcon.colcon_core.package_identification:_identify(src/rosbot_controllers) by extensions ['colcon_pkg']
[0.582s] Level 1:colcon.colcon_core.package_identification:_identify(src/rosbot_controllers) by extension 'colcon_pkg'
[0.582s] Level 1:colcon.colcon_core.package_identification:_identify(src/rosbot_controllers) by extensions ['colcon_meta']
[0.582s] Level 1:colcon.colcon_core.package_identification:_identify(src/rosbot_controllers) by extension 'colcon_meta'
[0.582s] Level 1:colcon.colcon_core.package_identification:_identify(src/rosbot_controllers) by extensions ['ros']
[0.582s] Level 1:colcon.colcon_core.package_identification:_identify(src/rosbot_controllers) by extension 'ros'
[0.582s] Level 1:colcon.colcon_core.package_identification:_identify(src/rosbot_controllers) by extensions ['cmake', 'python']
[0.582s] Level 1:colcon.colcon_core.package_identification:_identify(src/rosbot_controllers) by extension 'cmake'
[0.582s] Level 1:colcon.colcon_core.package_identification:_identify(src/rosbot_controllers) by extension 'python'
[0.582s] Level 1:colcon.colcon_core.package_identification:_identify(src/rosbot_controllers) by extensions ['python_setup_py']
[0.582s] Level 1:colcon.colcon_core.package_identification:_identify(src/rosbot_controllers) by extension 'python_setup_py'
[0.582s] Level 1:colcon.colcon_core.package_identification:_identify(src/rosbot_controllers/mecanum_drive_controller) by extensions ['ignore', 'ignore_ament_install']
[0.582s] Level 1:colcon.colcon_core.package_identification:_identify(src/rosbot_controllers/mecanum_drive_controller) by extension 'ignore'
[0.582s] Level 1:colcon.colcon_core.package_identification:_identify(src/rosbot_controllers/mecanum_drive_controller) by extension 'ignore_ament_install'
[0.582s] Level 1:colcon.colcon_core.package_identification:_identify(src/rosbot_controllers/mecanum_drive_controller) by extensions ['colcon_pkg']
[0.582s] Level 1:colcon.colcon_core.package_identification:_identify(src/rosbot_controllers/mecanum_drive_controller) by extension 'colcon_pkg'
[0.582s] Level 1:colcon.colcon_core.package_identification:_identify(src/rosbot_controllers/mecanum_drive_controller) by extensions ['colcon_meta']
[0.582s] Level 1:colcon.colcon_core.package_identification:_identify(src/rosbot_controllers/mecanum_drive_controller) by extension 'colcon_meta'
[0.582s] Level 1:colcon.colcon_core.package_identification:_identify(src/rosbot_controllers/mecanum_drive_controller) by extensions ['ros']
[0.582s] Level 1:colcon.colcon_core.package_identification:_identify(src/rosbot_controllers/mecanum_drive_controller) by extension 'ros'
[0.583s] DEBUG:colcon.colcon_core.package_identification:Package 'src/rosbot_controllers/mecanum_drive_controller' with type 'ros.ament_cmake' and name 'mecanum_drive_controller'
[0.583s] Level 1:colcon.colcon_core.package_identification:_identify(src/rosbot_hardware_interfaces) by extensions ['ignore', 'ignore_ament_install']
[0.583s] Level 1:colcon.colcon_core.package_identification:_identify(src/rosbot_hardware_interfaces) by extension 'ignore'
[0.583s] Level 1:colcon.colcon_core.package_identification:_identify(src/rosbot_hardware_interfaces) by extension 'ignore_ament_install'
[0.583s] Level 1:colcon.colcon_core.package_identification:_identify(src/rosbot_hardware_interfaces) by extensions ['colcon_pkg']
[0.583s] Level 1:colcon.colcon_core.package_identification:_identify(src/rosbot_hardware_interfaces) by extension 'colcon_pkg'
[0.583s] Level 1:colcon.colcon_core.package_identification:_identify(src/rosbot_hardware_interfaces) by extensions ['colcon_meta']
[0.583s] Level 1:colcon.colcon_core.package_identification:_identify(src/rosbot_hardware_interfaces) by extension 'colcon_meta'
[0.583s] Level 1:colcon.colcon_core.package_identification:_identify(src/rosbot_hardware_interfaces) by extensions ['ros']
[0.583s] Level 1:colcon.colcon_core.package_identification:_identify(src/rosbot_hardware_interfaces) by extension 'ros'
[0.584s] DEBUG:colcon.colcon_core.package_identification:Package 'src/rosbot_hardware_interfaces' with type 'ros.ament_cmake' and name 'rosbot_hardware_interfaces'
[0.584s] Level 1:colcon.colcon_core.package_identification:_identify(src/rosbot_xl_ros) by extensions ['ignore', 'ignore_ament_install']
[0.584s] Level 1:colcon.colcon_core.package_identification:_identify(src/rosbot_xl_ros) by extension 'ignore'
[0.584s] Level 1:colcon.colcon_core.package_identification:_identify(src/rosbot_xl_ros) by extension 'ignore_ament_install'
[0.584s] Level 1:colcon.colcon_core.package_identification:_identify(src/rosbot_xl_ros) by extensions ['colcon_pkg']
[0.584s] Level 1:colcon.colcon_core.package_identification:_identify(src/rosbot_xl_ros) by extension 'colcon_pkg'
[0.584s] Level 1:colcon.colcon_core.package_identification:_identify(src/rosbot_xl_ros) by extensions ['colcon_meta']
[0.584s] Level 1:colcon.colcon_core.package_identification:_identify(src/rosbot_xl_ros) by extension 'colcon_meta'
[0.584s] Level 1:colcon.colcon_core.package_identification:_identify(src/rosbot_xl_ros) by extensions ['ros']
[0.584s] Level 1:colcon.colcon_core.package_identification:_identify(src/rosbot_xl_ros) by extension 'ros'
[0.584s] Level 1:colcon.colcon_core.package_identification:_identify(src/rosbot_xl_ros) by extensions ['cmake', 'python']
[0.584s] Level 1:colcon.colcon_core.package_identification:_identify(src/rosbot_xl_ros) by extension 'cmake'
[0.584s] Level 1:colcon.colcon_core.package_identification:_identify(src/rosbot_xl_ros) by extension 'python'
[0.584s] Level 1:colcon.colcon_core.package_identification:_identify(src/rosbot_xl_ros) by extensions ['python_setup_py']
[0.584s] Level 1:colcon.colcon_core.package_identification:_identify(src/rosbot_xl_ros) by extension 'python_setup_py'
[0.584s] Level 1:colcon.colcon_core.package_identification:_identify(src/rosbot_xl_ros/rosbot_xl) by extensions ['ignore', 'ignore_ament_install']
[0.584s] Level 1:colcon.colcon_core.package_identification:_identify(src/rosbot_xl_ros/rosbot_xl) by extension 'ignore'
[0.584s] Level 1:colcon.colcon_core.package_identification:_identify(src/rosbot_xl_ros/rosbot_xl) by extension 'ignore_ament_install'
[0.584s] Level 1:colcon.colcon_core.package_identification:_identify(src/rosbot_xl_ros/rosbot_xl) by extensions ['colcon_pkg']
[0.584s] Level 1:colcon.colcon_core.package_identification:_identify(src/rosbot_xl_ros/rosbot_xl) by extension 'colcon_pkg'
[0.584s] Level 1:colcon.colcon_core.package_identification:_identify(src/rosbot_xl_ros/rosbot_xl) by extensions ['colcon_meta']
[0.584s] Level 1:colcon.colcon_core.package_identification:_identify(src/rosbot_xl_ros/rosbot_xl) by extension 'colcon_meta'
[0.584s] Level 1:colcon.colcon_core.package_identification:_identify(src/rosbot_xl_ros/rosbot_xl) by extensions ['ros']
[0.584s] Level 1:colcon.colcon_core.package_identification:_identify(src/rosbot_xl_ros/rosbot_xl) by extension 'ros'
[0.585s] DEBUG:colcon.colcon_core.package_identification:Package 'src/rosbot_xl_ros/rosbot_xl' with type 'ros.ament_cmake' and name 'rosbot_xl'
[0.585s] Level 1:colcon.colcon_core.package_identification:_identify(src/rosbot_xl_ros/rosbot_xl_bringup) by extensions ['ignore', 'ignore_ament_install']
[0.585s] Level 1:colcon.colcon_core.package_identification:_identify(src/rosbot_xl_ros/rosbot_xl_bringup) by extension 'ignore'
[0.585s] Level 1:colcon.colcon_core.package_identification:_identify(src/rosbot_xl_ros/rosbot_xl_bringup) by extension 'ignore_ament_install'
[0.585s] Level 1:colcon.colcon_core.package_identification:_identify(src/rosbot_xl_ros/rosbot_xl_bringup) by extensions ['colcon_pkg']
[0.585s] Level 1:colcon.colcon_core.package_identification:_identify(src/rosbot_xl_ros/rosbot_xl_bringup) by extension 'colcon_pkg'
[0.585s] Level 1:colcon.colcon_core.package_identification:_identify(src/rosbot_xl_ros/rosbot_xl_bringup) by extensions ['colcon_meta']
[0.585s] Level 1:colcon.colcon_core.package_identification:_identify(src/rosbot_xl_ros/rosbot_xl_bringup) by extension 'colcon_meta'
[0.585s] Level 1:colcon.colcon_core.package_identification:_identify(src/rosbot_xl_ros/rosbot_xl_bringup) by extensions ['ros']
[0.585s] Level 1:colcon.colcon_core.package_identification:_identify(src/rosbot_xl_ros/rosbot_xl_bringup) by extension 'ros'
[0.585s] DEBUG:colcon.colcon_core.package_identification:Package 'src/rosbot_xl_ros/rosbot_xl_bringup' with type 'ros.ament_cmake' and name 'rosbot_xl_bringup'
[0.585s] Level 1:colcon.colcon_core.package_identification:_identify(src/rosbot_xl_ros/rosbot_xl_controller) by extensions ['ignore', 'ignore_ament_install']
[0.586s] Level 1:colcon.colcon_core.package_identification:_identify(src/rosbot_xl_ros/rosbot_xl_controller) by extension 'ignore'
[0.586s] Level 1:colcon.colcon_core.package_identification:_identify(src/rosbot_xl_ros/rosbot_xl_controller) by extension 'ignore_ament_install'
[0.586s] Level 1:colcon.colcon_core.package_identification:_identify(src/rosbot_xl_ros/rosbot_xl_controller) by extensions ['colcon_pkg']
[0.586s] Level 1:colcon.colcon_core.package_identification:_identify(src/rosbot_xl_ros/rosbot_xl_controller) by extension 'colcon_pkg'
[0.586s] Level 1:colcon.colcon_core.package_identification:_identify(src/rosbot_xl_ros/rosbot_xl_controller) by extensions ['colcon_meta']
[0.586s] Level 1:colcon.colcon_core.package_identification:_identify(src/rosbot_xl_ros/rosbot_xl_controller) by extension 'colcon_meta'
[0.586s] Level 1:colcon.colcon_core.package_identification:_identify(src/rosbot_xl_ros/rosbot_xl_controller) by extensions ['ros']
[0.586s] Level 1:colcon.colcon_core.package_identification:_identify(src/rosbot_xl_ros/rosbot_xl_controller) by extension 'ros'
[0.586s] DEBUG:colcon.colcon_core.package_identification:Package 'src/rosbot_xl_ros/rosbot_xl_controller' with type 'ros.ament_cmake' and name 'rosbot_xl_controller'
[0.586s] Level 1:colcon.colcon_core.package_identification:_identify(src/rosbot_xl_ros/rosbot_xl_description) by extensions ['ignore', 'ignore_ament_install']
[0.586s] Level 1:colcon.colcon_core.package_identification:_identify(src/rosbot_xl_ros/rosbot_xl_description) by extension 'ignore'
[0.586s] Level 1:colcon.colcon_core.package_identification:_identify(src/rosbot_xl_ros/rosbot_xl_description) by extension 'ignore_ament_install'
[0.586s] Level 1:colcon.colcon_core.package_identification:_identify(src/rosbot_xl_ros/rosbot_xl_description) by extensions ['colcon_pkg']
[0.586s] Level 1:colcon.colcon_core.package_identification:_identify(src/rosbot_xl_ros/rosbot_xl_description) by extension 'colcon_pkg'
[0.586s] Level 1:colcon.colcon_core.package_identification:_identify(src/rosbot_xl_ros/rosbot_xl_description) by extensions ['colcon_meta']
[0.586s] Level 1:colcon.colcon_core.package_identification:_identify(src/rosbot_xl_ros/rosbot_xl_description) by extension 'colcon_meta'
[0.586s] Level 1:colcon.colcon_core.package_identification:_identify(src/rosbot_xl_ros/rosbot_xl_description) by extensions ['ros']
[0.586s] Level 1:colcon.colcon_core.package_identification:_identify(src/rosbot_xl_ros/rosbot_xl_description) by extension 'ros'
[0.586s] DEBUG:colcon.colcon_core.package_identification:Package 'src/rosbot_xl_ros/rosbot_xl_description' with type 'ros.ament_cmake' and name 'rosbot_xl_description'
[0.586s] Level 1:colcon.colcon_core.package_identification:_identify(src/rosbot_xl_ros/rosbot_xl_gazebo) by extensions ['ignore', 'ignore_ament_install']
[0.586s] Level 1:colcon.colcon_core.package_identification:_identify(src/rosbot_xl_ros/rosbot_xl_gazebo) by extension 'ignore'
[0.587s] Level 1:colcon.colcon_core.package_identification:_identify(src/rosbot_xl_ros/rosbot_xl_gazebo) by extension 'ignore_ament_install'
[0.587s] Level 1:colcon.colcon_core.package_identification:_identify(src/rosbot_xl_ros/rosbot_xl_gazebo) by extensions ['colcon_pkg']
[0.587s] Level 1:colcon.colcon_core.package_identification:_identify(src/rosbot_xl_ros/rosbot_xl_gazebo) by extension 'colcon_pkg'
[0.587s] Level 1:colcon.colcon_core.package_identification:_identify(src/rosbot_xl_ros/rosbot_xl_gazebo) by extensions ['colcon_meta']
[0.587s] Level 1:colcon.colcon_core.package_identification:_identify(src/rosbot_xl_ros/rosbot_xl_gazebo) by extension 'colcon_meta'
[0.587s] Level 1:colcon.colcon_core.package_identification:_identify(src/rosbot_xl_ros/rosbot_xl_gazebo) by extensions ['ros']
[0.587s] Level 1:colcon.colcon_core.package_identification:_identify(src/rosbot_xl_ros/rosbot_xl_gazebo) by extension 'ros'
[0.587s] DEBUG:colcon.colcon_core.package_identification:Package 'src/rosbot_xl_ros/rosbot_xl_gazebo' with type 'ros.ament_cmake' and name 'rosbot_xl_gazebo'
[0.587s] Level 1:colcon.colcon_core.package_identification:_identify(src/uav_single_gazebo) by extensions ['ignore', 'ignore_ament_install']
[0.587s] Level 1:colcon.colcon_core.package_identification:_identify(src/uav_single_gazebo) by extension 'ignore'
[0.587s] Level 1:colcon.colcon_core.package_identification:_identify(src/uav_single_gazebo) by extension 'ignore_ament_install'
[0.587s] Level 1:colcon.colcon_core.package_identification:_identify(src/uav_single_gazebo) by extensions ['colcon_pkg']
[0.587s] Level 1:colcon.colcon_core.package_identification:_identify(src/uav_single_gazebo) by extension 'colcon_pkg'
[0.587s] Level 1:colcon.colcon_core.package_identification:_identify(src/uav_single_gazebo) by extensions ['colcon_meta']
[0.587s] Level 1:colcon.colcon_core.package_identification:_identify(src/uav_single_gazebo) by extension 'colcon_meta'
[0.587s] Level 1:colcon.colcon_core.package_identification:_identify(src/uav_single_gazebo) by extensions ['ros']
[0.587s] Level 1:colcon.colcon_core.package_identification:_identify(src/uav_single_gazebo) by extension 'ros'
[0.587s] DEBUG:colcon.colcon_core.package_identification:Package 'src/uav_single_gazebo' with type 'ros.ament_cmake' and name 'uav_single_gazebo'
[0.587s] Level 1:colcon.colcon_core.package_discovery:discover_packages(recursive) using defaults
[0.587s] Level 1:colcon.colcon_core.package_discovery:discover_packages(ignore) discover
[0.587s] Level 1:colcon.colcon_core.package_discovery:discover_packages(ignore) using defaults
[0.587s] Level 1:colcon.colcon_core.package_discovery:discover_packages(path) discover
[0.587s] Level 1:colcon.colcon_core.package_discovery:discover_packages(path) using defaults
[0.594s] WARNING:colcon.colcon_core.package_selection:ignoring unknown package 'husariom' in --packages-select
[0.617s] INFO:colcon.colcon_core.package_selection:Skipping not selected package 'husarion_office_gz' in 'src/husarion/gazebo_worlds'
[0.617s] INFO:colcon.colcon_core.package_selection:Skipping not selected package 'ign_ros2_control' in 'src/gazebosim/gz_ros2_control/ign_ros2_control'
[0.617s] INFO:colcon.colcon_core.package_selection:Skipping not selected package 'mecanum_drive_controller' in 'src/rosbot_controllers/mecanum_drive_controller'
[0.617s] INFO:colcon.colcon_core.package_selection:Skipping not selected package 'ros_components_description' in 'src/ros_components_description'
[0.617s] INFO:colcon.colcon_core.package_selection:Skipping not selected package 'rosbot_hardware_interfaces' in 'src/rosbot_hardware_interfaces'
[0.617s] INFO:colcon.colcon_core.package_selection:Skipping not selected package 'uav_single_gazebo' in 'src/uav_single_gazebo'
[0.617s] INFO:colcon.colcon_core.package_selection:Skipping not selected package 'ign_ros2_control_demos' in 'src/gazebosim/gz_ros2_control/ign_ros2_control_demos'
[0.617s] INFO:colcon.colcon_core.package_selection:Skipping not selected package 'rosbot_xl_description' in 'src/rosbot_xl_ros/rosbot_xl_description'
[0.617s] INFO:colcon.colcon_core.package_selection:Skipping not selected package 'rosbot_xl_controller' in 'src/rosbot_xl_ros/rosbot_xl_controller'
[0.617s] INFO:colcon.colcon_core.package_selection:Skipping not selected package 'rosbot_xl_bringup' in 'src/rosbot_xl_ros/rosbot_xl_bringup'
[0.617s] INFO:colcon.colcon_core.package_selection:Skipping not selected package 'rosbot_xl_gazebo' in 'src/rosbot_xl_ros/rosbot_xl_gazebo'
[0.617s] INFO:colcon.colcon_core.package_selection:Skipping not selected package 'rosbot_xl' in 'src/rosbot_xl_ros/rosbot_xl'
[0.622s] INFO:colcon.colcon_core.executor:Executing jobs using 'parallel' executor
[0.628s] DEBUG:colcon.colcon_parallel_executor.executor.parallel:run_until_complete
[0.629s] DEBUG:colcon.colcon_parallel_executor.executor.parallel:closing loop
[0.629s] DEBUG:colcon.colcon_parallel_executor.executor.parallel:loop closed
[0.629s] DEBUG:colcon.colcon_parallel_executor.executor.parallel:run_until_complete finished with '0'
[0.629s] DEBUG:colcon.colcon_core.event_reactor:joining thread
[0.637s] INFO:colcon.colcon_core.plugin_system:Skipping extension 'colcon_notification.desktop_notification.notify_send': Could not find 'notify-send'
[0.637s] INFO:colcon.colcon_core.plugin_system:Skipping extension 'colcon_notification.desktop_notification.terminal_notifier': Not used on non-Darwin systems
[0.638s] INFO:colcon.colcon_core.plugin_system:Skipping extension 'colcon_notification.desktop_notification.win32': Not used on non-Windows systems
[0.638s] INFO:colcon.colcon_notification.desktop_notification:Sending desktop notification using 'notify2'
[0.639s] DEBUG:colcon.colcon_notification.desktop_notification.notify2:Failed to initialize notify2: org.freedesktop.DBus.Error.Spawn.ExecFailed: /usr/bin/dbus-launch terminated abnormally without any error message
[0.639s] DEBUG:colcon.colcon_core.event_reactor:joined thread
[0.661s] INFO:colcon.colcon_core.plugin_system:Skipping extension 'colcon_core.shell.bat': Not used on non-Windows systems
[0.661s] INFO:colcon.colcon_core.shell:Creating prefix script '/home/nuctella/ros2_ws/ws/install/local_setup.ps1'
[0.661s] INFO:colcon.colcon_core.shell:Creating prefix util module '/home/nuctella/ros2_ws/ws/install/_local_setup_util_ps1.py'
[0.662s] INFO:colcon.colcon_core.shell:Creating prefix chain script '/home/nuctella/ros2_ws/ws/install/setup.ps1'
[0.669s] INFO:colcon.colcon_core.shell:Creating prefix script '/home/nuctella/ros2_ws/ws/install/local_setup.sh'
[0.669s] INFO:colcon.colcon_core.shell:Creating prefix util module '/home/nuctella/ros2_ws/ws/install/_local_setup_util_sh.py'
[0.669s] INFO:colcon.colcon_core.shell:Creating prefix chain script '/home/nuctella/ros2_ws/ws/install/setup.sh'
[0.676s] INFO:colcon.colcon_core.shell:Creating prefix script '/home/nuctella/ros2_ws/ws/install/local_setup.bash'
[0.676s] INFO:colcon.colcon_core.shell:Creating prefix chain script '/home/nuctella/ros2_ws/ws/install/setup.bash'
[0.682s] INFO:colcon.colcon_core.shell:Creating prefix script '/home/nuctella/ros2_ws/ws/install/local_setup.zsh'
[0.682s] INFO:colcon.colcon_core.shell:Creating prefix chain script '/home/nuctella/ros2_ws/ws/install/setup.zsh'
