[0.156s] Invoking command in '/home/nuctella/ros2_ws/ws/build/rosbot_xl_description': CMAKE_PREFIX_PATH=/home/nuctella/ros2_ws/ws/install/ros_components_description:/home/nuctella/my_ros2_ws/install/rosbot_interfaces:/home/nuctella/my_ros2_ws/install/core:/home/nuctella/ros2_ws/ws/install/rosbot_xl:/home/nuctella/ros2_ws/ws/install/rosbot_xl_gazebo:/home/nuctella/ros2_ws/ws/install/rosbot_xl_bringup:/home/nuctella/ros2_ws/ws/install/rosbot_xl_controller:/home/nuctella/ros2_ws/ws/install/rosbot_xl_description:/home/nuctella/ros2_ws/ws/install/rosbot_hardware_interfaces:/home/nuctella/ros2_ws/ws/install/mecanum_drive_controller:/home/nuctella/ros2_ws/ws/install/ign_ros2_control_demos:/home/nuctella/ros2_ws/ws/install/ign_ros2_control:/home/nuctella/ros2_ws/ws/install/husarion_office_gz:/home/nuctella/ros2_ws/deps/install/sllidar_ros2:/home/nuctella/ros2_ws/deps/install/micro_ros_setup:/home/nuctella/ros2_ws/deps/install/micro_ros_agent:/home/nuctella/ros2_ws/deps/install/micro_ros_msgs:/home/nuctella/my_ros2_ws/install/rosbot_object_recognition:/opt/ros/humble /usr/bin/cmake --build /home/nuctella/ros2_ws/ws/build/rosbot_xl_description -- -j20 -l20
[0.292s] Invoked command in '/home/nuctella/ros2_ws/ws/build/rosbot_xl_description' returned '0': CMAKE_PREFIX_PATH=/home/nuctella/ros2_ws/ws/install/ros_components_description:/home/nuctella/my_ros2_ws/install/rosbot_interfaces:/home/nuctella/my_ros2_ws/install/core:/home/nuctella/ros2_ws/ws/install/rosbot_xl:/home/nuctella/ros2_ws/ws/install/rosbot_xl_gazebo:/home/nuctella/ros2_ws/ws/install/rosbot_xl_bringup:/home/nuctella/ros2_ws/ws/install/rosbot_xl_controller:/home/nuctella/ros2_ws/ws/install/rosbot_xl_description:/home/nuctella/ros2_ws/ws/install/rosbot_hardware_interfaces:/home/nuctella/ros2_ws/ws/install/mecanum_drive_controller:/home/nuctella/ros2_ws/ws/install/ign_ros2_control_demos:/home/nuctella/ros2_ws/ws/install/ign_ros2_control:/home/nuctella/ros2_ws/ws/install/husarion_office_gz:/home/nuctella/ros2_ws/deps/install/sllidar_ros2:/home/nuctella/ros2_ws/deps/install/micro_ros_setup:/home/nuctella/ros2_ws/deps/install/micro_ros_agent:/home/nuctella/ros2_ws/deps/install/micro_ros_msgs:/home/nuctella/my_ros2_ws/install/rosbot_object_recognition:/opt/ros/humble /usr/bin/cmake --build /home/nuctella/ros2_ws/ws/build/rosbot_xl_description -- -j20 -l20
[0.305s] Invoking command in '/home/nuctella/ros2_ws/ws/build/rosbot_xl_description': CMAKE_PREFIX_PATH=/home/nuctella/ros2_ws/ws/install/ros_components_description:/home/nuctella/my_ros2_ws/install/rosbot_interfaces:/home/nuctella/my_ros2_ws/install/core:/home/nuctella/ros2_ws/ws/install/rosbot_xl:/home/nuctella/ros2_ws/ws/install/rosbot_xl_gazebo:/home/nuctella/ros2_ws/ws/install/rosbot_xl_bringup:/home/nuctella/ros2_ws/ws/install/rosbot_xl_controller:/home/nuctella/ros2_ws/ws/install/rosbot_xl_description:/home/nuctella/ros2_ws/ws/install/rosbot_hardware_interfaces:/home/nuctella/ros2_ws/ws/install/mecanum_drive_controller:/home/nuctella/ros2_ws/ws/install/ign_ros2_control_demos:/home/nuctella/ros2_ws/ws/install/ign_ros2_control:/home/nuctella/ros2_ws/ws/install/husarion_office_gz:/home/nuctella/ros2_ws/deps/install/sllidar_ros2:/home/nuctella/ros2_ws/deps/install/micro_ros_setup:/home/nuctella/ros2_ws/deps/install/micro_ros_agent:/home/nuctella/ros2_ws/deps/install/micro_ros_msgs:/home/nuctella/my_ros2_ws/install/rosbot_object_recognition:/opt/ros/humble /usr/bin/cmake --install /home/nuctella/ros2_ws/ws/build/rosbot_xl_description
[0.309s] -- Install configuration: ""
[0.309s] -- Up-to-date: /home/nuctella/ros2_ws/ws/install/rosbot_xl_description/share/rosbot_xl_description/meshes
[0.309s] -- Up-to-date: /home/nuctella/ros2_ws/ws/install/rosbot_xl_description/share/rosbot_xl_description/meshes/wheel_b.dae
[0.309s] -- Up-to-date: /home/nuctella/ros2_ws/ws/install/rosbot_xl_description/share/rosbot_xl_description/meshes/mecanum_b.dae
[0.309s] -- Up-to-date: /home/nuctella/ros2_ws/ws/install/rosbot_xl_description/share/rosbot_xl_description/meshes/mecanum_a.dae
[0.309s] -- Up-to-date: /home/nuctella/ros2_ws/ws/install/rosbot_xl_description/share/rosbot_xl_description/meshes/body.dae
[0.309s] -- Up-to-date: /home/nuctella/ros2_ws/ws/install/rosbot_xl_description/share/rosbot_xl_description/meshes/body_colision.stl
[0.309s] -- Up-to-date: /home/nuctella/ros2_ws/ws/install/rosbot_xl_description/share/rosbot_xl_description/meshes/components
[0.309s] -- Up-to-date: /home/nuctella/ros2_ws/ws/install/rosbot_xl_description/share/rosbot_xl_description/meshes/components/camera_mount_top.dae
[0.309s] -- Up-to-date: /home/nuctella/ros2_ws/ws/install/rosbot_xl_description/share/rosbot_xl_description/meshes/components/antenna_connector.dae
[0.310s] -- Up-to-date: /home/nuctella/ros2_ws/ws/install/rosbot_xl_description/share/rosbot_xl_description/meshes/components/camera_mount_bot.dae
[0.310s] -- Up-to-date: /home/nuctella/ros2_ws/ws/install/rosbot_xl_description/share/rosbot_xl_description/meshes/components/camera_mount_mid.dae
[0.310s] -- Up-to-date: /home/nuctella/ros2_ws/ws/install/rosbot_xl_description/share/rosbot_xl_description/meshes/components/antenna.dae
[0.310s] -- Up-to-date: /home/nuctella/ros2_ws/ws/install/rosbot_xl_description/share/rosbot_xl_description/meshes/wheel_a.dae
[0.310s] -- Up-to-date: /home/nuctella/ros2_ws/ws/install/rosbot_xl_description/share/rosbot_xl_description/urdf
[0.310s] -- Up-to-date: /home/nuctella/ros2_ws/ws/install/rosbot_xl_description/share/rosbot_xl_description/urdf/rosbot_xl.urdf.xacro
[0.310s] -- Up-to-date: /home/nuctella/ros2_ws/ws/install/rosbot_xl_description/share/rosbot_xl_description/urdf/rosbot_xl_macro.urdf.xacro
[0.310s] -- Up-to-date: /home/nuctella/ros2_ws/ws/install/rosbot_xl_description/share/rosbot_xl_description/urdf/body.urdf.xacro
[0.310s] -- Up-to-date: /home/nuctella/ros2_ws/ws/install/rosbot_xl_description/share/rosbot_xl_description/urdf/wheel.urdf.xacro
[0.310s] -- Up-to-date: /home/nuctella/ros2_ws/ws/install/rosbot_xl_description/share/rosbot_xl_description/urdf/components
[0.311s] -- Up-to-date: /home/nuctella/ros2_ws/ws/install/rosbot_xl_description/share/rosbot_xl_description/urdf/components/antenna.urdf.xacro
[0.311s] -- Up-to-date: /home/nuctella/ros2_ws/ws/install/rosbot_xl_description/share/rosbot_xl_description/urdf/components/camera_mount.urdf.xacro
[0.311s] -- Up-to-date: /home/nuctella/ros2_ws/ws/install/rosbot_xl_description/share/ament_index/resource_index/package_run_dependencies/rosbot_xl_description
[0.311s] -- Up-to-date: /home/nuctella/ros2_ws/ws/install/rosbot_xl_description/share/ament_index/resource_index/parent_prefix_path/rosbot_xl_description
[0.311s] -- Up-to-date: /home/nuctella/ros2_ws/ws/install/rosbot_xl_description/share/rosbot_xl_description/environment/ament_prefix_path.sh
[0.311s] -- Up-to-date: /home/nuctella/ros2_ws/ws/install/rosbot_xl_description/share/rosbot_xl_description/environment/ament_prefix_path.dsv
[0.311s] -- Up-to-date: /home/nuctella/ros2_ws/ws/install/rosbot_xl_description/share/rosbot_xl_description/environment/path.sh
[0.312s] -- Up-to-date: /home/nuctella/ros2_ws/ws/install/rosbot_xl_description/share/rosbot_xl_description/environment/path.dsv
[0.312s] -- Up-to-date: /home/nuctella/ros2_ws/ws/install/rosbot_xl_description/share/rosbot_xl_description/local_setup.bash
[0.312s] -- Up-to-date: /home/nuctella/ros2_ws/ws/install/rosbot_xl_description/share/rosbot_xl_description/local_setup.sh
[0.312s] -- Up-to-date: /home/nuctella/ros2_ws/ws/install/rosbot_xl_description/share/rosbot_xl_description/local_setup.zsh
[0.312s] -- Up-to-date: /home/nuctella/ros2_ws/ws/install/rosbot_xl_description/share/rosbot_xl_description/local_setup.dsv
[0.312s] -- Installing: /home/nuctella/ros2_ws/ws/install/rosbot_xl_description/share/rosbot_xl_description/package.dsv
[0.312s] -- Up-to-date: /home/nuctella/ros2_ws/ws/install/rosbot_xl_description/share/ament_index/resource_index/packages/rosbot_xl_description
[0.312s] -- Up-to-date: /home/nuctella/ros2_ws/ws/install/rosbot_xl_description/share/rosbot_xl_description/cmake/rosbot_xl_descriptionConfig.cmake
[0.312s] -- Up-to-date: /home/nuctella/ros2_ws/ws/install/rosbot_xl_description/share/rosbot_xl_description/cmake/rosbot_xl_descriptionConfig-version.cmake
[0.313s] -- Up-to-date: /home/nuctella/ros2_ws/ws/install/rosbot_xl_description/share/rosbot_xl_description/package.xml
[0.313s] Invoked command in '/home/nuctella/ros2_ws/ws/build/rosbot_xl_description' returned '0': CMAKE_PREFIX_PATH=/home/nuctella/ros2_ws/ws/install/ros_components_description:/home/nuctella/my_ros2_ws/install/rosbot_interfaces:/home/nuctella/my_ros2_ws/install/core:/home/nuctella/ros2_ws/ws/install/rosbot_xl:/home/nuctella/ros2_ws/ws/install/rosbot_xl_gazebo:/home/nuctella/ros2_ws/ws/install/rosbot_xl_bringup:/home/nuctella/ros2_ws/ws/install/rosbot_xl_controller:/home/nuctella/ros2_ws/ws/install/rosbot_xl_description:/home/nuctella/ros2_ws/ws/install/rosbot_hardware_interfaces:/home/nuctella/ros2_ws/ws/install/mecanum_drive_controller:/home/nuctella/ros2_ws/ws/install/ign_ros2_control_demos:/home/nuctella/ros2_ws/ws/install/ign_ros2_control:/home/nuctella/ros2_ws/ws/install/husarion_office_gz:/home/nuctella/ros2_ws/deps/install/sllidar_ros2:/home/nuctella/ros2_ws/deps/install/micro_ros_setup:/home/nuctella/ros2_ws/deps/install/micro_ros_agent:/home/nuctella/ros2_ws/deps/install/micro_ros_msgs:/home/nuctella/my_ros2_ws/install/rosbot_object_recognition:/opt/ros/humble /usr/bin/cmake --install /home/nuctella/ros2_ws/ws/build/rosbot_xl_description
