[0.012s] Invoking command in '/home/nuctella/ros2_ws/ws/build/ign_ros2_control': CMAKE_PREFIX_PATH=${CMAKE_PREFIX_PATH}:/home/nuctella/my_ros2_ws/install/rosbot_object_recognition:/opt/ros/humble /usr/bin/cmake /home/nuctella/ros2_ws/ws/src/gazebosim/gz_ros2_control/ign_ros2_control -DAMENT_CMAKE_SYMLINK_INSTALL=1 -DCMAKE_INSTALL_PREFIX=/home/nuctella/ros2_ws/ws/install/ign_ros2_control
[0.094s] -- The C compiler identification is GNU 11.4.0
[0.152s] -- The CXX compiler identification is GNU 11.4.0
[0.158s] -- Detecting C compiler ABI info
[0.202s] -- Detecting C compiler ABI info - done
[0.206s] -- Check for working C compiler: /usr/bin/cc - skipped
[0.207s] -- Detecting C compile features
[0.207s] -- Detecting C compile features - done
[0.210s] -- Detecting CXX compiler ABI info
[0.258s] -- Detecting CXX compiler ABI info - done
[0.263s] -- Check for working CXX compiler: /usr/bin/c++ - skipped
[0.263s] -- Detecting CXX compile features
[0.264s] -- Detecting CXX compile features - done
[0.272s] -- Found ament_cmake: 1.3.5 (/opt/ros/humble/share/ament_cmake/cmake)
[0.526s] -- Found Python3: /usr/bin/python3.10 (found version "3.10.12") found components: Interpreter 
[0.579s] -- Override CMake install command with custom implementation using symlinks instead of copying resources
[0.624s] -- Found ament_index_cpp: 1.4.0 (/opt/ros/humble/share/ament_index_cpp/cmake)
[0.627s] -- Found controller_manager: 2.30.0 (/opt/ros/humble/share/controller_manager/cmake)
[0.679s] -- Found rosidl_generator_c: 3.1.5 (/opt/ros/humble/share/rosidl_generator_c/cmake)
[0.685s] -- Found rosidl_adapter: 3.1.5 (/opt/ros/humble/share/rosidl_adapter/cmake)
[0.697s] -- Found rosidl_generator_cpp: 3.1.5 (/opt/ros/humble/share/rosidl_generator_cpp/cmake)
[0.719s] -- Using all available rosidl_typesupport_c: rosidl_typesupport_fastrtps_c;rosidl_typesupport_introspection_c
[0.735s] -- Using all available rosidl_typesupport_cpp: rosidl_typesupport_fastrtps_cpp;rosidl_typesupport_introspection_cpp
[1.229s] -- Found rmw_implementation_cmake: 6.1.1 (/opt/ros/humble/share/rmw_implementation_cmake/cmake)
[1.231s] -- Found rmw_fastrtps_cpp: 6.2.3 (/opt/ros/humble/share/rmw_fastrtps_cpp/cmake)
[1.302s] -- Found OpenSSL: /usr/lib/x86_64-linux-gnu/libcrypto.so (found version "3.0.2")  
[1.324s] -- Found FastRTPS: /opt/ros/humble/include  
[1.369s] -- Using RMW implementation 'rmw_fastrtps_cpp' as default
[1.381s] -- Looking for pthread.h
[1.424s] -- Looking for pthread.h - found
[1.424s] -- Performing Test CMAKE_HAVE_LIBC_PTHREAD
[1.470s] -- Performing Test CMAKE_HAVE_LIBC_PTHREAD - Success
[1.471s] -- Found Threads: TRUE  
[1.886s] -- Found yaml_cpp_vendor: 8.0.2 (/opt/ros/humble/share/yaml_cpp_vendor/cmake)
[1.894s] -- Looking for ignition-gazebo6 -- found version 6.11.0
[1.903s] -- Searching for dependencies of ignition-gazebo6
[1.905s] -- Looking for sdformat12 -- found version 12.5.0
[1.906s] -- Searching for dependencies of sdformat12
[1.909s] -- Checking for module 'tinyxml2'
[1.916s] --   Found tinyxml2, version 9.0.0
[1.936s] -- Looking for ignition-math6 -- found version 6.12.0
[1.937s] -- Searching for dependencies of ignition-math6
[1.941s] -- Looking for ignition-utils1 -- found version 1.4.0
[1.941s] -- Searching for dependencies of ignition-utils1
[1.945s] -- Looking for ignition-plugin1 -- found version 1.3.0
[1.945s] -- Searching for dependencies of ignition-plugin1
[1.946s] -- Searching for <ignition-plugin1> component [loader]
[1.948s] -- Looking for ignition-plugin1-loader -- found version 1.3.0
[1.948s] -- Searching for dependencies of ignition-plugin1-loader
[1.949s] -- Searching for <ignition-plugin1> component [register]
[1.952s] -- Looking for ignition-plugin1-register -- found version 1.3.0
[1.952s] -- Searching for dependencies of ignition-plugin1-register
[1.955s] -- Looking for ignition-transport11 -- found version 11.2.0
[1.955s] -- Searching for dependencies of ignition-transport11
[1.981s] -- Found Protobuf: /usr/lib/x86_64-linux-gnu/libprotobuf.so (found suitable version "3.12.4", minimum required is "3") 
[1.992s] -- Config-file not installed for ZeroMQ -- checking for pkg-config
[1.996s] -- Checking for module 'libzmq >= 4'
[2.005s] --   Found libzmq , version 4.3.4
[2.026s] -- Found ZeroMQ: TRUE (Required is at least version "4") 
[2.030s] -- Checking for module 'uuid'
[2.038s] --   Found uuid, version 2.37.2
[2.056s] -- Found UUID: TRUE  
[2.056s] -- Looking for ignition-utils1 -- found version 1.4.0
[2.056s] -- Searching for dependencies of ignition-utils1
[2.056s] -- Searching for <ignition-utils1> component [cli]
[2.059s] -- Looking for ignition-utils1-cli -- found version 1.4.0
[2.059s] -- Searching for dependencies of ignition-utils1-cli
[2.062s] -- Looking for ignition-msgs8 -- found version 8.6.0
[2.063s] -- Searching for dependencies of ignition-msgs8
[2.082s] -- Looking for ignition-math6 -- found version 6.12.0
[2.088s] -- Searching for <ignition-transport11> component [log]
[2.091s] -- Looking for ignition-transport11-log -- found version 11.2.0
[2.092s] -- Searching for dependencies of ignition-transport11-log
[2.093s] -- Looking for ignition-msgs8 -- found version 8.6.0
[2.097s] -- Looking for ignition-common4 -- found version 4.5.2
[2.097s] -- Searching for dependencies of ignition-common4
[2.098s] -- Looking for dlfcn.h - found
[2.099s] -- Looking for libdl - found
[2.100s] -- Found DL: TRUE  
[2.108s] -- Searching for <ignition-common4> component [profiler]
[2.111s] -- Looking for ignition-common4-profiler -- found version 4.5.2
[2.112s] -- Searching for dependencies of ignition-common4-profiler
[2.112s] -- Searching for <ignition-common4> component [events]
[2.116s] -- Looking for ignition-common4-events -- found version 4.5.2
[2.116s] -- Searching for dependencies of ignition-common4-events
[2.116s] -- Looking for ignition-math6 -- found version 6.12.0
[2.117s] -- Searching for <ignition-common4> component [av]
[2.120s] -- Looking for ignition-common4-av -- found version 4.5.2
[2.120s] -- Searching for dependencies of ignition-common4-av
[2.124s] -- Checking for module 'libswscale'
[2.132s] --   Found libswscale, version 5.9.100
[2.155s] -- Found SWSCALE: TRUE  
[2.159s] -- Checking for module 'libavdevice >= 56.4.100'
[2.169s] --   Found libavdevice , version 58.13.100
[2.193s] -- Found AVDEVICE: TRUE (Required is at least version "56.4.100") 
[2.196s] -- Checking for module 'libavformat'
[2.205s] --   Found libavformat, version 58.76.100
[2.227s] -- Found AVFORMAT: TRUE  
[2.232s] -- Checking for module 'libavcodec'
[2.241s] --   Found libavcodec, version 58.134.100
[2.263s] -- Found AVCODEC: TRUE  
[2.267s] -- Checking for module 'libavutil'
[2.276s] --   Found libavutil, version 56.70.100
[2.299s] -- Found AVUTIL: TRUE  
[2.302s] -- Looking for ignition-fuel_tools7 -- found version 7.1.0
[2.303s] -- Searching for dependencies of ignition-fuel_tools7
[2.370s] -- Found CURL: /usr/lib/x86_64-linux-gnu/libcurl.so (found version "7.81.0")  
[2.381s] -- Checking for module 'jsoncpp'
[2.390s] --   Found jsoncpp, version 1.9.5
[2.412s] -- Found JSONCPP: TRUE  
[2.417s] -- Checking for module 'libzip'
[2.425s] --   Found libzip, version 1.7.3
[2.446s] -- Found ZIP: TRUE  
[2.447s] -- Looking for ignition-common4 -- found version 4.5.2
[2.447s] -- Looking for ignition-math6 -- found version 6.12.0
[2.447s] -- Looking for ignition-msgs8 -- found version 8.6.0
[2.451s] -- Looking for ignition-gui6 -- found version 6.6.1
[2.452s] -- Searching for dependencies of ignition-gui6
[2.476s] -- Looking for ignition-math6 -- found version 6.12.0
[2.476s] -- Looking for ignition-common4 -- found version 4.5.2
[2.476s] -- Looking for ignition-plugin1 -- found version 1.3.0
[2.477s] -- Looking for ignition-transport11 -- found version 11.2.0
[2.481s] -- Looking for ignition-rendering6 -- found version 6.5.1
[2.482s] -- Searching for dependencies of ignition-rendering6
[2.482s] -- Looking for ignition-math6 -- found version 6.12.0
[2.482s] -- Searching for dependencies of ignition-math6
[2.483s] -- Searching for <ignition-math6> component [eigen3]
[2.487s] -- Looking for ignition-math6-eigen3 -- found version 6.12.0
[2.487s] -- Searching for dependencies of ignition-math6-eigen3
[2.500s] -- Looking for ignition-common4 -- found version 4.5.2
[2.500s] -- Searching for dependencies of ignition-common4
[2.501s] -- Looking for dlfcn.h - found
[2.501s] -- Looking for libdl - found
[2.509s] -- Searching for <ignition-common4> component [graphics]
[2.511s] -- Looking for ignition-common4-graphics -- found version 4.5.2
[2.512s] -- Searching for dependencies of ignition-common4-graphics
[2.512s] -- Looking for ignition-math6 -- found version 6.12.0
[2.513s] -- Looking for ignition-utils1 -- found version 1.4.0
[2.513s] -- Searching for <ignition-common4> component [events]
[2.514s] -- Looking for ignition-plugin1 -- found version 1.3.0
[2.514s] -- Searching for dependencies of ignition-plugin1
[2.514s] -- Searching for <ignition-plugin1> component [all]
[2.517s] -- Looking for all libraries of ignition-plugin1 -- found version 1.3.0
[2.517s] -- Looking for ignition-plugin1 -- found version 1.3.0
[2.520s] -- Looking for ignition-msgs8 -- found version 8.6.0
[2.556s] -- Looking for ignition-physics5 -- found version 5.2.0
[2.556s] -- Searching for dependencies of ignition-physics5
[2.557s] -- Looking for ignition-math6 -- found version 6.12.0
[2.557s] -- Looking for ignition-plugin1 -- found version 1.3.0
[2.558s] -- Looking for ignition-utils1 -- found version 1.4.0
[2.559s] -- Searching for <ignition-physics5> component [heightmap]
[2.563s] -- Looking for ignition-physics5-heightmap -- found version 5.2.0
[2.563s] -- Searching for dependencies of ignition-physics5-heightmap
[2.564s] -- Looking for ignition-common4 -- found version 4.5.2
[2.564s] -- Searching for <ignition-physics5> component [mesh]
[2.569s] -- Looking for ignition-physics5-mesh -- found version 5.2.0
[2.569s] -- Searching for dependencies of ignition-physics5-mesh
[2.569s] -- Looking for ignition-common4 -- found version 4.5.2
[2.570s] -- Searching for <ignition-physics5> component [sdf]
[2.572s] -- Looking for ignition-physics5-sdf -- found version 5.2.0
[2.573s] -- Searching for dependencies of ignition-physics5-sdf
[2.573s] -- Looking for sdformat12 -- found version 12.5.0
[2.577s] -- Looking for ignition-sensors6 -- found version 6.6.0
[2.577s] -- Searching for dependencies of ignition-sensors6
[2.595s] -- Looking for ignition-math6 -- found version 6.12.0
[2.595s] -- Looking for ignition-common4 -- found version 4.5.2
[2.596s] -- Looking for ignition-transport11 -- found version 11.2.0
[2.596s] -- Looking for ignition-rendering6 -- found version 6.5.1
[2.597s] -- Looking for ignition-msgs8 -- found version 8.6.0
[2.597s] -- Looking for sdformat12 -- found version 12.5.0
[2.598s] -- Searching for <ignition-sensors6> component [air_pressure]
[2.602s] -- Looking for ignition-sensors6-air_pressure -- found version 6.6.0
[2.602s] -- Searching for dependencies of ignition-sensors6-air_pressure
[2.603s] -- Searching for <ignition-sensors6> component [altimeter]
[2.606s] -- Looking for ignition-sensors6-altimeter -- found version 6.6.0
[2.606s] -- Searching for dependencies of ignition-sensors6-altimeter
[2.607s] -- Searching for <ignition-sensors6> component [imu]
[2.609s] -- Looking for ignition-sensors6-imu -- found version 6.6.0
[2.610s] -- Searching for dependencies of ignition-sensors6-imu
[2.611s] -- Searching for <ignition-sensors6> component [force_torque]
[2.614s] -- Looking for ignition-sensors6-force_torque -- found version 6.6.0
[2.614s] -- Searching for dependencies of ignition-sensors6-force_torque
[2.615s] -- Searching for <ignition-sensors6> component [logical_camera]
[2.618s] -- Looking for ignition-sensors6-logical_camera -- found version 6.6.0
[2.618s] -- Searching for dependencies of ignition-sensors6-logical_camera
[2.619s] -- Searching for <ignition-sensors6> component [magnetometer]
[2.621s] -- Looking for ignition-sensors6-magnetometer -- found version 6.6.0
[2.621s] -- Searching for dependencies of ignition-sensors6-magnetometer
[2.622s] -- Searching for <ignition-sensors6> component [navsat]
[2.625s] -- Looking for ignition-sensors6-navsat -- found version 6.6.0
[2.625s] -- Searching for dependencies of ignition-sensors6-navsat
[2.626s] -- Searching for <ignition-sensors6> component [rendering]
[2.629s] -- Looking for ignition-sensors6-rendering -- found version 6.6.0
[2.629s] -- Searching for dependencies of ignition-sensors6-rendering
[2.630s] -- Searching for <ignition-sensors6> component [lidar]
[2.632s] -- Looking for ignition-sensors6-lidar -- found version 6.6.0
[2.633s] -- Searching for dependencies of ignition-sensors6-lidar
[2.633s] -- Searching for <ignition-sensors6> component [gpu_lidar]
[2.636s] -- Looking for ignition-sensors6-gpu_lidar -- found version 6.6.0
[2.637s] -- Searching for dependencies of ignition-sensors6-gpu_lidar
[2.637s] -- Searching for <ignition-sensors6> component [camera]
[2.640s] -- Looking for ignition-sensors6-camera -- found version 6.6.0
[2.640s] -- Searching for dependencies of ignition-sensors6-camera
[2.641s] -- Searching for <ignition-sensors6> component [boundingbox_camera]
[2.644s] -- Looking for ignition-sensors6-boundingbox_camera -- found version 6.6.0
[2.644s] -- Searching for dependencies of ignition-sensors6-boundingbox_camera
[2.645s] -- Searching for <ignition-sensors6> component [segmentation_camera]
[2.648s] -- Looking for ignition-sensors6-segmentation_camera -- found version 6.6.0
[2.649s] -- Searching for dependencies of ignition-sensors6-segmentation_camera
[2.649s] -- Searching for <ignition-sensors6> component [depth_camera]
[2.652s] -- Looking for ignition-sensors6-depth_camera -- found version 6.6.0
[2.652s] -- Searching for dependencies of ignition-sensors6-depth_camera
[2.653s] -- Searching for <ignition-sensors6> component [rgbd_camera]
[2.656s] -- Looking for ignition-sensors6-rgbd_camera -- found version 6.6.0
[2.656s] -- Searching for dependencies of ignition-sensors6-rgbd_camera
[2.657s] -- Searching for <ignition-sensors6> component [thermal_camera]
[2.669s] -- Looking for ignition-sensors6-thermal_camera -- found version 6.6.0
[2.669s] -- Searching for dependencies of ignition-sensors6-thermal_camera
[2.669s] -- Looking for ignition-rendering6 -- found version 6.5.1
[2.670s] -- Looking for ignition-math6 -- found version 6.12.0
[2.670s] -- Looking for ignition-utils1 -- found version 1.4.0
[2.692s] -- Compiling against Ignition Fortress
[2.692s] -- Looking for ignition-plugin1 -- found version 1.3.0
[2.987s] -- Found ament_lint_auto: 0.12.7 (/opt/ros/humble/share/ament_lint_auto/cmake)
[3.062s] -- Added test 'copyright' to check source files copyright and LICENSE
[3.063s] -- Added test 'cppcheck' to perform static code analysis on C / C++ code
[3.063s] -- Configured cppcheck include dirs: /home/nuctella/ros2_ws/ws/src/gazebosim/gz_ros2_control/ign_ros2_control/include
[3.064s] -- Configured cppcheck exclude dirs and/or files: 
[3.064s] -- Added test 'cpplint' to check C / C++ code against the Google style
[3.065s] -- Configured cpplint exclude dirs and/or files: 
[3.066s] -- Added test 'lint_cmake' to check CMake code style
[3.067s] -- Added test 'uncrustify' to check C / C++ code style
[3.067s] -- Configured uncrustify additional arguments: 
[3.067s] -- Added test 'xmllint' to check XML markup files
[3.069s] -- Configuring done
[3.104s] -- Generating done
[3.106s] -- Build files have been written to: /home/nuctella/ros2_ws/ws/build/ign_ros2_control
[3.116s] Invoked command in '/home/nuctella/ros2_ws/ws/build/ign_ros2_control' returned '0': CMAKE_PREFIX_PATH=${CMAKE_PREFIX_PATH}:/home/nuctella/my_ros2_ws/install/rosbot_object_recognition:/opt/ros/humble /usr/bin/cmake /home/nuctella/ros2_ws/ws/src/gazebosim/gz_ros2_control/ign_ros2_control -DAMENT_CMAKE_SYMLINK_INSTALL=1 -DCMAKE_INSTALL_PREFIX=/home/nuctella/ros2_ws/ws/install/ign_ros2_control
[3.117s] Invoking command in '/home/nuctella/ros2_ws/ws/build/ign_ros2_control': CMAKE_PREFIX_PATH=${CMAKE_PREFIX_PATH}:/home/nuctella/my_ros2_ws/install/rosbot_object_recognition:/opt/ros/humble /usr/bin/cmake --build /home/nuctella/ros2_ws/ws/build/ign_ros2_control -- -j20 -l20
[3.149s] [ 50%] Building CXX object CMakeFiles/ign_hardware_plugins.dir/src/ign_system.cpp.o
[3.149s] [ 50%] Building CXX object CMakeFiles/ign_ros2_control-system.dir/src/ign_ros2_control_plugin.cpp.o
[9.888s] [ 75%] Linking CXX shared library libign_hardware_plugins.so
[10.172s] [100%] Linking CXX shared library libign_ros2_control-system.so
[10.224s] [100%] Built target ign_hardware_plugins
[10.533s] [100%] Built target ign_ros2_control-system
[10.539s] Invoked command in '/home/nuctella/ros2_ws/ws/build/ign_ros2_control' returned '0': CMAKE_PREFIX_PATH=${CMAKE_PREFIX_PATH}:/home/nuctella/my_ros2_ws/install/rosbot_object_recognition:/opt/ros/humble /usr/bin/cmake --build /home/nuctella/ros2_ws/ws/build/ign_ros2_control -- -j20 -l20
[10.553s] Invoking command in '/home/nuctella/ros2_ws/ws/build/ign_ros2_control': CMAKE_PREFIX_PATH=${CMAKE_PREFIX_PATH}:/home/nuctella/my_ros2_ws/install/rosbot_object_recognition:/opt/ros/humble /usr/bin/cmake --install /home/nuctella/ros2_ws/ws/build/ign_ros2_control
[10.557s] -- Install configuration: ""
[10.557s] -- Execute custom install script
[10.557s] -- Symlinking: /home/nuctella/ros2_ws/ws/install/ign_ros2_control/lib/libign_hardware_plugins.so
[10.562s] -- Symlinking: /home/nuctella/ros2_ws/ws/install/ign_ros2_control/share/ign_ros2_control/environment/library_path.sh
[10.566s] -- Symlinking: /home/nuctella/ros2_ws/ws/install/ign_ros2_control/share/ign_ros2_control/environment/library_path.dsv
[10.570s] -- Symlinking: /home/nuctella/ros2_ws/ws/install/ign_ros2_control/lib/libign_ros2_control-system.so
[10.574s] -- Symlinking: /home/nuctella/ros2_ws/ws/install/ign_ros2_control/share/ign_ros2_control//ign_hardware_plugins.xml
[10.578s] -- Symlinking: /home/nuctella/ros2_ws/ws/install/ign_ros2_control/share/ament_index/resource_index/package_run_dependencies/ign_ros2_control
[10.582s] -- Symlinking: /home/nuctella/ros2_ws/ws/install/ign_ros2_control/share/ament_index/resource_index/parent_prefix_path/ign_ros2_control
[10.586s] -- Symlinking: /home/nuctella/ros2_ws/ws/install/ign_ros2_control/share/ign_ros2_control/environment/ament_prefix_path.sh
[10.590s] -- Symlinking: /home/nuctella/ros2_ws/ws/install/ign_ros2_control/share/ign_ros2_control/environment/ament_prefix_path.dsv
[10.594s] -- Symlinking: /home/nuctella/ros2_ws/ws/install/ign_ros2_control/share/ign_ros2_control/environment/path.sh
[10.598s] -- Symlinking: /home/nuctella/ros2_ws/ws/install/ign_ros2_control/share/ign_ros2_control/environment/path.dsv
[10.602s] -- Symlinking: /home/nuctella/ros2_ws/ws/install/ign_ros2_control/share/ign_ros2_control/local_setup.bash
[10.606s] -- Symlinking: /home/nuctella/ros2_ws/ws/install/ign_ros2_control/share/ign_ros2_control/local_setup.sh
[10.610s] -- Symlinking: /home/nuctella/ros2_ws/ws/install/ign_ros2_control/share/ign_ros2_control/local_setup.zsh
[10.613s] -- Symlinking: /home/nuctella/ros2_ws/ws/install/ign_ros2_control/share/ign_ros2_control/local_setup.dsv
[10.617s] -- Symlinking: /home/nuctella/ros2_ws/ws/install/ign_ros2_control/share/ign_ros2_control/package.dsv
[10.621s] -- Symlinking: /home/nuctella/ros2_ws/ws/install/ign_ros2_control/share/ament_index/resource_index/packages/ign_ros2_control
[10.625s] -- Symlinking: /home/nuctella/ros2_ws/ws/install/ign_ros2_control/share/ament_index/resource_index/ign_ros2_control__pluginlib__plugin/ign_ros2_control
[10.630s] -- Symlinking: /home/nuctella/ros2_ws/ws/install/ign_ros2_control/share/ign_ros2_control/cmake/ament_cmake_export_include_directories-extras.cmake
[10.634s] -- Symlinking: /home/nuctella/ros2_ws/ws/install/ign_ros2_control/share/ign_ros2_control/cmake/ament_cmake_export_libraries-extras.cmake
[10.639s] -- Symlinking: /home/nuctella/ros2_ws/ws/install/ign_ros2_control/share/ign_ros2_control/cmake/ign_ros2_controlConfig.cmake
[10.643s] -- Symlinking: /home/nuctella/ros2_ws/ws/install/ign_ros2_control/share/ign_ros2_control/cmake/ign_ros2_controlConfig-version.cmake
[10.646s] -- Symlinking: /home/nuctella/ros2_ws/ws/install/ign_ros2_control/share/ign_ros2_control/package.xml
[10.653s] Invoked command in '/home/nuctella/ros2_ws/ws/build/ign_ros2_control' returned '0': CMAKE_PREFIX_PATH=${CMAKE_PREFIX_PATH}:/home/nuctella/my_ros2_ws/install/rosbot_object_recognition:/opt/ros/humble /usr/bin/cmake --install /home/nuctella/ros2_ws/ws/build/ign_ros2_control
