[6.639s] Invoking command in '/home/nuctella/my_ros2_ws/src/build/action_tutorial': AMENT_PREFIX_PATH=/home/nuctella/my_ros2_ws/src/install/custom_action:${AMENT_PREFIX_PATH} CMAKE_PREFIX_PATH=/home/nuctella/my_ros2_ws/src/install/custom_action:/home/nuctella/my_ros2_ws/install/vehicle_plugins:/home/nuctella/my_ros2_ws/install/vehicle_base:/home/nuctella/my_ros2_ws/install/use_library:/home/nuctella/my_ros2_ws/install/start_with_simple_nodes:/home/nuctella/my_ros2_ws/install/service_server_and_client:/home/nuctella/my_ros2_ws/install/rosbot_interfaces:/home/nuctella/my_ros2_ws/install/publisher_library:/home/nuctella/my_ros2_ws/install/publisher_and_subscriber:/home/nuctella/my_ros2_ws/install/parameters:/home/nuctella/my_ros2_ws/install/message_sync:/home/nuctella/my_ros2_ws/install/dynamic_tf2_publisher:/home/nuctella/my_ros2_ws/install/custom_msg_and_srv:/home/nuctella/my_ros2_ws/install/action_tutorial:/home/nuctella/my_ros2_ws/install/custom_action:/home/nuctella/my_ros2_ws/install/core:/home/nuctella/ros2_ws/ws/install/rosbot_xl:/home/nuctella/ros2_ws/ws/install/rosbot_xl_gazebo:/home/nuctella/ros2_ws/ws/install/rosbot_xl_bringup:/home/nuctella/ros2_ws/ws/install/rosbot_xl_controller:/home/nuctella/ros2_ws/ws/install/rosbot_xl_description:/home/nuctella/ros2_ws/ws/install/rosbot_hardware_interfaces:/home/nuctella/ros2_ws/ws/install/ros_components_description:/home/nuctella/ros2_ws/ws/install/mecanum_drive_controller:/home/nuctella/ros2_ws/ws/install/ign_ros2_control_demos:/home/nuctella/ros2_ws/ws/install/ign_ros2_control:/home/nuctella/ros2_ws/ws/install/husarion_office_gz:/home/nuctella/ros2_ws/deps/install/sllidar_ros2:/home/nuctella/ros2_ws/deps/install/micro_ros_setup:/home/nuctella/ros2_ws/deps/install/micro_ros_agent:/home/nuctella/ros2_ws/deps/install/micro_ros_msgs:/home/nuctella/my_ros2_ws/install/start_with_simple_nodes_py:/home/nuctella/my_ros2_ws/install/rosbot_object_recognition:/home/nuctella/my_ros2_ws/install/publisher_and_subscriber_py:/opt/ros/humble LD_LIBRARY_PATH=/home/nuctella/my_ros2_ws/src/install/custom_action/lib:${LD_LIBRARY_PATH} PYTHONPATH=/home/nuctella/my_ros2_ws/src/install/custom_action/local/lib/python3.10/dist-packages:${PYTHONPATH} /usr/bin/cmake /home/nuctella/my_ros2_ws/src/ROS2_learning/CPP/actions/action_tutorial -DAMENT_CMAKE_SYMLINK_INSTALL=1 -DCMAKE_INSTALL_PREFIX=/home/nuctella/my_ros2_ws/src/install/action_tutorial
[59.972s] -- The C compiler identification is GNU 11.3.0
[59.979s] -- The CXX compiler identification is GNU 11.3.0
[59.988s] -- Detecting C compiler ABI info
[77.494s] -- Detecting C compiler ABI info - done
[77.649s] -- Check for working C compiler: /usr/bin/cc - skipped
[77.657s] -- Detecting C compile features
[77.664s] -- Detecting C compile features - done
[78.203s] -- Detecting CXX compiler ABI info
[114.787s] -- Detecting CXX compiler ABI info - done
[114.942s] -- Check for working CXX compiler: /usr/bin/c++ - skipped
[114.949s] -- Detecting CXX compile features
[114.955s] -- Detecting CXX compile features - done
[126.310s] -- Found ament_cmake: 1.3.4 (/opt/ros/humble/share/ament_cmake/cmake)
[262.622s] -- Found Python3: /usr/bin/python3.10 (found version "3.10.6") found components: Interpreter 
[281.255s] -- Override CMake install command with custom implementation using symlinks instead of copying resources
[415.291s] -- Found custom_action: 0.0.0 (/home/nuctella/my_ros2_ws/src/install/custom_action/share/custom_action/cmake)
[511.215s] -- Found rosidl_generator_c: 3.1.4 (/opt/ros/humble/share/rosidl_generator_c/cmake)
[531.857s] -- Found rosidl_adapter: 3.1.4 (/opt/ros/humble/share/rosidl_adapter/cmake)
[545.353s] -- Found rosidl_generator_cpp: 3.1.4 (/opt/ros/humble/share/rosidl_generator_cpp/cmake)
[553.385s] -- Using all available rosidl_typesupport_c: rosidl_typesupport_fastrtps_c;rosidl_typesupport_introspection_c
[560.894s] -- Using all available rosidl_typesupport_cpp: rosidl_typesupport_fastrtps_cpp;rosidl_typesupport_introspection_cpp
[576.622s] -- Found rclcpp: 16.0.4 (/opt/ros/humble/share/rclcpp/cmake)
[641.680s] -- Found rmw_implementation_cmake: 6.1.1 (/opt/ros/humble/share/rmw_implementation_cmake/cmake)
[649.491s] -- Found rmw_fastrtps_cpp: 6.2.2 (/opt/ros/humble/share/rmw_fastrtps_cpp/cmake)
[719.500s] -- Found OpenSSL: /usr/lib/x86_64-linux-gnu/libcrypto.so (found version "3.0.2")  
[728.459s] -- Found FastRTPS: /opt/ros/humble/include  
[743.178s] -- Using RMW implementation 'rmw_fastrtps_cpp' as default
[757.812s] -- Looking for pthread.h
[776.693s] -- Looking for pthread.h - found
[776.728s] -- Performing Test CMAKE_HAVE_LIBC_PTHREAD
[794.838s] -- Performing Test CMAKE_HAVE_LIBC_PTHREAD - Success
[794.855s] -- Found Threads: TRUE  
[815.887s] -- Found rclcpp_action: 16.0.4 (/opt/ros/humble/share/rclcpp_action/cmake)
[824.101s] -- Found rclcpp_components: 16.0.4 (/opt/ros/humble/share/rclcpp_components/cmake)
[840.115s] -- Found ament_lint_auto: 0.12.6 (/opt/ros/humble/share/ament_lint_auto/cmake)
[897.231s] -- Added test 'copyright' to check source files copyright and LICENSE
[900.271s] -- Added test 'cppcheck' to perform static code analysis on C / C++ code
[900.276s] -- Configured cppcheck include dirs: 
[900.280s] -- Configured cppcheck exclude dirs and/or files: 
[903.731s] -- Added test 'cpplint' to check C / C++ code against the Google style
[903.736s] -- Configured cpplint exclude dirs and/or files: 
[905.786s] -- Added test 'lint_cmake' to check CMake code style
[909.302s] -- Added test 'uncrustify' to check C / C++ code style
[909.308s] -- Configured uncrustify additional arguments: 
[910.635s] -- Added test 'xmllint' to check XML markup files
[913.368s] -- Configuring done
[919.364s] -- Generating done
[919.861s] -- Build files have been written to: /home/nuctella/my_ros2_ws/src/build/action_tutorial
[919.888s] Invoked command in '/home/nuctella/my_ros2_ws/src/build/action_tutorial' returned '0': AMENT_PREFIX_PATH=/home/nuctella/my_ros2_ws/src/install/custom_action:${AMENT_PREFIX_PATH} CMAKE_PREFIX_PATH=/home/nuctella/my_ros2_ws/src/install/custom_action:/home/nuctella/my_ros2_ws/install/vehicle_plugins:/home/nuctella/my_ros2_ws/install/vehicle_base:/home/nuctella/my_ros2_ws/install/use_library:/home/nuctella/my_ros2_ws/install/start_with_simple_nodes:/home/nuctella/my_ros2_ws/install/service_server_and_client:/home/nuctella/my_ros2_ws/install/rosbot_interfaces:/home/nuctella/my_ros2_ws/install/publisher_library:/home/nuctella/my_ros2_ws/install/publisher_and_subscriber:/home/nuctella/my_ros2_ws/install/parameters:/home/nuctella/my_ros2_ws/install/message_sync:/home/nuctella/my_ros2_ws/install/dynamic_tf2_publisher:/home/nuctella/my_ros2_ws/install/custom_msg_and_srv:/home/nuctella/my_ros2_ws/install/action_tutorial:/home/nuctella/my_ros2_ws/install/custom_action:/home/nuctella/my_ros2_ws/install/core:/home/nuctella/ros2_ws/ws/install/rosbot_xl:/home/nuctella/ros2_ws/ws/install/rosbot_xl_gazebo:/home/nuctella/ros2_ws/ws/install/rosbot_xl_bringup:/home/nuctella/ros2_ws/ws/install/rosbot_xl_controller:/home/nuctella/ros2_ws/ws/install/rosbot_xl_description:/home/nuctella/ros2_ws/ws/install/rosbot_hardware_interfaces:/home/nuctella/ros2_ws/ws/install/ros_components_description:/home/nuctella/ros2_ws/ws/install/mecanum_drive_controller:/home/nuctella/ros2_ws/ws/install/ign_ros2_control_demos:/home/nuctella/ros2_ws/ws/install/ign_ros2_control:/home/nuctella/ros2_ws/ws/install/husarion_office_gz:/home/nuctella/ros2_ws/deps/install/sllidar_ros2:/home/nuctella/ros2_ws/deps/install/micro_ros_setup:/home/nuctella/ros2_ws/deps/install/micro_ros_agent:/home/nuctella/ros2_ws/deps/install/micro_ros_msgs:/home/nuctella/my_ros2_ws/install/start_with_simple_nodes_py:/home/nuctella/my_ros2_ws/install/rosbot_object_recognition:/home/nuctella/my_ros2_ws/install/publisher_and_subscriber_py:/opt/ros/humble LD_LIBRARY_PATH=/home/nuctella/my_ros2_ws/src/install/custom_action/lib:${LD_LIBRARY_PATH} PYTHONPATH=/home/nuctella/my_ros2_ws/src/install/custom_action/local/lib/python3.10/dist-packages:${PYTHONPATH} /usr/bin/cmake /home/nuctella/my_ros2_ws/src/ROS2_learning/CPP/actions/action_tutorial -DAMENT_CMAKE_SYMLINK_INSTALL=1 -DCMAKE_INSTALL_PREFIX=/home/nuctella/my_ros2_ws/src/install/action_tutorial
[919.920s] Invoking command in '/home/nuctella/my_ros2_ws/src/build/action_tutorial': AMENT_PREFIX_PATH=/home/nuctella/my_ros2_ws/src/install/custom_action:${AMENT_PREFIX_PATH} CMAKE_PREFIX_PATH=/home/nuctella/my_ros2_ws/src/install/custom_action:/home/nuctella/my_ros2_ws/install/vehicle_plugins:/home/nuctella/my_ros2_ws/install/vehicle_base:/home/nuctella/my_ros2_ws/install/use_library:/home/nuctella/my_ros2_ws/install/start_with_simple_nodes:/home/nuctella/my_ros2_ws/install/service_server_and_client:/home/nuctella/my_ros2_ws/install/rosbot_interfaces:/home/nuctella/my_ros2_ws/install/publisher_library:/home/nuctella/my_ros2_ws/install/publisher_and_subscriber:/home/nuctella/my_ros2_ws/install/parameters:/home/nuctella/my_ros2_ws/install/message_sync:/home/nuctella/my_ros2_ws/install/dynamic_tf2_publisher:/home/nuctella/my_ros2_ws/install/custom_msg_and_srv:/home/nuctella/my_ros2_ws/install/action_tutorial:/home/nuctella/my_ros2_ws/install/custom_action:/home/nuctella/my_ros2_ws/install/core:/home/nuctella/ros2_ws/ws/install/rosbot_xl:/home/nuctella/ros2_ws/ws/install/rosbot_xl_gazebo:/home/nuctella/ros2_ws/ws/install/rosbot_xl_bringup:/home/nuctella/ros2_ws/ws/install/rosbot_xl_controller:/home/nuctella/ros2_ws/ws/install/rosbot_xl_description:/home/nuctella/ros2_ws/ws/install/rosbot_hardware_interfaces:/home/nuctella/ros2_ws/ws/install/ros_components_description:/home/nuctella/ros2_ws/ws/install/mecanum_drive_controller:/home/nuctella/ros2_ws/ws/install/ign_ros2_control_demos:/home/nuctella/ros2_ws/ws/install/ign_ros2_control:/home/nuctella/ros2_ws/ws/install/husarion_office_gz:/home/nuctella/ros2_ws/deps/install/sllidar_ros2:/home/nuctella/ros2_ws/deps/install/micro_ros_setup:/home/nuctella/ros2_ws/deps/install/micro_ros_agent:/home/nuctella/ros2_ws/deps/install/micro_ros_msgs:/home/nuctella/my_ros2_ws/install/start_with_simple_nodes_py:/home/nuctella/my_ros2_ws/install/rosbot_object_recognition:/home/nuctella/my_ros2_ws/install/publisher_and_subscriber_py:/opt/ros/humble LD_LIBRARY_PATH=/home/nuctella/my_ros2_ws/src/install/custom_action/lib:${LD_LIBRARY_PATH} PYTHONPATH=/home/nuctella/my_ros2_ws/src/install/custom_action/local/lib/python3.10/dist-packages:${PYTHONPATH} /usr/bin/cmake --build /home/nuctella/my_ros2_ws/src/build/action_tutorial -- -j8 -l8
[939.807s] [ 12%] [32mBuilding CXX object CMakeFiles/class_action_client.dir/src/class_action_client.cpp.o[0m
[940.053s] [ 25%] [32mBuilding CXX object CMakeFiles/simple_action_client.dir/src/simple_action_client.cpp.o[0m
[940.349s] [ 37%] [32mBuilding CXX object CMakeFiles/class_action_server.dir/src/class_action_server.cpp.o[0m
[941.179s] [ 50%] [32mBuilding CXX object CMakeFiles/simple_action_server.dir/src/simple_action_server.cpp.o[0m
[966.067s] [ 62%] [32m[1mLinking CXX executable class_action_server[0m
[967.897s] [ 75%] [32m[1mLinking CXX executable class_action_client[0m
[971.243s] [ 87%] [32m[1mLinking CXX executable simple_action_client[0m
[974.040s] [100%] [32m[1mLinking CXX executable simple_action_server[0m
[983.141s] [100%] Built target class_action_server
[987.328s] [100%] Built target class_action_client
[989.621s] [100%] Built target simple_action_server
[990.179s] [100%] Built target simple_action_client
[993.571s] Invoked command in '/home/nuctella/my_ros2_ws/src/build/action_tutorial' returned '0': AMENT_PREFIX_PATH=/home/nuctella/my_ros2_ws/src/install/custom_action:${AMENT_PREFIX_PATH} CMAKE_PREFIX_PATH=/home/nuctella/my_ros2_ws/src/install/custom_action:/home/nuctella/my_ros2_ws/install/vehicle_plugins:/home/nuctella/my_ros2_ws/install/vehicle_base:/home/nuctella/my_ros2_ws/install/use_library:/home/nuctella/my_ros2_ws/install/start_with_simple_nodes:/home/nuctella/my_ros2_ws/install/service_server_and_client:/home/nuctella/my_ros2_ws/install/rosbot_interfaces:/home/nuctella/my_ros2_ws/install/publisher_library:/home/nuctella/my_ros2_ws/install/publisher_and_subscriber:/home/nuctella/my_ros2_ws/install/parameters:/home/nuctella/my_ros2_ws/install/message_sync:/home/nuctella/my_ros2_ws/install/dynamic_tf2_publisher:/home/nuctella/my_ros2_ws/install/custom_msg_and_srv:/home/nuctella/my_ros2_ws/install/action_tutorial:/home/nuctella/my_ros2_ws/install/custom_action:/home/nuctella/my_ros2_ws/install/core:/home/nuctella/ros2_ws/ws/install/rosbot_xl:/home/nuctella/ros2_ws/ws/install/rosbot_xl_gazebo:/home/nuctella/ros2_ws/ws/install/rosbot_xl_bringup:/home/nuctella/ros2_ws/ws/install/rosbot_xl_controller:/home/nuctella/ros2_ws/ws/install/rosbot_xl_description:/home/nuctella/ros2_ws/ws/install/rosbot_hardware_interfaces:/home/nuctella/ros2_ws/ws/install/ros_components_description:/home/nuctella/ros2_ws/ws/install/mecanum_drive_controller:/home/nuctella/ros2_ws/ws/install/ign_ros2_control_demos:/home/nuctella/ros2_ws/ws/install/ign_ros2_control:/home/nuctella/ros2_ws/ws/install/husarion_office_gz:/home/nuctella/ros2_ws/deps/install/sllidar_ros2:/home/nuctella/ros2_ws/deps/install/micro_ros_setup:/home/nuctella/ros2_ws/deps/install/micro_ros_agent:/home/nuctella/ros2_ws/deps/install/micro_ros_msgs:/home/nuctella/my_ros2_ws/install/start_with_simple_nodes_py:/home/nuctella/my_ros2_ws/install/rosbot_object_recognition:/home/nuctella/my_ros2_ws/install/publisher_and_subscriber_py:/opt/ros/humble LD_LIBRARY_PATH=/home/nuctella/my_ros2_ws/src/install/custom_action/lib:${LD_LIBRARY_PATH} PYTHONPATH=/home/nuctella/my_ros2_ws/src/install/custom_action/local/lib/python3.10/dist-packages:${PYTHONPATH} /usr/bin/cmake --build /home/nuctella/my_ros2_ws/src/build/action_tutorial -- -j8 -l8
[1019.302s] Invoking command in '/home/nuctella/my_ros2_ws/src/build/action_tutorial': AMENT_PREFIX_PATH=/home/nuctella/my_ros2_ws/src/install/custom_action:${AMENT_PREFIX_PATH} CMAKE_PREFIX_PATH=/home/nuctella/my_ros2_ws/src/install/custom_action:/home/nuctella/my_ros2_ws/install/vehicle_plugins:/home/nuctella/my_ros2_ws/install/vehicle_base:/home/nuctella/my_ros2_ws/install/use_library:/home/nuctella/my_ros2_ws/install/start_with_simple_nodes:/home/nuctella/my_ros2_ws/install/service_server_and_client:/home/nuctella/my_ros2_ws/install/rosbot_interfaces:/home/nuctella/my_ros2_ws/install/publisher_library:/home/nuctella/my_ros2_ws/install/publisher_and_subscriber:/home/nuctella/my_ros2_ws/install/parameters:/home/nuctella/my_ros2_ws/install/message_sync:/home/nuctella/my_ros2_ws/install/dynamic_tf2_publisher:/home/nuctella/my_ros2_ws/install/custom_msg_and_srv:/home/nuctella/my_ros2_ws/install/action_tutorial:/home/nuctella/my_ros2_ws/install/custom_action:/home/nuctella/my_ros2_ws/install/core:/home/nuctella/ros2_ws/ws/install/rosbot_xl:/home/nuctella/ros2_ws/ws/install/rosbot_xl_gazebo:/home/nuctella/ros2_ws/ws/install/rosbot_xl_bringup:/home/nuctella/ros2_ws/ws/install/rosbot_xl_controller:/home/nuctella/ros2_ws/ws/install/rosbot_xl_description:/home/nuctella/ros2_ws/ws/install/rosbot_hardware_interfaces:/home/nuctella/ros2_ws/ws/install/ros_components_description:/home/nuctella/ros2_ws/ws/install/mecanum_drive_controller:/home/nuctella/ros2_ws/ws/install/ign_ros2_control_demos:/home/nuctella/ros2_ws/ws/install/ign_ros2_control:/home/nuctella/ros2_ws/ws/install/husarion_office_gz:/home/nuctella/ros2_ws/deps/install/sllidar_ros2:/home/nuctella/ros2_ws/deps/install/micro_ros_setup:/home/nuctella/ros2_ws/deps/install/micro_ros_agent:/home/nuctella/ros2_ws/deps/install/micro_ros_msgs:/home/nuctella/my_ros2_ws/install/start_with_simple_nodes_py:/home/nuctella/my_ros2_ws/install/rosbot_object_recognition:/home/nuctella/my_ros2_ws/install/publisher_and_subscriber_py:/opt/ros/humble LD_LIBRARY_PATH=/home/nuctella/my_ros2_ws/src/install/custom_action/lib:${LD_LIBRARY_PATH} PYTHONPATH=/home/nuctella/my_ros2_ws/src/install/custom_action/local/lib/python3.10/dist-packages:${PYTHONPATH} /usr/bin/cmake --install /home/nuctella/my_ros2_ws/src/build/action_tutorial
[1021.692s] -- Install configuration: ""
[1021.724s] -- Execute custom install script
[1021.778s] -- Symlinking: /home/nuctella/my_ros2_ws/src/install/action_tutorial/lib/action_tutorial/simple_action_server
[1024.162s] -- Symlinking: /home/nuctella/my_ros2_ws/src/install/action_tutorial/lib/action_tutorial/class_action_server
[1027.241s] -- Symlinking: /home/nuctella/my_ros2_ws/src/install/action_tutorial/lib/action_tutorial/simple_action_client
[1030.305s] -- Symlinking: /home/nuctella/my_ros2_ws/src/install/action_tutorial/lib/action_tutorial/class_action_client
[1032.712s] -- Symlinking: /home/nuctella/my_ros2_ws/src/install/action_tutorial/share/ament_index/resource_index/package_run_dependencies/action_tutorial
[1035.487s] -- Symlinking: /home/nuctella/my_ros2_ws/src/install/action_tutorial/share/ament_index/resource_index/parent_prefix_path/action_tutorial
[1038.000s] -- Symlinking: /home/nuctella/my_ros2_ws/src/install/action_tutorial/share/action_tutorial/environment/ament_prefix_path.sh
[1040.568s] -- Symlinking: /home/nuctella/my_ros2_ws/src/install/action_tutorial/share/action_tutorial/environment/ament_prefix_path.dsv
[1043.282s] -- Symlinking: /home/nuctella/my_ros2_ws/src/install/action_tutorial/share/action_tutorial/environment/path.sh
[1046.043s] -- Symlinking: /home/nuctella/my_ros2_ws/src/install/action_tutorial/share/action_tutorial/environment/path.dsv
[1048.772s] -- Symlinking: /home/nuctella/my_ros2_ws/src/install/action_tutorial/share/action_tutorial/local_setup.bash
[1051.431s] -- Symlinking: /home/nuctella/my_ros2_ws/src/install/action_tutorial/share/action_tutorial/local_setup.sh
[1054.296s] -- Symlinking: /home/nuctella/my_ros2_ws/src/install/action_tutorial/share/action_tutorial/local_setup.zsh
[1057.209s] -- Symlinking: /home/nuctella/my_ros2_ws/src/install/action_tutorial/share/action_tutorial/local_setup.dsv
[1059.567s] -- Symlinking: /home/nuctella/my_ros2_ws/src/install/action_tutorial/share/action_tutorial/package.dsv
[1062.551s] -- Symlinking: /home/nuctella/my_ros2_ws/src/install/action_tutorial/share/ament_index/resource_index/packages/action_tutorial
[1065.902s] -- Symlinking: /home/nuctella/my_ros2_ws/src/install/action_tutorial/share/action_tutorial/cmake/action_tutorialConfig.cmake
[1068.529s] -- Symlinking: /home/nuctella/my_ros2_ws/src/install/action_tutorial/share/action_tutorial/cmake/action_tutorialConfig-version.cmake
[1071.095s] -- Symlinking: /home/nuctella/my_ros2_ws/src/install/action_tutorial/share/action_tutorial/package.xml
[1073.646s] Invoked command in '/home/nuctella/my_ros2_ws/src/build/action_tutorial' returned '0': AMENT_PREFIX_PATH=/home/nuctella/my_ros2_ws/src/install/custom_action:${AMENT_PREFIX_PATH} CMAKE_PREFIX_PATH=/home/nuctella/my_ros2_ws/src/install/custom_action:/home/nuctella/my_ros2_ws/install/vehicle_plugins:/home/nuctella/my_ros2_ws/install/vehicle_base:/home/nuctella/my_ros2_ws/install/use_library:/home/nuctella/my_ros2_ws/install/start_with_simple_nodes:/home/nuctella/my_ros2_ws/install/service_server_and_client:/home/nuctella/my_ros2_ws/install/rosbot_interfaces:/home/nuctella/my_ros2_ws/install/publisher_library:/home/nuctella/my_ros2_ws/install/publisher_and_subscriber:/home/nuctella/my_ros2_ws/install/parameters:/home/nuctella/my_ros2_ws/install/message_sync:/home/nuctella/my_ros2_ws/install/dynamic_tf2_publisher:/home/nuctella/my_ros2_ws/install/custom_msg_and_srv:/home/nuctella/my_ros2_ws/install/action_tutorial:/home/nuctella/my_ros2_ws/install/custom_action:/home/nuctella/my_ros2_ws/install/core:/home/nuctella/ros2_ws/ws/install/rosbot_xl:/home/nuctella/ros2_ws/ws/install/rosbot_xl_gazebo:/home/nuctella/ros2_ws/ws/install/rosbot_xl_bringup:/home/nuctella/ros2_ws/ws/install/rosbot_xl_controller:/home/nuctella/ros2_ws/ws/install/rosbot_xl_description:/home/nuctella/ros2_ws/ws/install/rosbot_hardware_interfaces:/home/nuctella/ros2_ws/ws/install/ros_components_description:/home/nuctella/ros2_ws/ws/install/mecanum_drive_controller:/home/nuctella/ros2_ws/ws/install/ign_ros2_control_demos:/home/nuctella/ros2_ws/ws/install/ign_ros2_control:/home/nuctella/ros2_ws/ws/install/husarion_office_gz:/home/nuctella/ros2_ws/deps/install/sllidar_ros2:/home/nuctella/ros2_ws/deps/install/micro_ros_setup:/home/nuctella/ros2_ws/deps/install/micro_ros_agent:/home/nuctella/ros2_ws/deps/install/micro_ros_msgs:/home/nuctella/my_ros2_ws/install/start_with_simple_nodes_py:/home/nuctella/my_ros2_ws/install/rosbot_object_recognition:/home/nuctella/my_ros2_ws/install/publisher_and_subscriber_py:/opt/ros/humble LD_LIBRARY_PATH=/home/nuctella/my_ros2_ws/src/install/custom_action/lib:${LD_LIBRARY_PATH} PYTHONPATH=/home/nuctella/my_ros2_ws/src/install/custom_action/local/lib/python3.10/dist-packages:${PYTHONPATH} /usr/bin/cmake --install /home/nuctella/my_ros2_ws/src/build/action_tutorial
