-- The C compiler identification is GNU 11.3.0
-- The CXX compiler identification is GNU 11.3.0
-- Detecting C compiler ABI info
-- Detecting C compiler ABI info - done
-- Check for working C compiler: /usr/bin/cc - skipped
-- Detecting C compile features
-- Detecting C compile features - done
-- Detecting CXX compiler ABI info
-- Detecting CXX compiler ABI info - done
-- Check for working CXX compiler: /usr/bin/c++ - skipped
-- Detecting CXX compile features
-- Detecting CXX compile features - done
-- Found ament_cmake: 1.3.4 (/opt/ros/humble/share/ament_cmake/cmake)
-- Found Python3: /usr/bin/python3.10 (found version "3.10.6") found components: Interpreter 
-- Override CMake install command with custom implementation using symlinks instead of copying resources
-- Found rclcpp: 16.0.4 (/opt/ros/humble/share/rclcpp/cmake)
-- Found rosidl_generator_c: 3.1.4 (/opt/ros/humble/share/rosidl_generator_c/cmake)
-- Found rosidl_adapter: 3.1.4 (/opt/ros/humble/share/rosidl_adapter/cmake)
-- Found rosidl_generator_cpp: 3.1.4 (/opt/ros/humble/share/rosidl_generator_cpp/cmake)
-- Using all available rosidl_typesupport_c: rosidl_typesupport_fastrtps_c;rosidl_typesupport_introspection_c
-- Using all available rosidl_typesupport_cpp: rosidl_typesupport_fastrtps_cpp;rosidl_typesupport_introspection_cpp
-- Found rmw_implementation_cmake: 6.1.1 (/opt/ros/humble/share/rmw_implementation_cmake/cmake)
-- Found rmw_fastrtps_cpp: 6.2.2 (/opt/ros/humble/share/rmw_fastrtps_cpp/cmake)
-- Found OpenSSL: /usr/lib/x86_64-linux-gnu/libcrypto.so (found version "3.0.2")  
-- Found FastRTPS: /opt/ros/humble/include  
-- Using RMW implementation 'rmw_fastrtps_cpp' as default
-- Looking for pthread.h
-- Looking for pthread.h - found
-- Performing Test CMAKE_HAVE_LIBC_PTHREAD
-- Performing Test CMAKE_HAVE_LIBC_PTHREAD - Success
-- Found Threads: TRUE  
-- Found custom_msg_and_srv: 0.0.0 (/home/nuctella/my_ros2_ws/src/install/custom_msg_and_srv/share/custom_msg_and_srv/cmake)
-- Found ament_lint_auto: 0.12.6 (/opt/ros/humble/share/ament_lint_auto/cmake)
-- Added test 'copyright' to check source files copyright and LICENSE
-- Added test 'cppcheck' to perform static code analysis on C / C++ code
-- Configured cppcheck include dirs: 
-- Configured cppcheck exclude dirs and/or files: 
-- Added test 'cpplint' to check C / C++ code against the Google style
-- Configured cpplint exclude dirs and/or files: 
-- Added test 'lint_cmake' to check CMake code style
-- Added test 'uncrustify' to check C / C++ code style
-- Configured uncrustify additional arguments: 
-- Added test 'xmllint' to check XML markup files
-- Configuring done
-- Generating done
-- Build files have been written to: /home/nuctella/my_ros2_ws/src/build/service_server_and_client
[ 12%] [32mBuilding CXX object CMakeFiles/client_node_class.dir/src/client_node_class.cpp.o[0m
[ 25%] [32mBuilding CXX object CMakeFiles/client_node.dir/src/client_node.cpp.o[0m
[ 37%] [32mBuilding CXX object CMakeFiles/service_node.dir/src/service_node.cpp.o[0m
[ 50%] [32mBuilding CXX object CMakeFiles/service_node_class.dir/src/service_node_class.cpp.o[0m
[ 62%] [32m[1mLinking CXX executable client_node[0m
[ 75%] [32m[1mLinking CXX executable client_node_class[0m
[ 87%] [32m[1mLinking CXX executable service_node_class[0m
[100%] [32m[1mLinking CXX executable service_node[0m
[100%] Built target client_node
[100%] Built target client_node_class
[100%] Built target service_node
[100%] Built target service_node_class
-- Install configuration: ""
-- Execute custom install script
-- Symlinking: /home/nuctella/my_ros2_ws/src/install/service_server_and_client/lib/service_server_and_client/service_node
-- Symlinking: /home/nuctella/my_ros2_ws/src/install/service_server_and_client/lib/service_server_and_client/client_node
-- Symlinking: /home/nuctella/my_ros2_ws/src/install/service_server_and_client/lib/service_server_and_client/client_node_class
-- Symlinking: /home/nuctella/my_ros2_ws/src/install/service_server_and_client/lib/service_server_and_client/service_node_class
-- Symlinking: /home/nuctella/my_ros2_ws/src/install/service_server_and_client/share/ament_index/resource_index/package_run_dependencies/service_server_and_client
-- Symlinking: /home/nuctella/my_ros2_ws/src/install/service_server_and_client/share/ament_index/resource_index/parent_prefix_path/service_server_and_client
-- Symlinking: /home/nuctella/my_ros2_ws/src/install/service_server_and_client/share/service_server_and_client/environment/ament_prefix_path.sh
-- Symlinking: /home/nuctella/my_ros2_ws/src/install/service_server_and_client/share/service_server_and_client/environment/ament_prefix_path.dsv
-- Symlinking: /home/nuctella/my_ros2_ws/src/install/service_server_and_client/share/service_server_and_client/environment/path.sh
-- Symlinking: /home/nuctella/my_ros2_ws/src/install/service_server_and_client/share/service_server_and_client/environment/path.dsv
-- Symlinking: /home/nuctella/my_ros2_ws/src/install/service_server_and_client/share/service_server_and_client/local_setup.bash
-- Symlinking: /home/nuctella/my_ros2_ws/src/install/service_server_and_client/share/service_server_and_client/local_setup.sh
-- Symlinking: /home/nuctella/my_ros2_ws/src/install/service_server_and_client/share/service_server_and_client/local_setup.zsh
-- Symlinking: /home/nuctella/my_ros2_ws/src/install/service_server_and_client/share/service_server_and_client/local_setup.dsv
-- Symlinking: /home/nuctella/my_ros2_ws/src/install/service_server_and_client/share/service_server_and_client/package.dsv
-- Symlinking: /home/nuctella/my_ros2_ws/src/install/service_server_and_client/share/ament_index/resource_index/packages/service_server_and_client
-- Symlinking: /home/nuctella/my_ros2_ws/src/install/service_server_and_client/share/service_server_and_client/cmake/ament_cmake_export_dependencies-extras.cmake
-- Symlinking: /home/nuctella/my_ros2_ws/src/install/service_server_and_client/share/service_server_and_client/cmake/service_server_and_clientConfig.cmake
-- Symlinking: /home/nuctella/my_ros2_ws/src/install/service_server_and_client/share/service_server_and_client/cmake/service_server_and_clientConfig-version.cmake
-- Symlinking: /home/nuctella/my_ros2_ws/src/install/service_server_and_client/share/service_server_and_client/package.xml
