[7.637s] Invoking command in '/home/nuctella/my_ros2_ws/src/build/service_server_and_client': AMENT_PREFIX_PATH=/home/nuctella/my_ros2_ws/src/install/custom_msg_and_srv:${AMENT_PREFIX_PATH} CMAKE_PREFIX_PATH=/home/nuctella/my_ros2_ws/src/install/custom_msg_and_srv:/home/nuctella/my_ros2_ws/install/vehicle_plugins:/home/nuctella/my_ros2_ws/install/vehicle_base:/home/nuctella/my_ros2_ws/install/use_library:/home/nuctella/my_ros2_ws/install/start_with_simple_nodes:/home/nuctella/my_ros2_ws/install/service_server_and_client:/home/nuctella/my_ros2_ws/install/rosbot_interfaces:/home/nuctella/my_ros2_ws/install/publisher_library:/home/nuctella/my_ros2_ws/install/publisher_and_subscriber:/home/nuctella/my_ros2_ws/install/parameters:/home/nuctella/my_ros2_ws/install/message_sync:/home/nuctella/my_ros2_ws/install/dynamic_tf2_publisher:/home/nuctella/my_ros2_ws/install/custom_msg_and_srv:/home/nuctella/my_ros2_ws/install/action_tutorial:/home/nuctella/my_ros2_ws/install/custom_action:/home/nuctella/my_ros2_ws/install/core:/home/nuctella/ros2_ws/ws/install/rosbot_xl:/home/nuctella/ros2_ws/ws/install/rosbot_xl_gazebo:/home/nuctella/ros2_ws/ws/install/rosbot_xl_bringup:/home/nuctella/ros2_ws/ws/install/rosbot_xl_controller:/home/nuctella/ros2_ws/ws/install/rosbot_xl_description:/home/nuctella/ros2_ws/ws/install/rosbot_hardware_interfaces:/home/nuctella/ros2_ws/ws/install/ros_components_description:/home/nuctella/ros2_ws/ws/install/mecanum_drive_controller:/home/nuctella/ros2_ws/ws/install/ign_ros2_control_demos:/home/nuctella/ros2_ws/ws/install/ign_ros2_control:/home/nuctella/ros2_ws/ws/install/husarion_office_gz:/home/nuctella/ros2_ws/deps/install/sllidar_ros2:/home/nuctella/ros2_ws/deps/install/micro_ros_setup:/home/nuctella/ros2_ws/deps/install/micro_ros_agent:/home/nuctella/ros2_ws/deps/install/micro_ros_msgs:/home/nuctella/my_ros2_ws/install/start_with_simple_nodes_py:/home/nuctella/my_ros2_ws/install/rosbot_object_recognition:/home/nuctella/my_ros2_ws/install/publisher_and_subscriber_py:/opt/ros/humble LD_LIBRARY_PATH=/home/nuctella/my_ros2_ws/src/install/custom_msg_and_srv/lib:${LD_LIBRARY_PATH} PYTHONPATH=/home/nuctella/my_ros2_ws/src/install/custom_msg_and_srv/local/lib/python3.10/dist-packages:${PYTHONPATH} /usr/bin/cmake /home/nuctella/my_ros2_ws/src/ROS2_learning/CPP/service_server_and_client -DAMENT_CMAKE_SYMLINK_INSTALL=1 -DCMAKE_INSTALL_PREFIX=/home/nuctella/my_ros2_ws/src/install/service_server_and_client
[33.069s] -- The C compiler identification is GNU 11.3.0
[43.699s] -- The CXX compiler identification is GNU 11.3.0
[45.872s] -- Detecting C compiler ABI info
[79.095s] -- Detecting C compiler ABI info - done
[79.273s] -- Check for working C compiler: /usr/bin/cc - skipped
[79.280s] -- Detecting C compile features
[79.288s] -- Detecting C compile features - done
[79.791s] -- Detecting CXX compiler ABI info
[111.307s] -- Detecting CXX compiler ABI info - done
[111.476s] -- Check for working CXX compiler: /usr/bin/c++ - skipped
[111.486s] -- Detecting CXX compile features
[111.493s] -- Detecting CXX compile features - done
[120.013s] -- Found ament_cmake: 1.3.4 (/opt/ros/humble/share/ament_cmake/cmake)
[259.217s] -- Found Python3: /usr/bin/python3.10 (found version "3.10.6") found components: Interpreter 
[277.563s] -- Override CMake install command with custom implementation using symlinks instead of copying resources
[421.911s] -- Found rclcpp: 16.0.4 (/opt/ros/humble/share/rclcpp/cmake)
[531.486s] -- Found rosidl_generator_c: 3.1.4 (/opt/ros/humble/share/rosidl_generator_c/cmake)
[552.311s] -- Found rosidl_adapter: 3.1.4 (/opt/ros/humble/share/rosidl_adapter/cmake)
[566.771s] -- Found rosidl_generator_cpp: 3.1.4 (/opt/ros/humble/share/rosidl_generator_cpp/cmake)
[575.102s] -- Using all available rosidl_typesupport_c: rosidl_typesupport_fastrtps_c;rosidl_typesupport_introspection_c
[582.603s] -- Using all available rosidl_typesupport_cpp: rosidl_typesupport_fastrtps_cpp;rosidl_typesupport_introspection_cpp
[631.097s] -- Found rmw_implementation_cmake: 6.1.1 (/opt/ros/humble/share/rmw_implementation_cmake/cmake)
[638.041s] -- Found rmw_fastrtps_cpp: 6.2.2 (/opt/ros/humble/share/rmw_fastrtps_cpp/cmake)
[716.846s] -- Found OpenSSL: /usr/lib/x86_64-linux-gnu/libcrypto.so (found version "3.0.2")  
[725.368s] -- Found FastRTPS: /opt/ros/humble/include  
[737.929s] -- Using RMW implementation 'rmw_fastrtps_cpp' as default
[753.461s] -- Looking for pthread.h
[775.344s] -- Looking for pthread.h - found
[775.386s] -- Performing Test CMAKE_HAVE_LIBC_PTHREAD
[794.244s] -- Performing Test CMAKE_HAVE_LIBC_PTHREAD - Success
[794.261s] -- Found Threads: TRUE  
[811.855s] -- Found custom_msg_and_srv: 0.0.0 (/home/nuctella/my_ros2_ws/src/install/custom_msg_and_srv/share/custom_msg_and_srv/cmake)
[818.475s] -- Found ament_lint_auto: 0.12.6 (/opt/ros/humble/share/ament_lint_auto/cmake)
[863.154s] -- Added test 'copyright' to check source files copyright and LICENSE
[865.024s] -- Added test 'cppcheck' to perform static code analysis on C / C++ code
[865.027s] -- Configured cppcheck include dirs: 
[865.032s] -- Configured cppcheck exclude dirs and/or files: 
[866.848s] -- Added test 'cpplint' to check C / C++ code against the Google style
[866.851s] -- Configured cpplint exclude dirs and/or files: 
[867.972s] -- Added test 'lint_cmake' to check CMake code style
[869.927s] -- Added test 'uncrustify' to check C / C++ code style
[869.930s] -- Configured uncrustify additional arguments: 
[870.798s] -- Added test 'xmllint' to check XML markup files
[872.771s] -- Configuring done
[876.535s] -- Generating done
[876.875s] -- Build files have been written to: /home/nuctella/my_ros2_ws/src/build/service_server_and_client
[876.891s] Invoked command in '/home/nuctella/my_ros2_ws/src/build/service_server_and_client' returned '0': AMENT_PREFIX_PATH=/home/nuctella/my_ros2_ws/src/install/custom_msg_and_srv:${AMENT_PREFIX_PATH} CMAKE_PREFIX_PATH=/home/nuctella/my_ros2_ws/src/install/custom_msg_and_srv:/home/nuctella/my_ros2_ws/install/vehicle_plugins:/home/nuctella/my_ros2_ws/install/vehicle_base:/home/nuctella/my_ros2_ws/install/use_library:/home/nuctella/my_ros2_ws/install/start_with_simple_nodes:/home/nuctella/my_ros2_ws/install/service_server_and_client:/home/nuctella/my_ros2_ws/install/rosbot_interfaces:/home/nuctella/my_ros2_ws/install/publisher_library:/home/nuctella/my_ros2_ws/install/publisher_and_subscriber:/home/nuctella/my_ros2_ws/install/parameters:/home/nuctella/my_ros2_ws/install/message_sync:/home/nuctella/my_ros2_ws/install/dynamic_tf2_publisher:/home/nuctella/my_ros2_ws/install/custom_msg_and_srv:/home/nuctella/my_ros2_ws/install/action_tutorial:/home/nuctella/my_ros2_ws/install/custom_action:/home/nuctella/my_ros2_ws/install/core:/home/nuctella/ros2_ws/ws/install/rosbot_xl:/home/nuctella/ros2_ws/ws/install/rosbot_xl_gazebo:/home/nuctella/ros2_ws/ws/install/rosbot_xl_bringup:/home/nuctella/ros2_ws/ws/install/rosbot_xl_controller:/home/nuctella/ros2_ws/ws/install/rosbot_xl_description:/home/nuctella/ros2_ws/ws/install/rosbot_hardware_interfaces:/home/nuctella/ros2_ws/ws/install/ros_components_description:/home/nuctella/ros2_ws/ws/install/mecanum_drive_controller:/home/nuctella/ros2_ws/ws/install/ign_ros2_control_demos:/home/nuctella/ros2_ws/ws/install/ign_ros2_control:/home/nuctella/ros2_ws/ws/install/husarion_office_gz:/home/nuctella/ros2_ws/deps/install/sllidar_ros2:/home/nuctella/ros2_ws/deps/install/micro_ros_setup:/home/nuctella/ros2_ws/deps/install/micro_ros_agent:/home/nuctella/ros2_ws/deps/install/micro_ros_msgs:/home/nuctella/my_ros2_ws/install/start_with_simple_nodes_py:/home/nuctella/my_ros2_ws/install/rosbot_object_recognition:/home/nuctella/my_ros2_ws/install/publisher_and_subscriber_py:/opt/ros/humble LD_LIBRARY_PATH=/home/nuctella/my_ros2_ws/src/install/custom_msg_and_srv/lib:${LD_LIBRARY_PATH} PYTHONPATH=/home/nuctella/my_ros2_ws/src/install/custom_msg_and_srv/local/lib/python3.10/dist-packages:${PYTHONPATH} /usr/bin/cmake /home/nuctella/my_ros2_ws/src/ROS2_learning/CPP/service_server_and_client -DAMENT_CMAKE_SYMLINK_INSTALL=1 -DCMAKE_INSTALL_PREFIX=/home/nuctella/my_ros2_ws/src/install/service_server_and_client
[876.918s] Invoking command in '/home/nuctella/my_ros2_ws/src/build/service_server_and_client': AMENT_PREFIX_PATH=/home/nuctella/my_ros2_ws/src/install/custom_msg_and_srv:${AMENT_PREFIX_PATH} CMAKE_PREFIX_PATH=/home/nuctella/my_ros2_ws/src/install/custom_msg_and_srv:/home/nuctella/my_ros2_ws/install/vehicle_plugins:/home/nuctella/my_ros2_ws/install/vehicle_base:/home/nuctella/my_ros2_ws/install/use_library:/home/nuctella/my_ros2_ws/install/start_with_simple_nodes:/home/nuctella/my_ros2_ws/install/service_server_and_client:/home/nuctella/my_ros2_ws/install/rosbot_interfaces:/home/nuctella/my_ros2_ws/install/publisher_library:/home/nuctella/my_ros2_ws/install/publisher_and_subscriber:/home/nuctella/my_ros2_ws/install/parameters:/home/nuctella/my_ros2_ws/install/message_sync:/home/nuctella/my_ros2_ws/install/dynamic_tf2_publisher:/home/nuctella/my_ros2_ws/install/custom_msg_and_srv:/home/nuctella/my_ros2_ws/install/action_tutorial:/home/nuctella/my_ros2_ws/install/custom_action:/home/nuctella/my_ros2_ws/install/core:/home/nuctella/ros2_ws/ws/install/rosbot_xl:/home/nuctella/ros2_ws/ws/install/rosbot_xl_gazebo:/home/nuctella/ros2_ws/ws/install/rosbot_xl_bringup:/home/nuctella/ros2_ws/ws/install/rosbot_xl_controller:/home/nuctella/ros2_ws/ws/install/rosbot_xl_description:/home/nuctella/ros2_ws/ws/install/rosbot_hardware_interfaces:/home/nuctella/ros2_ws/ws/install/ros_components_description:/home/nuctella/ros2_ws/ws/install/mecanum_drive_controller:/home/nuctella/ros2_ws/ws/install/ign_ros2_control_demos:/home/nuctella/ros2_ws/ws/install/ign_ros2_control:/home/nuctella/ros2_ws/ws/install/husarion_office_gz:/home/nuctella/ros2_ws/deps/install/sllidar_ros2:/home/nuctella/ros2_ws/deps/install/micro_ros_setup:/home/nuctella/ros2_ws/deps/install/micro_ros_agent:/home/nuctella/ros2_ws/deps/install/micro_ros_msgs:/home/nuctella/my_ros2_ws/install/start_with_simple_nodes_py:/home/nuctella/my_ros2_ws/install/rosbot_object_recognition:/home/nuctella/my_ros2_ws/install/publisher_and_subscriber_py:/opt/ros/humble LD_LIBRARY_PATH=/home/nuctella/my_ros2_ws/src/install/custom_msg_and_srv/lib:${LD_LIBRARY_PATH} PYTHONPATH=/home/nuctella/my_ros2_ws/src/install/custom_msg_and_srv/local/lib/python3.10/dist-packages:${PYTHONPATH} /usr/bin/cmake --build /home/nuctella/my_ros2_ws/src/build/service_server_and_client -- -j8 -l8
[895.821s] [ 12%] [32mBuilding CXX object CMakeFiles/client_node_class.dir/src/client_node_class.cpp.o[0m
[896.628s] [ 25%] [32mBuilding CXX object CMakeFiles/client_node.dir/src/client_node.cpp.o[0m
[896.831s] [ 37%] [32mBuilding CXX object CMakeFiles/service_node.dir/src/service_node.cpp.o[0m
[897.618s] [ 50%] [32mBuilding CXX object CMakeFiles/service_node_class.dir/src/service_node_class.cpp.o[0m
[921.006s] [ 62%] [32m[1mLinking CXX executable client_node[0m
[922.976s] [ 75%] [32m[1mLinking CXX executable client_node_class[0m
[929.929s] [ 87%] [32m[1mLinking CXX executable service_node_class[0m
[930.987s] [100%] [32m[1mLinking CXX executable service_node[0m
[940.128s] [100%] Built target client_node
[941.469s] [100%] Built target client_node_class
[945.671s] [100%] Built target service_node
[945.914s] [100%] Built target service_node_class
[948.573s] Invoked command in '/home/nuctella/my_ros2_ws/src/build/service_server_and_client' returned '0': AMENT_PREFIX_PATH=/home/nuctella/my_ros2_ws/src/install/custom_msg_and_srv:${AMENT_PREFIX_PATH} CMAKE_PREFIX_PATH=/home/nuctella/my_ros2_ws/src/install/custom_msg_and_srv:/home/nuctella/my_ros2_ws/install/vehicle_plugins:/home/nuctella/my_ros2_ws/install/vehicle_base:/home/nuctella/my_ros2_ws/install/use_library:/home/nuctella/my_ros2_ws/install/start_with_simple_nodes:/home/nuctella/my_ros2_ws/install/service_server_and_client:/home/nuctella/my_ros2_ws/install/rosbot_interfaces:/home/nuctella/my_ros2_ws/install/publisher_library:/home/nuctella/my_ros2_ws/install/publisher_and_subscriber:/home/nuctella/my_ros2_ws/install/parameters:/home/nuctella/my_ros2_ws/install/message_sync:/home/nuctella/my_ros2_ws/install/dynamic_tf2_publisher:/home/nuctella/my_ros2_ws/install/custom_msg_and_srv:/home/nuctella/my_ros2_ws/install/action_tutorial:/home/nuctella/my_ros2_ws/install/custom_action:/home/nuctella/my_ros2_ws/install/core:/home/nuctella/ros2_ws/ws/install/rosbot_xl:/home/nuctella/ros2_ws/ws/install/rosbot_xl_gazebo:/home/nuctella/ros2_ws/ws/install/rosbot_xl_bringup:/home/nuctella/ros2_ws/ws/install/rosbot_xl_controller:/home/nuctella/ros2_ws/ws/install/rosbot_xl_description:/home/nuctella/ros2_ws/ws/install/rosbot_hardware_interfaces:/home/nuctella/ros2_ws/ws/install/ros_components_description:/home/nuctella/ros2_ws/ws/install/mecanum_drive_controller:/home/nuctella/ros2_ws/ws/install/ign_ros2_control_demos:/home/nuctella/ros2_ws/ws/install/ign_ros2_control:/home/nuctella/ros2_ws/ws/install/husarion_office_gz:/home/nuctella/ros2_ws/deps/install/sllidar_ros2:/home/nuctella/ros2_ws/deps/install/micro_ros_setup:/home/nuctella/ros2_ws/deps/install/micro_ros_agent:/home/nuctella/ros2_ws/deps/install/micro_ros_msgs:/home/nuctella/my_ros2_ws/install/start_with_simple_nodes_py:/home/nuctella/my_ros2_ws/install/rosbot_object_recognition:/home/nuctella/my_ros2_ws/install/publisher_and_subscriber_py:/opt/ros/humble LD_LIBRARY_PATH=/home/nuctella/my_ros2_ws/src/install/custom_msg_and_srv/lib:${LD_LIBRARY_PATH} PYTHONPATH=/home/nuctella/my_ros2_ws/src/install/custom_msg_and_srv/local/lib/python3.10/dist-packages:${PYTHONPATH} /usr/bin/cmake --build /home/nuctella/my_ros2_ws/src/build/service_server_and_client -- -j8 -l8
[978.301s] Invoking command in '/home/nuctella/my_ros2_ws/src/build/service_server_and_client': AMENT_PREFIX_PATH=/home/nuctella/my_ros2_ws/src/install/custom_msg_and_srv:${AMENT_PREFIX_PATH} CMAKE_PREFIX_PATH=/home/nuctella/my_ros2_ws/src/install/custom_msg_and_srv:/home/nuctella/my_ros2_ws/install/vehicle_plugins:/home/nuctella/my_ros2_ws/install/vehicle_base:/home/nuctella/my_ros2_ws/install/use_library:/home/nuctella/my_ros2_ws/install/start_with_simple_nodes:/home/nuctella/my_ros2_ws/install/service_server_and_client:/home/nuctella/my_ros2_ws/install/rosbot_interfaces:/home/nuctella/my_ros2_ws/install/publisher_library:/home/nuctella/my_ros2_ws/install/publisher_and_subscriber:/home/nuctella/my_ros2_ws/install/parameters:/home/nuctella/my_ros2_ws/install/message_sync:/home/nuctella/my_ros2_ws/install/dynamic_tf2_publisher:/home/nuctella/my_ros2_ws/install/custom_msg_and_srv:/home/nuctella/my_ros2_ws/install/action_tutorial:/home/nuctella/my_ros2_ws/install/custom_action:/home/nuctella/my_ros2_ws/install/core:/home/nuctella/ros2_ws/ws/install/rosbot_xl:/home/nuctella/ros2_ws/ws/install/rosbot_xl_gazebo:/home/nuctella/ros2_ws/ws/install/rosbot_xl_bringup:/home/nuctella/ros2_ws/ws/install/rosbot_xl_controller:/home/nuctella/ros2_ws/ws/install/rosbot_xl_description:/home/nuctella/ros2_ws/ws/install/rosbot_hardware_interfaces:/home/nuctella/ros2_ws/ws/install/ros_components_description:/home/nuctella/ros2_ws/ws/install/mecanum_drive_controller:/home/nuctella/ros2_ws/ws/install/ign_ros2_control_demos:/home/nuctella/ros2_ws/ws/install/ign_ros2_control:/home/nuctella/ros2_ws/ws/install/husarion_office_gz:/home/nuctella/ros2_ws/deps/install/sllidar_ros2:/home/nuctella/ros2_ws/deps/install/micro_ros_setup:/home/nuctella/ros2_ws/deps/install/micro_ros_agent:/home/nuctella/ros2_ws/deps/install/micro_ros_msgs:/home/nuctella/my_ros2_ws/install/start_with_simple_nodes_py:/home/nuctella/my_ros2_ws/install/rosbot_object_recognition:/home/nuctella/my_ros2_ws/install/publisher_and_subscriber_py:/opt/ros/humble LD_LIBRARY_PATH=/home/nuctella/my_ros2_ws/src/install/custom_msg_and_srv/lib:${LD_LIBRARY_PATH} PYTHONPATH=/home/nuctella/my_ros2_ws/src/install/custom_msg_and_srv/local/lib/python3.10/dist-packages:${PYTHONPATH} /usr/bin/cmake --install /home/nuctella/my_ros2_ws/src/build/service_server_and_client
[982.116s] -- Install configuration: ""
[982.159s] -- Execute custom install script
[982.262s] -- Symlinking: /home/nuctella/my_ros2_ws/src/install/service_server_and_client/lib/service_server_and_client/service_node
[986.569s] -- Symlinking: /home/nuctella/my_ros2_ws/src/install/service_server_and_client/lib/service_server_and_client/client_node
[990.709s] -- Symlinking: /home/nuctella/my_ros2_ws/src/install/service_server_and_client/lib/service_server_and_client/client_node_class
[994.453s] -- Symlinking: /home/nuctella/my_ros2_ws/src/install/service_server_and_client/lib/service_server_and_client/service_node_class
[998.266s] -- Symlinking: /home/nuctella/my_ros2_ws/src/install/service_server_and_client/share/ament_index/resource_index/package_run_dependencies/service_server_and_client
[1002.747s] -- Symlinking: /home/nuctella/my_ros2_ws/src/install/service_server_and_client/share/ament_index/resource_index/parent_prefix_path/service_server_and_client
[1006.866s] -- Symlinking: /home/nuctella/my_ros2_ws/src/install/service_server_and_client/share/service_server_and_client/environment/ament_prefix_path.sh
[1010.466s] -- Symlinking: /home/nuctella/my_ros2_ws/src/install/service_server_and_client/share/service_server_and_client/environment/ament_prefix_path.dsv
[1013.826s] -- Symlinking: /home/nuctella/my_ros2_ws/src/install/service_server_and_client/share/service_server_and_client/environment/path.sh
[1016.852s] -- Symlinking: /home/nuctella/my_ros2_ws/src/install/service_server_and_client/share/service_server_and_client/environment/path.dsv
[1019.690s] -- Symlinking: /home/nuctella/my_ros2_ws/src/install/service_server_and_client/share/service_server_and_client/local_setup.bash
[1022.368s] -- Symlinking: /home/nuctella/my_ros2_ws/src/install/service_server_and_client/share/service_server_and_client/local_setup.sh
[1024.988s] -- Symlinking: /home/nuctella/my_ros2_ws/src/install/service_server_and_client/share/service_server_and_client/local_setup.zsh
[1027.635s] -- Symlinking: /home/nuctella/my_ros2_ws/src/install/service_server_and_client/share/service_server_and_client/local_setup.dsv
[1030.283s] -- Symlinking: /home/nuctella/my_ros2_ws/src/install/service_server_and_client/share/service_server_and_client/package.dsv
[1033.119s] -- Symlinking: /home/nuctella/my_ros2_ws/src/install/service_server_and_client/share/ament_index/resource_index/packages/service_server_and_client
[1035.686s] -- Symlinking: /home/nuctella/my_ros2_ws/src/install/service_server_and_client/share/service_server_and_client/cmake/ament_cmake_export_dependencies-extras.cmake
[1038.423s] -- Symlinking: /home/nuctella/my_ros2_ws/src/install/service_server_and_client/share/service_server_and_client/cmake/service_server_and_clientConfig.cmake
[1040.865s] -- Symlinking: /home/nuctella/my_ros2_ws/src/install/service_server_and_client/share/service_server_and_client/cmake/service_server_and_clientConfig-version.cmake
[1043.395s] -- Symlinking: /home/nuctella/my_ros2_ws/src/install/service_server_and_client/share/service_server_and_client/package.xml
[1045.785s] Invoked command in '/home/nuctella/my_ros2_ws/src/build/service_server_and_client' returned '0': AMENT_PREFIX_PATH=/home/nuctella/my_ros2_ws/src/install/custom_msg_and_srv:${AMENT_PREFIX_PATH} CMAKE_PREFIX_PATH=/home/nuctella/my_ros2_ws/src/install/custom_msg_and_srv:/home/nuctella/my_ros2_ws/install/vehicle_plugins:/home/nuctella/my_ros2_ws/install/vehicle_base:/home/nuctella/my_ros2_ws/install/use_library:/home/nuctella/my_ros2_ws/install/start_with_simple_nodes:/home/nuctella/my_ros2_ws/install/service_server_and_client:/home/nuctella/my_ros2_ws/install/rosbot_interfaces:/home/nuctella/my_ros2_ws/install/publisher_library:/home/nuctella/my_ros2_ws/install/publisher_and_subscriber:/home/nuctella/my_ros2_ws/install/parameters:/home/nuctella/my_ros2_ws/install/message_sync:/home/nuctella/my_ros2_ws/install/dynamic_tf2_publisher:/home/nuctella/my_ros2_ws/install/custom_msg_and_srv:/home/nuctella/my_ros2_ws/install/action_tutorial:/home/nuctella/my_ros2_ws/install/custom_action:/home/nuctella/my_ros2_ws/install/core:/home/nuctella/ros2_ws/ws/install/rosbot_xl:/home/nuctella/ros2_ws/ws/install/rosbot_xl_gazebo:/home/nuctella/ros2_ws/ws/install/rosbot_xl_bringup:/home/nuctella/ros2_ws/ws/install/rosbot_xl_controller:/home/nuctella/ros2_ws/ws/install/rosbot_xl_description:/home/nuctella/ros2_ws/ws/install/rosbot_hardware_interfaces:/home/nuctella/ros2_ws/ws/install/ros_components_description:/home/nuctella/ros2_ws/ws/install/mecanum_drive_controller:/home/nuctella/ros2_ws/ws/install/ign_ros2_control_demos:/home/nuctella/ros2_ws/ws/install/ign_ros2_control:/home/nuctella/ros2_ws/ws/install/husarion_office_gz:/home/nuctella/ros2_ws/deps/install/sllidar_ros2:/home/nuctella/ros2_ws/deps/install/micro_ros_setup:/home/nuctella/ros2_ws/deps/install/micro_ros_agent:/home/nuctella/ros2_ws/deps/install/micro_ros_msgs:/home/nuctella/my_ros2_ws/install/start_with_simple_nodes_py:/home/nuctella/my_ros2_ws/install/rosbot_object_recognition:/home/nuctella/my_ros2_ws/install/publisher_and_subscriber_py:/opt/ros/humble LD_LIBRARY_PATH=/home/nuctella/my_ros2_ws/src/install/custom_msg_and_srv/lib:${LD_LIBRARY_PATH} PYTHONPATH=/home/nuctella/my_ros2_ws/src/install/custom_msg_and_srv/local/lib/python3.10/dist-packages:${PYTHONPATH} /usr/bin/cmake --install /home/nuctella/my_ros2_ws/src/build/service_server_and_client
