[0.010s] Invoking command in '/home/nuctella/ros2_ws/ws/build/rosbot_xl_bringup': AMENT_PREFIX_PATH=/home/nuctella/ros2_ws/ws/install/rosbot_xl_controller:/home/nuctella/ros2_ws/ws/install/rosbot_xl_description:/home/nuctella/ros2_ws/ws/install/rosbot_hardware_interfaces:/home/nuctella/ros2_ws/ws/install/ros_components_description:/home/nuctella/ros2_ws/ws/install/mecanum_drive_controller:${AMENT_PREFIX_PATH} CMAKE_PREFIX_PATH=/home/nuctella/ros2_ws/ws/install/rosbot_xl_controller:/home/nuctella/ros2_ws/ws/install/rosbot_xl_description:/home/nuctella/ros2_ws/ws/install/rosbot_hardware_interfaces:/home/nuctella/ros2_ws/ws/install/ros_components_description:/home/nuctella/ros2_ws/ws/install/mecanum_drive_controller:/home/nuctella/my_ros2_ws/install/core:/home/nuctella/ros2_ws/deps/install/sllidar_ros2:/home/nuctella/ros2_ws/deps/install/micro_ros_setup:/home/nuctella/ros2_ws/deps/install/micro_ros_agent:/home/nuctella/ros2_ws/deps/install/micro_ros_msgs:/home/nuctella/my_ros2_ws/install/rosbot_object_recognition:/opt/ros/humble LD_LIBRARY_PATH=/home/nuctella/ros2_ws/ws/install/rosbot_hardware_interfaces/lib:/home/nuctella/ros2_ws/ws/install/mecanum_drive_controller/lib:${LD_LIBRARY_PATH} /usr/bin/cmake /home/nuctella/ros2_ws/ws/src/rosbot_xl_ros/rosbot_xl_bringup -DAMENT_CMAKE_SYMLINK_INSTALL=1 -DCMAKE_INSTALL_PREFIX=/home/nuctella/ros2_ws/ws/install/rosbot_xl_bringup
[0.040s] -- The C compiler identification is GNU 11.4.0
[0.070s] -- The CXX compiler identification is GNU 11.4.0
[0.074s] -- Detecting C compiler ABI info
[0.111s] -- Detecting C compiler ABI info - done
[0.115s] -- Check for working C compiler: /usr/bin/cc - skipped
[0.115s] -- Detecting C compile features
[0.116s] -- Detecting C compile features - done
[0.117s] -- Detecting CXX compiler ABI info
[0.161s] -- Detecting CXX compiler ABI info - done
[0.166s] -- Check for working CXX compiler: /usr/bin/c++ - skipped
[0.166s] -- Detecting CXX compile features
[0.166s] -- Detecting CXX compile features - done
[0.169s] -- Found ament_cmake: 1.3.5 (/opt/ros/humble/share/ament_cmake/cmake)
[0.382s] -- Found Python3: /usr/bin/python3.10 (found version "3.10.12") found components: Interpreter 
[0.419s] -- Override CMake install command with custom implementation using symlinks instead of copying resources
[0.483s] -- Configuring done
[0.484s] -- Generating done
[0.485s] -- Build files have been written to: /home/nuctella/ros2_ws/ws/build/rosbot_xl_bringup
[0.487s] Invoked command in '/home/nuctella/ros2_ws/ws/build/rosbot_xl_bringup' returned '0': AMENT_PREFIX_PATH=/home/nuctella/ros2_ws/ws/install/rosbot_xl_controller:/home/nuctella/ros2_ws/ws/install/rosbot_xl_description:/home/nuctella/ros2_ws/ws/install/rosbot_hardware_interfaces:/home/nuctella/ros2_ws/ws/install/ros_components_description:/home/nuctella/ros2_ws/ws/install/mecanum_drive_controller:${AMENT_PREFIX_PATH} CMAKE_PREFIX_PATH=/home/nuctella/ros2_ws/ws/install/rosbot_xl_controller:/home/nuctella/ros2_ws/ws/install/rosbot_xl_description:/home/nuctella/ros2_ws/ws/install/rosbot_hardware_interfaces:/home/nuctella/ros2_ws/ws/install/ros_components_description:/home/nuctella/ros2_ws/ws/install/mecanum_drive_controller:/home/nuctella/my_ros2_ws/install/core:/home/nuctella/ros2_ws/deps/install/sllidar_ros2:/home/nuctella/ros2_ws/deps/install/micro_ros_setup:/home/nuctella/ros2_ws/deps/install/micro_ros_agent:/home/nuctella/ros2_ws/deps/install/micro_ros_msgs:/home/nuctella/my_ros2_ws/install/rosbot_object_recognition:/opt/ros/humble LD_LIBRARY_PATH=/home/nuctella/ros2_ws/ws/install/rosbot_hardware_interfaces/lib:/home/nuctella/ros2_ws/ws/install/mecanum_drive_controller/lib:${LD_LIBRARY_PATH} /usr/bin/cmake /home/nuctella/ros2_ws/ws/src/rosbot_xl_ros/rosbot_xl_bringup -DAMENT_CMAKE_SYMLINK_INSTALL=1 -DCMAKE_INSTALL_PREFIX=/home/nuctella/ros2_ws/ws/install/rosbot_xl_bringup
[0.487s] Invoking command in '/home/nuctella/ros2_ws/ws/build/rosbot_xl_bringup': AMENT_PREFIX_PATH=/home/nuctella/ros2_ws/ws/install/rosbot_xl_controller:/home/nuctella/ros2_ws/ws/install/rosbot_xl_description:/home/nuctella/ros2_ws/ws/install/rosbot_hardware_interfaces:/home/nuctella/ros2_ws/ws/install/ros_components_description:/home/nuctella/ros2_ws/ws/install/mecanum_drive_controller:${AMENT_PREFIX_PATH} CMAKE_PREFIX_PATH=/home/nuctella/ros2_ws/ws/install/rosbot_xl_controller:/home/nuctella/ros2_ws/ws/install/rosbot_xl_description:/home/nuctella/ros2_ws/ws/install/rosbot_hardware_interfaces:/home/nuctella/ros2_ws/ws/install/ros_components_description:/home/nuctella/ros2_ws/ws/install/mecanum_drive_controller:/home/nuctella/my_ros2_ws/install/core:/home/nuctella/ros2_ws/deps/install/sllidar_ros2:/home/nuctella/ros2_ws/deps/install/micro_ros_setup:/home/nuctella/ros2_ws/deps/install/micro_ros_agent:/home/nuctella/ros2_ws/deps/install/micro_ros_msgs:/home/nuctella/my_ros2_ws/install/rosbot_object_recognition:/opt/ros/humble LD_LIBRARY_PATH=/home/nuctella/ros2_ws/ws/install/rosbot_hardware_interfaces/lib:/home/nuctella/ros2_ws/ws/install/mecanum_drive_controller/lib:${LD_LIBRARY_PATH} /usr/bin/cmake --build /home/nuctella/ros2_ws/ws/build/rosbot_xl_bringup -- -j20 -l20
[0.506s] Invoked command in '/home/nuctella/ros2_ws/ws/build/rosbot_xl_bringup' returned '0': AMENT_PREFIX_PATH=/home/nuctella/ros2_ws/ws/install/rosbot_xl_controller:/home/nuctella/ros2_ws/ws/install/rosbot_xl_description:/home/nuctella/ros2_ws/ws/install/rosbot_hardware_interfaces:/home/nuctella/ros2_ws/ws/install/ros_components_description:/home/nuctella/ros2_ws/ws/install/mecanum_drive_controller:${AMENT_PREFIX_PATH} CMAKE_PREFIX_PATH=/home/nuctella/ros2_ws/ws/install/rosbot_xl_controller:/home/nuctella/ros2_ws/ws/install/rosbot_xl_description:/home/nuctella/ros2_ws/ws/install/rosbot_hardware_interfaces:/home/nuctella/ros2_ws/ws/install/ros_components_description:/home/nuctella/ros2_ws/ws/install/mecanum_drive_controller:/home/nuctella/my_ros2_ws/install/core:/home/nuctella/ros2_ws/deps/install/sllidar_ros2:/home/nuctella/ros2_ws/deps/install/micro_ros_setup:/home/nuctella/ros2_ws/deps/install/micro_ros_agent:/home/nuctella/ros2_ws/deps/install/micro_ros_msgs:/home/nuctella/my_ros2_ws/install/rosbot_object_recognition:/opt/ros/humble LD_LIBRARY_PATH=/home/nuctella/ros2_ws/ws/install/rosbot_hardware_interfaces/lib:/home/nuctella/ros2_ws/ws/install/mecanum_drive_controller/lib:${LD_LIBRARY_PATH} /usr/bin/cmake --build /home/nuctella/ros2_ws/ws/build/rosbot_xl_bringup -- -j20 -l20
[0.517s] Invoking command in '/home/nuctella/ros2_ws/ws/build/rosbot_xl_bringup': AMENT_PREFIX_PATH=/home/nuctella/ros2_ws/ws/install/rosbot_xl_controller:/home/nuctella/ros2_ws/ws/install/rosbot_xl_description:/home/nuctella/ros2_ws/ws/install/rosbot_hardware_interfaces:/home/nuctella/ros2_ws/ws/install/ros_components_description:/home/nuctella/ros2_ws/ws/install/mecanum_drive_controller:${AMENT_PREFIX_PATH} CMAKE_PREFIX_PATH=/home/nuctella/ros2_ws/ws/install/rosbot_xl_controller:/home/nuctella/ros2_ws/ws/install/rosbot_xl_description:/home/nuctella/ros2_ws/ws/install/rosbot_hardware_interfaces:/home/nuctella/ros2_ws/ws/install/ros_components_description:/home/nuctella/ros2_ws/ws/install/mecanum_drive_controller:/home/nuctella/my_ros2_ws/install/core:/home/nuctella/ros2_ws/deps/install/sllidar_ros2:/home/nuctella/ros2_ws/deps/install/micro_ros_setup:/home/nuctella/ros2_ws/deps/install/micro_ros_agent:/home/nuctella/ros2_ws/deps/install/micro_ros_msgs:/home/nuctella/my_ros2_ws/install/rosbot_object_recognition:/opt/ros/humble LD_LIBRARY_PATH=/home/nuctella/ros2_ws/ws/install/rosbot_hardware_interfaces/lib:/home/nuctella/ros2_ws/ws/install/mecanum_drive_controller/lib:${LD_LIBRARY_PATH} /usr/bin/cmake --install /home/nuctella/ros2_ws/ws/build/rosbot_xl_bringup
[0.521s] -- Install configuration: ""
[0.522s] -- Execute custom install script
[0.522s] -- Symlinking: /home/nuctella/ros2_ws/ws/install/rosbot_xl_bringup/share/rosbot_xl_bringup/launch/bringup.launch.py
[0.526s] -- Symlinking: /home/nuctella/ros2_ws/ws/install/rosbot_xl_bringup/share/rosbot_xl_bringup/config/ekf.yaml
[0.530s] -- Symlinking: /home/nuctella/ros2_ws/ws/install/rosbot_xl_bringup/share/rosbot_xl_bringup/config/laser_filter.yaml
[0.534s] -- Symlinking: /home/nuctella/ros2_ws/ws/install/rosbot_xl_bringup/share/ament_index/resource_index/package_run_dependencies/rosbot_xl_bringup
[0.538s] -- Symlinking: /home/nuctella/ros2_ws/ws/install/rosbot_xl_bringup/share/ament_index/resource_index/parent_prefix_path/rosbot_xl_bringup
[0.542s] -- Symlinking: /home/nuctella/ros2_ws/ws/install/rosbot_xl_bringup/share/rosbot_xl_bringup/environment/ament_prefix_path.sh
[0.546s] -- Symlinking: /home/nuctella/ros2_ws/ws/install/rosbot_xl_bringup/share/rosbot_xl_bringup/environment/ament_prefix_path.dsv
[0.550s] -- Symlinking: /home/nuctella/ros2_ws/ws/install/rosbot_xl_bringup/share/rosbot_xl_bringup/environment/path.sh
[0.554s] -- Symlinking: /home/nuctella/ros2_ws/ws/install/rosbot_xl_bringup/share/rosbot_xl_bringup/environment/path.dsv
[0.558s] -- Symlinking: /home/nuctella/ros2_ws/ws/install/rosbot_xl_bringup/share/rosbot_xl_bringup/local_setup.bash
[0.562s] -- Symlinking: /home/nuctella/ros2_ws/ws/install/rosbot_xl_bringup/share/rosbot_xl_bringup/local_setup.sh
[0.566s] -- Symlinking: /home/nuctella/ros2_ws/ws/install/rosbot_xl_bringup/share/rosbot_xl_bringup/local_setup.zsh
[0.570s] -- Symlinking: /home/nuctella/ros2_ws/ws/install/rosbot_xl_bringup/share/rosbot_xl_bringup/local_setup.dsv
[0.573s] -- Symlinking: /home/nuctella/ros2_ws/ws/install/rosbot_xl_bringup/share/rosbot_xl_bringup/package.dsv
[0.577s] -- Symlinking: /home/nuctella/ros2_ws/ws/install/rosbot_xl_bringup/share/ament_index/resource_index/packages/rosbot_xl_bringup
[0.581s] -- Symlinking: /home/nuctella/ros2_ws/ws/install/rosbot_xl_bringup/share/rosbot_xl_bringup/cmake/rosbot_xl_bringupConfig.cmake
[0.586s] -- Symlinking: /home/nuctella/ros2_ws/ws/install/rosbot_xl_bringup/share/rosbot_xl_bringup/cmake/rosbot_xl_bringupConfig-version.cmake
[0.590s] -- Symlinking: /home/nuctella/ros2_ws/ws/install/rosbot_xl_bringup/share/rosbot_xl_bringup/package.xml
[0.595s] Invoked command in '/home/nuctella/ros2_ws/ws/build/rosbot_xl_bringup' returned '0': AMENT_PREFIX_PATH=/home/nuctella/ros2_ws/ws/install/rosbot_xl_controller:/home/nuctella/ros2_ws/ws/install/rosbot_xl_description:/home/nuctella/ros2_ws/ws/install/rosbot_hardware_interfaces:/home/nuctella/ros2_ws/ws/install/ros_components_description:/home/nuctella/ros2_ws/ws/install/mecanum_drive_controller:${AMENT_PREFIX_PATH} CMAKE_PREFIX_PATH=/home/nuctella/ros2_ws/ws/install/rosbot_xl_controller:/home/nuctella/ros2_ws/ws/install/rosbot_xl_description:/home/nuctella/ros2_ws/ws/install/rosbot_hardware_interfaces:/home/nuctella/ros2_ws/ws/install/ros_components_description:/home/nuctella/ros2_ws/ws/install/mecanum_drive_controller:/home/nuctella/my_ros2_ws/install/core:/home/nuctella/ros2_ws/deps/install/sllidar_ros2:/home/nuctella/ros2_ws/deps/install/micro_ros_setup:/home/nuctella/ros2_ws/deps/install/micro_ros_agent:/home/nuctella/ros2_ws/deps/install/micro_ros_msgs:/home/nuctella/my_ros2_ws/install/rosbot_object_recognition:/opt/ros/humble LD_LIBRARY_PATH=/home/nuctella/ros2_ws/ws/install/rosbot_hardware_interfaces/lib:/home/nuctella/ros2_ws/ws/install/mecanum_drive_controller/lib:${LD_LIBRARY_PATH} /usr/bin/cmake --install /home/nuctella/ros2_ws/ws/build/rosbot_xl_bringup
