[0.000000] (-) TimerEvent: {}
[0.000039] (core) JobQueued: {'identifier': 'core', 'dependencies': OrderedDict()}
[0.000054] (rosbot_object_recognition) JobQueued: {'identifier': 'rosbot_object_recognition', 'dependencies': OrderedDict()}
[0.000063] (core) JobStarted: {'identifier': 'core'}
[0.025795] (rosbot_object_recognition) JobStarted: {'identifier': 'rosbot_object_recognition'}
[0.057675] (core) JobProgress: {'identifier': 'core', 'progress': 'cmake'}
[0.057776] (core) Command: {'cmd': ['/usr/bin/cmake', '/home/nuctella/my_ros2_ws/src/core', '-DAMENT_CMAKE_SYMLINK_INSTALL=1', '-DCMAKE_INSTALL_PREFIX=/home/nuctella/my_ros2_ws/install/core'], 'cwd': '/home/nuctella/my_ros2_ws/build/core', 'env': OrderedDict([('HOSTNAME', '4c88facdac1a'), ('SHLVL', '0'), ('LD_LIBRARY_PATH', '/home/nuctella/ros2_ws/deps/install/micro_ros_agent/lib:/home/nuctella/ros2_ws/deps/install/micro_ros_msgs/lib:/opt/ros/humble/opt/rviz_ogre_vendor/lib:/opt/ros/humble/lib/x86_64-linux-gnu:/opt/ros/humble/lib'), ('HOME', '/home/nuctella'), ('OLDPWD', '/home/nuctella/ros2_ws/ws'), ('ROS_PYTHON_VERSION', '3'), ('COLCON_PREFIX_PATH', '/home/nuctella/ros2_ws/deps/install'), ('ROS_DISTRO', 'humble'), ('_', '/usr/bin/colcon'), ('ROS_VERSION', '2'), ('USERNAME', 'nuctella'), ('TERM', 'xterm-256color'), ('ROS_LOCALHOST_ONLY', '0'), ('PATH', '/opt/ros/humble/bin:/usr/local/sbin:/usr/local/bin:/usr/sbin:/usr/bin:/sbin:/bin:/usr/local/bin'), ('LANG', 'C.UTF-8'), ('AMENT_PREFIX_PATH', '/home/nuctella/ros2_ws/deps/install/sllidar_ros2:/home/nuctella/ros2_ws/deps/install/micro_ros_setup:/home/nuctella/ros2_ws/deps/install/micro_ros_agent:/home/nuctella/ros2_ws/deps/install/micro_ros_msgs:/opt/ros/humble'), ('DEBIAN_FRONTEND', 'noninteractive'), ('PWD', '/home/nuctella/my_ros2_ws/build/core'), ('LC_ALL', 'C.UTF-8'), ('PYTHONPATH', '/home/nuctella/ros2_ws/deps/install/micro_ros_msgs/local/lib/python3.10/dist-packages:/opt/ros/humble/lib/python3.10/site-packages:/opt/ros/humble/local/lib/python3.10/dist-packages'), ('HUSARION_ROS_BUILD', 'simulation'), ('COLCON', '1'), ('CMAKE_PREFIX_PATH', '/home/nuctella/ros2_ws/deps/install/sllidar_ros2:/home/nuctella/ros2_ws/deps/install/micro_ros_setup:/home/nuctella/ros2_ws/deps/install/micro_ros_agent:/home/nuctella/ros2_ws/deps/install/micro_ros_msgs:/opt/ros/humble')]), 'shell': False}
[0.099646] (-) TimerEvent: {}
[0.184259] (core) StdoutLine: {'line': b'-- The C compiler identification is GNU 11.4.0\n'}
[0.184372] (core) StdoutLine: {'line': b'-- The CXX compiler identification is GNU 11.4.0\n'}
[0.184425] (core) StdoutLine: {'line': b'-- Detecting C compiler ABI info\n'}
[0.184481] (core) StdoutLine: {'line': b'-- Detecting C compiler ABI info - done\n'}
[0.184510] (core) StdoutLine: {'line': b'-- Check for working C compiler: /usr/bin/cc - skipped\n'}
[0.184536] (core) StdoutLine: {'line': b'-- Detecting C compile features\n'}
[0.184573] (core) StdoutLine: {'line': b'-- Detecting C compile features - done\n'}
[0.184657] (core) StdoutLine: {'line': b'-- Detecting CXX compiler ABI info\n'}
[0.199828] (-) TimerEvent: {}
[0.209724] (core) StdoutLine: {'line': b'-- Detecting CXX compiler ABI info - done\n'}
[0.213878] (core) StdoutLine: {'line': b'-- Check for working CXX compiler: /usr/bin/c++ - skipped\n'}
[0.213982] (core) StdoutLine: {'line': b'-- Detecting CXX compile features\n'}
[0.214287] (core) StdoutLine: {'line': b'-- Detecting CXX compile features - done\n'}
[0.216509] (core) StdoutLine: {'line': b'-- Found ament_cmake: 1.3.5 (/opt/ros/humble/share/ament_cmake/cmake)\n'}
[0.299957] (-) TimerEvent: {}
[0.400126] (-) TimerEvent: {}
[0.420947] (core) StdoutLine: {'line': b'-- Found Python3: /usr/bin/python3.10 (found version "3.10.12") found components: Interpreter \n'}
[0.444488] (rosbot_object_recognition) Command: {'cmd': ['/usr/bin/python3', 'setup.py', 'develop', '--editable', '--build-directory', '/home/nuctella/my_ros2_ws/build/rosbot_object_recognition/build', '--no-deps', 'install_data'], 'cwd': '/home/nuctella/my_ros2_ws/build/rosbot_object_recognition', 'env': {'HOSTNAME': '4c88facdac1a', 'SHLVL': '0', 'LD_LIBRARY_PATH': '/home/nuctella/ros2_ws/deps/install/micro_ros_agent/lib:/home/nuctella/ros2_ws/deps/install/micro_ros_msgs/lib:/opt/ros/humble/opt/rviz_ogre_vendor/lib:/opt/ros/humble/lib/x86_64-linux-gnu:/opt/ros/humble/lib', 'HOME': '/home/nuctella', 'OLDPWD': '/home/nuctella/ros2_ws/ws', 'ROS_PYTHON_VERSION': '3', 'COLCON_PREFIX_PATH': '/home/nuctella/ros2_ws/deps/install', 'ROS_DISTRO': 'humble', '_': '/usr/bin/colcon', 'ROS_VERSION': '2', 'USERNAME': 'nuctella', 'TERM': 'xterm-256color', 'ROS_LOCALHOST_ONLY': '0', 'PATH': '/opt/ros/humble/bin:/usr/local/sbin:/usr/local/bin:/usr/sbin:/usr/bin:/sbin:/bin:/usr/local/bin', 'LANG': 'C.UTF-8', 'AMENT_PREFIX_PATH': '/home/nuctella/ros2_ws/deps/install/sllidar_ros2:/home/nuctella/ros2_ws/deps/install/micro_ros_setup:/home/nuctella/ros2_ws/deps/install/micro_ros_agent:/home/nuctella/ros2_ws/deps/install/micro_ros_msgs:/opt/ros/humble', 'DEBIAN_FRONTEND': 'noninteractive', 'PWD': '/home/nuctella/my_ros2_ws/build/rosbot_object_recognition', 'LC_ALL': 'C.UTF-8', 'PYTHONPATH': '/home/nuctella/my_ros2_ws/build/rosbot_object_recognition/prefix_override:/home/nuctella/my_ros2_ws/install/rosbot_object_recognition/lib/python3.10/site-packages:/home/nuctella/ros2_ws/deps/install/micro_ros_msgs/local/lib/python3.10/dist-packages:/opt/ros/humble/lib/python3.10/site-packages:/opt/ros/humble/local/lib/python3.10/dist-packages', 'HUSARION_ROS_BUILD': 'simulation', 'COLCON': '1', 'CMAKE_PREFIX_PATH': '/home/nuctella/ros2_ws/deps/install/sllidar_ros2:/home/nuctella/ros2_ws/deps/install/micro_ros_setup:/home/nuctella/ros2_ws/deps/install/micro_ros_agent:/home/nuctella/ros2_ws/deps/install/micro_ros_msgs'}, 'shell': False}
[0.457708] (core) StdoutLine: {'line': b'-- Override CMake install command with custom implementation using symlinks instead of copying resources\n'}
[0.479182] (core) StdoutLine: {'line': b'-- Found rclcpp: 16.0.6 (/opt/ros/humble/share/rclcpp/cmake)\n'}
[0.500300] (-) TimerEvent: {}
[0.510812] (core) StdoutLine: {'line': b'-- Found rosidl_generator_c: 3.1.5 (/opt/ros/humble/share/rosidl_generator_c/cmake)\n'}
[0.514371] (core) StdoutLine: {'line': b'-- Found rosidl_adapter: 3.1.5 (/opt/ros/humble/share/rosidl_adapter/cmake)\n'}
[0.520558] (core) StdoutLine: {'line': b'-- Found rosidl_generator_cpp: 3.1.5 (/opt/ros/humble/share/rosidl_generator_cpp/cmake)\n'}
[0.529782] (core) StdoutLine: {'line': b'-- Using all available rosidl_typesupport_c: rosidl_typesupport_fastrtps_c;rosidl_typesupport_introspection_c\n'}
[0.542782] (core) StdoutLine: {'line': b'-- Using all available rosidl_typesupport_cpp: rosidl_typesupport_fastrtps_cpp;rosidl_typesupport_introspection_cpp\n'}
[0.588418] (core) StdoutLine: {'line': b'-- Found rmw_implementation_cmake: 6.1.1 (/opt/ros/humble/share/rmw_implementation_cmake/cmake)\n'}
[0.590377] (core) StdoutLine: {'line': b'-- Found rmw_fastrtps_cpp: 6.2.4 (/opt/ros/humble/share/rmw_fastrtps_cpp/cmake)\n'}
[0.599863] (rosbot_object_recognition) StdoutLine: {'line': b'running develop\n'}
[0.599946] (rosbot_object_recognition) StderrLine: {'line': b'/home/nuctella/.local/lib/python3.10/site-packages/setuptools/command/develop.py:40: EasyInstallDeprecationWarning: easy_install command is deprecated.\n'}
[0.600011] (rosbot_object_recognition) StderrLine: {'line': b'!!\n'}
[0.600038] (rosbot_object_recognition) StderrLine: {'line': b'\n'}
[0.600064] (rosbot_object_recognition) StderrLine: {'line': b'        ********************************************************************************\n'}
[0.600090] (rosbot_object_recognition) StderrLine: {'line': b'        Please avoid running ``setup.py`` and ``easy_install``.\n'}
[0.600115] (rosbot_object_recognition) StderrLine: {'line': b'        Instead, use pypa/build, pypa/installer or other\n'}
[0.600141] (rosbot_object_recognition) StderrLine: {'line': b'        standards-based tools.\n'}
[0.600167] (rosbot_object_recognition) StderrLine: {'line': b'\n'}
[0.600191] (rosbot_object_recognition) StderrLine: {'line': b'        See https://github.com/pypa/setuptools/issues/917 for details.\n'}
[0.600216] (rosbot_object_recognition) StderrLine: {'line': b'        ********************************************************************************\n'}
[0.600244] (rosbot_object_recognition) StderrLine: {'line': b'\n'}
[0.600269] (rosbot_object_recognition) StderrLine: {'line': b'!!\n'}
[0.600294] (-) TimerEvent: {}
[0.600303] (rosbot_object_recognition) StderrLine: {'line': b'  easy_install.initialize_options(self)\n'}
[0.613042] (rosbot_object_recognition) StderrLine: {'line': b'/home/nuctella/.local/lib/python3.10/site-packages/setuptools/_distutils/cmd.py:66: SetuptoolsDeprecationWarning: setup.py install is deprecated.\n'}
[0.613128] (rosbot_object_recognition) StderrLine: {'line': b'!!\n'}
[0.613194] (rosbot_object_recognition) StderrLine: {'line': b'\n'}
[0.613228] (rosbot_object_recognition) StderrLine: {'line': b'        ********************************************************************************\n'}
[0.613263] (rosbot_object_recognition) StderrLine: {'line': b'        Please avoid running ``setup.py`` directly.\n'}
[0.613296] (rosbot_object_recognition) StderrLine: {'line': b'        Instead, use pypa/build, pypa/installer or other\n'}
[0.613327] (rosbot_object_recognition) StderrLine: {'line': b'        standards-based tools.\n'}
[0.613358] (rosbot_object_recognition) StderrLine: {'line': b'\n'}
[0.613387] (rosbot_object_recognition) StderrLine: {'line': b'        See https://blog.ganssle.io/articles/2021/10/setup-py-deprecated.html for details.\n'}
[0.613417] (rosbot_object_recognition) StderrLine: {'line': b'        ********************************************************************************\n'}
[0.613447] (rosbot_object_recognition) StderrLine: {'line': b'\n'}
[0.613476] (rosbot_object_recognition) StderrLine: {'line': b'!!\n'}
[0.613505] (rosbot_object_recognition) StderrLine: {'line': b'  self.initialize_options()\n'}
[0.651688] (core) StdoutLine: {'line': b'-- Found OpenSSL: /usr/lib/x86_64-linux-gnu/libcrypto.so (found version "3.0.2")  \n'}
[0.671800] (core) StdoutLine: {'line': b'-- Found FastRTPS: /opt/ros/humble/include  \n'}
[0.691361] (rosbot_object_recognition) StdoutLine: {'line': b'running egg_info\n'}
[0.691441] (rosbot_object_recognition) StdoutLine: {'line': b'creating rosbot_object_recognition.egg-info\n'}
[0.697698] (rosbot_object_recognition) StdoutLine: {'line': b'writing rosbot_object_recognition.egg-info/PKG-INFO\n'}
[0.697794] (rosbot_object_recognition) StdoutLine: {'line': b'writing dependency_links to rosbot_object_recognition.egg-info/dependency_links.txt\n'}
[0.697877] (rosbot_object_recognition) StdoutLine: {'line': b'writing entry points to rosbot_object_recognition.egg-info/entry_points.txt\n'}
[0.697929] (rosbot_object_recognition) StdoutLine: {'line': b'writing requirements to rosbot_object_recognition.egg-info/requires.txt\n'}
[0.697983] (rosbot_object_recognition) StdoutLine: {'line': b'writing top-level names to rosbot_object_recognition.egg-info/top_level.txt\n'}
[0.698049] (rosbot_object_recognition) StdoutLine: {'line': b"writing manifest file 'rosbot_object_recognition.egg-info/SOURCES.txt'\n"}
[0.700678] (-) TimerEvent: {}
[0.707351] (core) StdoutLine: {'line': b"-- Using RMW implementation 'rmw_fastrtps_cpp' as default\n"}
[0.714384] (core) StdoutLine: {'line': b'-- Looking for pthread.h\n'}
[0.723106] (rosbot_object_recognition) StdoutLine: {'line': b"reading manifest file 'rosbot_object_recognition.egg-info/SOURCES.txt'\n"}
[0.723489] (rosbot_object_recognition) StdoutLine: {'line': b"writing manifest file 'rosbot_object_recognition.egg-info/SOURCES.txt'\n"}
[0.730307] (rosbot_object_recognition) StdoutLine: {'line': b'running build_ext\n'}
[0.730379] (rosbot_object_recognition) StdoutLine: {'line': b'Creating /home/nuctella/my_ros2_ws/install/rosbot_object_recognition/lib/python3.10/site-packages/rosbot-object-recognition.egg-link (link to .)\n'}
[0.730930] (rosbot_object_recognition) StdoutLine: {'line': b'Installing obj_rec script to /home/nuctella/my_ros2_ws/install/rosbot_object_recognition/lib/rosbot_object_recognition\n'}
[0.731088] (rosbot_object_recognition) StdoutLine: {'line': b'\n'}
[0.731275] (rosbot_object_recognition) StdoutLine: {'line': b'Installed /home/nuctella/my_ros2_ws/build/rosbot_object_recognition\n'}
[0.731318] (rosbot_object_recognition) StdoutLine: {'line': b'running install_data\n'}
[0.731350] (rosbot_object_recognition) StdoutLine: {'line': b'creating /home/nuctella/my_ros2_ws/install/rosbot_object_recognition/share/ament_index\n'}
[0.731384] (rosbot_object_recognition) StdoutLine: {'line': b'creating /home/nuctella/my_ros2_ws/install/rosbot_object_recognition/share/ament_index/resource_index\n'}
[0.731414] (rosbot_object_recognition) StdoutLine: {'line': b'creating /home/nuctella/my_ros2_ws/install/rosbot_object_recognition/share/ament_index/resource_index/packages\n'}
[0.731449] (rosbot_object_recognition) StdoutLine: {'line': b'copying resource/rosbot_object_recognition -> /home/nuctella/my_ros2_ws/install/rosbot_object_recognition/share/ament_index/resource_index/packages\n'}
[0.731480] (rosbot_object_recognition) StdoutLine: {'line': b'copying package.xml -> /home/nuctella/my_ros2_ws/install/rosbot_object_recognition/share/rosbot_object_recognition\n'}
[0.746896] (rosbot_object_recognition) CommandEnded: {'returncode': 0}
[0.776040] (rosbot_object_recognition) JobEnded: {'identifier': 'rosbot_object_recognition', 'rc': 0}
[0.776297] (core) StdoutLine: {'line': b'-- Looking for pthread.h - found\n'}
[0.776372] (core) StdoutLine: {'line': b'-- Performing Test CMAKE_HAVE_LIBC_PTHREAD\n'}
[0.794607] (core) StdoutLine: {'line': b'-- Performing Test CMAKE_HAVE_LIBC_PTHREAD - Success\n'}
[0.795332] (core) StdoutLine: {'line': b'-- Found Threads: TRUE  \n'}
[0.800842] (-) TimerEvent: {}
[0.884730] (core) StdoutLine: {'line': b'-- Found rclpy: 3.3.10 (/opt/ros/humble/share/rclpy/cmake)\n'}
[0.885939] (core) StdoutLine: {'line': b'-- Found sensor_msgs: 4.2.3 (/opt/ros/humble/share/sensor_msgs/cmake)\n'}
[0.900906] (-) TimerEvent: {}
[1.001113] (-) TimerEvent: {}
[1.015935] (core) StdoutLine: {'line': b'-- Found ament_lint_auto: 0.12.8 (/opt/ros/humble/share/ament_lint_auto/cmake)\n'}
[1.063690] (core) StdoutLine: {'line': b"-- Added test 'cppcheck' to perform static code analysis on C / C++ code\n"}
[1.063791] (core) StdoutLine: {'line': b'-- Configured cppcheck include dirs: /home/nuctella/my_ros2_ws/src/core/include\n'}
[1.063851] (core) StdoutLine: {'line': b'-- Configured cppcheck exclude dirs and/or files: \n'}
[1.064107] (core) StdoutLine: {'line': b"-- Added test 'flake8' to check Python code syntax and style conventions\n"}
[1.064375] (core) StdoutLine: {'line': b"-- Added test 'lint_cmake' to check CMake code style\n"}
[1.064739] (core) StdoutLine: {'line': b"-- Added test 'pep257' to check Python code against some of the docstring style conventions in PEP 257\n"}
[1.065414] (core) StdoutLine: {'line': b"-- Added test 'uncrustify' to check C / C++ code style\n"}
[1.065489] (core) StdoutLine: {'line': b'-- Configured uncrustify additional arguments: \n'}
[1.065693] (core) StdoutLine: {'line': b"-- Added test 'xmllint' to check XML markup files\n"}
[1.066650] (core) StdoutLine: {'line': b'-- Configuring done\n'}
[1.072349] (core) StdoutLine: {'line': b'-- Generating done\n'}
[1.073132] (core) StdoutLine: {'line': b'-- Build files have been written to: /home/nuctella/my_ros2_ws/build/core\n'}
[1.078914] (core) CommandEnded: {'returncode': 0}
[1.079077] (core) JobProgress: {'identifier': 'core', 'progress': 'build'}
[1.079090] (core) Command: {'cmd': ['/usr/bin/cmake', '--build', '/home/nuctella/my_ros2_ws/build/core', '--', '-j20', '-l20'], 'cwd': '/home/nuctella/my_ros2_ws/build/core', 'env': OrderedDict([('HOSTNAME', '4c88facdac1a'), ('SHLVL', '0'), ('LD_LIBRARY_PATH', '/home/nuctella/ros2_ws/deps/install/micro_ros_agent/lib:/home/nuctella/ros2_ws/deps/install/micro_ros_msgs/lib:/opt/ros/humble/opt/rviz_ogre_vendor/lib:/opt/ros/humble/lib/x86_64-linux-gnu:/opt/ros/humble/lib'), ('HOME', '/home/nuctella'), ('OLDPWD', '/home/nuctella/ros2_ws/ws'), ('ROS_PYTHON_VERSION', '3'), ('COLCON_PREFIX_PATH', '/home/nuctella/ros2_ws/deps/install'), ('ROS_DISTRO', 'humble'), ('_', '/usr/bin/colcon'), ('ROS_VERSION', '2'), ('USERNAME', 'nuctella'), ('TERM', 'xterm-256color'), ('ROS_LOCALHOST_ONLY', '0'), ('PATH', '/opt/ros/humble/bin:/usr/local/sbin:/usr/local/bin:/usr/sbin:/usr/bin:/sbin:/bin:/usr/local/bin'), ('LANG', 'C.UTF-8'), ('AMENT_PREFIX_PATH', '/home/nuctella/ros2_ws/deps/install/sllidar_ros2:/home/nuctella/ros2_ws/deps/install/micro_ros_setup:/home/nuctella/ros2_ws/deps/install/micro_ros_agent:/home/nuctella/ros2_ws/deps/install/micro_ros_msgs:/opt/ros/humble'), ('DEBIAN_FRONTEND', 'noninteractive'), ('PWD', '/home/nuctella/my_ros2_ws/build/core'), ('LC_ALL', 'C.UTF-8'), ('PYTHONPATH', '/home/nuctella/ros2_ws/deps/install/micro_ros_msgs/local/lib/python3.10/dist-packages:/opt/ros/humble/lib/python3.10/site-packages:/opt/ros/humble/local/lib/python3.10/dist-packages'), ('HUSARION_ROS_BUILD', 'simulation'), ('COLCON', '1'), ('CMAKE_PREFIX_PATH', '/home/nuctella/ros2_ws/deps/install/sllidar_ros2:/home/nuctella/ros2_ws/deps/install/micro_ros_setup:/home/nuctella/ros2_ws/deps/install/micro_ros_agent:/home/nuctella/ros2_ws/deps/install/micro_ros_msgs:/opt/ros/humble')]), 'shell': False}
[1.101354] (-) TimerEvent: {}
[1.105260] (core) StdoutLine: {'line': b'[ 50%] Building CXX object CMakeFiles/monitor_battery.dir/src/monitor_battery.cpp.o\n'}
[1.109913] (core) StdoutLine: {'line': b'[ 50%] Built target ament_cmake_python_symlink_core\n'}
[1.201544] (-) TimerEvent: {}
[1.204973] (core) StdoutLine: {'line': b'running egg_info\n'}
[1.205579] (core) StdoutLine: {'line': b'creating core.egg-info\n'}
[1.211770] (core) StdoutLine: {'line': b'writing core.egg-info/PKG-INFO\n'}
[1.211960] (core) StdoutLine: {'line': b'writing dependency_links to core.egg-info/dependency_links.txt\n'}
[1.212132] (core) StdoutLine: {'line': b'writing top-level names to core.egg-info/top_level.txt\n'}
[1.212179] (core) StdoutLine: {'line': b"writing manifest file 'core.egg-info/SOURCES.txt'\n"}
[1.230497] (core) StdoutLine: {'line': b"reading manifest file 'core.egg-info/SOURCES.txt'\n"}
[1.230690] (core) StdoutLine: {'line': b"writing manifest file 'core.egg-info/SOURCES.txt'\n"}
[1.245302] (core) StdoutLine: {'line': b'[ 50%] Built target ament_cmake_python_build_core_egg\n'}
[1.301726] (-) TimerEvent: {}
[1.401919] (-) TimerEvent: {}
[1.502139] (-) TimerEvent: {}
[1.602300] (-) TimerEvent: {}
[1.702492] (-) TimerEvent: {}
[1.802698] (-) TimerEvent: {}
[1.902895] (-) TimerEvent: {}
[2.003110] (-) TimerEvent: {}
[2.103360] (-) TimerEvent: {}
[2.203580] (-) TimerEvent: {}
[2.303778] (-) TimerEvent: {}
[2.404026] (-) TimerEvent: {}
[2.504277] (-) TimerEvent: {}
[2.604520] (-) TimerEvent: {}
[2.704752] (-) TimerEvent: {}
[2.804980] (-) TimerEvent: {}
[2.905221] (-) TimerEvent: {}
[3.005464] (-) TimerEvent: {}
[3.105709] (-) TimerEvent: {}
[3.205907] (-) TimerEvent: {}
[3.306202] (-) TimerEvent: {}
[3.406468] (-) TimerEvent: {}
[3.506740] (-) TimerEvent: {}
[3.606987] (-) TimerEvent: {}
[3.707229] (-) TimerEvent: {}
[3.807440] (-) TimerEvent: {}
[3.907634] (-) TimerEvent: {}
[4.007833] (-) TimerEvent: {}
[4.107997] (-) TimerEvent: {}
[4.208112] (-) TimerEvent: {}
[4.308299] (-) TimerEvent: {}
[4.408479] (-) TimerEvent: {}
[4.508657] (-) TimerEvent: {}
[4.608840] (-) TimerEvent: {}
[4.709060] (-) TimerEvent: {}
[4.809295] (-) TimerEvent: {}
[4.909541] (-) TimerEvent: {}
[4.991444] (core) StdoutLine: {'line': b'[100%] Linking CXX executable monitor_battery\n'}
[5.009759] (-) TimerEvent: {}
[5.109981] (-) TimerEvent: {}
[5.189452] (core) StdoutLine: {'line': b'[100%] Built target monitor_battery\n'}
[5.199703] (core) CommandEnded: {'returncode': 0}
[5.210152] (-) TimerEvent: {}
[5.213633] (core) JobProgress: {'identifier': 'core', 'progress': 'install'}
[5.218024] (core) Command: {'cmd': ['/usr/bin/cmake', '--install', '/home/nuctella/my_ros2_ws/build/core'], 'cwd': '/home/nuctella/my_ros2_ws/build/core', 'env': OrderedDict([('HOSTNAME', '4c88facdac1a'), ('SHLVL', '0'), ('LD_LIBRARY_PATH', '/home/nuctella/ros2_ws/deps/install/micro_ros_agent/lib:/home/nuctella/ros2_ws/deps/install/micro_ros_msgs/lib:/opt/ros/humble/opt/rviz_ogre_vendor/lib:/opt/ros/humble/lib/x86_64-linux-gnu:/opt/ros/humble/lib'), ('HOME', '/home/nuctella'), ('OLDPWD', '/home/nuctella/ros2_ws/ws'), ('ROS_PYTHON_VERSION', '3'), ('COLCON_PREFIX_PATH', '/home/nuctella/ros2_ws/deps/install'), ('ROS_DISTRO', 'humble'), ('_', '/usr/bin/colcon'), ('ROS_VERSION', '2'), ('USERNAME', 'nuctella'), ('TERM', 'xterm-256color'), ('ROS_LOCALHOST_ONLY', '0'), ('PATH', '/opt/ros/humble/bin:/usr/local/sbin:/usr/local/bin:/usr/sbin:/usr/bin:/sbin:/bin:/usr/local/bin'), ('LANG', 'C.UTF-8'), ('AMENT_PREFIX_PATH', '/home/nuctella/ros2_ws/deps/install/sllidar_ros2:/home/nuctella/ros2_ws/deps/install/micro_ros_setup:/home/nuctella/ros2_ws/deps/install/micro_ros_agent:/home/nuctella/ros2_ws/deps/install/micro_ros_msgs:/opt/ros/humble'), ('DEBIAN_FRONTEND', 'noninteractive'), ('PWD', '/home/nuctella/my_ros2_ws/build/core'), ('LC_ALL', 'C.UTF-8'), ('PYTHONPATH', '/home/nuctella/ros2_ws/deps/install/micro_ros_msgs/local/lib/python3.10/dist-packages:/opt/ros/humble/lib/python3.10/site-packages:/opt/ros/humble/local/lib/python3.10/dist-packages'), ('HUSARION_ROS_BUILD', 'simulation'), ('COLCON', '1'), ('CMAKE_PREFIX_PATH', '/home/nuctella/ros2_ws/deps/install/sllidar_ros2:/home/nuctella/ros2_ws/deps/install/micro_ros_setup:/home/nuctella/ros2_ws/deps/install/micro_ros_agent:/home/nuctella/ros2_ws/deps/install/micro_ros_msgs:/opt/ros/humble')]), 'shell': False}
[5.222250] (core) StdoutLine: {'line': b'-- Install configuration: ""\n'}
[5.222588] (core) StdoutLine: {'line': b'-- Execute custom install script\n'}
[5.222817] (core) StdoutLine: {'line': b'-- Symlinking: /home/nuctella/my_ros2_ws/install/core/lib/core/monitor_battery\n'}
[5.228646] (core) StdoutLine: {'line': b'-- Symlinking: /home/nuctella/my_ros2_ws/install/core/include/.gitkeep\n'}
[5.235154] (core) StdoutLine: {'line': b'-- Symlinking: /home/nuctella/my_ros2_ws/install/core/share/core/environment/pythonpath.sh\n'}
[5.240663] (core) StdoutLine: {'line': b'-- Symlinking: /home/nuctella/my_ros2_ws/install/core/share/core/environment/pythonpath.dsv\n'}
[5.245340] (core) StdoutLine: {'line': b'-- Symlinking: /home/nuctella/my_ros2_ws/install/core/local/lib/python3.10/dist-packages/core-0.0.0-py3.10.egg-info/PKG-INFO\n'}
[5.251057] (core) StdoutLine: {'line': b'-- Symlinking: /home/nuctella/my_ros2_ws/install/core/local/lib/python3.10/dist-packages/core-0.0.0-py3.10.egg-info/SOURCES.txt\n'}
[5.256608] (core) StdoutLine: {'line': b'-- Symlinking: /home/nuctella/my_ros2_ws/install/core/local/lib/python3.10/dist-packages/core-0.0.0-py3.10.egg-info/dependency_links.txt\n'}
[5.261029] (core) StdoutLine: {'line': b'-- Symlinking: /home/nuctella/my_ros2_ws/install/core/local/lib/python3.10/dist-packages/core-0.0.0-py3.10.egg-info/top_level.txt\n'}
[5.265779] (core) StdoutLine: {'line': b'-- Symlinking: /home/nuctella/my_ros2_ws/install/core/local/lib/python3.10/dist-packages/core/__init__.py\n'}
[5.269685] (core) StdoutLine: {'line': b'-- Symlinking: /home/nuctella/my_ros2_ws/install/core/lib/core/monitor_battery.py\n'}
[5.273775] (core) StdoutLine: {'line': b'-- Symlinking: /home/nuctella/my_ros2_ws/install/core/share/ament_index/resource_index/package_run_dependencies/core\n'}
[5.277876] (core) StdoutLine: {'line': b'-- Symlinking: /home/nuctella/my_ros2_ws/install/core/share/ament_index/resource_index/parent_prefix_path/core\n'}
[5.282215] (core) StdoutLine: {'line': b'-- Symlinking: /home/nuctella/my_ros2_ws/install/core/share/core/environment/ament_prefix_path.sh\n'}
[5.287075] (core) StdoutLine: {'line': b'-- Symlinking: /home/nuctella/my_ros2_ws/install/core/share/core/environment/ament_prefix_path.dsv\n'}
[5.291164] (core) StdoutLine: {'line': b'-- Symlinking: /home/nuctella/my_ros2_ws/install/core/share/core/environment/path.sh\n'}
[5.295474] (core) StdoutLine: {'line': b'-- Symlinking: /home/nuctella/my_ros2_ws/install/core/share/core/environment/path.dsv\n'}
[5.299630] (core) StdoutLine: {'line': b'-- Symlinking: /home/nuctella/my_ros2_ws/install/core/share/core/local_setup.bash\n'}
[5.303943] (core) StdoutLine: {'line': b'-- Symlinking: /home/nuctella/my_ros2_ws/install/core/share/core/local_setup.sh\n'}
[5.308096] (core) StdoutLine: {'line': b'-- Symlinking: /home/nuctella/my_ros2_ws/install/core/share/core/local_setup.zsh\n'}
[5.310220] (-) TimerEvent: {}
[5.312252] (core) StdoutLine: {'line': b'-- Symlinking: /home/nuctella/my_ros2_ws/install/core/share/core/local_setup.dsv\n'}
[5.316482] (core) StdoutLine: {'line': b'-- Symlinking: /home/nuctella/my_ros2_ws/install/core/share/core/package.dsv\n'}
[5.320693] (core) StdoutLine: {'line': b'-- Symlinking: /home/nuctella/my_ros2_ws/install/core/share/ament_index/resource_index/packages/core\n'}
[5.325064] (core) StdoutLine: {'line': b'-- Symlinking: /home/nuctella/my_ros2_ws/install/core/share/core/cmake/ament_cmake_export_include_directories-extras.cmake\n'}
[5.330099] (core) StdoutLine: {'line': b'-- Symlinking: /home/nuctella/my_ros2_ws/install/core/share/core/cmake/coreConfig.cmake\n'}
[5.334691] (core) StdoutLine: {'line': b'-- Symlinking: /home/nuctella/my_ros2_ws/install/core/share/core/cmake/coreConfig-version.cmake\n'}
[5.339028] (core) StdoutLine: {'line': b'-- Symlinking: /home/nuctella/my_ros2_ws/install/core/share/core/package.xml\n'}
[5.361454] (core) StdoutLine: {'line': b"Listing '/home/nuctella/my_ros2_ws/install/core/local/lib/python3.10/dist-packages/core'...\n"}
[5.361555] (core) StdoutLine: {'line': b"Compiling '/home/nuctella/my_ros2_ws/install/core/local/lib/python3.10/dist-packages/core/__init__.py'...\n"}
[5.364951] (core) CommandEnded: {'returncode': 0}
[5.410298] (-) TimerEvent: {}
[5.423730] (core) JobEnded: {'identifier': 'core', 'rc': 0}
[5.423904] (-) EventReactorShutdown: {}
