[0.041s] Invoking command in '/home/nuctella/my_ros2_ws/build/core': CMAKE_PREFIX_PATH=${CMAKE_PREFIX_PATH}:/home/nuctella/my_ros2_ws/install/rosbot_object_recognition:/opt/ros/humble /usr/bin/cmake --build /home/nuctella/my_ros2_ws/build/core -- -j20 -l20
[0.072s] [100%] Built target monitor_battery
[0.073s] [100%] Built target ament_cmake_python_copy_core
[0.183s] running egg_info
[0.190s] writing core.egg-info/PKG-INFO
[0.190s] writing dependency_links to core.egg-info/dependency_links.txt
[0.190s] writing top-level names to core.egg-info/top_level.txt
[0.210s] reading manifest file 'core.egg-info/SOURCES.txt'
[0.210s] writing manifest file 'core.egg-info/SOURCES.txt'
[0.226s] [100%] Built target ament_cmake_python_build_core_egg
[0.233s] Invoked command in '/home/nuctella/my_ros2_ws/build/core' returned '0': CMAKE_PREFIX_PATH=${CMAKE_PREFIX_PATH}:/home/nuctella/my_ros2_ws/install/rosbot_object_recognition:/opt/ros/humble /usr/bin/cmake --build /home/nuctella/my_ros2_ws/build/core -- -j20 -l20
[0.252s] Invoking command in '/home/nuctella/my_ros2_ws/build/core': CMAKE_PREFIX_PATH=${CMAKE_PREFIX_PATH}:/home/nuctella/my_ros2_ws/install/rosbot_object_recognition:/opt/ros/humble /usr/bin/cmake --install /home/nuctella/my_ros2_ws/build/core
[0.256s] -- Install configuration: ""
[0.256s] -- Up-to-date: /home/nuctella/my_ros2_ws/install/core/lib/core/monitor_battery
[0.256s] [31mCMake Error at cmake_install.cmake:66 (file):
[0.257s]   file INSTALL cannot find "/home/nuctella/my_ros2_ws/src/core/include": No
[0.257s]   such file or directory.
[0.257s] 
[0.257s] [0m
[0.257s] Invoked command in '/home/nuctella/my_ros2_ws/build/core' returned '1': CMAKE_PREFIX_PATH=${CMAKE_PREFIX_PATH}:/home/nuctella/my_ros2_ws/install/rosbot_object_recognition:/opt/ros/humble /usr/bin/cmake --install /home/nuctella/my_ros2_ws/build/core
