[35m[1mConsolidate compiler generated dependencies of target monitor_battery[0m
[  0%] Built target ament_cmake_python_symlink_core
[100%] Built target monitor_battery
running egg_info
writing core.egg-info/PKG-INFO
writing dependency_links to core.egg-info/dependency_links.txt
writing top-level names to core.egg-info/top_level.txt
reading manifest file 'core.egg-info/SOURCES.txt'
writing manifest file 'core.egg-info/SOURCES.txt'
[100%] Built target ament_cmake_python_build_core_egg
-- Install configuration: ""
-- Execute custom install script
-- Up-to-date symlink: /home/nuctella/my_ros2_ws/src/install/core/lib/core/monitor_battery
-- Up-to-date symlink: /home/nuctella/my_ros2_ws/src/install/core/include/.gitkeep
-- Up-to-date symlink: /home/nuctella/my_ros2_ws/src/install/core/share/core/environment/pythonpath.sh
-- Up-to-date symlink: /home/nuctella/my_ros2_ws/src/install/core/share/core/environment/pythonpath.dsv
-- Up-to-date symlink: /home/nuctella/my_ros2_ws/src/install/core/local/lib/python3.10/dist-packages/core-0.0.0-py3.10.egg-info/PKG-INFO
-- Up-to-date symlink: /home/nuctella/my_ros2_ws/src/install/core/local/lib/python3.10/dist-packages/core-0.0.0-py3.10.egg-info/SOURCES.txt
-- Up-to-date symlink: /home/nuctella/my_ros2_ws/src/install/core/local/lib/python3.10/dist-packages/core-0.0.0-py3.10.egg-info/dependency_links.txt
-- Up-to-date symlink: /home/nuctella/my_ros2_ws/src/install/core/local/lib/python3.10/dist-packages/core-0.0.0-py3.10.egg-info/top_level.txt
-- Up-to-date symlink: /home/nuctella/my_ros2_ws/src/install/core/local/lib/python3.10/dist-packages/core/__init__.py
-- Up-to-date symlink: /home/nuctella/my_ros2_ws/src/install/core/lib/core/monitor_battery.py
-- Up-to-date symlink: /home/nuctella/my_ros2_ws/src/install/core/share/ament_index/resource_index/package_run_dependencies/core
-- Up-to-date symlink: /home/nuctella/my_ros2_ws/src/install/core/share/ament_index/resource_index/parent_prefix_path/core
-- Up-to-date symlink: /home/nuctella/my_ros2_ws/src/install/core/share/core/environment/ament_prefix_path.sh
-- Up-to-date symlink: /home/nuctella/my_ros2_ws/src/install/core/share/core/environment/ament_prefix_path.dsv
-- Up-to-date symlink: /home/nuctella/my_ros2_ws/src/install/core/share/core/environment/path.sh
-- Up-to-date symlink: /home/nuctella/my_ros2_ws/src/install/core/share/core/environment/path.dsv
-- Up-to-date symlink: /home/nuctella/my_ros2_ws/src/install/core/share/core/local_setup.bash
-- Up-to-date symlink: /home/nuctella/my_ros2_ws/src/install/core/share/core/local_setup.sh
-- Up-to-date symlink: /home/nuctella/my_ros2_ws/src/install/core/share/core/local_setup.zsh
-- Up-to-date symlink: /home/nuctella/my_ros2_ws/src/install/core/share/core/local_setup.dsv
-- Symlinking: /home/nuctella/my_ros2_ws/src/install/core/share/core/package.dsv
-- Up-to-date symlink: /home/nuctella/my_ros2_ws/src/install/core/share/ament_index/resource_index/packages/core
-- Up-to-date symlink: /home/nuctella/my_ros2_ws/src/install/core/share/core/cmake/ament_cmake_export_include_directories-extras.cmake
-- Up-to-date symlink: /home/nuctella/my_ros2_ws/src/install/core/share/core/cmake/coreConfig.cmake
-- Up-to-date symlink: /home/nuctella/my_ros2_ws/src/install/core/share/core/cmake/coreConfig-version.cmake
-- Up-to-date symlink: /home/nuctella/my_ros2_ws/src/install/core/share/core/package.xml
Listing '/home/nuctella/my_ros2_ws/src/install/core/local/lib/python3.10/dist-packages/core'...
