[0.016s] Invoking command in '/home/nuctella/my_ros2_ws/src/build/core': CMAKE_PREFIX_PATH=${CMAKE_PREFIX_PATH}:/home/nuctella/my_ros2_ws/src/install/start_with_simple_nodes_py:/home/nuctella/my_ros2_ws/src/install/rosbot_object_recognition:/home/nuctella/my_ros2_ws/src/install/publisher_and_subscriber_py:/home/nuctella/my_ros2_ws/install/start_with_simple_nodes_py:/home/nuctella/my_ros2_ws/install/rosbot_object_recognition:/home/nuctella/my_ros2_ws/install/publisher_and_subscriber_py:/opt/ros/humble /usr/bin/cmake --build /home/nuctella/my_ros2_ws/src/build/core -- -j20 -l20
[0.041s] [35m[1mConsolidate compiler generated dependencies of target monitor_battery[0m
[0.050s] [  0%] Built target ament_cmake_python_symlink_core
[0.051s] [100%] Built target monitor_battery
[0.150s] running egg_info
[0.157s] writing core.egg-info/PKG-INFO
[0.157s] writing dependency_links to core.egg-info/dependency_links.txt
[0.157s] writing top-level names to core.egg-info/top_level.txt
[0.174s] reading manifest file 'core.egg-info/SOURCES.txt'
[0.175s] writing manifest file 'core.egg-info/SOURCES.txt'
[0.189s] [100%] Built target ament_cmake_python_build_core_egg
[0.196s] Invoked command in '/home/nuctella/my_ros2_ws/src/build/core' returned '0': CMAKE_PREFIX_PATH=${CMAKE_PREFIX_PATH}:/home/nuctella/my_ros2_ws/src/install/start_with_simple_nodes_py:/home/nuctella/my_ros2_ws/src/install/rosbot_object_recognition:/home/nuctella/my_ros2_ws/src/install/publisher_and_subscriber_py:/home/nuctella/my_ros2_ws/install/start_with_simple_nodes_py:/home/nuctella/my_ros2_ws/install/rosbot_object_recognition:/home/nuctella/my_ros2_ws/install/publisher_and_subscriber_py:/opt/ros/humble /usr/bin/cmake --build /home/nuctella/my_ros2_ws/src/build/core -- -j20 -l20
[0.218s] Invoking command in '/home/nuctella/my_ros2_ws/src/build/core': CMAKE_PREFIX_PATH=${CMAKE_PREFIX_PATH}:/home/nuctella/my_ros2_ws/src/install/start_with_simple_nodes_py:/home/nuctella/my_ros2_ws/src/install/rosbot_object_recognition:/home/nuctella/my_ros2_ws/src/install/publisher_and_subscriber_py:/home/nuctella/my_ros2_ws/install/start_with_simple_nodes_py:/home/nuctella/my_ros2_ws/install/rosbot_object_recognition:/home/nuctella/my_ros2_ws/install/publisher_and_subscriber_py:/opt/ros/humble /usr/bin/cmake --install /home/nuctella/my_ros2_ws/src/build/core
[0.221s] -- Install configuration: ""
[0.222s] -- Execute custom install script
[0.222s] -- Up-to-date symlink: /home/nuctella/my_ros2_ws/src/install/core/lib/core/monitor_battery
[0.222s] -- Up-to-date symlink: /home/nuctella/my_ros2_ws/src/install/core/include/.gitkeep
[0.222s] -- Up-to-date symlink: /home/nuctella/my_ros2_ws/src/install/core/share/core/environment/pythonpath.sh
[0.222s] -- Up-to-date symlink: /home/nuctella/my_ros2_ws/src/install/core/share/core/environment/pythonpath.dsv
[0.222s] -- Up-to-date symlink: /home/nuctella/my_ros2_ws/src/install/core/local/lib/python3.10/dist-packages/core-0.0.0-py3.10.egg-info/PKG-INFO
[0.222s] -- Up-to-date symlink: /home/nuctella/my_ros2_ws/src/install/core/local/lib/python3.10/dist-packages/core-0.0.0-py3.10.egg-info/SOURCES.txt
[0.222s] -- Up-to-date symlink: /home/nuctella/my_ros2_ws/src/install/core/local/lib/python3.10/dist-packages/core-0.0.0-py3.10.egg-info/dependency_links.txt
[0.222s] -- Up-to-date symlink: /home/nuctella/my_ros2_ws/src/install/core/local/lib/python3.10/dist-packages/core-0.0.0-py3.10.egg-info/top_level.txt
[0.222s] -- Up-to-date symlink: /home/nuctella/my_ros2_ws/src/install/core/local/lib/python3.10/dist-packages/core/__init__.py
[0.222s] -- Up-to-date symlink: /home/nuctella/my_ros2_ws/src/install/core/lib/core/monitor_battery.py
[0.222s] -- Up-to-date symlink: /home/nuctella/my_ros2_ws/src/install/core/share/ament_index/resource_index/package_run_dependencies/core
[0.222s] -- Up-to-date symlink: /home/nuctella/my_ros2_ws/src/install/core/share/ament_index/resource_index/parent_prefix_path/core
[0.222s] -- Up-to-date symlink: /home/nuctella/my_ros2_ws/src/install/core/share/core/environment/ament_prefix_path.sh
[0.222s] -- Up-to-date symlink: /home/nuctella/my_ros2_ws/src/install/core/share/core/environment/ament_prefix_path.dsv
[0.223s] -- Up-to-date symlink: /home/nuctella/my_ros2_ws/src/install/core/share/core/environment/path.sh
[0.223s] -- Up-to-date symlink: /home/nuctella/my_ros2_ws/src/install/core/share/core/environment/path.dsv
[0.223s] -- Up-to-date symlink: /home/nuctella/my_ros2_ws/src/install/core/share/core/local_setup.bash
[0.223s] -- Up-to-date symlink: /home/nuctella/my_ros2_ws/src/install/core/share/core/local_setup.sh
[0.223s] -- Up-to-date symlink: /home/nuctella/my_ros2_ws/src/install/core/share/core/local_setup.zsh
[0.223s] -- Up-to-date symlink: /home/nuctella/my_ros2_ws/src/install/core/share/core/local_setup.dsv
[0.223s] -- Symlinking: /home/nuctella/my_ros2_ws/src/install/core/share/core/package.dsv
[0.228s] -- Up-to-date symlink: /home/nuctella/my_ros2_ws/src/install/core/share/ament_index/resource_index/packages/core
[0.228s] -- Up-to-date symlink: /home/nuctella/my_ros2_ws/src/install/core/share/core/cmake/ament_cmake_export_include_directories-extras.cmake
[0.228s] -- Up-to-date symlink: /home/nuctella/my_ros2_ws/src/install/core/share/core/cmake/coreConfig.cmake
[0.228s] -- Up-to-date symlink: /home/nuctella/my_ros2_ws/src/install/core/share/core/cmake/coreConfig-version.cmake
[0.228s] -- Up-to-date symlink: /home/nuctella/my_ros2_ws/src/install/core/share/core/package.xml
[0.248s] Listing '/home/nuctella/my_ros2_ws/src/install/core/local/lib/python3.10/dist-packages/core'...
[0.252s] Invoked command in '/home/nuctella/my_ros2_ws/src/build/core' returned '0': CMAKE_PREFIX_PATH=${CMAKE_PREFIX_PATH}:/home/nuctella/my_ros2_ws/src/install/start_with_simple_nodes_py:/home/nuctella/my_ros2_ws/src/install/rosbot_object_recognition:/home/nuctella/my_ros2_ws/src/install/publisher_and_subscriber_py:/home/nuctella/my_ros2_ws/install/start_with_simple_nodes_py:/home/nuctella/my_ros2_ws/install/rosbot_object_recognition:/home/nuctella/my_ros2_ws/install/publisher_and_subscriber_py:/opt/ros/humble /usr/bin/cmake --install /home/nuctella/my_ros2_ws/src/build/core
