[0.019s] Invoking command in '/home/nuctella/ros2_ws/ws/build/rosbot_hardware_interfaces': CMAKE_PREFIX_PATH=${CMAKE_PREFIX_PATH}:/home/nuctella/my_ros2_ws/install/start_with_simple_nodes_py:/home/nuctella/my_ros2_ws/install/rosbot_object_recognition:/home/nuctella/my_ros2_ws/install/publisher_and_subscriber_py:/opt/ros/humble /usr/bin/cmake /home/nuctella/ros2_ws/ws/src/rosbot_hardware_interfaces -DAMENT_CMAKE_SYMLINK_INSTALL=1 -DCMAKE_INSTALL_PREFIX=/home/nuctella/ros2_ws/ws/install/rosbot_hardware_interfaces
[0.027s] -- Found ament_cmake: 1.3.5 (/opt/ros/humble/share/ament_cmake/cmake)
[0.133s] -- Override CMake install command with custom implementation using symlinks instead of copying resources
[0.146s] -- Found controller_interface: 2.30.0 (/opt/ros/humble/share/controller_interface/cmake)
[0.177s] -- Found rosidl_generator_c: 3.1.5 (/opt/ros/humble/share/rosidl_generator_c/cmake)
[0.179s] -- Found rosidl_adapter: 3.1.5 (/opt/ros/humble/share/rosidl_adapter/cmake)
[0.185s] -- Found rosidl_generator_cpp: 3.1.5 (/opt/ros/humble/share/rosidl_generator_cpp/cmake)
[0.197s] -- Using all available rosidl_typesupport_c: rosidl_typesupport_fastrtps_c;rosidl_typesupport_introspection_c
[0.211s] -- Using all available rosidl_typesupport_cpp: rosidl_typesupport_fastrtps_cpp;rosidl_typesupport_introspection_cpp
[0.638s] -- Found rmw_implementation_cmake: 6.1.1 (/opt/ros/humble/share/rmw_implementation_cmake/cmake)
[0.640s] -- Found rmw_fastrtps_cpp: 6.2.3 (/opt/ros/humble/share/rmw_fastrtps_cpp/cmake)
[0.733s] -- Using RMW implementation 'rmw_fastrtps_cpp' as default
[0.898s] -- Found realtime_tools: 2.5.0 (/opt/ros/humble/share/realtime_tools/cmake)
[1.105s] -- Configuring done
[1.128s] -- Generating done
[1.129s] -- Build files have been written to: /home/nuctella/ros2_ws/ws/build/rosbot_hardware_interfaces
[1.134s] Invoked command in '/home/nuctella/ros2_ws/ws/build/rosbot_hardware_interfaces' returned '0': CMAKE_PREFIX_PATH=${CMAKE_PREFIX_PATH}:/home/nuctella/my_ros2_ws/install/start_with_simple_nodes_py:/home/nuctella/my_ros2_ws/install/rosbot_object_recognition:/home/nuctella/my_ros2_ws/install/publisher_and_subscriber_py:/opt/ros/humble /usr/bin/cmake /home/nuctella/ros2_ws/ws/src/rosbot_hardware_interfaces -DAMENT_CMAKE_SYMLINK_INSTALL=1 -DCMAKE_INSTALL_PREFIX=/home/nuctella/ros2_ws/ws/install/rosbot_hardware_interfaces
[1.135s] Invoking command in '/home/nuctella/ros2_ws/ws/build/rosbot_hardware_interfaces': CMAKE_PREFIX_PATH=${CMAKE_PREFIX_PATH}:/home/nuctella/my_ros2_ws/install/start_with_simple_nodes_py:/home/nuctella/my_ros2_ws/install/rosbot_object_recognition:/home/nuctella/my_ros2_ws/install/publisher_and_subscriber_py:/opt/ros/humble /usr/bin/cmake --build /home/nuctella/ros2_ws/ws/build/rosbot_hardware_interfaces -- -j20 -l20
[1.157s] [35m[1mConsolidate compiler generated dependencies of target rosbot_hardware_interfaces[0m
[1.168s] [100%] Built target rosbot_hardware_interfaces
[1.175s] Invoked command in '/home/nuctella/ros2_ws/ws/build/rosbot_hardware_interfaces' returned '0': CMAKE_PREFIX_PATH=${CMAKE_PREFIX_PATH}:/home/nuctella/my_ros2_ws/install/start_with_simple_nodes_py:/home/nuctella/my_ros2_ws/install/rosbot_object_recognition:/home/nuctella/my_ros2_ws/install/publisher_and_subscriber_py:/opt/ros/humble /usr/bin/cmake --build /home/nuctella/ros2_ws/ws/build/rosbot_hardware_interfaces -- -j20 -l20
[1.190s] Invoking command in '/home/nuctella/ros2_ws/ws/build/rosbot_hardware_interfaces': CMAKE_PREFIX_PATH=${CMAKE_PREFIX_PATH}:/home/nuctella/my_ros2_ws/install/start_with_simple_nodes_py:/home/nuctella/my_ros2_ws/install/rosbot_object_recognition:/home/nuctella/my_ros2_ws/install/publisher_and_subscriber_py:/opt/ros/humble /usr/bin/cmake --install /home/nuctella/ros2_ws/ws/build/rosbot_hardware_interfaces
[1.194s] -- Install configuration: ""
[1.194s] -- Execute custom install script
[1.194s] -- Up-to-date symlink: /home/nuctella/ros2_ws/ws/install/rosbot_hardware_interfaces/share/rosbot_hardware_interfaces//rosbot_hardware_interfaces.xml
[1.195s] -- Up-to-date symlink: /home/nuctella/ros2_ws/ws/install/rosbot_hardware_interfaces/include/rosbot_hardware_interfaces/rosbot_imu_sensor.hpp
[1.195s] -- Up-to-date symlink: /home/nuctella/ros2_ws/ws/install/rosbot_hardware_interfaces/include/rosbot_hardware_interfaces/rosbot_system.hpp
[1.195s] -- Up-to-date symlink: /home/nuctella/ros2_ws/ws/install/rosbot_hardware_interfaces/include/rosbot_hardware_interfaces/visibility_control.hpp
[1.195s] -- Up-to-date symlink: /home/nuctella/ros2_ws/ws/install/rosbot_hardware_interfaces/share/rosbot_hardware_interfaces/launch/example_diff_drive.launch.py
[1.195s] -- Up-to-date symlink: /home/nuctella/ros2_ws/ws/install/rosbot_hardware_interfaces/share/rosbot_hardware_interfaces/config/example_diff_drive_controller.yaml
[1.195s] -- Up-to-date symlink: /home/nuctella/ros2_ws/ws/install/rosbot_hardware_interfaces/share/rosbot_hardware_interfaces/urdf/ros2_control.urdf.xacro
[1.195s] -- Up-to-date symlink: /home/nuctella/ros2_ws/ws/install/rosbot_hardware_interfaces/lib/librosbot_hardware_interfaces.so
[1.195s] -- Up-to-date symlink: /home/nuctella/ros2_ws/ws/install/rosbot_hardware_interfaces/share/rosbot_hardware_interfaces/environment/library_path.sh
[1.195s] -- Up-to-date symlink: /home/nuctella/ros2_ws/ws/install/rosbot_hardware_interfaces/share/rosbot_hardware_interfaces/environment/library_path.dsv
[1.195s] -- Up-to-date symlink: /home/nuctella/ros2_ws/ws/install/rosbot_hardware_interfaces/share/ament_index/resource_index/package_run_dependencies/rosbot_hardware_interfaces
[1.195s] -- Up-to-date symlink: /home/nuctella/ros2_ws/ws/install/rosbot_hardware_interfaces/share/ament_index/resource_index/parent_prefix_path/rosbot_hardware_interfaces
[1.196s] -- Up-to-date symlink: /home/nuctella/ros2_ws/ws/install/rosbot_hardware_interfaces/share/rosbot_hardware_interfaces/environment/ament_prefix_path.sh
[1.196s] -- Up-to-date symlink: /home/nuctella/ros2_ws/ws/install/rosbot_hardware_interfaces/share/rosbot_hardware_interfaces/environment/ament_prefix_path.dsv
[1.196s] -- Up-to-date symlink: /home/nuctella/ros2_ws/ws/install/rosbot_hardware_interfaces/share/rosbot_hardware_interfaces/environment/path.sh
[1.196s] -- Up-to-date symlink: /home/nuctella/ros2_ws/ws/install/rosbot_hardware_interfaces/share/rosbot_hardware_interfaces/environment/path.dsv
[1.196s] -- Up-to-date symlink: /home/nuctella/ros2_ws/ws/install/rosbot_hardware_interfaces/share/rosbot_hardware_interfaces/local_setup.bash
[1.196s] -- Up-to-date symlink: /home/nuctella/ros2_ws/ws/install/rosbot_hardware_interfaces/share/rosbot_hardware_interfaces/local_setup.sh
[1.196s] -- Up-to-date symlink: /home/nuctella/ros2_ws/ws/install/rosbot_hardware_interfaces/share/rosbot_hardware_interfaces/local_setup.zsh
[1.196s] -- Up-to-date symlink: /home/nuctella/ros2_ws/ws/install/rosbot_hardware_interfaces/share/rosbot_hardware_interfaces/local_setup.dsv
[1.196s] -- Symlinking: /home/nuctella/ros2_ws/ws/install/rosbot_hardware_interfaces/share/rosbot_hardware_interfaces/package.dsv
[1.201s] -- Up-to-date symlink: /home/nuctella/ros2_ws/ws/install/rosbot_hardware_interfaces/share/ament_index/resource_index/packages/rosbot_hardware_interfaces
[1.201s] -- Up-to-date symlink: /home/nuctella/ros2_ws/ws/install/rosbot_hardware_interfaces/share/ament_index/resource_index/hardware_interface__pluginlib__plugin/rosbot_hardware_interfaces
[1.201s] -- Up-to-date symlink: /home/nuctella/ros2_ws/ws/install/rosbot_hardware_interfaces/share/rosbot_hardware_interfaces/cmake/ament_cmake_export_include_directories-extras.cmake
[1.201s] -- Up-to-date symlink: /home/nuctella/ros2_ws/ws/install/rosbot_hardware_interfaces/share/rosbot_hardware_interfaces/cmake/ament_cmake_export_libraries-extras.cmake
[1.201s] -- Up-to-date symlink: /home/nuctella/ros2_ws/ws/install/rosbot_hardware_interfaces/share/rosbot_hardware_interfaces/cmake/ament_cmake_export_dependencies-extras.cmake
[1.201s] -- Up-to-date symlink: /home/nuctella/ros2_ws/ws/install/rosbot_hardware_interfaces/share/rosbot_hardware_interfaces/cmake/rosbot_hardware_interfacesConfig.cmake
[1.201s] -- Up-to-date symlink: /home/nuctella/ros2_ws/ws/install/rosbot_hardware_interfaces/share/rosbot_hardware_interfaces/cmake/rosbot_hardware_interfacesConfig-version.cmake
[1.201s] -- Up-to-date symlink: /home/nuctella/ros2_ws/ws/install/rosbot_hardware_interfaces/share/rosbot_hardware_interfaces/package.xml
[1.205s] Invoked command in '/home/nuctella/ros2_ws/ws/build/rosbot_hardware_interfaces' returned '0': CMAKE_PREFIX_PATH=${CMAKE_PREFIX_PATH}:/home/nuctella/my_ros2_ws/install/start_with_simple_nodes_py:/home/nuctella/my_ros2_ws/install/rosbot_object_recognition:/home/nuctella/my_ros2_ws/install/publisher_and_subscriber_py:/opt/ros/humble /usr/bin/cmake --install /home/nuctella/ros2_ws/ws/build/rosbot_hardware_interfaces
