[5.878s] Invoking command in '/home/nuctella/my_ros2_ws/src/build/parameters': CMAKE_PREFIX_PATH=${CMAKE_PREFIX_PATH}:/home/nuctella/my_ros2_ws/install/start_with_simple_nodes_py:/home/nuctella/my_ros2_ws/install/rosbot_object_recognition:/home/nuctella/my_ros2_ws/install/publisher_and_subscriber_py:/opt/ros/humble /usr/bin/cmake /home/nuctella/my_ros2_ws/src/ROS2_learning/CPP/parameters -DAMENT_CMAKE_SYMLINK_INSTALL=1 -DCMAKE_INSTALL_PREFIX=/home/nuctella/my_ros2_ws/src/install/parameters
[76.231s] -- The C compiler identification is GNU 11.3.0
[76.237s] -- The CXX compiler identification is GNU 11.3.0
[76.244s] -- Detecting C compiler ABI info
[76.250s] -- Detecting C compiler ABI info - done
[76.257s] -- Check for working C compiler: /usr/bin/cc - skipped
[76.265s] -- Detecting C compile features
[76.272s] -- Detecting C compile features - done
[76.279s] -- Detecting CXX compiler ABI info
[97.820s] -- Detecting CXX compiler ABI info - done
[98.001s] -- Check for working CXX compiler: /usr/bin/c++ - skipped
[98.009s] -- Detecting CXX compile features
[98.016s] -- Detecting CXX compile features - done
[107.125s] -- Found ament_cmake: 1.3.4 (/opt/ros/humble/share/ament_cmake/cmake)
[211.755s] -- Found Python3: /usr/bin/python3.10 (found version "3.10.6") found components: Interpreter 
[228.742s] -- Override CMake install command with custom implementation using symlinks instead of copying resources
[344.786s] -- Found rclcpp: 16.0.4 (/opt/ros/humble/share/rclcpp/cmake)
[447.623s] -- Found rosidl_generator_c: 3.1.4 (/opt/ros/humble/share/rosidl_generator_c/cmake)
[463.409s] -- Found rosidl_adapter: 3.1.4 (/opt/ros/humble/share/rosidl_adapter/cmake)
[477.868s] -- Found rosidl_generator_cpp: 3.1.4 (/opt/ros/humble/share/rosidl_generator_cpp/cmake)
[492.644s] -- Using all available rosidl_typesupport_c: rosidl_typesupport_fastrtps_c;rosidl_typesupport_introspection_c
[515.837s] -- Using all available rosidl_typesupport_cpp: rosidl_typesupport_fastrtps_cpp;rosidl_typesupport_introspection_cpp
[595.504s] -- Found rmw_implementation_cmake: 6.1.1 (/opt/ros/humble/share/rmw_implementation_cmake/cmake)
[601.290s] -- Found rmw_fastrtps_cpp: 6.2.2 (/opt/ros/humble/share/rmw_fastrtps_cpp/cmake)
[686.083s] -- Found OpenSSL: /usr/lib/x86_64-linux-gnu/libcrypto.so (found version "3.0.2")  
[699.766s] -- Found FastRTPS: /opt/ros/humble/include  
[721.089s] -- Using RMW implementation 'rmw_fastrtps_cpp' as default
[748.105s] -- Looking for pthread.h
[775.189s] -- Looking for pthread.h - found
[775.272s] -- Performing Test CMAKE_HAVE_LIBC_PTHREAD
[804.879s] -- Performing Test CMAKE_HAVE_LIBC_PTHREAD - Success
[804.927s] -- Found Threads: TRUE  
[844.602s] -- Found ament_lint_auto: 0.12.6 (/opt/ros/humble/share/ament_lint_auto/cmake)
[923.200s] -- Added test 'copyright' to check source files copyright and LICENSE
[925.928s] -- Added test 'cppcheck' to perform static code analysis on C / C++ code
[925.935s] -- Configured cppcheck include dirs: 
[925.941s] -- Configured cppcheck exclude dirs and/or files: 
[928.859s] -- Added test 'cpplint' to check C / C++ code against the Google style
[928.866s] -- Configured cpplint exclude dirs and/or files: 
[930.771s] -- Added test 'lint_cmake' to check CMake code style
[934.025s] -- Added test 'uncrustify' to check C / C++ code style
[934.033s] -- Configured uncrustify additional arguments: 
[935.608s] -- Added test 'xmllint' to check XML markup files
[939.146s] -- Configuring done
[941.971s] -- Generating done
[942.543s] -- Build files have been written to: /home/nuctella/my_ros2_ws/src/build/parameters
[942.789s] Invoked command in '/home/nuctella/my_ros2_ws/src/build/parameters' returned '0': CMAKE_PREFIX_PATH=${CMAKE_PREFIX_PATH}:/home/nuctella/my_ros2_ws/install/start_with_simple_nodes_py:/home/nuctella/my_ros2_ws/install/rosbot_object_recognition:/home/nuctella/my_ros2_ws/install/publisher_and_subscriber_py:/opt/ros/humble /usr/bin/cmake /home/nuctella/my_ros2_ws/src/ROS2_learning/CPP/parameters -DAMENT_CMAKE_SYMLINK_INSTALL=1 -DCMAKE_INSTALL_PREFIX=/home/nuctella/my_ros2_ws/src/install/parameters
[943.153s] Invoking command in '/home/nuctella/my_ros2_ws/src/build/parameters': CMAKE_PREFIX_PATH=${CMAKE_PREFIX_PATH}:/home/nuctella/my_ros2_ws/install/start_with_simple_nodes_py:/home/nuctella/my_ros2_ws/install/rosbot_object_recognition:/home/nuctella/my_ros2_ws/install/publisher_and_subscriber_py:/opt/ros/humble /usr/bin/cmake --build /home/nuctella/my_ros2_ws/src/build/parameters -- -j8 -l8
[976.026s] [ 50%] [32mBuilding CXX object CMakeFiles/parameters.dir/src/parameters.cpp.o[0m
[1008.008s] [100%] [32m[1mLinking CXX executable parameters[0m
[1036.393s] [100%] Built target parameters
[1040.363s] Invoked command in '/home/nuctella/my_ros2_ws/src/build/parameters' returned '0': CMAKE_PREFIX_PATH=${CMAKE_PREFIX_PATH}:/home/nuctella/my_ros2_ws/install/start_with_simple_nodes_py:/home/nuctella/my_ros2_ws/install/rosbot_object_recognition:/home/nuctella/my_ros2_ws/install/publisher_and_subscriber_py:/opt/ros/humble /usr/bin/cmake --build /home/nuctella/my_ros2_ws/src/build/parameters -- -j8 -l8
[1071.440s] Invoking command in '/home/nuctella/my_ros2_ws/src/build/parameters': CMAKE_PREFIX_PATH=${CMAKE_PREFIX_PATH}:/home/nuctella/my_ros2_ws/install/start_with_simple_nodes_py:/home/nuctella/my_ros2_ws/install/rosbot_object_recognition:/home/nuctella/my_ros2_ws/install/publisher_and_subscriber_py:/opt/ros/humble /usr/bin/cmake --install /home/nuctella/my_ros2_ws/src/build/parameters
[1105.160s] -- Install configuration: ""
[1105.167s] -- Execute custom install script
[1105.175s] -- Symlinking: /home/nuctella/my_ros2_ws/src/install/parameters/lib/parameters/parameters
[1105.182s] -- Symlinking: /home/nuctella/my_ros2_ws/src/install/parameters/share/ament_index/resource_index/package_run_dependencies/parameters
[1105.188s] -- Symlinking: /home/nuctella/my_ros2_ws/src/install/parameters/share/ament_index/resource_index/parent_prefix_path/parameters
[1105.195s] -- Symlinking: /home/nuctella/my_ros2_ws/src/install/parameters/share/parameters/environment/ament_prefix_path.sh
[1105.202s] -- Symlinking: /home/nuctella/my_ros2_ws/src/install/parameters/share/parameters/environment/ament_prefix_path.dsv
[1105.212s] -- Symlinking: /home/nuctella/my_ros2_ws/src/install/parameters/share/parameters/environment/path.sh
[1105.219s] -- Symlinking: /home/nuctella/my_ros2_ws/src/install/parameters/share/parameters/environment/path.dsv
[1107.554s] -- Symlinking: /home/nuctella/my_ros2_ws/src/install/parameters/share/parameters/local_setup.bash
[1111.986s] -- Symlinking: /home/nuctella/my_ros2_ws/src/install/parameters/share/parameters/local_setup.sh
[1116.537s] -- Symlinking: /home/nuctella/my_ros2_ws/src/install/parameters/share/parameters/local_setup.zsh
[1121.257s] -- Symlinking: /home/nuctella/my_ros2_ws/src/install/parameters/share/parameters/local_setup.dsv
[1125.585s] -- Symlinking: /home/nuctella/my_ros2_ws/src/install/parameters/share/parameters/package.dsv
[1130.535s] -- Symlinking: /home/nuctella/my_ros2_ws/src/install/parameters/share/ament_index/resource_index/packages/parameters
[1134.864s] -- Symlinking: /home/nuctella/my_ros2_ws/src/install/parameters/share/parameters/cmake/parametersConfig.cmake
[1138.618s] -- Symlinking: /home/nuctella/my_ros2_ws/src/install/parameters/share/parameters/cmake/parametersConfig-version.cmake
[1142.886s] -- Symlinking: /home/nuctella/my_ros2_ws/src/install/parameters/share/parameters/package.xml
[1146.424s] Invoked command in '/home/nuctella/my_ros2_ws/src/build/parameters' returned '0': CMAKE_PREFIX_PATH=${CMAKE_PREFIX_PATH}:/home/nuctella/my_ros2_ws/install/start_with_simple_nodes_py:/home/nuctella/my_ros2_ws/install/rosbot_object_recognition:/home/nuctella/my_ros2_ws/install/publisher_and_subscriber_py:/opt/ros/humble /usr/bin/cmake --install /home/nuctella/my_ros2_ws/src/build/parameters
