[0.016s] Invoking command in '/home/nuctella/my_ros2_ws/src/build/core': CMAKE_PREFIX_PATH=${CMAKE_PREFIX_PATH}:/home/nuctella/my_ros2_ws/install/start_with_simple_nodes_py:/home/nuctella/my_ros2_ws/install/rosbot_object_recognition:/home/nuctella/my_ros2_ws/install/publisher_and_subscriber_py:/opt/ros/humble /usr/bin/cmake /home/nuctella/my_ros2_ws/src/core -DCMAKE_INSTALL_PREFIX=/home/nuctella/my_ros2_ws/src/install/core
[0.023s] -- Found ament_cmake: 1.3.5 (/opt/ros/humble/share/ament_cmake/cmake)
[0.070s] -- Found Python3: /usr/bin/python3.10 (found version "3.10.12") found components: Interpreter 
[0.106s] -- Override CMake install command with custom implementation using symlinks instead of copying resources
[0.110s] -- Found rclcpp: 16.0.5 (/opt/ros/humble/share/rclcpp/cmake)
[0.127s] -- Found rosidl_generator_c: 3.1.5 (/opt/ros/humble/share/rosidl_generator_c/cmake)
[0.129s] -- Found rosidl_adapter: 3.1.5 (/opt/ros/humble/share/rosidl_adapter/cmake)
[0.132s] -- Found rosidl_generator_cpp: 3.1.5 (/opt/ros/humble/share/rosidl_generator_cpp/cmake)
[0.139s] -- Using all available rosidl_typesupport_c: rosidl_typesupport_fastrtps_c;rosidl_typesupport_introspection_c
[0.148s] -- Using all available rosidl_typesupport_cpp: rosidl_typesupport_fastrtps_cpp;rosidl_typesupport_introspection_cpp
[0.180s] -- Found rmw_implementation_cmake: 6.1.1 (/opt/ros/humble/share/rmw_implementation_cmake/cmake)
[0.181s] -- Found rmw_fastrtps_cpp: 6.2.3 (/opt/ros/humble/share/rmw_fastrtps_cpp/cmake)
[0.268s] -- Using RMW implementation 'rmw_fastrtps_cpp' as default
[0.355s] -- Found rclpy: 3.3.9 (/opt/ros/humble/share/rclpy/cmake)
[0.355s] -- Found sensor_msgs: 4.2.3 (/opt/ros/humble/share/sensor_msgs/cmake)
[0.474s] -- Found ament_lint_auto: 0.12.7 (/opt/ros/humble/share/ament_lint_auto/cmake)
[0.515s] -- Added test 'cppcheck' to perform static code analysis on C / C++ code
[0.515s] -- Configured cppcheck include dirs: /home/nuctella/my_ros2_ws/src/core/include
[0.516s] -- Configured cppcheck exclude dirs and/or files: 
[0.516s] -- Added test 'flake8' to check Python code syntax and style conventions
[0.516s] -- Added test 'lint_cmake' to check CMake code style
[0.516s] -- Added test 'pep257' to check Python code against some of the docstring style conventions in PEP 257
[0.517s] -- Added test 'uncrustify' to check C / C++ code style
[0.517s] -- Configured uncrustify additional arguments: 
[0.517s] -- Added test 'xmllint' to check XML markup files
[0.518s] -- Configuring done
[0.525s] -- Generating done
[0.526s] -- Build files have been written to: /home/nuctella/my_ros2_ws/src/build/core
[0.532s] Invoked command in '/home/nuctella/my_ros2_ws/src/build/core' returned '0': CMAKE_PREFIX_PATH=${CMAKE_PREFIX_PATH}:/home/nuctella/my_ros2_ws/install/start_with_simple_nodes_py:/home/nuctella/my_ros2_ws/install/rosbot_object_recognition:/home/nuctella/my_ros2_ws/install/publisher_and_subscriber_py:/opt/ros/humble /usr/bin/cmake /home/nuctella/my_ros2_ws/src/core -DCMAKE_INSTALL_PREFIX=/home/nuctella/my_ros2_ws/src/install/core
[0.532s] Invoking command in '/home/nuctella/my_ros2_ws/src/build/core': CMAKE_PREFIX_PATH=${CMAKE_PREFIX_PATH}:/home/nuctella/my_ros2_ws/install/start_with_simple_nodes_py:/home/nuctella/my_ros2_ws/install/rosbot_object_recognition:/home/nuctella/my_ros2_ws/install/publisher_and_subscriber_py:/opt/ros/humble /usr/bin/cmake --build /home/nuctella/my_ros2_ws/src/build/core -- -j20 -l20
[0.553s] [35m[1mConsolidate compiler generated dependencies of target monitor_battery[0m
[0.562s] [  0%] Built target ament_cmake_python_symlink_core
[0.562s] [ 50%] [32mBuilding CXX object CMakeFiles/monitor_battery.dir/src/monitor_battery.cpp.o[0m
[0.661s] running egg_info
[0.667s] writing core.egg-info/PKG-INFO
[0.667s] writing dependency_links to core.egg-info/dependency_links.txt
[0.667s] writing top-level names to core.egg-info/top_level.txt
[0.685s] reading manifest file 'core.egg-info/SOURCES.txt'
[0.686s] writing manifest file 'core.egg-info/SOURCES.txt'
[0.700s] [ 50%] Built target ament_cmake_python_build_core_egg
[4.754s] [100%] [32m[1mLinking CXX executable monitor_battery[0m
[4.980s] [100%] Built target monitor_battery
[4.990s] Invoked command in '/home/nuctella/my_ros2_ws/src/build/core' returned '0': CMAKE_PREFIX_PATH=${CMAKE_PREFIX_PATH}:/home/nuctella/my_ros2_ws/install/start_with_simple_nodes_py:/home/nuctella/my_ros2_ws/install/rosbot_object_recognition:/home/nuctella/my_ros2_ws/install/publisher_and_subscriber_py:/opt/ros/humble /usr/bin/cmake --build /home/nuctella/my_ros2_ws/src/build/core -- -j20 -l20
[5.013s] Invoking command in '/home/nuctella/my_ros2_ws/src/build/core': CMAKE_PREFIX_PATH=${CMAKE_PREFIX_PATH}:/home/nuctella/my_ros2_ws/install/start_with_simple_nodes_py:/home/nuctella/my_ros2_ws/install/rosbot_object_recognition:/home/nuctella/my_ros2_ws/install/publisher_and_subscriber_py:/opt/ros/humble /usr/bin/cmake --install /home/nuctella/my_ros2_ws/src/build/core
[5.018s] -- Install configuration: ""
[5.019s] -- Execute custom install script
[5.019s] -- Symlinking: /home/nuctella/my_ros2_ws/src/install/core/lib/core/monitor_battery
[5.025s] -- Symlinking: /home/nuctella/my_ros2_ws/src/install/core/include/.gitkeep
[5.030s] -- Symlinking: /home/nuctella/my_ros2_ws/src/install/core/share/core/environment/pythonpath.sh
[5.036s] -- Symlinking: /home/nuctella/my_ros2_ws/src/install/core/share/core/environment/pythonpath.dsv
[5.042s] -- Symlinking: /home/nuctella/my_ros2_ws/src/install/core/local/lib/python3.10/dist-packages/core-0.0.0-py3.10.egg-info/PKG-INFO
[5.048s] -- Symlinking: /home/nuctella/my_ros2_ws/src/install/core/local/lib/python3.10/dist-packages/core-0.0.0-py3.10.egg-info/SOURCES.txt
[5.053s] -- Symlinking: /home/nuctella/my_ros2_ws/src/install/core/local/lib/python3.10/dist-packages/core-0.0.0-py3.10.egg-info/dependency_links.txt
[5.057s] -- Symlinking: /home/nuctella/my_ros2_ws/src/install/core/local/lib/python3.10/dist-packages/core-0.0.0-py3.10.egg-info/top_level.txt
[5.062s] -- Symlinking: /home/nuctella/my_ros2_ws/src/install/core/local/lib/python3.10/dist-packages/core/__init__.py
[5.065s] -- Symlinking: /home/nuctella/my_ros2_ws/src/install/core/lib/core/monitor_battery.py
[5.069s] -- Symlinking: /home/nuctella/my_ros2_ws/src/install/core/share/ament_index/resource_index/package_run_dependencies/core
[5.073s] -- Symlinking: /home/nuctella/my_ros2_ws/src/install/core/share/ament_index/resource_index/parent_prefix_path/core
[5.077s] -- Symlinking: /home/nuctella/my_ros2_ws/src/install/core/share/core/environment/ament_prefix_path.sh
[5.081s] -- Symlinking: /home/nuctella/my_ros2_ws/src/install/core/share/core/environment/ament_prefix_path.dsv
[5.084s] -- Symlinking: /home/nuctella/my_ros2_ws/src/install/core/share/core/environment/path.sh
[5.088s] -- Symlinking: /home/nuctella/my_ros2_ws/src/install/core/share/core/environment/path.dsv
[5.092s] -- Symlinking: /home/nuctella/my_ros2_ws/src/install/core/share/core/local_setup.bash
[5.095s] -- Symlinking: /home/nuctella/my_ros2_ws/src/install/core/share/core/local_setup.sh
[5.099s] -- Symlinking: /home/nuctella/my_ros2_ws/src/install/core/share/core/local_setup.zsh
[5.103s] -- Symlinking: /home/nuctella/my_ros2_ws/src/install/core/share/core/local_setup.dsv
[5.106s] -- Symlinking: /home/nuctella/my_ros2_ws/src/install/core/share/core/package.dsv
[5.110s] -- Symlinking: /home/nuctella/my_ros2_ws/src/install/core/share/ament_index/resource_index/packages/core
[5.114s] -- Symlinking: /home/nuctella/my_ros2_ws/src/install/core/share/core/cmake/ament_cmake_export_include_directories-extras.cmake
[5.118s] -- Symlinking: /home/nuctella/my_ros2_ws/src/install/core/share/core/cmake/coreConfig.cmake
[5.122s] -- Symlinking: /home/nuctella/my_ros2_ws/src/install/core/share/core/cmake/coreConfig-version.cmake
[5.125s] -- Symlinking: /home/nuctella/my_ros2_ws/src/install/core/share/core/package.xml
[5.157s] Listing '/home/nuctella/my_ros2_ws/src/install/core/local/lib/python3.10/dist-packages/core'...
[5.157s] Compiling '/home/nuctella/my_ros2_ws/src/install/core/local/lib/python3.10/dist-packages/core/__init__.py'...
[5.162s] Invoked command in '/home/nuctella/my_ros2_ws/src/build/core' returned '0': CMAKE_PREFIX_PATH=${CMAKE_PREFIX_PATH}:/home/nuctella/my_ros2_ws/install/start_with_simple_nodes_py:/home/nuctella/my_ros2_ws/install/rosbot_object_recognition:/home/nuctella/my_ros2_ws/install/publisher_and_subscriber_py:/opt/ros/humble /usr/bin/cmake --install /home/nuctella/my_ros2_ws/src/build/core
