[0.220s] Invoking command in '/home/nuctella/ros2_ws/ws/build/ros_components_description': CMAKE_PREFIX_PATH=${CMAKE_PREFIX_PATH}:/home/nuctella/my_ros2_ws/install/rosbot_object_recognition:/opt/ros/humble /usr/bin/cmake /home/nuctella/ros2_ws/ws/src/ros_components_description -DCMAKE_INSTALL_PREFIX=/home/nuctella/ros2_ws/ws/install/ros_components_description
[0.286s] -- The C compiler identification is GNU 11.4.0
[0.323s] -- The CXX compiler identification is GNU 11.4.0
[0.328s] -- Detecting C compiler ABI info
[0.372s] -- Detecting C compiler ABI info - done
[0.377s] -- Check for working C compiler: /usr/bin/cc - skipped
[0.377s] -- Detecting C compile features
[0.377s] -- Detecting C compile features - done
[0.380s] -- Detecting CXX compiler ABI info
[0.429s] -- Detecting CXX compiler ABI info - done
[0.433s] -- Check for working CXX compiler: /usr/bin/c++ - skipped
[0.434s] -- Detecting CXX compile features
[0.435s] -- Detecting CXX compile features - done
[0.437s] -- Found ament_cmake: 1.3.5 (/opt/ros/humble/share/ament_cmake/cmake)
[0.689s] -- Found Python3: /usr/bin/python3.10 (found version "3.10.12") found components: Interpreter 
[0.812s] -- Configuring done
[0.815s] -- Generating done
[0.816s] -- Build files have been written to: /home/nuctella/ros2_ws/ws/build/ros_components_description
[0.819s] Invoked command in '/home/nuctella/ros2_ws/ws/build/ros_components_description' returned '0': CMAKE_PREFIX_PATH=${CMAKE_PREFIX_PATH}:/home/nuctella/my_ros2_ws/install/rosbot_object_recognition:/opt/ros/humble /usr/bin/cmake /home/nuctella/ros2_ws/ws/src/ros_components_description -DCMAKE_INSTALL_PREFIX=/home/nuctella/ros2_ws/ws/install/ros_components_description
[0.820s] Invoking command in '/home/nuctella/ros2_ws/ws/build/ros_components_description': CMAKE_PREFIX_PATH=${CMAKE_PREFIX_PATH}:/home/nuctella/my_ros2_ws/install/rosbot_object_recognition:/opt/ros/humble /usr/bin/cmake --build /home/nuctella/ros2_ws/ws/build/ros_components_description -- -j20 -l20
[0.842s] Invoked command in '/home/nuctella/ros2_ws/ws/build/ros_components_description' returned '0': CMAKE_PREFIX_PATH=${CMAKE_PREFIX_PATH}:/home/nuctella/my_ros2_ws/install/rosbot_object_recognition:/opt/ros/humble /usr/bin/cmake --build /home/nuctella/ros2_ws/ws/build/ros_components_description -- -j20 -l20
[0.861s] Invoking command in '/home/nuctella/ros2_ws/ws/build/ros_components_description': CMAKE_PREFIX_PATH=${CMAKE_PREFIX_PATH}:/home/nuctella/my_ros2_ws/install/rosbot_object_recognition:/opt/ros/humble /usr/bin/cmake --install /home/nuctella/ros2_ws/ws/build/ros_components_description
[0.865s] -- Install configuration: ""
[0.865s] -- Installing: /home/nuctella/ros2_ws/ws/install/ros_components_description/share/ros_components_description/meshes
[0.865s] -- Installing: /home/nuctella/ros2_ws/ws/install/ros_components_description/share/ros_components_description/meshes/ouster_os1_32.dae
[0.866s] -- Installing: /home/nuctella/ros2_ws/ws/install/ros_components_description/share/ros_components_description/meshes/slamtec_rplidar_s1.dae
[0.866s] -- Installing: /home/nuctella/ros2_ws/ws/install/ros_components_description/share/ros_components_description/meshes/orbbec_astra.dae
[0.866s] -- Installing: /home/nuctella/ros2_ws/ws/install/ros_components_description/share/ros_components_description/meshes/intel_realsense_d435.dae
[0.867s] -- Installing: /home/nuctella/ros2_ws/ws/install/ros_components_description/share/ros_components_description/meshes/slamtec_rplidar_ax.dae
[0.867s] -- Installing: /home/nuctella/ros2_ws/ws/install/ros_components_description/share/ros_components_description/meshes/slamtec_rplidar_a2m8.dae
[0.867s] -- Installing: /home/nuctella/ros2_ws/ws/install/ros_components_description/share/ros_components_description/meshes/velodyne_puck.dae
[0.868s] -- Installing: /home/nuctella/ros2_ws/ws/install/ros_components_description/share/ros_components_description/urdf
[0.868s] -- Installing: /home/nuctella/ros2_ws/ws/install/ros_components_description/share/ros_components_description/urdf/slamtec_rplidar_a2.urdf.xacro
[0.868s] -- Installing: /home/nuctella/ros2_ws/ws/install/ros_components_description/share/ros_components_description/urdf/ouster_os1_32.urdf.xacro
[0.868s] -- Installing: /home/nuctella/ros2_ws/ws/install/ros_components_description/share/ros_components_description/urdf/orbbec_astra.urdf.xacro
[0.868s] -- Installing: /home/nuctella/ros2_ws/ws/install/ros_components_description/share/ros_components_description/urdf/slamtec_rplidar_a3.urdf.xacro
[0.868s] -- Installing: /home/nuctella/ros2_ws/ws/install/ros_components_description/share/ros_components_description/urdf/slamtec_rplidar_s1.urdf.xacro
[0.868s] -- Installing: /home/nuctella/ros2_ws/ws/install/ros_components_description/share/ros_components_description/urdf/velodyne_puck.urdf.xacro
[0.868s] -- Installing: /home/nuctella/ros2_ws/ws/install/ros_components_description/share/ros_components_description/urdf/intel_realsense_d435.urdf.xacro
[0.868s] -- Installing: /home/nuctella/ros2_ws/ws/install/ros_components_description/share/ament_index/resource_index/package_run_dependencies/ros_components_description
[0.869s] -- Installing: /home/nuctella/ros2_ws/ws/install/ros_components_description/share/ament_index/resource_index/parent_prefix_path/ros_components_description
[0.869s] -- Installing: /home/nuctella/ros2_ws/ws/install/ros_components_description/share/ros_components_description/environment/ament_prefix_path.sh
[0.869s] -- Installing: /home/nuctella/ros2_ws/ws/install/ros_components_description/share/ros_components_description/environment/ament_prefix_path.dsv
[0.869s] -- Installing: /home/nuctella/ros2_ws/ws/install/ros_components_description/share/ros_components_description/environment/path.sh
[0.869s] -- Installing: /home/nuctella/ros2_ws/ws/install/ros_components_description/share/ros_components_description/environment/path.dsv
[0.869s] -- Installing: /home/nuctella/ros2_ws/ws/install/ros_components_description/share/ros_components_description/local_setup.bash
[0.869s] -- Installing: /home/nuctella/ros2_ws/ws/install/ros_components_description/share/ros_components_description/local_setup.sh
[0.869s] -- Installing: /home/nuctella/ros2_ws/ws/install/ros_components_description/share/ros_components_description/local_setup.zsh
[0.869s] -- Installing: /home/nuctella/ros2_ws/ws/install/ros_components_description/share/ros_components_description/local_setup.dsv
[0.869s] -- Installing: /home/nuctella/ros2_ws/ws/install/ros_components_description/share/ros_components_description/package.dsv
[0.869s] -- Installing: /home/nuctella/ros2_ws/ws/install/ros_components_description/share/ament_index/resource_index/packages/ros_components_description
[0.869s] -- Installing: /home/nuctella/ros2_ws/ws/install/ros_components_description/share/ros_components_description/cmake/ros_components_descriptionConfig.cmake
[0.869s] -- Installing: /home/nuctella/ros2_ws/ws/install/ros_components_description/share/ros_components_description/cmake/ros_components_descriptionConfig-version.cmake
[0.869s] -- Installing: /home/nuctella/ros2_ws/ws/install/ros_components_description/share/ros_components_description/package.xml
[0.870s] Invoked command in '/home/nuctella/ros2_ws/ws/build/ros_components_description' returned '0': CMAKE_PREFIX_PATH=${CMAKE_PREFIX_PATH}:/home/nuctella/my_ros2_ws/install/rosbot_object_recognition:/opt/ros/humble /usr/bin/cmake --install /home/nuctella/ros2_ws/ws/build/ros_components_description
