-- The C compiler identification is GNU 11.4.0
-- The CXX compiler identification is GNU 11.4.0
-- Detecting C compiler ABI info
-- Detecting C compiler ABI info - done
-- Check for working C compiler: /usr/bin/cc - skipped
-- Detecting C compile features
-- Detecting C compile features - done
-- Detecting CXX compiler ABI info
-- Detecting CXX compiler ABI info - done
-- Check for working CXX compiler: /usr/bin/c++ - skipped
-- Detecting CXX compile features
-- Detecting CXX compile features - done
-- Found ament_cmake: 1.3.5 (/opt/ros/humble/share/ament_cmake/cmake)
-- Found Python3: /usr/bin/python3.10 (found version "3.10.12") found components: Interpreter 
-- Found rclcpp: 16.0.6 (/opt/ros/humble/share/rclcpp/cmake)
-- Found rosidl_generator_c: 3.1.5 (/opt/ros/humble/share/rosidl_generator_c/cmake)
-- Found rosidl_adapter: 3.1.5 (/opt/ros/humble/share/rosidl_adapter/cmake)
-- Found rosidl_generator_cpp: 3.1.5 (/opt/ros/humble/share/rosidl_generator_cpp/cmake)
-- Using all available rosidl_typesupport_c: rosidl_typesupport_fastrtps_c;rosidl_typesupport_introspection_c
-- Using all available rosidl_typesupport_cpp: rosidl_typesupport_fastrtps_cpp;rosidl_typesupport_introspection_cpp
-- Found rmw_implementation_cmake: 6.1.1 (/opt/ros/humble/share/rmw_implementation_cmake/cmake)
-- Found rmw_fastrtps_cpp: 6.2.4 (/opt/ros/humble/share/rmw_fastrtps_cpp/cmake)
-- Found OpenSSL: /usr/lib/x86_64-linux-gnu/libcrypto.so (found version "3.0.2")  
-- Found FastRTPS: /opt/ros/humble/include  
-- Using RMW implementation 'rmw_fastrtps_cpp' as default
-- Looking for pthread.h
-- Looking for pthread.h - found
-- Performing Test CMAKE_HAVE_LIBC_PTHREAD
-- Performing Test CMAKE_HAVE_LIBC_PTHREAD - Success
-- Found Threads: TRUE  
-- Configuring done
-- Generating done
-- Build files have been written to: /home/nuctella/ros2_ws/ws/build/husarion_office_gz
-- Install configuration: ""
-- Installing: /home/nuctella/ros2_ws/ws/install/husarion_office_gz/share/husarion_office_gz
-- Installing: /home/nuctella/ros2_ws/ws/install/husarion_office_gz/share/husarion_office_gz/husarion_office_world.launch.py
-- Installing: /home/nuctella/ros2_ws/ws/install/husarion_office_gz/share/husarion_office_gz/worlds/
-- Installing: /home/nuctella/ros2_ws/ws/install/husarion_office_gz/share/husarion_office_gz/worlds//old_custom_world.sdf
-- Installing: /home/nuctella/ros2_ws/ws/install/husarion_office_gz/share/husarion_office_gz/worlds//custom_world.sdf
-- Installing: /home/nuctella/ros2_ws/ws/install/husarion_office_gz/share/husarion_office_gz/worlds//nav2_maps
-- Installing: /home/nuctella/ros2_ws/ws/install/husarion_office_gz/share/husarion_office_gz/worlds//nav2_maps/office_map.png
-- Installing: /home/nuctella/ros2_ws/ws/install/husarion_office_gz/share/husarion_office_gz/worlds//nav2_maps/office_map.yaml
-- Installing: /home/nuctella/ros2_ws/ws/install/husarion_office_gz/share/husarion_office_gz/worlds//husarion_world.sdf
-- Installing: /home/nuctella/ros2_ws/ws/install/husarion_office_gz/share/husarion_office_gz/worlds//meshes
-- Installing: /home/nuctella/ros2_ws/ws/install/husarion_office_gz/share/husarion_office_gz/worlds//meshes/husarion_world.dae
-- Installing: /home/nuctella/ros2_ws/ws/install/husarion_office_gz/share/husarion_office_gz/worlds//models
-- Installing: /home/nuctella/ros2_ws/ws/install/husarion_office_gz/share/husarion_office_gz/worlds//models/MopCart3
-- Installing: /home/nuctella/ros2_ws/ws/install/husarion_office_gz/share/husarion_office_gz/worlds//models/MopCart3/meshes
-- Installing: /home/nuctella/ros2_ws/ws/install/husarion_office_gz/share/husarion_office_gz/worlds//models/MopCart3/meshes/Red.png
-- Installing: /home/nuctella/ros2_ws/ws/install/husarion_office_gz/share/husarion_office_gz/worlds//models/MopCart3/meshes/Plastic.png
-- Installing: /home/nuctella/ros2_ws/ws/install/husarion_office_gz/share/husarion_office_gz/worlds//models/MopCart3/meshes/Blue.png
-- Installing: /home/nuctella/ros2_ws/ws/install/husarion_office_gz/share/husarion_office_gz/worlds//models/MopCart3/meshes/MopCart3.mtl
-- Installing: /home/nuctella/ros2_ws/ws/install/husarion_office_gz/share/husarion_office_gz/worlds//models/MopCart3/meshes/Mop.png
-- Installing: /home/nuctella/ros2_ws/ws/install/husarion_office_gz/share/husarion_office_gz/worlds//models/MopCart3/meshes/Cloth.png
-- Installing: /home/nuctella/ros2_ws/ws/install/husarion_office_gz/share/husarion_office_gz/worlds//models/MopCart3/meshes/MopCart3.obj
-- Installing: /home/nuctella/ros2_ws/ws/install/husarion_office_gz/share/husarion_office_gz/worlds//models/MopCart3/meshes/Spray.png
-- Installing: /home/nuctella/ros2_ws/ws/install/husarion_office_gz/share/husarion_office_gz/worlds//models/MopCart3/meshes/Duster.png
-- Installing: /home/nuctella/ros2_ws/ws/install/husarion_office_gz/share/husarion_office_gz/worlds//models/MopCart3/meshes/Glove.png
-- Installing: /home/nuctella/ros2_ws/ws/install/husarion_office_gz/share/husarion_office_gz/worlds//models/MopCart3/meshes/Parcel.png
-- Installing: /home/nuctella/ros2_ws/ws/install/husarion_office_gz/share/husarion_office_gz/worlds//models/MopCart3/meshes/Cart.png
-- Installing: /home/nuctella/ros2_ws/ws/install/husarion_office_gz/share/husarion_office_gz/worlds//models/MopCart3/meshes/Sign.png
-- Installing: /home/nuctella/ros2_ws/ws/install/husarion_office_gz/share/husarion_office_gz/worlds//models/MopCart3/thumbnails
-- Installing: /home/nuctella/ros2_ws/ws/install/husarion_office_gz/share/husarion_office_gz/worlds//models/MopCart3/thumbnails/4.png
-- Installing: /home/nuctella/ros2_ws/ws/install/husarion_office_gz/share/husarion_office_gz/worlds//models/MopCart3/thumbnails/3.png
-- Installing: /home/nuctella/ros2_ws/ws/install/husarion_office_gz/share/husarion_office_gz/worlds//models/MopCart3/thumbnails/2.png
-- Installing: /home/nuctella/ros2_ws/ws/install/husarion_office_gz/share/husarion_office_gz/worlds//models/MopCart3/thumbnails/5.png
-- Installing: /home/nuctella/ros2_ws/ws/install/husarion_office_gz/share/husarion_office_gz/worlds//models/MopCart3/thumbnails/1.png
-- Installing: /home/nuctella/ros2_ws/ws/install/husarion_office_gz/share/husarion_office_gz/worlds//models/MopCart3/model.config
-- Installing: /home/nuctella/ros2_ws/ws/install/husarion_office_gz/share/husarion_office_gz/worlds//models/MopCart3/model.sdf
-- Installing: /home/nuctella/ros2_ws/ws/install/husarion_office_gz/share/husarion_office_gz/worlds//models/sample_course_2
-- Installing: /home/nuctella/ros2_ws/ws/install/husarion_office_gz/share/husarion_office_gz/worlds//models/sample_course_2/sample_course_2.sdf.jinja
-- Installing: /home/nuctella/ros2_ws/ws/install/husarion_office_gz/share/husarion_office_gz/worlds//models/sample_course_2/sample_course_2.sdf.last_generated
-- Installing: /home/nuctella/ros2_ws/ws/install/husarion_office_gz/share/husarion_office_gz/worlds//models/sample_course_2/materials
-- Installing: /home/nuctella/ros2_ws/ws/install/husarion_office_gz/share/husarion_office_gz/worlds//models/sample_course_2/materials/textures
-- Installing: /home/nuctella/ros2_ws/ws/install/husarion_office_gz/share/husarion_office_gz/worlds//models/sample_course_2/materials/textures/tarmac.png
-- Installing: /home/nuctella/ros2_ws/ws/install/husarion_office_gz/share/husarion_office_gz/worlds//models/sample_course_2/materials/scripts
-- Installing: /home/nuctella/ros2_ws/ws/install/husarion_office_gz/share/husarion_office_gz/worlds//models/sample_course_2/materials/scripts/asphalt.material
-- Installing: /home/nuctella/ros2_ws/ws/install/husarion_office_gz/share/husarion_office_gz/worlds//models/sample_course_2/model.config
-- Installing: /home/nuctella/ros2_ws/ws/install/husarion_office_gz/share/husarion_office_gz/worlds//models/sample_course_2/sample_course_2.sdf
-- Installing: /home/nuctella/ros2_ws/ws/install/husarion_office_gz/share/husarion_office_gz/worlds//models/wall_big_short
-- Installing: /home/nuctella/ros2_ws/ws/install/husarion_office_gz/share/husarion_office_gz/worlds//models/wall_big_short/wall_big_short.sdf
-- Installing: /home/nuctella/ros2_ws/ws/install/husarion_office_gz/share/husarion_office_gz/worlds//models/wall_big_short/model.config
-- Installing: /home/nuctella/ros2_ws/ws/install/husarion_office_gz/share/husarion_office_gz/worlds//models/BathroomSink
-- Installing: /home/nuctella/ros2_ws/ws/install/husarion_office_gz/share/husarion_office_gz/worlds//models/BathroomSink/meshes
-- Installing: /home/nuctella/ros2_ws/ws/install/husarion_office_gz/share/husarion_office_gz/worlds//models/BathroomSink/meshes/BathroomSink_Diffuse.png
-- Installing: /home/nuctella/ros2_ws/ws/install/husarion_office_gz/share/husarion_office_gz/worlds//models/BathroomSink/meshes/BathroomSink_Metal.png
-- Installing: /home/nuctella/ros2_ws/ws/install/husarion_office_gz/share/husarion_office_gz/worlds//models/BathroomSink/meshes/BathroomSink_Col.mtl
-- Installing: /home/nuctella/ros2_ws/ws/install/husarion_office_gz/share/husarion_office_gz/worlds//models/BathroomSink/meshes/BathroomSink.obj
-- Installing: /home/nuctella/ros2_ws/ws/install/husarion_office_gz/share/husarion_office_gz/worlds//models/BathroomSink/meshes/BathroomSink_Rough.png
-- Installing: /home/nuctella/ros2_ws/ws/install/husarion_office_gz/share/husarion_office_gz/worlds//models/BathroomSink/meshes/BathroomSink.mtl
-- Installing: /home/nuctella/ros2_ws/ws/install/husarion_office_gz/share/husarion_office_gz/worlds//models/BathroomSink/meshes/BathroomSink_Col.obj
-- Installing: /home/nuctella/ros2_ws/ws/install/husarion_office_gz/share/husarion_office_gz/worlds//models/BathroomSink/thumbnails
-- Installing: /home/nuctella/ros2_ws/ws/install/husarion_office_gz/share/husarion_office_gz/worlds//models/BathroomSink/thumbnails/4.png
-- Installing: /home/nuctella/ros2_ws/ws/install/husarion_office_gz/share/husarion_office_gz/worlds//models/BathroomSink/thumbnails/3.png
-- Installing: /home/nuctella/ros2_ws/ws/install/husarion_office_gz/share/husarion_office_gz/worlds//models/BathroomSink/thumbnails/2.png
-- Installing: /home/nuctella/ros2_ws/ws/install/husarion_office_gz/share/husarion_office_gz/worlds//models/BathroomSink/thumbnails/5.png
-- Installing: /home/nuctella/ros2_ws/ws/install/husarion_office_gz/share/husarion_office_gz/worlds//models/BathroomSink/thumbnails/1.png
-- Installing: /home/nuctella/ros2_ws/ws/install/husarion_office_gz/share/husarion_office_gz/worlds//models/BathroomSink/model.config
-- Installing: /home/nuctella/ros2_ws/ws/install/husarion_office_gz/share/husarion_office_gz/worlds//models/BathroomSink/model.sdf
-- Installing: /home/nuctella/ros2_ws/ws/install/husarion_office_gz/share/husarion_office_gz/worlds//models/Toilet
-- Installing: /home/nuctella/ros2_ws/ws/install/husarion_office_gz/share/husarion_office_gz/worlds//models/Toilet/meshes
-- Installing: /home/nuctella/ros2_ws/ws/install/husarion_office_gz/share/husarion_office_gz/worlds//models/Toilet/meshes/toilet.obj
-- Installing: /home/nuctella/ros2_ws/ws/install/husarion_office_gz/share/husarion_office_gz/worlds//models/Toilet/meshes/toilet.mtl
-- Installing: /home/nuctella/ros2_ws/ws/install/husarion_office_gz/share/husarion_office_gz/worlds//models/Toilet/thumbnails
-- Installing: /home/nuctella/ros2_ws/ws/install/husarion_office_gz/share/husarion_office_gz/worlds//models/Toilet/thumbnails/4.png
-- Installing: /home/nuctella/ros2_ws/ws/install/husarion_office_gz/share/husarion_office_gz/worlds//models/Toilet/thumbnails/3.png
-- Installing: /home/nuctella/ros2_ws/ws/install/husarion_office_gz/share/husarion_office_gz/worlds//models/Toilet/thumbnails/2.png
-- Installing: /home/nuctella/ros2_ws/ws/install/husarion_office_gz/share/husarion_office_gz/worlds//models/Toilet/thumbnails/5.png
-- Installing: /home/nuctella/ros2_ws/ws/install/husarion_office_gz/share/husarion_office_gz/worlds//models/Toilet/thumbnails/1.png
-- Installing: /home/nuctella/ros2_ws/ws/install/husarion_office_gz/share/husarion_office_gz/worlds//models/Toilet/model.config
-- Installing: /home/nuctella/ros2_ws/ws/install/husarion_office_gz/share/husarion_office_gz/worlds//models/Toilet/model.sdf
-- Installing: /home/nuctella/ros2_ws/ws/install/husarion_office_gz/share/husarion_office_gz/worlds//models/sample_course_1
-- Installing: /home/nuctella/ros2_ws/ws/install/husarion_office_gz/share/husarion_office_gz/worlds//models/sample_course_1/sample_course_1.sdf
-- Installing: /home/nuctella/ros2_ws/ws/install/husarion_office_gz/share/husarion_office_gz/worlds//models/sample_course_1/materials
-- Installing: /home/nuctella/ros2_ws/ws/install/husarion_office_gz/share/husarion_office_gz/worlds//models/sample_course_1/materials/textures
-- Installing: /home/nuctella/ros2_ws/ws/install/husarion_office_gz/share/husarion_office_gz/worlds//models/sample_course_1/materials/textures/tarmac.png
-- Installing: /home/nuctella/ros2_ws/ws/install/husarion_office_gz/share/husarion_office_gz/worlds//models/sample_course_1/materials/scripts
-- Installing: /home/nuctella/ros2_ws/ws/install/husarion_office_gz/share/husarion_office_gz/worlds//models/sample_course_1/materials/scripts/asphalt.material
-- Installing: /home/nuctella/ros2_ws/ws/install/husarion_office_gz/share/husarion_office_gz/worlds//models/sample_course_1/model.config
-- Installing: /home/nuctella/ros2_ws/ws/install/husarion_office_gz/share/husarion_office_gz/worlds//models/sample_course_1/sample_course_1.sdf.jinja
-- Installing: /home/nuctella/ros2_ws/ws/install/husarion_office_gz/share/husarion_office_gz/worlds//models/sample_course_1/sample_course_1.sdf.last_generated
-- Installing: /home/nuctella/ros2_ws/ws/install/husarion_office_gz/share/husarion_office_gz/worlds//models/everblock_white
-- Installing: /home/nuctella/ros2_ws/ws/install/husarion_office_gz/share/husarion_office_gz/worlds//models/everblock_white/meshes
-- Installing: /home/nuctella/ros2_ws/ws/install/husarion_office_gz/share/husarion_office_gz/worlds//models/everblock_white/meshes/textures
-- Installing: /home/nuctella/ros2_ws/ws/install/husarion_office_gz/share/husarion_office_gz/worlds//models/everblock_white/meshes/textures/everblock_white_ao.png
-- Installing: /home/nuctella/ros2_ws/ws/install/husarion_office_gz/share/husarion_office_gz/worlds//models/everblock_white/meshes/textures/everblock_white_normal.png
-- Installing: /home/nuctella/ros2_ws/ws/install/husarion_office_gz/share/husarion_office_gz/worlds//models/everblock_white/meshes/textures/everblock_white_albedo.png
-- Installing: /home/nuctella/ros2_ws/ws/install/husarion_office_gz/share/husarion_office_gz/worlds//models/everblock_white/meshes/textures/everblock_white_roughness.png
-- Installing: /home/nuctella/ros2_ws/ws/install/husarion_office_gz/share/husarion_office_gz/worlds//models/everblock_white/meshes/everblock_white.blend
-- Installing: /home/nuctella/ros2_ws/ws/install/husarion_office_gz/share/husarion_office_gz/worlds//models/everblock_white/meshes/everblock_white.dae
-- Installing: /home/nuctella/ros2_ws/ws/install/husarion_office_gz/share/husarion_office_gz/worlds//models/everblock_white/model.config
-- Installing: /home/nuctella/ros2_ws/ws/install/husarion_office_gz/share/husarion_office_gz/worlds//models/everblock_white/model.sdf
-- Installing: /home/nuctella/ros2_ws/ws/install/husarion_office_gz/share/husarion_office_gz/worlds//models/everblock_red
-- Installing: /home/nuctella/ros2_ws/ws/install/husarion_office_gz/share/husarion_office_gz/worlds//models/everblock_red/meshes
-- Installing: /home/nuctella/ros2_ws/ws/install/husarion_office_gz/share/husarion_office_gz/worlds//models/everblock_red/meshes/textures
-- Installing: /home/nuctella/ros2_ws/ws/install/husarion_office_gz/share/husarion_office_gz/worlds//models/everblock_red/meshes/textures/everblock_red_roughness.png
-- Installing: /home/nuctella/ros2_ws/ws/install/husarion_office_gz/share/husarion_office_gz/worlds//models/everblock_red/meshes/textures/everblock_red_ao.png
-- Installing: /home/nuctella/ros2_ws/ws/install/husarion_office_gz/share/husarion_office_gz/worlds//models/everblock_red/meshes/textures/everblock_red_normal.png
-- Installing: /home/nuctella/ros2_ws/ws/install/husarion_office_gz/share/husarion_office_gz/worlds//models/everblock_red/meshes/textures/everblock_red_albedo.png
-- Installing: /home/nuctella/ros2_ws/ws/install/husarion_office_gz/share/husarion_office_gz/worlds//models/everblock_red/meshes/everblock_red.blend
-- Installing: /home/nuctella/ros2_ws/ws/install/husarion_office_gz/share/husarion_office_gz/worlds//models/everblock_red/meshes/everblock_red.dae
-- Installing: /home/nuctella/ros2_ws/ws/install/husarion_office_gz/share/husarion_office_gz/worlds//models/everblock_red/materials
-- Installing: /home/nuctella/ros2_ws/ws/install/husarion_office_gz/share/husarion_office_gz/worlds//models/everblock_red/materials/textures
-- Installing: /home/nuctella/ros2_ws/ws/install/husarion_office_gz/share/husarion_office_gz/worlds//models/everblock_red/materials/textures/block.png
-- Installing: /home/nuctella/ros2_ws/ws/install/husarion_office_gz/share/husarion_office_gz/worlds//models/everblock_red/materials/scripts
-- Installing: /home/nuctella/ros2_ws/ws/install/husarion_office_gz/share/husarion_office_gz/worlds//models/everblock_red/materials/scripts/block_red.material
-- Installing: /home/nuctella/ros2_ws/ws/install/husarion_office_gz/share/husarion_office_gz/worlds//models/everblock_red/model.config
-- Installing: /home/nuctella/ros2_ws/ws/install/husarion_office_gz/share/husarion_office_gz/worlds//models/everblock_red/model.sdf
-- Installing: /home/nuctella/ros2_ws/ws/install/husarion_office_gz/share/husarion_office_gz/worlds//models/wall_small_short
-- Installing: /home/nuctella/ros2_ws/ws/install/husarion_office_gz/share/husarion_office_gz/worlds//models/wall_small_short/model.config
-- Installing: /home/nuctella/ros2_ws/ws/install/husarion_office_gz/share/husarion_office_gz/worlds//models/wall_small_short/model.sdf
-- Installing: /home/nuctella/ros2_ws/ws/install/husarion_office_gz/share/husarion_office_gz/worlds//models/wall_small_long
-- Installing: /home/nuctella/ros2_ws/ws/install/husarion_office_gz/share/husarion_office_gz/worlds//models/wall_small_long/model.config
-- Installing: /home/nuctella/ros2_ws/ws/install/husarion_office_gz/share/husarion_office_gz/worlds//models/wall_small_long/model.sdf
-- Installing: /home/nuctella/ros2_ws/ws/install/husarion_office_gz/share/husarion_office_gz/worlds//models/hangar_floor
-- Installing: /home/nuctella/ros2_ws/ws/install/husarion_office_gz/share/husarion_office_gz/worlds//models/hangar_floor/meshes
-- Installing: /home/nuctella/ros2_ws/ws/install/husarion_office_gz/share/husarion_office_gz/worlds//models/hangar_floor/meshes/hangar_floor.dae
-- Installing: /home/nuctella/ros2_ws/ws/install/husarion_office_gz/share/husarion_office_gz/worlds//models/hangar_floor/meshes/hangar_floor.blend
-- Installing: /home/nuctella/ros2_ws/ws/install/husarion_office_gz/share/husarion_office_gz/worlds//models/hangar_floor/meshes/hangar_floor.blend1
-- Installing: /home/nuctella/ros2_ws/ws/install/husarion_office_gz/share/husarion_office_gz/worlds//models/hangar_floor/meshes/textures
-- Installing: /home/nuctella/ros2_ws/ws/install/husarion_office_gz/share/husarion_office_gz/worlds//models/hangar_floor/meshes/textures/hangar_floor_roughness.png
-- Installing: /home/nuctella/ros2_ws/ws/install/husarion_office_gz/share/husarion_office_gz/worlds//models/hangar_floor/meshes/textures/hangar_floor_albedo.png
-- Installing: /home/nuctella/ros2_ws/ws/install/husarion_office_gz/share/husarion_office_gz/worlds//models/hangar_floor/meshes/textures/hangar_floor_normal.png
-- Installing: /home/nuctella/ros2_ws/ws/install/husarion_office_gz/share/husarion_office_gz/worlds//models/hangar_floor/meshes/hangar_floor_albedo.png
-- Installing: /home/nuctella/ros2_ws/ws/install/husarion_office_gz/share/husarion_office_gz/worlds//models/hangar_floor/meshes/hangar_floor11x21.dae
-- Installing: /home/nuctella/ros2_ws/ws/install/husarion_office_gz/share/husarion_office_gz/worlds//models/hangar_floor/hangar_floor.sdf
-- Installing: /home/nuctella/ros2_ws/ws/install/husarion_office_gz/share/husarion_office_gz/worlds//models/hangar_floor/model.config
-- Installing: /home/nuctella/ros2_ws/ws/install/husarion_office_gz/share/husarion_office_gz/worlds//models/rosbot
-- Installing: /home/nuctella/ros2_ws/ws/install/husarion_office_gz/share/husarion_office_gz/worlds//models/rosbot/meshes
-- Installing: /home/nuctella/ros2_ws/ws/install/husarion_office_gz/share/husarion_office_gz/worlds//models/rosbot/meshes/astra.dae
-- Installing: /home/nuctella/ros2_ws/ws/install/husarion_office_gz/share/husarion_office_gz/worlds//models/rosbot/meshes/box.dae
-- Installing: /home/nuctella/ros2_ws/ws/install/husarion_office_gz/share/husarion_office_gz/worlds//models/rosbot/meshes/upper.dae
-- Installing: /home/nuctella/ros2_ws/ws/install/husarion_office_gz/share/husarion_office_gz/worlds//models/rosbot/meshes/wheel-v2.stl
-- Installing: /home/nuctella/ros2_ws/ws/install/husarion_office_gz/share/husarion_office_gz/worlds//models/rosbot/meshes/wheel.dae
-- Installing: /home/nuctella/ros2_ws/ws/install/husarion_office_gz/share/husarion_office_gz/worlds//models/rosbot/meshes/rplidar.dae
-- Installing: /home/nuctella/ros2_ws/ws/install/husarion_office_gz/share/husarion_office_gz/worlds//models/rosbot/model.config
-- Installing: /home/nuctella/ros2_ws/ws/install/husarion_office_gz/share/husarion_office_gz/worlds//models/rosbot/model.sdf
-- Installing: /home/nuctella/ros2_ws/ws/install/husarion_office_gz/share/husarion_office_gz/worlds//models/SquareShelf
-- Installing: /home/nuctella/ros2_ws/ws/install/husarion_office_gz/share/husarion_office_gz/worlds//models/SquareShelf/meshes
-- Installing: /home/nuctella/ros2_ws/ws/install/husarion_office_gz/share/husarion_office_gz/worlds//models/SquareShelf/meshes/SquareShelf.mtl
-- Installing: /home/nuctella/ros2_ws/ws/install/husarion_office_gz/share/husarion_office_gz/worlds//models/SquareShelf/meshes/SquareShelf_Col.mtl
-- Installing: /home/nuctella/ros2_ws/ws/install/husarion_office_gz/share/husarion_office_gz/worlds//models/SquareShelf/meshes/SquareShelf_Diffuse.png
-- Installing: /home/nuctella/ros2_ws/ws/install/husarion_office_gz/share/husarion_office_gz/worlds//models/SquareShelf/meshes/SquareShelf.obj
-- Installing: /home/nuctella/ros2_ws/ws/install/husarion_office_gz/share/husarion_office_gz/worlds//models/SquareShelf/meshes/SquareShelf_Col.obj
-- Installing: /home/nuctella/ros2_ws/ws/install/husarion_office_gz/share/husarion_office_gz/worlds//models/SquareShelf/thumbnails
-- Installing: /home/nuctella/ros2_ws/ws/install/husarion_office_gz/share/husarion_office_gz/worlds//models/SquareShelf/thumbnails/4.png
-- Installing: /home/nuctella/ros2_ws/ws/install/husarion_office_gz/share/husarion_office_gz/worlds//models/SquareShelf/thumbnails/3.png
-- Installing: /home/nuctella/ros2_ws/ws/install/husarion_office_gz/share/husarion_office_gz/worlds//models/SquareShelf/thumbnails/2.png
-- Installing: /home/nuctella/ros2_ws/ws/install/husarion_office_gz/share/husarion_office_gz/worlds//models/SquareShelf/thumbnails/5.png
-- Installing: /home/nuctella/ros2_ws/ws/install/husarion_office_gz/share/husarion_office_gz/worlds//models/SquareShelf/thumbnails/1.png
-- Installing: /home/nuctella/ros2_ws/ws/install/husarion_office_gz/share/husarion_office_gz/worlds//models/SquareShelf/model.config
-- Installing: /home/nuctella/ros2_ws/ws/install/husarion_office_gz/share/husarion_office_gz/worlds//models/SquareShelf/model.sdf
-- Installing: /home/nuctella/ros2_ws/ws/install/husarion_office_gz/share/husarion_office_gz/worlds//models/wood1.png
-- Installing: /home/nuctella/ros2_ws/ws/install/husarion_office_gz/share/husarion_office_gz/worlds//models/ConfTable
-- Installing: /home/nuctella/ros2_ws/ws/install/husarion_office_gz/share/husarion_office_gz/worlds//models/ConfTable/meshes
-- Installing: /home/nuctella/ros2_ws/ws/install/husarion_office_gz/share/husarion_office_gz/worlds//models/ConfTable/meshes/ConfTable2.stl
-- Installing: /home/nuctella/ros2_ws/ws/install/husarion_office_gz/share/husarion_office_gz/worlds//models/ConfTable/model.config
-- Installing: /home/nuctella/ros2_ws/ws/install/husarion_office_gz/share/husarion_office_gz/worlds//models/ConfTable/model.sdf
-- Installing: /home/nuctella/ros2_ws/ws/install/husarion_office_gz/share/husarion_office_gz/worlds//models/Stairs
-- Installing: /home/nuctella/ros2_ws/ws/install/husarion_office_gz/share/husarion_office_gz/worlds//models/Stairs/model.config
-- Installing: /home/nuctella/ros2_ws/ws/install/husarion_office_gz/share/husarion_office_gz/worlds//models/Stairs/model.sdf
-- Installing: /home/nuctella/ros2_ws/ws/install/husarion_office_gz/share/husarion_office_gz/worlds//models/everblock_small_tunnel
-- Installing: /home/nuctella/ros2_ws/ws/install/husarion_office_gz/share/husarion_office_gz/worlds//models/everblock_small_tunnel/model.config
-- Installing: /home/nuctella/ros2_ws/ws/install/husarion_office_gz/share/husarion_office_gz/worlds//models/everblock_small_tunnel/model.sdf
-- Installing: /home/nuctella/ros2_ws/ws/install/husarion_office_gz/share/husarion_office_gz/worlds//models/everblock_high_green
-- Installing: /home/nuctella/ros2_ws/ws/install/husarion_office_gz/share/husarion_office_gz/worlds//models/everblock_high_green/meshes
-- Installing: /home/nuctella/ros2_ws/ws/install/husarion_office_gz/share/husarion_office_gz/worlds//models/everblock_high_green/meshes/everblock_green.dae
-- Installing: /home/nuctella/ros2_ws/ws/install/husarion_office_gz/share/husarion_office_gz/worlds//models/everblock_high_green/meshes/textures
-- Installing: /home/nuctella/ros2_ws/ws/install/husarion_office_gz/share/husarion_office_gz/worlds//models/everblock_high_green/meshes/textures/everblock_green_roughness.png
-- Installing: /home/nuctella/ros2_ws/ws/install/husarion_office_gz/share/husarion_office_gz/worlds//models/everblock_high_green/meshes/textures/everblock_green_normal.png
-- Installing: /home/nuctella/ros2_ws/ws/install/husarion_office_gz/share/husarion_office_gz/worlds//models/everblock_high_green/meshes/textures/everblock_green_albedo.png
-- Installing: /home/nuctella/ros2_ws/ws/install/husarion_office_gz/share/husarion_office_gz/worlds//models/everblock_high_green/meshes/textures/everblock_green_ao.png
-- Installing: /home/nuctella/ros2_ws/ws/install/husarion_office_gz/share/husarion_office_gz/worlds//models/everblock_high_green/meshes/everblock_green.blend
-- Installing: /home/nuctella/ros2_ws/ws/install/husarion_office_gz/share/husarion_office_gz/worlds//models/everblock_high_green/model.config
-- Installing: /home/nuctella/ros2_ws/ws/install/husarion_office_gz/share/husarion_office_gz/worlds//models/everblock_high_green/model.sdf
-- Installing: /home/nuctella/ros2_ws/ws/install/husarion_office_gz/share/husarion_office_gz/worlds//models/white_wall.png
-- Installing: /home/nuctella/ros2_ws/ws/install/husarion_office_gz/share/husarion_office_gz/worlds//models/everblock_grey
-- Installing: /home/nuctella/ros2_ws/ws/install/husarion_office_gz/share/husarion_office_gz/worlds//models/everblock_grey/meshes
-- Installing: /home/nuctella/ros2_ws/ws/install/husarion_office_gz/share/husarion_office_gz/worlds//models/everblock_grey/meshes/textures
-- Installing: /home/nuctella/ros2_ws/ws/install/husarion_office_gz/share/husarion_office_gz/worlds//models/everblock_grey/meshes/textures/everblock_grey_albedo.png
-- Installing: /home/nuctella/ros2_ws/ws/install/husarion_office_gz/share/husarion_office_gz/worlds//models/everblock_grey/meshes/textures/everblock_grey_normal.png
-- Installing: /home/nuctella/ros2_ws/ws/install/husarion_office_gz/share/husarion_office_gz/worlds//models/everblock_grey/meshes/textures/everblock_grey_roughness.png
-- Installing: /home/nuctella/ros2_ws/ws/install/husarion_office_gz/share/husarion_office_gz/worlds//models/everblock_grey/meshes/textures/everblock_grey_ao.png
-- Installing: /home/nuctella/ros2_ws/ws/install/husarion_office_gz/share/husarion_office_gz/worlds//models/everblock_grey/meshes/everblock_grey.dae
-- Installing: /home/nuctella/ros2_ws/ws/install/husarion_office_gz/share/husarion_office_gz/worlds//models/everblock_grey/meshes/everblock_grey.blend
-- Installing: /home/nuctella/ros2_ws/ws/install/husarion_office_gz/share/husarion_office_gz/worlds//models/everblock_grey/model.config
-- Installing: /home/nuctella/ros2_ws/ws/install/husarion_office_gz/share/husarion_office_gz/worlds//models/everblock_grey/model.sdf
-- Installing: /home/nuctella/ros2_ws/ws/install/husarion_office_gz/share/husarion_office_gz/worlds//models/wall_big_long
-- Installing: /home/nuctella/ros2_ws/ws/install/husarion_office_gz/share/husarion_office_gz/worlds//models/wall_big_long/wall_big_long.sdf
-- Installing: /home/nuctella/ros2_ws/ws/install/husarion_office_gz/share/husarion_office_gz/worlds//models/wall_big_long/model.config
-- Installing: /home/nuctella/ros2_ws/ws/install/husarion_office_gz/share/husarion_office_gz/worlds//models/CoffeeTable
-- Installing: /home/nuctella/ros2_ws/ws/install/husarion_office_gz/share/husarion_office_gz/worlds//models/CoffeeTable/meshes
-- Installing: /home/nuctella/ros2_ws/ws/install/husarion_office_gz/share/husarion_office_gz/worlds//models/CoffeeTable/meshes/CoffeeTable_Diffuse.png
-- Installing: /home/nuctella/ros2_ws/ws/install/husarion_office_gz/share/husarion_office_gz/worlds//models/CoffeeTable/meshes/CoffeeTable_SpecGloss.png
-- Installing: /home/nuctella/ros2_ws/ws/install/husarion_office_gz/share/husarion_office_gz/worlds//models/CoffeeTable/meshes/CoffeeTable.mtl
-- Installing: /home/nuctella/ros2_ws/ws/install/husarion_office_gz/share/husarion_office_gz/worlds//models/CoffeeTable/meshes/CoffeeTable.obj
-- Installing: /home/nuctella/ros2_ws/ws/install/husarion_office_gz/share/husarion_office_gz/worlds//models/CoffeeTable/meshes/CoffeeTable_Normal.png
-- Installing: /home/nuctella/ros2_ws/ws/install/husarion_office_gz/share/husarion_office_gz/worlds//models/CoffeeTable/thumbnails
-- Installing: /home/nuctella/ros2_ws/ws/install/husarion_office_gz/share/husarion_office_gz/worlds//models/CoffeeTable/thumbnails/4.png
-- Installing: /home/nuctella/ros2_ws/ws/install/husarion_office_gz/share/husarion_office_gz/worlds//models/CoffeeTable/thumbnails/3.png
-- Installing: /home/nuctella/ros2_ws/ws/install/husarion_office_gz/share/husarion_office_gz/worlds//models/CoffeeTable/thumbnails/2.png
-- Installing: /home/nuctella/ros2_ws/ws/install/husarion_office_gz/share/husarion_office_gz/worlds//models/CoffeeTable/thumbnails/5.png
-- Installing: /home/nuctella/ros2_ws/ws/install/husarion_office_gz/share/husarion_office_gz/worlds//models/CoffeeTable/thumbnails/1.png
-- Installing: /home/nuctella/ros2_ws/ws/install/husarion_office_gz/share/husarion_office_gz/worlds//models/CoffeeTable/model.config
-- Installing: /home/nuctella/ros2_ws/ws/install/husarion_office_gz/share/husarion_office_gz/worlds//models/CoffeeTable/model.sdf
-- Installing: /home/nuctella/ros2_ws/ws/install/husarion_office_gz/share/husarion_office_gz/worlds//models/MopCart2
-- Installing: /home/nuctella/ros2_ws/ws/install/husarion_office_gz/share/husarion_office_gz/worlds//models/MopCart2/meshes
-- Installing: /home/nuctella/ros2_ws/ws/install/husarion_office_gz/share/husarion_office_gz/worlds//models/MopCart2/meshes/Blue.png
-- Installing: /home/nuctella/ros2_ws/ws/install/husarion_office_gz/share/husarion_office_gz/worlds//models/MopCart2/meshes/Broom.png
-- Installing: /home/nuctella/ros2_ws/ws/install/husarion_office_gz/share/husarion_office_gz/worlds//models/MopCart2/meshes/Mop.png
-- Installing: /home/nuctella/ros2_ws/ws/install/husarion_office_gz/share/husarion_office_gz/worlds//models/MopCart2/meshes/Cloth.png
-- Installing: /home/nuctella/ros2_ws/ws/install/husarion_office_gz/share/husarion_office_gz/worlds//models/MopCart2/meshes/Duster.png
-- Installing: /home/nuctella/ros2_ws/ws/install/husarion_office_gz/share/husarion_office_gz/worlds//models/MopCart2/meshes/MopCart2.obj
-- Installing: /home/nuctella/ros2_ws/ws/install/husarion_office_gz/share/husarion_office_gz/worlds//models/MopCart2/meshes/BigRed.png
-- Installing: /home/nuctella/ros2_ws/ws/install/husarion_office_gz/share/husarion_office_gz/worlds//models/MopCart2/meshes/MopCart2.mtl
-- Installing: /home/nuctella/ros2_ws/ws/install/husarion_office_gz/share/husarion_office_gz/worlds//models/MopCart2/meshes/Cart2.png
-- Installing: /home/nuctella/ros2_ws/ws/install/husarion_office_gz/share/husarion_office_gz/worlds//models/MopCart2/meshes/Tongs.png
-- Installing: /home/nuctella/ros2_ws/ws/install/husarion_office_gz/share/husarion_office_gz/worlds//models/MopCart2/thumbnails
-- Installing: /home/nuctella/ros2_ws/ws/install/husarion_office_gz/share/husarion_office_gz/worlds//models/MopCart2/thumbnails/4.png
-- Installing: /home/nuctella/ros2_ws/ws/install/husarion_office_gz/share/husarion_office_gz/worlds//models/MopCart2/thumbnails/3.png
-- Installing: /home/nuctella/ros2_ws/ws/install/husarion_office_gz/share/husarion_office_gz/worlds//models/MopCart2/thumbnails/2.png
-- Installing: /home/nuctella/ros2_ws/ws/install/husarion_office_gz/share/husarion_office_gz/worlds//models/MopCart2/thumbnails/5.png
-- Installing: /home/nuctella/ros2_ws/ws/install/husarion_office_gz/share/husarion_office_gz/worlds//models/MopCart2/thumbnails/1.png
-- Installing: /home/nuctella/ros2_ws/ws/install/husarion_office_gz/share/husarion_office_gz/worlds//models/MopCart2/model.config
-- Installing: /home/nuctella/ros2_ws/ws/install/husarion_office_gz/share/husarion_office_gz/worlds//models/MopCart2/model.sdf
-- Installing: /home/nuctella/ros2_ws/ws/install/husarion_office_gz/share/husarion_office_gz/worlds//models/Table
-- Installing: /home/nuctella/ros2_ws/ws/install/husarion_office_gz/share/husarion_office_gz/worlds//models/Table/Table_Diffuse.jpg
-- Installing: /home/nuctella/ros2_ws/ws/install/husarion_office_gz/share/husarion_office_gz/worlds//models/Table/model-1_4.sdf
-- Installing: /home/nuctella/ros2_ws/ws/install/husarion_office_gz/share/husarion_office_gz/worlds//models/Table/thumbnails
-- Installing: /home/nuctella/ros2_ws/ws/install/husarion_office_gz/share/husarion_office_gz/worlds//models/Table/thumbnails/4.png
-- Installing: /home/nuctella/ros2_ws/ws/install/husarion_office_gz/share/husarion_office_gz/worlds//models/Table/thumbnails/3.png
-- Installing: /home/nuctella/ros2_ws/ws/install/husarion_office_gz/share/husarion_office_gz/worlds//models/Table/thumbnails/2.png
-- Installing: /home/nuctella/ros2_ws/ws/install/husarion_office_gz/share/husarion_office_gz/worlds//models/Table/thumbnails/5.png
-- Installing: /home/nuctella/ros2_ws/ws/install/husarion_office_gz/share/husarion_office_gz/worlds//models/Table/thumbnails/1.png
-- Installing: /home/nuctella/ros2_ws/ws/install/husarion_office_gz/share/husarion_office_gz/worlds//models/Table/model.config
-- Installing: /home/nuctella/ros2_ws/ws/install/husarion_office_gz/share/husarion_office_gz/worlds//models/Table/model-1_2.sdf
-- Installing: /home/nuctella/ros2_ws/ws/install/husarion_office_gz/share/husarion_office_gz/worlds//models/Table/model-1_3.sdf
-- Installing: /home/nuctella/ros2_ws/ws/install/husarion_office_gz/share/husarion_office_gz/worlds//models/Table/model.sdf
-- Installing: /home/nuctella/ros2_ws/ws/install/husarion_office_gz/share/husarion_office_gz/worlds//models/Door
-- Installing: /home/nuctella/ros2_ws/ws/install/husarion_office_gz/share/husarion_office_gz/worlds//models/Door/meshes
-- Installing: /home/nuctella/ros2_ws/ws/install/husarion_office_gz/share/husarion_office_gz/worlds//models/Door/meshes/door.stl
-- Installing: /home/nuctella/ros2_ws/ws/install/husarion_office_gz/share/husarion_office_gz/worlds//models/Door/model.config
-- Installing: /home/nuctella/ros2_ws/ws/install/husarion_office_gz/share/husarion_office_gz/worlds//models/Door/model.sdf
-- Installing: /home/nuctella/ros2_ws/ws/install/husarion_office_gz/share/husarion_office_gz/worlds//models/pradnicka_office_L1
-- Installing: /home/nuctella/ros2_ws/ws/install/husarion_office_gz/share/husarion_office_gz/worlds//models/pradnicka_office_L1/meshes
-- Installing: /home/nuctella/ros2_ws/ws/install/husarion_office_gz/share/husarion_office_gz/worlds//models/pradnicka_office_L1/meshes/floor_11.obj
-- Installing: /home/nuctella/ros2_ws/ws/install/husarion_office_gz/share/husarion_office_gz/worlds//models/pradnicka_office_L1/meshes/floor_4.obj
-- Installing: /home/nuctella/ros2_ws/ws/install/husarion_office_gz/share/husarion_office_gz/worlds//models/pradnicka_office_L1/meshes/floor_5.mtl
-- Installing: /home/nuctella/ros2_ws/ws/install/husarion_office_gz/share/husarion_office_gz/worlds//models/pradnicka_office_L1/meshes/floor_3.obj
-- Installing: /home/nuctella/ros2_ws/ws/install/husarion_office_gz/share/husarion_office_gz/worlds//models/pradnicka_office_L1/meshes/model.material
-- Installing: /home/nuctella/ros2_ws/ws/install/husarion_office_gz/share/husarion_office_gz/worlds//models/pradnicka_office_L1/meshes/floor_14.obj
-- Installing: /home/nuctella/ros2_ws/ws/install/husarion_office_gz/share/husarion_office_gz/worlds//models/pradnicka_office_L1/meshes/floor_8.mtl
-- Installing: /home/nuctella/ros2_ws/ws/install/husarion_office_gz/share/husarion_office_gz/worlds//models/pradnicka_office_L1/meshes/wood1.png
-- Installing: /home/nuctella/ros2_ws/ws/install/husarion_office_gz/share/husarion_office_gz/worlds//models/pradnicka_office_L1/meshes/floor_2.mtl
-- Installing: /home/nuctella/ros2_ws/ws/install/husarion_office_gz/share/husarion_office_gz/worlds//models/pradnicka_office_L1/meshes/white_wall.png
-- Installing: /home/nuctella/ros2_ws/ws/install/husarion_office_gz/share/husarion_office_gz/worlds//models/pradnicka_office_L1/meshes/floor_9.obj
-- Installing: /home/nuctella/ros2_ws/ws/install/husarion_office_gz/share/husarion_office_gz/worlds//models/pradnicka_office_L1/meshes/floor_7.mtl
-- Installing: /home/nuctella/ros2_ws/ws/install/husarion_office_gz/share/husarion_office_gz/worlds//models/pradnicka_office_L1/meshes/white_tiles.png
-- Installing: /home/nuctella/ros2_ws/ws/install/husarion_office_gz/share/husarion_office_gz/worlds//models/pradnicka_office_L1/meshes/black_concrete.png
-- Installing: /home/nuctella/ros2_ws/ws/install/husarion_office_gz/share/husarion_office_gz/worlds//models/pradnicka_office_L1/meshes/floor_11.mtl
-- Installing: /home/nuctella/ros2_ws/ws/install/husarion_office_gz/share/husarion_office_gz/worlds//models/pradnicka_office_L1/meshes/floor_12.obj
-- Installing: /home/nuctella/ros2_ws/ws/install/husarion_office_gz/share/husarion_office_gz/worlds//models/pradnicka_office_L1/meshes/floor_1.mtl
-- Installing: /home/nuctella/ros2_ws/ws/install/husarion_office_gz/share/husarion_office_gz/worlds//models/pradnicka_office_L1/meshes/floor_1.obj
-- Installing: /home/nuctella/ros2_ws/ws/install/husarion_office_gz/share/husarion_office_gz/worlds//models/pradnicka_office_L1/meshes/wall_2.obj
-- Installing: /home/nuctella/ros2_ws/ws/install/husarion_office_gz/share/husarion_office_gz/worlds//models/pradnicka_office_L1/meshes/white_carpet.png
-- Installing: /home/nuctella/ros2_ws/ws/install/husarion_office_gz/share/husarion_office_gz/worlds//models/pradnicka_office_L1/meshes/floor_5.obj
-- Installing: /home/nuctella/ros2_ws/ws/install/husarion_office_gz/share/husarion_office_gz/worlds//models/pradnicka_office_L1/meshes/floor_8.obj
-- Installing: /home/nuctella/ros2_ws/ws/install/husarion_office_gz/share/husarion_office_gz/worlds//models/pradnicka_office_L1/meshes/floor_10.mtl
-- Installing: /home/nuctella/ros2_ws/ws/install/husarion_office_gz/share/husarion_office_gz/worlds//models/pradnicka_office_L1/meshes/floor_10.obj
-- Installing: /home/nuctella/ros2_ws/ws/install/husarion_office_gz/share/husarion_office_gz/worlds//models/pradnicka_office_L1/meshes/wall_1.mtl
-- Installing: /home/nuctella/ros2_ws/ws/install/husarion_office_gz/share/husarion_office_gz/worlds//models/pradnicka_office_L1/meshes/floor_9.mtl
-- Installing: /home/nuctella/ros2_ws/ws/install/husarion_office_gz/share/husarion_office_gz/worlds//models/pradnicka_office_L1/meshes/wall_1.obj
-- Installing: /home/nuctella/ros2_ws/ws/install/husarion_office_gz/share/husarion_office_gz/worlds//models/pradnicka_office_L1/meshes/floor_4.mtl
-- Installing: /home/nuctella/ros2_ws/ws/install/husarion_office_gz/share/husarion_office_gz/worlds//models/pradnicka_office_L1/meshes/floor_3.mtl
-- Installing: /home/nuctella/ros2_ws/ws/install/husarion_office_gz/share/husarion_office_gz/worlds//models/pradnicka_office_L1/meshes/floor_12.mtl
-- Installing: /home/nuctella/ros2_ws/ws/install/husarion_office_gz/share/husarion_office_gz/worlds//models/pradnicka_office_L1/meshes/floor_13.mtl
-- Installing: /home/nuctella/ros2_ws/ws/install/husarion_office_gz/share/husarion_office_gz/worlds//models/pradnicka_office_L1/meshes/floor_2.obj
-- Installing: /home/nuctella/ros2_ws/ws/install/husarion_office_gz/share/husarion_office_gz/worlds//models/pradnicka_office_L1/meshes/floor_13.obj
-- Installing: /home/nuctella/ros2_ws/ws/install/husarion_office_gz/share/husarion_office_gz/worlds//models/pradnicka_office_L1/meshes/floor_7.obj
-- Installing: /home/nuctella/ros2_ws/ws/install/husarion_office_gz/share/husarion_office_gz/worlds//models/pradnicka_office_L1/meshes/floor_6.obj
-- Installing: /home/nuctella/ros2_ws/ws/install/husarion_office_gz/share/husarion_office_gz/worlds//models/pradnicka_office_L1/meshes/wall_2.mtl
-- Installing: /home/nuctella/ros2_ws/ws/install/husarion_office_gz/share/husarion_office_gz/worlds//models/pradnicka_office_L1/meshes/wood2.png
-- Installing: /home/nuctella/ros2_ws/ws/install/husarion_office_gz/share/husarion_office_gz/worlds//models/pradnicka_office_L1/meshes/floor_6.mtl
-- Installing: /home/nuctella/ros2_ws/ws/install/husarion_office_gz/share/husarion_office_gz/worlds//models/pradnicka_office_L1/meshes/floor_14.mtl
-- Installing: /home/nuctella/ros2_ws/ws/install/husarion_office_gz/share/husarion_office_gz/worlds//models/pradnicka_office_L1/model.config
-- Installing: /home/nuctella/ros2_ws/ws/install/husarion_office_gz/share/husarion_office_gz/worlds//models/pradnicka_office_L1/model.sdf
-- Installing: /home/nuctella/ros2_ws/ws/install/husarion_office_gz/share/husarion_office_gz/worlds//models/MopCart4
-- Installing: /home/nuctella/ros2_ws/ws/install/husarion_office_gz/share/husarion_office_gz/worlds//models/MopCart4/meshes
-- Installing: /home/nuctella/ros2_ws/ws/install/husarion_office_gz/share/husarion_office_gz/worlds//models/MopCart4/meshes/blue.png
-- Installing: /home/nuctella/ros2_ws/ws/install/husarion_office_gz/share/husarion_office_gz/worlds//models/MopCart4/meshes/MopCart4.obj
-- Installing: /home/nuctella/ros2_ws/ws/install/husarion_office_gz/share/husarion_office_gz/worlds//models/MopCart4/meshes/MopCart4.mtl
-- Installing: /home/nuctella/ros2_ws/ws/install/husarion_office_gz/share/husarion_office_gz/worlds//models/MopCart4/meshes/red.png
-- Installing: /home/nuctella/ros2_ws/ws/install/husarion_office_gz/share/husarion_office_gz/worlds//models/MopCart4/meshes/Cart.png
-- Installing: /home/nuctella/ros2_ws/ws/install/husarion_office_gz/share/husarion_office_gz/worlds//models/MopCart4/thumbnails
-- Installing: /home/nuctella/ros2_ws/ws/install/husarion_office_gz/share/husarion_office_gz/worlds//models/MopCart4/thumbnails/4.png
-- Installing: /home/nuctella/ros2_ws/ws/install/husarion_office_gz/share/husarion_office_gz/worlds//models/MopCart4/thumbnails/3.png
-- Installing: /home/nuctella/ros2_ws/ws/install/husarion_office_gz/share/husarion_office_gz/worlds//models/MopCart4/thumbnails/2.png
-- Installing: /home/nuctella/ros2_ws/ws/install/husarion_office_gz/share/husarion_office_gz/worlds//models/MopCart4/thumbnails/5.png
-- Installing: /home/nuctella/ros2_ws/ws/install/husarion_office_gz/share/husarion_office_gz/worlds//models/MopCart4/thumbnails/1.png
-- Installing: /home/nuctella/ros2_ws/ws/install/husarion_office_gz/share/husarion_office_gz/worlds//models/MopCart4/model.config
-- Installing: /home/nuctella/ros2_ws/ws/install/husarion_office_gz/share/husarion_office_gz/worlds//models/MopCart4/model.sdf
-- Installing: /home/nuctella/ros2_ws/ws/install/husarion_office_gz/share/husarion_office_gz/worlds//models/everblock_tiny_black
-- Installing: /home/nuctella/ros2_ws/ws/install/husarion_office_gz/share/husarion_office_gz/worlds//models/everblock_tiny_black/meshes
-- Installing: /home/nuctella/ros2_ws/ws/install/husarion_office_gz/share/husarion_office_gz/worlds//models/everblock_tiny_black/meshes/block.dae
-- Installing: /home/nuctella/ros2_ws/ws/install/husarion_office_gz/share/husarion_office_gz/worlds//models/everblock_tiny_black/materials
-- Installing: /home/nuctella/ros2_ws/ws/install/husarion_office_gz/share/husarion_office_gz/worlds//models/everblock_tiny_black/materials/textures
-- Installing: /home/nuctella/ros2_ws/ws/install/husarion_office_gz/share/husarion_office_gz/worlds//models/everblock_tiny_black/materials/textures/block.png
-- Installing: /home/nuctella/ros2_ws/ws/install/husarion_office_gz/share/husarion_office_gz/worlds//models/everblock_tiny_black/materials/scripts
-- Installing: /home/nuctella/ros2_ws/ws/install/husarion_office_gz/share/husarion_office_gz/worlds//models/everblock_tiny_black/materials/scripts/block_tiny_black.material
-- Installing: /home/nuctella/ros2_ws/ws/install/husarion_office_gz/share/husarion_office_gz/worlds//models/everblock_tiny_black/model.config
-- Installing: /home/nuctella/ros2_ws/ws/install/husarion_office_gz/share/husarion_office_gz/worlds//models/everblock_tiny_black/model.sdf
-- Installing: /home/nuctella/ros2_ws/ws/install/husarion_office_gz/share/husarion_office_gz/worlds//models/OfficeChairBlack
-- Installing: /home/nuctella/ros2_ws/ws/install/husarion_office_gz/share/husarion_office_gz/worlds//models/OfficeChairBlack/meshes
-- Installing: /home/nuctella/ros2_ws/ws/install/husarion_office_gz/share/husarion_office_gz/worlds//models/OfficeChairBlack/meshes/OfficeChairBlack.mtl
-- Installing: /home/nuctella/ros2_ws/ws/install/husarion_office_gz/share/husarion_office_gz/worlds//models/OfficeChairBlack/meshes/OfficeChairBlack.png
-- Installing: /home/nuctella/ros2_ws/ws/install/husarion_office_gz/share/husarion_office_gz/worlds//models/OfficeChairBlack/meshes/OfficeChairBlack_Col.obj
-- Installing: /home/nuctella/ros2_ws/ws/install/husarion_office_gz/share/husarion_office_gz/worlds//models/OfficeChairBlack/meshes/OfficeChairBlack.obj
-- Installing: /home/nuctella/ros2_ws/ws/install/husarion_office_gz/share/husarion_office_gz/worlds//models/OfficeChairBlack/meshes/OfficeChairBlack_Col.mtl
-- Installing: /home/nuctella/ros2_ws/ws/install/husarion_office_gz/share/husarion_office_gz/worlds//models/OfficeChairBlack/thumbnails
-- Installing: /home/nuctella/ros2_ws/ws/install/husarion_office_gz/share/husarion_office_gz/worlds//models/OfficeChairBlack/thumbnails/4.png
-- Installing: /home/nuctella/ros2_ws/ws/install/husarion_office_gz/share/husarion_office_gz/worlds//models/OfficeChairBlack/thumbnails/3.png
-- Installing: /home/nuctella/ros2_ws/ws/install/husarion_office_gz/share/husarion_office_gz/worlds//models/OfficeChairBlack/thumbnails/2.png
-- Installing: /home/nuctella/ros2_ws/ws/install/husarion_office_gz/share/husarion_office_gz/worlds//models/OfficeChairBlack/thumbnails/5.png
-- Installing: /home/nuctella/ros2_ws/ws/install/husarion_office_gz/share/husarion_office_gz/worlds//models/OfficeChairBlack/thumbnails/meta
-- Installing: /home/nuctella/ros2_ws/ws/install/husarion_office_gz/share/husarion_office_gz/worlds//models/OfficeChairBlack/thumbnails/meta/4.png
-- Installing: /home/nuctella/ros2_ws/ws/install/husarion_office_gz/share/husarion_office_gz/worlds//models/OfficeChairBlack/thumbnails/meta/3.png
-- Installing: /home/nuctella/ros2_ws/ws/install/husarion_office_gz/share/husarion_office_gz/worlds//models/OfficeChairBlack/thumbnails/meta/2.png
-- Installing: /home/nuctella/ros2_ws/ws/install/husarion_office_gz/share/husarion_office_gz/worlds//models/OfficeChairBlack/thumbnails/meta/5.png
-- Installing: /home/nuctella/ros2_ws/ws/install/husarion_office_gz/share/husarion_office_gz/worlds//models/OfficeChairBlack/thumbnails/meta/1.png
-- Installing: /home/nuctella/ros2_ws/ws/install/husarion_office_gz/share/husarion_office_gz/worlds//models/OfficeChairBlack/thumbnails/1.png
-- Installing: /home/nuctella/ros2_ws/ws/install/husarion_office_gz/share/husarion_office_gz/worlds//models/OfficeChairBlack/model.config
-- Installing: /home/nuctella/ros2_ws/ws/install/husarion_office_gz/share/husarion_office_gz/worlds//models/OfficeChairBlack/model.sdf
-- Installing: /home/nuctella/ros2_ws/ws/install/husarion_office_gz/share/husarion_office_gz/worlds//models/everblock_black
-- Installing: /home/nuctella/ros2_ws/ws/install/husarion_office_gz/share/husarion_office_gz/worlds//models/everblock_black/meshes
-- Installing: /home/nuctella/ros2_ws/ws/install/husarion_office_gz/share/husarion_office_gz/worlds//models/everblock_black/meshes/textures
-- Installing: /home/nuctella/ros2_ws/ws/install/husarion_office_gz/share/husarion_office_gz/worlds//models/everblock_black/meshes/textures/everblock_black_normal.png
-- Installing: /home/nuctella/ros2_ws/ws/install/husarion_office_gz/share/husarion_office_gz/worlds//models/everblock_black/meshes/textures/everblock_black_ao.png
-- Installing: /home/nuctella/ros2_ws/ws/install/husarion_office_gz/share/husarion_office_gz/worlds//models/everblock_black/meshes/textures/everblock_black_albedo.png
-- Installing: /home/nuctella/ros2_ws/ws/install/husarion_office_gz/share/husarion_office_gz/worlds//models/everblock_black/meshes/textures/everblock_black_roughness.png
-- Installing: /home/nuctella/ros2_ws/ws/install/husarion_office_gz/share/husarion_office_gz/worlds//models/everblock_black/meshes/everblock_black.blend
-- Installing: /home/nuctella/ros2_ws/ws/install/husarion_office_gz/share/husarion_office_gz/worlds//models/everblock_black/meshes/everblock_black.dae
-- Installing: /home/nuctella/ros2_ws/ws/install/husarion_office_gz/share/husarion_office_gz/worlds//models/everblock_black/model.config
-- Installing: /home/nuctella/ros2_ws/ws/install/husarion_office_gz/share/husarion_office_gz/worlds//models/everblock_black/model.sdf
-- Installing: /home/nuctella/ros2_ws/ws/install/husarion_office_gz/share/husarion_office_gz/worlds//models/TrashBin
-- Installing: /home/nuctella/ros2_ws/ws/install/husarion_office_gz/share/husarion_office_gz/worlds//models/TrashBin/meshes
-- Installing: /home/nuctella/ros2_ws/ws/install/husarion_office_gz/share/husarion_office_gz/worlds//models/TrashBin/meshes/TrashBin_Diffuse.png
-- Installing: /home/nuctella/ros2_ws/ws/install/husarion_office_gz/share/husarion_office_gz/worlds//models/TrashBin/meshes/TrashBin.obj
-- Installing: /home/nuctella/ros2_ws/ws/install/husarion_office_gz/share/husarion_office_gz/worlds//models/TrashBin/meshes/TrashBin.mtl
-- Installing: /home/nuctella/ros2_ws/ws/install/husarion_office_gz/share/husarion_office_gz/worlds//models/TrashBin/thumbnails
-- Installing: /home/nuctella/ros2_ws/ws/install/husarion_office_gz/share/husarion_office_gz/worlds//models/TrashBin/thumbnails/4.png
-- Installing: /home/nuctella/ros2_ws/ws/install/husarion_office_gz/share/husarion_office_gz/worlds//models/TrashBin/thumbnails/3.png
-- Installing: /home/nuctella/ros2_ws/ws/install/husarion_office_gz/share/husarion_office_gz/worlds//models/TrashBin/thumbnails/2.png
-- Installing: /home/nuctella/ros2_ws/ws/install/husarion_office_gz/share/husarion_office_gz/worlds//models/TrashBin/thumbnails/5.png
-- Installing: /home/nuctella/ros2_ws/ws/install/husarion_office_gz/share/husarion_office_gz/worlds//models/TrashBin/thumbnails/1.png
-- Installing: /home/nuctella/ros2_ws/ws/install/husarion_office_gz/share/husarion_office_gz/worlds//models/TrashBin/model.config
-- Installing: /home/nuctella/ros2_ws/ws/install/husarion_office_gz/share/husarion_office_gz/worlds//models/TrashBin/model.sdf
-- Installing: /home/nuctella/ros2_ws/ws/install/husarion_office_gz/share/husarion_office_gz/worlds//models/Kitchen
-- Installing: /home/nuctella/ros2_ws/ws/install/husarion_office_gz/share/husarion_office_gz/worlds//models/Kitchen/meshes
-- Installing: /home/nuctella/ros2_ws/ws/install/husarion_office_gz/share/husarion_office_gz/worlds//models/Kitchen/meshes/kitchen.stl
-- Installing: /home/nuctella/ros2_ws/ws/install/husarion_office_gz/share/husarion_office_gz/worlds//models/Kitchen/model.config
-- Installing: /home/nuctella/ros2_ws/ws/install/husarion_office_gz/share/husarion_office_gz/worlds//models/Kitchen/model.sdf
-- Installing: /home/nuctella/ros2_ws/ws/install/husarion_office_gz/share/husarion_office_gz/worlds//models/px4vision
-- Installing: /home/nuctella/ros2_ws/ws/install/husarion_office_gz/share/husarion_office_gz/worlds//models/px4vision/px4vision.sdf.last_generated
-- Installing: /home/nuctella/ros2_ws/ws/install/husarion_office_gz/share/husarion_office_gz/worlds//models/px4vision/meshes
-- Installing: /home/nuctella/ros2_ws/ws/install/husarion_office_gz/share/husarion_office_gz/worlds//models/px4vision/meshes/prop_ccw.stl
-- Installing: /home/nuctella/ros2_ws/ws/install/husarion_office_gz/share/husarion_office_gz/worlds//models/px4vision/meshes/prop_cw.stl
-- Installing: /home/nuctella/ros2_ws/ws/install/husarion_office_gz/share/husarion_office_gz/worlds//models/px4vision/meshes/px4vision.stl
-- Installing: /home/nuctella/ros2_ws/ws/install/husarion_office_gz/share/husarion_office_gz/worlds//models/px4vision/px4vision.sdf
-- Installing: /home/nuctella/ros2_ws/ws/install/husarion_office_gz/share/husarion_office_gz/worlds//models/px4vision/model.config
-- Installing: /home/nuctella/ros2_ws/ws/install/husarion_office_gz/share/husarion_office_gz/worlds//models/px4vision/px4vision.sdf.jinja
-- Installing: /home/nuctella/ros2_ws/ws/install/husarion_office_gz/share/husarion_office_gz/worlds//models/white_carpet.png
-- Installing: /home/nuctella/ros2_ws/ws/install/husarion_office_gz/share/husarion_office_gz/worlds//models/everblock_tunnel
-- Installing: /home/nuctella/ros2_ws/ws/install/husarion_office_gz/share/husarion_office_gz/worlds//models/everblock_tunnel/model.config
-- Installing: /home/nuctella/ros2_ws/ws/install/husarion_office_gz/share/husarion_office_gz/worlds//models/everblock_tunnel/model.sdf
-- Installing: /home/nuctella/ros2_ws/ws/install/husarion_office_gz/share/husarion_office_gz/worlds//models/wall_obstacle
-- Installing: /home/nuctella/ros2_ws/ws/install/husarion_office_gz/share/husarion_office_gz/worlds//models/wall_obstacle/wall_obstacle.sdf
-- Installing: /home/nuctella/ros2_ws/ws/install/husarion_office_gz/share/husarion_office_gz/worlds//models/wall_obstacle/model.config
-- Installing: /home/nuctella/ros2_ws/ws/install/husarion_office_gz/share/husarion_office_gz/worlds//models/freenove_4wd
-- Installing: /home/nuctella/ros2_ws/ws/install/husarion_office_gz/share/husarion_office_gz/worlds//models/freenove_4wd/freenove_4wd.sdf.jinja
-- Installing: /home/nuctella/ros2_ws/ws/install/husarion_office_gz/share/husarion_office_gz/worlds//models/freenove_4wd/freenove_4wd.sdf
-- Installing: /home/nuctella/ros2_ws/ws/install/husarion_office_gz/share/husarion_office_gz/worlds//models/freenove_4wd/model.config
-- Installing: /home/nuctella/ros2_ws/ws/install/husarion_office_gz/share/husarion_office_gz/worlds//models/freenove_4wd/freenove_4wd.sdf.last_generated
-- Installing: /home/nuctella/ros2_ws/ws/install/husarion_office_gz/share/husarion_office_gz/worlds//models/AdjTable
-- Installing: /home/nuctella/ros2_ws/ws/install/husarion_office_gz/share/husarion_office_gz/worlds//models/AdjTable/meshes
-- Installing: /home/nuctella/ros2_ws/ws/install/husarion_office_gz/share/husarion_office_gz/worlds//models/AdjTable/meshes/AdjTable.obj
-- Installing: /home/nuctella/ros2_ws/ws/install/husarion_office_gz/share/husarion_office_gz/worlds//models/AdjTable/meshes/AdjTable.mtl
-- Installing: /home/nuctella/ros2_ws/ws/install/husarion_office_gz/share/husarion_office_gz/worlds//models/AdjTable/meshes/AdjTable_Col.obj
-- Installing: /home/nuctella/ros2_ws/ws/install/husarion_office_gz/share/husarion_office_gz/worlds//models/AdjTable/meshes/AdjTable_Col.mtl
-- Installing: /home/nuctella/ros2_ws/ws/install/husarion_office_gz/share/husarion_office_gz/worlds//models/AdjTable/meshes/texture.png
-- Installing: /home/nuctella/ros2_ws/ws/install/husarion_office_gz/share/husarion_office_gz/worlds//models/AdjTable/thumbnails
-- Installing: /home/nuctella/ros2_ws/ws/install/husarion_office_gz/share/husarion_office_gz/worlds//models/AdjTable/thumbnails/4.png
-- Installing: /home/nuctella/ros2_ws/ws/install/husarion_office_gz/share/husarion_office_gz/worlds//models/AdjTable/thumbnails/3.png
-- Installing: /home/nuctella/ros2_ws/ws/install/husarion_office_gz/share/husarion_office_gz/worlds//models/AdjTable/thumbnails/2.png
-- Installing: /home/nuctella/ros2_ws/ws/install/husarion_office_gz/share/husarion_office_gz/worlds//models/AdjTable/thumbnails/5.png
-- Installing: /home/nuctella/ros2_ws/ws/install/husarion_office_gz/share/husarion_office_gz/worlds//models/AdjTable/thumbnails/1.png
-- Installing: /home/nuctella/ros2_ws/ws/install/husarion_office_gz/share/husarion_office_gz/worlds//models/AdjTable/model.config
-- Installing: /home/nuctella/ros2_ws/ws/install/husarion_office_gz/share/husarion_office_gz/worlds//models/AdjTable/model.sdf
-- Installing: /home/nuctella/ros2_ws/ws/install/husarion_office_gz/share/husarion_office_gz/worlds//models/everblock_green
-- Installing: /home/nuctella/ros2_ws/ws/install/husarion_office_gz/share/husarion_office_gz/worlds//models/everblock_green/meshes
-- Installing: /home/nuctella/ros2_ws/ws/install/husarion_office_gz/share/husarion_office_gz/worlds//models/everblock_green/meshes/everblock_green.dae
-- Installing: /home/nuctella/ros2_ws/ws/install/husarion_office_gz/share/husarion_office_gz/worlds//models/everblock_green/meshes/textures
-- Installing: /home/nuctella/ros2_ws/ws/install/husarion_office_gz/share/husarion_office_gz/worlds//models/everblock_green/meshes/textures/everblock_green_roughness.png
-- Installing: /home/nuctella/ros2_ws/ws/install/husarion_office_gz/share/husarion_office_gz/worlds//models/everblock_green/meshes/textures/everblock_green_normal.png
-- Installing: /home/nuctella/ros2_ws/ws/install/husarion_office_gz/share/husarion_office_gz/worlds//models/everblock_green/meshes/textures/everblock_green_albedo.png
-- Installing: /home/nuctella/ros2_ws/ws/install/husarion_office_gz/share/husarion_office_gz/worlds//models/everblock_green/meshes/textures/everblock_green_ao.png
-- Installing: /home/nuctella/ros2_ws/ws/install/husarion_office_gz/share/husarion_office_gz/worlds//models/everblock_green/meshes/everblock_green.blend
-- Installing: /home/nuctella/ros2_ws/ws/install/husarion_office_gz/share/husarion_office_gz/worlds//models/everblock_green/model.config
-- Installing: /home/nuctella/ros2_ws/ws/install/husarion_office_gz/share/husarion_office_gz/worlds//models/everblock_green/model.sdf
-- Installing: /home/nuctella/ros2_ws/ws/install/husarion_office_gz/share/husarion_office_gz/worlds//models/everblock_blue
-- Installing: /home/nuctella/ros2_ws/ws/install/husarion_office_gz/share/husarion_office_gz/worlds//models/everblock_blue/meshes
-- Installing: /home/nuctella/ros2_ws/ws/install/husarion_office_gz/share/husarion_office_gz/worlds//models/everblock_blue/meshes/textures
-- Installing: /home/nuctella/ros2_ws/ws/install/husarion_office_gz/share/husarion_office_gz/worlds//models/everblock_blue/meshes/textures/everblock_blue_roughness.png
-- Installing: /home/nuctella/ros2_ws/ws/install/husarion_office_gz/share/husarion_office_gz/worlds//models/everblock_blue/meshes/textures/everblock_blue_normal.png
-- Installing: /home/nuctella/ros2_ws/ws/install/husarion_office_gz/share/husarion_office_gz/worlds//models/everblock_blue/meshes/textures/everblock_blue_ao.png
-- Installing: /home/nuctella/ros2_ws/ws/install/husarion_office_gz/share/husarion_office_gz/worlds//models/everblock_blue/meshes/textures/everblock_blue_albedo.png
-- Installing: /home/nuctella/ros2_ws/ws/install/husarion_office_gz/share/husarion_office_gz/worlds//models/everblock_blue/meshes/everblock_blue.dae
-- Installing: /home/nuctella/ros2_ws/ws/install/husarion_office_gz/share/husarion_office_gz/worlds//models/everblock_blue/meshes/everblock_blue.blend
-- Installing: /home/nuctella/ros2_ws/ws/install/husarion_office_gz/share/husarion_office_gz/worlds//models/everblock_blue/model.config
-- Installing: /home/nuctella/ros2_ws/ws/install/husarion_office_gz/share/husarion_office_gz/worlds//models/everblock_blue/model.sdf
-- Installing: /home/nuctella/ros2_ws/ws/install/husarion_office_gz/share/husarion_office_gz/worlds//models/boundaries_outside
-- Installing: /home/nuctella/ros2_ws/ws/install/husarion_office_gz/share/husarion_office_gz/worlds//models/boundaries_outside/model.config
-- Installing: /home/nuctella/ros2_ws/ws/install/husarion_office_gz/share/husarion_office_gz/worlds//models/boundaries_outside/model.sdf
-- Installing: /home/nuctella/ros2_ws/ws/install/husarion_office_gz/share/husarion_office_gz/worlds//models/Tv
-- Installing: /home/nuctella/ros2_ws/ws/install/husarion_office_gz/share/husarion_office_gz/worlds//models/Tv/meshes
-- Installing: /home/nuctella/ros2_ws/ws/install/husarion_office_gz/share/husarion_office_gz/worlds//models/Tv/meshes/tv.stl
-- Installing: /home/nuctella/ros2_ws/ws/install/husarion_office_gz/share/husarion_office_gz/worlds//models/Tv/model.config
-- Installing: /home/nuctella/ros2_ws/ws/install/husarion_office_gz/share/husarion_office_gz/worlds//models/Tv/model.sdf
-- Installing: /home/nuctella/ros2_ws/ws/install/husarion_office_gz/share/husarion_office_gz/worlds//models/grasspatch
-- Installing: /home/nuctella/ros2_ws/ws/install/husarion_office_gz/share/husarion_office_gz/worlds//models/grasspatch/thumbnails
-- Installing: /home/nuctella/ros2_ws/ws/install/husarion_office_gz/share/husarion_office_gz/worlds//models/grasspatch/thumbnails/grasspatch.jpg
-- Installing: /home/nuctella/ros2_ws/ws/install/husarion_office_gz/share/husarion_office_gz/worlds//models/grasspatch/materials
-- Installing: /home/nuctella/ros2_ws/ws/install/husarion_office_gz/share/husarion_office_gz/worlds//models/grasspatch/materials/textures
-- Installing: /home/nuctella/ros2_ws/ws/install/husarion_office_gz/share/husarion_office_gz/worlds//models/grasspatch/materials/textures/grass_dry.png
-- Installing: /home/nuctella/ros2_ws/ws/install/husarion_office_gz/share/husarion_office_gz/worlds//models/grasspatch/materials/textures/marble.png
-- Installing: /home/nuctella/ros2_ws/ws/install/husarion_office_gz/share/husarion_office_gz/worlds//models/grasspatch/materials/textures/carpet.png
-- Installing: /home/nuctella/ros2_ws/ws/install/husarion_office_gz/share/husarion_office_gz/worlds//models/grasspatch/materials/scripts
-- Installing: /home/nuctella/ros2_ws/ws/install/husarion_office_gz/share/husarion_office_gz/worlds//models/grasspatch/materials/scripts/grass.material
-- Installing: /home/nuctella/ros2_ws/ws/install/husarion_office_gz/share/husarion_office_gz/worlds//models/grasspatch/model.config
-- Installing: /home/nuctella/ros2_ws/ws/install/husarion_office_gz/share/husarion_office_gz/worlds//models/grasspatch/model.sdf
-- Installing: /home/nuctella/ros2_ws/ws/install/husarion_office_gz/share/husarion_office_gz/worlds//models/WoodenChair
-- Installing: /home/nuctella/ros2_ws/ws/install/husarion_office_gz/share/husarion_office_gz/worlds//models/WoodenChair/meshes
-- Installing: /home/nuctella/ros2_ws/ws/install/husarion_office_gz/share/husarion_office_gz/worlds//models/WoodenChair/meshes/WoodenChair_Col.mtl
-- Installing: /home/nuctella/ros2_ws/ws/install/husarion_office_gz/share/husarion_office_gz/worlds//models/WoodenChair/meshes/WoodenChair_Diffuse.png
-- Installing: /home/nuctella/ros2_ws/ws/install/husarion_office_gz/share/husarion_office_gz/worlds//models/WoodenChair/meshes/WoodenChair.obj
-- Installing: /home/nuctella/ros2_ws/ws/install/husarion_office_gz/share/husarion_office_gz/worlds//models/WoodenChair/meshes/WoodenChair_Col.obj
-- Installing: /home/nuctella/ros2_ws/ws/install/husarion_office_gz/share/husarion_office_gz/worlds//models/WoodenChair/meshes/WoodenChair_Rough.png
-- Installing: /home/nuctella/ros2_ws/ws/install/husarion_office_gz/share/husarion_office_gz/worlds//models/WoodenChair/meshes/WoodenChair.mtl
-- Installing: /home/nuctella/ros2_ws/ws/install/husarion_office_gz/share/husarion_office_gz/worlds//models/WoodenChair/thumbnails
-- Installing: /home/nuctella/ros2_ws/ws/install/husarion_office_gz/share/husarion_office_gz/worlds//models/WoodenChair/thumbnails/4.png
-- Installing: /home/nuctella/ros2_ws/ws/install/husarion_office_gz/share/husarion_office_gz/worlds//models/WoodenChair/thumbnails/3.png
-- Installing: /home/nuctella/ros2_ws/ws/install/husarion_office_gz/share/husarion_office_gz/worlds//models/WoodenChair/thumbnails/2.png
-- Installing: /home/nuctella/ros2_ws/ws/install/husarion_office_gz/share/husarion_office_gz/worlds//models/WoodenChair/thumbnails/5.png
-- Installing: /home/nuctella/ros2_ws/ws/install/husarion_office_gz/share/husarion_office_gz/worlds//models/WoodenChair/thumbnails/1.png
-- Installing: /home/nuctella/ros2_ws/ws/install/husarion_office_gz/share/husarion_office_gz/worlds//models/WoodenChair/model.config
-- Installing: /home/nuctella/ros2_ws/ws/install/husarion_office_gz/share/husarion_office_gz/worlds//models/WoodenChair/model.sdf
-- Installing: /home/nuctella/ros2_ws/ws/install/husarion_office_gz/share/husarion_office_gz/worlds//models/DeskChair
-- Installing: /home/nuctella/ros2_ws/ws/install/husarion_office_gz/share/husarion_office_gz/worlds//models/DeskChair/meshes
-- Installing: /home/nuctella/ros2_ws/ws/install/husarion_office_gz/share/husarion_office_gz/worlds//models/DeskChair/meshes/DeskChair.obj
-- Installing: /home/nuctella/ros2_ws/ws/install/husarion_office_gz/share/husarion_office_gz/worlds//models/DeskChair/meshes/DeskChair.mtl
-- Installing: /home/nuctella/ros2_ws/ws/install/husarion_office_gz/share/husarion_office_gz/worlds//models/DeskChair/thumbnails
-- Installing: /home/nuctella/ros2_ws/ws/install/husarion_office_gz/share/husarion_office_gz/worlds//models/DeskChair/thumbnails/4.png
-- Installing: /home/nuctella/ros2_ws/ws/install/husarion_office_gz/share/husarion_office_gz/worlds//models/DeskChair/thumbnails/3.png
-- Installing: /home/nuctella/ros2_ws/ws/install/husarion_office_gz/share/husarion_office_gz/worlds//models/DeskChair/thumbnails/2.png
-- Installing: /home/nuctella/ros2_ws/ws/install/husarion_office_gz/share/husarion_office_gz/worlds//models/DeskChair/thumbnails/5.png
-- Installing: /home/nuctella/ros2_ws/ws/install/husarion_office_gz/share/husarion_office_gz/worlds//models/DeskChair/thumbnails/1.png
-- Installing: /home/nuctella/ros2_ws/ws/install/husarion_office_gz/share/husarion_office_gz/worlds//models/DeskChair/materials
-- Installing: /home/nuctella/ros2_ws/ws/install/husarion_office_gz/share/husarion_office_gz/worlds//models/DeskChair/materials/textures
-- Installing: /home/nuctella/ros2_ws/ws/install/husarion_office_gz/share/husarion_office_gz/worlds//models/DeskChair/materials/textures/DeskChair.png
-- Installing: /home/nuctella/ros2_ws/ws/install/husarion_office_gz/share/husarion_office_gz/worlds//models/DeskChair/model.config
-- Installing: /home/nuctella/ros2_ws/ws/install/husarion_office_gz/share/husarion_office_gz/worlds//models/DeskChair/model.sdf
-- Installing: /home/nuctella/ros2_ws/ws/install/husarion_office_gz/share/husarion_office_gz/worlds//models/everblock_yellow
-- Installing: /home/nuctella/ros2_ws/ws/install/husarion_office_gz/share/husarion_office_gz/worlds//models/everblock_yellow/meshes
-- Installing: /home/nuctella/ros2_ws/ws/install/husarion_office_gz/share/husarion_office_gz/worlds//models/everblock_yellow/meshes/textures
-- Installing: /home/nuctella/ros2_ws/ws/install/husarion_office_gz/share/husarion_office_gz/worlds//models/everblock_yellow/meshes/textures/everblock_yellow_normal.png
-- Installing: /home/nuctella/ros2_ws/ws/install/husarion_office_gz/share/husarion_office_gz/worlds//models/everblock_yellow/meshes/textures/everblock_yellow_ao.png
-- Installing: /home/nuctella/ros2_ws/ws/install/husarion_office_gz/share/husarion_office_gz/worlds//models/everblock_yellow/meshes/textures/everblock_yellow_roughness.png
-- Installing: /home/nuctella/ros2_ws/ws/install/husarion_office_gz/share/husarion_office_gz/worlds//models/everblock_yellow/meshes/textures/everblock_yellow_albedo.png
-- Installing: /home/nuctella/ros2_ws/ws/install/husarion_office_gz/share/husarion_office_gz/worlds//models/everblock_yellow/meshes/everblock_yellow.blend
-- Installing: /home/nuctella/ros2_ws/ws/install/husarion_office_gz/share/husarion_office_gz/worlds//models/everblock_yellow/meshes/everblock_yellow.dae
-- Installing: /home/nuctella/ros2_ws/ws/install/husarion_office_gz/share/husarion_office_gz/worlds//models/everblock_yellow/model.config
-- Installing: /home/nuctella/ros2_ws/ws/install/husarion_office_gz/share/husarion_office_gz/worlds//models/everblock_yellow/model.sdf
-- Installing: /home/nuctella/ros2_ws/ws/install/husarion_office_gz/share/husarion_office_gz/worlds//models/red_ball
-- Installing: /home/nuctella/ros2_ws/ws/install/husarion_office_gz/share/husarion_office_gz/worlds//models/red_ball/red_ball.sdf
-- Installing: /home/nuctella/ros2_ws/ws/install/husarion_office_gz/share/husarion_office_gz/worlds//models/red_ball/model.config
-- Installing: /home/nuctella/ros2_ws/ws/install/husarion_office_gz/share/husarion_office_gz/worlds//models/boundaries
-- Installing: /home/nuctella/ros2_ws/ws/install/husarion_office_gz/share/husarion_office_gz/worlds//models/boundaries/model.config
-- Installing: /home/nuctella/ros2_ws/ws/install/husarion_office_gz/share/husarion_office_gz/worlds//models/boundaries/model.sdf
-- Installing: /home/nuctella/ros2_ws/ws/install/husarion_office_gz/share/husarion_office_gz/worlds//models/WhiteCabinet
-- Installing: /home/nuctella/ros2_ws/ws/install/husarion_office_gz/share/husarion_office_gz/worlds//models/WhiteCabinet/meshes
-- Installing: /home/nuctella/ros2_ws/ws/install/husarion_office_gz/share/husarion_office_gz/worlds//models/WhiteCabinet/meshes/WhiteCabinet.obj
-- Installing: /home/nuctella/ros2_ws/ws/install/husarion_office_gz/share/husarion_office_gz/worlds//models/WhiteCabinet/meshes/WhiteCabinet.mtl
-- Installing: /home/nuctella/ros2_ws/ws/install/husarion_office_gz/share/husarion_office_gz/worlds//models/WhiteCabinet/meshes/WhiteCabinet.png
-- Installing: /home/nuctella/ros2_ws/ws/install/husarion_office_gz/share/husarion_office_gz/worlds//models/WhiteCabinet/thumbnails
-- Installing: /home/nuctella/ros2_ws/ws/install/husarion_office_gz/share/husarion_office_gz/worlds//models/WhiteCabinet/thumbnails/4.png
-- Installing: /home/nuctella/ros2_ws/ws/install/husarion_office_gz/share/husarion_office_gz/worlds//models/WhiteCabinet/thumbnails/3.png
-- Installing: /home/nuctella/ros2_ws/ws/install/husarion_office_gz/share/husarion_office_gz/worlds//models/WhiteCabinet/thumbnails/2.png
-- Installing: /home/nuctella/ros2_ws/ws/install/husarion_office_gz/share/husarion_office_gz/worlds//models/WhiteCabinet/thumbnails/5.png
-- Installing: /home/nuctella/ros2_ws/ws/install/husarion_office_gz/share/husarion_office_gz/worlds//models/WhiteCabinet/thumbnails/1.png
-- Installing: /home/nuctella/ros2_ws/ws/install/husarion_office_gz/share/husarion_office_gz/worlds//models/WhiteCabinet/model.config
-- Installing: /home/nuctella/ros2_ws/ws/install/husarion_office_gz/share/husarion_office_gz/worlds//models/WhiteCabinet/model.sdf
-- Installing: /home/nuctella/ros2_ws/ws/install/husarion_office_gz/share/husarion_office_gz/worlds//models/Drawer
-- Installing: /home/nuctella/ros2_ws/ws/install/husarion_office_gz/share/husarion_office_gz/worlds//models/Drawer/meshes
-- Installing: /home/nuctella/ros2_ws/ws/install/husarion_office_gz/share/husarion_office_gz/worlds//models/Drawer/meshes/Drawer.png
-- Installing: /home/nuctella/ros2_ws/ws/install/husarion_office_gz/share/husarion_office_gz/worlds//models/Drawer/meshes/Drawer_Col.obj
-- Installing: /home/nuctella/ros2_ws/ws/install/husarion_office_gz/share/husarion_office_gz/worlds//models/Drawer/meshes/Drawer.obj
-- Installing: /home/nuctella/ros2_ws/ws/install/husarion_office_gz/share/husarion_office_gz/worlds//models/Drawer/meshes/Drawer.mtl
-- Installing: /home/nuctella/ros2_ws/ws/install/husarion_office_gz/share/husarion_office_gz/worlds//models/Drawer/thumbnails
-- Installing: /home/nuctella/ros2_ws/ws/install/husarion_office_gz/share/husarion_office_gz/worlds//models/Drawer/thumbnails/4.png
-- Installing: /home/nuctella/ros2_ws/ws/install/husarion_office_gz/share/husarion_office_gz/worlds//models/Drawer/thumbnails/3.png
-- Installing: /home/nuctella/ros2_ws/ws/install/husarion_office_gz/share/husarion_office_gz/worlds//models/Drawer/thumbnails/2.png
-- Installing: /home/nuctella/ros2_ws/ws/install/husarion_office_gz/share/husarion_office_gz/worlds//models/Drawer/thumbnails/5.png
-- Installing: /home/nuctella/ros2_ws/ws/install/husarion_office_gz/share/husarion_office_gz/worlds//models/Drawer/thumbnails/1.png
-- Installing: /home/nuctella/ros2_ws/ws/install/husarion_office_gz/share/husarion_office_gz/worlds//models/Drawer/model.config
-- Installing: /home/nuctella/ros2_ws/ws/install/husarion_office_gz/share/husarion_office_gz/worlds//models/Drawer/model.sdf
-- Installing: /home/nuctella/ros2_ws/ws/install/husarion_office_gz/share/husarion_office_gz/worlds//models/WaterDispenser
-- Installing: /home/nuctella/ros2_ws/ws/install/husarion_office_gz/share/husarion_office_gz/worlds//models/WaterDispenser/meshes
-- Installing: /home/nuctella/ros2_ws/ws/install/husarion_office_gz/share/husarion_office_gz/worlds//models/WaterDispenser/meshes/WaterDispenser.dae
-- Installing: /home/nuctella/ros2_ws/ws/install/husarion_office_gz/share/husarion_office_gz/worlds//models/WaterDispenser/model.config
-- Installing: /home/nuctella/ros2_ws/ws/install/husarion_office_gz/share/husarion_office_gz/worlds//models/WaterDispenser/model.sdf
-- Installing: /home/nuctella/ros2_ws/ws/install/husarion_office_gz/share/husarion_office_gz/worlds//models/Laptop
-- Installing: /home/nuctella/ros2_ws/ws/install/husarion_office_gz/share/husarion_office_gz/worlds//models/Laptop/meshes
-- Installing: /home/nuctella/ros2_ws/ws/install/husarion_office_gz/share/husarion_office_gz/worlds//models/Laptop/meshes/laptop.stl
-- Installing: /home/nuctella/ros2_ws/ws/install/husarion_office_gz/share/husarion_office_gz/worlds//models/Laptop/model.config
-- Installing: /home/nuctella/ros2_ws/ws/install/husarion_office_gz/share/husarion_office_gz/worlds//models/Laptop/model.sdf
-- Installing: /home/nuctella/ros2_ws/ws/install/husarion_office_gz/share/husarion_office_gz/worlds//models/wood2.png
-- Installing: /home/nuctella/ros2_ws/ws/install/husarion_office_gz/share/husarion_office_gz/worlds//models/everblock_small_black
-- Installing: /home/nuctella/ros2_ws/ws/install/husarion_office_gz/share/husarion_office_gz/worlds//models/everblock_small_black/meshes
-- Installing: /home/nuctella/ros2_ws/ws/install/husarion_office_gz/share/husarion_office_gz/worlds//models/everblock_small_black/meshes/block.dae
-- Installing: /home/nuctella/ros2_ws/ws/install/husarion_office_gz/share/husarion_office_gz/worlds//models/everblock_small_black/materials
-- Installing: /home/nuctella/ros2_ws/ws/install/husarion_office_gz/share/husarion_office_gz/worlds//models/everblock_small_black/materials/textures
-- Installing: /home/nuctella/ros2_ws/ws/install/husarion_office_gz/share/husarion_office_gz/worlds//models/everblock_small_black/materials/textures/block.png
-- Installing: /home/nuctella/ros2_ws/ws/install/husarion_office_gz/share/husarion_office_gz/worlds//models/everblock_small_black/materials/scripts
-- Installing: /home/nuctella/ros2_ws/ws/install/husarion_office_gz/share/husarion_office_gz/worlds//models/everblock_small_black/materials/scripts/block_small_black.material
-- Installing: /home/nuctella/ros2_ws/ws/install/husarion_office_gz/share/husarion_office_gz/worlds//models/everblock_small_black/model.config
-- Installing: /home/nuctella/ros2_ws/ws/install/husarion_office_gz/share/husarion_office_gz/worlds//models/everblock_small_black/model.sdf
-- Installing: /home/nuctella/ros2_ws/ws/install/husarion_office_gz/share/husarion_office_gz/worlds//models/axial_scx10
-- Installing: /home/nuctella/ros2_ws/ws/install/husarion_office_gz/share/husarion_office_gz/worlds//models/axial_scx10/axial_scx10.sdf.jinja
-- Installing: /home/nuctella/ros2_ws/ws/install/husarion_office_gz/share/husarion_office_gz/worlds//models/axial_scx10/axial_scx10.sdf
-- Installing: /home/nuctella/ros2_ws/ws/install/husarion_office_gz/share/husarion_office_gz/worlds//models/axial_scx10/axial_scx10.sdf.last_generated
-- Installing: /home/nuctella/ros2_ws/ws/install/husarion_office_gz/share/husarion_office_gz/worlds//models/axial_scx10/model.config
-- Installing: /home/nuctella/ros2_ws/ws/install/husarion_office_gz/share/husarion_office_gz/worlds//models/Fridge
-- Installing: /home/nuctella/ros2_ws/ws/install/husarion_office_gz/share/husarion_office_gz/worlds//models/Fridge/meshes
-- Installing: /home/nuctella/ros2_ws/ws/install/husarion_office_gz/share/husarion_office_gz/worlds//models/Fridge/meshes/Fridge_Col.mtl
-- Installing: /home/nuctella/ros2_ws/ws/install/husarion_office_gz/share/husarion_office_gz/worlds//models/Fridge/meshes/Fridge.mtl
-- Installing: /home/nuctella/ros2_ws/ws/install/husarion_office_gz/share/husarion_office_gz/worlds//models/Fridge/meshes/Fridge.obj
-- Installing: /home/nuctella/ros2_ws/ws/install/husarion_office_gz/share/husarion_office_gz/worlds//models/Fridge/meshes/Fridge_Diffuse.png
-- Installing: /home/nuctella/ros2_ws/ws/install/husarion_office_gz/share/husarion_office_gz/worlds//models/Fridge/meshes/Fridge_Col.obj
-- Installing: /home/nuctella/ros2_ws/ws/install/husarion_office_gz/share/husarion_office_gz/worlds//models/Fridge/thumbnails
-- Installing: /home/nuctella/ros2_ws/ws/install/husarion_office_gz/share/husarion_office_gz/worlds//models/Fridge/thumbnails/4.png
-- Installing: /home/nuctella/ros2_ws/ws/install/husarion_office_gz/share/husarion_office_gz/worlds//models/Fridge/thumbnails/3.png
-- Installing: /home/nuctella/ros2_ws/ws/install/husarion_office_gz/share/husarion_office_gz/worlds//models/Fridge/thumbnails/2.png
-- Installing: /home/nuctella/ros2_ws/ws/install/husarion_office_gz/share/husarion_office_gz/worlds//models/Fridge/thumbnails/5.png
-- Installing: /home/nuctella/ros2_ws/ws/install/husarion_office_gz/share/husarion_office_gz/worlds//models/Fridge/thumbnails/1.png
-- Installing: /home/nuctella/ros2_ws/ws/install/husarion_office_gz/share/husarion_office_gz/worlds//models/Fridge/model.config
-- Installing: /home/nuctella/ros2_ws/ws/install/husarion_office_gz/share/husarion_office_gz/worlds//models/Fridge/model.sdf
-- Installing: /home/nuctella/ros2_ws/ws/install/husarion_office_gz/share/husarion_office_gz/worlds//husarion_office.world
-- Installing: /home/nuctella/ros2_ws/ws/install/husarion_office_gz/share/husarion_office_gz/worlds//stanza8x12.sdf
-- Installing: /home/nuctella/ros2_ws/ws/install/husarion_office_gz/share/ament_index/resource_index/package_run_dependencies/husarion_office_gz
-- Installing: /home/nuctella/ros2_ws/ws/install/husarion_office_gz/share/ament_index/resource_index/parent_prefix_path/husarion_office_gz
-- Installing: /home/nuctella/ros2_ws/ws/install/husarion_office_gz/share/husarion_office_gz/environment/ament_prefix_path.sh
-- Installing: /home/nuctella/ros2_ws/ws/install/husarion_office_gz/share/husarion_office_gz/environment/ament_prefix_path.dsv
-- Installing: /home/nuctella/ros2_ws/ws/install/husarion_office_gz/share/husarion_office_gz/environment/path.sh
-- Installing: /home/nuctella/ros2_ws/ws/install/husarion_office_gz/share/husarion_office_gz/environment/path.dsv
-- Installing: /home/nuctella/ros2_ws/ws/install/husarion_office_gz/share/husarion_office_gz/local_setup.bash
-- Installing: /home/nuctella/ros2_ws/ws/install/husarion_office_gz/share/husarion_office_gz/local_setup.sh
-- Installing: /home/nuctella/ros2_ws/ws/install/husarion_office_gz/share/husarion_office_gz/local_setup.zsh
-- Installing: /home/nuctella/ros2_ws/ws/install/husarion_office_gz/share/husarion_office_gz/local_setup.dsv
-- Installing: /home/nuctella/ros2_ws/ws/install/husarion_office_gz/share/husarion_office_gz/package.dsv
-- Installing: /home/nuctella/ros2_ws/ws/install/husarion_office_gz/share/ament_index/resource_index/packages/husarion_office_gz
-- Installing: /home/nuctella/ros2_ws/ws/install/husarion_office_gz/share/husarion_office_gz/cmake/husarion_office_gzConfig.cmake
-- Installing: /home/nuctella/ros2_ws/ws/install/husarion_office_gz/share/husarion_office_gz/cmake/husarion_office_gzConfig-version.cmake
-- Installing: /home/nuctella/ros2_ws/ws/install/husarion_office_gz/share/husarion_office_gz/package.xml
