[0.044s] Invoking command in '/home/nuctella/ros2_ws/ws/build/husarion_office_gz': CMAKE_PREFIX_PATH=${CMAKE_PREFIX_PATH}:/home/nuctella/my_ros2_ws/install/rosbot_object_recognition:/opt/ros/humble /usr/bin/cmake /home/nuctella/ros2_ws/ws/src/husarion/gazebo_worlds -DCMAKE_INSTALL_PREFIX=/home/nuctella/ros2_ws/ws/install/husarion_office_gz
[0.087s] -- The C compiler identification is GNU 11.4.0
[0.121s] -- The CXX compiler identification is GNU 11.4.0
[0.125s] -- Detecting C compiler ABI info
[0.166s] -- Detecting C compiler ABI info - done
[0.170s] -- Check for working C compiler: /usr/bin/cc - skipped
[0.171s] -- Detecting C compile features
[0.171s] -- Detecting C compile features - done
[0.173s] -- Detecting CXX compiler ABI info
[0.221s] -- Detecting CXX compiler ABI info - done
[0.226s] -- Check for working CXX compiler: /usr/bin/c++ - skipped
[0.227s] -- Detecting CXX compile features
[0.227s] -- Detecting CXX compile features - done
[0.229s] -- Found ament_cmake: 1.3.5 (/opt/ros/humble/share/ament_cmake/cmake)
[0.466s] -- Found Python3: /usr/bin/python3.10 (found version "3.10.12") found components: Interpreter 
[0.531s] -- Found rclcpp: 16.0.6 (/opt/ros/humble/share/rclcpp/cmake)
[0.563s] -- Found rosidl_generator_c: 3.1.5 (/opt/ros/humble/share/rosidl_generator_c/cmake)
[0.568s] -- Found rosidl_adapter: 3.1.5 (/opt/ros/humble/share/rosidl_adapter/cmake)
[0.574s] -- Found rosidl_generator_cpp: 3.1.5 (/opt/ros/humble/share/rosidl_generator_cpp/cmake)
[0.584s] -- Using all available rosidl_typesupport_c: rosidl_typesupport_fastrtps_c;rosidl_typesupport_introspection_c
[0.598s] -- Using all available rosidl_typesupport_cpp: rosidl_typesupport_fastrtps_cpp;rosidl_typesupport_introspection_cpp
[0.647s] -- Found rmw_implementation_cmake: 6.1.1 (/opt/ros/humble/share/rmw_implementation_cmake/cmake)
[0.650s] -- Found rmw_fastrtps_cpp: 6.2.4 (/opt/ros/humble/share/rmw_fastrtps_cpp/cmake)
[0.717s] -- Found OpenSSL: /usr/lib/x86_64-linux-gnu/libcrypto.so (found version "3.0.2")  
[0.742s] -- Found FastRTPS: /opt/ros/humble/include  
[0.780s] -- Using RMW implementation 'rmw_fastrtps_cpp' as default
[0.788s] -- Looking for pthread.h
[0.831s] -- Looking for pthread.h - found
[0.831s] -- Performing Test CMAKE_HAVE_LIBC_PTHREAD
[0.874s] -- Performing Test CMAKE_HAVE_LIBC_PTHREAD - Success
[0.875s] -- Found Threads: TRUE  
[1.017s] -- Configuring done
[1.021s] -- Generating done
[1.022s] -- Build files have been written to: /home/nuctella/ros2_ws/ws/build/husarion_office_gz
[1.027s] Invoked command in '/home/nuctella/ros2_ws/ws/build/husarion_office_gz' returned '0': CMAKE_PREFIX_PATH=${CMAKE_PREFIX_PATH}:/home/nuctella/my_ros2_ws/install/rosbot_object_recognition:/opt/ros/humble /usr/bin/cmake /home/nuctella/ros2_ws/ws/src/husarion/gazebo_worlds -DCMAKE_INSTALL_PREFIX=/home/nuctella/ros2_ws/ws/install/husarion_office_gz
[1.029s] Invoking command in '/home/nuctella/ros2_ws/ws/build/husarion_office_gz': CMAKE_PREFIX_PATH=${CMAKE_PREFIX_PATH}:/home/nuctella/my_ros2_ws/install/rosbot_object_recognition:/opt/ros/humble /usr/bin/cmake --build /home/nuctella/ros2_ws/ws/build/husarion_office_gz -- -j20 -l20
[1.053s] Invoked command in '/home/nuctella/ros2_ws/ws/build/husarion_office_gz' returned '0': CMAKE_PREFIX_PATH=${CMAKE_PREFIX_PATH}:/home/nuctella/my_ros2_ws/install/rosbot_object_recognition:/opt/ros/humble /usr/bin/cmake --build /home/nuctella/ros2_ws/ws/build/husarion_office_gz -- -j20 -l20
[1.066s] Invoking command in '/home/nuctella/ros2_ws/ws/build/husarion_office_gz': CMAKE_PREFIX_PATH=${CMAKE_PREFIX_PATH}:/home/nuctella/my_ros2_ws/install/rosbot_object_recognition:/opt/ros/humble /usr/bin/cmake --install /home/nuctella/ros2_ws/ws/build/husarion_office_gz
[1.070s] -- Install configuration: ""
[1.070s] -- Installing: /home/nuctella/ros2_ws/ws/install/husarion_office_gz/share/husarion_office_gz
[1.071s] -- Installing: /home/nuctella/ros2_ws/ws/install/husarion_office_gz/share/husarion_office_gz/husarion_office_world.launch.py
[1.071s] -- Installing: /home/nuctella/ros2_ws/ws/install/husarion_office_gz/share/husarion_office_gz/worlds/
[1.071s] -- Installing: /home/nuctella/ros2_ws/ws/install/husarion_office_gz/share/husarion_office_gz/worlds//old_custom_world.sdf
[1.071s] -- Installing: /home/nuctella/ros2_ws/ws/install/husarion_office_gz/share/husarion_office_gz/worlds//custom_world.sdf
[1.071s] -- Installing: /home/nuctella/ros2_ws/ws/install/husarion_office_gz/share/husarion_office_gz/worlds//nav2_maps
[1.071s] -- Installing: /home/nuctella/ros2_ws/ws/install/husarion_office_gz/share/husarion_office_gz/worlds//nav2_maps/office_map.png
[1.071s] -- Installing: /home/nuctella/ros2_ws/ws/install/husarion_office_gz/share/husarion_office_gz/worlds//nav2_maps/office_map.yaml
[1.071s] -- Installing: /home/nuctella/ros2_ws/ws/install/husarion_office_gz/share/husarion_office_gz/worlds//husarion_world.sdf
[1.071s] -- Installing: /home/nuctella/ros2_ws/ws/install/husarion_office_gz/share/husarion_office_gz/worlds//meshes
[1.071s] -- Installing: /home/nuctella/ros2_ws/ws/install/husarion_office_gz/share/husarion_office_gz/worlds//meshes/husarion_world.dae
[1.072s] -- Installing: /home/nuctella/ros2_ws/ws/install/husarion_office_gz/share/husarion_office_gz/worlds//models
[1.072s] -- Installing: /home/nuctella/ros2_ws/ws/install/husarion_office_gz/share/husarion_office_gz/worlds//models/MopCart3
[1.072s] -- Installing: /home/nuctella/ros2_ws/ws/install/husarion_office_gz/share/husarion_office_gz/worlds//models/MopCart3/meshes
[1.072s] -- Installing: /home/nuctella/ros2_ws/ws/install/husarion_office_gz/share/husarion_office_gz/worlds//models/MopCart3/meshes/Red.png
[1.072s] -- Installing: /home/nuctella/ros2_ws/ws/install/husarion_office_gz/share/husarion_office_gz/worlds//models/MopCart3/meshes/Plastic.png
[1.072s] -- Installing: /home/nuctella/ros2_ws/ws/install/husarion_office_gz/share/husarion_office_gz/worlds//models/MopCart3/meshes/Blue.png
[1.072s] -- Installing: /home/nuctella/ros2_ws/ws/install/husarion_office_gz/share/husarion_office_gz/worlds//models/MopCart3/meshes/MopCart3.mtl
[1.072s] -- Installing: /home/nuctella/ros2_ws/ws/install/husarion_office_gz/share/husarion_office_gz/worlds//models/MopCart3/meshes/Mop.png
[1.072s] -- Installing: /home/nuctella/ros2_ws/ws/install/husarion_office_gz/share/husarion_office_gz/worlds//models/MopCart3/meshes/Cloth.png
[1.073s] -- Installing: /home/nuctella/ros2_ws/ws/install/husarion_office_gz/share/husarion_office_gz/worlds//models/MopCart3/meshes/MopCart3.obj
[1.074s] -- Installing: /home/nuctella/ros2_ws/ws/install/husarion_office_gz/share/husarion_office_gz/worlds//models/MopCart3/meshes/Spray.png
[1.074s] -- Installing: /home/nuctella/ros2_ws/ws/install/husarion_office_gz/share/husarion_office_gz/worlds//models/MopCart3/meshes/Duster.png
[1.074s] -- Installing: /home/nuctella/ros2_ws/ws/install/husarion_office_gz/share/husarion_office_gz/worlds//models/MopCart3/meshes/Glove.png
[1.074s] -- Installing: /home/nuctella/ros2_ws/ws/install/husarion_office_gz/share/husarion_office_gz/worlds//models/MopCart3/meshes/Parcel.png
[1.075s] -- Installing: /home/nuctella/ros2_ws/ws/install/husarion_office_gz/share/husarion_office_gz/worlds//models/MopCart3/meshes/Cart.png
[1.075s] -- Installing: /home/nuctella/ros2_ws/ws/install/husarion_office_gz/share/husarion_office_gz/worlds//models/MopCart3/meshes/Sign.png
[1.075s] -- Installing: /home/nuctella/ros2_ws/ws/install/husarion_office_gz/share/husarion_office_gz/worlds//models/MopCart3/thumbnails
[1.075s] -- Installing: /home/nuctella/ros2_ws/ws/install/husarion_office_gz/share/husarion_office_gz/worlds//models/MopCart3/thumbnails/4.png
[1.075s] -- Installing: /home/nuctella/ros2_ws/ws/install/husarion_office_gz/share/husarion_office_gz/worlds//models/MopCart3/thumbnails/3.png
[1.075s] -- Installing: /home/nuctella/ros2_ws/ws/install/husarion_office_gz/share/husarion_office_gz/worlds//models/MopCart3/thumbnails/2.png
[1.076s] -- Installing: /home/nuctella/ros2_ws/ws/install/husarion_office_gz/share/husarion_office_gz/worlds//models/MopCart3/thumbnails/5.png
[1.076s] -- Installing: /home/nuctella/ros2_ws/ws/install/husarion_office_gz/share/husarion_office_gz/worlds//models/MopCart3/thumbnails/1.png
[1.076s] -- Installing: /home/nuctella/ros2_ws/ws/install/husarion_office_gz/share/husarion_office_gz/worlds//models/MopCart3/model.config
[1.076s] -- Installing: /home/nuctella/ros2_ws/ws/install/husarion_office_gz/share/husarion_office_gz/worlds//models/MopCart3/model.sdf
[1.076s] -- Installing: /home/nuctella/ros2_ws/ws/install/husarion_office_gz/share/husarion_office_gz/worlds//models/sample_course_2
[1.076s] -- Installing: /home/nuctella/ros2_ws/ws/install/husarion_office_gz/share/husarion_office_gz/worlds//models/sample_course_2/sample_course_2.sdf.jinja
[1.076s] -- Installing: /home/nuctella/ros2_ws/ws/install/husarion_office_gz/share/husarion_office_gz/worlds//models/sample_course_2/sample_course_2.sdf.last_generated
[1.076s] -- Installing: /home/nuctella/ros2_ws/ws/install/husarion_office_gz/share/husarion_office_gz/worlds//models/sample_course_2/materials
[1.076s] -- Installing: /home/nuctella/ros2_ws/ws/install/husarion_office_gz/share/husarion_office_gz/worlds//models/sample_course_2/materials/textures
[1.076s] -- Installing: /home/nuctella/ros2_ws/ws/install/husarion_office_gz/share/husarion_office_gz/worlds//models/sample_course_2/materials/textures/tarmac.png
[1.077s] -- Installing: /home/nuctella/ros2_ws/ws/install/husarion_office_gz/share/husarion_office_gz/worlds//models/sample_course_2/materials/scripts
[1.077s] -- Installing: /home/nuctella/ros2_ws/ws/install/husarion_office_gz/share/husarion_office_gz/worlds//models/sample_course_2/materials/scripts/asphalt.material
[1.077s] -- Installing: /home/nuctella/ros2_ws/ws/install/husarion_office_gz/share/husarion_office_gz/worlds//models/sample_course_2/model.config
[1.077s] -- Installing: /home/nuctella/ros2_ws/ws/install/husarion_office_gz/share/husarion_office_gz/worlds//models/sample_course_2/sample_course_2.sdf
[1.077s] -- Installing: /home/nuctella/ros2_ws/ws/install/husarion_office_gz/share/husarion_office_gz/worlds//models/wall_big_short
[1.077s] -- Installing: /home/nuctella/ros2_ws/ws/install/husarion_office_gz/share/husarion_office_gz/worlds//models/wall_big_short/wall_big_short.sdf
[1.078s] -- Installing: /home/nuctella/ros2_ws/ws/install/husarion_office_gz/share/husarion_office_gz/worlds//models/wall_big_short/model.config
[1.078s] -- Installing: /home/nuctella/ros2_ws/ws/install/husarion_office_gz/share/husarion_office_gz/worlds//models/BathroomSink
[1.078s] -- Installing: /home/nuctella/ros2_ws/ws/install/husarion_office_gz/share/husarion_office_gz/worlds//models/BathroomSink/meshes
[1.078s] -- Installing: /home/nuctella/ros2_ws/ws/install/husarion_office_gz/share/husarion_office_gz/worlds//models/BathroomSink/meshes/BathroomSink_Diffuse.png
[1.078s] -- Installing: /home/nuctella/ros2_ws/ws/install/husarion_office_gz/share/husarion_office_gz/worlds//models/BathroomSink/meshes/BathroomSink_Metal.png
[1.078s] -- Installing: /home/nuctella/ros2_ws/ws/install/husarion_office_gz/share/husarion_office_gz/worlds//models/BathroomSink/meshes/BathroomSink_Col.mtl
[1.078s] -- Installing: /home/nuctella/ros2_ws/ws/install/husarion_office_gz/share/husarion_office_gz/worlds//models/BathroomSink/meshes/BathroomSink.obj
[1.078s] -- Installing: /home/nuctella/ros2_ws/ws/install/husarion_office_gz/share/husarion_office_gz/worlds//models/BathroomSink/meshes/BathroomSink_Rough.png
[1.078s] -- Installing: /home/nuctella/ros2_ws/ws/install/husarion_office_gz/share/husarion_office_gz/worlds//models/BathroomSink/meshes/BathroomSink.mtl
[1.079s] -- Installing: /home/nuctella/ros2_ws/ws/install/husarion_office_gz/share/husarion_office_gz/worlds//models/BathroomSink/meshes/BathroomSink_Col.obj
[1.079s] -- Installing: /home/nuctella/ros2_ws/ws/install/husarion_office_gz/share/husarion_office_gz/worlds//models/BathroomSink/thumbnails
[1.079s] -- Installing: /home/nuctella/ros2_ws/ws/install/husarion_office_gz/share/husarion_office_gz/worlds//models/BathroomSink/thumbnails/4.png
[1.079s] -- Installing: /home/nuctella/ros2_ws/ws/install/husarion_office_gz/share/husarion_office_gz/worlds//models/BathroomSink/thumbnails/3.png
[1.079s] -- Installing: /home/nuctella/ros2_ws/ws/install/husarion_office_gz/share/husarion_office_gz/worlds//models/BathroomSink/thumbnails/2.png
[1.079s] -- Installing: /home/nuctella/ros2_ws/ws/install/husarion_office_gz/share/husarion_office_gz/worlds//models/BathroomSink/thumbnails/5.png
[1.079s] -- Installing: /home/nuctella/ros2_ws/ws/install/husarion_office_gz/share/husarion_office_gz/worlds//models/BathroomSink/thumbnails/1.png
[1.079s] -- Installing: /home/nuctella/ros2_ws/ws/install/husarion_office_gz/share/husarion_office_gz/worlds//models/BathroomSink/model.config
[1.079s] -- Installing: /home/nuctella/ros2_ws/ws/install/husarion_office_gz/share/husarion_office_gz/worlds//models/BathroomSink/model.sdf
[1.079s] -- Installing: /home/nuctella/ros2_ws/ws/install/husarion_office_gz/share/husarion_office_gz/worlds//models/Toilet
[1.079s] -- Installing: /home/nuctella/ros2_ws/ws/install/husarion_office_gz/share/husarion_office_gz/worlds//models/Toilet/meshes
[1.079s] -- Installing: /home/nuctella/ros2_ws/ws/install/husarion_office_gz/share/husarion_office_gz/worlds//models/Toilet/meshes/toilet.obj
[1.079s] -- Installing: /home/nuctella/ros2_ws/ws/install/husarion_office_gz/share/husarion_office_gz/worlds//models/Toilet/meshes/toilet.mtl
[1.079s] -- Installing: /home/nuctella/ros2_ws/ws/install/husarion_office_gz/share/husarion_office_gz/worlds//models/Toilet/thumbnails
[1.079s] -- Installing: /home/nuctella/ros2_ws/ws/install/husarion_office_gz/share/husarion_office_gz/worlds//models/Toilet/thumbnails/4.png
[1.080s] -- Installing: /home/nuctella/ros2_ws/ws/install/husarion_office_gz/share/husarion_office_gz/worlds//models/Toilet/thumbnails/3.png
[1.080s] -- Installing: /home/nuctella/ros2_ws/ws/install/husarion_office_gz/share/husarion_office_gz/worlds//models/Toilet/thumbnails/2.png
[1.080s] -- Installing: /home/nuctella/ros2_ws/ws/install/husarion_office_gz/share/husarion_office_gz/worlds//models/Toilet/thumbnails/5.png
[1.080s] -- Installing: /home/nuctella/ros2_ws/ws/install/husarion_office_gz/share/husarion_office_gz/worlds//models/Toilet/thumbnails/1.png
[1.080s] -- Installing: /home/nuctella/ros2_ws/ws/install/husarion_office_gz/share/husarion_office_gz/worlds//models/Toilet/model.config
[1.080s] -- Installing: /home/nuctella/ros2_ws/ws/install/husarion_office_gz/share/husarion_office_gz/worlds//models/Toilet/model.sdf
[1.080s] -- Installing: /home/nuctella/ros2_ws/ws/install/husarion_office_gz/share/husarion_office_gz/worlds//models/sample_course_1
[1.080s] -- Installing: /home/nuctella/ros2_ws/ws/install/husarion_office_gz/share/husarion_office_gz/worlds//models/sample_course_1/sample_course_1.sdf
[1.080s] -- Installing: /home/nuctella/ros2_ws/ws/install/husarion_office_gz/share/husarion_office_gz/worlds//models/sample_course_1/materials
[1.080s] -- Installing: /home/nuctella/ros2_ws/ws/install/husarion_office_gz/share/husarion_office_gz/worlds//models/sample_course_1/materials/textures
[1.080s] -- Installing: /home/nuctella/ros2_ws/ws/install/husarion_office_gz/share/husarion_office_gz/worlds//models/sample_course_1/materials/textures/tarmac.png
[1.080s] -- Installing: /home/nuctella/ros2_ws/ws/install/husarion_office_gz/share/husarion_office_gz/worlds//models/sample_course_1/materials/scripts
[1.080s] -- Installing: /home/nuctella/ros2_ws/ws/install/husarion_office_gz/share/husarion_office_gz/worlds//models/sample_course_1/materials/scripts/asphalt.material
[1.081s] -- Installing: /home/nuctella/ros2_ws/ws/install/husarion_office_gz/share/husarion_office_gz/worlds//models/sample_course_1/model.config
[1.081s] -- Installing: /home/nuctella/ros2_ws/ws/install/husarion_office_gz/share/husarion_office_gz/worlds//models/sample_course_1/sample_course_1.sdf.jinja
[1.081s] -- Installing: /home/nuctella/ros2_ws/ws/install/husarion_office_gz/share/husarion_office_gz/worlds//models/sample_course_1/sample_course_1.sdf.last_generated
[1.081s] -- Installing: /home/nuctella/ros2_ws/ws/install/husarion_office_gz/share/husarion_office_gz/worlds//models/everblock_white
[1.081s] -- Installing: /home/nuctella/ros2_ws/ws/install/husarion_office_gz/share/husarion_office_gz/worlds//models/everblock_white/meshes
[1.081s] -- Installing: /home/nuctella/ros2_ws/ws/install/husarion_office_gz/share/husarion_office_gz/worlds//models/everblock_white/meshes/textures
[1.081s] -- Installing: /home/nuctella/ros2_ws/ws/install/husarion_office_gz/share/husarion_office_gz/worlds//models/everblock_white/meshes/textures/everblock_white_ao.png
[1.081s] -- Installing: /home/nuctella/ros2_ws/ws/install/husarion_office_gz/share/husarion_office_gz/worlds//models/everblock_white/meshes/textures/everblock_white_normal.png
[1.085s] -- Installing: /home/nuctella/ros2_ws/ws/install/husarion_office_gz/share/husarion_office_gz/worlds//models/everblock_white/meshes/textures/everblock_white_albedo.png
[1.086s] -- Installing: /home/nuctella/ros2_ws/ws/install/husarion_office_gz/share/husarion_office_gz/worlds//models/everblock_white/meshes/textures/everblock_white_roughness.png
[1.086s] -- Installing: /home/nuctella/ros2_ws/ws/install/husarion_office_gz/share/husarion_office_gz/worlds//models/everblock_white/meshes/everblock_white.blend
[1.087s] -- Installing: /home/nuctella/ros2_ws/ws/install/husarion_office_gz/share/husarion_office_gz/worlds//models/everblock_white/meshes/everblock_white.dae
[1.087s] -- Installing: /home/nuctella/ros2_ws/ws/install/husarion_office_gz/share/husarion_office_gz/worlds//models/everblock_white/model.config
[1.087s] -- Installing: /home/nuctella/ros2_ws/ws/install/husarion_office_gz/share/husarion_office_gz/worlds//models/everblock_white/model.sdf
[1.087s] -- Installing: /home/nuctella/ros2_ws/ws/install/husarion_office_gz/share/husarion_office_gz/worlds//models/everblock_red
[1.087s] -- Installing: /home/nuctella/ros2_ws/ws/install/husarion_office_gz/share/husarion_office_gz/worlds//models/everblock_red/meshes
[1.087s] -- Installing: /home/nuctella/ros2_ws/ws/install/husarion_office_gz/share/husarion_office_gz/worlds//models/everblock_red/meshes/textures
[1.087s] -- Installing: /home/nuctella/ros2_ws/ws/install/husarion_office_gz/share/husarion_office_gz/worlds//models/everblock_red/meshes/textures/everblock_red_roughness.png
[1.088s] -- Installing: /home/nuctella/ros2_ws/ws/install/husarion_office_gz/share/husarion_office_gz/worlds//models/everblock_red/meshes/textures/everblock_red_ao.png
[1.088s] -- Installing: /home/nuctella/ros2_ws/ws/install/husarion_office_gz/share/husarion_office_gz/worlds//models/everblock_red/meshes/textures/everblock_red_normal.png
[1.091s] -- Installing: /home/nuctella/ros2_ws/ws/install/husarion_office_gz/share/husarion_office_gz/worlds//models/everblock_red/meshes/textures/everblock_red_albedo.png
[1.092s] -- Installing: /home/nuctella/ros2_ws/ws/install/husarion_office_gz/share/husarion_office_gz/worlds//models/everblock_red/meshes/everblock_red.blend
[1.093s] -- Installing: /home/nuctella/ros2_ws/ws/install/husarion_office_gz/share/husarion_office_gz/worlds//models/everblock_red/meshes/everblock_red.dae
[1.093s] -- Installing: /home/nuctella/ros2_ws/ws/install/husarion_office_gz/share/husarion_office_gz/worlds//models/everblock_red/materials
[1.093s] -- Installing: /home/nuctella/ros2_ws/ws/install/husarion_office_gz/share/husarion_office_gz/worlds//models/everblock_red/materials/textures
[1.093s] -- Installing: /home/nuctella/ros2_ws/ws/install/husarion_office_gz/share/husarion_office_gz/worlds//models/everblock_red/materials/textures/block.png
[1.093s] -- Installing: /home/nuctella/ros2_ws/ws/install/husarion_office_gz/share/husarion_office_gz/worlds//models/everblock_red/materials/scripts
[1.093s] -- Installing: /home/nuctella/ros2_ws/ws/install/husarion_office_gz/share/husarion_office_gz/worlds//models/everblock_red/materials/scripts/block_red.material
[1.093s] -- Installing: /home/nuctella/ros2_ws/ws/install/husarion_office_gz/share/husarion_office_gz/worlds//models/everblock_red/model.config
[1.094s] -- Installing: /home/nuctella/ros2_ws/ws/install/husarion_office_gz/share/husarion_office_gz/worlds//models/everblock_red/model.sdf
[1.094s] -- Installing: /home/nuctella/ros2_ws/ws/install/husarion_office_gz/share/husarion_office_gz/worlds//models/wall_small_short
[1.094s] -- Installing: /home/nuctella/ros2_ws/ws/install/husarion_office_gz/share/husarion_office_gz/worlds//models/wall_small_short/model.config
[1.094s] -- Installing: /home/nuctella/ros2_ws/ws/install/husarion_office_gz/share/husarion_office_gz/worlds//models/wall_small_short/model.sdf
[1.094s] -- Installing: /home/nuctella/ros2_ws/ws/install/husarion_office_gz/share/husarion_office_gz/worlds//models/wall_small_long
[1.094s] -- Installing: /home/nuctella/ros2_ws/ws/install/husarion_office_gz/share/husarion_office_gz/worlds//models/wall_small_long/model.config
[1.094s] -- Installing: /home/nuctella/ros2_ws/ws/install/husarion_office_gz/share/husarion_office_gz/worlds//models/wall_small_long/model.sdf
[1.094s] -- Installing: /home/nuctella/ros2_ws/ws/install/husarion_office_gz/share/husarion_office_gz/worlds//models/hangar_floor
[1.094s] -- Installing: /home/nuctella/ros2_ws/ws/install/husarion_office_gz/share/husarion_office_gz/worlds//models/hangar_floor/meshes
[1.094s] -- Installing: /home/nuctella/ros2_ws/ws/install/husarion_office_gz/share/husarion_office_gz/worlds//models/hangar_floor/meshes/hangar_floor.dae
[1.094s] -- Installing: /home/nuctella/ros2_ws/ws/install/husarion_office_gz/share/husarion_office_gz/worlds//models/hangar_floor/meshes/hangar_floor.blend
[1.094s] -- Installing: /home/nuctella/ros2_ws/ws/install/husarion_office_gz/share/husarion_office_gz/worlds//models/hangar_floor/meshes/hangar_floor.blend1
[1.095s] -- Installing: /home/nuctella/ros2_ws/ws/install/husarion_office_gz/share/husarion_office_gz/worlds//models/hangar_floor/meshes/textures
[1.095s] -- Installing: /home/nuctella/ros2_ws/ws/install/husarion_office_gz/share/husarion_office_gz/worlds//models/hangar_floor/meshes/textures/hangar_floor_roughness.png
[1.095s] -- Installing: /home/nuctella/ros2_ws/ws/install/husarion_office_gz/share/husarion_office_gz/worlds//models/hangar_floor/meshes/textures/hangar_floor_albedo.png
[1.096s] -- Installing: /home/nuctella/ros2_ws/ws/install/husarion_office_gz/share/husarion_office_gz/worlds//models/hangar_floor/meshes/textures/hangar_floor_normal.png
[1.096s] -- Installing: /home/nuctella/ros2_ws/ws/install/husarion_office_gz/share/husarion_office_gz/worlds//models/hangar_floor/meshes/hangar_floor_albedo.png
[1.097s] -- Installing: /home/nuctella/ros2_ws/ws/install/husarion_office_gz/share/husarion_office_gz/worlds//models/hangar_floor/meshes/hangar_floor11x21.dae
[1.097s] -- Installing: /home/nuctella/ros2_ws/ws/install/husarion_office_gz/share/husarion_office_gz/worlds//models/hangar_floor/hangar_floor.sdf
[1.097s] -- Installing: /home/nuctella/ros2_ws/ws/install/husarion_office_gz/share/husarion_office_gz/worlds//models/hangar_floor/model.config
[1.097s] -- Installing: /home/nuctella/ros2_ws/ws/install/husarion_office_gz/share/husarion_office_gz/worlds//models/rosbot
[1.097s] -- Installing: /home/nuctella/ros2_ws/ws/install/husarion_office_gz/share/husarion_office_gz/worlds//models/rosbot/meshes
[1.097s] -- Installing: /home/nuctella/ros2_ws/ws/install/husarion_office_gz/share/husarion_office_gz/worlds//models/rosbot/meshes/astra.dae
[1.097s] -- Installing: /home/nuctella/ros2_ws/ws/install/husarion_office_gz/share/husarion_office_gz/worlds//models/rosbot/meshes/box.dae
[1.097s] -- Installing: /home/nuctella/ros2_ws/ws/install/husarion_office_gz/share/husarion_office_gz/worlds//models/rosbot/meshes/upper.dae
[1.097s] -- Installing: /home/nuctella/ros2_ws/ws/install/husarion_office_gz/share/husarion_office_gz/worlds//models/rosbot/meshes/wheel-v2.stl
[1.099s] -- Installing: /home/nuctella/ros2_ws/ws/install/husarion_office_gz/share/husarion_office_gz/worlds//models/rosbot/meshes/wheel.dae
[1.099s] -- Installing: /home/nuctella/ros2_ws/ws/install/husarion_office_gz/share/husarion_office_gz/worlds//models/rosbot/meshes/rplidar.dae
[1.100s] -- Installing: /home/nuctella/ros2_ws/ws/install/husarion_office_gz/share/husarion_office_gz/worlds//models/rosbot/model.config
[1.100s] -- Installing: /home/nuctella/ros2_ws/ws/install/husarion_office_gz/share/husarion_office_gz/worlds//models/rosbot/model.sdf
[1.100s] -- Installing: /home/nuctella/ros2_ws/ws/install/husarion_office_gz/share/husarion_office_gz/worlds//models/SquareShelf
[1.100s] -- Installing: /home/nuctella/ros2_ws/ws/install/husarion_office_gz/share/husarion_office_gz/worlds//models/SquareShelf/meshes
[1.100s] -- Installing: /home/nuctella/ros2_ws/ws/install/husarion_office_gz/share/husarion_office_gz/worlds//models/SquareShelf/meshes/SquareShelf.mtl
[1.100s] -- Installing: /home/nuctella/ros2_ws/ws/install/husarion_office_gz/share/husarion_office_gz/worlds//models/SquareShelf/meshes/SquareShelf_Col.mtl
[1.100s] -- Installing: /home/nuctella/ros2_ws/ws/install/husarion_office_gz/share/husarion_office_gz/worlds//models/SquareShelf/meshes/SquareShelf_Diffuse.png
[1.100s] -- Installing: /home/nuctella/ros2_ws/ws/install/husarion_office_gz/share/husarion_office_gz/worlds//models/SquareShelf/meshes/SquareShelf.obj
[1.100s] -- Installing: /home/nuctella/ros2_ws/ws/install/husarion_office_gz/share/husarion_office_gz/worlds//models/SquareShelf/meshes/SquareShelf_Col.obj
[1.100s] -- Installing: /home/nuctella/ros2_ws/ws/install/husarion_office_gz/share/husarion_office_gz/worlds//models/SquareShelf/thumbnails
[1.100s] -- Installing: /home/nuctella/ros2_ws/ws/install/husarion_office_gz/share/husarion_office_gz/worlds//models/SquareShelf/thumbnails/4.png
[1.100s] -- Installing: /home/nuctella/ros2_ws/ws/install/husarion_office_gz/share/husarion_office_gz/worlds//models/SquareShelf/thumbnails/3.png
[1.100s] -- Installing: /home/nuctella/ros2_ws/ws/install/husarion_office_gz/share/husarion_office_gz/worlds//models/SquareShelf/thumbnails/2.png
[1.100s] -- Installing: /home/nuctella/ros2_ws/ws/install/husarion_office_gz/share/husarion_office_gz/worlds//models/SquareShelf/thumbnails/5.png
[1.100s] -- Installing: /home/nuctella/ros2_ws/ws/install/husarion_office_gz/share/husarion_office_gz/worlds//models/SquareShelf/thumbnails/1.png
[1.100s] -- Installing: /home/nuctella/ros2_ws/ws/install/husarion_office_gz/share/husarion_office_gz/worlds//models/SquareShelf/model.config
[1.101s] -- Installing: /home/nuctella/ros2_ws/ws/install/husarion_office_gz/share/husarion_office_gz/worlds//models/SquareShelf/model.sdf
[1.101s] -- Installing: /home/nuctella/ros2_ws/ws/install/husarion_office_gz/share/husarion_office_gz/worlds//models/wood1.png
[1.101s] -- Installing: /home/nuctella/ros2_ws/ws/install/husarion_office_gz/share/husarion_office_gz/worlds//models/ConfTable
[1.101s] -- Installing: /home/nuctella/ros2_ws/ws/install/husarion_office_gz/share/husarion_office_gz/worlds//models/ConfTable/meshes
[1.101s] -- Installing: /home/nuctella/ros2_ws/ws/install/husarion_office_gz/share/husarion_office_gz/worlds//models/ConfTable/meshes/ConfTable2.stl
[1.101s] -- Installing: /home/nuctella/ros2_ws/ws/install/husarion_office_gz/share/husarion_office_gz/worlds//models/ConfTable/model.config
[1.101s] -- Installing: /home/nuctella/ros2_ws/ws/install/husarion_office_gz/share/husarion_office_gz/worlds//models/ConfTable/model.sdf
[1.101s] -- Installing: /home/nuctella/ros2_ws/ws/install/husarion_office_gz/share/husarion_office_gz/worlds//models/Stairs
[1.101s] -- Installing: /home/nuctella/ros2_ws/ws/install/husarion_office_gz/share/husarion_office_gz/worlds//models/Stairs/model.config
[1.101s] -- Installing: /home/nuctella/ros2_ws/ws/install/husarion_office_gz/share/husarion_office_gz/worlds//models/Stairs/model.sdf
[1.101s] -- Installing: /home/nuctella/ros2_ws/ws/install/husarion_office_gz/share/husarion_office_gz/worlds//models/everblock_small_tunnel
[1.101s] -- Installing: /home/nuctella/ros2_ws/ws/install/husarion_office_gz/share/husarion_office_gz/worlds//models/everblock_small_tunnel/model.config
[1.101s] -- Installing: /home/nuctella/ros2_ws/ws/install/husarion_office_gz/share/husarion_office_gz/worlds//models/everblock_small_tunnel/model.sdf
[1.101s] -- Installing: /home/nuctella/ros2_ws/ws/install/husarion_office_gz/share/husarion_office_gz/worlds//models/everblock_high_green
[1.102s] -- Installing: /home/nuctella/ros2_ws/ws/install/husarion_office_gz/share/husarion_office_gz/worlds//models/everblock_high_green/meshes
[1.102s] -- Installing: /home/nuctella/ros2_ws/ws/install/husarion_office_gz/share/husarion_office_gz/worlds//models/everblock_high_green/meshes/everblock_green.dae
[1.102s] -- Installing: /home/nuctella/ros2_ws/ws/install/husarion_office_gz/share/husarion_office_gz/worlds//models/everblock_high_green/meshes/textures
[1.102s] -- Installing: /home/nuctella/ros2_ws/ws/install/husarion_office_gz/share/husarion_office_gz/worlds//models/everblock_high_green/meshes/textures/everblock_green_roughness.png
[1.102s] -- Installing: /home/nuctella/ros2_ws/ws/install/husarion_office_gz/share/husarion_office_gz/worlds//models/everblock_high_green/meshes/textures/everblock_green_normal.png
[1.105s] -- Installing: /home/nuctella/ros2_ws/ws/install/husarion_office_gz/share/husarion_office_gz/worlds//models/everblock_high_green/meshes/textures/everblock_green_albedo.png
[1.106s] -- Installing: /home/nuctella/ros2_ws/ws/install/husarion_office_gz/share/husarion_office_gz/worlds//models/everblock_high_green/meshes/textures/everblock_green_ao.png
[1.106s] -- Installing: /home/nuctella/ros2_ws/ws/install/husarion_office_gz/share/husarion_office_gz/worlds//models/everblock_high_green/meshes/everblock_green.blend
[1.107s] -- Installing: /home/nuctella/ros2_ws/ws/install/husarion_office_gz/share/husarion_office_gz/worlds//models/everblock_high_green/model.config
[1.107s] -- Installing: /home/nuctella/ros2_ws/ws/install/husarion_office_gz/share/husarion_office_gz/worlds//models/everblock_high_green/model.sdf
[1.107s] -- Installing: /home/nuctella/ros2_ws/ws/install/husarion_office_gz/share/husarion_office_gz/worlds//models/white_wall.png
[1.107s] -- Installing: /home/nuctella/ros2_ws/ws/install/husarion_office_gz/share/husarion_office_gz/worlds//models/everblock_grey
[1.107s] -- Installing: /home/nuctella/ros2_ws/ws/install/husarion_office_gz/share/husarion_office_gz/worlds//models/everblock_grey/meshes
[1.107s] -- Installing: /home/nuctella/ros2_ws/ws/install/husarion_office_gz/share/husarion_office_gz/worlds//models/everblock_grey/meshes/textures
[1.107s] -- Installing: /home/nuctella/ros2_ws/ws/install/husarion_office_gz/share/husarion_office_gz/worlds//models/everblock_grey/meshes/textures/everblock_grey_albedo.png
[1.108s] -- Installing: /home/nuctella/ros2_ws/ws/install/husarion_office_gz/share/husarion_office_gz/worlds//models/everblock_grey/meshes/textures/everblock_grey_normal.png
[1.111s] -- Installing: /home/nuctella/ros2_ws/ws/install/husarion_office_gz/share/husarion_office_gz/worlds//models/everblock_grey/meshes/textures/everblock_grey_roughness.png
[1.112s] -- Installing: /home/nuctella/ros2_ws/ws/install/husarion_office_gz/share/husarion_office_gz/worlds//models/everblock_grey/meshes/textures/everblock_grey_ao.png
[1.112s] -- Installing: /home/nuctella/ros2_ws/ws/install/husarion_office_gz/share/husarion_office_gz/worlds//models/everblock_grey/meshes/everblock_grey.dae
[1.112s] -- Installing: /home/nuctella/ros2_ws/ws/install/husarion_office_gz/share/husarion_office_gz/worlds//models/everblock_grey/meshes/everblock_grey.blend
[1.113s] -- Installing: /home/nuctella/ros2_ws/ws/install/husarion_office_gz/share/husarion_office_gz/worlds//models/everblock_grey/model.config
[1.113s] -- Installing: /home/nuctella/ros2_ws/ws/install/husarion_office_gz/share/husarion_office_gz/worlds//models/everblock_grey/model.sdf
[1.113s] -- Installing: /home/nuctella/ros2_ws/ws/install/husarion_office_gz/share/husarion_office_gz/worlds//models/wall_big_long
[1.113s] -- Installing: /home/nuctella/ros2_ws/ws/install/husarion_office_gz/share/husarion_office_gz/worlds//models/wall_big_long/wall_big_long.sdf
[1.113s] -- Installing: /home/nuctella/ros2_ws/ws/install/husarion_office_gz/share/husarion_office_gz/worlds//models/wall_big_long/model.config
[1.113s] -- Installing: /home/nuctella/ros2_ws/ws/install/husarion_office_gz/share/husarion_office_gz/worlds//models/CoffeeTable
[1.113s] -- Installing: /home/nuctella/ros2_ws/ws/install/husarion_office_gz/share/husarion_office_gz/worlds//models/CoffeeTable/meshes
[1.113s] -- Installing: /home/nuctella/ros2_ws/ws/install/husarion_office_gz/share/husarion_office_gz/worlds//models/CoffeeTable/meshes/CoffeeTable_Diffuse.png
[1.113s] -- Installing: /home/nuctella/ros2_ws/ws/install/husarion_office_gz/share/husarion_office_gz/worlds//models/CoffeeTable/meshes/CoffeeTable_SpecGloss.png
[1.113s] -- Installing: /home/nuctella/ros2_ws/ws/install/husarion_office_gz/share/husarion_office_gz/worlds//models/CoffeeTable/meshes/CoffeeTable.mtl
[1.113s] -- Installing: /home/nuctella/ros2_ws/ws/install/husarion_office_gz/share/husarion_office_gz/worlds//models/CoffeeTable/meshes/CoffeeTable.obj
[1.113s] -- Installing: /home/nuctella/ros2_ws/ws/install/husarion_office_gz/share/husarion_office_gz/worlds//models/CoffeeTable/meshes/CoffeeTable_Normal.png
[1.113s] -- Installing: /home/nuctella/ros2_ws/ws/install/husarion_office_gz/share/husarion_office_gz/worlds//models/CoffeeTable/thumbnails
[1.113s] -- Installing: /home/nuctella/ros2_ws/ws/install/husarion_office_gz/share/husarion_office_gz/worlds//models/CoffeeTable/thumbnails/4.png
[1.113s] -- Installing: /home/nuctella/ros2_ws/ws/install/husarion_office_gz/share/husarion_office_gz/worlds//models/CoffeeTable/thumbnails/3.png
[1.113s] -- Installing: /home/nuctella/ros2_ws/ws/install/husarion_office_gz/share/husarion_office_gz/worlds//models/CoffeeTable/thumbnails/2.png
[1.113s] -- Installing: /home/nuctella/ros2_ws/ws/install/husarion_office_gz/share/husarion_office_gz/worlds//models/CoffeeTable/thumbnails/5.png
[1.113s] -- Installing: /home/nuctella/ros2_ws/ws/install/husarion_office_gz/share/husarion_office_gz/worlds//models/CoffeeTable/thumbnails/1.png
[1.113s] -- Installing: /home/nuctella/ros2_ws/ws/install/husarion_office_gz/share/husarion_office_gz/worlds//models/CoffeeTable/model.config
[1.113s] -- Installing: /home/nuctella/ros2_ws/ws/install/husarion_office_gz/share/husarion_office_gz/worlds//models/CoffeeTable/model.sdf
[1.113s] -- Installing: /home/nuctella/ros2_ws/ws/install/husarion_office_gz/share/husarion_office_gz/worlds//models/MopCart2
[1.113s] -- Installing: /home/nuctella/ros2_ws/ws/install/husarion_office_gz/share/husarion_office_gz/worlds//models/MopCart2/meshes
[1.113s] -- Installing: /home/nuctella/ros2_ws/ws/install/husarion_office_gz/share/husarion_office_gz/worlds//models/MopCart2/meshes/Blue.png
[1.114s] -- Installing: /home/nuctella/ros2_ws/ws/install/husarion_office_gz/share/husarion_office_gz/worlds//models/MopCart2/meshes/Broom.png
[1.114s] -- Installing: /home/nuctella/ros2_ws/ws/install/husarion_office_gz/share/husarion_office_gz/worlds//models/MopCart2/meshes/Mop.png
[1.115s] -- Installing: /home/nuctella/ros2_ws/ws/install/husarion_office_gz/share/husarion_office_gz/worlds//models/MopCart2/meshes/Cloth.png
[1.115s] -- Installing: /home/nuctella/ros2_ws/ws/install/husarion_office_gz/share/husarion_office_gz/worlds//models/MopCart2/meshes/Duster.png
[1.115s] -- Installing: /home/nuctella/ros2_ws/ws/install/husarion_office_gz/share/husarion_office_gz/worlds//models/MopCart2/meshes/MopCart2.obj
[1.116s] -- Installing: /home/nuctella/ros2_ws/ws/install/husarion_office_gz/share/husarion_office_gz/worlds//models/MopCart2/meshes/BigRed.png
[1.116s] -- Installing: /home/nuctella/ros2_ws/ws/install/husarion_office_gz/share/husarion_office_gz/worlds//models/MopCart2/meshes/MopCart2.mtl
[1.116s] -- Installing: /home/nuctella/ros2_ws/ws/install/husarion_office_gz/share/husarion_office_gz/worlds//models/MopCart2/meshes/Cart2.png
[1.116s] -- Installing: /home/nuctella/ros2_ws/ws/install/husarion_office_gz/share/husarion_office_gz/worlds//models/MopCart2/meshes/Tongs.png
[1.117s] -- Installing: /home/nuctella/ros2_ws/ws/install/husarion_office_gz/share/husarion_office_gz/worlds//models/MopCart2/thumbnails
[1.117s] -- Installing: /home/nuctella/ros2_ws/ws/install/husarion_office_gz/share/husarion_office_gz/worlds//models/MopCart2/thumbnails/4.png
[1.117s] -- Installing: /home/nuctella/ros2_ws/ws/install/husarion_office_gz/share/husarion_office_gz/worlds//models/MopCart2/thumbnails/3.png
[1.117s] -- Installing: /home/nuctella/ros2_ws/ws/install/husarion_office_gz/share/husarion_office_gz/worlds//models/MopCart2/thumbnails/2.png
[1.117s] -- Installing: /home/nuctella/ros2_ws/ws/install/husarion_office_gz/share/husarion_office_gz/worlds//models/MopCart2/thumbnails/5.png
[1.117s] -- Installing: /home/nuctella/ros2_ws/ws/install/husarion_office_gz/share/husarion_office_gz/worlds//models/MopCart2/thumbnails/1.png
[1.117s] -- Installing: /home/nuctella/ros2_ws/ws/install/husarion_office_gz/share/husarion_office_gz/worlds//models/MopCart2/model.config
[1.117s] -- Installing: /home/nuctella/ros2_ws/ws/install/husarion_office_gz/share/husarion_office_gz/worlds//models/MopCart2/model.sdf
[1.117s] -- Installing: /home/nuctella/ros2_ws/ws/install/husarion_office_gz/share/husarion_office_gz/worlds//models/Table
[1.117s] -- Installing: /home/nuctella/ros2_ws/ws/install/husarion_office_gz/share/husarion_office_gz/worlds//models/Table/Table_Diffuse.jpg
[1.117s] -- Installing: /home/nuctella/ros2_ws/ws/install/husarion_office_gz/share/husarion_office_gz/worlds//models/Table/model-1_4.sdf
[1.117s] -- Installing: /home/nuctella/ros2_ws/ws/install/husarion_office_gz/share/husarion_office_gz/worlds//models/Table/thumbnails
[1.118s] -- Installing: /home/nuctella/ros2_ws/ws/install/husarion_office_gz/share/husarion_office_gz/worlds//models/Table/thumbnails/4.png
[1.118s] -- Installing: /home/nuctella/ros2_ws/ws/install/husarion_office_gz/share/husarion_office_gz/worlds//models/Table/thumbnails/3.png
[1.118s] -- Installing: /home/nuctella/ros2_ws/ws/install/husarion_office_gz/share/husarion_office_gz/worlds//models/Table/thumbnails/2.png
[1.118s] -- Installing: /home/nuctella/ros2_ws/ws/install/husarion_office_gz/share/husarion_office_gz/worlds//models/Table/thumbnails/5.png
[1.118s] -- Installing: /home/nuctella/ros2_ws/ws/install/husarion_office_gz/share/husarion_office_gz/worlds//models/Table/thumbnails/1.png
[1.118s] -- Installing: /home/nuctella/ros2_ws/ws/install/husarion_office_gz/share/husarion_office_gz/worlds//models/Table/model.config
[1.118s] -- Installing: /home/nuctella/ros2_ws/ws/install/husarion_office_gz/share/husarion_office_gz/worlds//models/Table/model-1_2.sdf
[1.118s] -- Installing: /home/nuctella/ros2_ws/ws/install/husarion_office_gz/share/husarion_office_gz/worlds//models/Table/model-1_3.sdf
[1.118s] -- Installing: /home/nuctella/ros2_ws/ws/install/husarion_office_gz/share/husarion_office_gz/worlds//models/Table/model.sdf
[1.118s] -- Installing: /home/nuctella/ros2_ws/ws/install/husarion_office_gz/share/husarion_office_gz/worlds//models/Door
[1.118s] -- Installing: /home/nuctella/ros2_ws/ws/install/husarion_office_gz/share/husarion_office_gz/worlds//models/Door/meshes
[1.118s] -- Installing: /home/nuctella/ros2_ws/ws/install/husarion_office_gz/share/husarion_office_gz/worlds//models/Door/meshes/door.stl
[1.122s] -- Installing: /home/nuctella/ros2_ws/ws/install/husarion_office_gz/share/husarion_office_gz/worlds//models/Door/model.config
[1.122s] -- Installing: /home/nuctella/ros2_ws/ws/install/husarion_office_gz/share/husarion_office_gz/worlds//models/Door/model.sdf
[1.122s] -- Installing: /home/nuctella/ros2_ws/ws/install/husarion_office_gz/share/husarion_office_gz/worlds//models/pradnicka_office_L1
[1.122s] -- Installing: /home/nuctella/ros2_ws/ws/install/husarion_office_gz/share/husarion_office_gz/worlds//models/pradnicka_office_L1/meshes
[1.122s] -- Installing: /home/nuctella/ros2_ws/ws/install/husarion_office_gz/share/husarion_office_gz/worlds//models/pradnicka_office_L1/meshes/floor_11.obj
[1.122s] -- Installing: /home/nuctella/ros2_ws/ws/install/husarion_office_gz/share/husarion_office_gz/worlds//models/pradnicka_office_L1/meshes/floor_4.obj
[1.122s] -- Installing: /home/nuctella/ros2_ws/ws/install/husarion_office_gz/share/husarion_office_gz/worlds//models/pradnicka_office_L1/meshes/floor_5.mtl
[1.122s] -- Installing: /home/nuctella/ros2_ws/ws/install/husarion_office_gz/share/husarion_office_gz/worlds//models/pradnicka_office_L1/meshes/floor_3.obj
[1.122s] -- Installing: /home/nuctella/ros2_ws/ws/install/husarion_office_gz/share/husarion_office_gz/worlds//models/pradnicka_office_L1/meshes/model.material
[1.122s] -- Installing: /home/nuctella/ros2_ws/ws/install/husarion_office_gz/share/husarion_office_gz/worlds//models/pradnicka_office_L1/meshes/floor_14.obj
[1.123s] -- Installing: /home/nuctella/ros2_ws/ws/install/husarion_office_gz/share/husarion_office_gz/worlds//models/pradnicka_office_L1/meshes/floor_8.mtl
[1.123s] -- Installing: /home/nuctella/ros2_ws/ws/install/husarion_office_gz/share/husarion_office_gz/worlds//models/pradnicka_office_L1/meshes/wood1.png
[1.123s] -- Installing: /home/nuctella/ros2_ws/ws/install/husarion_office_gz/share/husarion_office_gz/worlds//models/pradnicka_office_L1/meshes/floor_2.mtl
[1.123s] -- Installing: /home/nuctella/ros2_ws/ws/install/husarion_office_gz/share/husarion_office_gz/worlds//models/pradnicka_office_L1/meshes/white_wall.png
[1.123s] -- Installing: /home/nuctella/ros2_ws/ws/install/husarion_office_gz/share/husarion_office_gz/worlds//models/pradnicka_office_L1/meshes/floor_9.obj
[1.123s] -- Installing: /home/nuctella/ros2_ws/ws/install/husarion_office_gz/share/husarion_office_gz/worlds//models/pradnicka_office_L1/meshes/floor_7.mtl
[1.123s] -- Installing: /home/nuctella/ros2_ws/ws/install/husarion_office_gz/share/husarion_office_gz/worlds//models/pradnicka_office_L1/meshes/white_tiles.png
[1.123s] -- Installing: /home/nuctella/ros2_ws/ws/install/husarion_office_gz/share/husarion_office_gz/worlds//models/pradnicka_office_L1/meshes/black_concrete.png
[1.123s] -- Installing: /home/nuctella/ros2_ws/ws/install/husarion_office_gz/share/husarion_office_gz/worlds//models/pradnicka_office_L1/meshes/floor_11.mtl
[1.123s] -- Installing: /home/nuctella/ros2_ws/ws/install/husarion_office_gz/share/husarion_office_gz/worlds//models/pradnicka_office_L1/meshes/floor_12.obj
[1.123s] -- Installing: /home/nuctella/ros2_ws/ws/install/husarion_office_gz/share/husarion_office_gz/worlds//models/pradnicka_office_L1/meshes/floor_1.mtl
[1.123s] -- Installing: /home/nuctella/ros2_ws/ws/install/husarion_office_gz/share/husarion_office_gz/worlds//models/pradnicka_office_L1/meshes/floor_1.obj
[1.123s] -- Installing: /home/nuctella/ros2_ws/ws/install/husarion_office_gz/share/husarion_office_gz/worlds//models/pradnicka_office_L1/meshes/wall_2.obj
[1.123s] -- Installing: /home/nuctella/ros2_ws/ws/install/husarion_office_gz/share/husarion_office_gz/worlds//models/pradnicka_office_L1/meshes/white_carpet.png
[1.125s] -- Installing: /home/nuctella/ros2_ws/ws/install/husarion_office_gz/share/husarion_office_gz/worlds//models/pradnicka_office_L1/meshes/floor_5.obj
[1.125s] -- Installing: /home/nuctella/ros2_ws/ws/install/husarion_office_gz/share/husarion_office_gz/worlds//models/pradnicka_office_L1/meshes/floor_8.obj
[1.125s] -- Installing: /home/nuctella/ros2_ws/ws/install/husarion_office_gz/share/husarion_office_gz/worlds//models/pradnicka_office_L1/meshes/floor_10.mtl
[1.125s] -- Installing: /home/nuctella/ros2_ws/ws/install/husarion_office_gz/share/husarion_office_gz/worlds//models/pradnicka_office_L1/meshes/floor_10.obj
[1.125s] -- Installing: /home/nuctella/ros2_ws/ws/install/husarion_office_gz/share/husarion_office_gz/worlds//models/pradnicka_office_L1/meshes/wall_1.mtl
[1.125s] -- Installing: /home/nuctella/ros2_ws/ws/install/husarion_office_gz/share/husarion_office_gz/worlds//models/pradnicka_office_L1/meshes/floor_9.mtl
[1.125s] -- Installing: /home/nuctella/ros2_ws/ws/install/husarion_office_gz/share/husarion_office_gz/worlds//models/pradnicka_office_L1/meshes/wall_1.obj
[1.125s] -- Installing: /home/nuctella/ros2_ws/ws/install/husarion_office_gz/share/husarion_office_gz/worlds//models/pradnicka_office_L1/meshes/floor_4.mtl
[1.125s] -- Installing: /home/nuctella/ros2_ws/ws/install/husarion_office_gz/share/husarion_office_gz/worlds//models/pradnicka_office_L1/meshes/floor_3.mtl
[1.125s] -- Installing: /home/nuctella/ros2_ws/ws/install/husarion_office_gz/share/husarion_office_gz/worlds//models/pradnicka_office_L1/meshes/floor_12.mtl
[1.125s] -- Installing: /home/nuctella/ros2_ws/ws/install/husarion_office_gz/share/husarion_office_gz/worlds//models/pradnicka_office_L1/meshes/floor_13.mtl
[1.125s] -- Installing: /home/nuctella/ros2_ws/ws/install/husarion_office_gz/share/husarion_office_gz/worlds//models/pradnicka_office_L1/meshes/floor_2.obj
[1.125s] -- Installing: /home/nuctella/ros2_ws/ws/install/husarion_office_gz/share/husarion_office_gz/worlds//models/pradnicka_office_L1/meshes/floor_13.obj
[1.125s] -- Installing: /home/nuctella/ros2_ws/ws/install/husarion_office_gz/share/husarion_office_gz/worlds//models/pradnicka_office_L1/meshes/floor_7.obj
[1.126s] -- Installing: /home/nuctella/ros2_ws/ws/install/husarion_office_gz/share/husarion_office_gz/worlds//models/pradnicka_office_L1/meshes/floor_6.obj
[1.126s] -- Installing: /home/nuctella/ros2_ws/ws/install/husarion_office_gz/share/husarion_office_gz/worlds//models/pradnicka_office_L1/meshes/wall_2.mtl
[1.126s] -- Installing: /home/nuctella/ros2_ws/ws/install/husarion_office_gz/share/husarion_office_gz/worlds//models/pradnicka_office_L1/meshes/wood2.png
[1.126s] -- Installing: /home/nuctella/ros2_ws/ws/install/husarion_office_gz/share/husarion_office_gz/worlds//models/pradnicka_office_L1/meshes/floor_6.mtl
[1.126s] -- Installing: /home/nuctella/ros2_ws/ws/install/husarion_office_gz/share/husarion_office_gz/worlds//models/pradnicka_office_L1/meshes/floor_14.mtl
[1.126s] -- Installing: /home/nuctella/ros2_ws/ws/install/husarion_office_gz/share/husarion_office_gz/worlds//models/pradnicka_office_L1/model.config
[1.126s] -- Installing: /home/nuctella/ros2_ws/ws/install/husarion_office_gz/share/husarion_office_gz/worlds//models/pradnicka_office_L1/model.sdf
[1.126s] -- Installing: /home/nuctella/ros2_ws/ws/install/husarion_office_gz/share/husarion_office_gz/worlds//models/MopCart4
[1.126s] -- Installing: /home/nuctella/ros2_ws/ws/install/husarion_office_gz/share/husarion_office_gz/worlds//models/MopCart4/meshes
[1.126s] -- Installing: /home/nuctella/ros2_ws/ws/install/husarion_office_gz/share/husarion_office_gz/worlds//models/MopCart4/meshes/blue.png
[1.126s] -- Installing: /home/nuctella/ros2_ws/ws/install/husarion_office_gz/share/husarion_office_gz/worlds//models/MopCart4/meshes/MopCart4.obj
[1.126s] -- Installing: /home/nuctella/ros2_ws/ws/install/husarion_office_gz/share/husarion_office_gz/worlds//models/MopCart4/meshes/MopCart4.mtl
[1.126s] -- Installing: /home/nuctella/ros2_ws/ws/install/husarion_office_gz/share/husarion_office_gz/worlds//models/MopCart4/meshes/red.png
[1.126s] -- Installing: /home/nuctella/ros2_ws/ws/install/husarion_office_gz/share/husarion_office_gz/worlds//models/MopCart4/meshes/Cart.png
[1.127s] -- Installing: /home/nuctella/ros2_ws/ws/install/husarion_office_gz/share/husarion_office_gz/worlds//models/MopCart4/thumbnails
[1.127s] -- Installing: /home/nuctella/ros2_ws/ws/install/husarion_office_gz/share/husarion_office_gz/worlds//models/MopCart4/thumbnails/4.png
[1.127s] -- Installing: /home/nuctella/ros2_ws/ws/install/husarion_office_gz/share/husarion_office_gz/worlds//models/MopCart4/thumbnails/3.png
[1.127s] -- Installing: /home/nuctella/ros2_ws/ws/install/husarion_office_gz/share/husarion_office_gz/worlds//models/MopCart4/thumbnails/2.png
[1.127s] -- Installing: /home/nuctella/ros2_ws/ws/install/husarion_office_gz/share/husarion_office_gz/worlds//models/MopCart4/thumbnails/5.png
[1.127s] -- Installing: /home/nuctella/ros2_ws/ws/install/husarion_office_gz/share/husarion_office_gz/worlds//models/MopCart4/thumbnails/1.png
[1.127s] -- Installing: /home/nuctella/ros2_ws/ws/install/husarion_office_gz/share/husarion_office_gz/worlds//models/MopCart4/model.config
[1.127s] -- Installing: /home/nuctella/ros2_ws/ws/install/husarion_office_gz/share/husarion_office_gz/worlds//models/MopCart4/model.sdf
[1.127s] -- Installing: /home/nuctella/ros2_ws/ws/install/husarion_office_gz/share/husarion_office_gz/worlds//models/everblock_tiny_black
[1.127s] -- Installing: /home/nuctella/ros2_ws/ws/install/husarion_office_gz/share/husarion_office_gz/worlds//models/everblock_tiny_black/meshes
[1.127s] -- Installing: /home/nuctella/ros2_ws/ws/install/husarion_office_gz/share/husarion_office_gz/worlds//models/everblock_tiny_black/meshes/block.dae
[1.127s] -- Installing: /home/nuctella/ros2_ws/ws/install/husarion_office_gz/share/husarion_office_gz/worlds//models/everblock_tiny_black/materials
[1.127s] -- Installing: /home/nuctella/ros2_ws/ws/install/husarion_office_gz/share/husarion_office_gz/worlds//models/everblock_tiny_black/materials/textures
[1.127s] -- Installing: /home/nuctella/ros2_ws/ws/install/husarion_office_gz/share/husarion_office_gz/worlds//models/everblock_tiny_black/materials/textures/block.png
[1.128s] -- Installing: /home/nuctella/ros2_ws/ws/install/husarion_office_gz/share/husarion_office_gz/worlds//models/everblock_tiny_black/materials/scripts
[1.128s] -- Installing: /home/nuctella/ros2_ws/ws/install/husarion_office_gz/share/husarion_office_gz/worlds//models/everblock_tiny_black/materials/scripts/block_tiny_black.material
[1.128s] -- Installing: /home/nuctella/ros2_ws/ws/install/husarion_office_gz/share/husarion_office_gz/worlds//models/everblock_tiny_black/model.config
[1.128s] -- Installing: /home/nuctella/ros2_ws/ws/install/husarion_office_gz/share/husarion_office_gz/worlds//models/everblock_tiny_black/model.sdf
[1.128s] -- Installing: /home/nuctella/ros2_ws/ws/install/husarion_office_gz/share/husarion_office_gz/worlds//models/OfficeChairBlack
[1.128s] -- Installing: /home/nuctella/ros2_ws/ws/install/husarion_office_gz/share/husarion_office_gz/worlds//models/OfficeChairBlack/meshes
[1.128s] -- Installing: /home/nuctella/ros2_ws/ws/install/husarion_office_gz/share/husarion_office_gz/worlds//models/OfficeChairBlack/meshes/OfficeChairBlack.mtl
[1.128s] -- Installing: /home/nuctella/ros2_ws/ws/install/husarion_office_gz/share/husarion_office_gz/worlds//models/OfficeChairBlack/meshes/OfficeChairBlack.png
[1.128s] -- Installing: /home/nuctella/ros2_ws/ws/install/husarion_office_gz/share/husarion_office_gz/worlds//models/OfficeChairBlack/meshes/OfficeChairBlack_Col.obj
[1.128s] -- Installing: /home/nuctella/ros2_ws/ws/install/husarion_office_gz/share/husarion_office_gz/worlds//models/OfficeChairBlack/meshes/OfficeChairBlack.obj
[1.128s] -- Installing: /home/nuctella/ros2_ws/ws/install/husarion_office_gz/share/husarion_office_gz/worlds//models/OfficeChairBlack/meshes/OfficeChairBlack_Col.mtl
[1.128s] -- Installing: /home/nuctella/ros2_ws/ws/install/husarion_office_gz/share/husarion_office_gz/worlds//models/OfficeChairBlack/thumbnails
[1.128s] -- Installing: /home/nuctella/ros2_ws/ws/install/husarion_office_gz/share/husarion_office_gz/worlds//models/OfficeChairBlack/thumbnails/4.png
[1.128s] -- Installing: /home/nuctella/ros2_ws/ws/install/husarion_office_gz/share/husarion_office_gz/worlds//models/OfficeChairBlack/thumbnails/3.png
[1.129s] -- Installing: /home/nuctella/ros2_ws/ws/install/husarion_office_gz/share/husarion_office_gz/worlds//models/OfficeChairBlack/thumbnails/2.png
[1.129s] -- Installing: /home/nuctella/ros2_ws/ws/install/husarion_office_gz/share/husarion_office_gz/worlds//models/OfficeChairBlack/thumbnails/5.png
[1.129s] -- Installing: /home/nuctella/ros2_ws/ws/install/husarion_office_gz/share/husarion_office_gz/worlds//models/OfficeChairBlack/thumbnails/meta
[1.129s] -- Installing: /home/nuctella/ros2_ws/ws/install/husarion_office_gz/share/husarion_office_gz/worlds//models/OfficeChairBlack/thumbnails/meta/4.png
[1.129s] -- Installing: /home/nuctella/ros2_ws/ws/install/husarion_office_gz/share/husarion_office_gz/worlds//models/OfficeChairBlack/thumbnails/meta/3.png
[1.129s] -- Installing: /home/nuctella/ros2_ws/ws/install/husarion_office_gz/share/husarion_office_gz/worlds//models/OfficeChairBlack/thumbnails/meta/2.png
[1.129s] -- Installing: /home/nuctella/ros2_ws/ws/install/husarion_office_gz/share/husarion_office_gz/worlds//models/OfficeChairBlack/thumbnails/meta/5.png
[1.129s] -- Installing: /home/nuctella/ros2_ws/ws/install/husarion_office_gz/share/husarion_office_gz/worlds//models/OfficeChairBlack/thumbnails/meta/1.png
[1.129s] -- Installing: /home/nuctella/ros2_ws/ws/install/husarion_office_gz/share/husarion_office_gz/worlds//models/OfficeChairBlack/thumbnails/1.png
[1.129s] -- Installing: /home/nuctella/ros2_ws/ws/install/husarion_office_gz/share/husarion_office_gz/worlds//models/OfficeChairBlack/model.config
[1.129s] -- Installing: /home/nuctella/ros2_ws/ws/install/husarion_office_gz/share/husarion_office_gz/worlds//models/OfficeChairBlack/model.sdf
[1.129s] -- Installing: /home/nuctella/ros2_ws/ws/install/husarion_office_gz/share/husarion_office_gz/worlds//models/everblock_black
[1.129s] -- Installing: /home/nuctella/ros2_ws/ws/install/husarion_office_gz/share/husarion_office_gz/worlds//models/everblock_black/meshes
[1.130s] -- Installing: /home/nuctella/ros2_ws/ws/install/husarion_office_gz/share/husarion_office_gz/worlds//models/everblock_black/meshes/textures
[1.130s] -- Installing: /home/nuctella/ros2_ws/ws/install/husarion_office_gz/share/husarion_office_gz/worlds//models/everblock_black/meshes/textures/everblock_black_normal.png
[1.132s] -- Installing: /home/nuctella/ros2_ws/ws/install/husarion_office_gz/share/husarion_office_gz/worlds//models/everblock_black/meshes/textures/everblock_black_ao.png
[1.132s] -- Installing: /home/nuctella/ros2_ws/ws/install/husarion_office_gz/share/husarion_office_gz/worlds//models/everblock_black/meshes/textures/everblock_black_albedo.png
[1.133s] -- Installing: /home/nuctella/ros2_ws/ws/install/husarion_office_gz/share/husarion_office_gz/worlds//models/everblock_black/meshes/textures/everblock_black_roughness.png
[1.134s] -- Installing: /home/nuctella/ros2_ws/ws/install/husarion_office_gz/share/husarion_office_gz/worlds//models/everblock_black/meshes/everblock_black.blend
[1.134s] -- Installing: /home/nuctella/ros2_ws/ws/install/husarion_office_gz/share/husarion_office_gz/worlds//models/everblock_black/meshes/everblock_black.dae
[1.134s] -- Installing: /home/nuctella/ros2_ws/ws/install/husarion_office_gz/share/husarion_office_gz/worlds//models/everblock_black/model.config
[1.134s] -- Installing: /home/nuctella/ros2_ws/ws/install/husarion_office_gz/share/husarion_office_gz/worlds//models/everblock_black/model.sdf
[1.135s] -- Installing: /home/nuctella/ros2_ws/ws/install/husarion_office_gz/share/husarion_office_gz/worlds//models/TrashBin
[1.135s] -- Installing: /home/nuctella/ros2_ws/ws/install/husarion_office_gz/share/husarion_office_gz/worlds//models/TrashBin/meshes
[1.135s] -- Installing: /home/nuctella/ros2_ws/ws/install/husarion_office_gz/share/husarion_office_gz/worlds//models/TrashBin/meshes/TrashBin_Diffuse.png
[1.135s] -- Installing: /home/nuctella/ros2_ws/ws/install/husarion_office_gz/share/husarion_office_gz/worlds//models/TrashBin/meshes/TrashBin.obj
[1.135s] -- Installing: /home/nuctella/ros2_ws/ws/install/husarion_office_gz/share/husarion_office_gz/worlds//models/TrashBin/meshes/TrashBin.mtl
[1.135s] -- Installing: /home/nuctella/ros2_ws/ws/install/husarion_office_gz/share/husarion_office_gz/worlds//models/TrashBin/thumbnails
[1.135s] -- Installing: /home/nuctella/ros2_ws/ws/install/husarion_office_gz/share/husarion_office_gz/worlds//models/TrashBin/thumbnails/4.png
[1.135s] -- Installing: /home/nuctella/ros2_ws/ws/install/husarion_office_gz/share/husarion_office_gz/worlds//models/TrashBin/thumbnails/3.png
[1.135s] -- Installing: /home/nuctella/ros2_ws/ws/install/husarion_office_gz/share/husarion_office_gz/worlds//models/TrashBin/thumbnails/2.png
[1.135s] -- Installing: /home/nuctella/ros2_ws/ws/install/husarion_office_gz/share/husarion_office_gz/worlds//models/TrashBin/thumbnails/5.png
[1.135s] -- Installing: /home/nuctella/ros2_ws/ws/install/husarion_office_gz/share/husarion_office_gz/worlds//models/TrashBin/thumbnails/1.png
[1.136s] -- Installing: /home/nuctella/ros2_ws/ws/install/husarion_office_gz/share/husarion_office_gz/worlds//models/TrashBin/model.config
[1.136s] -- Installing: /home/nuctella/ros2_ws/ws/install/husarion_office_gz/share/husarion_office_gz/worlds//models/TrashBin/model.sdf
[1.136s] -- Installing: /home/nuctella/ros2_ws/ws/install/husarion_office_gz/share/husarion_office_gz/worlds//models/Kitchen
[1.136s] -- Installing: /home/nuctella/ros2_ws/ws/install/husarion_office_gz/share/husarion_office_gz/worlds//models/Kitchen/meshes
[1.136s] -- Installing: /home/nuctella/ros2_ws/ws/install/husarion_office_gz/share/husarion_office_gz/worlds//models/Kitchen/meshes/kitchen.stl
[1.137s] -- Installing: /home/nuctella/ros2_ws/ws/install/husarion_office_gz/share/husarion_office_gz/worlds//models/Kitchen/model.config
[1.137s] -- Installing: /home/nuctella/ros2_ws/ws/install/husarion_office_gz/share/husarion_office_gz/worlds//models/Kitchen/model.sdf
[1.137s] -- Installing: /home/nuctella/ros2_ws/ws/install/husarion_office_gz/share/husarion_office_gz/worlds//models/px4vision
[1.137s] -- Installing: /home/nuctella/ros2_ws/ws/install/husarion_office_gz/share/husarion_office_gz/worlds//models/px4vision/px4vision.sdf.last_generated
[1.137s] -- Installing: /home/nuctella/ros2_ws/ws/install/husarion_office_gz/share/husarion_office_gz/worlds//models/px4vision/meshes
[1.137s] -- Installing: /home/nuctella/ros2_ws/ws/install/husarion_office_gz/share/husarion_office_gz/worlds//models/px4vision/meshes/prop_ccw.stl
[1.137s] -- Installing: /home/nuctella/ros2_ws/ws/install/husarion_office_gz/share/husarion_office_gz/worlds//models/px4vision/meshes/prop_cw.stl
[1.138s] -- Installing: /home/nuctella/ros2_ws/ws/install/husarion_office_gz/share/husarion_office_gz/worlds//models/px4vision/meshes/px4vision.stl
[1.149s] -- Installing: /home/nuctella/ros2_ws/ws/install/husarion_office_gz/share/husarion_office_gz/worlds//models/px4vision/px4vision.sdf
[1.149s] -- Installing: /home/nuctella/ros2_ws/ws/install/husarion_office_gz/share/husarion_office_gz/worlds//models/px4vision/model.config
[1.149s] -- Installing: /home/nuctella/ros2_ws/ws/install/husarion_office_gz/share/husarion_office_gz/worlds//models/px4vision/px4vision.sdf.jinja
[1.149s] -- Installing: /home/nuctella/ros2_ws/ws/install/husarion_office_gz/share/husarion_office_gz/worlds//models/white_carpet.png
[1.149s] -- Installing: /home/nuctella/ros2_ws/ws/install/husarion_office_gz/share/husarion_office_gz/worlds//models/everblock_tunnel
[1.149s] -- Installing: /home/nuctella/ros2_ws/ws/install/husarion_office_gz/share/husarion_office_gz/worlds//models/everblock_tunnel/model.config
[1.149s] -- Installing: /home/nuctella/ros2_ws/ws/install/husarion_office_gz/share/husarion_office_gz/worlds//models/everblock_tunnel/model.sdf
[1.149s] -- Installing: /home/nuctella/ros2_ws/ws/install/husarion_office_gz/share/husarion_office_gz/worlds//models/wall_obstacle
[1.149s] -- Installing: /home/nuctella/ros2_ws/ws/install/husarion_office_gz/share/husarion_office_gz/worlds//models/wall_obstacle/wall_obstacle.sdf
[1.149s] -- Installing: /home/nuctella/ros2_ws/ws/install/husarion_office_gz/share/husarion_office_gz/worlds//models/wall_obstacle/model.config
[1.150s] -- Installing: /home/nuctella/ros2_ws/ws/install/husarion_office_gz/share/husarion_office_gz/worlds//models/freenove_4wd
[1.150s] -- Installing: /home/nuctella/ros2_ws/ws/install/husarion_office_gz/share/husarion_office_gz/worlds//models/freenove_4wd/freenove_4wd.sdf.jinja
[1.150s] -- Installing: /home/nuctella/ros2_ws/ws/install/husarion_office_gz/share/husarion_office_gz/worlds//models/freenove_4wd/freenove_4wd.sdf
[1.150s] -- Installing: /home/nuctella/ros2_ws/ws/install/husarion_office_gz/share/husarion_office_gz/worlds//models/freenove_4wd/model.config
[1.150s] -- Installing: /home/nuctella/ros2_ws/ws/install/husarion_office_gz/share/husarion_office_gz/worlds//models/freenove_4wd/freenove_4wd.sdf.last_generated
[1.150s] -- Installing: /home/nuctella/ros2_ws/ws/install/husarion_office_gz/share/husarion_office_gz/worlds//models/AdjTable
[1.150s] -- Installing: /home/nuctella/ros2_ws/ws/install/husarion_office_gz/share/husarion_office_gz/worlds//models/AdjTable/meshes
[1.150s] -- Installing: /home/nuctella/ros2_ws/ws/install/husarion_office_gz/share/husarion_office_gz/worlds//models/AdjTable/meshes/AdjTable.obj
[1.150s] -- Installing: /home/nuctella/ros2_ws/ws/install/husarion_office_gz/share/husarion_office_gz/worlds//models/AdjTable/meshes/AdjTable.mtl
[1.150s] -- Installing: /home/nuctella/ros2_ws/ws/install/husarion_office_gz/share/husarion_office_gz/worlds//models/AdjTable/meshes/AdjTable_Col.obj
[1.150s] -- Installing: /home/nuctella/ros2_ws/ws/install/husarion_office_gz/share/husarion_office_gz/worlds//models/AdjTable/meshes/AdjTable_Col.mtl
[1.150s] -- Installing: /home/nuctella/ros2_ws/ws/install/husarion_office_gz/share/husarion_office_gz/worlds//models/AdjTable/meshes/texture.png
[1.152s] -- Installing: /home/nuctella/ros2_ws/ws/install/husarion_office_gz/share/husarion_office_gz/worlds//models/AdjTable/thumbnails
[1.152s] -- Installing: /home/nuctella/ros2_ws/ws/install/husarion_office_gz/share/husarion_office_gz/worlds//models/AdjTable/thumbnails/4.png
[1.152s] -- Installing: /home/nuctella/ros2_ws/ws/install/husarion_office_gz/share/husarion_office_gz/worlds//models/AdjTable/thumbnails/3.png
[1.152s] -- Installing: /home/nuctella/ros2_ws/ws/install/husarion_office_gz/share/husarion_office_gz/worlds//models/AdjTable/thumbnails/2.png
[1.152s] -- Installing: /home/nuctella/ros2_ws/ws/install/husarion_office_gz/share/husarion_office_gz/worlds//models/AdjTable/thumbnails/5.png
[1.152s] -- Installing: /home/nuctella/ros2_ws/ws/install/husarion_office_gz/share/husarion_office_gz/worlds//models/AdjTable/thumbnails/1.png
[1.152s] -- Installing: /home/nuctella/ros2_ws/ws/install/husarion_office_gz/share/husarion_office_gz/worlds//models/AdjTable/model.config
[1.152s] -- Installing: /home/nuctella/ros2_ws/ws/install/husarion_office_gz/share/husarion_office_gz/worlds//models/AdjTable/model.sdf
[1.152s] -- Installing: /home/nuctella/ros2_ws/ws/install/husarion_office_gz/share/husarion_office_gz/worlds//models/everblock_green
[1.152s] -- Installing: /home/nuctella/ros2_ws/ws/install/husarion_office_gz/share/husarion_office_gz/worlds//models/everblock_green/meshes
[1.153s] -- Installing: /home/nuctella/ros2_ws/ws/install/husarion_office_gz/share/husarion_office_gz/worlds//models/everblock_green/meshes/everblock_green.dae
[1.153s] -- Installing: /home/nuctella/ros2_ws/ws/install/husarion_office_gz/share/husarion_office_gz/worlds//models/everblock_green/meshes/textures
[1.153s] -- Installing: /home/nuctella/ros2_ws/ws/install/husarion_office_gz/share/husarion_office_gz/worlds//models/everblock_green/meshes/textures/everblock_green_roughness.png
[1.153s] -- Installing: /home/nuctella/ros2_ws/ws/install/husarion_office_gz/share/husarion_office_gz/worlds//models/everblock_green/meshes/textures/everblock_green_normal.png
[1.156s] -- Installing: /home/nuctella/ros2_ws/ws/install/husarion_office_gz/share/husarion_office_gz/worlds//models/everblock_green/meshes/textures/everblock_green_albedo.png
[1.157s] -- Installing: /home/nuctella/ros2_ws/ws/install/husarion_office_gz/share/husarion_office_gz/worlds//models/everblock_green/meshes/textures/everblock_green_ao.png
[1.158s] -- Installing: /home/nuctella/ros2_ws/ws/install/husarion_office_gz/share/husarion_office_gz/worlds//models/everblock_green/meshes/everblock_green.blend
[1.158s] -- Installing: /home/nuctella/ros2_ws/ws/install/husarion_office_gz/share/husarion_office_gz/worlds//models/everblock_green/model.config
[1.158s] -- Installing: /home/nuctella/ros2_ws/ws/install/husarion_office_gz/share/husarion_office_gz/worlds//models/everblock_green/model.sdf
[1.158s] -- Installing: /home/nuctella/ros2_ws/ws/install/husarion_office_gz/share/husarion_office_gz/worlds//models/everblock_blue
[1.158s] -- Installing: /home/nuctella/ros2_ws/ws/install/husarion_office_gz/share/husarion_office_gz/worlds//models/everblock_blue/meshes
[1.158s] -- Installing: /home/nuctella/ros2_ws/ws/install/husarion_office_gz/share/husarion_office_gz/worlds//models/everblock_blue/meshes/textures
[1.158s] -- Installing: /home/nuctella/ros2_ws/ws/install/husarion_office_gz/share/husarion_office_gz/worlds//models/everblock_blue/meshes/textures/everblock_blue_roughness.png
[1.159s] -- Installing: /home/nuctella/ros2_ws/ws/install/husarion_office_gz/share/husarion_office_gz/worlds//models/everblock_blue/meshes/textures/everblock_blue_normal.png
[1.162s] -- Installing: /home/nuctella/ros2_ws/ws/install/husarion_office_gz/share/husarion_office_gz/worlds//models/everblock_blue/meshes/textures/everblock_blue_ao.png
[1.162s] -- Installing: /home/nuctella/ros2_ws/ws/install/husarion_office_gz/share/husarion_office_gz/worlds//models/everblock_blue/meshes/textures/everblock_blue_albedo.png
[1.163s] -- Installing: /home/nuctella/ros2_ws/ws/install/husarion_office_gz/share/husarion_office_gz/worlds//models/everblock_blue/meshes/everblock_blue.dae
[1.163s] -- Installing: /home/nuctella/ros2_ws/ws/install/husarion_office_gz/share/husarion_office_gz/worlds//models/everblock_blue/meshes/everblock_blue.blend
[1.164s] -- Installing: /home/nuctella/ros2_ws/ws/install/husarion_office_gz/share/husarion_office_gz/worlds//models/everblock_blue/model.config
[1.164s] -- Installing: /home/nuctella/ros2_ws/ws/install/husarion_office_gz/share/husarion_office_gz/worlds//models/everblock_blue/model.sdf
[1.164s] -- Installing: /home/nuctella/ros2_ws/ws/install/husarion_office_gz/share/husarion_office_gz/worlds//models/boundaries_outside
[1.164s] -- Installing: /home/nuctella/ros2_ws/ws/install/husarion_office_gz/share/husarion_office_gz/worlds//models/boundaries_outside/model.config
[1.164s] -- Installing: /home/nuctella/ros2_ws/ws/install/husarion_office_gz/share/husarion_office_gz/worlds//models/boundaries_outside/model.sdf
[1.164s] -- Installing: /home/nuctella/ros2_ws/ws/install/husarion_office_gz/share/husarion_office_gz/worlds//models/Tv
[1.164s] -- Installing: /home/nuctella/ros2_ws/ws/install/husarion_office_gz/share/husarion_office_gz/worlds//models/Tv/meshes
[1.164s] -- Installing: /home/nuctella/ros2_ws/ws/install/husarion_office_gz/share/husarion_office_gz/worlds//models/Tv/meshes/tv.stl
[1.164s] -- Installing: /home/nuctella/ros2_ws/ws/install/husarion_office_gz/share/husarion_office_gz/worlds//models/Tv/model.config
[1.164s] -- Installing: /home/nuctella/ros2_ws/ws/install/husarion_office_gz/share/husarion_office_gz/worlds//models/Tv/model.sdf
[1.164s] -- Installing: /home/nuctella/ros2_ws/ws/install/husarion_office_gz/share/husarion_office_gz/worlds//models/grasspatch
[1.165s] -- Installing: /home/nuctella/ros2_ws/ws/install/husarion_office_gz/share/husarion_office_gz/worlds//models/grasspatch/thumbnails
[1.165s] -- Installing: /home/nuctella/ros2_ws/ws/install/husarion_office_gz/share/husarion_office_gz/worlds//models/grasspatch/thumbnails/grasspatch.jpg
[1.165s] -- Installing: /home/nuctella/ros2_ws/ws/install/husarion_office_gz/share/husarion_office_gz/worlds//models/grasspatch/materials
[1.165s] -- Installing: /home/nuctella/ros2_ws/ws/install/husarion_office_gz/share/husarion_office_gz/worlds//models/grasspatch/materials/textures
[1.165s] -- Installing: /home/nuctella/ros2_ws/ws/install/husarion_office_gz/share/husarion_office_gz/worlds//models/grasspatch/materials/textures/grass_dry.png
[1.165s] -- Installing: /home/nuctella/ros2_ws/ws/install/husarion_office_gz/share/husarion_office_gz/worlds//models/grasspatch/materials/textures/marble.png
[1.170s] -- Installing: /home/nuctella/ros2_ws/ws/install/husarion_office_gz/share/husarion_office_gz/worlds//models/grasspatch/materials/textures/carpet.png
[1.171s] -- Installing: /home/nuctella/ros2_ws/ws/install/husarion_office_gz/share/husarion_office_gz/worlds//models/grasspatch/materials/scripts
[1.171s] -- Installing: /home/nuctella/ros2_ws/ws/install/husarion_office_gz/share/husarion_office_gz/worlds//models/grasspatch/materials/scripts/grass.material
[1.171s] -- Installing: /home/nuctella/ros2_ws/ws/install/husarion_office_gz/share/husarion_office_gz/worlds//models/grasspatch/model.config
[1.171s] -- Installing: /home/nuctella/ros2_ws/ws/install/husarion_office_gz/share/husarion_office_gz/worlds//models/grasspatch/model.sdf
[1.171s] -- Installing: /home/nuctella/ros2_ws/ws/install/husarion_office_gz/share/husarion_office_gz/worlds//models/WoodenChair
[1.171s] -- Installing: /home/nuctella/ros2_ws/ws/install/husarion_office_gz/share/husarion_office_gz/worlds//models/WoodenChair/meshes
[1.171s] -- Installing: /home/nuctella/ros2_ws/ws/install/husarion_office_gz/share/husarion_office_gz/worlds//models/WoodenChair/meshes/WoodenChair_Col.mtl
[1.171s] -- Installing: /home/nuctella/ros2_ws/ws/install/husarion_office_gz/share/husarion_office_gz/worlds//models/WoodenChair/meshes/WoodenChair_Diffuse.png
[1.171s] -- Installing: /home/nuctella/ros2_ws/ws/install/husarion_office_gz/share/husarion_office_gz/worlds//models/WoodenChair/meshes/WoodenChair.obj
[1.171s] -- Installing: /home/nuctella/ros2_ws/ws/install/husarion_office_gz/share/husarion_office_gz/worlds//models/WoodenChair/meshes/WoodenChair_Col.obj
[1.171s] -- Installing: /home/nuctella/ros2_ws/ws/install/husarion_office_gz/share/husarion_office_gz/worlds//models/WoodenChair/meshes/WoodenChair_Rough.png
[1.172s] -- Installing: /home/nuctella/ros2_ws/ws/install/husarion_office_gz/share/husarion_office_gz/worlds//models/WoodenChair/meshes/WoodenChair.mtl
[1.172s] -- Installing: /home/nuctella/ros2_ws/ws/install/husarion_office_gz/share/husarion_office_gz/worlds//models/WoodenChair/thumbnails
[1.172s] -- Installing: /home/nuctella/ros2_ws/ws/install/husarion_office_gz/share/husarion_office_gz/worlds//models/WoodenChair/thumbnails/4.png
[1.172s] -- Installing: /home/nuctella/ros2_ws/ws/install/husarion_office_gz/share/husarion_office_gz/worlds//models/WoodenChair/thumbnails/3.png
[1.172s] -- Installing: /home/nuctella/ros2_ws/ws/install/husarion_office_gz/share/husarion_office_gz/worlds//models/WoodenChair/thumbnails/2.png
[1.172s] -- Installing: /home/nuctella/ros2_ws/ws/install/husarion_office_gz/share/husarion_office_gz/worlds//models/WoodenChair/thumbnails/5.png
[1.172s] -- Installing: /home/nuctella/ros2_ws/ws/install/husarion_office_gz/share/husarion_office_gz/worlds//models/WoodenChair/thumbnails/1.png
[1.172s] -- Installing: /home/nuctella/ros2_ws/ws/install/husarion_office_gz/share/husarion_office_gz/worlds//models/WoodenChair/model.config
[1.172s] -- Installing: /home/nuctella/ros2_ws/ws/install/husarion_office_gz/share/husarion_office_gz/worlds//models/WoodenChair/model.sdf
[1.172s] -- Installing: /home/nuctella/ros2_ws/ws/install/husarion_office_gz/share/husarion_office_gz/worlds//models/DeskChair
[1.172s] -- Installing: /home/nuctella/ros2_ws/ws/install/husarion_office_gz/share/husarion_office_gz/worlds//models/DeskChair/meshes
[1.172s] -- Installing: /home/nuctella/ros2_ws/ws/install/husarion_office_gz/share/husarion_office_gz/worlds//models/DeskChair/meshes/DeskChair.obj
[1.172s] -- Installing: /home/nuctella/ros2_ws/ws/install/husarion_office_gz/share/husarion_office_gz/worlds//models/DeskChair/meshes/DeskChair.mtl
[1.172s] -- Installing: /home/nuctella/ros2_ws/ws/install/husarion_office_gz/share/husarion_office_gz/worlds//models/DeskChair/thumbnails
[1.172s] -- Installing: /home/nuctella/ros2_ws/ws/install/husarion_office_gz/share/husarion_office_gz/worlds//models/DeskChair/thumbnails/4.png
[1.172s] -- Installing: /home/nuctella/ros2_ws/ws/install/husarion_office_gz/share/husarion_office_gz/worlds//models/DeskChair/thumbnails/3.png
[1.173s] -- Installing: /home/nuctella/ros2_ws/ws/install/husarion_office_gz/share/husarion_office_gz/worlds//models/DeskChair/thumbnails/2.png
[1.173s] -- Installing: /home/nuctella/ros2_ws/ws/install/husarion_office_gz/share/husarion_office_gz/worlds//models/DeskChair/thumbnails/5.png
[1.173s] -- Installing: /home/nuctella/ros2_ws/ws/install/husarion_office_gz/share/husarion_office_gz/worlds//models/DeskChair/thumbnails/1.png
[1.173s] -- Installing: /home/nuctella/ros2_ws/ws/install/husarion_office_gz/share/husarion_office_gz/worlds//models/DeskChair/materials
[1.173s] -- Installing: /home/nuctella/ros2_ws/ws/install/husarion_office_gz/share/husarion_office_gz/worlds//models/DeskChair/materials/textures
[1.173s] -- Installing: /home/nuctella/ros2_ws/ws/install/husarion_office_gz/share/husarion_office_gz/worlds//models/DeskChair/materials/textures/DeskChair.png
[1.174s] -- Installing: /home/nuctella/ros2_ws/ws/install/husarion_office_gz/share/husarion_office_gz/worlds//models/DeskChair/model.config
[1.174s] -- Installing: /home/nuctella/ros2_ws/ws/install/husarion_office_gz/share/husarion_office_gz/worlds//models/DeskChair/model.sdf
[1.174s] -- Installing: /home/nuctella/ros2_ws/ws/install/husarion_office_gz/share/husarion_office_gz/worlds//models/everblock_yellow
[1.174s] -- Installing: /home/nuctella/ros2_ws/ws/install/husarion_office_gz/share/husarion_office_gz/worlds//models/everblock_yellow/meshes
[1.174s] -- Installing: /home/nuctella/ros2_ws/ws/install/husarion_office_gz/share/husarion_office_gz/worlds//models/everblock_yellow/meshes/textures
[1.174s] -- Installing: /home/nuctella/ros2_ws/ws/install/husarion_office_gz/share/husarion_office_gz/worlds//models/everblock_yellow/meshes/textures/everblock_yellow_normal.png
[1.177s] -- Installing: /home/nuctella/ros2_ws/ws/install/husarion_office_gz/share/husarion_office_gz/worlds//models/everblock_yellow/meshes/textures/everblock_yellow_ao.png
[1.178s] -- Installing: /home/nuctella/ros2_ws/ws/install/husarion_office_gz/share/husarion_office_gz/worlds//models/everblock_yellow/meshes/textures/everblock_yellow_roughness.png
[1.178s] -- Installing: /home/nuctella/ros2_ws/ws/install/husarion_office_gz/share/husarion_office_gz/worlds//models/everblock_yellow/meshes/textures/everblock_yellow_albedo.png
[1.179s] -- Installing: /home/nuctella/ros2_ws/ws/install/husarion_office_gz/share/husarion_office_gz/worlds//models/everblock_yellow/meshes/everblock_yellow.blend
[1.180s] -- Installing: /home/nuctella/ros2_ws/ws/install/husarion_office_gz/share/husarion_office_gz/worlds//models/everblock_yellow/meshes/everblock_yellow.dae
[1.180s] -- Installing: /home/nuctella/ros2_ws/ws/install/husarion_office_gz/share/husarion_office_gz/worlds//models/everblock_yellow/model.config
[1.180s] -- Installing: /home/nuctella/ros2_ws/ws/install/husarion_office_gz/share/husarion_office_gz/worlds//models/everblock_yellow/model.sdf
[1.180s] -- Installing: /home/nuctella/ros2_ws/ws/install/husarion_office_gz/share/husarion_office_gz/worlds//models/red_ball
[1.180s] -- Installing: /home/nuctella/ros2_ws/ws/install/husarion_office_gz/share/husarion_office_gz/worlds//models/red_ball/red_ball.sdf
[1.180s] -- Installing: /home/nuctella/ros2_ws/ws/install/husarion_office_gz/share/husarion_office_gz/worlds//models/red_ball/model.config
[1.180s] -- Installing: /home/nuctella/ros2_ws/ws/install/husarion_office_gz/share/husarion_office_gz/worlds//models/boundaries
[1.180s] -- Installing: /home/nuctella/ros2_ws/ws/install/husarion_office_gz/share/husarion_office_gz/worlds//models/boundaries/model.config
[1.180s] -- Installing: /home/nuctella/ros2_ws/ws/install/husarion_office_gz/share/husarion_office_gz/worlds//models/boundaries/model.sdf
[1.180s] -- Installing: /home/nuctella/ros2_ws/ws/install/husarion_office_gz/share/husarion_office_gz/worlds//models/WhiteCabinet
[1.180s] -- Installing: /home/nuctella/ros2_ws/ws/install/husarion_office_gz/share/husarion_office_gz/worlds//models/WhiteCabinet/meshes
[1.180s] -- Installing: /home/nuctella/ros2_ws/ws/install/husarion_office_gz/share/husarion_office_gz/worlds//models/WhiteCabinet/meshes/WhiteCabinet.obj
[1.180s] -- Installing: /home/nuctella/ros2_ws/ws/install/husarion_office_gz/share/husarion_office_gz/worlds//models/WhiteCabinet/meshes/WhiteCabinet.mtl
[1.180s] -- Installing: /home/nuctella/ros2_ws/ws/install/husarion_office_gz/share/husarion_office_gz/worlds//models/WhiteCabinet/meshes/WhiteCabinet.png
[1.180s] -- Installing: /home/nuctella/ros2_ws/ws/install/husarion_office_gz/share/husarion_office_gz/worlds//models/WhiteCabinet/thumbnails
[1.181s] -- Installing: /home/nuctella/ros2_ws/ws/install/husarion_office_gz/share/husarion_office_gz/worlds//models/WhiteCabinet/thumbnails/4.png
[1.181s] -- Installing: /home/nuctella/ros2_ws/ws/install/husarion_office_gz/share/husarion_office_gz/worlds//models/WhiteCabinet/thumbnails/3.png
[1.181s] -- Installing: /home/nuctella/ros2_ws/ws/install/husarion_office_gz/share/husarion_office_gz/worlds//models/WhiteCabinet/thumbnails/2.png
[1.181s] -- Installing: /home/nuctella/ros2_ws/ws/install/husarion_office_gz/share/husarion_office_gz/worlds//models/WhiteCabinet/thumbnails/5.png
[1.181s] -- Installing: /home/nuctella/ros2_ws/ws/install/husarion_office_gz/share/husarion_office_gz/worlds//models/WhiteCabinet/thumbnails/1.png
[1.181s] -- Installing: /home/nuctella/ros2_ws/ws/install/husarion_office_gz/share/husarion_office_gz/worlds//models/WhiteCabinet/model.config
[1.181s] -- Installing: /home/nuctella/ros2_ws/ws/install/husarion_office_gz/share/husarion_office_gz/worlds//models/WhiteCabinet/model.sdf
[1.181s] -- Installing: /home/nuctella/ros2_ws/ws/install/husarion_office_gz/share/husarion_office_gz/worlds//models/Drawer
[1.181s] -- Installing: /home/nuctella/ros2_ws/ws/install/husarion_office_gz/share/husarion_office_gz/worlds//models/Drawer/meshes
[1.181s] -- Installing: /home/nuctella/ros2_ws/ws/install/husarion_office_gz/share/husarion_office_gz/worlds//models/Drawer/meshes/Drawer.png
[1.181s] -- Installing: /home/nuctella/ros2_ws/ws/install/husarion_office_gz/share/husarion_office_gz/worlds//models/Drawer/meshes/Drawer_Col.obj
[1.181s] -- Installing: /home/nuctella/ros2_ws/ws/install/husarion_office_gz/share/husarion_office_gz/worlds//models/Drawer/meshes/Drawer.obj
[1.181s] -- Installing: /home/nuctella/ros2_ws/ws/install/husarion_office_gz/share/husarion_office_gz/worlds//models/Drawer/meshes/Drawer.mtl
[1.181s] -- Installing: /home/nuctella/ros2_ws/ws/install/husarion_office_gz/share/husarion_office_gz/worlds//models/Drawer/thumbnails
[1.181s] -- Installing: /home/nuctella/ros2_ws/ws/install/husarion_office_gz/share/husarion_office_gz/worlds//models/Drawer/thumbnails/4.png
[1.182s] -- Installing: /home/nuctella/ros2_ws/ws/install/husarion_office_gz/share/husarion_office_gz/worlds//models/Drawer/thumbnails/3.png
[1.182s] -- Installing: /home/nuctella/ros2_ws/ws/install/husarion_office_gz/share/husarion_office_gz/worlds//models/Drawer/thumbnails/2.png
[1.182s] -- Installing: /home/nuctella/ros2_ws/ws/install/husarion_office_gz/share/husarion_office_gz/worlds//models/Drawer/thumbnails/5.png
[1.182s] -- Installing: /home/nuctella/ros2_ws/ws/install/husarion_office_gz/share/husarion_office_gz/worlds//models/Drawer/thumbnails/1.png
[1.182s] -- Installing: /home/nuctella/ros2_ws/ws/install/husarion_office_gz/share/husarion_office_gz/worlds//models/Drawer/model.config
[1.182s] -- Installing: /home/nuctella/ros2_ws/ws/install/husarion_office_gz/share/husarion_office_gz/worlds//models/Drawer/model.sdf
[1.182s] -- Installing: /home/nuctella/ros2_ws/ws/install/husarion_office_gz/share/husarion_office_gz/worlds//models/WaterDispenser
[1.182s] -- Installing: /home/nuctella/ros2_ws/ws/install/husarion_office_gz/share/husarion_office_gz/worlds//models/WaterDispenser/meshes
[1.182s] -- Installing: /home/nuctella/ros2_ws/ws/install/husarion_office_gz/share/husarion_office_gz/worlds//models/WaterDispenser/meshes/WaterDispenser.dae
[1.184s] -- Installing: /home/nuctella/ros2_ws/ws/install/husarion_office_gz/share/husarion_office_gz/worlds//models/WaterDispenser/model.config
[1.184s] -- Installing: /home/nuctella/ros2_ws/ws/install/husarion_office_gz/share/husarion_office_gz/worlds//models/WaterDispenser/model.sdf
[1.184s] -- Installing: /home/nuctella/ros2_ws/ws/install/husarion_office_gz/share/husarion_office_gz/worlds//models/Laptop
[1.184s] -- Installing: /home/nuctella/ros2_ws/ws/install/husarion_office_gz/share/husarion_office_gz/worlds//models/Laptop/meshes
[1.184s] -- Installing: /home/nuctella/ros2_ws/ws/install/husarion_office_gz/share/husarion_office_gz/worlds//models/Laptop/meshes/laptop.stl
[1.189s] -- Installing: /home/nuctella/ros2_ws/ws/install/husarion_office_gz/share/husarion_office_gz/worlds//models/Laptop/model.config
[1.189s] -- Installing: /home/nuctella/ros2_ws/ws/install/husarion_office_gz/share/husarion_office_gz/worlds//models/Laptop/model.sdf
[1.189s] -- Installing: /home/nuctella/ros2_ws/ws/install/husarion_office_gz/share/husarion_office_gz/worlds//models/wood2.png
[1.190s] -- Installing: /home/nuctella/ros2_ws/ws/install/husarion_office_gz/share/husarion_office_gz/worlds//models/everblock_small_black
[1.190s] -- Installing: /home/nuctella/ros2_ws/ws/install/husarion_office_gz/share/husarion_office_gz/worlds//models/everblock_small_black/meshes
[1.190s] -- Installing: /home/nuctella/ros2_ws/ws/install/husarion_office_gz/share/husarion_office_gz/worlds//models/everblock_small_black/meshes/block.dae
[1.190s] -- Installing: /home/nuctella/ros2_ws/ws/install/husarion_office_gz/share/husarion_office_gz/worlds//models/everblock_small_black/materials
[1.190s] -- Installing: /home/nuctella/ros2_ws/ws/install/husarion_office_gz/share/husarion_office_gz/worlds//models/everblock_small_black/materials/textures
[1.190s] -- Installing: /home/nuctella/ros2_ws/ws/install/husarion_office_gz/share/husarion_office_gz/worlds//models/everblock_small_black/materials/textures/block.png
[1.190s] -- Installing: /home/nuctella/ros2_ws/ws/install/husarion_office_gz/share/husarion_office_gz/worlds//models/everblock_small_black/materials/scripts
[1.190s] -- Installing: /home/nuctella/ros2_ws/ws/install/husarion_office_gz/share/husarion_office_gz/worlds//models/everblock_small_black/materials/scripts/block_small_black.material
[1.190s] -- Installing: /home/nuctella/ros2_ws/ws/install/husarion_office_gz/share/husarion_office_gz/worlds//models/everblock_small_black/model.config
[1.190s] -- Installing: /home/nuctella/ros2_ws/ws/install/husarion_office_gz/share/husarion_office_gz/worlds//models/everblock_small_black/model.sdf
[1.191s] -- Installing: /home/nuctella/ros2_ws/ws/install/husarion_office_gz/share/husarion_office_gz/worlds//models/axial_scx10
[1.191s] -- Installing: /home/nuctella/ros2_ws/ws/install/husarion_office_gz/share/husarion_office_gz/worlds//models/axial_scx10/axial_scx10.sdf.jinja
[1.191s] -- Installing: /home/nuctella/ros2_ws/ws/install/husarion_office_gz/share/husarion_office_gz/worlds//models/axial_scx10/axial_scx10.sdf
[1.191s] -- Installing: /home/nuctella/ros2_ws/ws/install/husarion_office_gz/share/husarion_office_gz/worlds//models/axial_scx10/axial_scx10.sdf.last_generated
[1.191s] -- Installing: /home/nuctella/ros2_ws/ws/install/husarion_office_gz/share/husarion_office_gz/worlds//models/axial_scx10/model.config
[1.191s] -- Installing: /home/nuctella/ros2_ws/ws/install/husarion_office_gz/share/husarion_office_gz/worlds//models/Fridge
[1.191s] -- Installing: /home/nuctella/ros2_ws/ws/install/husarion_office_gz/share/husarion_office_gz/worlds//models/Fridge/meshes
[1.191s] -- Installing: /home/nuctella/ros2_ws/ws/install/husarion_office_gz/share/husarion_office_gz/worlds//models/Fridge/meshes/Fridge_Col.mtl
[1.191s] -- Installing: /home/nuctella/ros2_ws/ws/install/husarion_office_gz/share/husarion_office_gz/worlds//models/Fridge/meshes/Fridge.mtl
[1.191s] -- Installing: /home/nuctella/ros2_ws/ws/install/husarion_office_gz/share/husarion_office_gz/worlds//models/Fridge/meshes/Fridge.obj
[1.191s] -- Installing: /home/nuctella/ros2_ws/ws/install/husarion_office_gz/share/husarion_office_gz/worlds//models/Fridge/meshes/Fridge_Diffuse.png
[1.191s] -- Installing: /home/nuctella/ros2_ws/ws/install/husarion_office_gz/share/husarion_office_gz/worlds//models/Fridge/meshes/Fridge_Col.obj
[1.191s] -- Installing: /home/nuctella/ros2_ws/ws/install/husarion_office_gz/share/husarion_office_gz/worlds//models/Fridge/thumbnails
[1.191s] -- Installing: /home/nuctella/ros2_ws/ws/install/husarion_office_gz/share/husarion_office_gz/worlds//models/Fridge/thumbnails/4.png
[1.191s] -- Installing: /home/nuctella/ros2_ws/ws/install/husarion_office_gz/share/husarion_office_gz/worlds//models/Fridge/thumbnails/3.png
[1.191s] -- Installing: /home/nuctella/ros2_ws/ws/install/husarion_office_gz/share/husarion_office_gz/worlds//models/Fridge/thumbnails/2.png
[1.191s] -- Installing: /home/nuctella/ros2_ws/ws/install/husarion_office_gz/share/husarion_office_gz/worlds//models/Fridge/thumbnails/5.png
[1.191s] -- Installing: /home/nuctella/ros2_ws/ws/install/husarion_office_gz/share/husarion_office_gz/worlds//models/Fridge/thumbnails/1.png
[1.191s] -- Installing: /home/nuctella/ros2_ws/ws/install/husarion_office_gz/share/husarion_office_gz/worlds//models/Fridge/model.config
[1.192s] -- Installing: /home/nuctella/ros2_ws/ws/install/husarion_office_gz/share/husarion_office_gz/worlds//models/Fridge/model.sdf
[1.192s] -- Installing: /home/nuctella/ros2_ws/ws/install/husarion_office_gz/share/husarion_office_gz/worlds//husarion_office.world
[1.192s] -- Installing: /home/nuctella/ros2_ws/ws/install/husarion_office_gz/share/husarion_office_gz/worlds//stanza8x12.sdf
[1.192s] -- Installing: /home/nuctella/ros2_ws/ws/install/husarion_office_gz/share/ament_index/resource_index/package_run_dependencies/husarion_office_gz
[1.192s] -- Installing: /home/nuctella/ros2_ws/ws/install/husarion_office_gz/share/ament_index/resource_index/parent_prefix_path/husarion_office_gz
[1.192s] -- Installing: /home/nuctella/ros2_ws/ws/install/husarion_office_gz/share/husarion_office_gz/environment/ament_prefix_path.sh
[1.192s] -- Installing: /home/nuctella/ros2_ws/ws/install/husarion_office_gz/share/husarion_office_gz/environment/ament_prefix_path.dsv
[1.192s] -- Installing: /home/nuctella/ros2_ws/ws/install/husarion_office_gz/share/husarion_office_gz/environment/path.sh
[1.192s] -- Installing: /home/nuctella/ros2_ws/ws/install/husarion_office_gz/share/husarion_office_gz/environment/path.dsv
[1.192s] -- Installing: /home/nuctella/ros2_ws/ws/install/husarion_office_gz/share/husarion_office_gz/local_setup.bash
[1.192s] -- Installing: /home/nuctella/ros2_ws/ws/install/husarion_office_gz/share/husarion_office_gz/local_setup.sh
[1.193s] -- Installing: /home/nuctella/ros2_ws/ws/install/husarion_office_gz/share/husarion_office_gz/local_setup.zsh
[1.193s] -- Installing: /home/nuctella/ros2_ws/ws/install/husarion_office_gz/share/husarion_office_gz/local_setup.dsv
[1.193s] -- Installing: /home/nuctella/ros2_ws/ws/install/husarion_office_gz/share/husarion_office_gz/package.dsv
[1.193s] -- Installing: /home/nuctella/ros2_ws/ws/install/husarion_office_gz/share/ament_index/resource_index/packages/husarion_office_gz
[1.193s] -- Installing: /home/nuctella/ros2_ws/ws/install/husarion_office_gz/share/husarion_office_gz/cmake/husarion_office_gzConfig.cmake
[1.193s] -- Installing: /home/nuctella/ros2_ws/ws/install/husarion_office_gz/share/husarion_office_gz/cmake/husarion_office_gzConfig-version.cmake
[1.193s] -- Installing: /home/nuctella/ros2_ws/ws/install/husarion_office_gz/share/husarion_office_gz/package.xml
[1.195s] Invoked command in '/home/nuctella/ros2_ws/ws/build/husarion_office_gz' returned '0': CMAKE_PREFIX_PATH=${CMAKE_PREFIX_PATH}:/home/nuctella/my_ros2_ws/install/rosbot_object_recognition:/opt/ros/humble /usr/bin/cmake --install /home/nuctella/ros2_ws/ws/build/husarion_office_gz
