[0.018s] Invoking command in '/home/nuctella/ros2_ws/ws/build/husarion_office_gz': CMAKE_PREFIX_PATH=${CMAKE_PREFIX_PATH}:/home/nuctella/my_ros2_ws/install/start_with_simple_nodes_py:/home/nuctella/my_ros2_ws/install/rosbot_object_recognition:/home/nuctella/my_ros2_ws/install/publisher_and_subscriber_py:/opt/ros/humble /usr/bin/cmake --build /home/nuctella/ros2_ws/ws/build/husarion_office_gz -- -j20 -l20
[0.040s] Invoked command in '/home/nuctella/ros2_ws/ws/build/husarion_office_gz' returned '0': CMAKE_PREFIX_PATH=${CMAKE_PREFIX_PATH}:/home/nuctella/my_ros2_ws/install/start_with_simple_nodes_py:/home/nuctella/my_ros2_ws/install/rosbot_object_recognition:/home/nuctella/my_ros2_ws/install/publisher_and_subscriber_py:/opt/ros/humble /usr/bin/cmake --build /home/nuctella/ros2_ws/ws/build/husarion_office_gz -- -j20 -l20
[0.057s] Invoking command in '/home/nuctella/ros2_ws/ws/build/husarion_office_gz': CMAKE_PREFIX_PATH=${CMAKE_PREFIX_PATH}:/home/nuctella/my_ros2_ws/install/start_with_simple_nodes_py:/home/nuctella/my_ros2_ws/install/rosbot_object_recognition:/home/nuctella/my_ros2_ws/install/publisher_and_subscriber_py:/opt/ros/humble /usr/bin/cmake --install /home/nuctella/ros2_ws/ws/build/husarion_office_gz
[0.060s] -- Install configuration: ""
[0.060s] -- Execute custom install script
[0.060s] -- Up-to-date symlink: /home/nuctella/ros2_ws/ws/install/husarion_office_gz/share/husarion_office_gz/husarion_office_world.launch.py
[0.063s] -- Symlinking: /home/nuctella/ros2_ws/ws/install/husarion_office_gz/share/husarion_office_gz/worlds//custom_world.sdf
[0.068s] -- Up-to-date symlink: /home/nuctella/ros2_ws/ws/install/husarion_office_gz/share/husarion_office_gz/worlds//husarion_office.world
[0.068s] -- Up-to-date symlink: /home/nuctella/ros2_ws/ws/install/husarion_office_gz/share/husarion_office_gz/worlds//husarion_world.sdf
[0.069s] -- Up-to-date symlink: /home/nuctella/ros2_ws/ws/install/husarion_office_gz/share/husarion_office_gz/worlds//meshes/husarion_world.dae
[0.069s] -- Up-to-date symlink: /home/nuctella/ros2_ws/ws/install/husarion_office_gz/share/husarion_office_gz/worlds//models/AdjTable/meshes/AdjTable.mtl
[0.069s] -- Up-to-date symlink: /home/nuctella/ros2_ws/ws/install/husarion_office_gz/share/husarion_office_gz/worlds//models/AdjTable/meshes/AdjTable.obj
[0.069s] -- Up-to-date symlink: /home/nuctella/ros2_ws/ws/install/husarion_office_gz/share/husarion_office_gz/worlds//models/AdjTable/meshes/AdjTable_Col.mtl
[0.069s] -- Up-to-date symlink: /home/nuctella/ros2_ws/ws/install/husarion_office_gz/share/husarion_office_gz/worlds//models/AdjTable/meshes/AdjTable_Col.obj
[0.069s] -- Up-to-date symlink: /home/nuctella/ros2_ws/ws/install/husarion_office_gz/share/husarion_office_gz/worlds//models/AdjTable/meshes/texture.png
[0.069s] -- Up-to-date symlink: /home/nuctella/ros2_ws/ws/install/husarion_office_gz/share/husarion_office_gz/worlds//models/AdjTable/model.config
[0.069s] -- Up-to-date symlink: /home/nuctella/ros2_ws/ws/install/husarion_office_gz/share/husarion_office_gz/worlds//models/AdjTable/model.sdf
[0.069s] -- Up-to-date symlink: /home/nuctella/ros2_ws/ws/install/husarion_office_gz/share/husarion_office_gz/worlds//models/AdjTable/thumbnails/1.png
[0.069s] -- Up-to-date symlink: /home/nuctella/ros2_ws/ws/install/husarion_office_gz/share/husarion_office_gz/worlds//models/AdjTable/thumbnails/2.png
[0.069s] -- Up-to-date symlink: /home/nuctella/ros2_ws/ws/install/husarion_office_gz/share/husarion_office_gz/worlds//models/AdjTable/thumbnails/3.png
[0.069s] -- Up-to-date symlink: /home/nuctella/ros2_ws/ws/install/husarion_office_gz/share/husarion_office_gz/worlds//models/AdjTable/thumbnails/4.png
[0.069s] -- Up-to-date symlink: /home/nuctella/ros2_ws/ws/install/husarion_office_gz/share/husarion_office_gz/worlds//models/AdjTable/thumbnails/5.png
[0.069s] -- Up-to-date symlink: /home/nuctella/ros2_ws/ws/install/husarion_office_gz/share/husarion_office_gz/worlds//models/BathroomSink/meshes/BathroomSink.mtl
[0.069s] -- Up-to-date symlink: /home/nuctella/ros2_ws/ws/install/husarion_office_gz/share/husarion_office_gz/worlds//models/BathroomSink/meshes/BathroomSink.obj
[0.070s] -- Up-to-date symlink: /home/nuctella/ros2_ws/ws/install/husarion_office_gz/share/husarion_office_gz/worlds//models/BathroomSink/meshes/BathroomSink_Col.mtl
[0.070s] -- Up-to-date symlink: /home/nuctella/ros2_ws/ws/install/husarion_office_gz/share/husarion_office_gz/worlds//models/BathroomSink/meshes/BathroomSink_Col.obj
[0.070s] -- Up-to-date symlink: /home/nuctella/ros2_ws/ws/install/husarion_office_gz/share/husarion_office_gz/worlds//models/BathroomSink/meshes/BathroomSink_Diffuse.png
[0.070s] -- Up-to-date symlink: /home/nuctella/ros2_ws/ws/install/husarion_office_gz/share/husarion_office_gz/worlds//models/BathroomSink/meshes/BathroomSink_Metal.png
[0.070s] -- Up-to-date symlink: /home/nuctella/ros2_ws/ws/install/husarion_office_gz/share/husarion_office_gz/worlds//models/BathroomSink/meshes/BathroomSink_Rough.png
[0.070s] -- Up-to-date symlink: /home/nuctella/ros2_ws/ws/install/husarion_office_gz/share/husarion_office_gz/worlds//models/BathroomSink/model.config
[0.070s] -- Up-to-date symlink: /home/nuctella/ros2_ws/ws/install/husarion_office_gz/share/husarion_office_gz/worlds//models/BathroomSink/model.sdf
[0.070s] -- Up-to-date symlink: /home/nuctella/ros2_ws/ws/install/husarion_office_gz/share/husarion_office_gz/worlds//models/BathroomSink/thumbnails/1.png
[0.070s] -- Up-to-date symlink: /home/nuctella/ros2_ws/ws/install/husarion_office_gz/share/husarion_office_gz/worlds//models/BathroomSink/thumbnails/2.png
[0.070s] -- Up-to-date symlink: /home/nuctella/ros2_ws/ws/install/husarion_office_gz/share/husarion_office_gz/worlds//models/BathroomSink/thumbnails/3.png
[0.070s] -- Up-to-date symlink: /home/nuctella/ros2_ws/ws/install/husarion_office_gz/share/husarion_office_gz/worlds//models/BathroomSink/thumbnails/4.png
[0.070s] -- Up-to-date symlink: /home/nuctella/ros2_ws/ws/install/husarion_office_gz/share/husarion_office_gz/worlds//models/BathroomSink/thumbnails/5.png
[0.070s] -- Up-to-date symlink: /home/nuctella/ros2_ws/ws/install/husarion_office_gz/share/husarion_office_gz/worlds//models/CoffeeTable/meshes/CoffeeTable.mtl
[0.070s] -- Up-to-date symlink: /home/nuctella/ros2_ws/ws/install/husarion_office_gz/share/husarion_office_gz/worlds//models/CoffeeTable/meshes/CoffeeTable.obj
[0.070s] -- Up-to-date symlink: /home/nuctella/ros2_ws/ws/install/husarion_office_gz/share/husarion_office_gz/worlds//models/CoffeeTable/meshes/CoffeeTable_Diffuse.png
[0.070s] -- Up-to-date symlink: /home/nuctella/ros2_ws/ws/install/husarion_office_gz/share/husarion_office_gz/worlds//models/CoffeeTable/meshes/CoffeeTable_Normal.png
[0.070s] -- Up-to-date symlink: /home/nuctella/ros2_ws/ws/install/husarion_office_gz/share/husarion_office_gz/worlds//models/CoffeeTable/meshes/CoffeeTable_SpecGloss.png
[0.070s] -- Up-to-date symlink: /home/nuctella/ros2_ws/ws/install/husarion_office_gz/share/husarion_office_gz/worlds//models/CoffeeTable/model.config
[0.070s] -- Up-to-date symlink: /home/nuctella/ros2_ws/ws/install/husarion_office_gz/share/husarion_office_gz/worlds//models/CoffeeTable/model.sdf
[0.070s] -- Up-to-date symlink: /home/nuctella/ros2_ws/ws/install/husarion_office_gz/share/husarion_office_gz/worlds//models/CoffeeTable/thumbnails/1.png
[0.070s] -- Up-to-date symlink: /home/nuctella/ros2_ws/ws/install/husarion_office_gz/share/husarion_office_gz/worlds//models/CoffeeTable/thumbnails/2.png
[0.070s] -- Up-to-date symlink: /home/nuctella/ros2_ws/ws/install/husarion_office_gz/share/husarion_office_gz/worlds//models/CoffeeTable/thumbnails/3.png
[0.070s] -- Up-to-date symlink: /home/nuctella/ros2_ws/ws/install/husarion_office_gz/share/husarion_office_gz/worlds//models/CoffeeTable/thumbnails/4.png
[0.071s] -- Up-to-date symlink: /home/nuctella/ros2_ws/ws/install/husarion_office_gz/share/husarion_office_gz/worlds//models/CoffeeTable/thumbnails/5.png
[0.071s] -- Up-to-date symlink: /home/nuctella/ros2_ws/ws/install/husarion_office_gz/share/husarion_office_gz/worlds//models/ConfTable/meshes/ConfTable2.stl
[0.072s] -- Up-to-date symlink: /home/nuctella/ros2_ws/ws/install/husarion_office_gz/share/husarion_office_gz/worlds//models/ConfTable/model.config
[0.072s] -- Up-to-date symlink: /home/nuctella/ros2_ws/ws/install/husarion_office_gz/share/husarion_office_gz/worlds//models/ConfTable/model.sdf
[0.073s] -- Up-to-date symlink: /home/nuctella/ros2_ws/ws/install/husarion_office_gz/share/husarion_office_gz/worlds//models/DeskChair/materials/textures/DeskChair.png
[0.074s] -- Up-to-date symlink: /home/nuctella/ros2_ws/ws/install/husarion_office_gz/share/husarion_office_gz/worlds//models/DeskChair/meshes/DeskChair.mtl
[0.075s] -- Up-to-date symlink: /home/nuctella/ros2_ws/ws/install/husarion_office_gz/share/husarion_office_gz/worlds//models/DeskChair/meshes/DeskChair.obj
[0.075s] -- Up-to-date symlink: /home/nuctella/ros2_ws/ws/install/husarion_office_gz/share/husarion_office_gz/worlds//models/DeskChair/model.config
[0.075s] -- Up-to-date symlink: /home/nuctella/ros2_ws/ws/install/husarion_office_gz/share/husarion_office_gz/worlds//models/DeskChair/model.sdf
[0.075s] -- Up-to-date symlink: /home/nuctella/ros2_ws/ws/install/husarion_office_gz/share/husarion_office_gz/worlds//models/DeskChair/thumbnails/1.png
[0.076s] -- Up-to-date symlink: /home/nuctella/ros2_ws/ws/install/husarion_office_gz/share/husarion_office_gz/worlds//models/DeskChair/thumbnails/2.png
[0.076s] -- Up-to-date symlink: /home/nuctella/ros2_ws/ws/install/husarion_office_gz/share/husarion_office_gz/worlds//models/DeskChair/thumbnails/3.png
[0.077s] -- Up-to-date symlink: /home/nuctella/ros2_ws/ws/install/husarion_office_gz/share/husarion_office_gz/worlds//models/DeskChair/thumbnails/4.png
[0.077s] -- Up-to-date symlink: /home/nuctella/ros2_ws/ws/install/husarion_office_gz/share/husarion_office_gz/worlds//models/DeskChair/thumbnails/5.png
[0.077s] -- Up-to-date symlink: /home/nuctella/ros2_ws/ws/install/husarion_office_gz/share/husarion_office_gz/worlds//models/Door/meshes/door.stl
[0.078s] -- Up-to-date symlink: /home/nuctella/ros2_ws/ws/install/husarion_office_gz/share/husarion_office_gz/worlds//models/Door/model.config
[0.078s] -- Up-to-date symlink: /home/nuctella/ros2_ws/ws/install/husarion_office_gz/share/husarion_office_gz/worlds//models/Door/model.sdf
[0.078s] -- Up-to-date symlink: /home/nuctella/ros2_ws/ws/install/husarion_office_gz/share/husarion_office_gz/worlds//models/Drawer/meshes/Drawer.mtl
[0.078s] -- Up-to-date symlink: /home/nuctella/ros2_ws/ws/install/husarion_office_gz/share/husarion_office_gz/worlds//models/Drawer/meshes/Drawer.obj
[0.078s] -- Up-to-date symlink: /home/nuctella/ros2_ws/ws/install/husarion_office_gz/share/husarion_office_gz/worlds//models/Drawer/meshes/Drawer.png
[0.079s] -- Up-to-date symlink: /home/nuctella/ros2_ws/ws/install/husarion_office_gz/share/husarion_office_gz/worlds//models/Drawer/meshes/Drawer_Col.obj
[0.079s] -- Up-to-date symlink: /home/nuctella/ros2_ws/ws/install/husarion_office_gz/share/husarion_office_gz/worlds//models/Drawer/model.config
[0.079s] -- Up-to-date symlink: /home/nuctella/ros2_ws/ws/install/husarion_office_gz/share/husarion_office_gz/worlds//models/Drawer/model.sdf
[0.079s] -- Up-to-date symlink: /home/nuctella/ros2_ws/ws/install/husarion_office_gz/share/husarion_office_gz/worlds//models/Drawer/thumbnails/1.png
[0.079s] -- Up-to-date symlink: /home/nuctella/ros2_ws/ws/install/husarion_office_gz/share/husarion_office_gz/worlds//models/Drawer/thumbnails/2.png
[0.080s] -- Up-to-date symlink: /home/nuctella/ros2_ws/ws/install/husarion_office_gz/share/husarion_office_gz/worlds//models/Drawer/thumbnails/3.png
[0.080s] -- Up-to-date symlink: /home/nuctella/ros2_ws/ws/install/husarion_office_gz/share/husarion_office_gz/worlds//models/Drawer/thumbnails/4.png
[0.080s] -- Up-to-date symlink: /home/nuctella/ros2_ws/ws/install/husarion_office_gz/share/husarion_office_gz/worlds//models/Drawer/thumbnails/5.png
[0.080s] -- Up-to-date symlink: /home/nuctella/ros2_ws/ws/install/husarion_office_gz/share/husarion_office_gz/worlds//models/Fridge/meshes/Fridge.mtl
[0.081s] -- Up-to-date symlink: /home/nuctella/ros2_ws/ws/install/husarion_office_gz/share/husarion_office_gz/worlds//models/Fridge/meshes/Fridge.obj
[0.081s] -- Up-to-date symlink: /home/nuctella/ros2_ws/ws/install/husarion_office_gz/share/husarion_office_gz/worlds//models/Fridge/meshes/Fridge_Col.mtl
[0.081s] -- Up-to-date symlink: /home/nuctella/ros2_ws/ws/install/husarion_office_gz/share/husarion_office_gz/worlds//models/Fridge/meshes/Fridge_Col.obj
[0.082s] -- Up-to-date symlink: /home/nuctella/ros2_ws/ws/install/husarion_office_gz/share/husarion_office_gz/worlds//models/Fridge/meshes/Fridge_Diffuse.png
[0.082s] -- Up-to-date symlink: /home/nuctella/ros2_ws/ws/install/husarion_office_gz/share/husarion_office_gz/worlds//models/Fridge/model.config
[0.082s] -- Up-to-date symlink: /home/nuctella/ros2_ws/ws/install/husarion_office_gz/share/husarion_office_gz/worlds//models/Fridge/model.sdf
[0.082s] -- Up-to-date symlink: /home/nuctella/ros2_ws/ws/install/husarion_office_gz/share/husarion_office_gz/worlds//models/Fridge/thumbnails/1.png
[0.082s] -- Up-to-date symlink: /home/nuctella/ros2_ws/ws/install/husarion_office_gz/share/husarion_office_gz/worlds//models/Fridge/thumbnails/2.png
[0.083s] -- Up-to-date symlink: /home/nuctella/ros2_ws/ws/install/husarion_office_gz/share/husarion_office_gz/worlds//models/Fridge/thumbnails/3.png
[0.083s] -- Up-to-date symlink: /home/nuctella/ros2_ws/ws/install/husarion_office_gz/share/husarion_office_gz/worlds//models/Fridge/thumbnails/4.png
[0.083s] -- Up-to-date symlink: /home/nuctella/ros2_ws/ws/install/husarion_office_gz/share/husarion_office_gz/worlds//models/Fridge/thumbnails/5.png
[0.084s] -- Up-to-date symlink: /home/nuctella/ros2_ws/ws/install/husarion_office_gz/share/husarion_office_gz/worlds//models/Kitchen/meshes/kitchen.stl
[0.084s] -- Up-to-date symlink: /home/nuctella/ros2_ws/ws/install/husarion_office_gz/share/husarion_office_gz/worlds//models/Kitchen/model.config
[0.085s] -- Up-to-date symlink: /home/nuctella/ros2_ws/ws/install/husarion_office_gz/share/husarion_office_gz/worlds//models/Kitchen/model.sdf
[0.086s] -- Up-to-date symlink: /home/nuctella/ros2_ws/ws/install/husarion_office_gz/share/husarion_office_gz/worlds//models/Laptop/meshes/laptop.stl
[0.087s] -- Up-to-date symlink: /home/nuctella/ros2_ws/ws/install/husarion_office_gz/share/husarion_office_gz/worlds//models/Laptop/model.config
[0.087s] -- Up-to-date symlink: /home/nuctella/ros2_ws/ws/install/husarion_office_gz/share/husarion_office_gz/worlds//models/Laptop/model.sdf
[0.087s] -- Up-to-date symlink: /home/nuctella/ros2_ws/ws/install/husarion_office_gz/share/husarion_office_gz/worlds//models/MopCart2/meshes/BigRed.png
[0.087s] -- Up-to-date symlink: /home/nuctella/ros2_ws/ws/install/husarion_office_gz/share/husarion_office_gz/worlds//models/MopCart2/meshes/Blue.png
[0.088s] -- Up-to-date symlink: /home/nuctella/ros2_ws/ws/install/husarion_office_gz/share/husarion_office_gz/worlds//models/MopCart2/meshes/Broom.png
[0.088s] -- Up-to-date symlink: /home/nuctella/ros2_ws/ws/install/husarion_office_gz/share/husarion_office_gz/worlds//models/MopCart2/meshes/Cart2.png
[0.088s] -- Up-to-date symlink: /home/nuctella/ros2_ws/ws/install/husarion_office_gz/share/husarion_office_gz/worlds//models/MopCart2/meshes/Cloth.png
[0.088s] -- Up-to-date symlink: /home/nuctella/ros2_ws/ws/install/husarion_office_gz/share/husarion_office_gz/worlds//models/MopCart2/meshes/Duster.png
[0.088s] -- Up-to-date symlink: /home/nuctella/ros2_ws/ws/install/husarion_office_gz/share/husarion_office_gz/worlds//models/MopCart2/meshes/Mop.png
[0.088s] -- Up-to-date symlink: /home/nuctella/ros2_ws/ws/install/husarion_office_gz/share/husarion_office_gz/worlds//models/MopCart2/meshes/MopCart2.mtl
[0.088s] -- Up-to-date symlink: /home/nuctella/ros2_ws/ws/install/husarion_office_gz/share/husarion_office_gz/worlds//models/MopCart2/meshes/MopCart2.obj
[0.089s] -- Up-to-date symlink: /home/nuctella/ros2_ws/ws/install/husarion_office_gz/share/husarion_office_gz/worlds//models/MopCart2/meshes/Tongs.png
[0.089s] -- Up-to-date symlink: /home/nuctella/ros2_ws/ws/install/husarion_office_gz/share/husarion_office_gz/worlds//models/MopCart2/model.config
[0.089s] -- Up-to-date symlink: /home/nuctella/ros2_ws/ws/install/husarion_office_gz/share/husarion_office_gz/worlds//models/MopCart2/model.sdf
[0.089s] -- Up-to-date symlink: /home/nuctella/ros2_ws/ws/install/husarion_office_gz/share/husarion_office_gz/worlds//models/MopCart2/thumbnails/1.png
[0.089s] -- Up-to-date symlink: /home/nuctella/ros2_ws/ws/install/husarion_office_gz/share/husarion_office_gz/worlds//models/MopCart2/thumbnails/2.png
[0.089s] -- Up-to-date symlink: /home/nuctella/ros2_ws/ws/install/husarion_office_gz/share/husarion_office_gz/worlds//models/MopCart2/thumbnails/3.png
[0.089s] -- Up-to-date symlink: /home/nuctella/ros2_ws/ws/install/husarion_office_gz/share/husarion_office_gz/worlds//models/MopCart2/thumbnails/4.png
[0.090s] -- Up-to-date symlink: /home/nuctella/ros2_ws/ws/install/husarion_office_gz/share/husarion_office_gz/worlds//models/MopCart2/thumbnails/5.png
[0.090s] -- Up-to-date symlink: /home/nuctella/ros2_ws/ws/install/husarion_office_gz/share/husarion_office_gz/worlds//models/MopCart3/meshes/Blue.png
[0.090s] -- Up-to-date symlink: /home/nuctella/ros2_ws/ws/install/husarion_office_gz/share/husarion_office_gz/worlds//models/MopCart3/meshes/Cart.png
[0.090s] -- Up-to-date symlink: /home/nuctella/ros2_ws/ws/install/husarion_office_gz/share/husarion_office_gz/worlds//models/MopCart3/meshes/Cloth.png
[0.090s] -- Up-to-date symlink: /home/nuctella/ros2_ws/ws/install/husarion_office_gz/share/husarion_office_gz/worlds//models/MopCart3/meshes/Duster.png
[0.090s] -- Up-to-date symlink: /home/nuctella/ros2_ws/ws/install/husarion_office_gz/share/husarion_office_gz/worlds//models/MopCart3/meshes/Glove.png
[0.091s] -- Up-to-date symlink: /home/nuctella/ros2_ws/ws/install/husarion_office_gz/share/husarion_office_gz/worlds//models/MopCart3/meshes/Mop.png
[0.091s] -- Up-to-date symlink: /home/nuctella/ros2_ws/ws/install/husarion_office_gz/share/husarion_office_gz/worlds//models/MopCart3/meshes/MopCart3.mtl
[0.095s] -- Up-to-date symlink: /home/nuctella/ros2_ws/ws/install/husarion_office_gz/share/husarion_office_gz/worlds//models/MopCart3/meshes/MopCart3.obj
[0.095s] -- Up-to-date symlink: /home/nuctella/ros2_ws/ws/install/husarion_office_gz/share/husarion_office_gz/worlds//models/MopCart3/meshes/Parcel.png
[0.095s] -- Up-to-date symlink: /home/nuctella/ros2_ws/ws/install/husarion_office_gz/share/husarion_office_gz/worlds//models/MopCart3/meshes/Plastic.png
[0.096s] -- Up-to-date symlink: /home/nuctella/ros2_ws/ws/install/husarion_office_gz/share/husarion_office_gz/worlds//models/MopCart3/meshes/Red.png
[0.096s] -- Up-to-date symlink: /home/nuctella/ros2_ws/ws/install/husarion_office_gz/share/husarion_office_gz/worlds//models/MopCart3/meshes/Sign.png
[0.096s] -- Up-to-date symlink: /home/nuctella/ros2_ws/ws/install/husarion_office_gz/share/husarion_office_gz/worlds//models/MopCart3/meshes/Spray.png
[0.096s] -- Up-to-date symlink: /home/nuctella/ros2_ws/ws/install/husarion_office_gz/share/husarion_office_gz/worlds//models/MopCart3/model.config
[0.096s] -- Up-to-date symlink: /home/nuctella/ros2_ws/ws/install/husarion_office_gz/share/husarion_office_gz/worlds//models/MopCart3/model.sdf
[0.096s] -- Up-to-date symlink: /home/nuctella/ros2_ws/ws/install/husarion_office_gz/share/husarion_office_gz/worlds//models/MopCart3/thumbnails/1.png
[0.096s] -- Up-to-date symlink: /home/nuctella/ros2_ws/ws/install/husarion_office_gz/share/husarion_office_gz/worlds//models/MopCart3/thumbnails/2.png
[0.096s] -- Up-to-date symlink: /home/nuctella/ros2_ws/ws/install/husarion_office_gz/share/husarion_office_gz/worlds//models/MopCart3/thumbnails/3.png
[0.096s] -- Up-to-date symlink: /home/nuctella/ros2_ws/ws/install/husarion_office_gz/share/husarion_office_gz/worlds//models/MopCart3/thumbnails/4.png
[0.096s] -- Up-to-date symlink: /home/nuctella/ros2_ws/ws/install/husarion_office_gz/share/husarion_office_gz/worlds//models/MopCart3/thumbnails/5.png
[0.096s] -- Up-to-date symlink: /home/nuctella/ros2_ws/ws/install/husarion_office_gz/share/husarion_office_gz/worlds//models/MopCart4/meshes/Cart.png
[0.097s] -- Up-to-date symlink: /home/nuctella/ros2_ws/ws/install/husarion_office_gz/share/husarion_office_gz/worlds//models/MopCart4/meshes/MopCart4.mtl
[0.097s] -- Up-to-date symlink: /home/nuctella/ros2_ws/ws/install/husarion_office_gz/share/husarion_office_gz/worlds//models/MopCart4/meshes/MopCart4.obj
[0.097s] -- Up-to-date symlink: /home/nuctella/ros2_ws/ws/install/husarion_office_gz/share/husarion_office_gz/worlds//models/MopCart4/meshes/blue.png
[0.097s] -- Up-to-date symlink: /home/nuctella/ros2_ws/ws/install/husarion_office_gz/share/husarion_office_gz/worlds//models/MopCart4/meshes/red.png
[0.097s] -- Up-to-date symlink: /home/nuctella/ros2_ws/ws/install/husarion_office_gz/share/husarion_office_gz/worlds//models/MopCart4/model.config
[0.097s] -- Up-to-date symlink: /home/nuctella/ros2_ws/ws/install/husarion_office_gz/share/husarion_office_gz/worlds//models/MopCart4/model.sdf
[0.097s] -- Up-to-date symlink: /home/nuctella/ros2_ws/ws/install/husarion_office_gz/share/husarion_office_gz/worlds//models/MopCart4/thumbnails/1.png
[0.097s] -- Up-to-date symlink: /home/nuctella/ros2_ws/ws/install/husarion_office_gz/share/husarion_office_gz/worlds//models/MopCart4/thumbnails/2.png
[0.097s] -- Up-to-date symlink: /home/nuctella/ros2_ws/ws/install/husarion_office_gz/share/husarion_office_gz/worlds//models/MopCart4/thumbnails/3.png
[0.097s] -- Up-to-date symlink: /home/nuctella/ros2_ws/ws/install/husarion_office_gz/share/husarion_office_gz/worlds//models/MopCart4/thumbnails/4.png
[0.097s] -- Up-to-date symlink: /home/nuctella/ros2_ws/ws/install/husarion_office_gz/share/husarion_office_gz/worlds//models/MopCart4/thumbnails/5.png
[0.097s] -- Up-to-date symlink: /home/nuctella/ros2_ws/ws/install/husarion_office_gz/share/husarion_office_gz/worlds//models/OfficeChairBlack/meshes/OfficeChairBlack.mtl
[0.097s] -- Up-to-date symlink: /home/nuctella/ros2_ws/ws/install/husarion_office_gz/share/husarion_office_gz/worlds//models/OfficeChairBlack/meshes/OfficeChairBlack.obj
[0.098s] -- Up-to-date symlink: /home/nuctella/ros2_ws/ws/install/husarion_office_gz/share/husarion_office_gz/worlds//models/OfficeChairBlack/meshes/OfficeChairBlack.png
[0.098s] -- Up-to-date symlink: /home/nuctella/ros2_ws/ws/install/husarion_office_gz/share/husarion_office_gz/worlds//models/OfficeChairBlack/meshes/OfficeChairBlack_Col.mtl
[0.098s] -- Up-to-date symlink: /home/nuctella/ros2_ws/ws/install/husarion_office_gz/share/husarion_office_gz/worlds//models/OfficeChairBlack/meshes/OfficeChairBlack_Col.obj
[0.098s] -- Up-to-date symlink: /home/nuctella/ros2_ws/ws/install/husarion_office_gz/share/husarion_office_gz/worlds//models/OfficeChairBlack/model.config
[0.098s] -- Up-to-date symlink: /home/nuctella/ros2_ws/ws/install/husarion_office_gz/share/husarion_office_gz/worlds//models/OfficeChairBlack/model.sdf
[0.098s] -- Up-to-date symlink: /home/nuctella/ros2_ws/ws/install/husarion_office_gz/share/husarion_office_gz/worlds//models/OfficeChairBlack/thumbnails/1.png
[0.098s] -- Up-to-date symlink: /home/nuctella/ros2_ws/ws/install/husarion_office_gz/share/husarion_office_gz/worlds//models/OfficeChairBlack/thumbnails/2.png
[0.098s] -- Up-to-date symlink: /home/nuctella/ros2_ws/ws/install/husarion_office_gz/share/husarion_office_gz/worlds//models/OfficeChairBlack/thumbnails/3.png
[0.098s] -- Up-to-date symlink: /home/nuctella/ros2_ws/ws/install/husarion_office_gz/share/husarion_office_gz/worlds//models/OfficeChairBlack/thumbnails/4.png
[0.098s] -- Up-to-date symlink: /home/nuctella/ros2_ws/ws/install/husarion_office_gz/share/husarion_office_gz/worlds//models/OfficeChairBlack/thumbnails/5.png
[0.098s] -- Up-to-date symlink: /home/nuctella/ros2_ws/ws/install/husarion_office_gz/share/husarion_office_gz/worlds//models/OfficeChairBlack/thumbnails/meta/1.png
[0.098s] -- Up-to-date symlink: /home/nuctella/ros2_ws/ws/install/husarion_office_gz/share/husarion_office_gz/worlds//models/OfficeChairBlack/thumbnails/meta/2.png
[0.099s] -- Up-to-date symlink: /home/nuctella/ros2_ws/ws/install/husarion_office_gz/share/husarion_office_gz/worlds//models/OfficeChairBlack/thumbnails/meta/3.png
[0.099s] -- Up-to-date symlink: /home/nuctella/ros2_ws/ws/install/husarion_office_gz/share/husarion_office_gz/worlds//models/OfficeChairBlack/thumbnails/meta/4.png
[0.100s] -- Up-to-date symlink: /home/nuctella/ros2_ws/ws/install/husarion_office_gz/share/husarion_office_gz/worlds//models/OfficeChairBlack/thumbnails/meta/5.png
[0.100s] -- Up-to-date symlink: /home/nuctella/ros2_ws/ws/install/husarion_office_gz/share/husarion_office_gz/worlds//models/SquareShelf/meshes/SquareShelf.mtl
[0.100s] -- Up-to-date symlink: /home/nuctella/ros2_ws/ws/install/husarion_office_gz/share/husarion_office_gz/worlds//models/SquareShelf/meshes/SquareShelf.obj
[0.101s] -- Up-to-date symlink: /home/nuctella/ros2_ws/ws/install/husarion_office_gz/share/husarion_office_gz/worlds//models/SquareShelf/meshes/SquareShelf_Col.mtl
[0.101s] -- Up-to-date symlink: /home/nuctella/ros2_ws/ws/install/husarion_office_gz/share/husarion_office_gz/worlds//models/SquareShelf/meshes/SquareShelf_Col.obj
[0.101s] -- Up-to-date symlink: /home/nuctella/ros2_ws/ws/install/husarion_office_gz/share/husarion_office_gz/worlds//models/SquareShelf/meshes/SquareShelf_Diffuse.png
[0.101s] -- Up-to-date symlink: /home/nuctella/ros2_ws/ws/install/husarion_office_gz/share/husarion_office_gz/worlds//models/SquareShelf/model.config
[0.101s] -- Up-to-date symlink: /home/nuctella/ros2_ws/ws/install/husarion_office_gz/share/husarion_office_gz/worlds//models/SquareShelf/model.sdf
[0.101s] -- Up-to-date symlink: /home/nuctella/ros2_ws/ws/install/husarion_office_gz/share/husarion_office_gz/worlds//models/SquareShelf/thumbnails/1.png
[0.101s] -- Up-to-date symlink: /home/nuctella/ros2_ws/ws/install/husarion_office_gz/share/husarion_office_gz/worlds//models/SquareShelf/thumbnails/2.png
[0.101s] -- Up-to-date symlink: /home/nuctella/ros2_ws/ws/install/husarion_office_gz/share/husarion_office_gz/worlds//models/SquareShelf/thumbnails/3.png
[0.101s] -- Up-to-date symlink: /home/nuctella/ros2_ws/ws/install/husarion_office_gz/share/husarion_office_gz/worlds//models/SquareShelf/thumbnails/4.png
[0.102s] -- Up-to-date symlink: /home/nuctella/ros2_ws/ws/install/husarion_office_gz/share/husarion_office_gz/worlds//models/SquareShelf/thumbnails/5.png
[0.102s] -- Up-to-date symlink: /home/nuctella/ros2_ws/ws/install/husarion_office_gz/share/husarion_office_gz/worlds//models/Stairs/model.config
[0.102s] -- Up-to-date symlink: /home/nuctella/ros2_ws/ws/install/husarion_office_gz/share/husarion_office_gz/worlds//models/Stairs/model.sdf
[0.102s] -- Up-to-date symlink: /home/nuctella/ros2_ws/ws/install/husarion_office_gz/share/husarion_office_gz/worlds//models/Table/Table_Diffuse.jpg
[0.102s] -- Up-to-date symlink: /home/nuctella/ros2_ws/ws/install/husarion_office_gz/share/husarion_office_gz/worlds//models/Table/model-1_2.sdf
[0.102s] -- Up-to-date symlink: /home/nuctella/ros2_ws/ws/install/husarion_office_gz/share/husarion_office_gz/worlds//models/Table/model-1_3.sdf
[0.102s] -- Up-to-date symlink: /home/nuctella/ros2_ws/ws/install/husarion_office_gz/share/husarion_office_gz/worlds//models/Table/model-1_4.sdf
[0.102s] -- Up-to-date symlink: /home/nuctella/ros2_ws/ws/install/husarion_office_gz/share/husarion_office_gz/worlds//models/Table/model.config
[0.102s] -- Up-to-date symlink: /home/nuctella/ros2_ws/ws/install/husarion_office_gz/share/husarion_office_gz/worlds//models/Table/model.sdf
[0.102s] -- Up-to-date symlink: /home/nuctella/ros2_ws/ws/install/husarion_office_gz/share/husarion_office_gz/worlds//models/Table/thumbnails/1.png
[0.103s] -- Up-to-date symlink: /home/nuctella/ros2_ws/ws/install/husarion_office_gz/share/husarion_office_gz/worlds//models/Table/thumbnails/2.png
[0.103s] -- Up-to-date symlink: /home/nuctella/ros2_ws/ws/install/husarion_office_gz/share/husarion_office_gz/worlds//models/Table/thumbnails/3.png
[0.103s] -- Up-to-date symlink: /home/nuctella/ros2_ws/ws/install/husarion_office_gz/share/husarion_office_gz/worlds//models/Table/thumbnails/4.png
[0.103s] -- Up-to-date symlink: /home/nuctella/ros2_ws/ws/install/husarion_office_gz/share/husarion_office_gz/worlds//models/Table/thumbnails/5.png
[0.103s] -- Up-to-date symlink: /home/nuctella/ros2_ws/ws/install/husarion_office_gz/share/husarion_office_gz/worlds//models/Toilet/meshes/toilet.mtl
[0.103s] -- Up-to-date symlink: /home/nuctella/ros2_ws/ws/install/husarion_office_gz/share/husarion_office_gz/worlds//models/Toilet/meshes/toilet.obj
[0.103s] -- Up-to-date symlink: /home/nuctella/ros2_ws/ws/install/husarion_office_gz/share/husarion_office_gz/worlds//models/Toilet/model.config
[0.103s] -- Up-to-date symlink: /home/nuctella/ros2_ws/ws/install/husarion_office_gz/share/husarion_office_gz/worlds//models/Toilet/model.sdf
[0.103s] -- Up-to-date symlink: /home/nuctella/ros2_ws/ws/install/husarion_office_gz/share/husarion_office_gz/worlds//models/Toilet/thumbnails/1.png
[0.103s] -- Up-to-date symlink: /home/nuctella/ros2_ws/ws/install/husarion_office_gz/share/husarion_office_gz/worlds//models/Toilet/thumbnails/2.png
[0.103s] -- Up-to-date symlink: /home/nuctella/ros2_ws/ws/install/husarion_office_gz/share/husarion_office_gz/worlds//models/Toilet/thumbnails/3.png
[0.103s] -- Up-to-date symlink: /home/nuctella/ros2_ws/ws/install/husarion_office_gz/share/husarion_office_gz/worlds//models/Toilet/thumbnails/4.png
[0.103s] -- Up-to-date symlink: /home/nuctella/ros2_ws/ws/install/husarion_office_gz/share/husarion_office_gz/worlds//models/Toilet/thumbnails/5.png
[0.103s] -- Up-to-date symlink: /home/nuctella/ros2_ws/ws/install/husarion_office_gz/share/husarion_office_gz/worlds//models/TrashBin/meshes/TrashBin.mtl
[0.103s] -- Up-to-date symlink: /home/nuctella/ros2_ws/ws/install/husarion_office_gz/share/husarion_office_gz/worlds//models/TrashBin/meshes/TrashBin.obj
[0.103s] -- Up-to-date symlink: /home/nuctella/ros2_ws/ws/install/husarion_office_gz/share/husarion_office_gz/worlds//models/TrashBin/meshes/TrashBin_Diffuse.png
[0.103s] -- Up-to-date symlink: /home/nuctella/ros2_ws/ws/install/husarion_office_gz/share/husarion_office_gz/worlds//models/TrashBin/model.config
[0.103s] -- Up-to-date symlink: /home/nuctella/ros2_ws/ws/install/husarion_office_gz/share/husarion_office_gz/worlds//models/TrashBin/model.sdf
[0.103s] -- Up-to-date symlink: /home/nuctella/ros2_ws/ws/install/husarion_office_gz/share/husarion_office_gz/worlds//models/TrashBin/thumbnails/1.png
[0.103s] -- Up-to-date symlink: /home/nuctella/ros2_ws/ws/install/husarion_office_gz/share/husarion_office_gz/worlds//models/TrashBin/thumbnails/2.png
[0.103s] -- Up-to-date symlink: /home/nuctella/ros2_ws/ws/install/husarion_office_gz/share/husarion_office_gz/worlds//models/TrashBin/thumbnails/3.png
[0.103s] -- Up-to-date symlink: /home/nuctella/ros2_ws/ws/install/husarion_office_gz/share/husarion_office_gz/worlds//models/TrashBin/thumbnails/4.png
[0.103s] -- Up-to-date symlink: /home/nuctella/ros2_ws/ws/install/husarion_office_gz/share/husarion_office_gz/worlds//models/TrashBin/thumbnails/5.png
[0.103s] -- Up-to-date symlink: /home/nuctella/ros2_ws/ws/install/husarion_office_gz/share/husarion_office_gz/worlds//models/Tv/meshes/tv.stl
[0.103s] -- Up-to-date symlink: /home/nuctella/ros2_ws/ws/install/husarion_office_gz/share/husarion_office_gz/worlds//models/Tv/model.config
[0.103s] -- Up-to-date symlink: /home/nuctella/ros2_ws/ws/install/husarion_office_gz/share/husarion_office_gz/worlds//models/Tv/model.sdf
[0.103s] -- Up-to-date symlink: /home/nuctella/ros2_ws/ws/install/husarion_office_gz/share/husarion_office_gz/worlds//models/WaterDispenser/meshes/WaterDispenser.dae
[0.103s] -- Up-to-date symlink: /home/nuctella/ros2_ws/ws/install/husarion_office_gz/share/husarion_office_gz/worlds//models/WaterDispenser/model.config
[0.103s] -- Up-to-date symlink: /home/nuctella/ros2_ws/ws/install/husarion_office_gz/share/husarion_office_gz/worlds//models/WaterDispenser/model.sdf
[0.103s] -- Up-to-date symlink: /home/nuctella/ros2_ws/ws/install/husarion_office_gz/share/husarion_office_gz/worlds//models/WhiteCabinet/meshes/WhiteCabinet.mtl
[0.104s] -- Up-to-date symlink: /home/nuctella/ros2_ws/ws/install/husarion_office_gz/share/husarion_office_gz/worlds//models/WhiteCabinet/meshes/WhiteCabinet.obj
[0.104s] -- Up-to-date symlink: /home/nuctella/ros2_ws/ws/install/husarion_office_gz/share/husarion_office_gz/worlds//models/WhiteCabinet/meshes/WhiteCabinet.png
[0.104s] -- Up-to-date symlink: /home/nuctella/ros2_ws/ws/install/husarion_office_gz/share/husarion_office_gz/worlds//models/WhiteCabinet/model.config
[0.104s] -- Up-to-date symlink: /home/nuctella/ros2_ws/ws/install/husarion_office_gz/share/husarion_office_gz/worlds//models/WhiteCabinet/model.sdf
[0.104s] -- Up-to-date symlink: /home/nuctella/ros2_ws/ws/install/husarion_office_gz/share/husarion_office_gz/worlds//models/WhiteCabinet/thumbnails/1.png
[0.104s] -- Up-to-date symlink: /home/nuctella/ros2_ws/ws/install/husarion_office_gz/share/husarion_office_gz/worlds//models/WhiteCabinet/thumbnails/2.png
[0.104s] -- Up-to-date symlink: /home/nuctella/ros2_ws/ws/install/husarion_office_gz/share/husarion_office_gz/worlds//models/WhiteCabinet/thumbnails/3.png
[0.104s] -- Up-to-date symlink: /home/nuctella/ros2_ws/ws/install/husarion_office_gz/share/husarion_office_gz/worlds//models/WhiteCabinet/thumbnails/4.png
[0.104s] -- Up-to-date symlink: /home/nuctella/ros2_ws/ws/install/husarion_office_gz/share/husarion_office_gz/worlds//models/WhiteCabinet/thumbnails/5.png
[0.104s] -- Up-to-date symlink: /home/nuctella/ros2_ws/ws/install/husarion_office_gz/share/husarion_office_gz/worlds//models/WoodenChair/meshes/WoodenChair.mtl
[0.104s] -- Up-to-date symlink: /home/nuctella/ros2_ws/ws/install/husarion_office_gz/share/husarion_office_gz/worlds//models/WoodenChair/meshes/WoodenChair.obj
[0.104s] -- Up-to-date symlink: /home/nuctella/ros2_ws/ws/install/husarion_office_gz/share/husarion_office_gz/worlds//models/WoodenChair/meshes/WoodenChair_Col.mtl
[0.104s] -- Up-to-date symlink: /home/nuctella/ros2_ws/ws/install/husarion_office_gz/share/husarion_office_gz/worlds//models/WoodenChair/meshes/WoodenChair_Col.obj
[0.104s] -- Up-to-date symlink: /home/nuctella/ros2_ws/ws/install/husarion_office_gz/share/husarion_office_gz/worlds//models/WoodenChair/meshes/WoodenChair_Diffuse.png
[0.104s] -- Up-to-date symlink: /home/nuctella/ros2_ws/ws/install/husarion_office_gz/share/husarion_office_gz/worlds//models/WoodenChair/meshes/WoodenChair_Rough.png
[0.104s] -- Up-to-date symlink: /home/nuctella/ros2_ws/ws/install/husarion_office_gz/share/husarion_office_gz/worlds//models/WoodenChair/model.config
[0.104s] -- Up-to-date symlink: /home/nuctella/ros2_ws/ws/install/husarion_office_gz/share/husarion_office_gz/worlds//models/WoodenChair/model.sdf
[0.104s] -- Up-to-date symlink: /home/nuctella/ros2_ws/ws/install/husarion_office_gz/share/husarion_office_gz/worlds//models/WoodenChair/thumbnails/1.png
[0.104s] -- Up-to-date symlink: /home/nuctella/ros2_ws/ws/install/husarion_office_gz/share/husarion_office_gz/worlds//models/WoodenChair/thumbnails/2.png
[0.104s] -- Up-to-date symlink: /home/nuctella/ros2_ws/ws/install/husarion_office_gz/share/husarion_office_gz/worlds//models/WoodenChair/thumbnails/3.png
[0.104s] -- Up-to-date symlink: /home/nuctella/ros2_ws/ws/install/husarion_office_gz/share/husarion_office_gz/worlds//models/WoodenChair/thumbnails/4.png
[0.104s] -- Up-to-date symlink: /home/nuctella/ros2_ws/ws/install/husarion_office_gz/share/husarion_office_gz/worlds//models/WoodenChair/thumbnails/5.png
[0.104s] -- Up-to-date symlink: /home/nuctella/ros2_ws/ws/install/husarion_office_gz/share/husarion_office_gz/worlds//models/axial_scx10/axial_scx10.sdf
[0.104s] -- Up-to-date symlink: /home/nuctella/ros2_ws/ws/install/husarion_office_gz/share/husarion_office_gz/worlds//models/axial_scx10/axial_scx10.sdf.jinja
[0.104s] -- Up-to-date symlink: /home/nuctella/ros2_ws/ws/install/husarion_office_gz/share/husarion_office_gz/worlds//models/axial_scx10/axial_scx10.sdf.last_generated
[0.104s] -- Up-to-date symlink: /home/nuctella/ros2_ws/ws/install/husarion_office_gz/share/husarion_office_gz/worlds//models/axial_scx10/model.config
[0.104s] -- Up-to-date symlink: /home/nuctella/ros2_ws/ws/install/husarion_office_gz/share/husarion_office_gz/worlds//models/boundaries/model.config
[0.104s] -- Up-to-date symlink: /home/nuctella/ros2_ws/ws/install/husarion_office_gz/share/husarion_office_gz/worlds//models/boundaries/model.sdf
[0.104s] -- Up-to-date symlink: /home/nuctella/ros2_ws/ws/install/husarion_office_gz/share/husarion_office_gz/worlds//models/boundaries_outside/model.config
[0.104s] -- Up-to-date symlink: /home/nuctella/ros2_ws/ws/install/husarion_office_gz/share/husarion_office_gz/worlds//models/boundaries_outside/model.sdf
[0.104s] -- Up-to-date symlink: /home/nuctella/ros2_ws/ws/install/husarion_office_gz/share/husarion_office_gz/worlds//models/everblock_black/meshes/everblock_black.blend
[0.104s] -- Up-to-date symlink: /home/nuctella/ros2_ws/ws/install/husarion_office_gz/share/husarion_office_gz/worlds//models/everblock_black/meshes/everblock_black.dae
[0.104s] -- Up-to-date symlink: /home/nuctella/ros2_ws/ws/install/husarion_office_gz/share/husarion_office_gz/worlds//models/everblock_black/meshes/textures/everblock_black_albedo.png
[0.104s] -- Up-to-date symlink: /home/nuctella/ros2_ws/ws/install/husarion_office_gz/share/husarion_office_gz/worlds//models/everblock_black/meshes/textures/everblock_black_ao.png
[0.105s] -- Up-to-date symlink: /home/nuctella/ros2_ws/ws/install/husarion_office_gz/share/husarion_office_gz/worlds//models/everblock_black/meshes/textures/everblock_black_normal.png
[0.105s] -- Up-to-date symlink: /home/nuctella/ros2_ws/ws/install/husarion_office_gz/share/husarion_office_gz/worlds//models/everblock_black/meshes/textures/everblock_black_roughness.png
[0.105s] -- Up-to-date symlink: /home/nuctella/ros2_ws/ws/install/husarion_office_gz/share/husarion_office_gz/worlds//models/everblock_black/model.config
[0.105s] -- Up-to-date symlink: /home/nuctella/ros2_ws/ws/install/husarion_office_gz/share/husarion_office_gz/worlds//models/everblock_black/model.sdf
[0.105s] -- Up-to-date symlink: /home/nuctella/ros2_ws/ws/install/husarion_office_gz/share/husarion_office_gz/worlds//models/everblock_blue/meshes/everblock_blue.blend
[0.105s] -- Up-to-date symlink: /home/nuctella/ros2_ws/ws/install/husarion_office_gz/share/husarion_office_gz/worlds//models/everblock_blue/meshes/everblock_blue.dae
[0.105s] -- Up-to-date symlink: /home/nuctella/ros2_ws/ws/install/husarion_office_gz/share/husarion_office_gz/worlds//models/everblock_blue/meshes/textures/everblock_blue_albedo.png
[0.105s] -- Up-to-date symlink: /home/nuctella/ros2_ws/ws/install/husarion_office_gz/share/husarion_office_gz/worlds//models/everblock_blue/meshes/textures/everblock_blue_ao.png
[0.105s] -- Up-to-date symlink: /home/nuctella/ros2_ws/ws/install/husarion_office_gz/share/husarion_office_gz/worlds//models/everblock_blue/meshes/textures/everblock_blue_normal.png
[0.105s] -- Up-to-date symlink: /home/nuctella/ros2_ws/ws/install/husarion_office_gz/share/husarion_office_gz/worlds//models/everblock_blue/meshes/textures/everblock_blue_roughness.png
[0.105s] -- Up-to-date symlink: /home/nuctella/ros2_ws/ws/install/husarion_office_gz/share/husarion_office_gz/worlds//models/everblock_blue/model.config
[0.105s] -- Up-to-date symlink: /home/nuctella/ros2_ws/ws/install/husarion_office_gz/share/husarion_office_gz/worlds//models/everblock_blue/model.sdf
[0.105s] -- Up-to-date symlink: /home/nuctella/ros2_ws/ws/install/husarion_office_gz/share/husarion_office_gz/worlds//models/everblock_green/meshes/everblock_green.blend
[0.105s] -- Up-to-date symlink: /home/nuctella/ros2_ws/ws/install/husarion_office_gz/share/husarion_office_gz/worlds//models/everblock_green/meshes/everblock_green.dae
[0.105s] -- Up-to-date symlink: /home/nuctella/ros2_ws/ws/install/husarion_office_gz/share/husarion_office_gz/worlds//models/everblock_green/meshes/textures/everblock_green_albedo.png
[0.105s] -- Up-to-date symlink: /home/nuctella/ros2_ws/ws/install/husarion_office_gz/share/husarion_office_gz/worlds//models/everblock_green/meshes/textures/everblock_green_ao.png
[0.105s] -- Up-to-date symlink: /home/nuctella/ros2_ws/ws/install/husarion_office_gz/share/husarion_office_gz/worlds//models/everblock_green/meshes/textures/everblock_green_normal.png
[0.105s] -- Up-to-date symlink: /home/nuctella/ros2_ws/ws/install/husarion_office_gz/share/husarion_office_gz/worlds//models/everblock_green/meshes/textures/everblock_green_roughness.png
[0.106s] -- Up-to-date symlink: /home/nuctella/ros2_ws/ws/install/husarion_office_gz/share/husarion_office_gz/worlds//models/everblock_green/model.config
[0.106s] -- Up-to-date symlink: /home/nuctella/ros2_ws/ws/install/husarion_office_gz/share/husarion_office_gz/worlds//models/everblock_green/model.sdf
[0.106s] -- Up-to-date symlink: /home/nuctella/ros2_ws/ws/install/husarion_office_gz/share/husarion_office_gz/worlds//models/everblock_grey/meshes/everblock_grey.blend
[0.106s] -- Up-to-date symlink: /home/nuctella/ros2_ws/ws/install/husarion_office_gz/share/husarion_office_gz/worlds//models/everblock_grey/meshes/everblock_grey.dae
[0.106s] -- Up-to-date symlink: /home/nuctella/ros2_ws/ws/install/husarion_office_gz/share/husarion_office_gz/worlds//models/everblock_grey/meshes/textures/everblock_grey_albedo.png
[0.106s] -- Up-to-date symlink: /home/nuctella/ros2_ws/ws/install/husarion_office_gz/share/husarion_office_gz/worlds//models/everblock_grey/meshes/textures/everblock_grey_ao.png
[0.106s] -- Up-to-date symlink: /home/nuctella/ros2_ws/ws/install/husarion_office_gz/share/husarion_office_gz/worlds//models/everblock_grey/meshes/textures/everblock_grey_normal.png
[0.106s] -- Up-to-date symlink: /home/nuctella/ros2_ws/ws/install/husarion_office_gz/share/husarion_office_gz/worlds//models/everblock_grey/meshes/textures/everblock_grey_roughness.png
[0.106s] -- Up-to-date symlink: /home/nuctella/ros2_ws/ws/install/husarion_office_gz/share/husarion_office_gz/worlds//models/everblock_grey/model.config
[0.107s] -- Up-to-date symlink: /home/nuctella/ros2_ws/ws/install/husarion_office_gz/share/husarion_office_gz/worlds//models/everblock_grey/model.sdf
[0.107s] -- Up-to-date symlink: /home/nuctella/ros2_ws/ws/install/husarion_office_gz/share/husarion_office_gz/worlds//models/everblock_high_green/meshes/everblock_green.blend
[0.107s] -- Up-to-date symlink: /home/nuctella/ros2_ws/ws/install/husarion_office_gz/share/husarion_office_gz/worlds//models/everblock_high_green/meshes/everblock_green.dae
[0.107s] -- Up-to-date symlink: /home/nuctella/ros2_ws/ws/install/husarion_office_gz/share/husarion_office_gz/worlds//models/everblock_high_green/meshes/textures/everblock_green_albedo.png
[0.107s] -- Up-to-date symlink: /home/nuctella/ros2_ws/ws/install/husarion_office_gz/share/husarion_office_gz/worlds//models/everblock_high_green/meshes/textures/everblock_green_ao.png
[0.107s] -- Up-to-date symlink: /home/nuctella/ros2_ws/ws/install/husarion_office_gz/share/husarion_office_gz/worlds//models/everblock_high_green/meshes/textures/everblock_green_normal.png
[0.107s] -- Up-to-date symlink: /home/nuctella/ros2_ws/ws/install/husarion_office_gz/share/husarion_office_gz/worlds//models/everblock_high_green/meshes/textures/everblock_green_roughness.png
[0.107s] -- Up-to-date symlink: /home/nuctella/ros2_ws/ws/install/husarion_office_gz/share/husarion_office_gz/worlds//models/everblock_high_green/model.config
[0.107s] -- Up-to-date symlink: /home/nuctella/ros2_ws/ws/install/husarion_office_gz/share/husarion_office_gz/worlds//models/everblock_high_green/model.sdf
[0.107s] -- Up-to-date symlink: /home/nuctella/ros2_ws/ws/install/husarion_office_gz/share/husarion_office_gz/worlds//models/everblock_red/materials/scripts/block_red.material
[0.107s] -- Up-to-date symlink: /home/nuctella/ros2_ws/ws/install/husarion_office_gz/share/husarion_office_gz/worlds//models/everblock_red/materials/textures/block.png
[0.107s] -- Up-to-date symlink: /home/nuctella/ros2_ws/ws/install/husarion_office_gz/share/husarion_office_gz/worlds//models/everblock_red/meshes/everblock_red.blend
[0.107s] -- Up-to-date symlink: /home/nuctella/ros2_ws/ws/install/husarion_office_gz/share/husarion_office_gz/worlds//models/everblock_red/meshes/everblock_red.dae
[0.107s] -- Up-to-date symlink: /home/nuctella/ros2_ws/ws/install/husarion_office_gz/share/husarion_office_gz/worlds//models/everblock_red/meshes/textures/everblock_red_albedo.png
[0.107s] -- Up-to-date symlink: /home/nuctella/ros2_ws/ws/install/husarion_office_gz/share/husarion_office_gz/worlds//models/everblock_red/meshes/textures/everblock_red_ao.png
[0.107s] -- Up-to-date symlink: /home/nuctella/ros2_ws/ws/install/husarion_office_gz/share/husarion_office_gz/worlds//models/everblock_red/meshes/textures/everblock_red_normal.png
[0.107s] -- Up-to-date symlink: /home/nuctella/ros2_ws/ws/install/husarion_office_gz/share/husarion_office_gz/worlds//models/everblock_red/meshes/textures/everblock_red_roughness.png
[0.107s] -- Up-to-date symlink: /home/nuctella/ros2_ws/ws/install/husarion_office_gz/share/husarion_office_gz/worlds//models/everblock_red/model.config
[0.107s] -- Up-to-date symlink: /home/nuctella/ros2_ws/ws/install/husarion_office_gz/share/husarion_office_gz/worlds//models/everblock_red/model.sdf
[0.107s] -- Up-to-date symlink: /home/nuctella/ros2_ws/ws/install/husarion_office_gz/share/husarion_office_gz/worlds//models/everblock_small_black/materials/scripts/block_small_black.material
[0.108s] -- Up-to-date symlink: /home/nuctella/ros2_ws/ws/install/husarion_office_gz/share/husarion_office_gz/worlds//models/everblock_small_black/materials/textures/block.png
[0.108s] -- Up-to-date symlink: /home/nuctella/ros2_ws/ws/install/husarion_office_gz/share/husarion_office_gz/worlds//models/everblock_small_black/meshes/block.dae
[0.108s] -- Up-to-date symlink: /home/nuctella/ros2_ws/ws/install/husarion_office_gz/share/husarion_office_gz/worlds//models/everblock_small_black/model.config
[0.108s] -- Up-to-date symlink: /home/nuctella/ros2_ws/ws/install/husarion_office_gz/share/husarion_office_gz/worlds//models/everblock_small_black/model.sdf
[0.108s] -- Up-to-date symlink: /home/nuctella/ros2_ws/ws/install/husarion_office_gz/share/husarion_office_gz/worlds//models/everblock_small_tunnel/model.config
[0.108s] -- Up-to-date symlink: /home/nuctella/ros2_ws/ws/install/husarion_office_gz/share/husarion_office_gz/worlds//models/everblock_small_tunnel/model.sdf
[0.108s] -- Up-to-date symlink: /home/nuctella/ros2_ws/ws/install/husarion_office_gz/share/husarion_office_gz/worlds//models/everblock_tiny_black/materials/scripts/block_tiny_black.material
[0.108s] -- Up-to-date symlink: /home/nuctella/ros2_ws/ws/install/husarion_office_gz/share/husarion_office_gz/worlds//models/everblock_tiny_black/materials/textures/block.png
[0.108s] -- Up-to-date symlink: /home/nuctella/ros2_ws/ws/install/husarion_office_gz/share/husarion_office_gz/worlds//models/everblock_tiny_black/meshes/block.dae
[0.108s] -- Up-to-date symlink: /home/nuctella/ros2_ws/ws/install/husarion_office_gz/share/husarion_office_gz/worlds//models/everblock_tiny_black/model.config
[0.108s] -- Up-to-date symlink: /home/nuctella/ros2_ws/ws/install/husarion_office_gz/share/husarion_office_gz/worlds//models/everblock_tiny_black/model.sdf
[0.108s] -- Up-to-date symlink: /home/nuctella/ros2_ws/ws/install/husarion_office_gz/share/husarion_office_gz/worlds//models/everblock_tunnel/model.config
[0.108s] -- Up-to-date symlink: /home/nuctella/ros2_ws/ws/install/husarion_office_gz/share/husarion_office_gz/worlds//models/everblock_tunnel/model.sdf
[0.108s] -- Up-to-date symlink: /home/nuctella/ros2_ws/ws/install/husarion_office_gz/share/husarion_office_gz/worlds//models/everblock_white/meshes/everblock_white.blend
[0.108s] -- Up-to-date symlink: /home/nuctella/ros2_ws/ws/install/husarion_office_gz/share/husarion_office_gz/worlds//models/everblock_white/meshes/everblock_white.dae
[0.108s] -- Up-to-date symlink: /home/nuctella/ros2_ws/ws/install/husarion_office_gz/share/husarion_office_gz/worlds//models/everblock_white/meshes/textures/everblock_white_albedo.png
[0.108s] -- Up-to-date symlink: /home/nuctella/ros2_ws/ws/install/husarion_office_gz/share/husarion_office_gz/worlds//models/everblock_white/meshes/textures/everblock_white_ao.png
[0.108s] -- Up-to-date symlink: /home/nuctella/ros2_ws/ws/install/husarion_office_gz/share/husarion_office_gz/worlds//models/everblock_white/meshes/textures/everblock_white_normal.png
[0.108s] -- Up-to-date symlink: /home/nuctella/ros2_ws/ws/install/husarion_office_gz/share/husarion_office_gz/worlds//models/everblock_white/meshes/textures/everblock_white_roughness.png
[0.108s] -- Up-to-date symlink: /home/nuctella/ros2_ws/ws/install/husarion_office_gz/share/husarion_office_gz/worlds//models/everblock_white/model.config
[0.108s] -- Up-to-date symlink: /home/nuctella/ros2_ws/ws/install/husarion_office_gz/share/husarion_office_gz/worlds//models/everblock_white/model.sdf
[0.108s] -- Up-to-date symlink: /home/nuctella/ros2_ws/ws/install/husarion_office_gz/share/husarion_office_gz/worlds//models/everblock_yellow/meshes/everblock_yellow.blend
[0.108s] -- Up-to-date symlink: /home/nuctella/ros2_ws/ws/install/husarion_office_gz/share/husarion_office_gz/worlds//models/everblock_yellow/meshes/everblock_yellow.dae
[0.108s] -- Up-to-date symlink: /home/nuctella/ros2_ws/ws/install/husarion_office_gz/share/husarion_office_gz/worlds//models/everblock_yellow/meshes/textures/everblock_yellow_albedo.png
[0.108s] -- Up-to-date symlink: /home/nuctella/ros2_ws/ws/install/husarion_office_gz/share/husarion_office_gz/worlds//models/everblock_yellow/meshes/textures/everblock_yellow_ao.png
[0.108s] -- Up-to-date symlink: /home/nuctella/ros2_ws/ws/install/husarion_office_gz/share/husarion_office_gz/worlds//models/everblock_yellow/meshes/textures/everblock_yellow_normal.png
[0.108s] -- Up-to-date symlink: /home/nuctella/ros2_ws/ws/install/husarion_office_gz/share/husarion_office_gz/worlds//models/everblock_yellow/meshes/textures/everblock_yellow_roughness.png
[0.109s] -- Up-to-date symlink: /home/nuctella/ros2_ws/ws/install/husarion_office_gz/share/husarion_office_gz/worlds//models/everblock_yellow/model.config
[0.109s] -- Up-to-date symlink: /home/nuctella/ros2_ws/ws/install/husarion_office_gz/share/husarion_office_gz/worlds//models/everblock_yellow/model.sdf
[0.109s] -- Up-to-date symlink: /home/nuctella/ros2_ws/ws/install/husarion_office_gz/share/husarion_office_gz/worlds//models/freenove_4wd/freenove_4wd.sdf
[0.109s] -- Up-to-date symlink: /home/nuctella/ros2_ws/ws/install/husarion_office_gz/share/husarion_office_gz/worlds//models/freenove_4wd/freenove_4wd.sdf.jinja
[0.109s] -- Up-to-date symlink: /home/nuctella/ros2_ws/ws/install/husarion_office_gz/share/husarion_office_gz/worlds//models/freenove_4wd/freenove_4wd.sdf.last_generated
[0.109s] -- Up-to-date symlink: /home/nuctella/ros2_ws/ws/install/husarion_office_gz/share/husarion_office_gz/worlds//models/freenove_4wd/model.config
[0.109s] -- Up-to-date symlink: /home/nuctella/ros2_ws/ws/install/husarion_office_gz/share/husarion_office_gz/worlds//models/grasspatch/materials/scripts/grass.material
[0.109s] -- Up-to-date symlink: /home/nuctella/ros2_ws/ws/install/husarion_office_gz/share/husarion_office_gz/worlds//models/grasspatch/materials/textures/carpet.png
[0.109s] -- Up-to-date symlink: /home/nuctella/ros2_ws/ws/install/husarion_office_gz/share/husarion_office_gz/worlds//models/grasspatch/materials/textures/grass_dry.png
[0.109s] -- Up-to-date symlink: /home/nuctella/ros2_ws/ws/install/husarion_office_gz/share/husarion_office_gz/worlds//models/grasspatch/materials/textures/marble.png
[0.109s] -- Up-to-date symlink: /home/nuctella/ros2_ws/ws/install/husarion_office_gz/share/husarion_office_gz/worlds//models/grasspatch/model.config
[0.109s] -- Up-to-date symlink: /home/nuctella/ros2_ws/ws/install/husarion_office_gz/share/husarion_office_gz/worlds//models/grasspatch/model.sdf
[0.109s] -- Up-to-date symlink: /home/nuctella/ros2_ws/ws/install/husarion_office_gz/share/husarion_office_gz/worlds//models/grasspatch/thumbnails/grasspatch.jpg
[0.109s] -- Up-to-date symlink: /home/nuctella/ros2_ws/ws/install/husarion_office_gz/share/husarion_office_gz/worlds//models/hangar_floor/hangar_floor.sdf
[0.109s] -- Up-to-date symlink: /home/nuctella/ros2_ws/ws/install/husarion_office_gz/share/husarion_office_gz/worlds//models/hangar_floor/meshes/hangar_floor.blend
[0.109s] -- Up-to-date symlink: /home/nuctella/ros2_ws/ws/install/husarion_office_gz/share/husarion_office_gz/worlds//models/hangar_floor/meshes/hangar_floor.blend1
[0.109s] -- Up-to-date symlink: /home/nuctella/ros2_ws/ws/install/husarion_office_gz/share/husarion_office_gz/worlds//models/hangar_floor/meshes/hangar_floor.dae
[0.109s] -- Up-to-date symlink: /home/nuctella/ros2_ws/ws/install/husarion_office_gz/share/husarion_office_gz/worlds//models/hangar_floor/meshes/hangar_floor11x21.dae
[0.109s] -- Up-to-date symlink: /home/nuctella/ros2_ws/ws/install/husarion_office_gz/share/husarion_office_gz/worlds//models/hangar_floor/meshes/hangar_floor_albedo.png
[0.109s] -- Up-to-date symlink: /home/nuctella/ros2_ws/ws/install/husarion_office_gz/share/husarion_office_gz/worlds//models/hangar_floor/meshes/textures/hangar_floor_albedo.png
[0.109s] -- Up-to-date symlink: /home/nuctella/ros2_ws/ws/install/husarion_office_gz/share/husarion_office_gz/worlds//models/hangar_floor/meshes/textures/hangar_floor_normal.png
[0.109s] -- Up-to-date symlink: /home/nuctella/ros2_ws/ws/install/husarion_office_gz/share/husarion_office_gz/worlds//models/hangar_floor/meshes/textures/hangar_floor_roughness.png
[0.109s] -- Up-to-date symlink: /home/nuctella/ros2_ws/ws/install/husarion_office_gz/share/husarion_office_gz/worlds//models/hangar_floor/model.config
[0.109s] -- Up-to-date symlink: /home/nuctella/ros2_ws/ws/install/husarion_office_gz/share/husarion_office_gz/worlds//models/pradnicka_office_L1/meshes/black_concrete.png
[0.110s] -- Up-to-date symlink: /home/nuctella/ros2_ws/ws/install/husarion_office_gz/share/husarion_office_gz/worlds//models/pradnicka_office_L1/meshes/floor_1.mtl
[0.110s] -- Up-to-date symlink: /home/nuctella/ros2_ws/ws/install/husarion_office_gz/share/husarion_office_gz/worlds//models/pradnicka_office_L1/meshes/floor_1.obj
[0.110s] -- Up-to-date symlink: /home/nuctella/ros2_ws/ws/install/husarion_office_gz/share/husarion_office_gz/worlds//models/pradnicka_office_L1/meshes/floor_10.mtl
[0.110s] -- Up-to-date symlink: /home/nuctella/ros2_ws/ws/install/husarion_office_gz/share/husarion_office_gz/worlds//models/pradnicka_office_L1/meshes/floor_10.obj
[0.110s] -- Up-to-date symlink: /home/nuctella/ros2_ws/ws/install/husarion_office_gz/share/husarion_office_gz/worlds//models/pradnicka_office_L1/meshes/floor_11.mtl
[0.110s] -- Up-to-date symlink: /home/nuctella/ros2_ws/ws/install/husarion_office_gz/share/husarion_office_gz/worlds//models/pradnicka_office_L1/meshes/floor_11.obj
[0.110s] -- Up-to-date symlink: /home/nuctella/ros2_ws/ws/install/husarion_office_gz/share/husarion_office_gz/worlds//models/pradnicka_office_L1/meshes/floor_12.mtl
[0.110s] -- Up-to-date symlink: /home/nuctella/ros2_ws/ws/install/husarion_office_gz/share/husarion_office_gz/worlds//models/pradnicka_office_L1/meshes/floor_12.obj
[0.110s] -- Up-to-date symlink: /home/nuctella/ros2_ws/ws/install/husarion_office_gz/share/husarion_office_gz/worlds//models/pradnicka_office_L1/meshes/floor_13.mtl
[0.110s] -- Up-to-date symlink: /home/nuctella/ros2_ws/ws/install/husarion_office_gz/share/husarion_office_gz/worlds//models/pradnicka_office_L1/meshes/floor_13.obj
[0.110s] -- Up-to-date symlink: /home/nuctella/ros2_ws/ws/install/husarion_office_gz/share/husarion_office_gz/worlds//models/pradnicka_office_L1/meshes/floor_14.mtl
[0.110s] -- Up-to-date symlink: /home/nuctella/ros2_ws/ws/install/husarion_office_gz/share/husarion_office_gz/worlds//models/pradnicka_office_L1/meshes/floor_14.obj
[0.110s] -- Up-to-date symlink: /home/nuctella/ros2_ws/ws/install/husarion_office_gz/share/husarion_office_gz/worlds//models/pradnicka_office_L1/meshes/floor_2.mtl
[0.110s] -- Up-to-date symlink: /home/nuctella/ros2_ws/ws/install/husarion_office_gz/share/husarion_office_gz/worlds//models/pradnicka_office_L1/meshes/floor_2.obj
[0.110s] -- Up-to-date symlink: /home/nuctella/ros2_ws/ws/install/husarion_office_gz/share/husarion_office_gz/worlds//models/pradnicka_office_L1/meshes/floor_3.mtl
[0.110s] -- Up-to-date symlink: /home/nuctella/ros2_ws/ws/install/husarion_office_gz/share/husarion_office_gz/worlds//models/pradnicka_office_L1/meshes/floor_3.obj
[0.110s] -- Up-to-date symlink: /home/nuctella/ros2_ws/ws/install/husarion_office_gz/share/husarion_office_gz/worlds//models/pradnicka_office_L1/meshes/floor_4.mtl
[0.110s] -- Up-to-date symlink: /home/nuctella/ros2_ws/ws/install/husarion_office_gz/share/husarion_office_gz/worlds//models/pradnicka_office_L1/meshes/floor_4.obj
[0.111s] -- Up-to-date symlink: /home/nuctella/ros2_ws/ws/install/husarion_office_gz/share/husarion_office_gz/worlds//models/pradnicka_office_L1/meshes/floor_5.mtl
[0.111s] -- Up-to-date symlink: /home/nuctella/ros2_ws/ws/install/husarion_office_gz/share/husarion_office_gz/worlds//models/pradnicka_office_L1/meshes/floor_5.obj
[0.111s] -- Up-to-date symlink: /home/nuctella/ros2_ws/ws/install/husarion_office_gz/share/husarion_office_gz/worlds//models/pradnicka_office_L1/meshes/floor_6.mtl
[0.111s] -- Up-to-date symlink: /home/nuctella/ros2_ws/ws/install/husarion_office_gz/share/husarion_office_gz/worlds//models/pradnicka_office_L1/meshes/floor_6.obj
[0.111s] -- Up-to-date symlink: /home/nuctella/ros2_ws/ws/install/husarion_office_gz/share/husarion_office_gz/worlds//models/pradnicka_office_L1/meshes/floor_7.mtl
[0.111s] -- Up-to-date symlink: /home/nuctella/ros2_ws/ws/install/husarion_office_gz/share/husarion_office_gz/worlds//models/pradnicka_office_L1/meshes/floor_7.obj
[0.111s] -- Up-to-date symlink: /home/nuctella/ros2_ws/ws/install/husarion_office_gz/share/husarion_office_gz/worlds//models/pradnicka_office_L1/meshes/floor_8.mtl
[0.111s] -- Up-to-date symlink: /home/nuctella/ros2_ws/ws/install/husarion_office_gz/share/husarion_office_gz/worlds//models/pradnicka_office_L1/meshes/floor_8.obj
[0.111s] -- Up-to-date symlink: /home/nuctella/ros2_ws/ws/install/husarion_office_gz/share/husarion_office_gz/worlds//models/pradnicka_office_L1/meshes/floor_9.mtl
[0.111s] -- Up-to-date symlink: /home/nuctella/ros2_ws/ws/install/husarion_office_gz/share/husarion_office_gz/worlds//models/pradnicka_office_L1/meshes/floor_9.obj
[0.111s] -- Up-to-date symlink: /home/nuctella/ros2_ws/ws/install/husarion_office_gz/share/husarion_office_gz/worlds//models/pradnicka_office_L1/meshes/model.material
[0.112s] -- Up-to-date symlink: /home/nuctella/ros2_ws/ws/install/husarion_office_gz/share/husarion_office_gz/worlds//models/pradnicka_office_L1/meshes/wall_1.mtl
[0.112s] -- Up-to-date symlink: /home/nuctella/ros2_ws/ws/install/husarion_office_gz/share/husarion_office_gz/worlds//models/pradnicka_office_L1/meshes/wall_1.obj
[0.112s] -- Up-to-date symlink: /home/nuctella/ros2_ws/ws/install/husarion_office_gz/share/husarion_office_gz/worlds//models/pradnicka_office_L1/meshes/wall_2.mtl
[0.112s] -- Up-to-date symlink: /home/nuctella/ros2_ws/ws/install/husarion_office_gz/share/husarion_office_gz/worlds//models/pradnicka_office_L1/meshes/wall_2.obj
[0.112s] -- Up-to-date symlink: /home/nuctella/ros2_ws/ws/install/husarion_office_gz/share/husarion_office_gz/worlds//models/pradnicka_office_L1/meshes/white_carpet.png
[0.112s] -- Up-to-date symlink: /home/nuctella/ros2_ws/ws/install/husarion_office_gz/share/husarion_office_gz/worlds//models/pradnicka_office_L1/meshes/white_tiles.png
[0.112s] -- Up-to-date symlink: /home/nuctella/ros2_ws/ws/install/husarion_office_gz/share/husarion_office_gz/worlds//models/pradnicka_office_L1/meshes/white_wall.png
[0.112s] -- Up-to-date symlink: /home/nuctella/ros2_ws/ws/install/husarion_office_gz/share/husarion_office_gz/worlds//models/pradnicka_office_L1/meshes/wood1.png
[0.112s] -- Up-to-date symlink: /home/nuctella/ros2_ws/ws/install/husarion_office_gz/share/husarion_office_gz/worlds//models/pradnicka_office_L1/meshes/wood2.png
[0.112s] -- Up-to-date symlink: /home/nuctella/ros2_ws/ws/install/husarion_office_gz/share/husarion_office_gz/worlds//models/pradnicka_office_L1/model.config
[0.113s] -- Up-to-date symlink: /home/nuctella/ros2_ws/ws/install/husarion_office_gz/share/husarion_office_gz/worlds//models/pradnicka_office_L1/model.sdf
[0.113s] -- Up-to-date symlink: /home/nuctella/ros2_ws/ws/install/husarion_office_gz/share/husarion_office_gz/worlds//models/px4vision/meshes/prop_ccw.stl
[0.113s] -- Up-to-date symlink: /home/nuctella/ros2_ws/ws/install/husarion_office_gz/share/husarion_office_gz/worlds//models/px4vision/meshes/prop_cw.stl
[0.113s] -- Up-to-date symlink: /home/nuctella/ros2_ws/ws/install/husarion_office_gz/share/husarion_office_gz/worlds//models/px4vision/meshes/px4vision.stl
[0.113s] -- Up-to-date symlink: /home/nuctella/ros2_ws/ws/install/husarion_office_gz/share/husarion_office_gz/worlds//models/px4vision/model.config
[0.113s] -- Up-to-date symlink: /home/nuctella/ros2_ws/ws/install/husarion_office_gz/share/husarion_office_gz/worlds//models/px4vision/px4vision.sdf
[0.113s] -- Up-to-date symlink: /home/nuctella/ros2_ws/ws/install/husarion_office_gz/share/husarion_office_gz/worlds//models/px4vision/px4vision.sdf.jinja
[0.113s] -- Up-to-date symlink: /home/nuctella/ros2_ws/ws/install/husarion_office_gz/share/husarion_office_gz/worlds//models/px4vision/px4vision.sdf.last_generated
[0.113s] -- Up-to-date symlink: /home/nuctella/ros2_ws/ws/install/husarion_office_gz/share/husarion_office_gz/worlds//models/red_ball/model.config
[0.113s] -- Up-to-date symlink: /home/nuctella/ros2_ws/ws/install/husarion_office_gz/share/husarion_office_gz/worlds//models/red_ball/red_ball.sdf
[0.114s] -- Up-to-date symlink: /home/nuctella/ros2_ws/ws/install/husarion_office_gz/share/husarion_office_gz/worlds//models/rosbot/meshes/astra.dae
[0.114s] -- Up-to-date symlink: /home/nuctella/ros2_ws/ws/install/husarion_office_gz/share/husarion_office_gz/worlds//models/rosbot/meshes/box.dae
[0.114s] -- Up-to-date symlink: /home/nuctella/ros2_ws/ws/install/husarion_office_gz/share/husarion_office_gz/worlds//models/rosbot/meshes/rplidar.dae
[0.114s] -- Up-to-date symlink: /home/nuctella/ros2_ws/ws/install/husarion_office_gz/share/husarion_office_gz/worlds//models/rosbot/meshes/upper.dae
[0.114s] -- Up-to-date symlink: /home/nuctella/ros2_ws/ws/install/husarion_office_gz/share/husarion_office_gz/worlds//models/rosbot/meshes/wheel-v2.stl
[0.114s] -- Up-to-date symlink: /home/nuctella/ros2_ws/ws/install/husarion_office_gz/share/husarion_office_gz/worlds//models/rosbot/meshes/wheel.dae
[0.114s] -- Up-to-date symlink: /home/nuctella/ros2_ws/ws/install/husarion_office_gz/share/husarion_office_gz/worlds//models/rosbot/model.config
[0.114s] -- Up-to-date symlink: /home/nuctella/ros2_ws/ws/install/husarion_office_gz/share/husarion_office_gz/worlds//models/rosbot/model.sdf
[0.114s] -- Up-to-date symlink: /home/nuctella/ros2_ws/ws/install/husarion_office_gz/share/husarion_office_gz/worlds//models/sample_course_1/materials/scripts/asphalt.material
[0.114s] -- Up-to-date symlink: /home/nuctella/ros2_ws/ws/install/husarion_office_gz/share/husarion_office_gz/worlds//models/sample_course_1/materials/textures/tarmac.png
[0.114s] -- Up-to-date symlink: /home/nuctella/ros2_ws/ws/install/husarion_office_gz/share/husarion_office_gz/worlds//models/sample_course_1/model.config
[0.114s] -- Up-to-date symlink: /home/nuctella/ros2_ws/ws/install/husarion_office_gz/share/husarion_office_gz/worlds//models/sample_course_1/sample_course_1.sdf
[0.115s] -- Up-to-date symlink: /home/nuctella/ros2_ws/ws/install/husarion_office_gz/share/husarion_office_gz/worlds//models/sample_course_1/sample_course_1.sdf.jinja
[0.115s] -- Up-to-date symlink: /home/nuctella/ros2_ws/ws/install/husarion_office_gz/share/husarion_office_gz/worlds//models/sample_course_1/sample_course_1.sdf.last_generated
[0.115s] -- Up-to-date symlink: /home/nuctella/ros2_ws/ws/install/husarion_office_gz/share/husarion_office_gz/worlds//models/sample_course_2/materials/scripts/asphalt.material
[0.115s] -- Up-to-date symlink: /home/nuctella/ros2_ws/ws/install/husarion_office_gz/share/husarion_office_gz/worlds//models/sample_course_2/materials/textures/tarmac.png
[0.115s] -- Up-to-date symlink: /home/nuctella/ros2_ws/ws/install/husarion_office_gz/share/husarion_office_gz/worlds//models/sample_course_2/model.config
[0.115s] -- Up-to-date symlink: /home/nuctella/ros2_ws/ws/install/husarion_office_gz/share/husarion_office_gz/worlds//models/sample_course_2/sample_course_2.sdf
[0.115s] -- Up-to-date symlink: /home/nuctella/ros2_ws/ws/install/husarion_office_gz/share/husarion_office_gz/worlds//models/sample_course_2/sample_course_2.sdf.jinja
[0.115s] -- Up-to-date symlink: /home/nuctella/ros2_ws/ws/install/husarion_office_gz/share/husarion_office_gz/worlds//models/sample_course_2/sample_course_2.sdf.last_generated
[0.115s] -- Up-to-date symlink: /home/nuctella/ros2_ws/ws/install/husarion_office_gz/share/husarion_office_gz/worlds//models/wall_big_long/model.config
[0.115s] -- Up-to-date symlink: /home/nuctella/ros2_ws/ws/install/husarion_office_gz/share/husarion_office_gz/worlds//models/wall_big_long/wall_big_long.sdf
[0.115s] -- Up-to-date symlink: /home/nuctella/ros2_ws/ws/install/husarion_office_gz/share/husarion_office_gz/worlds//models/wall_big_short/model.config
[0.115s] -- Up-to-date symlink: /home/nuctella/ros2_ws/ws/install/husarion_office_gz/share/husarion_office_gz/worlds//models/wall_big_short/wall_big_short.sdf
[0.115s] -- Up-to-date symlink: /home/nuctella/ros2_ws/ws/install/husarion_office_gz/share/husarion_office_gz/worlds//models/wall_obstacle/model.config
[0.115s] -- Up-to-date symlink: /home/nuctella/ros2_ws/ws/install/husarion_office_gz/share/husarion_office_gz/worlds//models/wall_obstacle/wall_obstacle.sdf
[0.116s] -- Up-to-date symlink: /home/nuctella/ros2_ws/ws/install/husarion_office_gz/share/husarion_office_gz/worlds//models/wall_small_long/model.config
[0.116s] -- Up-to-date symlink: /home/nuctella/ros2_ws/ws/install/husarion_office_gz/share/husarion_office_gz/worlds//models/wall_small_long/model.sdf
[0.116s] -- Up-to-date symlink: /home/nuctella/ros2_ws/ws/install/husarion_office_gz/share/husarion_office_gz/worlds//models/wall_small_short/model.config
[0.116s] -- Up-to-date symlink: /home/nuctella/ros2_ws/ws/install/husarion_office_gz/share/husarion_office_gz/worlds//models/wall_small_short/model.sdf
[0.116s] -- Up-to-date symlink: /home/nuctella/ros2_ws/ws/install/husarion_office_gz/share/husarion_office_gz/worlds//models/white_carpet.png
[0.116s] -- Up-to-date symlink: /home/nuctella/ros2_ws/ws/install/husarion_office_gz/share/husarion_office_gz/worlds//models/white_wall.png
[0.116s] -- Up-to-date symlink: /home/nuctella/ros2_ws/ws/install/husarion_office_gz/share/husarion_office_gz/worlds//models/wood1.png
[0.116s] -- Up-to-date symlink: /home/nuctella/ros2_ws/ws/install/husarion_office_gz/share/husarion_office_gz/worlds//models/wood2.png
[0.116s] -- Up-to-date symlink: /home/nuctella/ros2_ws/ws/install/husarion_office_gz/share/husarion_office_gz/worlds//nav2_maps/office_map.png
[0.116s] -- Up-to-date symlink: /home/nuctella/ros2_ws/ws/install/husarion_office_gz/share/husarion_office_gz/worlds//nav2_maps/office_map.yaml
[0.116s] -- Up-to-date symlink: /home/nuctella/ros2_ws/ws/install/husarion_office_gz/share/husarion_office_gz/worlds//stanza8x12.sdf
[0.116s] -- Up-to-date symlink: /home/nuctella/ros2_ws/ws/install/husarion_office_gz/share/ament_index/resource_index/package_run_dependencies/husarion_office_gz
[0.116s] -- Up-to-date symlink: /home/nuctella/ros2_ws/ws/install/husarion_office_gz/share/ament_index/resource_index/parent_prefix_path/husarion_office_gz
[0.116s] -- Up-to-date symlink: /home/nuctella/ros2_ws/ws/install/husarion_office_gz/share/husarion_office_gz/environment/ament_prefix_path.sh
[0.116s] -- Up-to-date symlink: /home/nuctella/ros2_ws/ws/install/husarion_office_gz/share/husarion_office_gz/environment/ament_prefix_path.dsv
[0.116s] -- Up-to-date symlink: /home/nuctella/ros2_ws/ws/install/husarion_office_gz/share/husarion_office_gz/environment/path.sh
[0.116s] -- Up-to-date symlink: /home/nuctella/ros2_ws/ws/install/husarion_office_gz/share/husarion_office_gz/environment/path.dsv
[0.117s] -- Up-to-date symlink: /home/nuctella/ros2_ws/ws/install/husarion_office_gz/share/husarion_office_gz/local_setup.bash
[0.117s] -- Up-to-date symlink: /home/nuctella/ros2_ws/ws/install/husarion_office_gz/share/husarion_office_gz/local_setup.sh
[0.117s] -- Up-to-date symlink: /home/nuctella/ros2_ws/ws/install/husarion_office_gz/share/husarion_office_gz/local_setup.zsh
[0.117s] -- Up-to-date symlink: /home/nuctella/ros2_ws/ws/install/husarion_office_gz/share/husarion_office_gz/local_setup.dsv
[0.117s] -- Symlinking: /home/nuctella/ros2_ws/ws/install/husarion_office_gz/share/husarion_office_gz/package.dsv
[0.121s] -- Up-to-date symlink: /home/nuctella/ros2_ws/ws/install/husarion_office_gz/share/ament_index/resource_index/packages/husarion_office_gz
[0.121s] -- Up-to-date symlink: /home/nuctella/ros2_ws/ws/install/husarion_office_gz/share/husarion_office_gz/cmake/husarion_office_gzConfig.cmake
[0.121s] -- Up-to-date symlink: /home/nuctella/ros2_ws/ws/install/husarion_office_gz/share/husarion_office_gz/cmake/husarion_office_gzConfig-version.cmake
[0.121s] -- Up-to-date symlink: /home/nuctella/ros2_ws/ws/install/husarion_office_gz/share/husarion_office_gz/package.xml
[0.140s] Invoked command in '/home/nuctella/ros2_ws/ws/build/husarion_office_gz' returned '0': CMAKE_PREFIX_PATH=${CMAKE_PREFIX_PATH}:/home/nuctella/my_ros2_ws/install/start_with_simple_nodes_py:/home/nuctella/my_ros2_ws/install/rosbot_object_recognition:/home/nuctella/my_ros2_ws/install/publisher_and_subscriber_py:/opt/ros/humble /usr/bin/cmake --install /home/nuctella/ros2_ws/ws/build/husarion_office_gz
