-- The C compiler identification is GNU 11.3.0
-- The CXX compiler identification is GNU 11.3.0
-- Detecting C compiler ABI info
-- Detecting C compiler ABI info - done
-- Check for working C compiler: /usr/bin/cc - skipped
-- Detecting C compile features
-- Detecting C compile features - done
-- Detecting CXX compiler ABI info
-- Detecting CXX compiler ABI info - done
-- Check for working CXX compiler: /usr/bin/c++ - skipped
-- Detecting CXX compile features
-- Detecting CXX compile features - done
-- Found ament_cmake: 1.3.4 (/opt/ros/humble/share/ament_cmake/cmake)
-- Found Python3: /usr/bin/python3.10 (found version "3.10.6") found components: Interpreter 
-- Override CMake install command with custom implementation using symlinks instead of copying resources
-- Found rosidl_default_generators: 1.2.0 (/opt/ros/humble/share/rosidl_default_generators/cmake)
-- Using all available rosidl_typesupport_c: rosidl_typesupport_fastrtps_c;rosidl_typesupport_introspection_c
-- Found rosidl_adapter: 3.1.4 (/opt/ros/humble/share/rosidl_adapter/cmake)
-- Using all available rosidl_typesupport_cpp: rosidl_typesupport_fastrtps_cpp;rosidl_typesupport_introspection_cpp
-- Found ament_cmake_ros: 0.10.0 (/opt/ros/humble/share/ament_cmake_ros/cmake)
-- Using all available rosidl_typesupport_c: rosidl_typesupport_fastrtps_c;rosidl_typesupport_introspection_c
-- Using all available rosidl_typesupport_cpp: rosidl_typesupport_fastrtps_cpp;rosidl_typesupport_introspection_cpp
-- Found PythonInterp: /usr/bin/python3 (found suitable version "3.10.6", minimum required is "3.6") 
-- Found python_cmake_module: 0.10.0 (/opt/ros/humble/share/python_cmake_module/cmake)
-- Found PythonLibs: /usr/lib/x86_64-linux-gnu/libpython3.10.so (found suitable version "3.10.6", minimum required is "3.5") 
-- Using PYTHON_EXECUTABLE: /usr/bin/python3
-- Using PYTHON_INCLUDE_DIRS: /usr/include/python3.10
-- Using PYTHON_LIBRARIES: /usr/lib/x86_64-linux-gnu/libpython3.10.so
-- Found PythonExtra: .so  
-- Found ament_lint_auto: 0.12.6 (/opt/ros/humble/share/ament_lint_auto/cmake)
-- Added test 'copyright' to check source files copyright and LICENSE
-- Added test 'lint_cmake' to check CMake code style
-- Added test 'xmllint' to check XML markup files
-- Configuring done
-- Generating done
-- Build files have been written to: /home/nuctella/my_ros2_ws/src/build/custom_action
[  3%] [34m[1mGenerating C++ code for ROS interfaces[0m
[  3%] Built target custom_action__cpp
[  3%] Built target ament_cmake_python_symlink_custom_action
[  6%] [34m[1mGenerating C++ introspection for ROS interfaces[0m
[  9%] [32mBuilding CXX object CMakeFiles/custom_action__rosidl_typesupport_introspection_cpp.dir/rosidl_typesupport_introspection_cpp/custom_action/action/detail/concatenate__type_support.cpp.o[0m
[ 12%] [32m[1mLinking CXX shared library libcustom_action__rosidl_typesupport_introspection_cpp.so[0m
[ 12%] Built target custom_action__rosidl_typesupport_introspection_cpp
running egg_info
creating custom_action.egg-info
writing custom_action.egg-info/PKG-INFO
writing dependency_links to custom_action.egg-info/dependency_links.txt
writing top-level names to custom_action.egg-info/top_level.txt
writing manifest file 'custom_action.egg-info/SOURCES.txt'
reading manifest file 'custom_action.egg-info/SOURCES.txt'
writing manifest file 'custom_action.egg-info/SOURCES.txt'
[ 12%] Built target ament_cmake_python_build_custom_action_egg
[ 16%] [34m[1mGenerating C++ type support for eProsima Fast-RTPS[0m
[ 19%] [32mBuilding CXX object CMakeFiles/custom_action__rosidl_typesupport_fastrtps_cpp.dir/rosidl_typesupport_fastrtps_cpp/custom_action/action/detail/dds_fastrtps/concatenate__type_support.cpp.o[0m
[ 22%] [32m[1mLinking CXX shared library libcustom_action__rosidl_typesupport_fastrtps_cpp.so[0m
[ 22%] Built target custom_action__rosidl_typesupport_fastrtps_cpp
[ 25%] [34m[1mGenerating C++ type support dispatch for ROS interfaces[0m
[ 29%] [32mBuilding CXX object CMakeFiles/custom_action__rosidl_typesupport_cpp.dir/rosidl_typesupport_cpp/custom_action/action/concatenate__type_support.cpp.o[0m
[ 32%] [32m[1mLinking CXX shared library libcustom_action__rosidl_typesupport_cpp.so[0m
[ 32%] Built target custom_action__rosidl_typesupport_cpp
[ 35%] [34m[1mGenerating C code for ROS interfaces[0m
[ 38%] [32mBuilding C object CMakeFiles/custom_action__rosidl_generator_c.dir/rosidl_generator_c/custom_action/action/detail/concatenate__functions.c.o[0m
[ 41%] [32m[1mLinking C shared library libcustom_action__rosidl_generator_c.so[0m
[ 41%] Built target custom_action__rosidl_generator_c
[ 45%] [34m[1mGenerating C type support for eProsima Fast-RTPS[0m
[ 48%] [32mBuilding CXX object CMakeFiles/custom_action__rosidl_typesupport_fastrtps_c.dir/rosidl_typesupport_fastrtps_c/custom_action/action/detail/concatenate__type_support_c.cpp.o[0m
[ 51%] [32m[1mLinking CXX shared library libcustom_action__rosidl_typesupport_fastrtps_c.so[0m
[ 51%] Built target custom_action__rosidl_typesupport_fastrtps_c
[ 54%] [34m[1mGenerating C type support dispatch for ROS interfaces[0m
[ 58%] [34m[1mGenerating C introspection for ROS interfaces[0m
[ 61%] [32mBuilding CXX object CMakeFiles/custom_action__rosidl_typesupport_c.dir/rosidl_typesupport_c/custom_action/action/concatenate__type_support.cpp.o[0m
[ 64%] [32mBuilding C object CMakeFiles/custom_action__rosidl_typesupport_introspection_c.dir/rosidl_typesupport_introspection_c/custom_action/action/detail/concatenate__type_support.c.o[0m
[ 67%] [32m[1mLinking CXX shared library libcustom_action__rosidl_typesupport_c.so[0m
[ 70%] [32m[1mLinking C shared library libcustom_action__rosidl_typesupport_introspection_c.so[0m
[ 70%] Built target custom_action__rosidl_typesupport_c
[ 70%] Built target custom_action__rosidl_typesupport_introspection_c
[ 70%] Built target custom_action
[ 74%] [34m[1mGenerating Python code for ROS interfaces[0m
[ 74%] Built target custom_action__py
[ 77%] [32mBuilding C object CMakeFiles/custom_action__rosidl_generator_py.dir/rosidl_generator_py/custom_action/action/_concatenate_s.c.o[0m
[ 80%] [32m[1mLinking C shared library rosidl_generator_py/custom_action/libcustom_action__rosidl_generator_py.so[0m
[ 80%] Built target custom_action__rosidl_generator_py
[ 83%] [32mBuilding C object CMakeFiles/custom_action__rosidl_typesupport_fastrtps_c__pyext.dir/rosidl_generator_py/custom_action/_custom_action_s.ep.rosidl_typesupport_fastrtps_c.c.o[0m
[ 87%] [32mBuilding C object CMakeFiles/custom_action__rosidl_typesupport_introspection_c__pyext.dir/rosidl_generator_py/custom_action/_custom_action_s.ep.rosidl_typesupport_introspection_c.c.o[0m
[ 90%] [32mBuilding C object CMakeFiles/custom_action__rosidl_typesupport_c__pyext.dir/rosidl_generator_py/custom_action/_custom_action_s.ep.rosidl_typesupport_c.c.o[0m
[ 93%] [32m[1mLinking C shared library rosidl_generator_py/custom_action/custom_action_s__rosidl_typesupport_fastrtps_c.cpython-310-x86_64-linux-gnu.so[0m
[ 96%] [32m[1mLinking C shared library rosidl_generator_py/custom_action/custom_action_s__rosidl_typesupport_introspection_c.cpython-310-x86_64-linux-gnu.so[0m
[100%] [32m[1mLinking C shared library rosidl_generator_py/custom_action/custom_action_s__rosidl_typesupport_c.cpython-310-x86_64-linux-gnu.so[0m
[100%] Built target custom_action__rosidl_typesupport_fastrtps_c__pyext
[100%] Built target custom_action__rosidl_typesupport_introspection_c__pyext
[100%] Built target custom_action__rosidl_typesupport_c__pyext
-- Install configuration: ""
-- Execute custom install script
-- Symlinking: /home/nuctella/my_ros2_ws/src/install/custom_action/share/ament_index/resource_index/rosidl_interfaces/custom_action
-- Symlinking: /home/nuctella/my_ros2_ws/src/install/custom_action/include/custom_action/custom_action/action/concatenate.h
-- Symlinking: /home/nuctella/my_ros2_ws/src/install/custom_action/include/custom_action/custom_action/action/detail/concatenate__functions.h
-- Symlinking: /home/nuctella/my_ros2_ws/src/install/custom_action/include/custom_action/custom_action/action/detail/concatenate__struct.h
-- Symlinking: /home/nuctella/my_ros2_ws/src/install/custom_action/include/custom_action/custom_action/action/detail/concatenate__type_support.h
-- Symlinking: /home/nuctella/my_ros2_ws/src/install/custom_action/include/custom_action/custom_action/msg/rosidl_generator_c__visibility_control.h
-- Symlinking: /home/nuctella/my_ros2_ws/src/install/custom_action/share/custom_action/environment/library_path.sh
-- Symlinking: /home/nuctella/my_ros2_ws/src/install/custom_action/share/custom_action/environment/library_path.dsv
-- Symlinking: /home/nuctella/my_ros2_ws/src/install/custom_action/include/custom_action/custom_action/action/detail/concatenate__rosidl_typesupport_fastrtps_c.h
-- Symlinking: /home/nuctella/my_ros2_ws/src/install/custom_action/include/custom_action/custom_action/msg/rosidl_typesupport_fastrtps_c__visibility_control.h
-- Symlinking: /home/nuctella/my_ros2_ws/src/install/custom_action/include/custom_action/custom_action/action/detail/concatenate__rosidl_typesupport_introspection_c.h
-- Symlinking: /home/nuctella/my_ros2_ws/src/install/custom_action/include/custom_action/custom_action/msg/rosidl_typesupport_introspection_c__visibility_control.h
-- Symlinking: /home/nuctella/my_ros2_ws/src/install/custom_action/include/custom_action/custom_action/action/concatenate.hpp
-- Symlinking: /home/nuctella/my_ros2_ws/src/install/custom_action/include/custom_action/custom_action/action/detail/concatenate__builder.hpp
-- Symlinking: /home/nuctella/my_ros2_ws/src/install/custom_action/include/custom_action/custom_action/action/detail/concatenate__struct.hpp
-- Symlinking: /home/nuctella/my_ros2_ws/src/install/custom_action/include/custom_action/custom_action/action/detail/concatenate__traits.hpp
-- Symlinking: /home/nuctella/my_ros2_ws/src/install/custom_action/include/custom_action/custom_action/action/detail/concatenate__rosidl_typesupport_fastrtps_cpp.hpp
-- Symlinking: /home/nuctella/my_ros2_ws/src/install/custom_action/include/custom_action/custom_action/msg/rosidl_typesupport_fastrtps_cpp__visibility_control.h
-- Symlinking: /home/nuctella/my_ros2_ws/src/install/custom_action/include/custom_action/custom_action/action/detail/concatenate__rosidl_typesupport_introspection_cpp.hpp
-- Symlinking: /home/nuctella/my_ros2_ws/src/install/custom_action/share/custom_action/environment/pythonpath.sh
-- Symlinking: /home/nuctella/my_ros2_ws/src/install/custom_action/share/custom_action/environment/pythonpath.dsv
-- Symlinking: /home/nuctella/my_ros2_ws/src/install/custom_action/local/lib/python3.10/dist-packages/custom_action-0.0.0-py3.10.egg-info/PKG-INFO
-- Symlinking: /home/nuctella/my_ros2_ws/src/install/custom_action/local/lib/python3.10/dist-packages/custom_action-0.0.0-py3.10.egg-info/SOURCES.txt
-- Symlinking: /home/nuctella/my_ros2_ws/src/install/custom_action/local/lib/python3.10/dist-packages/custom_action-0.0.0-py3.10.egg-info/dependency_links.txt
-- Symlinking: /home/nuctella/my_ros2_ws/src/install/custom_action/local/lib/python3.10/dist-packages/custom_action-0.0.0-py3.10.egg-info/top_level.txt
-- Symlinking: /home/nuctella/my_ros2_ws/src/install/custom_action/local/lib/python3.10/dist-packages/custom_action/__init__.py
-- Symlinking: /home/nuctella/my_ros2_ws/src/install/custom_action/local/lib/python3.10/dist-packages/custom_action/_custom_action_s.ep.rosidl_typesupport_c.c
-- Symlinking: /home/nuctella/my_ros2_ws/src/install/custom_action/local/lib/python3.10/dist-packages/custom_action/_custom_action_s.ep.rosidl_typesupport_fastrtps_c.c
-- Symlinking: /home/nuctella/my_ros2_ws/src/install/custom_action/local/lib/python3.10/dist-packages/custom_action/_custom_action_s.ep.rosidl_typesupport_introspection_c.c
-- Symlinking: /home/nuctella/my_ros2_ws/src/install/custom_action/local/lib/python3.10/dist-packages/custom_action/action/__init__.py
-- Symlinking: /home/nuctella/my_ros2_ws/src/install/custom_action/local/lib/python3.10/dist-packages/custom_action/action/_concatenate.py
-- Symlinking: /home/nuctella/my_ros2_ws/src/install/custom_action/local/lib/python3.10/dist-packages/custom_action/action/_concatenate_s.c
-- Symlinking: /home/nuctella/my_ros2_ws/src/install/custom_action/local/lib/python3.10/dist-packages/custom_action/custom_action_s__rosidl_typesupport_c.cpython-310-x86_64-linux-gnu.so
-- Symlinking: /home/nuctella/my_ros2_ws/src/install/custom_action/local/lib/python3.10/dist-packages/custom_action/custom_action_s__rosidl_typesupport_fastrtps_c.cpython-310-x86_64-linux-gnu.so
-- Symlinking: /home/nuctella/my_ros2_ws/src/install/custom_action/local/lib/python3.10/dist-packages/custom_action/custom_action_s__rosidl_typesupport_introspection_c.cpython-310-x86_64-linux-gnu.so
-- Symlinking: /home/nuctella/my_ros2_ws/src/install/custom_action/local/lib/python3.10/dist-packages/custom_action/libcustom_action__rosidl_generator_py.so
-- Up-to-date symlink: /home/nuctella/my_ros2_ws/src/install/custom_action/local/lib/python3.10/dist-packages/custom_action/custom_action_s__rosidl_typesupport_fastrtps_c.cpython-310-x86_64-linux-gnu.so
-- Up-to-date symlink: /home/nuctella/my_ros2_ws/src/install/custom_action/local/lib/python3.10/dist-packages/custom_action/custom_action_s__rosidl_typesupport_introspection_c.cpython-310-x86_64-linux-gnu.so
-- Up-to-date symlink: /home/nuctella/my_ros2_ws/src/install/custom_action/local/lib/python3.10/dist-packages/custom_action/custom_action_s__rosidl_typesupport_c.cpython-310-x86_64-linux-gnu.so
-- Symlinking: /home/nuctella/my_ros2_ws/src/install/custom_action/share/custom_action/action/Concatenate.idl
-- Symlinking: /home/nuctella/my_ros2_ws/src/install/custom_action/share/custom_action/action/Concatenate.action
-- Symlinking: /home/nuctella/my_ros2_ws/src/install/custom_action/share/ament_index/resource_index/package_run_dependencies/custom_action
-- Symlinking: /home/nuctella/my_ros2_ws/src/install/custom_action/share/ament_index/resource_index/parent_prefix_path/custom_action
-- Symlinking: /home/nuctella/my_ros2_ws/src/install/custom_action/share/custom_action/environment/ament_prefix_path.sh
-- Symlinking: /home/nuctella/my_ros2_ws/src/install/custom_action/share/custom_action/environment/ament_prefix_path.dsv
-- Symlinking: /home/nuctella/my_ros2_ws/src/install/custom_action/share/custom_action/environment/path.sh
-- Symlinking: /home/nuctella/my_ros2_ws/src/install/custom_action/share/custom_action/environment/path.dsv
-- Symlinking: /home/nuctella/my_ros2_ws/src/install/custom_action/share/custom_action/local_setup.bash
-- Symlinking: /home/nuctella/my_ros2_ws/src/install/custom_action/share/custom_action/local_setup.sh
-- Symlinking: /home/nuctella/my_ros2_ws/src/install/custom_action/share/custom_action/local_setup.zsh
-- Symlinking: /home/nuctella/my_ros2_ws/src/install/custom_action/share/custom_action/local_setup.dsv
-- Symlinking: /home/nuctella/my_ros2_ws/src/install/custom_action/share/custom_action/package.dsv
-- Symlinking: /home/nuctella/my_ros2_ws/src/install/custom_action/share/ament_index/resource_index/packages/custom_action
-- Symlinking: /home/nuctella/my_ros2_ws/src/install/custom_action/share/custom_action/cmake/rosidl_cmake-extras.cmake
-- Symlinking: /home/nuctella/my_ros2_ws/src/install/custom_action/share/custom_action/cmake/ament_cmake_export_dependencies-extras.cmake
-- Symlinking: /home/nuctella/my_ros2_ws/src/install/custom_action/share/custom_action/cmake/ament_cmake_export_include_directories-extras.cmake
-- Symlinking: /home/nuctella/my_ros2_ws/src/install/custom_action/share/custom_action/cmake/ament_cmake_export_libraries-extras.cmake
-- Symlinking: /home/nuctella/my_ros2_ws/src/install/custom_action/share/custom_action/cmake/ament_cmake_export_targets-extras.cmake
-- Symlinking: /home/nuctella/my_ros2_ws/src/install/custom_action/share/custom_action/cmake/rosidl_cmake_export_typesupport_targets-extras.cmake
-- Symlinking: /home/nuctella/my_ros2_ws/src/install/custom_action/share/custom_action/cmake/rosidl_cmake_export_typesupport_libraries-extras.cmake
-- Symlinking: /home/nuctella/my_ros2_ws/src/install/custom_action/share/custom_action/cmake/custom_actionConfig.cmake
-- Symlinking: /home/nuctella/my_ros2_ws/src/install/custom_action/share/custom_action/cmake/custom_actionConfig-version.cmake
-- Symlinking: /home/nuctella/my_ros2_ws/src/install/custom_action/share/custom_action/package.xml
-- Installing: /home/nuctella/my_ros2_ws/src/install/custom_action/lib/libcustom_action__rosidl_generator_c.so
-- Set runtime path of "/home/nuctella/my_ros2_ws/src/install/custom_action/lib/libcustom_action__rosidl_generator_c.so" to ""
-- Installing: /home/nuctella/my_ros2_ws/src/install/custom_action/lib/libcustom_action__rosidl_typesupport_fastrtps_c.so
-- Set runtime path of "/home/nuctella/my_ros2_ws/src/install/custom_action/lib/libcustom_action__rosidl_typesupport_fastrtps_c.so" to ""
-- Installing: /home/nuctella/my_ros2_ws/src/install/custom_action/lib/libcustom_action__rosidl_typesupport_introspection_c.so
-- Set runtime path of "/home/nuctella/my_ros2_ws/src/install/custom_action/lib/libcustom_action__rosidl_typesupport_introspection_c.so" to ""
-- Installing: /home/nuctella/my_ros2_ws/src/install/custom_action/lib/libcustom_action__rosidl_typesupport_c.so
-- Set runtime path of "/home/nuctella/my_ros2_ws/src/install/custom_action/lib/libcustom_action__rosidl_typesupport_c.so" to ""
-- Installing: /home/nuctella/my_ros2_ws/src/install/custom_action/lib/libcustom_action__rosidl_typesupport_fastrtps_cpp.so
-- Set runtime path of "/home/nuctella/my_ros2_ws/src/install/custom_action/lib/libcustom_action__rosidl_typesupport_fastrtps_cpp.so" to ""
-- Installing: /home/nuctella/my_ros2_ws/src/install/custom_action/lib/libcustom_action__rosidl_typesupport_introspection_cpp.so
-- Set runtime path of "/home/nuctella/my_ros2_ws/src/install/custom_action/lib/libcustom_action__rosidl_typesupport_introspection_cpp.so" to ""
-- Installing: /home/nuctella/my_ros2_ws/src/install/custom_action/lib/libcustom_action__rosidl_typesupport_cpp.so
-- Set runtime path of "/home/nuctella/my_ros2_ws/src/install/custom_action/lib/libcustom_action__rosidl_typesupport_cpp.so" to ""
Listing '/home/nuctella/my_ros2_ws/src/install/custom_action/local/lib/python3.10/dist-packages/custom_action'...
Compiling '/home/nuctella/my_ros2_ws/src/install/custom_action/local/lib/python3.10/dist-packages/custom_action/__init__.py'...
Listing '/home/nuctella/my_ros2_ws/src/install/custom_action/local/lib/python3.10/dist-packages/custom_action/action'...
Compiling '/home/nuctella/my_ros2_ws/src/install/custom_action/local/lib/python3.10/dist-packages/custom_action/action/__init__.py'...
Compiling '/home/nuctella/my_ros2_ws/src/install/custom_action/local/lib/python3.10/dist-packages/custom_action/action/_concatenate.py'...
-- Installing: /home/nuctella/my_ros2_ws/src/install/custom_action/lib/libcustom_action__rosidl_generator_py.so
-- Set runtime path of "/home/nuctella/my_ros2_ws/src/install/custom_action/lib/libcustom_action__rosidl_generator_py.so" to ""
-- Installing: /home/nuctella/my_ros2_ws/src/install/custom_action/share/custom_action/cmake/export_custom_action__rosidl_generator_cExport.cmake
-- Installing: /home/nuctella/my_ros2_ws/src/install/custom_action/share/custom_action/cmake/export_custom_action__rosidl_generator_cExport-noconfig.cmake
-- Installing: /home/nuctella/my_ros2_ws/src/install/custom_action/share/custom_action/cmake/export_custom_action__rosidl_typesupport_fastrtps_cExport.cmake
-- Installing: /home/nuctella/my_ros2_ws/src/install/custom_action/share/custom_action/cmake/export_custom_action__rosidl_typesupport_fastrtps_cExport-noconfig.cmake
-- Installing: /home/nuctella/my_ros2_ws/src/install/custom_action/share/custom_action/cmake/custom_action__rosidl_typesupport_introspection_cExport.cmake
-- Installing: /home/nuctella/my_ros2_ws/src/install/custom_action/share/custom_action/cmake/custom_action__rosidl_typesupport_introspection_cExport-noconfig.cmake
-- Installing: /home/nuctella/my_ros2_ws/src/install/custom_action/share/custom_action/cmake/custom_action__rosidl_typesupport_cExport.cmake
-- Installing: /home/nuctella/my_ros2_ws/src/install/custom_action/share/custom_action/cmake/custom_action__rosidl_typesupport_cExport-noconfig.cmake
-- Installing: /home/nuctella/my_ros2_ws/src/install/custom_action/share/custom_action/cmake/export_custom_action__rosidl_generator_cppExport.cmake
-- Installing: /home/nuctella/my_ros2_ws/src/install/custom_action/share/custom_action/cmake/export_custom_action__rosidl_typesupport_fastrtps_cppExport.cmake
-- Installing: /home/nuctella/my_ros2_ws/src/install/custom_action/share/custom_action/cmake/export_custom_action__rosidl_typesupport_fastrtps_cppExport-noconfig.cmake
-- Installing: /home/nuctella/my_ros2_ws/src/install/custom_action/share/custom_action/cmake/custom_action__rosidl_typesupport_introspection_cppExport.cmake
-- Installing: /home/nuctella/my_ros2_ws/src/install/custom_action/share/custom_action/cmake/custom_action__rosidl_typesupport_introspection_cppExport-noconfig.cmake
-- Installing: /home/nuctella/my_ros2_ws/src/install/custom_action/share/custom_action/cmake/custom_action__rosidl_typesupport_cppExport.cmake
-- Installing: /home/nuctella/my_ros2_ws/src/install/custom_action/share/custom_action/cmake/custom_action__rosidl_typesupport_cppExport-noconfig.cmake
-- Installing: /home/nuctella/my_ros2_ws/src/install/custom_action/share/custom_action/cmake/export_custom_action__rosidl_generator_pyExport.cmake
-- Installing: /home/nuctella/my_ros2_ws/src/install/custom_action/share/custom_action/cmake/export_custom_action__rosidl_generator_pyExport-noconfig.cmake
