[10.248s] Invoking command in '/home/nuctella/my_ros2_ws/src/build/custom_action': CMAKE_PREFIX_PATH=${CMAKE_PREFIX_PATH}:/home/nuctella/my_ros2_ws/install/start_with_simple_nodes_py:/home/nuctella/my_ros2_ws/install/rosbot_object_recognition:/home/nuctella/my_ros2_ws/install/publisher_and_subscriber_py:/opt/ros/humble /usr/bin/cmake /home/nuctella/my_ros2_ws/src/ROS2_learning/CPP/actions/custom_action -DAMENT_CMAKE_SYMLINK_INSTALL=1 -DCMAKE_INSTALL_PREFIX=/home/nuctella/my_ros2_ws/src/install/custom_action
[28.132s] -- The C compiler identification is GNU 11.3.0
[34.563s] -- The CXX compiler identification is GNU 11.3.0
[36.144s] -- Detecting C compiler ABI info
[58.382s] -- Detecting C compiler ABI info - done
[58.550s] -- Check for working C compiler: /usr/bin/cc - skipped
[58.558s] -- Detecting C compile features
[58.565s] -- Detecting C compile features - done
[59.042s] -- Detecting CXX compiler ABI info
[79.883s] -- Detecting CXX compiler ABI info - done
[80.042s] -- Check for working CXX compiler: /usr/bin/c++ - skipped
[80.050s] -- Detecting CXX compile features
[80.057s] -- Detecting CXX compile features - done
[89.580s] -- Found ament_cmake: 1.3.4 (/opt/ros/humble/share/ament_cmake/cmake)
[184.799s] -- Found Python3: /usr/bin/python3.10 (found version "3.10.6") found components: Interpreter 
[194.387s] -- Override CMake install command with custom implementation using symlinks instead of copying resources
[282.015s] -- Found rosidl_default_generators: 1.2.0 (/opt/ros/humble/share/rosidl_default_generators/cmake)
[290.267s] -- Using all available rosidl_typesupport_c: rosidl_typesupport_fastrtps_c;rosidl_typesupport_introspection_c
[307.182s] -- Found rosidl_adapter: 3.1.4 (/opt/ros/humble/share/rosidl_adapter/cmake)
[353.130s] -- Using all available rosidl_typesupport_cpp: rosidl_typesupport_fastrtps_cpp;rosidl_typesupport_introspection_cpp
[478.694s] -- Found ament_cmake_ros: 0.10.0 (/opt/ros/humble/share/ament_cmake_ros/cmake)
[537.410s] -- Using all available rosidl_typesupport_c: rosidl_typesupport_fastrtps_c;rosidl_typesupport_introspection_c
[598.406s] -- Using all available rosidl_typesupport_cpp: rosidl_typesupport_fastrtps_cpp;rosidl_typesupport_introspection_cpp
[606.539s] -- Found PythonInterp: /usr/bin/python3 (found suitable version "3.10.6", minimum required is "3.6") 
[614.075s] -- Found python_cmake_module: 0.10.0 (/opt/ros/humble/share/python_cmake_module/cmake)
[625.442s] -- Found PythonLibs: /usr/lib/x86_64-linux-gnu/libpython3.10.so (found suitable version "3.10.6", minimum required is "3.5") 
[625.448s] -- Using PYTHON_EXECUTABLE: /usr/bin/python3
[625.454s] -- Using PYTHON_INCLUDE_DIRS: /usr/include/python3.10
[625.460s] -- Using PYTHON_LIBRARIES: /usr/lib/x86_64-linux-gnu/libpython3.10.so
[632.349s] -- Found PythonExtra: .so  
[651.904s] -- Found ament_lint_auto: 0.12.6 (/opt/ros/humble/share/ament_lint_auto/cmake)
[705.449s] -- Added test 'copyright' to check source files copyright and LICENSE
[711.636s] -- Added test 'lint_cmake' to check CMake code style
[715.389s] -- Added test 'xmllint' to check XML markup files
[721.408s] -- Configuring done
[739.754s] -- Generating done
[741.879s] -- Build files have been written to: /home/nuctella/my_ros2_ws/src/build/custom_action
[741.907s] Invoked command in '/home/nuctella/my_ros2_ws/src/build/custom_action' returned '0': CMAKE_PREFIX_PATH=${CMAKE_PREFIX_PATH}:/home/nuctella/my_ros2_ws/install/start_with_simple_nodes_py:/home/nuctella/my_ros2_ws/install/rosbot_object_recognition:/home/nuctella/my_ros2_ws/install/publisher_and_subscriber_py:/opt/ros/humble /usr/bin/cmake /home/nuctella/my_ros2_ws/src/ROS2_learning/CPP/actions/custom_action -DAMENT_CMAKE_SYMLINK_INSTALL=1 -DCMAKE_INSTALL_PREFIX=/home/nuctella/my_ros2_ws/src/install/custom_action
[741.991s] Invoking command in '/home/nuctella/my_ros2_ws/src/build/custom_action': CMAKE_PREFIX_PATH=${CMAKE_PREFIX_PATH}:/home/nuctella/my_ros2_ws/install/start_with_simple_nodes_py:/home/nuctella/my_ros2_ws/install/rosbot_object_recognition:/home/nuctella/my_ros2_ws/install/publisher_and_subscriber_py:/opt/ros/humble /usr/bin/cmake --build /home/nuctella/my_ros2_ws/src/build/custom_action -- -j8 -l8
[779.483s] [  3%] [34m[1mGenerating C++ code for ROS interfaces[0m
[820.491s] [  3%] Built target custom_action__cpp
[834.778s] [  3%] Built target ament_cmake_python_symlink_custom_action
[842.475s] [  6%] [34m[1mGenerating C++ introspection for ROS interfaces[0m
[875.153s] [  9%] [32mBuilding CXX object CMakeFiles/custom_action__rosidl_typesupport_introspection_cpp.dir/rosidl_typesupport_introspection_cpp/custom_action/action/detail/concatenate__type_support.cpp.o[0m
[891.600s] [ 12%] [32m[1mLinking CXX shared library libcustom_action__rosidl_typesupport_introspection_cpp.so[0m
[905.899s] [ 12%] Built target custom_action__rosidl_typesupport_introspection_cpp
[938.359s] running egg_info
[938.369s] creating custom_action.egg-info
[938.768s] writing custom_action.egg-info/PKG-INFO
[938.799s] writing dependency_links to custom_action.egg-info/dependency_links.txt
[938.844s] writing top-level names to custom_action.egg-info/top_level.txt
[938.876s] writing manifest file 'custom_action.egg-info/SOURCES.txt'
[940.176s] reading manifest file 'custom_action.egg-info/SOURCES.txt'
[940.367s] writing manifest file 'custom_action.egg-info/SOURCES.txt'
[945.783s] [ 12%] Built target ament_cmake_python_build_custom_action_egg
[953.683s] [ 16%] [34m[1mGenerating C++ type support for eProsima Fast-RTPS[0m
[987.029s] [ 19%] [32mBuilding CXX object CMakeFiles/custom_action__rosidl_typesupport_fastrtps_cpp.dir/rosidl_typesupport_fastrtps_cpp/custom_action/action/detail/dds_fastrtps/concatenate__type_support.cpp.o[0m
[1004.646s] [ 22%] [32m[1mLinking CXX shared library libcustom_action__rosidl_typesupport_fastrtps_cpp.so[0m
[1019.631s] [ 22%] Built target custom_action__rosidl_typesupport_fastrtps_cpp
[1025.808s] [ 25%] [34m[1mGenerating C++ type support dispatch for ROS interfaces[0m
[1053.060s] [ 29%] [32mBuilding CXX object CMakeFiles/custom_action__rosidl_typesupport_cpp.dir/rosidl_typesupport_cpp/custom_action/action/concatenate__type_support.cpp.o[0m
[1066.827s] [ 32%] [32m[1mLinking CXX shared library libcustom_action__rosidl_typesupport_cpp.so[0m
[1077.990s] [ 32%] Built target custom_action__rosidl_typesupport_cpp
[1083.549s] [ 35%] [34m[1mGenerating C code for ROS interfaces[0m
[1135.179s] [ 38%] [32mBuilding C object CMakeFiles/custom_action__rosidl_generator_c.dir/rosidl_generator_c/custom_action/action/detail/concatenate__functions.c.o[0m
[1144.631s] [ 41%] [32m[1mLinking C shared library libcustom_action__rosidl_generator_c.so[0m
[1156.037s] [ 41%] Built target custom_action__rosidl_generator_c
[1161.287s] [ 45%] [34m[1mGenerating C type support for eProsima Fast-RTPS[0m
[1193.873s] [ 48%] [32mBuilding CXX object CMakeFiles/custom_action__rosidl_typesupport_fastrtps_c.dir/rosidl_typesupport_fastrtps_c/custom_action/action/detail/concatenate__type_support_c.cpp.o[0m
[1206.585s] [ 51%] [32m[1mLinking CXX shared library libcustom_action__rosidl_typesupport_fastrtps_c.so[0m
[1225.133s] [ 51%] Built target custom_action__rosidl_typesupport_fastrtps_c
[1233.075s] [ 54%] [34m[1mGenerating C type support dispatch for ROS interfaces[0m
[1233.876s] [ 58%] [34m[1mGenerating C introspection for ROS interfaces[0m
[1264.380s] [ 61%] [32mBuilding CXX object CMakeFiles/custom_action__rosidl_typesupport_c.dir/rosidl_typesupport_c/custom_action/action/concatenate__type_support.cpp.o[0m
[1271.136s] [ 64%] [32mBuilding C object CMakeFiles/custom_action__rosidl_typesupport_introspection_c.dir/rosidl_typesupport_introspection_c/custom_action/action/detail/concatenate__type_support.c.o[0m
[1277.058s] [ 67%] [32m[1mLinking CXX shared library libcustom_action__rosidl_typesupport_c.so[0m
[1285.678s] [ 70%] [32m[1mLinking C shared library libcustom_action__rosidl_typesupport_introspection_c.so[0m
[1292.171s] [ 70%] Built target custom_action__rosidl_typesupport_c
[1301.994s] [ 70%] Built target custom_action__rosidl_typesupport_introspection_c
[1315.865s] [ 70%] Built target custom_action
[1330.144s] [ 74%] [34m[1mGenerating Python code for ROS interfaces[0m
[1373.371s] [ 74%] Built target custom_action__py
[1385.764s] [ 77%] [32mBuilding C object CMakeFiles/custom_action__rosidl_generator_py.dir/rosidl_generator_py/custom_action/action/_concatenate_s.c.o[0m
[1395.596s] [ 80%] [32m[1mLinking C shared library rosidl_generator_py/custom_action/libcustom_action__rosidl_generator_py.so[0m
[1407.060s] [ 80%] Built target custom_action__rosidl_generator_py
[1417.640s] [ 83%] [32mBuilding C object CMakeFiles/custom_action__rosidl_typesupport_fastrtps_c__pyext.dir/rosidl_generator_py/custom_action/_custom_action_s.ep.rosidl_typesupport_fastrtps_c.c.o[0m
[1417.754s] [ 87%] [32mBuilding C object CMakeFiles/custom_action__rosidl_typesupport_introspection_c__pyext.dir/rosidl_generator_py/custom_action/_custom_action_s.ep.rosidl_typesupport_introspection_c.c.o[0m
[1421.136s] [ 90%] [32mBuilding C object CMakeFiles/custom_action__rosidl_typesupport_c__pyext.dir/rosidl_generator_py/custom_action/_custom_action_s.ep.rosidl_typesupport_c.c.o[0m
[1431.355s] [ 93%] [32m[1mLinking C shared library rosidl_generator_py/custom_action/custom_action_s__rosidl_typesupport_fastrtps_c.cpython-310-x86_64-linux-gnu.so[0m
[1431.827s] [ 96%] [32m[1mLinking C shared library rosidl_generator_py/custom_action/custom_action_s__rosidl_typesupport_introspection_c.cpython-310-x86_64-linux-gnu.so[0m
[1432.283s] [100%] [32m[1mLinking C shared library rosidl_generator_py/custom_action/custom_action_s__rosidl_typesupport_c.cpython-310-x86_64-linux-gnu.so[0m
[1446.837s] [100%] Built target custom_action__rosidl_typesupport_fastrtps_c__pyext
[1446.943s] [100%] Built target custom_action__rosidl_typesupport_introspection_c__pyext
[1447.497s] [100%] Built target custom_action__rosidl_typesupport_c__pyext
[1452.249s] Invoked command in '/home/nuctella/my_ros2_ws/src/build/custom_action' returned '0': CMAKE_PREFIX_PATH=${CMAKE_PREFIX_PATH}:/home/nuctella/my_ros2_ws/install/start_with_simple_nodes_py:/home/nuctella/my_ros2_ws/install/rosbot_object_recognition:/home/nuctella/my_ros2_ws/install/publisher_and_subscriber_py:/opt/ros/humble /usr/bin/cmake --build /home/nuctella/my_ros2_ws/src/build/custom_action -- -j8 -l8
[1535.266s] Invoking command in '/home/nuctella/my_ros2_ws/src/build/custom_action': CMAKE_PREFIX_PATH=${CMAKE_PREFIX_PATH}:/home/nuctella/my_ros2_ws/install/start_with_simple_nodes_py:/home/nuctella/my_ros2_ws/install/rosbot_object_recognition:/home/nuctella/my_ros2_ws/install/publisher_and_subscriber_py:/opt/ros/humble /usr/bin/cmake --install /home/nuctella/my_ros2_ws/src/build/custom_action
[1819.531s] -- Install configuration: ""
[1819.538s] -- Execute custom install script
[1819.546s] -- Symlinking: /home/nuctella/my_ros2_ws/src/install/custom_action/share/ament_index/resource_index/rosidl_interfaces/custom_action
[1819.553s] -- Symlinking: /home/nuctella/my_ros2_ws/src/install/custom_action/include/custom_action/custom_action/action/concatenate.h
[1819.561s] -- Symlinking: /home/nuctella/my_ros2_ws/src/install/custom_action/include/custom_action/custom_action/action/detail/concatenate__functions.h
[1819.567s] -- Symlinking: /home/nuctella/my_ros2_ws/src/install/custom_action/include/custom_action/custom_action/action/detail/concatenate__struct.h
[1819.576s] -- Symlinking: /home/nuctella/my_ros2_ws/src/install/custom_action/include/custom_action/custom_action/action/detail/concatenate__type_support.h
[1819.583s] -- Symlinking: /home/nuctella/my_ros2_ws/src/install/custom_action/include/custom_action/custom_action/msg/rosidl_generator_c__visibility_control.h
[1819.591s] -- Symlinking: /home/nuctella/my_ros2_ws/src/install/custom_action/share/custom_action/environment/library_path.sh
[1819.602s] -- Symlinking: /home/nuctella/my_ros2_ws/src/install/custom_action/share/custom_action/environment/library_path.dsv
[1819.609s] -- Symlinking: /home/nuctella/my_ros2_ws/src/install/custom_action/include/custom_action/custom_action/action/detail/concatenate__rosidl_typesupport_fastrtps_c.h
[1819.616s] -- Symlinking: /home/nuctella/my_ros2_ws/src/install/custom_action/include/custom_action/custom_action/msg/rosidl_typesupport_fastrtps_c__visibility_control.h
[1819.624s] -- Symlinking: /home/nuctella/my_ros2_ws/src/install/custom_action/include/custom_action/custom_action/action/detail/concatenate__rosidl_typesupport_introspection_c.h
[1819.633s] -- Symlinking: /home/nuctella/my_ros2_ws/src/install/custom_action/include/custom_action/custom_action/msg/rosidl_typesupport_introspection_c__visibility_control.h
[1819.639s] -- Symlinking: /home/nuctella/my_ros2_ws/src/install/custom_action/include/custom_action/custom_action/action/concatenate.hpp
[1819.646s] -- Symlinking: /home/nuctella/my_ros2_ws/src/install/custom_action/include/custom_action/custom_action/action/detail/concatenate__builder.hpp
[1819.654s] -- Symlinking: /home/nuctella/my_ros2_ws/src/install/custom_action/include/custom_action/custom_action/action/detail/concatenate__struct.hpp
[1819.662s] -- Symlinking: /home/nuctella/my_ros2_ws/src/install/custom_action/include/custom_action/custom_action/action/detail/concatenate__traits.hpp
[1819.669s] -- Symlinking: /home/nuctella/my_ros2_ws/src/install/custom_action/include/custom_action/custom_action/action/detail/concatenate__rosidl_typesupport_fastrtps_cpp.hpp
[1819.676s] -- Symlinking: /home/nuctella/my_ros2_ws/src/install/custom_action/include/custom_action/custom_action/msg/rosidl_typesupport_fastrtps_cpp__visibility_control.h
[1819.682s] -- Symlinking: /home/nuctella/my_ros2_ws/src/install/custom_action/include/custom_action/custom_action/action/detail/concatenate__rosidl_typesupport_introspection_cpp.hpp
[1819.688s] -- Symlinking: /home/nuctella/my_ros2_ws/src/install/custom_action/share/custom_action/environment/pythonpath.sh
[1819.695s] -- Symlinking: /home/nuctella/my_ros2_ws/src/install/custom_action/share/custom_action/environment/pythonpath.dsv
[1819.704s] -- Symlinking: /home/nuctella/my_ros2_ws/src/install/custom_action/local/lib/python3.10/dist-packages/custom_action-0.0.0-py3.10.egg-info/PKG-INFO
[1819.712s] -- Symlinking: /home/nuctella/my_ros2_ws/src/install/custom_action/local/lib/python3.10/dist-packages/custom_action-0.0.0-py3.10.egg-info/SOURCES.txt
[1819.720s] -- Symlinking: /home/nuctella/my_ros2_ws/src/install/custom_action/local/lib/python3.10/dist-packages/custom_action-0.0.0-py3.10.egg-info/dependency_links.txt
[1819.727s] -- Symlinking: /home/nuctella/my_ros2_ws/src/install/custom_action/local/lib/python3.10/dist-packages/custom_action-0.0.0-py3.10.egg-info/top_level.txt
[1819.737s] -- Symlinking: /home/nuctella/my_ros2_ws/src/install/custom_action/local/lib/python3.10/dist-packages/custom_action/__init__.py
[1819.744s] -- Symlinking: /home/nuctella/my_ros2_ws/src/install/custom_action/local/lib/python3.10/dist-packages/custom_action/_custom_action_s.ep.rosidl_typesupport_c.c
[1819.759s] -- Symlinking: /home/nuctella/my_ros2_ws/src/install/custom_action/local/lib/python3.10/dist-packages/custom_action/_custom_action_s.ep.rosidl_typesupport_fastrtps_c.c
[1819.766s] -- Symlinking: /home/nuctella/my_ros2_ws/src/install/custom_action/local/lib/python3.10/dist-packages/custom_action/_custom_action_s.ep.rosidl_typesupport_introspection_c.c
[1819.774s] -- Symlinking: /home/nuctella/my_ros2_ws/src/install/custom_action/local/lib/python3.10/dist-packages/custom_action/action/__init__.py
[1819.781s] -- Symlinking: /home/nuctella/my_ros2_ws/src/install/custom_action/local/lib/python3.10/dist-packages/custom_action/action/_concatenate.py
[1819.788s] -- Symlinking: /home/nuctella/my_ros2_ws/src/install/custom_action/local/lib/python3.10/dist-packages/custom_action/action/_concatenate_s.c
[1819.795s] -- Symlinking: /home/nuctella/my_ros2_ws/src/install/custom_action/local/lib/python3.10/dist-packages/custom_action/custom_action_s__rosidl_typesupport_c.cpython-310-x86_64-linux-gnu.so
[1819.804s] -- Symlinking: /home/nuctella/my_ros2_ws/src/install/custom_action/local/lib/python3.10/dist-packages/custom_action/custom_action_s__rosidl_typesupport_fastrtps_c.cpython-310-x86_64-linux-gnu.so
[1819.810s] -- Symlinking: /home/nuctella/my_ros2_ws/src/install/custom_action/local/lib/python3.10/dist-packages/custom_action/custom_action_s__rosidl_typesupport_introspection_c.cpython-310-x86_64-linux-gnu.so
[1819.818s] -- Symlinking: /home/nuctella/my_ros2_ws/src/install/custom_action/local/lib/python3.10/dist-packages/custom_action/libcustom_action__rosidl_generator_py.so
[1819.824s] -- Up-to-date symlink: /home/nuctella/my_ros2_ws/src/install/custom_action/local/lib/python3.10/dist-packages/custom_action/custom_action_s__rosidl_typesupport_fastrtps_c.cpython-310-x86_64-linux-gnu.so
[1819.831s] -- Up-to-date symlink: /home/nuctella/my_ros2_ws/src/install/custom_action/local/lib/python3.10/dist-packages/custom_action/custom_action_s__rosidl_typesupport_introspection_c.cpython-310-x86_64-linux-gnu.so
[1819.840s] -- Up-to-date symlink: /home/nuctella/my_ros2_ws/src/install/custom_action/local/lib/python3.10/dist-packages/custom_action/custom_action_s__rosidl_typesupport_c.cpython-310-x86_64-linux-gnu.so
[1819.846s] -- Symlinking: /home/nuctella/my_ros2_ws/src/install/custom_action/share/custom_action/action/Concatenate.idl
[1819.852s] -- Symlinking: /home/nuctella/my_ros2_ws/src/install/custom_action/share/custom_action/action/Concatenate.action
[1819.860s] -- Symlinking: /home/nuctella/my_ros2_ws/src/install/custom_action/share/ament_index/resource_index/package_run_dependencies/custom_action
[1819.868s] -- Symlinking: /home/nuctella/my_ros2_ws/src/install/custom_action/share/ament_index/resource_index/parent_prefix_path/custom_action
[1819.875s] -- Symlinking: /home/nuctella/my_ros2_ws/src/install/custom_action/share/custom_action/environment/ament_prefix_path.sh
[1819.881s] -- Symlinking: /home/nuctella/my_ros2_ws/src/install/custom_action/share/custom_action/environment/ament_prefix_path.dsv
[1819.887s] -- Symlinking: /home/nuctella/my_ros2_ws/src/install/custom_action/share/custom_action/environment/path.sh
[1819.895s] -- Symlinking: /home/nuctella/my_ros2_ws/src/install/custom_action/share/custom_action/environment/path.dsv
[1819.902s] -- Symlinking: /home/nuctella/my_ros2_ws/src/install/custom_action/share/custom_action/local_setup.bash
[1819.908s] -- Symlinking: /home/nuctella/my_ros2_ws/src/install/custom_action/share/custom_action/local_setup.sh
[1819.915s] -- Symlinking: /home/nuctella/my_ros2_ws/src/install/custom_action/share/custom_action/local_setup.zsh
[1819.921s] -- Symlinking: /home/nuctella/my_ros2_ws/src/install/custom_action/share/custom_action/local_setup.dsv
[1819.928s] -- Symlinking: /home/nuctella/my_ros2_ws/src/install/custom_action/share/custom_action/package.dsv
[1819.934s] -- Symlinking: /home/nuctella/my_ros2_ws/src/install/custom_action/share/ament_index/resource_index/packages/custom_action
[1819.943s] -- Symlinking: /home/nuctella/my_ros2_ws/src/install/custom_action/share/custom_action/cmake/rosidl_cmake-extras.cmake
[1819.952s] -- Symlinking: /home/nuctella/my_ros2_ws/src/install/custom_action/share/custom_action/cmake/ament_cmake_export_dependencies-extras.cmake
[1819.958s] -- Symlinking: /home/nuctella/my_ros2_ws/src/install/custom_action/share/custom_action/cmake/ament_cmake_export_include_directories-extras.cmake
[1819.966s] -- Symlinking: /home/nuctella/my_ros2_ws/src/install/custom_action/share/custom_action/cmake/ament_cmake_export_libraries-extras.cmake
[1819.973s] -- Symlinking: /home/nuctella/my_ros2_ws/src/install/custom_action/share/custom_action/cmake/ament_cmake_export_targets-extras.cmake
[1819.980s] -- Symlinking: /home/nuctella/my_ros2_ws/src/install/custom_action/share/custom_action/cmake/rosidl_cmake_export_typesupport_targets-extras.cmake
[1819.987s] -- Symlinking: /home/nuctella/my_ros2_ws/src/install/custom_action/share/custom_action/cmake/rosidl_cmake_export_typesupport_libraries-extras.cmake
[1819.995s] -- Symlinking: /home/nuctella/my_ros2_ws/src/install/custom_action/share/custom_action/cmake/custom_actionConfig.cmake
[1820.006s] -- Symlinking: /home/nuctella/my_ros2_ws/src/install/custom_action/share/custom_action/cmake/custom_actionConfig-version.cmake
[1820.013s] -- Symlinking: /home/nuctella/my_ros2_ws/src/install/custom_action/share/custom_action/package.xml
[1820.021s] -- Installing: /home/nuctella/my_ros2_ws/src/install/custom_action/lib/libcustom_action__rosidl_generator_c.so
[1820.028s] -- Set runtime path of "/home/nuctella/my_ros2_ws/src/install/custom_action/lib/libcustom_action__rosidl_generator_c.so" to ""
[1820.034s] -- Installing: /home/nuctella/my_ros2_ws/src/install/custom_action/lib/libcustom_action__rosidl_typesupport_fastrtps_c.so
[1820.040s] -- Set runtime path of "/home/nuctella/my_ros2_ws/src/install/custom_action/lib/libcustom_action__rosidl_typesupport_fastrtps_c.so" to ""
[1820.050s] -- Installing: /home/nuctella/my_ros2_ws/src/install/custom_action/lib/libcustom_action__rosidl_typesupport_introspection_c.so
[1820.056s] -- Set runtime path of "/home/nuctella/my_ros2_ws/src/install/custom_action/lib/libcustom_action__rosidl_typesupport_introspection_c.so" to ""
[1820.061s] -- Installing: /home/nuctella/my_ros2_ws/src/install/custom_action/lib/libcustom_action__rosidl_typesupport_c.so
[1820.068s] -- Set runtime path of "/home/nuctella/my_ros2_ws/src/install/custom_action/lib/libcustom_action__rosidl_typesupport_c.so" to ""
[1820.075s] -- Installing: /home/nuctella/my_ros2_ws/src/install/custom_action/lib/libcustom_action__rosidl_typesupport_fastrtps_cpp.so
[1820.081s] -- Set runtime path of "/home/nuctella/my_ros2_ws/src/install/custom_action/lib/libcustom_action__rosidl_typesupport_fastrtps_cpp.so" to ""
[1820.089s] -- Installing: /home/nuctella/my_ros2_ws/src/install/custom_action/lib/libcustom_action__rosidl_typesupport_introspection_cpp.so
[1820.096s] -- Set runtime path of "/home/nuctella/my_ros2_ws/src/install/custom_action/lib/libcustom_action__rosidl_typesupport_introspection_cpp.so" to ""
[1820.102s] -- Installing: /home/nuctella/my_ros2_ws/src/install/custom_action/lib/libcustom_action__rosidl_typesupport_cpp.so
[1820.109s] -- Set runtime path of "/home/nuctella/my_ros2_ws/src/install/custom_action/lib/libcustom_action__rosidl_typesupport_cpp.so" to ""
[1830.747s] Listing '/home/nuctella/my_ros2_ws/src/install/custom_action/local/lib/python3.10/dist-packages/custom_action'...
[1830.753s] Compiling '/home/nuctella/my_ros2_ws/src/install/custom_action/local/lib/python3.10/dist-packages/custom_action/__init__.py'...
[1830.761s] Listing '/home/nuctella/my_ros2_ws/src/install/custom_action/local/lib/python3.10/dist-packages/custom_action/action'...
[1830.768s] Compiling '/home/nuctella/my_ros2_ws/src/install/custom_action/local/lib/python3.10/dist-packages/custom_action/action/__init__.py'...
[1830.774s] Compiling '/home/nuctella/my_ros2_ws/src/install/custom_action/local/lib/python3.10/dist-packages/custom_action/action/_concatenate.py'...
[1830.914s] -- Installing: /home/nuctella/my_ros2_ws/src/install/custom_action/lib/libcustom_action__rosidl_generator_py.so
[1831.736s] -- Set runtime path of "/home/nuctella/my_ros2_ws/src/install/custom_action/lib/libcustom_action__rosidl_generator_py.so" to ""
[1831.983s] -- Installing: /home/nuctella/my_ros2_ws/src/install/custom_action/share/custom_action/cmake/export_custom_action__rosidl_generator_cExport.cmake
[1832.697s] -- Installing: /home/nuctella/my_ros2_ws/src/install/custom_action/share/custom_action/cmake/export_custom_action__rosidl_generator_cExport-noconfig.cmake
[1833.485s] -- Installing: /home/nuctella/my_ros2_ws/src/install/custom_action/share/custom_action/cmake/export_custom_action__rosidl_typesupport_fastrtps_cExport.cmake
[1834.226s] -- Installing: /home/nuctella/my_ros2_ws/src/install/custom_action/share/custom_action/cmake/export_custom_action__rosidl_typesupport_fastrtps_cExport-noconfig.cmake
[1834.981s] -- Installing: /home/nuctella/my_ros2_ws/src/install/custom_action/share/custom_action/cmake/custom_action__rosidl_typesupport_introspection_cExport.cmake
[1835.727s] -- Installing: /home/nuctella/my_ros2_ws/src/install/custom_action/share/custom_action/cmake/custom_action__rosidl_typesupport_introspection_cExport-noconfig.cmake
[1836.624s] -- Installing: /home/nuctella/my_ros2_ws/src/install/custom_action/share/custom_action/cmake/custom_action__rosidl_typesupport_cExport.cmake
[1837.373s] -- Installing: /home/nuctella/my_ros2_ws/src/install/custom_action/share/custom_action/cmake/custom_action__rosidl_typesupport_cExport-noconfig.cmake
[1838.183s] -- Installing: /home/nuctella/my_ros2_ws/src/install/custom_action/share/custom_action/cmake/export_custom_action__rosidl_generator_cppExport.cmake
[1839.016s] -- Installing: /home/nuctella/my_ros2_ws/src/install/custom_action/share/custom_action/cmake/export_custom_action__rosidl_typesupport_fastrtps_cppExport.cmake
[1839.811s] -- Installing: /home/nuctella/my_ros2_ws/src/install/custom_action/share/custom_action/cmake/export_custom_action__rosidl_typesupport_fastrtps_cppExport-noconfig.cmake
[1840.636s] -- Installing: /home/nuctella/my_ros2_ws/src/install/custom_action/share/custom_action/cmake/custom_action__rosidl_typesupport_introspection_cppExport.cmake
[1841.410s] -- Installing: /home/nuctella/my_ros2_ws/src/install/custom_action/share/custom_action/cmake/custom_action__rosidl_typesupport_introspection_cppExport-noconfig.cmake
[1842.183s] -- Installing: /home/nuctella/my_ros2_ws/src/install/custom_action/share/custom_action/cmake/custom_action__rosidl_typesupport_cppExport.cmake
[1843.051s] -- Installing: /home/nuctella/my_ros2_ws/src/install/custom_action/share/custom_action/cmake/custom_action__rosidl_typesupport_cppExport-noconfig.cmake
[1843.925s] -- Installing: /home/nuctella/my_ros2_ws/src/install/custom_action/share/custom_action/cmake/export_custom_action__rosidl_generator_pyExport.cmake
[1845.105s] -- Installing: /home/nuctella/my_ros2_ws/src/install/custom_action/share/custom_action/cmake/export_custom_action__rosidl_generator_pyExport-noconfig.cmake
[1845.842s] Invoked command in '/home/nuctella/my_ros2_ws/src/build/custom_action' returned '0': CMAKE_PREFIX_PATH=${CMAKE_PREFIX_PATH}:/home/nuctella/my_ros2_ws/install/start_with_simple_nodes_py:/home/nuctella/my_ros2_ws/install/rosbot_object_recognition:/home/nuctella/my_ros2_ws/install/publisher_and_subscriber_py:/opt/ros/humble /usr/bin/cmake --install /home/nuctella/my_ros2_ws/src/build/custom_action
