[0.114s] Invoking command in '/home/nuctella/ros2_ws/ws/build/rosbot_hardware_interfaces': CMAKE_PREFIX_PATH=${CMAKE_PREFIX_PATH}:/home/nuctella/my_ros2_ws/install/rosbot_object_recognition:/opt/ros/humble /usr/bin/cmake /home/nuctella/ros2_ws/ws/src/rosbot_hardware_interfaces -DCMAKE_INSTALL_PREFIX=/home/nuctella/ros2_ws/ws/install/rosbot_hardware_interfaces
[0.147s] -- The C compiler identification is GNU 11.4.0
[0.181s] -- The CXX compiler identification is GNU 11.4.0
[0.186s] -- Detecting C compiler ABI info
[0.225s] -- Detecting C compiler ABI info - done
[0.232s] -- Check for working C compiler: /usr/bin/cc - skipped
[0.232s] -- Detecting C compile features
[0.233s] -- Detecting C compile features - done
[0.235s] -- Detecting CXX compiler ABI info
[0.282s] -- Detecting CXX compiler ABI info - done
[0.287s] -- Check for working CXX compiler: /usr/bin/c++ - skipped
[0.287s] -- Detecting CXX compile features
[0.287s] -- Detecting CXX compile features - done
[0.289s] -- Found ament_cmake: 1.3.5 (/opt/ros/humble/share/ament_cmake/cmake)
[0.529s] -- Found Python3: /usr/bin/python3.10 (found version "3.10.12") found components: Interpreter 
[0.595s] -- Found controller_interface: 2.31.0 (/opt/ros/humble/share/controller_interface/cmake)
[0.628s] -- Found rosidl_generator_c: 3.1.5 (/opt/ros/humble/share/rosidl_generator_c/cmake)
[0.632s] -- Found rosidl_adapter: 3.1.5 (/opt/ros/humble/share/rosidl_adapter/cmake)
[0.639s] -- Found rosidl_generator_cpp: 3.1.5 (/opt/ros/humble/share/rosidl_generator_cpp/cmake)
[0.649s] -- Using all available rosidl_typesupport_c: rosidl_typesupport_fastrtps_c;rosidl_typesupport_introspection_c
[0.663s] -- Using all available rosidl_typesupport_cpp: rosidl_typesupport_fastrtps_cpp;rosidl_typesupport_introspection_cpp
[1.104s] -- Found rmw_implementation_cmake: 6.1.1 (/opt/ros/humble/share/rmw_implementation_cmake/cmake)
[1.107s] -- Found rmw_fastrtps_cpp: 6.2.4 (/opt/ros/humble/share/rmw_fastrtps_cpp/cmake)
[1.177s] -- Found OpenSSL: /usr/lib/x86_64-linux-gnu/libcrypto.so (found version "3.0.2")  
[1.200s] -- Found FastRTPS: /opt/ros/humble/include  
[1.239s] -- Using RMW implementation 'rmw_fastrtps_cpp' as default
[1.247s] -- Looking for pthread.h
[1.291s] -- Looking for pthread.h - found
[1.291s] -- Performing Test CMAKE_HAVE_LIBC_PTHREAD
[1.336s] -- Performing Test CMAKE_HAVE_LIBC_PTHREAD - Success
[1.337s] -- Found Threads: TRUE  
[1.500s] -- Found realtime_tools: 2.5.0 (/opt/ros/humble/share/realtime_tools/cmake)
[1.702s] -- Configuring done
[1.716s] -- Generating done
[1.717s] -- Build files have been written to: /home/nuctella/ros2_ws/ws/build/rosbot_hardware_interfaces
[1.722s] Invoked command in '/home/nuctella/ros2_ws/ws/build/rosbot_hardware_interfaces' returned '0': CMAKE_PREFIX_PATH=${CMAKE_PREFIX_PATH}:/home/nuctella/my_ros2_ws/install/rosbot_object_recognition:/opt/ros/humble /usr/bin/cmake /home/nuctella/ros2_ws/ws/src/rosbot_hardware_interfaces -DCMAKE_INSTALL_PREFIX=/home/nuctella/ros2_ws/ws/install/rosbot_hardware_interfaces
[1.723s] Invoking command in '/home/nuctella/ros2_ws/ws/build/rosbot_hardware_interfaces': CMAKE_PREFIX_PATH=${CMAKE_PREFIX_PATH}:/home/nuctella/my_ros2_ws/install/rosbot_object_recognition:/opt/ros/humble /usr/bin/cmake --build /home/nuctella/ros2_ws/ws/build/rosbot_hardware_interfaces -- -j20 -l20
[1.753s] [ 33%] [32mBuilding CXX object CMakeFiles/rosbot_hardware_interfaces.dir/src/rosbot_system.cpp.o[0m
[1.753s] [ 66%] [32mBuilding CXX object CMakeFiles/rosbot_hardware_interfaces.dir/src/rosbot_imu_sensor.cpp.o[0m
[7.558s] [100%] [32m[1mLinking CXX shared library librosbot_hardware_interfaces.so[0m
[8.100s] [100%] Built target rosbot_hardware_interfaces
[8.112s] Invoked command in '/home/nuctella/ros2_ws/ws/build/rosbot_hardware_interfaces' returned '0': CMAKE_PREFIX_PATH=${CMAKE_PREFIX_PATH}:/home/nuctella/my_ros2_ws/install/rosbot_object_recognition:/opt/ros/humble /usr/bin/cmake --build /home/nuctella/ros2_ws/ws/build/rosbot_hardware_interfaces -- -j20 -l20
[8.131s] Invoking command in '/home/nuctella/ros2_ws/ws/build/rosbot_hardware_interfaces': CMAKE_PREFIX_PATH=${CMAKE_PREFIX_PATH}:/home/nuctella/my_ros2_ws/install/rosbot_object_recognition:/opt/ros/humble /usr/bin/cmake --install /home/nuctella/ros2_ws/ws/build/rosbot_hardware_interfaces
[8.135s] -- Install configuration: ""
[8.135s] -- Installing: /home/nuctella/ros2_ws/ws/install/rosbot_hardware_interfaces/share/rosbot_hardware_interfaces/rosbot_hardware_interfaces.xml
[8.135s] -- Installing: /home/nuctella/ros2_ws/ws/install/rosbot_hardware_interfaces/include
[8.135s] -- Installing: /home/nuctella/ros2_ws/ws/install/rosbot_hardware_interfaces/include/rosbot_hardware_interfaces
[8.135s] -- Installing: /home/nuctella/ros2_ws/ws/install/rosbot_hardware_interfaces/include/rosbot_hardware_interfaces/rosbot_system.hpp
[8.135s] -- Installing: /home/nuctella/ros2_ws/ws/install/rosbot_hardware_interfaces/include/rosbot_hardware_interfaces/rosbot_imu_sensor.hpp
[8.135s] -- Installing: /home/nuctella/ros2_ws/ws/install/rosbot_hardware_interfaces/include/rosbot_hardware_interfaces/visibility_control.hpp
[8.136s] -- Installing: /home/nuctella/ros2_ws/ws/install/rosbot_hardware_interfaces/share/rosbot_hardware_interfaces/launch
[8.136s] -- Installing: /home/nuctella/ros2_ws/ws/install/rosbot_hardware_interfaces/share/rosbot_hardware_interfaces/launch/example_diff_drive.launch.py
[8.136s] -- Installing: /home/nuctella/ros2_ws/ws/install/rosbot_hardware_interfaces/share/rosbot_hardware_interfaces/config
[8.136s] -- Installing: /home/nuctella/ros2_ws/ws/install/rosbot_hardware_interfaces/share/rosbot_hardware_interfaces/config/example_diff_drive_controller.yaml
[8.136s] -- Installing: /home/nuctella/ros2_ws/ws/install/rosbot_hardware_interfaces/share/rosbot_hardware_interfaces/urdf
[8.136s] -- Installing: /home/nuctella/ros2_ws/ws/install/rosbot_hardware_interfaces/share/rosbot_hardware_interfaces/urdf/ros2_control.urdf.xacro
[8.136s] -- Installing: /home/nuctella/ros2_ws/ws/install/rosbot_hardware_interfaces/lib/librosbot_hardware_interfaces.so
[8.142s] -- Set runtime path of "/home/nuctella/ros2_ws/ws/install/rosbot_hardware_interfaces/lib/librosbot_hardware_interfaces.so" to ""
[8.142s] -- Installing: /home/nuctella/ros2_ws/ws/install/rosbot_hardware_interfaces/share/rosbot_hardware_interfaces/environment/library_path.sh
[8.142s] -- Installing: /home/nuctella/ros2_ws/ws/install/rosbot_hardware_interfaces/share/rosbot_hardware_interfaces/environment/library_path.dsv
[8.142s] -- Installing: /home/nuctella/ros2_ws/ws/install/rosbot_hardware_interfaces/share/ament_index/resource_index/package_run_dependencies/rosbot_hardware_interfaces
[8.142s] -- Installing: /home/nuctella/ros2_ws/ws/install/rosbot_hardware_interfaces/share/ament_index/resource_index/parent_prefix_path/rosbot_hardware_interfaces
[8.142s] -- Installing: /home/nuctella/ros2_ws/ws/install/rosbot_hardware_interfaces/share/rosbot_hardware_interfaces/environment/ament_prefix_path.sh
[8.142s] -- Installing: /home/nuctella/ros2_ws/ws/install/rosbot_hardware_interfaces/share/rosbot_hardware_interfaces/environment/ament_prefix_path.dsv
[8.142s] -- Installing: /home/nuctella/ros2_ws/ws/install/rosbot_hardware_interfaces/share/rosbot_hardware_interfaces/environment/path.sh
[8.142s] -- Installing: /home/nuctella/ros2_ws/ws/install/rosbot_hardware_interfaces/share/rosbot_hardware_interfaces/environment/path.dsv
[8.143s] -- Installing: /home/nuctella/ros2_ws/ws/install/rosbot_hardware_interfaces/share/rosbot_hardware_interfaces/local_setup.bash
[8.143s] -- Installing: /home/nuctella/ros2_ws/ws/install/rosbot_hardware_interfaces/share/rosbot_hardware_interfaces/local_setup.sh
[8.143s] -- Installing: /home/nuctella/ros2_ws/ws/install/rosbot_hardware_interfaces/share/rosbot_hardware_interfaces/local_setup.zsh
[8.143s] -- Installing: /home/nuctella/ros2_ws/ws/install/rosbot_hardware_interfaces/share/rosbot_hardware_interfaces/local_setup.dsv
[8.143s] -- Installing: /home/nuctella/ros2_ws/ws/install/rosbot_hardware_interfaces/share/rosbot_hardware_interfaces/package.dsv
[8.143s] -- Installing: /home/nuctella/ros2_ws/ws/install/rosbot_hardware_interfaces/share/ament_index/resource_index/packages/rosbot_hardware_interfaces
[8.143s] -- Installing: /home/nuctella/ros2_ws/ws/install/rosbot_hardware_interfaces/share/ament_index/resource_index/hardware_interface__pluginlib__plugin/rosbot_hardware_interfaces
[8.143s] -- Installing: /home/nuctella/ros2_ws/ws/install/rosbot_hardware_interfaces/share/rosbot_hardware_interfaces/cmake/ament_cmake_export_include_directories-extras.cmake
[8.143s] -- Installing: /home/nuctella/ros2_ws/ws/install/rosbot_hardware_interfaces/share/rosbot_hardware_interfaces/cmake/ament_cmake_export_libraries-extras.cmake
[8.143s] -- Installing: /home/nuctella/ros2_ws/ws/install/rosbot_hardware_interfaces/share/rosbot_hardware_interfaces/cmake/ament_cmake_export_dependencies-extras.cmake
[8.143s] -- Installing: /home/nuctella/ros2_ws/ws/install/rosbot_hardware_interfaces/share/rosbot_hardware_interfaces/cmake/rosbot_hardware_interfacesConfig.cmake
[8.143s] -- Installing: /home/nuctella/ros2_ws/ws/install/rosbot_hardware_interfaces/share/rosbot_hardware_interfaces/cmake/rosbot_hardware_interfacesConfig-version.cmake
[8.143s] -- Installing: /home/nuctella/ros2_ws/ws/install/rosbot_hardware_interfaces/share/rosbot_hardware_interfaces/package.xml
[8.145s] Invoked command in '/home/nuctella/ros2_ws/ws/build/rosbot_hardware_interfaces' returned '0': CMAKE_PREFIX_PATH=${CMAKE_PREFIX_PATH}:/home/nuctella/my_ros2_ws/install/rosbot_object_recognition:/opt/ros/humble /usr/bin/cmake --install /home/nuctella/ros2_ws/ws/build/rosbot_hardware_interfaces
