/home/nuctella/my_ros2_ws/install/start_with_simple_nodes_py/lib/python3.10/site-packages/start_with_simple_nodes_py/my_first_node.py
/home/nuctella/my_ros2_ws/install/start_with_simple_nodes_py/lib/python3.10/site-packages/start_with_simple_nodes_py/node_with_class.py
/home/nuctella/my_ros2_ws/install/start_with_simple_nodes_py/lib/python3.10/site-packages/start_with_simple_nodes_py/node_timer_with_class.py
/home/nuctella/my_ros2_ws/install/start_with_simple_nodes_py/lib/python3.10/site-packages/start_with_simple_nodes_py/__init__.py
/home/nuctella/my_ros2_ws/install/start_with_simple_nodes_py/lib/python3.10/site-packages/start_with_simple_nodes_py/node_timer_without_class.py
/home/nuctella/my_ros2_ws/install/start_with_simple_nodes_py/lib/python3.10/site-packages/start_with_simple_nodes_py/__pycache__/my_first_node.cpython-310.pyc
/home/nuctella/my_ros2_ws/install/start_with_simple_nodes_py/lib/python3.10/site-packages/start_with_simple_nodes_py/__pycache__/node_with_class.cpython-310.pyc
/home/nuctella/my_ros2_ws/install/start_with_simple_nodes_py/lib/python3.10/site-packages/start_with_simple_nodes_py/__pycache__/node_timer_with_class.cpython-310.pyc
/home/nuctella/my_ros2_ws/install/start_with_simple_nodes_py/lib/python3.10/site-packages/start_with_simple_nodes_py/__pycache__/__init__.cpython-310.pyc
/home/nuctella/my_ros2_ws/install/start_with_simple_nodes_py/lib/python3.10/site-packages/start_with_simple_nodes_py/__pycache__/node_timer_without_class.cpython-310.pyc
/home/nuctella/my_ros2_ws/install/start_with_simple_nodes_py/share/ament_index/resource_index/packages/start_with_simple_nodes_py
/home/nuctella/my_ros2_ws/install/start_with_simple_nodes_py/share/start_with_simple_nodes_py/package.xml
/home/nuctella/my_ros2_ws/install/start_with_simple_nodes_py/lib/python3.10/site-packages/start_with_simple_nodes_py-0.0.0-py3.10.egg-info/dependency_links.txt
/home/nuctella/my_ros2_ws/install/start_with_simple_nodes_py/lib/python3.10/site-packages/start_with_simple_nodes_py-0.0.0-py3.10.egg-info/top_level.txt
/home/nuctella/my_ros2_ws/install/start_with_simple_nodes_py/lib/python3.10/site-packages/start_with_simple_nodes_py-0.0.0-py3.10.egg-info/zip-safe
/home/nuctella/my_ros2_ws/install/start_with_simple_nodes_py/lib/python3.10/site-packages/start_with_simple_nodes_py-0.0.0-py3.10.egg-info/requires.txt
/home/nuctella/my_ros2_ws/install/start_with_simple_nodes_py/lib/python3.10/site-packages/start_with_simple_nodes_py-0.0.0-py3.10.egg-info/SOURCES.txt
/home/nuctella/my_ros2_ws/install/start_with_simple_nodes_py/lib/python3.10/site-packages/start_with_simple_nodes_py-0.0.0-py3.10.egg-info/entry_points.txt
/home/nuctella/my_ros2_ws/install/start_with_simple_nodes_py/lib/python3.10/site-packages/start_with_simple_nodes_py-0.0.0-py3.10.egg-info/PKG-INFO
/home/nuctella/my_ros2_ws/install/start_with_simple_nodes_py/lib/start_with_simple_nodes_py/my_first_node
/home/nuctella/my_ros2_ws/install/start_with_simple_nodes_py/lib/start_with_simple_nodes_py/node_timer_with_class
/home/nuctella/my_ros2_ws/install/start_with_simple_nodes_py/lib/start_with_simple_nodes_py/node_timer_without_class
/home/nuctella/my_ros2_ws/install/start_with_simple_nodes_py/lib/start_with_simple_nodes_py/node_with_class
