running develop
running egg_info
creating rosbot_object_recognition.egg-info
writing rosbot_object_recognition.egg-info/PKG-INFO
writing dependency_links to rosbot_object_recognition.egg-info/dependency_links.txt
writing entry points to rosbot_object_recognition.egg-info/entry_points.txt
writing requirements to rosbot_object_recognition.egg-info/requires.txt
writing top-level names to rosbot_object_recognition.egg-info/top_level.txt
writing manifest file 'rosbot_object_recognition.egg-info/SOURCES.txt'
reading manifest file 'rosbot_object_recognition.egg-info/SOURCES.txt'
writing manifest file 'rosbot_object_recognition.egg-info/SOURCES.txt'
running build_ext
Creating /home/nuctella/my_ros2_ws/src/install/rosbot_object_recognition/lib/python3.10/site-packages/rosbot-object-recognition.egg-link (link to .)
Installing object_recognition script to /home/nuctella/my_ros2_ws/src/install/rosbot_object_recognition/lib/rosbot_object_recognition

Installed /home/nuctella/my_ros2_ws/src/build/rosbot_object_recognition
running install_data
creating /home/nuctella/my_ros2_ws/src/install/rosbot_object_recognition/share/ament_index
creating /home/nuctella/my_ros2_ws/src/install/rosbot_object_recognition/share/ament_index/resource_index
creating /home/nuctella/my_ros2_ws/src/install/rosbot_object_recognition/share/ament_index/resource_index/packages
copying resource/rosbot_object_recognition -> /home/nuctella/my_ros2_ws/src/install/rosbot_object_recognition/share/ament_index/resource_index/packages
copying package.xml -> /home/nuctella/my_ros2_ws/src/install/rosbot_object_recognition/share/rosbot_object_recognition
