-- Install configuration: ""
-- Execute custom install script
-- Up-to-date symlink: /home/nuctella/ros2_ws/ws/install/husarion_office_gz/share/husarion_office_gz/husarion_office_world.launch.py
-- Up-to-date symlink: /home/nuctella/ros2_ws/ws/install/husarion_office_gz/share/husarion_office_gz/worlds//husarion_office.world
-- Up-to-date symlink: /home/nuctella/ros2_ws/ws/install/husarion_office_gz/share/husarion_office_gz/worlds//husarion_world.sdf
-- Up-to-date symlink: /home/nuctella/ros2_ws/ws/install/husarion_office_gz/share/husarion_office_gz/worlds//meshes/husarion_world.dae
-- Up-to-date symlink: /home/nuctella/ros2_ws/ws/install/husarion_office_gz/share/husarion_office_gz/worlds//models/AdjTable/meshes/AdjTable.mtl
-- Up-to-date symlink: /home/nuctella/ros2_ws/ws/install/husarion_office_gz/share/husarion_office_gz/worlds//models/AdjTable/meshes/AdjTable.obj
-- Up-to-date symlink: /home/nuctella/ros2_ws/ws/install/husarion_office_gz/share/husarion_office_gz/worlds//models/AdjTable/meshes/AdjTable_Col.mtl
-- Up-to-date symlink: /home/nuctella/ros2_ws/ws/install/husarion_office_gz/share/husarion_office_gz/worlds//models/AdjTable/meshes/AdjTable_Col.obj
-- Up-to-date symlink: /home/nuctella/ros2_ws/ws/install/husarion_office_gz/share/husarion_office_gz/worlds//models/AdjTable/meshes/texture.png
-- Up-to-date symlink: /home/nuctella/ros2_ws/ws/install/husarion_office_gz/share/husarion_office_gz/worlds//models/AdjTable/model.config
-- Up-to-date symlink: /home/nuctella/ros2_ws/ws/install/husarion_office_gz/share/husarion_office_gz/worlds//models/AdjTable/model.sdf
-- Up-to-date symlink: /home/nuctella/ros2_ws/ws/install/husarion_office_gz/share/husarion_office_gz/worlds//models/AdjTable/thumbnails/1.png
-- Up-to-date symlink: /home/nuctella/ros2_ws/ws/install/husarion_office_gz/share/husarion_office_gz/worlds//models/AdjTable/thumbnails/2.png
-- Up-to-date symlink: /home/nuctella/ros2_ws/ws/install/husarion_office_gz/share/husarion_office_gz/worlds//models/AdjTable/thumbnails/3.png
-- Up-to-date symlink: /home/nuctella/ros2_ws/ws/install/husarion_office_gz/share/husarion_office_gz/worlds//models/AdjTable/thumbnails/4.png
-- Up-to-date symlink: /home/nuctella/ros2_ws/ws/install/husarion_office_gz/share/husarion_office_gz/worlds//models/AdjTable/thumbnails/5.png
-- Up-to-date symlink: /home/nuctella/ros2_ws/ws/install/husarion_office_gz/share/husarion_office_gz/worlds//models/BathroomSink/meshes/BathroomSink.mtl
-- Up-to-date symlink: /home/nuctella/ros2_ws/ws/install/husarion_office_gz/share/husarion_office_gz/worlds//models/BathroomSink/meshes/BathroomSink.obj
-- Up-to-date symlink: /home/nuctella/ros2_ws/ws/install/husarion_office_gz/share/husarion_office_gz/worlds//models/BathroomSink/meshes/BathroomSink_Col.mtl
-- Up-to-date symlink: /home/nuctella/ros2_ws/ws/install/husarion_office_gz/share/husarion_office_gz/worlds//models/BathroomSink/meshes/BathroomSink_Col.obj
-- Up-to-date symlink: /home/nuctella/ros2_ws/ws/install/husarion_office_gz/share/husarion_office_gz/worlds//models/BathroomSink/meshes/BathroomSink_Diffuse.png
-- Up-to-date symlink: /home/nuctella/ros2_ws/ws/install/husarion_office_gz/share/husarion_office_gz/worlds//models/BathroomSink/meshes/BathroomSink_Metal.png
-- Up-to-date symlink: /home/nuctella/ros2_ws/ws/install/husarion_office_gz/share/husarion_office_gz/worlds//models/BathroomSink/meshes/BathroomSink_Rough.png
-- Up-to-date symlink: /home/nuctella/ros2_ws/ws/install/husarion_office_gz/share/husarion_office_gz/worlds//models/BathroomSink/model.config
-- Up-to-date symlink: /home/nuctella/ros2_ws/ws/install/husarion_office_gz/share/husarion_office_gz/worlds//models/BathroomSink/model.sdf
-- Up-to-date symlink: /home/nuctella/ros2_ws/ws/install/husarion_office_gz/share/husarion_office_gz/worlds//models/BathroomSink/thumbnails/1.png
-- Up-to-date symlink: /home/nuctella/ros2_ws/ws/install/husarion_office_gz/share/husarion_office_gz/worlds//models/BathroomSink/thumbnails/2.png
-- Up-to-date symlink: /home/nuctella/ros2_ws/ws/install/husarion_office_gz/share/husarion_office_gz/worlds//models/BathroomSink/thumbnails/3.png
-- Up-to-date symlink: /home/nuctella/ros2_ws/ws/install/husarion_office_gz/share/husarion_office_gz/worlds//models/BathroomSink/thumbnails/4.png
-- Up-to-date symlink: /home/nuctella/ros2_ws/ws/install/husarion_office_gz/share/husarion_office_gz/worlds//models/BathroomSink/thumbnails/5.png
-- Up-to-date symlink: /home/nuctella/ros2_ws/ws/install/husarion_office_gz/share/husarion_office_gz/worlds//models/CoffeeTable/meshes/CoffeeTable.mtl
-- Up-to-date symlink: /home/nuctella/ros2_ws/ws/install/husarion_office_gz/share/husarion_office_gz/worlds//models/CoffeeTable/meshes/CoffeeTable.obj
-- Up-to-date symlink: /home/nuctella/ros2_ws/ws/install/husarion_office_gz/share/husarion_office_gz/worlds//models/CoffeeTable/meshes/CoffeeTable_Diffuse.png
-- Up-to-date symlink: /home/nuctella/ros2_ws/ws/install/husarion_office_gz/share/husarion_office_gz/worlds//models/CoffeeTable/meshes/CoffeeTable_Normal.png
-- Up-to-date symlink: /home/nuctella/ros2_ws/ws/install/husarion_office_gz/share/husarion_office_gz/worlds//models/CoffeeTable/meshes/CoffeeTable_SpecGloss.png
-- Up-to-date symlink: /home/nuctella/ros2_ws/ws/install/husarion_office_gz/share/husarion_office_gz/worlds//models/CoffeeTable/model.config
-- Up-to-date symlink: /home/nuctella/ros2_ws/ws/install/husarion_office_gz/share/husarion_office_gz/worlds//models/CoffeeTable/model.sdf
-- Up-to-date symlink: /home/nuctella/ros2_ws/ws/install/husarion_office_gz/share/husarion_office_gz/worlds//models/CoffeeTable/thumbnails/1.png
-- Up-to-date symlink: /home/nuctella/ros2_ws/ws/install/husarion_office_gz/share/husarion_office_gz/worlds//models/CoffeeTable/thumbnails/2.png
-- Up-to-date symlink: /home/nuctella/ros2_ws/ws/install/husarion_office_gz/share/husarion_office_gz/worlds//models/CoffeeTable/thumbnails/3.png
-- Up-to-date symlink: /home/nuctella/ros2_ws/ws/install/husarion_office_gz/share/husarion_office_gz/worlds//models/CoffeeTable/thumbnails/4.png
-- Up-to-date symlink: /home/nuctella/ros2_ws/ws/install/husarion_office_gz/share/husarion_office_gz/worlds//models/CoffeeTable/thumbnails/5.png
-- Up-to-date symlink: /home/nuctella/ros2_ws/ws/install/husarion_office_gz/share/husarion_office_gz/worlds//models/ConfTable/meshes/ConfTable2.stl
-- Up-to-date symlink: /home/nuctella/ros2_ws/ws/install/husarion_office_gz/share/husarion_office_gz/worlds//models/ConfTable/model.config
-- Up-to-date symlink: /home/nuctella/ros2_ws/ws/install/husarion_office_gz/share/husarion_office_gz/worlds//models/ConfTable/model.sdf
-- Up-to-date symlink: /home/nuctella/ros2_ws/ws/install/husarion_office_gz/share/husarion_office_gz/worlds//models/DeskChair/materials/textures/DeskChair.png
-- Up-to-date symlink: /home/nuctella/ros2_ws/ws/install/husarion_office_gz/share/husarion_office_gz/worlds//models/DeskChair/meshes/DeskChair.mtl
-- Up-to-date symlink: /home/nuctella/ros2_ws/ws/install/husarion_office_gz/share/husarion_office_gz/worlds//models/DeskChair/meshes/DeskChair.obj
-- Up-to-date symlink: /home/nuctella/ros2_ws/ws/install/husarion_office_gz/share/husarion_office_gz/worlds//models/DeskChair/model.config
-- Up-to-date symlink: /home/nuctella/ros2_ws/ws/install/husarion_office_gz/share/husarion_office_gz/worlds//models/DeskChair/model.sdf
-- Up-to-date symlink: /home/nuctella/ros2_ws/ws/install/husarion_office_gz/share/husarion_office_gz/worlds//models/DeskChair/thumbnails/1.png
-- Up-to-date symlink: /home/nuctella/ros2_ws/ws/install/husarion_office_gz/share/husarion_office_gz/worlds//models/DeskChair/thumbnails/2.png
-- Up-to-date symlink: /home/nuctella/ros2_ws/ws/install/husarion_office_gz/share/husarion_office_gz/worlds//models/DeskChair/thumbnails/3.png
-- Up-to-date symlink: /home/nuctella/ros2_ws/ws/install/husarion_office_gz/share/husarion_office_gz/worlds//models/DeskChair/thumbnails/4.png
-- Up-to-date symlink: /home/nuctella/ros2_ws/ws/install/husarion_office_gz/share/husarion_office_gz/worlds//models/DeskChair/thumbnails/5.png
-- Up-to-date symlink: /home/nuctella/ros2_ws/ws/install/husarion_office_gz/share/husarion_office_gz/worlds//models/Door/meshes/door.stl
-- Up-to-date symlink: /home/nuctella/ros2_ws/ws/install/husarion_office_gz/share/husarion_office_gz/worlds//models/Door/model.config
-- Up-to-date symlink: /home/nuctella/ros2_ws/ws/install/husarion_office_gz/share/husarion_office_gz/worlds//models/Door/model.sdf
-- Up-to-date symlink: /home/nuctella/ros2_ws/ws/install/husarion_office_gz/share/husarion_office_gz/worlds//models/Drawer/meshes/Drawer.mtl
-- Up-to-date symlink: /home/nuctella/ros2_ws/ws/install/husarion_office_gz/share/husarion_office_gz/worlds//models/Drawer/meshes/Drawer.obj
-- Up-to-date symlink: /home/nuctella/ros2_ws/ws/install/husarion_office_gz/share/husarion_office_gz/worlds//models/Drawer/meshes/Drawer.png
-- Up-to-date symlink: /home/nuctella/ros2_ws/ws/install/husarion_office_gz/share/husarion_office_gz/worlds//models/Drawer/meshes/Drawer_Col.obj
-- Up-to-date symlink: /home/nuctella/ros2_ws/ws/install/husarion_office_gz/share/husarion_office_gz/worlds//models/Drawer/model.config
-- Up-to-date symlink: /home/nuctella/ros2_ws/ws/install/husarion_office_gz/share/husarion_office_gz/worlds//models/Drawer/model.sdf
-- Up-to-date symlink: /home/nuctella/ros2_ws/ws/install/husarion_office_gz/share/husarion_office_gz/worlds//models/Drawer/thumbnails/1.png
-- Up-to-date symlink: /home/nuctella/ros2_ws/ws/install/husarion_office_gz/share/husarion_office_gz/worlds//models/Drawer/thumbnails/2.png
-- Up-to-date symlink: /home/nuctella/ros2_ws/ws/install/husarion_office_gz/share/husarion_office_gz/worlds//models/Drawer/thumbnails/3.png
-- Up-to-date symlink: /home/nuctella/ros2_ws/ws/install/husarion_office_gz/share/husarion_office_gz/worlds//models/Drawer/thumbnails/4.png
-- Up-to-date symlink: /home/nuctella/ros2_ws/ws/install/husarion_office_gz/share/husarion_office_gz/worlds//models/Drawer/thumbnails/5.png
-- Up-to-date symlink: /home/nuctella/ros2_ws/ws/install/husarion_office_gz/share/husarion_office_gz/worlds//models/Fridge/meshes/Fridge.mtl
-- Up-to-date symlink: /home/nuctella/ros2_ws/ws/install/husarion_office_gz/share/husarion_office_gz/worlds//models/Fridge/meshes/Fridge.obj
-- Up-to-date symlink: /home/nuctella/ros2_ws/ws/install/husarion_office_gz/share/husarion_office_gz/worlds//models/Fridge/meshes/Fridge_Col.mtl
-- Up-to-date symlink: /home/nuctella/ros2_ws/ws/install/husarion_office_gz/share/husarion_office_gz/worlds//models/Fridge/meshes/Fridge_Col.obj
-- Up-to-date symlink: /home/nuctella/ros2_ws/ws/install/husarion_office_gz/share/husarion_office_gz/worlds//models/Fridge/meshes/Fridge_Diffuse.png
-- Up-to-date symlink: /home/nuctella/ros2_ws/ws/install/husarion_office_gz/share/husarion_office_gz/worlds//models/Fridge/model.config
-- Up-to-date symlink: /home/nuctella/ros2_ws/ws/install/husarion_office_gz/share/husarion_office_gz/worlds//models/Fridge/model.sdf
-- Up-to-date symlink: /home/nuctella/ros2_ws/ws/install/husarion_office_gz/share/husarion_office_gz/worlds//models/Fridge/thumbnails/1.png
-- Up-to-date symlink: /home/nuctella/ros2_ws/ws/install/husarion_office_gz/share/husarion_office_gz/worlds//models/Fridge/thumbnails/2.png
-- Up-to-date symlink: /home/nuctella/ros2_ws/ws/install/husarion_office_gz/share/husarion_office_gz/worlds//models/Fridge/thumbnails/3.png
-- Up-to-date symlink: /home/nuctella/ros2_ws/ws/install/husarion_office_gz/share/husarion_office_gz/worlds//models/Fridge/thumbnails/4.png
-- Up-to-date symlink: /home/nuctella/ros2_ws/ws/install/husarion_office_gz/share/husarion_office_gz/worlds//models/Fridge/thumbnails/5.png
-- Up-to-date symlink: /home/nuctella/ros2_ws/ws/install/husarion_office_gz/share/husarion_office_gz/worlds//models/Kitchen/meshes/kitchen.stl
-- Up-to-date symlink: /home/nuctella/ros2_ws/ws/install/husarion_office_gz/share/husarion_office_gz/worlds//models/Kitchen/model.config
-- Up-to-date symlink: /home/nuctella/ros2_ws/ws/install/husarion_office_gz/share/husarion_office_gz/worlds//models/Kitchen/model.sdf
-- Up-to-date symlink: /home/nuctella/ros2_ws/ws/install/husarion_office_gz/share/husarion_office_gz/worlds//models/Laptop/meshes/laptop.stl
-- Up-to-date symlink: /home/nuctella/ros2_ws/ws/install/husarion_office_gz/share/husarion_office_gz/worlds//models/Laptop/model.config
-- Up-to-date symlink: /home/nuctella/ros2_ws/ws/install/husarion_office_gz/share/husarion_office_gz/worlds//models/Laptop/model.sdf
-- Up-to-date symlink: /home/nuctella/ros2_ws/ws/install/husarion_office_gz/share/husarion_office_gz/worlds//models/MopCart2/meshes/BigRed.png
-- Up-to-date symlink: /home/nuctella/ros2_ws/ws/install/husarion_office_gz/share/husarion_office_gz/worlds//models/MopCart2/meshes/Blue.png
-- Up-to-date symlink: /home/nuctella/ros2_ws/ws/install/husarion_office_gz/share/husarion_office_gz/worlds//models/MopCart2/meshes/Broom.png
-- Up-to-date symlink: /home/nuctella/ros2_ws/ws/install/husarion_office_gz/share/husarion_office_gz/worlds//models/MopCart2/meshes/Cart2.png
-- Up-to-date symlink: /home/nuctella/ros2_ws/ws/install/husarion_office_gz/share/husarion_office_gz/worlds//models/MopCart2/meshes/Cloth.png
-- Up-to-date symlink: /home/nuctella/ros2_ws/ws/install/husarion_office_gz/share/husarion_office_gz/worlds//models/MopCart2/meshes/Duster.png
-- Up-to-date symlink: /home/nuctella/ros2_ws/ws/install/husarion_office_gz/share/husarion_office_gz/worlds//models/MopCart2/meshes/Mop.png
-- Up-to-date symlink: /home/nuctella/ros2_ws/ws/install/husarion_office_gz/share/husarion_office_gz/worlds//models/MopCart2/meshes/MopCart2.mtl
-- Up-to-date symlink: /home/nuctella/ros2_ws/ws/install/husarion_office_gz/share/husarion_office_gz/worlds//models/MopCart2/meshes/MopCart2.obj
-- Up-to-date symlink: /home/nuctella/ros2_ws/ws/install/husarion_office_gz/share/husarion_office_gz/worlds//models/MopCart2/meshes/Tongs.png
-- Up-to-date symlink: /home/nuctella/ros2_ws/ws/install/husarion_office_gz/share/husarion_office_gz/worlds//models/MopCart2/model.config
-- Up-to-date symlink: /home/nuctella/ros2_ws/ws/install/husarion_office_gz/share/husarion_office_gz/worlds//models/MopCart2/model.sdf
-- Up-to-date symlink: /home/nuctella/ros2_ws/ws/install/husarion_office_gz/share/husarion_office_gz/worlds//models/MopCart2/thumbnails/1.png
-- Up-to-date symlink: /home/nuctella/ros2_ws/ws/install/husarion_office_gz/share/husarion_office_gz/worlds//models/MopCart2/thumbnails/2.png
-- Up-to-date symlink: /home/nuctella/ros2_ws/ws/install/husarion_office_gz/share/husarion_office_gz/worlds//models/MopCart2/thumbnails/3.png
-- Up-to-date symlink: /home/nuctella/ros2_ws/ws/install/husarion_office_gz/share/husarion_office_gz/worlds//models/MopCart2/thumbnails/4.png
-- Up-to-date symlink: /home/nuctella/ros2_ws/ws/install/husarion_office_gz/share/husarion_office_gz/worlds//models/MopCart2/thumbnails/5.png
-- Up-to-date symlink: /home/nuctella/ros2_ws/ws/install/husarion_office_gz/share/husarion_office_gz/worlds//models/MopCart3/meshes/Blue.png
-- Up-to-date symlink: /home/nuctella/ros2_ws/ws/install/husarion_office_gz/share/husarion_office_gz/worlds//models/MopCart3/meshes/Cart.png
-- Up-to-date symlink: /home/nuctella/ros2_ws/ws/install/husarion_office_gz/share/husarion_office_gz/worlds//models/MopCart3/meshes/Cloth.png
-- Up-to-date symlink: /home/nuctella/ros2_ws/ws/install/husarion_office_gz/share/husarion_office_gz/worlds//models/MopCart3/meshes/Duster.png
-- Up-to-date symlink: /home/nuctella/ros2_ws/ws/install/husarion_office_gz/share/husarion_office_gz/worlds//models/MopCart3/meshes/Glove.png
-- Up-to-date symlink: /home/nuctella/ros2_ws/ws/install/husarion_office_gz/share/husarion_office_gz/worlds//models/MopCart3/meshes/Mop.png
-- Up-to-date symlink: /home/nuctella/ros2_ws/ws/install/husarion_office_gz/share/husarion_office_gz/worlds//models/MopCart3/meshes/MopCart3.mtl
-- Up-to-date symlink: /home/nuctella/ros2_ws/ws/install/husarion_office_gz/share/husarion_office_gz/worlds//models/MopCart3/meshes/MopCart3.obj
-- Up-to-date symlink: /home/nuctella/ros2_ws/ws/install/husarion_office_gz/share/husarion_office_gz/worlds//models/MopCart3/meshes/Parcel.png
-- Up-to-date symlink: /home/nuctella/ros2_ws/ws/install/husarion_office_gz/share/husarion_office_gz/worlds//models/MopCart3/meshes/Plastic.png
-- Up-to-date symlink: /home/nuctella/ros2_ws/ws/install/husarion_office_gz/share/husarion_office_gz/worlds//models/MopCart3/meshes/Red.png
-- Up-to-date symlink: /home/nuctella/ros2_ws/ws/install/husarion_office_gz/share/husarion_office_gz/worlds//models/MopCart3/meshes/Sign.png
-- Up-to-date symlink: /home/nuctella/ros2_ws/ws/install/husarion_office_gz/share/husarion_office_gz/worlds//models/MopCart3/meshes/Spray.png
-- Up-to-date symlink: /home/nuctella/ros2_ws/ws/install/husarion_office_gz/share/husarion_office_gz/worlds//models/MopCart3/model.config
-- Up-to-date symlink: /home/nuctella/ros2_ws/ws/install/husarion_office_gz/share/husarion_office_gz/worlds//models/MopCart3/model.sdf
-- Up-to-date symlink: /home/nuctella/ros2_ws/ws/install/husarion_office_gz/share/husarion_office_gz/worlds//models/MopCart3/thumbnails/1.png
-- Up-to-date symlink: /home/nuctella/ros2_ws/ws/install/husarion_office_gz/share/husarion_office_gz/worlds//models/MopCart3/thumbnails/2.png
-- Up-to-date symlink: /home/nuctella/ros2_ws/ws/install/husarion_office_gz/share/husarion_office_gz/worlds//models/MopCart3/thumbnails/3.png
-- Up-to-date symlink: /home/nuctella/ros2_ws/ws/install/husarion_office_gz/share/husarion_office_gz/worlds//models/MopCart3/thumbnails/4.png
-- Up-to-date symlink: /home/nuctella/ros2_ws/ws/install/husarion_office_gz/share/husarion_office_gz/worlds//models/MopCart3/thumbnails/5.png
-- Up-to-date symlink: /home/nuctella/ros2_ws/ws/install/husarion_office_gz/share/husarion_office_gz/worlds//models/MopCart4/meshes/Cart.png
-- Up-to-date symlink: /home/nuctella/ros2_ws/ws/install/husarion_office_gz/share/husarion_office_gz/worlds//models/MopCart4/meshes/MopCart4.mtl
-- Up-to-date symlink: /home/nuctella/ros2_ws/ws/install/husarion_office_gz/share/husarion_office_gz/worlds//models/MopCart4/meshes/MopCart4.obj
-- Up-to-date symlink: /home/nuctella/ros2_ws/ws/install/husarion_office_gz/share/husarion_office_gz/worlds//models/MopCart4/meshes/blue.png
-- Up-to-date symlink: /home/nuctella/ros2_ws/ws/install/husarion_office_gz/share/husarion_office_gz/worlds//models/MopCart4/meshes/red.png
-- Up-to-date symlink: /home/nuctella/ros2_ws/ws/install/husarion_office_gz/share/husarion_office_gz/worlds//models/MopCart4/model.config
-- Up-to-date symlink: /home/nuctella/ros2_ws/ws/install/husarion_office_gz/share/husarion_office_gz/worlds//models/MopCart4/model.sdf
-- Up-to-date symlink: /home/nuctella/ros2_ws/ws/install/husarion_office_gz/share/husarion_office_gz/worlds//models/MopCart4/thumbnails/1.png
-- Up-to-date symlink: /home/nuctella/ros2_ws/ws/install/husarion_office_gz/share/husarion_office_gz/worlds//models/MopCart4/thumbnails/2.png
-- Up-to-date symlink: /home/nuctella/ros2_ws/ws/install/husarion_office_gz/share/husarion_office_gz/worlds//models/MopCart4/thumbnails/3.png
-- Up-to-date symlink: /home/nuctella/ros2_ws/ws/install/husarion_office_gz/share/husarion_office_gz/worlds//models/MopCart4/thumbnails/4.png
-- Up-to-date symlink: /home/nuctella/ros2_ws/ws/install/husarion_office_gz/share/husarion_office_gz/worlds//models/MopCart4/thumbnails/5.png
-- Up-to-date symlink: /home/nuctella/ros2_ws/ws/install/husarion_office_gz/share/husarion_office_gz/worlds//models/OfficeChairBlack/meshes/OfficeChairBlack.mtl
-- Up-to-date symlink: /home/nuctella/ros2_ws/ws/install/husarion_office_gz/share/husarion_office_gz/worlds//models/OfficeChairBlack/meshes/OfficeChairBlack.obj
-- Up-to-date symlink: /home/nuctella/ros2_ws/ws/install/husarion_office_gz/share/husarion_office_gz/worlds//models/OfficeChairBlack/meshes/OfficeChairBlack.png
-- Up-to-date symlink: /home/nuctella/ros2_ws/ws/install/husarion_office_gz/share/husarion_office_gz/worlds//models/OfficeChairBlack/meshes/OfficeChairBlack_Col.mtl
-- Up-to-date symlink: /home/nuctella/ros2_ws/ws/install/husarion_office_gz/share/husarion_office_gz/worlds//models/OfficeChairBlack/meshes/OfficeChairBlack_Col.obj
-- Up-to-date symlink: /home/nuctella/ros2_ws/ws/install/husarion_office_gz/share/husarion_office_gz/worlds//models/OfficeChairBlack/model.config
-- Up-to-date symlink: /home/nuctella/ros2_ws/ws/install/husarion_office_gz/share/husarion_office_gz/worlds//models/OfficeChairBlack/model.sdf
-- Up-to-date symlink: /home/nuctella/ros2_ws/ws/install/husarion_office_gz/share/husarion_office_gz/worlds//models/OfficeChairBlack/thumbnails/1.png
-- Up-to-date symlink: /home/nuctella/ros2_ws/ws/install/husarion_office_gz/share/husarion_office_gz/worlds//models/OfficeChairBlack/thumbnails/2.png
-- Up-to-date symlink: /home/nuctella/ros2_ws/ws/install/husarion_office_gz/share/husarion_office_gz/worlds//models/OfficeChairBlack/thumbnails/3.png
-- Up-to-date symlink: /home/nuctella/ros2_ws/ws/install/husarion_office_gz/share/husarion_office_gz/worlds//models/OfficeChairBlack/thumbnails/4.png
-- Up-to-date symlink: /home/nuctella/ros2_ws/ws/install/husarion_office_gz/share/husarion_office_gz/worlds//models/OfficeChairBlack/thumbnails/5.png
-- Up-to-date symlink: /home/nuctella/ros2_ws/ws/install/husarion_office_gz/share/husarion_office_gz/worlds//models/OfficeChairBlack/thumbnails/meta/1.png
-- Up-to-date symlink: /home/nuctella/ros2_ws/ws/install/husarion_office_gz/share/husarion_office_gz/worlds//models/OfficeChairBlack/thumbnails/meta/2.png
-- Up-to-date symlink: /home/nuctella/ros2_ws/ws/install/husarion_office_gz/share/husarion_office_gz/worlds//models/OfficeChairBlack/thumbnails/meta/3.png
-- Up-to-date symlink: /home/nuctella/ros2_ws/ws/install/husarion_office_gz/share/husarion_office_gz/worlds//models/OfficeChairBlack/thumbnails/meta/4.png
-- Up-to-date symlink: /home/nuctella/ros2_ws/ws/install/husarion_office_gz/share/husarion_office_gz/worlds//models/OfficeChairBlack/thumbnails/meta/5.png
-- Up-to-date symlink: /home/nuctella/ros2_ws/ws/install/husarion_office_gz/share/husarion_office_gz/worlds//models/SquareShelf/meshes/SquareShelf.mtl
-- Up-to-date symlink: /home/nuctella/ros2_ws/ws/install/husarion_office_gz/share/husarion_office_gz/worlds//models/SquareShelf/meshes/SquareShelf.obj
-- Up-to-date symlink: /home/nuctella/ros2_ws/ws/install/husarion_office_gz/share/husarion_office_gz/worlds//models/SquareShelf/meshes/SquareShelf_Col.mtl
-- Up-to-date symlink: /home/nuctella/ros2_ws/ws/install/husarion_office_gz/share/husarion_office_gz/worlds//models/SquareShelf/meshes/SquareShelf_Col.obj
-- Up-to-date symlink: /home/nuctella/ros2_ws/ws/install/husarion_office_gz/share/husarion_office_gz/worlds//models/SquareShelf/meshes/SquareShelf_Diffuse.png
-- Up-to-date symlink: /home/nuctella/ros2_ws/ws/install/husarion_office_gz/share/husarion_office_gz/worlds//models/SquareShelf/model.config
-- Up-to-date symlink: /home/nuctella/ros2_ws/ws/install/husarion_office_gz/share/husarion_office_gz/worlds//models/SquareShelf/model.sdf
-- Up-to-date symlink: /home/nuctella/ros2_ws/ws/install/husarion_office_gz/share/husarion_office_gz/worlds//models/SquareShelf/thumbnails/1.png
-- Up-to-date symlink: /home/nuctella/ros2_ws/ws/install/husarion_office_gz/share/husarion_office_gz/worlds//models/SquareShelf/thumbnails/2.png
-- Up-to-date symlink: /home/nuctella/ros2_ws/ws/install/husarion_office_gz/share/husarion_office_gz/worlds//models/SquareShelf/thumbnails/3.png
-- Up-to-date symlink: /home/nuctella/ros2_ws/ws/install/husarion_office_gz/share/husarion_office_gz/worlds//models/SquareShelf/thumbnails/4.png
-- Up-to-date symlink: /home/nuctella/ros2_ws/ws/install/husarion_office_gz/share/husarion_office_gz/worlds//models/SquareShelf/thumbnails/5.png
-- Up-to-date symlink: /home/nuctella/ros2_ws/ws/install/husarion_office_gz/share/husarion_office_gz/worlds//models/Stairs/model.config
-- Up-to-date symlink: /home/nuctella/ros2_ws/ws/install/husarion_office_gz/share/husarion_office_gz/worlds//models/Stairs/model.sdf
-- Up-to-date symlink: /home/nuctella/ros2_ws/ws/install/husarion_office_gz/share/husarion_office_gz/worlds//models/Table/Table_Diffuse.jpg
-- Up-to-date symlink: /home/nuctella/ros2_ws/ws/install/husarion_office_gz/share/husarion_office_gz/worlds//models/Table/model-1_2.sdf
-- Up-to-date symlink: /home/nuctella/ros2_ws/ws/install/husarion_office_gz/share/husarion_office_gz/worlds//models/Table/model-1_3.sdf
-- Up-to-date symlink: /home/nuctella/ros2_ws/ws/install/husarion_office_gz/share/husarion_office_gz/worlds//models/Table/model-1_4.sdf
-- Up-to-date symlink: /home/nuctella/ros2_ws/ws/install/husarion_office_gz/share/husarion_office_gz/worlds//models/Table/model.config
-- Up-to-date symlink: /home/nuctella/ros2_ws/ws/install/husarion_office_gz/share/husarion_office_gz/worlds//models/Table/model.sdf
-- Up-to-date symlink: /home/nuctella/ros2_ws/ws/install/husarion_office_gz/share/husarion_office_gz/worlds//models/Table/thumbnails/1.png
-- Up-to-date symlink: /home/nuctella/ros2_ws/ws/install/husarion_office_gz/share/husarion_office_gz/worlds//models/Table/thumbnails/2.png
-- Up-to-date symlink: /home/nuctella/ros2_ws/ws/install/husarion_office_gz/share/husarion_office_gz/worlds//models/Table/thumbnails/3.png
-- Up-to-date symlink: /home/nuctella/ros2_ws/ws/install/husarion_office_gz/share/husarion_office_gz/worlds//models/Table/thumbnails/4.png
-- Up-to-date symlink: /home/nuctella/ros2_ws/ws/install/husarion_office_gz/share/husarion_office_gz/worlds//models/Table/thumbnails/5.png
-- Up-to-date symlink: /home/nuctella/ros2_ws/ws/install/husarion_office_gz/share/husarion_office_gz/worlds//models/Toilet/meshes/toilet.mtl
-- Up-to-date symlink: /home/nuctella/ros2_ws/ws/install/husarion_office_gz/share/husarion_office_gz/worlds//models/Toilet/meshes/toilet.obj
-- Up-to-date symlink: /home/nuctella/ros2_ws/ws/install/husarion_office_gz/share/husarion_office_gz/worlds//models/Toilet/model.config
-- Up-to-date symlink: /home/nuctella/ros2_ws/ws/install/husarion_office_gz/share/husarion_office_gz/worlds//models/Toilet/model.sdf
-- Up-to-date symlink: /home/nuctella/ros2_ws/ws/install/husarion_office_gz/share/husarion_office_gz/worlds//models/Toilet/thumbnails/1.png
-- Up-to-date symlink: /home/nuctella/ros2_ws/ws/install/husarion_office_gz/share/husarion_office_gz/worlds//models/Toilet/thumbnails/2.png
-- Up-to-date symlink: /home/nuctella/ros2_ws/ws/install/husarion_office_gz/share/husarion_office_gz/worlds//models/Toilet/thumbnails/3.png
-- Up-to-date symlink: /home/nuctella/ros2_ws/ws/install/husarion_office_gz/share/husarion_office_gz/worlds//models/Toilet/thumbnails/4.png
-- Up-to-date symlink: /home/nuctella/ros2_ws/ws/install/husarion_office_gz/share/husarion_office_gz/worlds//models/Toilet/thumbnails/5.png
-- Up-to-date symlink: /home/nuctella/ros2_ws/ws/install/husarion_office_gz/share/husarion_office_gz/worlds//models/TrashBin/meshes/TrashBin.mtl
-- Up-to-date symlink: /home/nuctella/ros2_ws/ws/install/husarion_office_gz/share/husarion_office_gz/worlds//models/TrashBin/meshes/TrashBin.obj
-- Up-to-date symlink: /home/nuctella/ros2_ws/ws/install/husarion_office_gz/share/husarion_office_gz/worlds//models/TrashBin/meshes/TrashBin_Diffuse.png
-- Up-to-date symlink: /home/nuctella/ros2_ws/ws/install/husarion_office_gz/share/husarion_office_gz/worlds//models/TrashBin/model.config
-- Up-to-date symlink: /home/nuctella/ros2_ws/ws/install/husarion_office_gz/share/husarion_office_gz/worlds//models/TrashBin/model.sdf
-- Up-to-date symlink: /home/nuctella/ros2_ws/ws/install/husarion_office_gz/share/husarion_office_gz/worlds//models/TrashBin/thumbnails/1.png
-- Up-to-date symlink: /home/nuctella/ros2_ws/ws/install/husarion_office_gz/share/husarion_office_gz/worlds//models/TrashBin/thumbnails/2.png
-- Up-to-date symlink: /home/nuctella/ros2_ws/ws/install/husarion_office_gz/share/husarion_office_gz/worlds//models/TrashBin/thumbnails/3.png
-- Up-to-date symlink: /home/nuctella/ros2_ws/ws/install/husarion_office_gz/share/husarion_office_gz/worlds//models/TrashBin/thumbnails/4.png
-- Up-to-date symlink: /home/nuctella/ros2_ws/ws/install/husarion_office_gz/share/husarion_office_gz/worlds//models/TrashBin/thumbnails/5.png
-- Up-to-date symlink: /home/nuctella/ros2_ws/ws/install/husarion_office_gz/share/husarion_office_gz/worlds//models/Tv/meshes/tv.stl
-- Up-to-date symlink: /home/nuctella/ros2_ws/ws/install/husarion_office_gz/share/husarion_office_gz/worlds//models/Tv/model.config
-- Up-to-date symlink: /home/nuctella/ros2_ws/ws/install/husarion_office_gz/share/husarion_office_gz/worlds//models/Tv/model.sdf
-- Up-to-date symlink: /home/nuctella/ros2_ws/ws/install/husarion_office_gz/share/husarion_office_gz/worlds//models/WaterDispenser/meshes/WaterDispenser.dae
-- Up-to-date symlink: /home/nuctella/ros2_ws/ws/install/husarion_office_gz/share/husarion_office_gz/worlds//models/WaterDispenser/model.config
-- Up-to-date symlink: /home/nuctella/ros2_ws/ws/install/husarion_office_gz/share/husarion_office_gz/worlds//models/WaterDispenser/model.sdf
-- Up-to-date symlink: /home/nuctella/ros2_ws/ws/install/husarion_office_gz/share/husarion_office_gz/worlds//models/WhiteCabinet/meshes/WhiteCabinet.mtl
-- Up-to-date symlink: /home/nuctella/ros2_ws/ws/install/husarion_office_gz/share/husarion_office_gz/worlds//models/WhiteCabinet/meshes/WhiteCabinet.obj
-- Up-to-date symlink: /home/nuctella/ros2_ws/ws/install/husarion_office_gz/share/husarion_office_gz/worlds//models/WhiteCabinet/meshes/WhiteCabinet.png
-- Up-to-date symlink: /home/nuctella/ros2_ws/ws/install/husarion_office_gz/share/husarion_office_gz/worlds//models/WhiteCabinet/model.config
-- Up-to-date symlink: /home/nuctella/ros2_ws/ws/install/husarion_office_gz/share/husarion_office_gz/worlds//models/WhiteCabinet/model.sdf
-- Up-to-date symlink: /home/nuctella/ros2_ws/ws/install/husarion_office_gz/share/husarion_office_gz/worlds//models/WhiteCabinet/thumbnails/1.png
-- Up-to-date symlink: /home/nuctella/ros2_ws/ws/install/husarion_office_gz/share/husarion_office_gz/worlds//models/WhiteCabinet/thumbnails/2.png
-- Up-to-date symlink: /home/nuctella/ros2_ws/ws/install/husarion_office_gz/share/husarion_office_gz/worlds//models/WhiteCabinet/thumbnails/3.png
-- Up-to-date symlink: /home/nuctella/ros2_ws/ws/install/husarion_office_gz/share/husarion_office_gz/worlds//models/WhiteCabinet/thumbnails/4.png
-- Up-to-date symlink: /home/nuctella/ros2_ws/ws/install/husarion_office_gz/share/husarion_office_gz/worlds//models/WhiteCabinet/thumbnails/5.png
-- Up-to-date symlink: /home/nuctella/ros2_ws/ws/install/husarion_office_gz/share/husarion_office_gz/worlds//models/WoodenChair/meshes/WoodenChair.mtl
-- Up-to-date symlink: /home/nuctella/ros2_ws/ws/install/husarion_office_gz/share/husarion_office_gz/worlds//models/WoodenChair/meshes/WoodenChair.obj
-- Up-to-date symlink: /home/nuctella/ros2_ws/ws/install/husarion_office_gz/share/husarion_office_gz/worlds//models/WoodenChair/meshes/WoodenChair_Col.mtl
-- Up-to-date symlink: /home/nuctella/ros2_ws/ws/install/husarion_office_gz/share/husarion_office_gz/worlds//models/WoodenChair/meshes/WoodenChair_Col.obj
-- Up-to-date symlink: /home/nuctella/ros2_ws/ws/install/husarion_office_gz/share/husarion_office_gz/worlds//models/WoodenChair/meshes/WoodenChair_Diffuse.png
-- Up-to-date symlink: /home/nuctella/ros2_ws/ws/install/husarion_office_gz/share/husarion_office_gz/worlds//models/WoodenChair/meshes/WoodenChair_Rough.png
-- Up-to-date symlink: /home/nuctella/ros2_ws/ws/install/husarion_office_gz/share/husarion_office_gz/worlds//models/WoodenChair/model.config
-- Up-to-date symlink: /home/nuctella/ros2_ws/ws/install/husarion_office_gz/share/husarion_office_gz/worlds//models/WoodenChair/model.sdf
-- Up-to-date symlink: /home/nuctella/ros2_ws/ws/install/husarion_office_gz/share/husarion_office_gz/worlds//models/WoodenChair/thumbnails/1.png
-- Up-to-date symlink: /home/nuctella/ros2_ws/ws/install/husarion_office_gz/share/husarion_office_gz/worlds//models/WoodenChair/thumbnails/2.png
-- Up-to-date symlink: /home/nuctella/ros2_ws/ws/install/husarion_office_gz/share/husarion_office_gz/worlds//models/WoodenChair/thumbnails/3.png
-- Up-to-date symlink: /home/nuctella/ros2_ws/ws/install/husarion_office_gz/share/husarion_office_gz/worlds//models/WoodenChair/thumbnails/4.png
-- Up-to-date symlink: /home/nuctella/ros2_ws/ws/install/husarion_office_gz/share/husarion_office_gz/worlds//models/WoodenChair/thumbnails/5.png
-- Symlinking: /home/nuctella/ros2_ws/ws/install/husarion_office_gz/share/husarion_office_gz/worlds//models/axial_scx10/axial_scx10.sdf
-- Symlinking: /home/nuctella/ros2_ws/ws/install/husarion_office_gz/share/husarion_office_gz/worlds//models/axial_scx10/axial_scx10.sdf.jinja
-- Symlinking: /home/nuctella/ros2_ws/ws/install/husarion_office_gz/share/husarion_office_gz/worlds//models/axial_scx10/axial_scx10.sdf.last_generated
-- Symlinking: /home/nuctella/ros2_ws/ws/install/husarion_office_gz/share/husarion_office_gz/worlds//models/axial_scx10/model.config
-- Symlinking: /home/nuctella/ros2_ws/ws/install/husarion_office_gz/share/husarion_office_gz/worlds//models/boundaries/model.config
-- Symlinking: /home/nuctella/ros2_ws/ws/install/husarion_office_gz/share/husarion_office_gz/worlds//models/boundaries/model.sdf
-- Symlinking: /home/nuctella/ros2_ws/ws/install/husarion_office_gz/share/husarion_office_gz/worlds//models/boundaries_outside/model.config
-- Symlinking: /home/nuctella/ros2_ws/ws/install/husarion_office_gz/share/husarion_office_gz/worlds//models/boundaries_outside/model.sdf
-- Symlinking: /home/nuctella/ros2_ws/ws/install/husarion_office_gz/share/husarion_office_gz/worlds//models/everblock_black/meshes/everblock_black.blend
-- Symlinking: /home/nuctella/ros2_ws/ws/install/husarion_office_gz/share/husarion_office_gz/worlds//models/everblock_black/meshes/everblock_black.dae
-- Symlinking: /home/nuctella/ros2_ws/ws/install/husarion_office_gz/share/husarion_office_gz/worlds//models/everblock_black/meshes/textures/everblock_black_albedo.png
-- Symlinking: /home/nuctella/ros2_ws/ws/install/husarion_office_gz/share/husarion_office_gz/worlds//models/everblock_black/meshes/textures/everblock_black_ao.png
-- Symlinking: /home/nuctella/ros2_ws/ws/install/husarion_office_gz/share/husarion_office_gz/worlds//models/everblock_black/meshes/textures/everblock_black_normal.png
-- Symlinking: /home/nuctella/ros2_ws/ws/install/husarion_office_gz/share/husarion_office_gz/worlds//models/everblock_black/meshes/textures/everblock_black_roughness.png
-- Symlinking: /home/nuctella/ros2_ws/ws/install/husarion_office_gz/share/husarion_office_gz/worlds//models/everblock_black/model.config
-- Symlinking: /home/nuctella/ros2_ws/ws/install/husarion_office_gz/share/husarion_office_gz/worlds//models/everblock_black/model.sdf
-- Symlinking: /home/nuctella/ros2_ws/ws/install/husarion_office_gz/share/husarion_office_gz/worlds//models/everblock_blue/meshes/everblock_blue.blend
-- Symlinking: /home/nuctella/ros2_ws/ws/install/husarion_office_gz/share/husarion_office_gz/worlds//models/everblock_blue/meshes/everblock_blue.dae
-- Symlinking: /home/nuctella/ros2_ws/ws/install/husarion_office_gz/share/husarion_office_gz/worlds//models/everblock_blue/meshes/textures/everblock_blue_albedo.png
-- Symlinking: /home/nuctella/ros2_ws/ws/install/husarion_office_gz/share/husarion_office_gz/worlds//models/everblock_blue/meshes/textures/everblock_blue_ao.png
-- Symlinking: /home/nuctella/ros2_ws/ws/install/husarion_office_gz/share/husarion_office_gz/worlds//models/everblock_blue/meshes/textures/everblock_blue_normal.png
-- Symlinking: /home/nuctella/ros2_ws/ws/install/husarion_office_gz/share/husarion_office_gz/worlds//models/everblock_blue/meshes/textures/everblock_blue_roughness.png
-- Symlinking: /home/nuctella/ros2_ws/ws/install/husarion_office_gz/share/husarion_office_gz/worlds//models/everblock_blue/model.config
-- Symlinking: /home/nuctella/ros2_ws/ws/install/husarion_office_gz/share/husarion_office_gz/worlds//models/everblock_blue/model.sdf
-- Symlinking: /home/nuctella/ros2_ws/ws/install/husarion_office_gz/share/husarion_office_gz/worlds//models/everblock_green/meshes/everblock_green.blend
-- Symlinking: /home/nuctella/ros2_ws/ws/install/husarion_office_gz/share/husarion_office_gz/worlds//models/everblock_green/meshes/everblock_green.dae
-- Symlinking: /home/nuctella/ros2_ws/ws/install/husarion_office_gz/share/husarion_office_gz/worlds//models/everblock_green/meshes/textures/everblock_green_albedo.png
-- Symlinking: /home/nuctella/ros2_ws/ws/install/husarion_office_gz/share/husarion_office_gz/worlds//models/everblock_green/meshes/textures/everblock_green_ao.png
-- Symlinking: /home/nuctella/ros2_ws/ws/install/husarion_office_gz/share/husarion_office_gz/worlds//models/everblock_green/meshes/textures/everblock_green_normal.png
-- Symlinking: /home/nuctella/ros2_ws/ws/install/husarion_office_gz/share/husarion_office_gz/worlds//models/everblock_green/meshes/textures/everblock_green_roughness.png
-- Symlinking: /home/nuctella/ros2_ws/ws/install/husarion_office_gz/share/husarion_office_gz/worlds//models/everblock_green/model.config
-- Symlinking: /home/nuctella/ros2_ws/ws/install/husarion_office_gz/share/husarion_office_gz/worlds//models/everblock_green/model.sdf
-- Symlinking: /home/nuctella/ros2_ws/ws/install/husarion_office_gz/share/husarion_office_gz/worlds//models/everblock_grey/meshes/everblock_grey.blend
-- Symlinking: /home/nuctella/ros2_ws/ws/install/husarion_office_gz/share/husarion_office_gz/worlds//models/everblock_grey/meshes/everblock_grey.dae
-- Symlinking: /home/nuctella/ros2_ws/ws/install/husarion_office_gz/share/husarion_office_gz/worlds//models/everblock_grey/meshes/textures/everblock_grey_albedo.png
-- Symlinking: /home/nuctella/ros2_ws/ws/install/husarion_office_gz/share/husarion_office_gz/worlds//models/everblock_grey/meshes/textures/everblock_grey_ao.png
-- Symlinking: /home/nuctella/ros2_ws/ws/install/husarion_office_gz/share/husarion_office_gz/worlds//models/everblock_grey/meshes/textures/everblock_grey_normal.png
-- Symlinking: /home/nuctella/ros2_ws/ws/install/husarion_office_gz/share/husarion_office_gz/worlds//models/everblock_grey/meshes/textures/everblock_grey_roughness.png
-- Symlinking: /home/nuctella/ros2_ws/ws/install/husarion_office_gz/share/husarion_office_gz/worlds//models/everblock_grey/model.config
-- Symlinking: /home/nuctella/ros2_ws/ws/install/husarion_office_gz/share/husarion_office_gz/worlds//models/everblock_grey/model.sdf
-- Symlinking: /home/nuctella/ros2_ws/ws/install/husarion_office_gz/share/husarion_office_gz/worlds//models/everblock_high_green/meshes/everblock_green.blend
-- Symlinking: /home/nuctella/ros2_ws/ws/install/husarion_office_gz/share/husarion_office_gz/worlds//models/everblock_high_green/meshes/everblock_green.dae
-- Symlinking: /home/nuctella/ros2_ws/ws/install/husarion_office_gz/share/husarion_office_gz/worlds//models/everblock_high_green/meshes/textures/everblock_green_albedo.png
-- Symlinking: /home/nuctella/ros2_ws/ws/install/husarion_office_gz/share/husarion_office_gz/worlds//models/everblock_high_green/meshes/textures/everblock_green_ao.png
-- Symlinking: /home/nuctella/ros2_ws/ws/install/husarion_office_gz/share/husarion_office_gz/worlds//models/everblock_high_green/meshes/textures/everblock_green_normal.png
-- Symlinking: /home/nuctella/ros2_ws/ws/install/husarion_office_gz/share/husarion_office_gz/worlds//models/everblock_high_green/meshes/textures/everblock_green_roughness.png
-- Symlinking: /home/nuctella/ros2_ws/ws/install/husarion_office_gz/share/husarion_office_gz/worlds//models/everblock_high_green/model.config
-- Symlinking: /home/nuctella/ros2_ws/ws/install/husarion_office_gz/share/husarion_office_gz/worlds//models/everblock_high_green/model.sdf
-- Symlinking: /home/nuctella/ros2_ws/ws/install/husarion_office_gz/share/husarion_office_gz/worlds//models/everblock_red/materials/scripts/block_red.material
-- Symlinking: /home/nuctella/ros2_ws/ws/install/husarion_office_gz/share/husarion_office_gz/worlds//models/everblock_red/materials/textures/block.png
-- Symlinking: /home/nuctella/ros2_ws/ws/install/husarion_office_gz/share/husarion_office_gz/worlds//models/everblock_red/meshes/everblock_red.blend
-- Symlinking: /home/nuctella/ros2_ws/ws/install/husarion_office_gz/share/husarion_office_gz/worlds//models/everblock_red/meshes/everblock_red.dae
-- Symlinking: /home/nuctella/ros2_ws/ws/install/husarion_office_gz/share/husarion_office_gz/worlds//models/everblock_red/meshes/textures/everblock_red_albedo.png
-- Symlinking: /home/nuctella/ros2_ws/ws/install/husarion_office_gz/share/husarion_office_gz/worlds//models/everblock_red/meshes/textures/everblock_red_ao.png
-- Symlinking: /home/nuctella/ros2_ws/ws/install/husarion_office_gz/share/husarion_office_gz/worlds//models/everblock_red/meshes/textures/everblock_red_normal.png
-- Symlinking: /home/nuctella/ros2_ws/ws/install/husarion_office_gz/share/husarion_office_gz/worlds//models/everblock_red/meshes/textures/everblock_red_roughness.png
-- Symlinking: /home/nuctella/ros2_ws/ws/install/husarion_office_gz/share/husarion_office_gz/worlds//models/everblock_red/model.config
-- Symlinking: /home/nuctella/ros2_ws/ws/install/husarion_office_gz/share/husarion_office_gz/worlds//models/everblock_red/model.sdf
-- Symlinking: /home/nuctella/ros2_ws/ws/install/husarion_office_gz/share/husarion_office_gz/worlds//models/everblock_small_black/materials/scripts/block_small_black.material
-- Symlinking: /home/nuctella/ros2_ws/ws/install/husarion_office_gz/share/husarion_office_gz/worlds//models/everblock_small_black/materials/textures/block.png
-- Symlinking: /home/nuctella/ros2_ws/ws/install/husarion_office_gz/share/husarion_office_gz/worlds//models/everblock_small_black/meshes/block.dae
-- Symlinking: /home/nuctella/ros2_ws/ws/install/husarion_office_gz/share/husarion_office_gz/worlds//models/everblock_small_black/model.config
-- Symlinking: /home/nuctella/ros2_ws/ws/install/husarion_office_gz/share/husarion_office_gz/worlds//models/everblock_small_black/model.sdf
-- Symlinking: /home/nuctella/ros2_ws/ws/install/husarion_office_gz/share/husarion_office_gz/worlds//models/everblock_small_tunnel/model.config
-- Symlinking: /home/nuctella/ros2_ws/ws/install/husarion_office_gz/share/husarion_office_gz/worlds//models/everblock_small_tunnel/model.sdf
-- Symlinking: /home/nuctella/ros2_ws/ws/install/husarion_office_gz/share/husarion_office_gz/worlds//models/everblock_tiny_black/materials/scripts/block_tiny_black.material
-- Symlinking: /home/nuctella/ros2_ws/ws/install/husarion_office_gz/share/husarion_office_gz/worlds//models/everblock_tiny_black/materials/textures/block.png
-- Symlinking: /home/nuctella/ros2_ws/ws/install/husarion_office_gz/share/husarion_office_gz/worlds//models/everblock_tiny_black/meshes/block.dae
-- Symlinking: /home/nuctella/ros2_ws/ws/install/husarion_office_gz/share/husarion_office_gz/worlds//models/everblock_tiny_black/model.config
-- Symlinking: /home/nuctella/ros2_ws/ws/install/husarion_office_gz/share/husarion_office_gz/worlds//models/everblock_tiny_black/model.sdf
-- Symlinking: /home/nuctella/ros2_ws/ws/install/husarion_office_gz/share/husarion_office_gz/worlds//models/everblock_tunnel/model.config
-- Symlinking: /home/nuctella/ros2_ws/ws/install/husarion_office_gz/share/husarion_office_gz/worlds//models/everblock_tunnel/model.sdf
-- Symlinking: /home/nuctella/ros2_ws/ws/install/husarion_office_gz/share/husarion_office_gz/worlds//models/everblock_white/meshes/everblock_white.blend
-- Symlinking: /home/nuctella/ros2_ws/ws/install/husarion_office_gz/share/husarion_office_gz/worlds//models/everblock_white/meshes/everblock_white.dae
-- Symlinking: /home/nuctella/ros2_ws/ws/install/husarion_office_gz/share/husarion_office_gz/worlds//models/everblock_white/meshes/textures/everblock_white_albedo.png
-- Symlinking: /home/nuctella/ros2_ws/ws/install/husarion_office_gz/share/husarion_office_gz/worlds//models/everblock_white/meshes/textures/everblock_white_ao.png
-- Symlinking: /home/nuctella/ros2_ws/ws/install/husarion_office_gz/share/husarion_office_gz/worlds//models/everblock_white/meshes/textures/everblock_white_normal.png
-- Symlinking: /home/nuctella/ros2_ws/ws/install/husarion_office_gz/share/husarion_office_gz/worlds//models/everblock_white/meshes/textures/everblock_white_roughness.png
-- Symlinking: /home/nuctella/ros2_ws/ws/install/husarion_office_gz/share/husarion_office_gz/worlds//models/everblock_white/model.config
-- Symlinking: /home/nuctella/ros2_ws/ws/install/husarion_office_gz/share/husarion_office_gz/worlds//models/everblock_white/model.sdf
-- Symlinking: /home/nuctella/ros2_ws/ws/install/husarion_office_gz/share/husarion_office_gz/worlds//models/everblock_yellow/meshes/everblock_yellow.blend
-- Symlinking: /home/nuctella/ros2_ws/ws/install/husarion_office_gz/share/husarion_office_gz/worlds//models/everblock_yellow/meshes/everblock_yellow.dae
-- Symlinking: /home/nuctella/ros2_ws/ws/install/husarion_office_gz/share/husarion_office_gz/worlds//models/everblock_yellow/meshes/textures/everblock_yellow_albedo.png
-- Symlinking: /home/nuctella/ros2_ws/ws/install/husarion_office_gz/share/husarion_office_gz/worlds//models/everblock_yellow/meshes/textures/everblock_yellow_ao.png
-- Symlinking: /home/nuctella/ros2_ws/ws/install/husarion_office_gz/share/husarion_office_gz/worlds//models/everblock_yellow/meshes/textures/everblock_yellow_normal.png
-- Symlinking: /home/nuctella/ros2_ws/ws/install/husarion_office_gz/share/husarion_office_gz/worlds//models/everblock_yellow/meshes/textures/everblock_yellow_roughness.png
-- Symlinking: /home/nuctella/ros2_ws/ws/install/husarion_office_gz/share/husarion_office_gz/worlds//models/everblock_yellow/model.config
-- Symlinking: /home/nuctella/ros2_ws/ws/install/husarion_office_gz/share/husarion_office_gz/worlds//models/everblock_yellow/model.sdf
-- Symlinking: /home/nuctella/ros2_ws/ws/install/husarion_office_gz/share/husarion_office_gz/worlds//models/freenove_4wd/freenove_4wd.sdf
-- Symlinking: /home/nuctella/ros2_ws/ws/install/husarion_office_gz/share/husarion_office_gz/worlds//models/freenove_4wd/freenove_4wd.sdf.jinja
-- Symlinking: /home/nuctella/ros2_ws/ws/install/husarion_office_gz/share/husarion_office_gz/worlds//models/freenove_4wd/freenove_4wd.sdf.last_generated
-- Symlinking: /home/nuctella/ros2_ws/ws/install/husarion_office_gz/share/husarion_office_gz/worlds//models/freenove_4wd/model.config
-- Symlinking: /home/nuctella/ros2_ws/ws/install/husarion_office_gz/share/husarion_office_gz/worlds//models/grasspatch/materials/scripts/grass.material
-- Symlinking: /home/nuctella/ros2_ws/ws/install/husarion_office_gz/share/husarion_office_gz/worlds//models/grasspatch/materials/textures/carpet.png
-- Symlinking: /home/nuctella/ros2_ws/ws/install/husarion_office_gz/share/husarion_office_gz/worlds//models/grasspatch/materials/textures/grass_dry.png
-- Symlinking: /home/nuctella/ros2_ws/ws/install/husarion_office_gz/share/husarion_office_gz/worlds//models/grasspatch/materials/textures/marble.png
-- Symlinking: /home/nuctella/ros2_ws/ws/install/husarion_office_gz/share/husarion_office_gz/worlds//models/grasspatch/model.config
-- Symlinking: /home/nuctella/ros2_ws/ws/install/husarion_office_gz/share/husarion_office_gz/worlds//models/grasspatch/model.sdf
-- Symlinking: /home/nuctella/ros2_ws/ws/install/husarion_office_gz/share/husarion_office_gz/worlds//models/grasspatch/thumbnails/grasspatch.jpg
-- Symlinking: /home/nuctella/ros2_ws/ws/install/husarion_office_gz/share/husarion_office_gz/worlds//models/hangar_floor/hangar_floor.sdf
-- Symlinking: /home/nuctella/ros2_ws/ws/install/husarion_office_gz/share/husarion_office_gz/worlds//models/hangar_floor/meshes/hangar_floor.blend
-- Symlinking: /home/nuctella/ros2_ws/ws/install/husarion_office_gz/share/husarion_office_gz/worlds//models/hangar_floor/meshes/hangar_floor.blend1
-- Symlinking: /home/nuctella/ros2_ws/ws/install/husarion_office_gz/share/husarion_office_gz/worlds//models/hangar_floor/meshes/hangar_floor.dae
-- Symlinking: /home/nuctella/ros2_ws/ws/install/husarion_office_gz/share/husarion_office_gz/worlds//models/hangar_floor/meshes/hangar_floor11x21.dae
-- Symlinking: /home/nuctella/ros2_ws/ws/install/husarion_office_gz/share/husarion_office_gz/worlds//models/hangar_floor/meshes/hangar_floor_albedo.png
-- Symlinking: /home/nuctella/ros2_ws/ws/install/husarion_office_gz/share/husarion_office_gz/worlds//models/hangar_floor/meshes/textures/hangar_floor_albedo.png
-- Symlinking: /home/nuctella/ros2_ws/ws/install/husarion_office_gz/share/husarion_office_gz/worlds//models/hangar_floor/meshes/textures/hangar_floor_normal.png
-- Symlinking: /home/nuctella/ros2_ws/ws/install/husarion_office_gz/share/husarion_office_gz/worlds//models/hangar_floor/meshes/textures/hangar_floor_roughness.png
-- Symlinking: /home/nuctella/ros2_ws/ws/install/husarion_office_gz/share/husarion_office_gz/worlds//models/hangar_floor/model.config
-- Up-to-date symlink: /home/nuctella/ros2_ws/ws/install/husarion_office_gz/share/husarion_office_gz/worlds//models/pradnicka_office_L1/meshes/black_concrete.png
-- Up-to-date symlink: /home/nuctella/ros2_ws/ws/install/husarion_office_gz/share/husarion_office_gz/worlds//models/pradnicka_office_L1/meshes/floor_1.mtl
-- Up-to-date symlink: /home/nuctella/ros2_ws/ws/install/husarion_office_gz/share/husarion_office_gz/worlds//models/pradnicka_office_L1/meshes/floor_1.obj
-- Up-to-date symlink: /home/nuctella/ros2_ws/ws/install/husarion_office_gz/share/husarion_office_gz/worlds//models/pradnicka_office_L1/meshes/floor_10.mtl
-- Up-to-date symlink: /home/nuctella/ros2_ws/ws/install/husarion_office_gz/share/husarion_office_gz/worlds//models/pradnicka_office_L1/meshes/floor_10.obj
-- Up-to-date symlink: /home/nuctella/ros2_ws/ws/install/husarion_office_gz/share/husarion_office_gz/worlds//models/pradnicka_office_L1/meshes/floor_11.mtl
-- Up-to-date symlink: /home/nuctella/ros2_ws/ws/install/husarion_office_gz/share/husarion_office_gz/worlds//models/pradnicka_office_L1/meshes/floor_11.obj
-- Up-to-date symlink: /home/nuctella/ros2_ws/ws/install/husarion_office_gz/share/husarion_office_gz/worlds//models/pradnicka_office_L1/meshes/floor_12.mtl
-- Up-to-date symlink: /home/nuctella/ros2_ws/ws/install/husarion_office_gz/share/husarion_office_gz/worlds//models/pradnicka_office_L1/meshes/floor_12.obj
-- Up-to-date symlink: /home/nuctella/ros2_ws/ws/install/husarion_office_gz/share/husarion_office_gz/worlds//models/pradnicka_office_L1/meshes/floor_13.mtl
-- Up-to-date symlink: /home/nuctella/ros2_ws/ws/install/husarion_office_gz/share/husarion_office_gz/worlds//models/pradnicka_office_L1/meshes/floor_13.obj
-- Up-to-date symlink: /home/nuctella/ros2_ws/ws/install/husarion_office_gz/share/husarion_office_gz/worlds//models/pradnicka_office_L1/meshes/floor_14.mtl
-- Up-to-date symlink: /home/nuctella/ros2_ws/ws/install/husarion_office_gz/share/husarion_office_gz/worlds//models/pradnicka_office_L1/meshes/floor_14.obj
-- Up-to-date symlink: /home/nuctella/ros2_ws/ws/install/husarion_office_gz/share/husarion_office_gz/worlds//models/pradnicka_office_L1/meshes/floor_2.mtl
-- Up-to-date symlink: /home/nuctella/ros2_ws/ws/install/husarion_office_gz/share/husarion_office_gz/worlds//models/pradnicka_office_L1/meshes/floor_2.obj
-- Up-to-date symlink: /home/nuctella/ros2_ws/ws/install/husarion_office_gz/share/husarion_office_gz/worlds//models/pradnicka_office_L1/meshes/floor_3.mtl
-- Up-to-date symlink: /home/nuctella/ros2_ws/ws/install/husarion_office_gz/share/husarion_office_gz/worlds//models/pradnicka_office_L1/meshes/floor_3.obj
-- Up-to-date symlink: /home/nuctella/ros2_ws/ws/install/husarion_office_gz/share/husarion_office_gz/worlds//models/pradnicka_office_L1/meshes/floor_4.mtl
-- Up-to-date symlink: /home/nuctella/ros2_ws/ws/install/husarion_office_gz/share/husarion_office_gz/worlds//models/pradnicka_office_L1/meshes/floor_4.obj
-- Up-to-date symlink: /home/nuctella/ros2_ws/ws/install/husarion_office_gz/share/husarion_office_gz/worlds//models/pradnicka_office_L1/meshes/floor_5.mtl
-- Up-to-date symlink: /home/nuctella/ros2_ws/ws/install/husarion_office_gz/share/husarion_office_gz/worlds//models/pradnicka_office_L1/meshes/floor_5.obj
-- Up-to-date symlink: /home/nuctella/ros2_ws/ws/install/husarion_office_gz/share/husarion_office_gz/worlds//models/pradnicka_office_L1/meshes/floor_6.mtl
-- Up-to-date symlink: /home/nuctella/ros2_ws/ws/install/husarion_office_gz/share/husarion_office_gz/worlds//models/pradnicka_office_L1/meshes/floor_6.obj
-- Up-to-date symlink: /home/nuctella/ros2_ws/ws/install/husarion_office_gz/share/husarion_office_gz/worlds//models/pradnicka_office_L1/meshes/floor_7.mtl
-- Up-to-date symlink: /home/nuctella/ros2_ws/ws/install/husarion_office_gz/share/husarion_office_gz/worlds//models/pradnicka_office_L1/meshes/floor_7.obj
-- Up-to-date symlink: /home/nuctella/ros2_ws/ws/install/husarion_office_gz/share/husarion_office_gz/worlds//models/pradnicka_office_L1/meshes/floor_8.mtl
-- Up-to-date symlink: /home/nuctella/ros2_ws/ws/install/husarion_office_gz/share/husarion_office_gz/worlds//models/pradnicka_office_L1/meshes/floor_8.obj
-- Up-to-date symlink: /home/nuctella/ros2_ws/ws/install/husarion_office_gz/share/husarion_office_gz/worlds//models/pradnicka_office_L1/meshes/floor_9.mtl
-- Up-to-date symlink: /home/nuctella/ros2_ws/ws/install/husarion_office_gz/share/husarion_office_gz/worlds//models/pradnicka_office_L1/meshes/floor_9.obj
-- Up-to-date symlink: /home/nuctella/ros2_ws/ws/install/husarion_office_gz/share/husarion_office_gz/worlds//models/pradnicka_office_L1/meshes/model.material
-- Up-to-date symlink: /home/nuctella/ros2_ws/ws/install/husarion_office_gz/share/husarion_office_gz/worlds//models/pradnicka_office_L1/meshes/wall_1.mtl
-- Up-to-date symlink: /home/nuctella/ros2_ws/ws/install/husarion_office_gz/share/husarion_office_gz/worlds//models/pradnicka_office_L1/meshes/wall_1.obj
-- Up-to-date symlink: /home/nuctella/ros2_ws/ws/install/husarion_office_gz/share/husarion_office_gz/worlds//models/pradnicka_office_L1/meshes/wall_2.mtl
-- Up-to-date symlink: /home/nuctella/ros2_ws/ws/install/husarion_office_gz/share/husarion_office_gz/worlds//models/pradnicka_office_L1/meshes/wall_2.obj
-- Up-to-date symlink: /home/nuctella/ros2_ws/ws/install/husarion_office_gz/share/husarion_office_gz/worlds//models/pradnicka_office_L1/meshes/white_carpet.png
-- Up-to-date symlink: /home/nuctella/ros2_ws/ws/install/husarion_office_gz/share/husarion_office_gz/worlds//models/pradnicka_office_L1/meshes/white_tiles.png
-- Up-to-date symlink: /home/nuctella/ros2_ws/ws/install/husarion_office_gz/share/husarion_office_gz/worlds//models/pradnicka_office_L1/meshes/white_wall.png
-- Up-to-date symlink: /home/nuctella/ros2_ws/ws/install/husarion_office_gz/share/husarion_office_gz/worlds//models/pradnicka_office_L1/meshes/wood1.png
-- Up-to-date symlink: /home/nuctella/ros2_ws/ws/install/husarion_office_gz/share/husarion_office_gz/worlds//models/pradnicka_office_L1/meshes/wood2.png
-- Up-to-date symlink: /home/nuctella/ros2_ws/ws/install/husarion_office_gz/share/husarion_office_gz/worlds//models/pradnicka_office_L1/model.config
-- Up-to-date symlink: /home/nuctella/ros2_ws/ws/install/husarion_office_gz/share/husarion_office_gz/worlds//models/pradnicka_office_L1/model.sdf
-- Symlinking: /home/nuctella/ros2_ws/ws/install/husarion_office_gz/share/husarion_office_gz/worlds//models/px4vision/meshes/prop_ccw.stl
-- Symlinking: /home/nuctella/ros2_ws/ws/install/husarion_office_gz/share/husarion_office_gz/worlds//models/px4vision/meshes/prop_cw.stl
-- Symlinking: /home/nuctella/ros2_ws/ws/install/husarion_office_gz/share/husarion_office_gz/worlds//models/px4vision/meshes/px4vision.stl
-- Symlinking: /home/nuctella/ros2_ws/ws/install/husarion_office_gz/share/husarion_office_gz/worlds//models/px4vision/model.config
-- Symlinking: /home/nuctella/ros2_ws/ws/install/husarion_office_gz/share/husarion_office_gz/worlds//models/px4vision/px4vision.sdf
-- Symlinking: /home/nuctella/ros2_ws/ws/install/husarion_office_gz/share/husarion_office_gz/worlds//models/px4vision/px4vision.sdf.jinja
-- Symlinking: /home/nuctella/ros2_ws/ws/install/husarion_office_gz/share/husarion_office_gz/worlds//models/px4vision/px4vision.sdf.last_generated
-- Symlinking: /home/nuctella/ros2_ws/ws/install/husarion_office_gz/share/husarion_office_gz/worlds//models/red_ball/model.config
-- Symlinking: /home/nuctella/ros2_ws/ws/install/husarion_office_gz/share/husarion_office_gz/worlds//models/red_ball/red_ball.sdf
-- Up-to-date symlink: /home/nuctella/ros2_ws/ws/install/husarion_office_gz/share/husarion_office_gz/worlds//models/rosbot/meshes/astra.dae
-- Up-to-date symlink: /home/nuctella/ros2_ws/ws/install/husarion_office_gz/share/husarion_office_gz/worlds//models/rosbot/meshes/box.dae
-- Up-to-date symlink: /home/nuctella/ros2_ws/ws/install/husarion_office_gz/share/husarion_office_gz/worlds//models/rosbot/meshes/rplidar.dae
-- Up-to-date symlink: /home/nuctella/ros2_ws/ws/install/husarion_office_gz/share/husarion_office_gz/worlds//models/rosbot/meshes/upper.dae
-- Up-to-date symlink: /home/nuctella/ros2_ws/ws/install/husarion_office_gz/share/husarion_office_gz/worlds//models/rosbot/meshes/wheel-v2.stl
-- Up-to-date symlink: /home/nuctella/ros2_ws/ws/install/husarion_office_gz/share/husarion_office_gz/worlds//models/rosbot/meshes/wheel.dae
-- Up-to-date symlink: /home/nuctella/ros2_ws/ws/install/husarion_office_gz/share/husarion_office_gz/worlds//models/rosbot/model.config
-- Up-to-date symlink: /home/nuctella/ros2_ws/ws/install/husarion_office_gz/share/husarion_office_gz/worlds//models/rosbot/model.sdf
-- Symlinking: /home/nuctella/ros2_ws/ws/install/husarion_office_gz/share/husarion_office_gz/worlds//models/sample_course_1/materials/scripts/asphalt.material
-- Symlinking: /home/nuctella/ros2_ws/ws/install/husarion_office_gz/share/husarion_office_gz/worlds//models/sample_course_1/materials/textures/tarmac.png
-- Symlinking: /home/nuctella/ros2_ws/ws/install/husarion_office_gz/share/husarion_office_gz/worlds//models/sample_course_1/model.config
-- Symlinking: /home/nuctella/ros2_ws/ws/install/husarion_office_gz/share/husarion_office_gz/worlds//models/sample_course_1/sample_course_1.sdf
-- Symlinking: /home/nuctella/ros2_ws/ws/install/husarion_office_gz/share/husarion_office_gz/worlds//models/sample_course_1/sample_course_1.sdf.jinja
-- Symlinking: /home/nuctella/ros2_ws/ws/install/husarion_office_gz/share/husarion_office_gz/worlds//models/sample_course_1/sample_course_1.sdf.last_generated
-- Symlinking: /home/nuctella/ros2_ws/ws/install/husarion_office_gz/share/husarion_office_gz/worlds//models/sample_course_2/materials/scripts/asphalt.material
-- Symlinking: /home/nuctella/ros2_ws/ws/install/husarion_office_gz/share/husarion_office_gz/worlds//models/sample_course_2/materials/textures/tarmac.png
-- Symlinking: /home/nuctella/ros2_ws/ws/install/husarion_office_gz/share/husarion_office_gz/worlds//models/sample_course_2/model.config
-- Symlinking: /home/nuctella/ros2_ws/ws/install/husarion_office_gz/share/husarion_office_gz/worlds//models/sample_course_2/sample_course_2.sdf
-- Symlinking: /home/nuctella/ros2_ws/ws/install/husarion_office_gz/share/husarion_office_gz/worlds//models/sample_course_2/sample_course_2.sdf.jinja
-- Symlinking: /home/nuctella/ros2_ws/ws/install/husarion_office_gz/share/husarion_office_gz/worlds//models/sample_course_2/sample_course_2.sdf.last_generated
-- Symlinking: /home/nuctella/ros2_ws/ws/install/husarion_office_gz/share/husarion_office_gz/worlds//models/wall_big_long/model.config
-- Symlinking: /home/nuctella/ros2_ws/ws/install/husarion_office_gz/share/husarion_office_gz/worlds//models/wall_big_long/wall_big_long.sdf
-- Symlinking: /home/nuctella/ros2_ws/ws/install/husarion_office_gz/share/husarion_office_gz/worlds//models/wall_big_short/model.config
-- Symlinking: /home/nuctella/ros2_ws/ws/install/husarion_office_gz/share/husarion_office_gz/worlds//models/wall_big_short/wall_big_short.sdf
-- Symlinking: /home/nuctella/ros2_ws/ws/install/husarion_office_gz/share/husarion_office_gz/worlds//models/wall_obstacle/model.config
-- Symlinking: /home/nuctella/ros2_ws/ws/install/husarion_office_gz/share/husarion_office_gz/worlds//models/wall_obstacle/wall_obstacle.sdf
-- Symlinking: /home/nuctella/ros2_ws/ws/install/husarion_office_gz/share/husarion_office_gz/worlds//models/wall_small_long/model.config
-- Symlinking: /home/nuctella/ros2_ws/ws/install/husarion_office_gz/share/husarion_office_gz/worlds//models/wall_small_long/model.sdf
-- Symlinking: /home/nuctella/ros2_ws/ws/install/husarion_office_gz/share/husarion_office_gz/worlds//models/wall_small_short/model.config
-- Symlinking: /home/nuctella/ros2_ws/ws/install/husarion_office_gz/share/husarion_office_gz/worlds//models/wall_small_short/model.sdf
-- Up-to-date symlink: /home/nuctella/ros2_ws/ws/install/husarion_office_gz/share/husarion_office_gz/worlds//models/white_carpet.png
-- Up-to-date symlink: /home/nuctella/ros2_ws/ws/install/husarion_office_gz/share/husarion_office_gz/worlds//models/white_wall.png
-- Up-to-date symlink: /home/nuctella/ros2_ws/ws/install/husarion_office_gz/share/husarion_office_gz/worlds//models/wood1.png
-- Up-to-date symlink: /home/nuctella/ros2_ws/ws/install/husarion_office_gz/share/husarion_office_gz/worlds//models/wood2.png
-- Up-to-date symlink: /home/nuctella/ros2_ws/ws/install/husarion_office_gz/share/husarion_office_gz/worlds//nav2_maps/office_map.png
-- Up-to-date symlink: /home/nuctella/ros2_ws/ws/install/husarion_office_gz/share/husarion_office_gz/worlds//nav2_maps/office_map.yaml
-- Up-to-date symlink: /home/nuctella/ros2_ws/ws/install/husarion_office_gz/share/husarion_office_gz/worlds//stanza8x12.sdf
-- Up-to-date symlink: /home/nuctella/ros2_ws/ws/install/husarion_office_gz/share/ament_index/resource_index/package_run_dependencies/husarion_office_gz
-- Up-to-date symlink: /home/nuctella/ros2_ws/ws/install/husarion_office_gz/share/ament_index/resource_index/parent_prefix_path/husarion_office_gz
-- Up-to-date symlink: /home/nuctella/ros2_ws/ws/install/husarion_office_gz/share/husarion_office_gz/environment/ament_prefix_path.sh
-- Up-to-date symlink: /home/nuctella/ros2_ws/ws/install/husarion_office_gz/share/husarion_office_gz/environment/ament_prefix_path.dsv
-- Up-to-date symlink: /home/nuctella/ros2_ws/ws/install/husarion_office_gz/share/husarion_office_gz/environment/path.sh
-- Up-to-date symlink: /home/nuctella/ros2_ws/ws/install/husarion_office_gz/share/husarion_office_gz/environment/path.dsv
-- Up-to-date symlink: /home/nuctella/ros2_ws/ws/install/husarion_office_gz/share/husarion_office_gz/local_setup.bash
-- Up-to-date symlink: /home/nuctella/ros2_ws/ws/install/husarion_office_gz/share/husarion_office_gz/local_setup.sh
-- Up-to-date symlink: /home/nuctella/ros2_ws/ws/install/husarion_office_gz/share/husarion_office_gz/local_setup.zsh
-- Up-to-date symlink: /home/nuctella/ros2_ws/ws/install/husarion_office_gz/share/husarion_office_gz/local_setup.dsv
-- Symlinking: /home/nuctella/ros2_ws/ws/install/husarion_office_gz/share/husarion_office_gz/package.dsv
-- Up-to-date symlink: /home/nuctella/ros2_ws/ws/install/husarion_office_gz/share/ament_index/resource_index/packages/husarion_office_gz
-- Up-to-date symlink: /home/nuctella/ros2_ws/ws/install/husarion_office_gz/share/husarion_office_gz/cmake/husarion_office_gzConfig.cmake
-- Up-to-date symlink: /home/nuctella/ros2_ws/ws/install/husarion_office_gz/share/husarion_office_gz/cmake/husarion_office_gzConfig-version.cmake
-- Up-to-date symlink: /home/nuctella/ros2_ws/ws/install/husarion_office_gz/share/husarion_office_gz/package.xml
