[0.014s] Invoking command in '/home/nuctella/ros2_ws/ws/build/rosbot_hardware_interfaces': CMAKE_PREFIX_PATH=${CMAKE_PREFIX_PATH}:/home/nuctella/my_ros2_ws/install/rosbot_object_recognition:/opt/ros/humble /usr/bin/cmake /home/nuctella/ros2_ws/ws/src/rosbot_hardware_interfaces -DAMENT_CMAKE_SYMLINK_INSTALL=1 -DCMAKE_INSTALL_PREFIX=/home/nuctella/ros2_ws/ws/install/rosbot_hardware_interfaces
[0.098s] -- The C compiler identification is GNU 11.4.0
[0.155s] -- The CXX compiler identification is GNU 11.4.0
[0.162s] -- Detecting C compiler ABI info
[0.205s] -- Detecting C compiler ABI info - done
[0.212s] -- Check for working C compiler: /usr/bin/cc - skipped
[0.212s] -- Detecting C compile features
[0.212s] -- Detecting C compile features - done
[0.214s] -- Detecting CXX compiler ABI info
[0.262s] -- Detecting CXX compiler ABI info - done
[0.269s] -- Check for working CXX compiler: /usr/bin/c++ - skipped
[0.270s] -- Detecting CXX compile features
[0.270s] -- Detecting CXX compile features - done
[0.276s] -- Found ament_cmake: 1.3.5 (/opt/ros/humble/share/ament_cmake/cmake)
[0.532s] -- Found Python3: /usr/bin/python3.10 (found version "3.10.12") found components: Interpreter 
[0.583s] -- Override CMake install command with custom implementation using symlinks instead of copying resources
[0.628s] -- Found controller_interface: 2.30.0 (/opt/ros/humble/share/controller_interface/cmake)
[0.682s] -- Found rosidl_generator_c: 3.1.5 (/opt/ros/humble/share/rosidl_generator_c/cmake)
[0.689s] -- Found rosidl_adapter: 3.1.5 (/opt/ros/humble/share/rosidl_adapter/cmake)
[0.700s] -- Found rosidl_generator_cpp: 3.1.5 (/opt/ros/humble/share/rosidl_generator_cpp/cmake)
[0.722s] -- Using all available rosidl_typesupport_c: rosidl_typesupport_fastrtps_c;rosidl_typesupport_introspection_c
[0.739s] -- Using all available rosidl_typesupport_cpp: rosidl_typesupport_fastrtps_cpp;rosidl_typesupport_introspection_cpp
[1.228s] -- Found rmw_implementation_cmake: 6.1.1 (/opt/ros/humble/share/rmw_implementation_cmake/cmake)
[1.230s] -- Found rmw_fastrtps_cpp: 6.2.3 (/opt/ros/humble/share/rmw_fastrtps_cpp/cmake)
[1.303s] -- Found OpenSSL: /usr/lib/x86_64-linux-gnu/libcrypto.so (found version "3.0.2")  
[1.331s] -- Found FastRTPS: /opt/ros/humble/include  
[1.371s] -- Using RMW implementation 'rmw_fastrtps_cpp' as default
[1.380s] -- Looking for pthread.h
[1.426s] -- Looking for pthread.h - found
[1.426s] -- Performing Test CMAKE_HAVE_LIBC_PTHREAD
[1.472s] -- Performing Test CMAKE_HAVE_LIBC_PTHREAD - Success
[1.473s] -- Found Threads: TRUE  
[1.677s] -- Found realtime_tools: 2.5.0 (/opt/ros/humble/share/realtime_tools/cmake)
[1.896s] -- Configuring done
[1.927s] -- Generating done
[1.928s] -- Build files have been written to: /home/nuctella/ros2_ws/ws/build/rosbot_hardware_interfaces
[1.934s] Invoked command in '/home/nuctella/ros2_ws/ws/build/rosbot_hardware_interfaces' returned '0': CMAKE_PREFIX_PATH=${CMAKE_PREFIX_PATH}:/home/nuctella/my_ros2_ws/install/rosbot_object_recognition:/opt/ros/humble /usr/bin/cmake /home/nuctella/ros2_ws/ws/src/rosbot_hardware_interfaces -DAMENT_CMAKE_SYMLINK_INSTALL=1 -DCMAKE_INSTALL_PREFIX=/home/nuctella/ros2_ws/ws/install/rosbot_hardware_interfaces
[1.935s] Invoking command in '/home/nuctella/ros2_ws/ws/build/rosbot_hardware_interfaces': CMAKE_PREFIX_PATH=${CMAKE_PREFIX_PATH}:/home/nuctella/my_ros2_ws/install/rosbot_object_recognition:/opt/ros/humble /usr/bin/cmake --build /home/nuctella/ros2_ws/ws/build/rosbot_hardware_interfaces -- -j20 -l20
[1.962s] [ 33%] Building CXX object CMakeFiles/rosbot_hardware_interfaces.dir/src/rosbot_system.cpp.o
[1.962s] [ 66%] Building CXX object CMakeFiles/rosbot_hardware_interfaces.dir/src/rosbot_imu_sensor.cpp.o
[7.878s] [100%] Linking CXX shared library librosbot_hardware_interfaces.so
[8.400s] [100%] Built target rosbot_hardware_interfaces
[8.406s] Invoked command in '/home/nuctella/ros2_ws/ws/build/rosbot_hardware_interfaces' returned '0': CMAKE_PREFIX_PATH=${CMAKE_PREFIX_PATH}:/home/nuctella/my_ros2_ws/install/rosbot_object_recognition:/opt/ros/humble /usr/bin/cmake --build /home/nuctella/ros2_ws/ws/build/rosbot_hardware_interfaces -- -j20 -l20
[8.420s] Invoking command in '/home/nuctella/ros2_ws/ws/build/rosbot_hardware_interfaces': CMAKE_PREFIX_PATH=${CMAKE_PREFIX_PATH}:/home/nuctella/my_ros2_ws/install/rosbot_object_recognition:/opt/ros/humble /usr/bin/cmake --install /home/nuctella/ros2_ws/ws/build/rosbot_hardware_interfaces
[8.424s] -- Install configuration: ""
[8.425s] -- Execute custom install script
[8.425s] -- Symlinking: /home/nuctella/ros2_ws/ws/install/rosbot_hardware_interfaces/share/rosbot_hardware_interfaces//rosbot_hardware_interfaces.xml
[8.430s] -- Symlinking: /home/nuctella/ros2_ws/ws/install/rosbot_hardware_interfaces/include/rosbot_hardware_interfaces/rosbot_imu_sensor.hpp
[8.436s] -- Symlinking: /home/nuctella/ros2_ws/ws/install/rosbot_hardware_interfaces/include/rosbot_hardware_interfaces/rosbot_system.hpp
[8.441s] -- Symlinking: /home/nuctella/ros2_ws/ws/install/rosbot_hardware_interfaces/include/rosbot_hardware_interfaces/visibility_control.hpp
[8.445s] -- Symlinking: /home/nuctella/ros2_ws/ws/install/rosbot_hardware_interfaces/share/rosbot_hardware_interfaces/launch/example_diff_drive.launch.py
[8.450s] -- Symlinking: /home/nuctella/ros2_ws/ws/install/rosbot_hardware_interfaces/share/rosbot_hardware_interfaces/config/example_diff_drive_controller.yaml
[8.455s] -- Symlinking: /home/nuctella/ros2_ws/ws/install/rosbot_hardware_interfaces/share/rosbot_hardware_interfaces/urdf/ros2_control.urdf.xacro
[8.460s] -- Symlinking: /home/nuctella/ros2_ws/ws/install/rosbot_hardware_interfaces/lib/librosbot_hardware_interfaces.so
[8.466s] -- Symlinking: /home/nuctella/ros2_ws/ws/install/rosbot_hardware_interfaces/share/rosbot_hardware_interfaces/environment/library_path.sh
[8.471s] -- Symlinking: /home/nuctella/ros2_ws/ws/install/rosbot_hardware_interfaces/share/rosbot_hardware_interfaces/environment/library_path.dsv
[8.476s] -- Symlinking: /home/nuctella/ros2_ws/ws/install/rosbot_hardware_interfaces/share/ament_index/resource_index/package_run_dependencies/rosbot_hardware_interfaces
[8.481s] -- Symlinking: /home/nuctella/ros2_ws/ws/install/rosbot_hardware_interfaces/share/ament_index/resource_index/parent_prefix_path/rosbot_hardware_interfaces
[8.486s] -- Symlinking: /home/nuctella/ros2_ws/ws/install/rosbot_hardware_interfaces/share/rosbot_hardware_interfaces/environment/ament_prefix_path.sh
[8.490s] -- Symlinking: /home/nuctella/ros2_ws/ws/install/rosbot_hardware_interfaces/share/rosbot_hardware_interfaces/environment/ament_prefix_path.dsv
[8.495s] -- Symlinking: /home/nuctella/ros2_ws/ws/install/rosbot_hardware_interfaces/share/rosbot_hardware_interfaces/environment/path.sh
[8.499s] -- Symlinking: /home/nuctella/ros2_ws/ws/install/rosbot_hardware_interfaces/share/rosbot_hardware_interfaces/environment/path.dsv
[8.504s] -- Symlinking: /home/nuctella/ros2_ws/ws/install/rosbot_hardware_interfaces/share/rosbot_hardware_interfaces/local_setup.bash
[8.508s] -- Symlinking: /home/nuctella/ros2_ws/ws/install/rosbot_hardware_interfaces/share/rosbot_hardware_interfaces/local_setup.sh
[8.512s] -- Symlinking: /home/nuctella/ros2_ws/ws/install/rosbot_hardware_interfaces/share/rosbot_hardware_interfaces/local_setup.zsh
[8.516s] -- Symlinking: /home/nuctella/ros2_ws/ws/install/rosbot_hardware_interfaces/share/rosbot_hardware_interfaces/local_setup.dsv
[8.521s] -- Symlinking: /home/nuctella/ros2_ws/ws/install/rosbot_hardware_interfaces/share/rosbot_hardware_interfaces/package.dsv
[8.525s] -- Symlinking: /home/nuctella/ros2_ws/ws/install/rosbot_hardware_interfaces/share/ament_index/resource_index/packages/rosbot_hardware_interfaces
[8.530s] -- Symlinking: /home/nuctella/ros2_ws/ws/install/rosbot_hardware_interfaces/share/ament_index/resource_index/hardware_interface__pluginlib__plugin/rosbot_hardware_interfaces
[8.534s] -- Symlinking: /home/nuctella/ros2_ws/ws/install/rosbot_hardware_interfaces/share/rosbot_hardware_interfaces/cmake/ament_cmake_export_include_directories-extras.cmake
[8.541s] -- Symlinking: /home/nuctella/ros2_ws/ws/install/rosbot_hardware_interfaces/share/rosbot_hardware_interfaces/cmake/ament_cmake_export_libraries-extras.cmake
[8.545s] -- Symlinking: /home/nuctella/ros2_ws/ws/install/rosbot_hardware_interfaces/share/rosbot_hardware_interfaces/cmake/ament_cmake_export_dependencies-extras.cmake
[8.550s] -- Symlinking: /home/nuctella/ros2_ws/ws/install/rosbot_hardware_interfaces/share/rosbot_hardware_interfaces/cmake/rosbot_hardware_interfacesConfig.cmake
[8.554s] -- Symlinking: /home/nuctella/ros2_ws/ws/install/rosbot_hardware_interfaces/share/rosbot_hardware_interfaces/cmake/rosbot_hardware_interfacesConfig-version.cmake
[8.559s] -- Symlinking: /home/nuctella/ros2_ws/ws/install/rosbot_hardware_interfaces/share/rosbot_hardware_interfaces/package.xml
[8.565s] Invoked command in '/home/nuctella/ros2_ws/ws/build/rosbot_hardware_interfaces' returned '0': CMAKE_PREFIX_PATH=${CMAKE_PREFIX_PATH}:/home/nuctella/my_ros2_ws/install/rosbot_object_recognition:/opt/ros/humble /usr/bin/cmake --install /home/nuctella/ros2_ws/ws/build/rosbot_hardware_interfaces
